#
# There is insufficient memory for the Java Runtime Environment to continue.
# Native memory allocation (mmap) failed to map 27262976 bytes for Failed to commit area from 0x0000000089c00000 to 0x000000008b600000 of length 27262976.
# Possible reasons:
#   The system is out of physical RAM or swap space
#   The process is running with CompressedOops enabled, and the Java Heap may be blocking the growth of the native heap
# Possible solutions:
#   Reduce memory load on the system
#   Increase physical memory or swap space
#   Check if swap backing store is full
#   Decrease Java heap size (-Xmx/-Xms)
#   Decrease number of Java threads
#   Decrease Java thread stack sizes (-Xss)
#   Set larger code cache with -XX:ReservedCodeCacheSize=
#   JVM is running with Unscaled Compressed Oops mode in which the Java heap is
#     placed in the first 4GB address space. The Java Heap base address is the
#     maximum limit for the native heap growth. Please use -XX:HeapBaseMinAddress
#     to set the Java Heap base and to place the Java Heap above 4GB virtual address.
# This output file may be truncated or incomplete.
#
#  Out of Memory Error (./src/hotspot/os/windows/os_windows.cpp:3311), pid=15472, tid=1352
#
# JRE version: OpenJDK Runtime Environment Temurin-11.0.12+7 (11.0.12+7) (build 11.0.12+7)
# Java VM: OpenJDK 64-Bit Server VM Temurin-11.0.12+7 (11.0.12+7, mixed mode, tiered, compressed oops, g1 gc, windows-amd64)
# No core dump will be written. Minidumps are not enabled by default on client versions of Windows
#

---------------  S U M M A R Y ------------

Command Line: -Dcom.sun.management.jmxremote -Dcom.sun.management.jmxremote.port=54657 -Dcom.sun.management.jmxremote.authenticate=false -Dcom.sun.management.jmxremote.ssl=false -Djava.rmi.server.hostname=localhost -Dspring.application.admin.enabled=true -Dspring.jmx.enabled=true -Dfile.encoding=UTF-8 co.usa.alquilercomputadores.alquilercomputadores.AlquilercomputadoresApplication

Host: Intel(R) Core(TM) i5-7200U CPU @ 2.50GHz, 4 cores, 7G,  Windows 10 , 64 bit Build 19041 (10.0.19041.1)
Time: Sat Oct 16 17:37:50 2021 Hora est. Pacífico, Sudamérica elapsed time: 6.798776 seconds (0d 0h 0m 6s)

---------------  T H R E A D  ---------------

Current thread (0x000002ec209b3000):  VMThread "VM Thread" [stack: 0x000000f42b600000,0x000000f42b700000] [id=1352]

Stack: [0x000000f42b600000,0x000000f42b700000]
[error occurred during error reporting (printing stack bounds), id 0xc0000005, EXCEPTION_ACCESS_VIOLATION (0xc0000005) at pc=0x000002ec0a9b112d]

Native frames: (J=compiled Java code, j=interpreted, Vv=VM code, C=native code)
V  [jvm.dll+0x601d0a]
V  [jvm.dll+0x78ab6e]
V  [jvm.dll+0x78c23f]
V  [jvm.dll+0x78c865]
V  [jvm.dll+0x78c81b]
V  [jvm.dll+0x6011f3]
V  [jvm.dll+0x601908]
C  [ntdll.dll+0xa010f]
C  [ntdll.dll+0x4b4e4]
C  [ntdll.dll+0x9ec3e]
C  0x000002ec0a9b112d

VM_Operation (0x000000f42b0f9be0): G1CollectForAllocation, mode: safepoint, requested by thread 0x000002ec02297000


---------------  P R O C E S S  ---------------

Threads class SMR info:
_java_thread_list=0x000002ec232f43f0, length=14, elements={
0x000002ec02297000, 0x000002ec209b5800, 0x000002ec209df800, 0x000002ec21372800,
0x000002ec209ed800, 0x000002ec209ef000, 0x000002ec209f6800, 0x000002ec209fc800,
0x000002ec21384000, 0x000002ec2096d800, 0x000002ec21bc9800, 0x000002ec21bda000,
0x000002ec21cb4800, 0x000002ec22c9a800
}

Java Threads: ( => current thread )
  0x000002ec02297000 JavaThread "main" [_thread_blocked, id=6800, stack(0x000000f42b000000,0x000000f42b100000)]
  0x000002ec209b5800 JavaThread "Reference Handler" daemon [_thread_blocked, id=4788, stack(0x000000f42b700000,0x000000f42b800000)]
  0x000002ec209df800 JavaThread "Finalizer" daemon [_thread_blocked, id=7828, stack(0x000000f42b800000,0x000000f42b900000)]
  0x000002ec21372800 JavaThread "Signal Dispatcher" daemon [_thread_blocked, id=2928, stack(0x000000f42b900000,0x000000f42ba00000)]
  0x000002ec209ed800 JavaThread "Attach Listener" daemon [_thread_blocked, id=8624, stack(0x000000f42ba00000,0x000000f42bb00000)]
  0x000002ec209ef000 JavaThread "Service Thread" daemon [_thread_blocked, id=8108, stack(0x000000f42bb00000,0x000000f42bc00000)]
  0x000002ec209f6800 JavaThread "C2 CompilerThread0" daemon [_thread_blocked, id=7108, stack(0x000000f42bc00000,0x000000f42bd00000)]
  0x000002ec209fc800 JavaThread "C1 CompilerThread0" daemon [_thread_blocked, id=9916, stack(0x000000f42bd00000,0x000000f42be00000)]
  0x000002ec21384000 JavaThread "Sweeper thread" daemon [_thread_blocked, id=10860, stack(0x000000f42be00000,0x000000f42bf00000)]
  0x000002ec2096d800 JavaThread "Common-Cleaner" daemon [_thread_blocked, id=7096, stack(0x000000f42bf00000,0x000000f42c000000)]
  0x000002ec21bc9800 JavaThread "RMI TCP Accept-0" daemon [_thread_in_native, id=10620, stack(0x000000f42c000000,0x000000f42c100000)]
  0x000002ec21bda000 JavaThread "RMI TCP Accept-54657" daemon [_thread_in_native, id=7852, stack(0x000000f42c100000,0x000000f42c200000)]
  0x000002ec21cb4800 JavaThread "RMI TCP Accept-0" daemon [_thread_in_native, id=7804, stack(0x000000f42c200000,0x000000f42c300000)]
  0x000002ec22c9a800 JavaThread "C2 CompilerThread1" daemon [_thread_in_native, id=4684, stack(0x000000f42c400000,0x000000f42c500000)]

Other Threads:
=>0x000002ec209b3000 VMThread "VM Thread" [stack: 0x000000f42b600000,0x000000f42b700000] [id=1352]
  0x000002ec21c08000 WatcherThread [stack: 0x000000f42c300000,0x000000f42c400000] [id=956]
  0x000002ec022b0800 GCTaskThread "GC Thread#0" [stack: 0x000000f42b100000,0x000000f42b200000] [id=8860]
  0x000002ec21bff800 GCTaskThread "GC Thread#1" [stack: 0x000000f42c500000,0x000000f42c600000] [id=13452]
  0x000002ec21cb5000 GCTaskThread "GC Thread#2" [stack: 0x000000f42c600000,0x000000f42c700000] [id=5756]
  0x000002ec22d75000 GCTaskThread "GC Thread#3" [stack: 0x000000f42c900000,0x000000f42ca00000] [id=14248]
  0x000002ec022e6000 ConcurrentGCThread "G1 Main Marker" [stack: 0x000000f42b200000,0x000000f42b300000] [id=6704]
  0x000002ec022e8800 ConcurrentGCThread "G1 Conc#0" [stack: 0x000000f42b300000,0x000000f42b400000] [id=15120]
  0x000002ec20820800 ConcurrentGCThread "G1 Refine#0" [stack: 0x000000f42b400000,0x000000f42b500000] [id=11172]
  0x000002ec21c09800 ConcurrentGCThread "G1 Refine#1" [stack: 0x000000f42c700000,0x000000f42c800000] [id=14192]
  0x000002ec20821000 ConcurrentGCThread "G1 Young RemSet Sampling" [stack: 0x000000f42b500000,0x000000f42b600000] [id=1136]

Threads with active compile tasks:
C2 CompilerThread0   6825 3605       4       java.net.URLStreamHandler::parseURL (1201 bytes)
C2 CompilerThread1   6825 3614   !   4       java.net.URL::<init> (543 bytes)

VM state:at safepoint (normal execution)

VM Mutex/Monitor currently owned by a thread:  ([mutex/lock_event])
[0x000002ec02294fd0] Threads_lock - owner thread: 0x000002ec209b3000
[0x000002ec02294370] Heap_lock - owner thread: 0x000002ec02297000

Heap address: 0x0000000081c00000, size: 2020 MB, Compressed Oops mode: 32-bit
Narrow klass base: 0x0000000000000000, Narrow klass shift: 3
Compressed class space size: 1073741824 Address: 0x0000000100000000

Heap:
 garbage-first heap   total 157696K, used 16438K [0x0000000081c00000, 0x0000000100000000)
  region size 1024K, 7 young (7168K), 7 survivors (7168K)
 Metaspace       used 37923K, capacity 39049K, committed 39196K, reserved 1083392K
  class space    used 4412K, capacity 4871K, committed 4940K, reserved 1048576K
Heap Regions: E=young(eden), S=young(survivor), O=old, HS=humongous(starts), HC=humongous(continues), CS=collection set, F=free, A=archive, TAMS=top-at-mark-start (previous, next)
|   0|0x0000000081c00000, 0x0000000081d00000, 0x0000000081d00000|100%|HS|  |TAMS 0x0000000081d00000, 0x0000000081c00000| Complete 
|   1|0x0000000081d00000, 0x0000000081e00000, 0x0000000081e00000|100%| O|  |TAMS 0x0000000081e00000, 0x0000000081d00000| Untracked 
|   2|0x0000000081e00000, 0x0000000081f00000, 0x0000000081f00000|100%| O|  |TAMS 0x0000000081f00000, 0x0000000081e00000| Untracked 
|   3|0x0000000081f00000, 0x0000000082000000, 0x0000000082000000|100%| O|  |TAMS 0x0000000082000000, 0x0000000081f00000| Untracked 
|   4|0x0000000082000000, 0x0000000082100000, 0x0000000082100000|100%| O|  |TAMS 0x0000000082100000, 0x0000000082000000| Untracked 
|   5|0x0000000082100000, 0x0000000082200000, 0x0000000082200000|100%| O|  |TAMS 0x0000000082200000, 0x0000000082100000| Untracked 
|   6|0x0000000082200000, 0x0000000082300000, 0x0000000082300000|100%| O|  |TAMS 0x00000000822ba800, 0x0000000082200000| Untracked 
|   7|0x0000000082300000, 0x0000000082400000, 0x0000000082400000|100%| O|  |TAMS 0x0000000082300000, 0x0000000082300000| Untracked 
|   8|0x0000000082400000, 0x0000000082500000, 0x0000000082500000|100%| O|  |TAMS 0x0000000082400000, 0x0000000082400000| Untracked 
|   9|0x0000000082500000, 0x000000008253d400, 0x0000000082600000| 23%| O|  |TAMS 0x0000000082500000, 0x0000000082500000| Untracked 
|  10|0x0000000082600000, 0x0000000082600000, 0x0000000082700000|  0%| F|  |TAMS 0x0000000082600000, 0x0000000082600000| Untracked 
|  11|0x0000000082700000, 0x0000000082700000, 0x0000000082800000|  0%| F|  |TAMS 0x0000000082700000, 0x0000000082700000| Untracked 
|  12|0x0000000082800000, 0x0000000082800000, 0x0000000082900000|  0%| F|  |TAMS 0x0000000082800000, 0x0000000082800000| Untracked 
|  13|0x0000000082900000, 0x0000000082900000, 0x0000000082a00000|  0%| F|  |TAMS 0x0000000082900000, 0x0000000082900000| Untracked 
|  14|0x0000000082a00000, 0x0000000082a00000, 0x0000000082b00000|  0%| F|  |TAMS 0x0000000082a00000, 0x0000000082a00000| Untracked 
|  15|0x0000000082b00000, 0x0000000082b00000, 0x0000000082c00000|  0%| F|  |TAMS 0x0000000082b00000, 0x0000000082b00000| Untracked 
|  16|0x0000000082c00000, 0x0000000082c00000, 0x0000000082d00000|  0%| F|  |TAMS 0x0000000082c00000, 0x0000000082c00000| Untracked 
|  17|0x0000000082d00000, 0x0000000082d00000, 0x0000000082e00000|  0%| F|  |TAMS 0x0000000082d00000, 0x0000000082d00000| Untracked 
|  18|0x0000000082e00000, 0x0000000082e00000, 0x0000000082f00000|  0%| F|  |TAMS 0x0000000082e00000, 0x0000000082e00000| Untracked 
|  19|0x0000000082f00000, 0x0000000082f00000, 0x0000000083000000|  0%| F|  |TAMS 0x0000000082f00000, 0x0000000082f00000| Untracked 
|  20|0x0000000083000000, 0x0000000083000000, 0x0000000083100000|  0%| F|  |TAMS 0x0000000083000000, 0x0000000083000000| Untracked 
|  21|0x0000000083100000, 0x0000000083100000, 0x0000000083200000|  0%| F|  |TAMS 0x0000000083100000, 0x0000000083100000| Untracked 
|  22|0x0000000083200000, 0x0000000083200000, 0x0000000083300000|  0%| F|  |TAMS 0x0000000083200000, 0x0000000083200000| Untracked 
|  23|0x0000000083300000, 0x0000000083300000, 0x0000000083400000|  0%| F|  |TAMS 0x0000000083300000, 0x0000000083300000| Untracked 
|  24|0x0000000083400000, 0x0000000083400000, 0x0000000083500000|  0%| F|  |TAMS 0x0000000083400000, 0x0000000083400000| Untracked 
|  25|0x0000000083500000, 0x0000000083500000, 0x0000000083600000|  0%| F|  |TAMS 0x0000000083500000, 0x0000000083500000| Untracked 
|  26|0x0000000083600000, 0x0000000083600000, 0x0000000083700000|  0%| F|  |TAMS 0x0000000083600000, 0x0000000083600000| Untracked 
|  27|0x0000000083700000, 0x0000000083700000, 0x0000000083800000|  0%| F|  |TAMS 0x0000000083700000, 0x0000000083700000| Untracked 
|  28|0x0000000083800000, 0x0000000083800000, 0x0000000083900000|  0%| F|  |TAMS 0x0000000083800000, 0x0000000083800000| Untracked 
|  29|0x0000000083900000, 0x0000000083900000, 0x0000000083a00000|  0%| F|  |TAMS 0x0000000083900000, 0x0000000083900000| Untracked 
|  30|0x0000000083a00000, 0x0000000083a00000, 0x0000000083b00000|  0%| F|  |TAMS 0x0000000083a00000, 0x0000000083a00000| Untracked 
|  31|0x0000000083b00000, 0x0000000083b00000, 0x0000000083c00000|  0%| F|  |TAMS 0x0000000083b00000, 0x0000000083b00000| Untracked 
|  32|0x0000000083c00000, 0x0000000083c00000, 0x0000000083d00000|  0%| F|  |TAMS 0x0000000083c00000, 0x0000000083c00000| Untracked 
|  33|0x0000000083d00000, 0x0000000083d00000, 0x0000000083e00000|  0%| F|  |TAMS 0x0000000083d00000, 0x0000000083d00000| Untracked 
|  34|0x0000000083e00000, 0x0000000083e00000, 0x0000000083f00000|  0%| F|  |TAMS 0x0000000083e00000, 0x0000000083e00000| Untracked 
|  35|0x0000000083f00000, 0x0000000083f00000, 0x0000000084000000|  0%| F|  |TAMS 0x0000000083f00000, 0x0000000083f00000| Untracked 
|  36|0x0000000084000000, 0x0000000084000000, 0x0000000084100000|  0%| F|  |TAMS 0x0000000084000000, 0x0000000084000000| Untracked 
|  37|0x0000000084100000, 0x0000000084100000, 0x0000000084200000|  0%| F|  |TAMS 0x0000000084100000, 0x0000000084100000| Untracked 
|  38|0x0000000084200000, 0x0000000084200000, 0x0000000084300000|  0%| F|  |TAMS 0x0000000084200000, 0x0000000084200000| Untracked 
|  39|0x0000000084300000, 0x0000000084300000, 0x0000000084400000|  0%| F|  |TAMS 0x0000000084300000, 0x0000000084300000| Untracked 
|  40|0x0000000084400000, 0x0000000084400000, 0x0000000084500000|  0%| F|  |TAMS 0x0000000084400000, 0x0000000084400000| Untracked 
|  41|0x0000000084500000, 0x0000000084500000, 0x0000000084600000|  0%| F|  |TAMS 0x0000000084500000, 0x0000000084500000| Untracked 
|  42|0x0000000084600000, 0x0000000084600000, 0x0000000084700000|  0%| F|  |TAMS 0x0000000084600000, 0x0000000084600000| Untracked 
|  43|0x0000000084700000, 0x0000000084700000, 0x0000000084800000|  0%| F|  |TAMS 0x0000000084700000, 0x0000000084700000| Untracked 
|  44|0x0000000084800000, 0x0000000084800000, 0x0000000084900000|  0%| F|  |TAMS 0x0000000084800000, 0x0000000084800000| Untracked 
|  45|0x0000000084900000, 0x0000000084900000, 0x0000000084a00000|  0%| F|  |TAMS 0x0000000084900000, 0x0000000084900000| Untracked 
|  46|0x0000000084a00000, 0x0000000084a00000, 0x0000000084b00000|  0%| F|  |TAMS 0x0000000084a00000, 0x0000000084a00000| Untracked 
|  47|0x0000000084b00000, 0x0000000084bd06a0, 0x0000000084c00000| 81%| S|CS|TAMS 0x0000000084b00000, 0x0000000084b00000| Complete 
|  48|0x0000000084c00000, 0x0000000084d00000, 0x0000000084d00000|100%| S|CS|TAMS 0x0000000084c00000, 0x0000000084c00000| Complete 
|  49|0x0000000084d00000, 0x0000000084e00000, 0x0000000084e00000|100%| S|CS|TAMS 0x0000000084d00000, 0x0000000084d00000| Complete 
|  50|0x0000000084e00000, 0x0000000084f00000, 0x0000000084f00000|100%| S|CS|TAMS 0x0000000084e00000, 0x0000000084e00000| Complete 
|  51|0x0000000084f00000, 0x0000000085000000, 0x0000000085000000|100%| S|CS|TAMS 0x0000000084f00000, 0x0000000084f00000| Complete 
|  52|0x0000000085000000, 0x0000000085100000, 0x0000000085100000|100%| S|CS|TAMS 0x0000000085000000, 0x0000000085000000| Complete 
|  53|0x0000000085100000, 0x0000000085200000, 0x0000000085200000|100%| S|CS|TAMS 0x0000000085100000, 0x0000000085100000| Complete 
|  54|0x0000000085200000, 0x0000000085200000, 0x0000000085300000|  0%| F|  |TAMS 0x0000000085200000, 0x0000000085200000| Untracked 
|  55|0x0000000085300000, 0x0000000085300000, 0x0000000085400000|  0%| F|  |TAMS 0x0000000085300000, 0x0000000085300000| Untracked 
|  56|0x0000000085400000, 0x0000000085400000, 0x0000000085500000|  0%| F|  |TAMS 0x0000000085400000, 0x0000000085400000| Untracked 
|  57|0x0000000085500000, 0x0000000085500000, 0x0000000085600000|  0%| F|  |TAMS 0x0000000085500000, 0x0000000085500000| Untracked 
|  58|0x0000000085600000, 0x0000000085600000, 0x0000000085700000|  0%| F|  |TAMS 0x0000000085600000, 0x0000000085600000| Untracked 
|  59|0x0000000085700000, 0x0000000085700000, 0x0000000085800000|  0%| F|  |TAMS 0x0000000085700000, 0x0000000085700000| Untracked 
|  60|0x0000000085800000, 0x0000000085800000, 0x0000000085900000|  0%| F|  |TAMS 0x0000000085800000, 0x0000000085800000| Untracked 
|  61|0x0000000085900000, 0x0000000085900000, 0x0000000085a00000|  0%| F|  |TAMS 0x0000000085900000, 0x0000000085900000| Untracked 
|  62|0x0000000085a00000, 0x0000000085a00000, 0x0000000085b00000|  0%| F|  |TAMS 0x0000000085a00000, 0x0000000085a00000| Untracked 
|  63|0x0000000085b00000, 0x0000000085b00000, 0x0000000085c00000|  0%| F|  |TAMS 0x0000000085b00000, 0x0000000085b00000| Untracked 
|  64|0x0000000085c00000, 0x0000000085c00000, 0x0000000085d00000|  0%| F|  |TAMS 0x0000000085c00000, 0x0000000085c00000| Untracked 
|  65|0x0000000085d00000, 0x0000000085d00000, 0x0000000085e00000|  0%| F|  |TAMS 0x0000000085d00000, 0x0000000085d00000| Untracked 
|  66|0x0000000085e00000, 0x0000000085e00000, 0x0000000085f00000|  0%| F|  |TAMS 0x0000000085e00000, 0x0000000085e00000| Untracked 
|  67|0x0000000085f00000, 0x0000000085f00000, 0x0000000086000000|  0%| F|  |TAMS 0x0000000085f00000, 0x0000000085f00000| Untracked 
|  68|0x0000000086000000, 0x0000000086000000, 0x0000000086100000|  0%| F|  |TAMS 0x0000000086000000, 0x0000000086000000| Untracked 
|  69|0x0000000086100000, 0x0000000086100000, 0x0000000086200000|  0%| F|  |TAMS 0x0000000086100000, 0x0000000086100000| Untracked 
|  70|0x0000000086200000, 0x0000000086200000, 0x0000000086300000|  0%| F|  |TAMS 0x0000000086200000, 0x0000000086200000| Untracked 
|  71|0x0000000086300000, 0x0000000086300000, 0x0000000086400000|  0%| F|  |TAMS 0x0000000086300000, 0x0000000086300000| Untracked 
|  72|0x0000000086400000, 0x0000000086400000, 0x0000000086500000|  0%| F|  |TAMS 0x0000000086400000, 0x0000000086400000| Untracked 
|  73|0x0000000086500000, 0x0000000086500000, 0x0000000086600000|  0%| F|  |TAMS 0x0000000086500000, 0x0000000086500000| Untracked 
|  74|0x0000000086600000, 0x0000000086600000, 0x0000000086700000|  0%| F|  |TAMS 0x0000000086600000, 0x0000000086600000| Untracked 
|  75|0x0000000086700000, 0x0000000086700000, 0x0000000086800000|  0%| F|  |TAMS 0x0000000086700000, 0x0000000086700000| Untracked 
|  76|0x0000000086800000, 0x0000000086800000, 0x0000000086900000|  0%| F|  |TAMS 0x0000000086800000, 0x0000000086800000| Untracked 
|  77|0x0000000086900000, 0x0000000086900000, 0x0000000086a00000|  0%| F|  |TAMS 0x0000000086900000, 0x0000000086900000| Untracked 
|  78|0x0000000086a00000, 0x0000000086a00000, 0x0000000086b00000|  0%| F|  |TAMS 0x0000000086a00000, 0x0000000086a00000| Untracked 
|  79|0x0000000086b00000, 0x0000000086b00000, 0x0000000086c00000|  0%| F|  |TAMS 0x0000000086b00000, 0x0000000086b00000| Untracked 
|  80|0x0000000086c00000, 0x0000000086c00000, 0x0000000086d00000|  0%| F|  |TAMS 0x0000000086c00000, 0x0000000086c00000| Untracked 
|  81|0x0000000086d00000, 0x0000000086d00000, 0x0000000086e00000|  0%| F|  |TAMS 0x0000000086d00000, 0x0000000086d00000| Untracked 
|  82|0x0000000086e00000, 0x0000000086e00000, 0x0000000086f00000|  0%| F|  |TAMS 0x0000000086e00000, 0x0000000086e00000| Untracked 
|  83|0x0000000086f00000, 0x0000000086f00000, 0x0000000087000000|  0%| F|  |TAMS 0x0000000086f00000, 0x0000000086f00000| Untracked 
|  84|0x0000000087000000, 0x0000000087000000, 0x0000000087100000|  0%| F|  |TAMS 0x0000000087000000, 0x0000000087000000| Untracked 
|  85|0x0000000087100000, 0x0000000087100000, 0x0000000087200000|  0%| F|  |TAMS 0x0000000087100000, 0x0000000087100000| Untracked 
|  86|0x0000000087200000, 0x0000000087200000, 0x0000000087300000|  0%| F|  |TAMS 0x0000000087200000, 0x0000000087200000| Untracked 
|  87|0x0000000087300000, 0x0000000087300000, 0x0000000087400000|  0%| F|  |TAMS 0x0000000087300000, 0x0000000087300000| Untracked 
|  88|0x0000000087400000, 0x0000000087400000, 0x0000000087500000|  0%| F|  |TAMS 0x0000000087400000, 0x0000000087400000| Untracked 
|  89|0x0000000087500000, 0x0000000087500000, 0x0000000087600000|  0%| F|  |TAMS 0x0000000087500000, 0x0000000087500000| Untracked 
|  90|0x0000000087600000, 0x0000000087600000, 0x0000000087700000|  0%| F|  |TAMS 0x0000000087600000, 0x0000000087600000| Untracked 
|  91|0x0000000087700000, 0x0000000087700000, 0x0000000087800000|  0%| F|  |TAMS 0x0000000087700000, 0x0000000087700000| Untracked 
|  92|0x0000000087800000, 0x0000000087800000, 0x0000000087900000|  0%| F|  |TAMS 0x0000000087800000, 0x0000000087800000| Untracked 
|  93|0x0000000087900000, 0x0000000087900000, 0x0000000087a00000|  0%| F|  |TAMS 0x0000000087900000, 0x0000000087900000| Untracked 
|  94|0x0000000087a00000, 0x0000000087a00000, 0x0000000087b00000|  0%| F|  |TAMS 0x0000000087a00000, 0x0000000087a00000| Untracked 
|  95|0x0000000087b00000, 0x0000000087b00000, 0x0000000087c00000|  0%| F|  |TAMS 0x0000000087b00000, 0x0000000087b00000| Untracked 
|  96|0x0000000087c00000, 0x0000000087c00000, 0x0000000087d00000|  0%| F|  |TAMS 0x0000000087c00000, 0x0000000087c00000| Untracked 
|  97|0x0000000087d00000, 0x0000000087d00000, 0x0000000087e00000|  0%| F|  |TAMS 0x0000000087d00000, 0x0000000087d00000| Untracked 
|  98|0x0000000087e00000, 0x0000000087e00000, 0x0000000087f00000|  0%| F|  |TAMS 0x0000000087e00000, 0x0000000087e00000| Untracked 
|  99|0x0000000087f00000, 0x0000000087f00000, 0x0000000088000000|  0%| F|  |TAMS 0x0000000087f00000, 0x0000000087f00000| Untracked 
| 100|0x0000000088000000, 0x0000000088000000, 0x0000000088100000|  0%| F|  |TAMS 0x0000000088000000, 0x0000000088000000| Untracked 
| 101|0x0000000088100000, 0x0000000088100000, 0x0000000088200000|  0%| F|  |TAMS 0x0000000088100000, 0x0000000088100000| Untracked 
| 102|0x0000000088200000, 0x0000000088200000, 0x0000000088300000|  0%| F|  |TAMS 0x0000000088200000, 0x0000000088200000| Untracked 
| 103|0x0000000088300000, 0x0000000088300000, 0x0000000088400000|  0%| F|  |TAMS 0x0000000088300000, 0x0000000088300000| Untracked 
| 104|0x0000000088400000, 0x0000000088400000, 0x0000000088500000|  0%| F|  |TAMS 0x0000000088400000, 0x0000000088400000| Untracked 
| 105|0x0000000088500000, 0x0000000088500000, 0x0000000088600000|  0%| F|  |TAMS 0x0000000088500000, 0x0000000088500000| Untracked 
| 106|0x0000000088600000, 0x0000000088600000, 0x0000000088700000|  0%| F|  |TAMS 0x0000000088600000, 0x0000000088600000| Untracked 
| 107|0x0000000088700000, 0x0000000088700000, 0x0000000088800000|  0%| F|  |TAMS 0x0000000088700000, 0x0000000088700000| Untracked 
| 108|0x0000000088800000, 0x0000000088800000, 0x0000000088900000|  0%| F|  |TAMS 0x0000000088800000, 0x0000000088800000| Untracked 
| 109|0x0000000088900000, 0x0000000088900000, 0x0000000088a00000|  0%| F|  |TAMS 0x0000000088900000, 0x0000000088900000| Untracked 
| 110|0x0000000088a00000, 0x0000000088a00000, 0x0000000088b00000|  0%| F|  |TAMS 0x0000000088a00000, 0x0000000088a00000| Untracked 
| 111|0x0000000088b00000, 0x0000000088b00000, 0x0000000088c00000|  0%| F|  |TAMS 0x0000000088b00000, 0x0000000088b00000| Untracked 
| 112|0x0000000088c00000, 0x0000000088c00000, 0x0000000088d00000|  0%| F|  |TAMS 0x0000000088c00000, 0x0000000088c00000| Untracked 
| 113|0x0000000088d00000, 0x0000000088d00000, 0x0000000088e00000|  0%| F|  |TAMS 0x0000000088d00000, 0x0000000088d00000| Untracked 
| 114|0x0000000088e00000, 0x0000000088e00000, 0x0000000088f00000|  0%| F|  |TAMS 0x0000000088e00000, 0x0000000088e00000| Untracked 
| 115|0x0000000088f00000, 0x0000000088f00000, 0x0000000089000000|  0%| F|  |TAMS 0x0000000088f00000, 0x0000000088f00000| Untracked 
| 116|0x0000000089000000, 0x0000000089000000, 0x0000000089100000|  0%| F|  |TAMS 0x0000000089000000, 0x0000000089000000| Untracked 
| 117|0x0000000089100000, 0x0000000089100000, 0x0000000089200000|  0%| F|  |TAMS 0x0000000089100000, 0x0000000089100000| Untracked 
| 118|0x0000000089200000, 0x0000000089200000, 0x0000000089300000|  0%| F|  |TAMS 0x0000000089200000, 0x0000000089200000| Untracked 
| 119|0x0000000089300000, 0x0000000089300000, 0x0000000089400000|  0%| F|  |TAMS 0x0000000089300000, 0x0000000089300000| Untracked 
| 120|0x0000000089400000, 0x0000000089400000, 0x0000000089500000|  0%| F|  |TAMS 0x0000000089400000, 0x0000000089400000| Untracked 
| 121|0x0000000089500000, 0x0000000089500000, 0x0000000089600000|  0%| F|  |TAMS 0x0000000089500000, 0x0000000089500000| Untracked 
| 122|0x0000000089600000, 0x0000000089600000, 0x0000000089700000|  0%| F|  |TAMS 0x0000000089600000, 0x0000000089600000| Untracked 
| 123|0x0000000089700000, 0x0000000089700000, 0x0000000089800000|  0%| F|  |TAMS 0x0000000089700000, 0x0000000089700000| Untracked 
| 124|0x0000000089800000, 0x0000000089800000, 0x0000000089900000|  0%| F|  |TAMS 0x0000000089800000, 0x0000000089800000| Untracked 
| 125|0x0000000089900000, 0x0000000089900000, 0x0000000089a00000|  0%| F|  |TAMS 0x0000000089900000, 0x0000000089900000| Untracked 
| 126|0x0000000089a00000, 0x0000000089a00000, 0x0000000089b00000|  0%| F|  |TAMS 0x0000000089a00000, 0x0000000089a00000| Untracked 
| 127|0x0000000089b00000, 0x0000000089b00000, 0x0000000089c00000|  0%| F|  |TAMS 0x0000000089b00000, 0x0000000089b00000| Untracked 

Card table byte_map: [0x000002ec19db0000,0x000002ec1a1b0000] _byte_map_base: 0x000002ec199a2000

Marking Bits (Prev, Next): (CMBitMap*) 0x000002ec022dd458, (CMBitMap*) 0x000002ec022dd490
 Prev Bits: [0x000002ec1a5b0000, 0x000002ec1c540000)
 Next Bits: [0x000002ec1c540000, 0x000002ec1e4d0000)

Polling page: 0x000002ec00150000

Metaspace:

Usage:
  Non-class:     33.38 MB capacity,    32.73 MB ( 98%) used,   529.83 KB (  2%) free+waste,   137.56 KB ( <1%) overhead. 
      Class:      4.76 MB capacity,     4.31 MB ( 91%) used,   391.92 KB (  8%) free+waste,    66.63 KB (  1%) overhead. 
       Both:     38.13 MB capacity,    37.03 MB ( 97%) used,   921.75 KB (  2%) free+waste,   204.19 KB ( <1%) overhead. 

Virtual space:
  Non-class space:       34.00 MB reserved,      33.45 MB ( 98%) committed 
      Class space:        1.00 GB reserved,       4.82 MB ( <1%) committed 
             Both:        1.03 GB reserved,      38.28 MB (  4%) committed 

Chunk freelists:
   Non-Class:  14.00 KB
       Class:  0 bytes
        Both:  14.00 KB

MaxMetaspaceSize: 17179869184.00 GB
CompressedClassSpaceSize: 1.00 GB
Initial GC threshold: 20.80 MB
Current GC threshold: 59.00 MB
CDS: off

CodeHeap 'non-profiled nmethods': size=120064Kb used=1821Kb max_used=1821Kb free=118242Kb
 bounds [0x000002ec12470000, 0x000002ec126e0000, 0x000002ec199b0000]
CodeHeap 'profiled nmethods': size=120000Kb used=8504Kb max_used=8504Kb free=111495Kb
 bounds [0x000002ec0af40000, 0x000002ec0b790000, 0x000002ec12470000]
CodeHeap 'non-nmethods': size=5696Kb used=1220Kb max_used=1265Kb free=4475Kb
 bounds [0x000002ec0a9b0000, 0x000002ec0ac20000, 0x000002ec0af40000]
 total_blobs=4150 nmethods=3666 adapters=396
 compilation: enabled
              stopped_count=0, restarted_count=0
 full_count=0

Compilation events (20 events):
Event: 6.677 Thread 0x000002ec209fc800 3681       1       org.apache.catalina.LifecycleState::isAvailable (5 bytes)
Event: 6.677 Thread 0x000002ec209fc800 nmethod 3681 0x000002ec12636f90 code [0x000002ec12637140, 0x000002ec126371f8]
Event: 6.680 Thread 0x000002ec209fc800 3682       3       org.springframework.core.annotation.MissingMergedAnnotation::withNonMergedAttributes (2 bytes)
Event: 6.680 Thread 0x000002ec209fc800 nmethod 3682 0x000002ec0b781990 code [0x000002ec0b781b40, 0x000002ec0b781c38]
Event: 6.686 Thread 0x000002ec209fc800 3683       3       org.springframework.beans.GenericTypeAwarePropertyDescriptor::<init> (323 bytes)
Event: 6.692 Thread 0x000002ec209fc800 nmethod 3683 0x000002ec0b781d10 code [0x000002ec0b782280, 0x000002ec0b785038]
Event: 6.695 Thread 0x000002ec209fc800 3684  s    3       java.io.ExpiringCache::get (39 bytes)
Event: 6.696 Thread 0x000002ec209fc800 nmethod 3684 0x000002ec0b786110 code [0x000002ec0b7862e0, 0x000002ec0b7866d8]
Event: 6.698 Thread 0x000002ec209fc800 3685       3       org.springframework.core.annotation.AnnotationUtils::findAnnotation (99 bytes)
Event: 6.701 Thread 0x000002ec209fc800 nmethod 3685 0x000002ec0b786810 code [0x000002ec0b786c40, 0x000002ec0b7889c8]
Event: 6.708 Thread 0x000002ec209fc800 3687       3       java.util.Arrays::sort (47 bytes)
Event: 6.708 Thread 0x000002ec209fc800 nmethod 3687 0x000002ec0b789310 code [0x000002ec0b789500, 0x000002ec0b789838]
Event: 6.708 Thread 0x000002ec209fc800 3688       3       java.lang.invoke.LambdaForm$DMH/0x00000001001cdc40::invokeStatic (30 bytes)
Event: 6.709 Thread 0x000002ec209fc800 nmethod 3688 0x000002ec0b789990 code [0x000002ec0b789ba0, 0x000002ec0b78a208]
Event: 6.709 Thread 0x000002ec209fc800 3689   !   3       java.lang.invoke.InnerClassLambdaMetafactory::buildCallSite (168 bytes)
Event: 6.712 Thread 0x000002ec209fc800 nmethod 3689 0x000002ec0b78a390 code [0x000002ec0b78a880, 0x000002ec0b78cb28]
Event: 6.724 Thread 0x000002ec209fc800 3690       1       javax.management.ObjectName$Property::setKeyIndex (6 bytes)
Event: 6.724 Thread 0x000002ec209fc800 nmethod 3690 0x000002ec12637290 code [0x000002ec12637440, 0x000002ec126374f8]
Event: 6.735 Thread 0x000002ec209fc800 3691       3       java.util.LinkedHashSet::<init> (10 bytes)
Event: 6.735 Thread 0x000002ec209fc800 nmethod 3691 0x000002ec0b78db10 code [0x000002ec0b78dd20, 0x000002ec0b78e128]

GC Heap History (15 events):
Event: 1.458 GC heap before
{Heap before GC invocations=0 (full 0):
 garbage-first heap   total 131072K, used 14336K [0x0000000081c00000, 0x0000000100000000)
  region size 1024K, 14 young (14336K), 0 survivors (0K)
 Metaspace       used 12898K, capacity 13250K, committed 13440K, reserved 1060864K
  class space    used 1293K, capacity 1406K, committed 1408K, reserved 1048576K
}
Event: 1.473 GC heap after
{Heap after GC invocations=1 (full 0):
 garbage-first heap   total 131072K, used 6100K [0x0000000081c00000, 0x0000000100000000)
  region size 1024K, 2 young (2048K), 2 survivors (2048K)
 Metaspace       used 12898K, capacity 13250K, committed 13440K, reserved 1060864K
  class space    used 1293K, capacity 1406K, committed 1408K, reserved 1048576K
}
Event: 1.691 GC heap before
{Heap before GC invocations=1 (full 0):
 garbage-first heap   total 131072K, used 10196K [0x0000000081c00000, 0x0000000100000000)
  region size 1024K, 6 young (6144K), 2 survivors (2048K)
 Metaspace       used 14298K, capacity 14640K, committed 14976K, reserved 1062912K
  class space    used 1430K, capacity 1571K, committed 1664K, reserved 1048576K
}
Event: 1.696 GC heap after
{Heap after GC invocations=2 (full 0):
 garbage-first heap   total 131072K, used 6965K [0x0000000081c00000, 0x0000000100000000)
  region size 1024K, 1 young (1024K), 1 survivors (1024K)
 Metaspace       used 14298K, capacity 14640K, committed 14976K, reserved 1062912K
  class space    used 1430K, capacity 1571K, committed 1664K, reserved 1048576K
}
Event: 2.446 GC heap before
{Heap before GC invocations=2 (full 0):
 garbage-first heap   total 131072K, used 27445K [0x0000000081c00000, 0x0000000100000000)
  region size 1024K, 21 young (21504K), 1 survivors (1024K)
 Metaspace       used 18251K, capacity 18715K, committed 18816K, reserved 1067008K
  class space    used 1925K, capacity 2109K, committed 2176K, reserved 1048576K
}
Event: 2.450 GC heap after
{Heap after GC invocations=3 (full 0):
 garbage-first heap   total 131072K, used 8070K [0x0000000081c00000, 0x0000000100000000)
  region size 1024K, 2 young (2048K), 2 survivors (2048K)
 Metaspace       used 18251K, capacity 18715K, committed 18816K, reserved 1067008K
  class space    used 1925K, capacity 2109K, committed 2176K, reserved 1048576K
}
Event: 2.860 GC heap before
{Heap before GC invocations=3 (full 0):
 garbage-first heap   total 131072K, used 23430K [0x0000000081c00000, 0x0000000100000000)
  region size 1024K, 18 young (18432K), 2 survivors (2048K)
 Metaspace       used 20649K, capacity 21272K, committed 21296K, reserved 1069056K
  class space    used 2276K, capacity 2540K, committed 2560K, reserved 1048576K
}
Event: 2.865 GC heap after
{Heap after GC invocations=4 (full 0):
 garbage-first heap   total 131072K, used 8852K [0x0000000081c00000, 0x0000000100000000)
  region size 1024K, 3 young (3072K), 3 survivors (3072K)
 Metaspace       used 20649K, capacity 21272K, committed 21296K, reserved 1069056K
  class space    used 2276K, capacity 2540K, committed 2560K, reserved 1048576K
}
Event: 3.414 GC heap before
{Heap before GC invocations=5 (full 0):
 garbage-first heap   total 131072K, used 43668K [0x0000000081c00000, 0x0000000100000000)
  region size 1024K, 38 young (38912K), 3 survivors (3072K)
 Metaspace       used 26752K, capacity 27532K, committed 27776K, reserved 1073152K
  class space    used 3042K, capacity 3356K, committed 3456K, reserved 1048576K
}
Event: 3.420 GC heap after
{Heap after GC invocations=6 (full 0):
 garbage-first heap   total 131072K, used 10027K [0x0000000081c00000, 0x0000000100000000)
  region size 1024K, 4 young (4096K), 4 survivors (4096K)
 Metaspace       used 26752K, capacity 27532K, committed 27776K, reserved 1073152K
  class space    used 3042K, capacity 3356K, committed 3456K, reserved 1048576K
}
Event: 4.086 GC heap before
{Heap before GC invocations=6 (full 0):
 garbage-first heap   total 131072K, used 67371K [0x0000000081c00000, 0x0000000100000000)
  region size 1024K, 61 young (62464K), 4 survivors (4096K)
 Metaspace       used 28631K, capacity 29417K, committed 29696K, reserved 1075200K
  class space    used 3234K, capacity 3554K, committed 3584K, reserved 1048576K
}
Event: 4.095 GC heap after
{Heap after GC invocations=7 (full 0):
 garbage-first heap   total 131072K, used 11255K [0x0000000081c00000, 0x0000000100000000)
  region size 1024K, 5 young (5120K), 5 survivors (5120K)
 Metaspace       used 28631K, capacity 29417K, committed 29696K, reserved 1075200K
  class space    used 3234K, capacity 3554K, committed 3584K, reserved 1048576K
}
Event: 5.734 GC heap before
{Heap before GC invocations=7 (full 0):
 garbage-first heap   total 131072K, used 66551K [0x0000000081c00000, 0x0000000100000000)
  region size 1024K, 60 young (61440K), 5 survivors (5120K)
 Metaspace       used 34890K, capacity 35902K, committed 35920K, reserved 1081344K
  class space    used 4061K, capacity 4462K, committed 4480K, reserved 1048576K
}
Event: 5.755 GC heap after
{Heap after GC invocations=8 (full 0):
 garbage-first heap   total 131072K, used 14058K [0x0000000081c00000, 0x0000000100000000)
  region size 1024K, 7 young (7168K), 7 survivors (7168K)
 Metaspace       used 34890K, capacity 35902K, committed 35920K, reserved 1081344K
  class space    used 4061K, capacity 4462K, committed 4480K, reserved 1048576K
}
Event: 6.767 GC heap before
{Heap before GC invocations=9 (full 0):
 garbage-first heap   total 131072K, used 81642K [0x0000000081c00000, 0x0000000100000000)
  region size 1024K, 74 young (75776K), 7 survivors (7168K)
 Metaspace       used 37923K, capacity 39049K, committed 39196K, reserved 1083392K
  class space    used 4412K, capacity 4871K, committed 4940K, reserved 1048576K
}

Deoptimization events (20 events):
Event: 6.245 Thread 0x000002ec02297000 DEOPT PACKING pc=0x000002ec0b6ef291 sp=0x000000f42b0fdde0
Event: 6.245 Thread 0x000002ec02297000 DEOPT UNPACKING pc=0x000002ec0a9fa95e sp=0x000000f42b0fd2b8 mode 0
Event: 6.246 Thread 0x000002ec02297000 DEOPT PACKING pc=0x000002ec0b723d96 sp=0x000000f42b0fddb0
Event: 6.246 Thread 0x000002ec02297000 DEOPT UNPACKING pc=0x000002ec0a9fa95e sp=0x000000f42b0fd2c8 mode 0
Event: 6.268 Thread 0x000002ec02297000 DEOPT PACKING pc=0x000002ec0b6ef291 sp=0x000000f42b0fdab0
Event: 6.268 Thread 0x000002ec02297000 DEOPT UNPACKING pc=0x000002ec0a9fa95e sp=0x000000f42b0fcf88 mode 0
Event: 6.332 Thread 0x000002ec02297000 DEOPT PACKING pc=0x000002ec0b64b6b0 sp=0x000000f42b0fcf80
Event: 6.332 Thread 0x000002ec02297000 DEOPT UNPACKING pc=0x000002ec0a9fa95e sp=0x000000f42b0fc498 mode 0
Event: 6.333 Thread 0x000002ec02297000 Uncommon trap: trap_request=0xfffffff4 fr.pc=0x000002ec1256cbe8 relative=0x0000000000005e28
Event: 6.333 Thread 0x000002ec02297000 Uncommon trap: reason=null_check action=make_not_entrant pc=0x000002ec1256cbe8 method=java.net.URL.getURLStreamHandler(Ljava/lang/String;)Ljava/net/URLStreamHandler; @ 7 c2
Event: 6.333 Thread 0x000002ec02297000 DEOPT PACKING pc=0x000002ec1256cbe8 sp=0x000000f42b0fb620
Event: 6.333 Thread 0x000002ec02297000 DEOPT UNPACKING pc=0x000002ec0a9fa1af sp=0x000000f42b0fb548 mode 2
Event: 6.333 Thread 0x000002ec02297000 DEOPT PACKING pc=0x000002ec0b6ef291 sp=0x000000f42b0fd110
Event: 6.333 Thread 0x000002ec02297000 DEOPT UNPACKING pc=0x000002ec0a9fa95e sp=0x000000f42b0fc5e8 mode 0
Event: 6.511 Thread 0x000002ec02297000 DEOPT PACKING pc=0x000002ec0b733597 sp=0x000000f42b0fc540
Event: 6.511 Thread 0x000002ec02297000 DEOPT UNPACKING pc=0x000002ec0a9fa95e sp=0x000000f42b0fbae0 mode 0
Event: 6.549 Thread 0x000002ec02297000 Uncommon trap: trap_request=0xffffff4d fr.pc=0x000002ec126300b8 relative=0x0000000000000cf8
Event: 6.549 Thread 0x000002ec02297000 Uncommon trap: reason=unstable_if action=reinterpret pc=0x000002ec126300b8 method=java.util.zip.InflaterInputStream.read([BII)I @ 41 c2
Event: 6.549 Thread 0x000002ec02297000 DEOPT PACKING pc=0x000002ec126300b8 sp=0x000000f42b0fda00
Event: 6.549 Thread 0x000002ec02297000 DEOPT UNPACKING pc=0x000002ec0a9fa1af sp=0x000000f42b0fda60 mode 2

Classes redefined (0 events):
No events

Internal exceptions (20 events):
Event: 6.678 Thread 0x000002ec02297000 Exception <a 'java/lang/ClassNotFoundException'{0x0000000085443e18}: org/springframework/beans/factory/InitializingBeanCustomizer> (0x0000000085443e18) thrown at [./src/hotspot/share/classfile/systemDictionary.cpp, line 231]
Event: 6.679 Thread 0x000002ec02297000 Exception <a 'java/lang/ClassNotFoundException'{0x0000000085453530}: org/springframework/beans/factory/DisposableBeanCustomizer> (0x0000000085453530) thrown at [./src/hotspot/share/classfile/systemDictionary.cpp, line 231]
Event: 6.682 Thread 0x000002ec02297000 Exception <a 'java/lang/ClassNotFoundException'{0x0000000085478378}: java/lang/ObjectCustomizer> (0x0000000085478378) thrown at [./src/hotspot/share/classfile/systemDictionary.cpp, line 231]
Event: 6.682 Thread 0x000002ec02297000 Exception <a 'java/lang/ClassNotFoundException'{0x000000008548a6e0}: org/springframework/web/filter/GenericFilterBeanCustomizer> (0x000000008548a6e0) thrown at [./src/hotspot/share/classfile/systemDictionary.cpp, line 231]
Event: 6.683 Thread 0x000002ec02297000 Exception <a 'java/lang/ClassNotFoundException'{0x000000008549e618}: org/springframework/web/filter/OncePerRequestFilterCustomizer> (0x000000008549e618) thrown at [./src/hotspot/share/classfile/systemDictionary.cpp, line 231]
Event: 6.684 Thread 0x000002ec02297000 Exception <a 'java/lang/ClassNotFoundException'{0x00000000854afa60}: org/springframework/web/filter/CharacterEncodingFilterCustomizer> (0x00000000854afa60) thrown at [./src/hotspot/share/classfile/systemDictionary.cpp, line 231]
Event: 6.686 Thread 0x000002ec02297000 Exception <a 'java/lang/ClassNotFoundException'{0x00000000854c7fd8}: org/springframework/boot/web/servlet/filter/OrderedCharacterEncodingFilterCustomizer> (0x00000000854c7fd8) thrown at [./src/hotspot/share/classfile/systemDictionary.cpp, line 231]
Event: 6.688 Thread 0x000002ec02297000 Exception <a 'java/lang/ClassNotFoundException'{0x00000000854e1f18}: org/springframework/boot/web/servlet/filter/OrderedFilterCustomizer> (0x00000000854e1f18) thrown at [./src/hotspot/share/classfile/systemDictionary.cpp, line 231]
Event: 6.689 Thread 0x000002ec02297000 Exception <a 'java/lang/ClassNotFoundException'{0x00000000854ede38}: javax/servlet/FilterCustomizer> (0x00000000854ede38) thrown at [./src/hotspot/share/classfile/systemDictionary.cpp, line 231]
Event: 6.690 Thread 0x000002ec02297000 Exception <a 'java/lang/ClassNotFoundException'{0x00000000854fc488}: org/springframework/core/OrderedCustomizer> (0x00000000854fc488) thrown at [./src/hotspot/share/classfile/systemDictionary.cpp, line 231]
Event: 6.691 Thread 0x000002ec02297000 Exception <a 'java/lang/ClassNotFoundException'{0x0000000085309390}: javax/servlet/FilterCustomizer> (0x0000000085309390) thrown at [./src/hotspot/share/classfile/systemDictionary.cpp, line 231]
Event: 6.692 Thread 0x000002ec02297000 Exception <a 'java/lang/ClassNotFoundException'{0x00000000853191f8}: org/springframework/beans/factory/BeanNameAwareCustomizer> (0x00000000853191f8) thrown at [./src/hotspot/share/classfile/systemDictionary.cpp, line 231]
Event: 6.693 Thread 0x000002ec02297000 Exception <a 'java/lang/ClassNotFoundException'{0x0000000085327c40}: org/springframework/beans/factory/AwareCustomizer> (0x0000000085327c40) thrown at [./src/hotspot/share/classfile/systemDictionary.cpp, line 231]
Event: 6.693 Thread 0x000002ec02297000 Exception <a 'java/lang/ClassNotFoundException'{0x0000000085336500}: org/springframework/context/EnvironmentAwareCustomizer> (0x0000000085336500) thrown at [./src/hotspot/share/classfile/systemDictionary.cpp, line 231]
Event: 6.694 Thread 0x000002ec02297000 Exception <a 'java/lang/ClassNotFoundException'{0x0000000085344f38}: org/springframework/beans/factory/AwareCustomizer> (0x0000000085344f38) thrown at [./src/hotspot/share/classfile/systemDictionary.cpp, line 231]
Event: 6.694 Thread 0x000002ec02297000 Exception <a 'java/lang/ClassNotFoundException'{0x0000000085353998}: org/springframework/core/env/EnvironmentCapableCustomizer> (0x0000000085353998) thrown at [./src/hotspot/share/classfile/systemDictionary.cpp, line 231]
Event: 6.695 Thread 0x000002ec02297000 Exception <a 'java/lang/ClassNotFoundException'{0x0000000085363d58}: org/springframework/web/context/ServletContextAwareCustomizer> (0x0000000085363d58) thrown at [./src/hotspot/share/classfile/systemDictionary.cpp, line 231]
Event: 6.696 Thread 0x000002ec02297000 Exception <a 'java/lang/ClassNotFoundException'{0x00000000853727f8}: org/springframework/beans/factory/AwareCustomizer> (0x00000000853727f8) thrown at [./src/hotspot/share/classfile/systemDictionary.cpp, line 231]
Event: 6.697 Thread 0x000002ec02297000 Exception <a 'java/lang/ClassNotFoundException'{0x0000000085381f28}: org/springframework/beans/factory/InitializingBeanCustomizer> (0x0000000085381f28) thrown at [./src/hotspot/share/classfile/systemDictionary.cpp, line 231]
Event: 6.698 Thread 0x000002ec02297000 Exception <a 'java/lang/ClassNotFoundException'{0x0000000085391640}: org/springframework/beans/factory/DisposableBeanCustomizer> (0x0000000085391640) thrown at [./src/hotspot/share/classfile/systemDictionary.cpp, line 231]

Events (20 events):
Event: 6.746 loading class java/io/EOFException done
Event: 6.746 loading class org/apache/tomcat/websocket/AuthenticationException
Event: 6.746 loading class org/apache/tomcat/websocket/AuthenticationException done
Event: 6.747 loading class org/apache/tomcat/websocket/AsyncChannelWrapper
Event: 6.747 loading class org/apache/tomcat/websocket/AsyncChannelWrapper done
Event: 6.754 loading class org/apache/tomcat/websocket/WsRemoteEndpointImplBase
Event: 6.754 loading class org/apache/tomcat/websocket/WsRemoteEndpointImplBase done
Event: 6.756 loading class javax/websocket/RemoteEndpoint
Event: 6.756 loading class javax/websocket/RemoteEndpoint done
Event: 6.758 loading class org/apache/tomcat/websocket/WsRemoteEndpointImplClient
Event: 6.758 loading class org/apache/tomcat/websocket/WsRemoteEndpointImplClient done
Event: 6.759 loading class javax/websocket/EndpointConfig
Event: 6.759 loading class javax/websocket/EndpointConfig done
Event: 6.760 loading class javax/websocket/Session
Event: 6.760 loading class javax/websocket/Session done
Event: 6.762 loading class javax/websocket/HandshakeResponse
Event: 6.762 loading class javax/websocket/HandshakeResponse done
Event: 6.766 loading class org/apache/tomcat/websocket/LocalStrings
Event: 6.766 loading class org/apache/tomcat/websocket/LocalStrings done
Event: 6.767 Executing VM operation: G1CollectForAllocation


Dynamic libraries:
0x00007ff6390c0000 - 0x00007ff6390cd000 	C:\Program Files\Eclipse Foundation\jdk-11.0.12.7-hotspot\bin\java.exe
0x00007ffb52810000 - 0x00007ffb52a04000 	C:\WINDOWS\SYSTEM32\ntdll.dll
0x00007ffb51cc0000 - 0x00007ffb51d7d000 	C:\WINDOWS\System32\KERNEL32.DLL
0x00007ffb503a0000 - 0x00007ffb50667000 	C:\WINDOWS\System32\KERNELBASE.dll
0x00007ffb50770000 - 0x00007ffb50870000 	C:\WINDOWS\System32\ucrtbase.dll
0x00007ffb3d630000 - 0x00007ffb3d647000 	C:\Program Files\Eclipse Foundation\jdk-11.0.12.7-hotspot\bin\jli.dll
0x00007ffb50a30000 - 0x00007ffb50bd0000 	C:\WINDOWS\System32\USER32.dll
0x00007ffb50160000 - 0x00007ffb50182000 	C:\WINDOWS\System32\win32u.dll
0x00007ffb517c0000 - 0x00007ffb517ea000 	C:\WINDOWS\System32\GDI32.dll
0x00007ffb501e0000 - 0x00007ffb502ea000 	C:\WINDOWS\System32\gdi32full.dll
0x00007ffb50670000 - 0x00007ffb5070d000 	C:\WINDOWS\System32\msvcp_win.dll
0x00007ffb3f150000 - 0x00007ffb3f3ea000 	C:\WINDOWS\WinSxS\amd64_microsoft.windows.common-controls_6595b64144ccf1df_6.0.19041.1_none_b555e41d4684ddec\COMCTL32.dll
0x00007ffb50d30000 - 0x00007ffb50dce000 	C:\WINDOWS\System32\msvcrt.dll
0x00007ffb3d610000 - 0x00007ffb3d625000 	C:\Program Files\Eclipse Foundation\jdk-11.0.12.7-hotspot\bin\VCRUNTIME140.dll
0x00007ffb51ae0000 - 0x00007ffb51b10000 	C:\WINDOWS\System32\IMM32.DLL
0x00007ffb10580000 - 0x00007ffb1061b000 	C:\Program Files\Eclipse Foundation\jdk-11.0.12.7-hotspot\bin\msvcp140.dll
0x00007ffaf9110000 - 0x00007ffaf9c69000 	C:\Program Files\Eclipse Foundation\jdk-11.0.12.7-hotspot\bin\server\jvm.dll
0x00007ffb51860000 - 0x00007ffb5190a000 	C:\WINDOWS\System32\ADVAPI32.dll
0x00007ffb51e10000 - 0x00007ffb51eab000 	C:\WINDOWS\System32\sechost.dll
0x00007ffb51b10000 - 0x00007ffb51c33000 	C:\WINDOWS\System32\RPCRT4.dll
0x00007ffb51eb0000 - 0x00007ffb51eb8000 	C:\WINDOWS\System32\PSAPI.DLL
0x00007ffb3d5b0000 - 0x00007ffb3d5b9000 	C:\WINDOWS\SYSTEM32\WSOCK32.dll
0x00007ffb40d60000 - 0x00007ffb40d87000 	C:\WINDOWS\SYSTEM32\WINMM.dll
0x00007ffb517f0000 - 0x00007ffb5185b000 	C:\WINDOWS\System32\WS2_32.dll
0x00007ffb47770000 - 0x00007ffb4777a000 	C:\WINDOWS\SYSTEM32\VERSION.dll
0x00007ffb4e850000 - 0x00007ffb4e863000 	C:\WINDOWS\SYSTEM32\kernel.appcore.dll
0x00007ffb3d400000 - 0x00007ffb3d410000 	C:\Program Files\Eclipse Foundation\jdk-11.0.12.7-hotspot\bin\verify.dll
0x00007ffb4e580000 - 0x00007ffb4e764000 	C:\WINDOWS\SYSTEM32\DBGHELP.DLL
0x00007ffb490f0000 - 0x00007ffb4911c000 	C:\WINDOWS\SYSTEM32\dbgcore.DLL
0x00007ffb500e0000 - 0x00007ffb5015f000 	C:\WINDOWS\System32\bcryptPrimitives.dll
0x00007ffb17720000 - 0x00007ffb17748000 	C:\Program Files\Eclipse Foundation\jdk-11.0.12.7-hotspot\bin\java.dll
0x00007ffb3c7f0000 - 0x00007ffb3c7fa000 	C:\Program Files\Eclipse Foundation\jdk-11.0.12.7-hotspot\bin\jimage.dll
0x00007ffb15d20000 - 0x00007ffb15d37000 	C:\Program Files\Eclipse Foundation\jdk-11.0.12.7-hotspot\bin\zip.dll
0x00007ffb51ec0000 - 0x00007ffb525f1000 	C:\WINDOWS\System32\SHELL32.dll
0x00007ffb4dd30000 - 0x00007ffb4e4ba000 	C:\WINDOWS\SYSTEM32\windows.storage.dll
0x00007ffb51450000 - 0x00007ffb517a4000 	C:\WINDOWS\System32\combase.dll
0x00007ffb4f9d0000 - 0x00007ffb4f9fb000 	C:\WINDOWS\SYSTEM32\Wldp.dll
0x00007ffb52600000 - 0x00007ffb526ae000 	C:\WINDOWS\System32\SHCORE.dll
0x00007ffb51970000 - 0x00007ffb519c5000 	C:\WINDOWS\System32\shlwapi.dll
0x00007ffb4fe90000 - 0x00007ffb4feaf000 	C:\WINDOWS\SYSTEM32\profapi.dll
0x00007ffb15890000 - 0x00007ffb158a9000 	C:\Program Files\Eclipse Foundation\jdk-11.0.12.7-hotspot\bin\net.dll
0x00007ffb3fe80000 - 0x00007ffb3ff82000 	C:\WINDOWS\SYSTEM32\WINHTTP.dll
0x00007ffb4f750000 - 0x00007ffb4f7ba000 	C:\WINDOWS\system32\mswsock.dll
0x00007ffb15870000 - 0x00007ffb15882000 	C:\Program Files\Eclipse Foundation\jdk-11.0.12.7-hotspot\bin\nio.dll
0x00007ffb4b9a0000 - 0x00007ffb4b9a9000 	C:\Program Files\Eclipse Foundation\jdk-11.0.12.7-hotspot\bin\management.dll
0x00007ffb41420000 - 0x00007ffb4142b000 	C:\Program Files\Eclipse Foundation\jdk-11.0.12.7-hotspot\bin\management_ext.dll
0x00007ffb38ab0000 - 0x00007ffb38ac7000 	C:\WINDOWS\system32\napinsp.dll
0x00007ffb38a90000 - 0x00007ffb38aab000 	C:\WINDOWS\system32\pnrpnsp.dll
0x00007ffb37bf0000 - 0x00007ffb37c05000 	C:\WINDOWS\system32\wshbth.dll
0x00007ffb4b8e0000 - 0x00007ffb4b8fd000 	C:\WINDOWS\system32\NLAapi.dll
0x00007ffb4f3f0000 - 0x00007ffb4f42b000 	C:\WINDOWS\SYSTEM32\IPHLPAPI.DLL
0x00007ffb4f440000 - 0x00007ffb4f50a000 	C:\WINDOWS\SYSTEM32\DNSAPI.dll
0x00007ffb50bd0000 - 0x00007ffb50bd9000 	C:\WINDOWS\System32\NSI.dll
0x00007ffb37bd0000 - 0x00007ffb37be2000 	C:\WINDOWS\System32\winrnr.dll
0x00007ffb3f120000 - 0x00007ffb3f12a000 	C:\Windows\System32\rasadhlp.dll
0x00007ffb40330000 - 0x00007ffb403af000 	C:\WINDOWS\System32\fwpuclnt.dll
0x00007ffb500b0000 - 0x00007ffb500d7000 	C:\WINDOWS\System32\bcrypt.dll
0x00007ffb4f920000 - 0x00007ffb4f938000 	C:\WINDOWS\SYSTEM32\CRYPTSP.dll
0x00007ffb4f070000 - 0x00007ffb4f0a4000 	C:\WINDOWS\system32\rsaenh.dll
0x00007ffb4fe10000 - 0x00007ffb4fe3e000 	C:\WINDOWS\SYSTEM32\USERENV.dll
0x00007ffb4f940000 - 0x00007ffb4f94c000 	C:\WINDOWS\SYSTEM32\CRYPTBASE.dll
0x00007ffb41e00000 - 0x00007ffb41e17000 	C:\WINDOWS\SYSTEM32\dhcpcsvc6.DLL
0x00007ffb421d0000 - 0x00007ffb421ed000 	C:\WINDOWS\SYSTEM32\dhcpcsvc.DLL

dbghelp: loaded successfully - version: 4.0.5 - missing functions: none
symbol engine: initialized successfully - sym options: 0x614 - pdb path: .;C:\Program Files\Eclipse Foundation\jdk-11.0.12.7-hotspot\bin;C:\WINDOWS\SYSTEM32;C:\WINDOWS\WinSxS\amd64_microsoft.windows.common-controls_6595b64144ccf1df_6.0.19041.1_none_b555e41d4684ddec;C:\Program Files\Eclipse Foundation\jdk-11.0.12.7-hotspot\bin\server

VM Arguments:
jvm_args: -Dcom.sun.management.jmxremote -Dcom.sun.management.jmxremote.port=54657 -Dcom.sun.management.jmxremote.authenticate=false -Dcom.sun.management.jmxremote.ssl=false -Djava.rmi.server.hostname=localhost -Dspring.application.admin.enabled=true -Dspring.jmx.enabled=true -Dfile.encoding=UTF-8 
java_command: co.usa.alquilercomputadores.alquilercomputadores.AlquilercomputadoresApplication
java_class_path (initial): C:\Users\User\Documents\sem2\Demo2\alquilercomputadores\target\classes;C:\Users\User\.m2\repository\org\springframework\boot\spring-boot-starter-data-jpa\2.5.6-SNAPSHOT\spring-boot-starter-data-jpa-2.5.6-SNAPSHOT.jar;C:\Users\User\.m2\repository\org\springframework\boot\spring-boot-starter-aop\2.5.6-SNAPSHOT\spring-boot-starter-aop-2.5.6-SNAPSHOT.jar;C:\Users\User\.m2\repository\org\springframework\spring-aop\5.3.11-SNAPSHOT\spring-aop-5.3.11-SNAPSHOT.jar;C:\Users\User\.m2\repository\org\aspectj\aspectjweaver\1.9.7\aspectjweaver-1.9.7.jar;C:\Users\User\.m2\repository\org\springframework\boot\spring-boot-starter-jdbc\2.5.6-SNAPSHOT\spring-boot-starter-jdbc-2.5.6-SNAPSHOT.jar;C:\Users\User\.m2\repository\com\zaxxer\HikariCP\4.0.3\HikariCP-4.0.3.jar;C:\Users\User\.m2\repository\org\springframework\spring-jdbc\5.3.11-SNAPSHOT\spring-jdbc-5.3.11-SNAPSHOT.jar;C:\Users\User\.m2\repository\jakarta\transaction\jakarta.transaction-api\1.3.3\jakarta.transaction-api-1.3.3.jar;C:\Users\User\.m2\repository\jakarta\persistence\jakarta.persistence-api\2.2.3\jakarta.persistence-api-2.2.3.jar;C:\Users\User\.m2\repository\org\hibernate\hibernate-core\5.4.32.Final\hibernate-core-5.4.32.Final.jar;C:\Users\User\.m2\repository\org\jboss\logging\jboss-logging\3.4.2.Final\jboss-logging-3.4.2.Final.jar;C:\Users\User\.m2\repository\org\javassist\javassist\3.27.0-GA\javassist-3.27.0-GA.jar;C:\Users\User\.m2\repository\net\bytebuddy\byte-buddy\1.10.22\byte-buddy-1.10.22.jar;C:\Users\User\.m2\repository\antlr\antlr\2.7.7\antlr-2.7.7.jar;C:\Users\User\.m2\repository\org\jboss\jandex\2.2.3.Final\jandex-2.2.3.Final.jar;C:\Users\User\.m2\repository\com\fasterxml\classmate\1.5.1\classmate-1.5.1.jar;C:\Users\User\.m2\repository\org\dom4j\dom4j\2.1.3\dom4j-2.1.3.jar;C:\Users\User\.m2\repository\org\hibernate\common\hibernate-commons-annotations\5.1.2.Final\hibernate-commons-annotations-5.1.2.Final.jar;C:\Users\User\.m2\repository\org\glassfish\jaxb\jaxb-runtime\2.3.5\jaxb-r
Launcher Type: SUN_STANDARD

[Global flags]
     intx CICompilerCount                          = 3                                         {product} {ergonomic}
     uint ConcGCThreads                            = 1                                         {product} {ergonomic}
     uint G1ConcRefinementThreads                  = 4                                         {product} {ergonomic}
   size_t G1HeapRegionSize                         = 1048576                                   {product} {ergonomic}
    uintx GCDrainStackTargetSize                   = 64                                        {product} {ergonomic}
   size_t InitialHeapSize                          = 134217728                                 {product} {ergonomic}
     bool ManagementServer                         = true                                      {product} {command line}
   size_t MarkStackSize                            = 4194304                                   {product} {ergonomic}
   size_t MaxHeapSize                              = 2118123520                                {product} {ergonomic}
   size_t MaxNewSize                               = 1270874112                                {product} {ergonomic}
   size_t MinHeapDeltaBytes                        = 1048576                                   {product} {ergonomic}
    uintx NonNMethodCodeHeapSize                   = 5830732                                {pd product} {ergonomic}
    uintx NonProfiledCodeHeapSize                  = 122913754                              {pd product} {ergonomic}
    uintx ProfiledCodeHeapSize                     = 122913754                              {pd product} {ergonomic}
    uintx ReservedCodeCacheSize                    = 251658240                              {pd product} {ergonomic}
     bool SegmentedCodeCache                       = true                                      {product} {ergonomic}
     bool UseCompressedClassPointers               = true                                 {lp64_product} {ergonomic}
     bool UseCompressedOops                        = true                                 {lp64_product} {ergonomic}
     bool UseG1GC                                  = true                                      {product} {ergonomic}
     bool UseLargePagesIndividualAllocation        = false                                  {pd product} {ergonomic}

Logging:
Log output configuration:
 #0: stdout all=warning uptime,level,tags
 #1: stderr all=off uptime,level,tags

Environment Variables:
JAVA_HOME=C:\Program Files\Eclipse Foundation\jdk-11.0.12.7-hotspot
PATH=C:\Program Files\Eclipse Foundation\jdk-11.0.12.7-hotspot\bin;C:\ProgramData\Oracle\Java\javapath;C:\Program Files\Rockwell Software\RSCommon;C:\Program Files\ImageMagick-7.0.10-Q16-HDRI;C:\Program Files (x86)\Intel\TXE Components\TCS\;C:\Program Files\Intel\TXE Components\TCS\;C:\Windows\system32;C:\Windows;C:\Windows\System32\Wbem;C:\Windows\System32\WindowsPowerShell\v1.0\;C:\Program Files (x86)\NVIDIA Corporation\PhysX\Common;C:\Program Files\Microsoft SQL Server\130\Tools\Binn\;C:\Program Files\dotnet\;C:\Program Files\MiKTeX 2.9\miktex\bin\x64\;C:\WINDOWS\system32;C:\WINDOWS;C:\WINDOWS\System32\Wbem;C:\WINDOWS\System32\WindowsPowerShell\v1.0\;C:\WINDOWS\System32\OpenSSH\;C:\Program Files\MATLAB\R2018a\runtime\win64;C:\Program Files\MATLAB\R2018a\bin;C:\Program Files\nodejs\;C:\ProgramData\chocolatey\bin;C:\Program Files\Microsoft SQL Server\Client SDK\ODBC\130\Tools\Binn\;C:\Program Files (x86)\Microsoft SQL Server\140\Tools\Binn\;C:\Program Files\Microsoft SQL Server\140\Tools\Binn\;C:\Program Files\Microsoft SQL Server\140\DTS\Binn\;C:\Program Files (x86)\Microsoft SQL Server\150\DTS\Binn\;C:\Program Files\Git\cmd;C:\apache-maven-3.8.3\bin;C:\Program Files\Eclipse Foundation\jdk-11.0.12.7-hotspot\bin;C:\Program Files\MySQL\MySQL Shell 8.0\bin\;C:\Users\User\AppData\Local\Microsoft\WindowsApps;C:\Users\User\AppData\Local\atom\bin;C:\Users\User\AppData\Roaming\npm;C:\Users\User\AppData\Local\Microsoft\WindowsApps;C:\Users\User\AppData\Local\Programs\Microsoft VS Code\bin;C:\Program Files\Python36;C:\Program Files\Python36\Scripts;
USERNAME=User
OS=Windows_NT
PROCESSOR_IDENTIFIER=Intel64 Family 6 Model 142 Stepping 9, GenuineIntel



---------------  S Y S T E M  ---------------

OS: Windows 10 , 64 bit Build 19041 (10.0.19041.1)
OS uptime: 7 days 2:12 hours

CPU:total 4 (initial active 4) (2 cores per cpu, 2 threads per core) family 6 model 142 stepping 9 microcode 0xb4, cmov, cx8, fxsr, mmx, sse, sse2, sse3, ssse3, sse4.1, sse4.2, popcnt, avx, avx2, aes, clmul, erms, 3dnowpref, lzcnt, ht, tsc, tscinvbit, bmi1, bmi2, adx, fma

Memory: 4k page, system-wide physical 8073M (1369M free)
TotalPageFile size 8073M (AvailPageFile size 23M)
current process WorkingSet (physical memory assigned to process): 214M, peak: 216M
current process commit charge ("private bytes"): 287M, peak: 315M

vm_info: OpenJDK 64-Bit Server VM (11.0.12+7) for windows-amd64 JRE (11.0.12+7), built on Jul 21 2021 16:23:49 by "" with unknown MS VC++:1916

END.
