#
# There is insufficient memory for the Java Runtime Environment to continue.
# Native memory allocation (malloc) failed to allocate 1696496 bytes for Chunk::new
# Possible reasons:
#   The system is out of physical RAM or swap space
#   The process is running with CompressedOops enabled, and the Java Heap may be blocking the growth of the native heap
# Possible solutions:
#   Reduce memory load on the system
#   Increase physical memory or swap space
#   Check if swap backing store is full
#   Decrease Java heap size (-Xmx/-Xms)
#   Decrease number of Java threads
#   Decrease Java thread stack sizes (-Xss)
#   Set larger code cache with -XX:ReservedCodeCacheSize=
#   JVM is running with Unscaled Compressed Oops mode in which the Java heap is
#     placed in the first 4GB address space. The Java Heap base address is the
#     maximum limit for the native heap growth. Please use -XX:HeapBaseMinAddress
#     to set the Java Heap base and to place the Java Heap above 4GB virtual address.
# This output file may be truncated or incomplete.
#
#  Out of Memory Error (./src/hotspot/share/memory/arena.cpp:197), pid=7412, tid=9616
#
# JRE version: OpenJDK Runtime Environment Temurin-11.0.12+7 (11.0.12+7) (build 11.0.12+7)
# Java VM: OpenJDK 64-Bit Server VM Temurin-11.0.12+7 (11.0.12+7, mixed mode, tiered, compressed oops, g1 gc, windows-amd64)
# No core dump will be written. Minidumps are not enabled by default on client versions of Windows
#

---------------  S U M M A R Y ------------

Command Line: -Dcom.sun.management.jmxremote -Dcom.sun.management.jmxremote.port=58375 -Dcom.sun.management.jmxremote.authenticate=false -Dcom.sun.management.jmxremote.ssl=false -Djava.rmi.server.hostname=localhost -Dspring.application.admin.enabled=true -Dspring.jmx.enabled=true -Dfile.encoding=UTF-8 co.usa.alquilercomputadores.alquilercomputadores.AlquilercomputadoresApplication

Host: Intel(R) Core(TM) i5-7200U CPU @ 2.50GHz, 4 cores, 7G,  Windows 10 , 64 bit Build 19041 (10.0.19041.1)
Time: Mon Oct 25 15:30:26 2021 Hora est. Pacífico, Sudamérica elapsed time: 8.112025 seconds (0d 0h 0m 8s)

---------------  T H R E A D  ---------------

Current thread (0x0000028448378000):  JavaThread "C2 CompilerThread0" daemon [_thread_in_native, id=9616, stack(0x000000ba79900000,0x000000ba79a00000)]


Current CompileTask:
C2:   8112 3987       4       jdk.internal.loader.BuiltinClassLoader::loadClassOrNull (7 bytes)

Stack: [0x000000ba79900000,0x000000ba79a00000]
Native frames: (J=compiled Java code, j=interpreted, Vv=VM code, C=native code)
V  [jvm.dll+0x601d0a]
V  [jvm.dll+0x78ab6e]
V  [jvm.dll+0x78c23f]
V  [jvm.dll+0x78c903]
V  [jvm.dll+0x24be68]
V  [jvm.dll+0xc219c]
V  [jvm.dll+0xc275c]
V  [jvm.dll+0x354857]
V  [jvm.dll+0x19db09]
V  [jvm.dll+0x205622]
V  [jvm.dll+0x2046fd]
V  [jvm.dll+0x1898fc]
V  [jvm.dll+0x213d67]
V  [jvm.dll+0x211f2b]
V  [jvm.dll+0x74ec19]
V  [jvm.dll+0x747c84]
V  [jvm.dll+0x600ba6]
C  [ucrtbase.dll+0x21542]
C  [KERNEL32.DLL+0x16fd4]
C  [ntdll.dll+0x4cf31]


---------------  P R O C E S S  ---------------

Threads class SMR info:
_java_thread_list=0x000002844ac99940, length=19, elements={
0x0000028429c29000, 0x0000028448366000, 0x000002844835d000, 0x0000028448cf2800,
0x000002844836d800, 0x000002844836f000, 0x0000028448378000, 0x0000028448384800,
0x0000028448386800, 0x00000284482eb800, 0x00000284495da000, 0x00000284495d5000,
0x0000028449553800, 0x0000028449555800, 0x000002844dcfe000, 0x000002844dcff000,
0x000002844c3a7000, 0x000002844c3a7800, 0x000002844c3a6000
}

Java Threads: ( => current thread )
  0x0000028429c29000 JavaThread "main" [_thread_in_vm, id=4828, stack(0x000000ba78d00000,0x000000ba78e00000)]
  0x0000028448366000 JavaThread "Reference Handler" daemon [_thread_blocked, id=7552, stack(0x000000ba79400000,0x000000ba79500000)]
  0x000002844835d000 JavaThread "Finalizer" daemon [_thread_blocked, id=5524, stack(0x000000ba79500000,0x000000ba79600000)]
  0x0000028448cf2800 JavaThread "Signal Dispatcher" daemon [_thread_blocked, id=4248, stack(0x000000ba79600000,0x000000ba79700000)]
  0x000002844836d800 JavaThread "Attach Listener" daemon [_thread_blocked, id=9184, stack(0x000000ba79700000,0x000000ba79800000)]
  0x000002844836f000 JavaThread "Service Thread" daemon [_thread_blocked, id=6024, stack(0x000000ba79800000,0x000000ba79900000)]
=>0x0000028448378000 JavaThread "C2 CompilerThread0" daemon [_thread_in_native, id=9616, stack(0x000000ba79900000,0x000000ba79a00000)]
  0x0000028448384800 JavaThread "C1 CompilerThread0" daemon [_thread_blocked, id=15064, stack(0x000000ba79a00000,0x000000ba79b00000)]
  0x0000028448386800 JavaThread "Sweeper thread" daemon [_thread_blocked, id=14772, stack(0x000000ba79b00000,0x000000ba79c00000)]
  0x00000284482eb800 JavaThread "Common-Cleaner" daemon [_thread_blocked, id=11316, stack(0x000000ba79c00000,0x000000ba79d00000)]
  0x00000284495da000 JavaThread "RMI TCP Accept-0" daemon [_thread_in_native, id=13808, stack(0x000000ba79d00000,0x000000ba79e00000)]
  0x00000284495d5000 JavaThread "RMI TCP Accept-58375" daemon [_thread_in_native, id=11000, stack(0x000000ba79e00000,0x000000ba79f00000)]
  0x0000028449553800 JavaThread "RMI TCP Accept-0" daemon [_thread_in_native, id=6168, stack(0x000000ba79f00000,0x000000ba7a000000)]
  0x0000028449555800 JavaThread "C2 CompilerThread1" daemon [_thread_in_native, id=13512, stack(0x000000ba7a100000,0x000000ba7a200000)]
  0x000002844dcfe000 JavaThread "Catalina-utility-1" [_thread_blocked, id=8252, stack(0x000000ba7a400000,0x000000ba7a500000)]
  0x000002844dcff000 JavaThread "Catalina-utility-2" [_thread_blocked, id=12668, stack(0x000000ba7a600000,0x000000ba7a700000)]
  0x000002844c3a7000 JavaThread "container-0" [_thread_blocked, id=12076, stack(0x000000ba7a700000,0x000000ba7a800000)]
  0x000002844c3a7800 JavaThread "HikariPool-1 housekeeper" daemon [_thread_blocked, id=6820, stack(0x000000ba7a800000,0x000000ba7a900000)]
  0x000002844c3a6000 JavaThread "HikariPool-1 connection adder" daemon [_thread_in_vm, id=14684, stack(0x000000ba7a900000,0x000000ba7aa00000)]

Other Threads:
  0x0000028448332800 VMThread "VM Thread" [stack: 0x000000ba79300000,0x000000ba79400000] [id=14524]
  0x0000028449555000 WatcherThread [stack: 0x000000ba7a000000,0x000000ba7a100000] [id=8784]
  0x0000028429c43000 GCTaskThread "GC Thread#0" [stack: 0x000000ba78e00000,0x000000ba78f00000] [id=11764]
  0x0000028449767800 GCTaskThread "GC Thread#1" [stack: 0x000000ba7a200000,0x000000ba7a300000] [id=5840]
  0x0000028449829800 GCTaskThread "GC Thread#2" [stack: 0x000000ba7a300000,0x000000ba7a400000] [id=6880]
  0x000002844a5e3000 GCTaskThread "GC Thread#3" [stack: 0x000000ba7a500000,0x000000ba7a600000] [id=13092]
  0x0000028429c77000 ConcurrentGCThread "G1 Main Marker" [stack: 0x000000ba78f00000,0x000000ba79000000] [id=12772]
  0x0000028429c7a000 ConcurrentGCThread "G1 Conc#0" [stack: 0x000000ba79000000,0x000000ba79100000] [id=14296]
  0x00000284481a0800 ConcurrentGCThread "G1 Refine#0" [stack: 0x000000ba79100000,0x000000ba79200000] [id=7260]
  0x00000284481a1800 ConcurrentGCThread "G1 Young RemSet Sampling" [stack: 0x000000ba79200000,0x000000ba79300000] [id=14716]

Threads with active compile tasks:
C2 CompilerThread0   8154 3987       4       jdk.internal.loader.BuiltinClassLoader::loadClassOrNull (7 bytes)
C2 CompilerThread1   8154 3969   !   4       jdk.internal.loader.BuiltinClassLoader::findClassOnClassPathOrNull (64 bytes)

VM state:not at safepoint (normal execution)

VM Mutex/Monitor currently owned by a thread: None

Heap address: 0x0000000081c00000, size: 2020 MB, Compressed Oops mode: 32-bit
Narrow klass base: 0x0000000000000000, Narrow klass shift: 3
Compressed class space size: 1073741824 Address: 0x0000000100000000

Heap:
 garbage-first heap   total 157696K, used 72701K [0x0000000081c00000, 0x0000000100000000)
  region size 1024K, 64 young (65536K), 8 survivors (8192K)
 Metaspace       used 48851K, capacity 50128K, committed 50332K, reserved 1093632K
  class space    used 5951K, capacity 6466K, committed 6604K, reserved 1048576K
Heap Regions: E=young(eden), S=young(survivor), O=old, HS=humongous(starts), HC=humongous(continues), CS=collection set, F=free, A=archive, TAMS=top-at-mark-start (previous, next)
|   0|0x0000000081c00000, 0x0000000081d00000, 0x0000000081d00000|100%|HS|  |TAMS 0x0000000081d00000, 0x0000000081c00000| Complete 
|   1|0x0000000081d00000, 0x0000000081e00000, 0x0000000081e00000|100%| O|  |TAMS 0x0000000081e00000, 0x0000000081d00000| Untracked 
|   2|0x0000000081e00000, 0x0000000081f00000, 0x0000000081f00000|100%| O|  |TAMS 0x0000000081f00000, 0x0000000081e00000| Untracked 
|   3|0x0000000081f00000, 0x0000000082000000, 0x0000000082000000|100%| O|  |TAMS 0x0000000082000000, 0x0000000081f00000| Untracked 
|   4|0x0000000082000000, 0x0000000082100000, 0x0000000082100000|100%| O|  |TAMS 0x0000000082100000, 0x0000000082000000| Untracked 
|   5|0x0000000082100000, 0x0000000082200000, 0x0000000082200000|100%| O|  |TAMS 0x0000000082200000, 0x0000000082100000| Untracked 
|   6|0x0000000082200000, 0x0000000082300000, 0x0000000082300000|100%| O|  |TAMS 0x000000008221b600, 0x0000000082200000| Untracked 
|   7|0x0000000082300000, 0x0000000082400000, 0x0000000082400000|100%| O|  |TAMS 0x0000000082300000, 0x0000000082300000| Untracked 
|   8|0x0000000082400000, 0x000000008241ec00, 0x0000000082500000| 12%| O|  |TAMS 0x0000000082400000, 0x0000000082400000| Untracked 
|   9|0x0000000082500000, 0x0000000082500000, 0x0000000082600000|  0%| F|  |TAMS 0x0000000082500000, 0x0000000082500000| Untracked 
|  10|0x0000000082600000, 0x0000000082600000, 0x0000000082700000|  0%| F|  |TAMS 0x0000000082600000, 0x0000000082600000| Untracked 
|  11|0x0000000082700000, 0x0000000082700000, 0x0000000082800000|  0%| F|  |TAMS 0x0000000082700000, 0x0000000082700000| Untracked 
|  12|0x0000000082800000, 0x0000000082800000, 0x0000000082900000|  0%| F|  |TAMS 0x0000000082800000, 0x0000000082800000| Untracked 
|  13|0x0000000082900000, 0x0000000082900000, 0x0000000082a00000|  0%| F|  |TAMS 0x0000000082900000, 0x0000000082900000| Untracked 
|  14|0x0000000082a00000, 0x0000000082a00000, 0x0000000082b00000|  0%| F|  |TAMS 0x0000000082a00000, 0x0000000082a00000| Untracked 
|  15|0x0000000082b00000, 0x0000000082b00000, 0x0000000082c00000|  0%| F|  |TAMS 0x0000000082b00000, 0x0000000082b00000| Untracked 
|  16|0x0000000082c00000, 0x0000000082c00000, 0x0000000082d00000|  0%| F|  |TAMS 0x0000000082c00000, 0x0000000082c00000| Untracked 
|  17|0x0000000082d00000, 0x0000000082d00000, 0x0000000082e00000|  0%| F|  |TAMS 0x0000000082d00000, 0x0000000082d00000| Untracked 
|  18|0x0000000082e00000, 0x0000000082e00000, 0x0000000082f00000|  0%| F|  |TAMS 0x0000000082e00000, 0x0000000082e00000| Untracked 
|  19|0x0000000082f00000, 0x0000000082f00000, 0x0000000083000000|  0%| F|  |TAMS 0x0000000082f00000, 0x0000000082f00000| Untracked 
|  20|0x0000000083000000, 0x0000000083000000, 0x0000000083100000|  0%| F|  |TAMS 0x0000000083000000, 0x0000000083000000| Untracked 
|  21|0x0000000083100000, 0x0000000083100000, 0x0000000083200000|  0%| F|  |TAMS 0x0000000083100000, 0x0000000083100000| Untracked 
|  22|0x0000000083200000, 0x0000000083200000, 0x0000000083300000|  0%| F|  |TAMS 0x0000000083200000, 0x0000000083200000| Untracked 
|  23|0x0000000083300000, 0x0000000083300000, 0x0000000083400000|  0%| F|  |TAMS 0x0000000083300000, 0x0000000083300000| Untracked 
|  24|0x0000000083400000, 0x0000000083400000, 0x0000000083500000|  0%| F|  |TAMS 0x0000000083400000, 0x0000000083400000| Untracked 
|  25|0x0000000083500000, 0x0000000083500000, 0x0000000083600000|  0%| F|  |TAMS 0x0000000083500000, 0x0000000083500000| Untracked 
|  26|0x0000000083600000, 0x0000000083600000, 0x0000000083700000|  0%| F|  |TAMS 0x0000000083600000, 0x0000000083600000| Untracked 
|  27|0x0000000083700000, 0x0000000083700000, 0x0000000083800000|  0%| F|  |TAMS 0x0000000083700000, 0x0000000083700000| Untracked 
|  28|0x0000000083800000, 0x0000000083800000, 0x0000000083900000|  0%| F|  |TAMS 0x0000000083800000, 0x0000000083800000| Untracked 
|  29|0x0000000083900000, 0x0000000083900000, 0x0000000083a00000|  0%| F|  |TAMS 0x0000000083900000, 0x0000000083900000| Untracked 
|  30|0x0000000083a00000, 0x0000000083a00000, 0x0000000083b00000|  0%| F|  |TAMS 0x0000000083a00000, 0x0000000083a00000| Untracked 
|  31|0x0000000083b00000, 0x0000000083b00000, 0x0000000083c00000|  0%| F|  |TAMS 0x0000000083b00000, 0x0000000083b00000| Untracked 
|  32|0x0000000083c00000, 0x0000000083c00000, 0x0000000083d00000|  0%| F|  |TAMS 0x0000000083c00000, 0x0000000083c00000| Untracked 
|  33|0x0000000083d00000, 0x0000000083d00000, 0x0000000083e00000|  0%| F|  |TAMS 0x0000000083d00000, 0x0000000083d00000| Untracked 
|  34|0x0000000083e00000, 0x0000000083e00000, 0x0000000083f00000|  0%| F|  |TAMS 0x0000000083e00000, 0x0000000083e00000| Untracked 
|  35|0x0000000083f00000, 0x0000000083f00000, 0x0000000084000000|  0%| F|  |TAMS 0x0000000083f00000, 0x0000000083f00000| Untracked 
|  36|0x0000000084000000, 0x0000000084000000, 0x0000000084100000|  0%| F|  |TAMS 0x0000000084000000, 0x0000000084000000| Untracked 
|  37|0x0000000084100000, 0x0000000084100000, 0x0000000084200000|  0%| F|  |TAMS 0x0000000084100000, 0x0000000084100000| Untracked 
|  38|0x0000000084200000, 0x0000000084200000, 0x0000000084300000|  0%| F|  |TAMS 0x0000000084200000, 0x0000000084200000| Untracked 
|  39|0x0000000084300000, 0x0000000084300000, 0x0000000084400000|  0%| F|  |TAMS 0x0000000084300000, 0x0000000084300000| Untracked 
|  40|0x0000000084400000, 0x0000000084400000, 0x0000000084500000|  0%| F|  |TAMS 0x0000000084400000, 0x0000000084400000| Untracked 
|  41|0x0000000084500000, 0x0000000084500000, 0x0000000084600000|  0%| F|  |TAMS 0x0000000084500000, 0x0000000084500000| Untracked 
|  42|0x0000000084600000, 0x0000000084600000, 0x0000000084700000|  0%| F|  |TAMS 0x0000000084600000, 0x0000000084600000| Untracked 
|  43|0x0000000084700000, 0x0000000084700000, 0x0000000084800000|  0%| F|  |TAMS 0x0000000084700000, 0x0000000084700000| Untracked 
|  44|0x0000000084800000, 0x0000000084800000, 0x0000000084900000|  0%| F|  |TAMS 0x0000000084800000, 0x0000000084800000| Untracked 
|  45|0x0000000084900000, 0x0000000084900000, 0x0000000084a00000|  0%| F|  |TAMS 0x0000000084900000, 0x0000000084900000| Untracked 
|  46|0x0000000084a00000, 0x0000000084a00000, 0x0000000084b00000|  0%| F|  |TAMS 0x0000000084a00000, 0x0000000084a00000| Untracked 
|  47|0x0000000084b00000, 0x0000000084b00000, 0x0000000084c00000|  0%| F|  |TAMS 0x0000000084b00000, 0x0000000084b00000| Untracked 
|  48|0x0000000084c00000, 0x0000000084c00000, 0x0000000084d00000|  0%| F|  |TAMS 0x0000000084c00000, 0x0000000084c00000| Untracked 
|  49|0x0000000084d00000, 0x0000000084d00000, 0x0000000084e00000|  0%| F|  |TAMS 0x0000000084d00000, 0x0000000084d00000| Untracked 
|  50|0x0000000084e00000, 0x0000000084e00000, 0x0000000084f00000|  0%| F|  |TAMS 0x0000000084e00000, 0x0000000084e00000| Untracked 
|  51|0x0000000084f00000, 0x0000000084f00000, 0x0000000085000000|  0%| F|  |TAMS 0x0000000084f00000, 0x0000000084f00000| Untracked 
|  52|0x0000000085000000, 0x0000000085000000, 0x0000000085100000|  0%| F|  |TAMS 0x0000000085000000, 0x0000000085000000| Untracked 
|  53|0x0000000085100000, 0x0000000085100000, 0x0000000085200000|  0%| F|  |TAMS 0x0000000085100000, 0x0000000085100000| Untracked 
|  54|0x0000000085200000, 0x0000000085200000, 0x0000000085300000|  0%| F|  |TAMS 0x0000000085200000, 0x0000000085200000| Untracked 
|  55|0x0000000085300000, 0x0000000085300000, 0x0000000085400000|  0%| F|  |TAMS 0x0000000085300000, 0x0000000085300000| Untracked 
|  56|0x0000000085400000, 0x0000000085400000, 0x0000000085500000|  0%| F|  |TAMS 0x0000000085400000, 0x0000000085400000| Untracked 
|  57|0x0000000085500000, 0x0000000085500000, 0x0000000085600000|  0%| F|  |TAMS 0x0000000085500000, 0x0000000085500000| Untracked 
|  58|0x0000000085600000, 0x0000000085600000, 0x0000000085700000|  0%| F|  |TAMS 0x0000000085600000, 0x0000000085600000| Untracked 
|  59|0x0000000085700000, 0x0000000085700000, 0x0000000085800000|  0%| F|  |TAMS 0x0000000085700000, 0x0000000085700000| Untracked 
|  60|0x0000000085800000, 0x0000000085800000, 0x0000000085900000|  0%| F|  |TAMS 0x0000000085800000, 0x0000000085800000| Untracked 
|  61|0x0000000085900000, 0x0000000085900000, 0x0000000085a00000|  0%| F|  |TAMS 0x0000000085900000, 0x0000000085900000| Untracked 
|  62|0x0000000085a00000, 0x0000000085a00000, 0x0000000085b00000|  0%| F|  |TAMS 0x0000000085a00000, 0x0000000085a00000| Untracked 
|  63|0x0000000085b00000, 0x0000000085be08f0, 0x0000000085c00000| 87%| S|CS|TAMS 0x0000000085b00000, 0x0000000085b00000| Complete 
|  64|0x0000000085c00000, 0x0000000085d00000, 0x0000000085d00000|100%| S|CS|TAMS 0x0000000085c00000, 0x0000000085c00000| Complete 
|  65|0x0000000085d00000, 0x0000000085e00000, 0x0000000085e00000|100%| S|CS|TAMS 0x0000000085d00000, 0x0000000085d00000| Complete 
|  66|0x0000000085e00000, 0x0000000085f00000, 0x0000000085f00000|100%| S|CS|TAMS 0x0000000085e00000, 0x0000000085e00000| Complete 
|  67|0x0000000085f00000, 0x0000000086000000, 0x0000000086000000|100%| S|CS|TAMS 0x0000000085f00000, 0x0000000085f00000| Complete 
|  68|0x0000000086000000, 0x0000000086100000, 0x0000000086100000|100%| S|CS|TAMS 0x0000000086000000, 0x0000000086000000| Complete 
|  69|0x0000000086100000, 0x0000000086200000, 0x0000000086200000|100%| S|CS|TAMS 0x0000000086100000, 0x0000000086100000| Complete 
|  70|0x0000000086200000, 0x0000000086300000, 0x0000000086300000|100%| S|CS|TAMS 0x0000000086200000, 0x0000000086200000| Complete 
|  71|0x0000000086300000, 0x0000000086300000, 0x0000000086400000|  0%| F|  |TAMS 0x0000000086300000, 0x0000000086300000| Untracked 
|  72|0x0000000086400000, 0x0000000086400000, 0x0000000086500000|  0%| F|  |TAMS 0x0000000086400000, 0x0000000086400000| Untracked 
|  73|0x0000000086500000, 0x0000000086500000, 0x0000000086600000|  0%| F|  |TAMS 0x0000000086500000, 0x0000000086500000| Untracked 
|  74|0x0000000086600000, 0x0000000086600000, 0x0000000086700000|  0%| F|  |TAMS 0x0000000086600000, 0x0000000086600000| Untracked 
|  75|0x0000000086700000, 0x0000000086700000, 0x0000000086800000|  0%| F|  |TAMS 0x0000000086700000, 0x0000000086700000| Untracked 
|  76|0x0000000086800000, 0x0000000086800000, 0x0000000086900000|  0%| F|  |TAMS 0x0000000086800000, 0x0000000086800000| Untracked 
|  77|0x0000000086900000, 0x0000000086900000, 0x0000000086a00000|  0%| F|  |TAMS 0x0000000086900000, 0x0000000086900000| Untracked 
|  78|0x0000000086a00000, 0x0000000086a00000, 0x0000000086b00000|  0%| F|  |TAMS 0x0000000086a00000, 0x0000000086a00000| Untracked 
|  79|0x0000000086b00000, 0x0000000086b00000, 0x0000000086c00000|  0%| F|  |TAMS 0x0000000086b00000, 0x0000000086b00000| Untracked 
|  80|0x0000000086c00000, 0x0000000086c00000, 0x0000000086d00000|  0%| F|  |TAMS 0x0000000086c00000, 0x0000000086c00000| Untracked 
|  81|0x0000000086d00000, 0x0000000086d00000, 0x0000000086e00000|  0%| F|  |TAMS 0x0000000086d00000, 0x0000000086d00000| Untracked 
|  82|0x0000000086e00000, 0x0000000086e00000, 0x0000000086f00000|  0%| F|  |TAMS 0x0000000086e00000, 0x0000000086e00000| Untracked 
|  83|0x0000000086f00000, 0x0000000086f00000, 0x0000000087000000|  0%| F|  |TAMS 0x0000000086f00000, 0x0000000086f00000| Untracked 
|  84|0x0000000087000000, 0x0000000087000000, 0x0000000087100000|  0%| F|  |TAMS 0x0000000087000000, 0x0000000087000000| Untracked 
|  85|0x0000000087100000, 0x0000000087100000, 0x0000000087200000|  0%| F|  |TAMS 0x0000000087100000, 0x0000000087100000| Untracked 
|  86|0x0000000087200000, 0x0000000087200000, 0x0000000087300000|  0%| F|  |TAMS 0x0000000087200000, 0x0000000087200000| Untracked 
|  87|0x0000000087300000, 0x0000000087300000, 0x0000000087400000|  0%| F|  |TAMS 0x0000000087300000, 0x0000000087300000| Untracked 
|  88|0x0000000087400000, 0x0000000087400000, 0x0000000087500000|  0%| F|  |TAMS 0x0000000087400000, 0x0000000087400000| Untracked 
|  89|0x0000000087500000, 0x0000000087500000, 0x0000000087600000|  0%| F|  |TAMS 0x0000000087500000, 0x0000000087500000| Untracked 
|  90|0x0000000087600000, 0x0000000087600000, 0x0000000087700000|  0%| F|  |TAMS 0x0000000087600000, 0x0000000087600000| Untracked 
|  91|0x0000000087700000, 0x0000000087700000, 0x0000000087800000|  0%| F|  |TAMS 0x0000000087700000, 0x0000000087700000| Untracked 
|  92|0x0000000087800000, 0x0000000087800000, 0x0000000087900000|  0%| F|  |TAMS 0x0000000087800000, 0x0000000087800000| Untracked 
|  93|0x0000000087900000, 0x0000000087900000, 0x0000000087a00000|  0%| F|  |TAMS 0x0000000087900000, 0x0000000087900000| Untracked 
|  94|0x0000000087a00000, 0x0000000087a00000, 0x0000000087b00000|  0%| F|  |TAMS 0x0000000087a00000, 0x0000000087a00000| Untracked 
|  95|0x0000000087b00000, 0x0000000087b00000, 0x0000000087c00000|  0%| F|  |TAMS 0x0000000087b00000, 0x0000000087b00000| Untracked 
|  96|0x0000000087c00000, 0x0000000087c00000, 0x0000000087d00000|  0%| F|  |TAMS 0x0000000087c00000, 0x0000000087c00000| Untracked 
|  97|0x0000000087d00000, 0x0000000087d00000, 0x0000000087e00000|  0%| F|  |TAMS 0x0000000087d00000, 0x0000000087d00000| Untracked 
|  98|0x0000000087e00000, 0x0000000087e80800, 0x0000000087f00000| 50%| E|  |TAMS 0x0000000087e00000, 0x0000000087e00000| Complete 
|  99|0x0000000087f00000, 0x0000000088000000, 0x0000000088000000|100%| E|CS|TAMS 0x0000000087f00000, 0x0000000087f00000| Complete 
| 100|0x0000000088000000, 0x0000000088100000, 0x0000000088100000|100%| E|CS|TAMS 0x0000000088000000, 0x0000000088000000| Complete 
| 101|0x0000000088100000, 0x0000000088200000, 0x0000000088200000|100%| E|CS|TAMS 0x0000000088100000, 0x0000000088100000| Complete 
| 102|0x0000000088200000, 0x0000000088300000, 0x0000000088300000|100%| E|CS|TAMS 0x0000000088200000, 0x0000000088200000| Complete 
| 103|0x0000000088300000, 0x0000000088400000, 0x0000000088400000|100%| E|CS|TAMS 0x0000000088300000, 0x0000000088300000| Complete 
| 104|0x0000000088400000, 0x0000000088500000, 0x0000000088500000|100%| E|CS|TAMS 0x0000000088400000, 0x0000000088400000| Complete 
| 105|0x0000000088500000, 0x0000000088600000, 0x0000000088600000|100%| E|CS|TAMS 0x0000000088500000, 0x0000000088500000| Complete 
| 106|0x0000000088600000, 0x0000000088700000, 0x0000000088700000|100%| E|CS|TAMS 0x0000000088600000, 0x0000000088600000| Complete 
| 107|0x0000000088700000, 0x0000000088800000, 0x0000000088800000|100%| E|CS|TAMS 0x0000000088700000, 0x0000000088700000| Complete 
| 108|0x0000000088800000, 0x0000000088900000, 0x0000000088900000|100%| E|CS|TAMS 0x0000000088800000, 0x0000000088800000| Complete 
| 109|0x0000000088900000, 0x0000000088a00000, 0x0000000088a00000|100%| E|CS|TAMS 0x0000000088900000, 0x0000000088900000| Complete 
| 110|0x0000000088a00000, 0x0000000088b00000, 0x0000000088b00000|100%| E|CS|TAMS 0x0000000088a00000, 0x0000000088a00000| Complete 
| 111|0x0000000088b00000, 0x0000000088c00000, 0x0000000088c00000|100%| E|CS|TAMS 0x0000000088b00000, 0x0000000088b00000| Complete 
| 112|0x0000000088c00000, 0x0000000088d00000, 0x0000000088d00000|100%| E|CS|TAMS 0x0000000088c00000, 0x0000000088c00000| Complete 
| 113|0x0000000088d00000, 0x0000000088e00000, 0x0000000088e00000|100%| E|CS|TAMS 0x0000000088d00000, 0x0000000088d00000| Complete 
| 114|0x0000000088e00000, 0x0000000088f00000, 0x0000000088f00000|100%| E|CS|TAMS 0x0000000088e00000, 0x0000000088e00000| Complete 
| 115|0x0000000088f00000, 0x0000000089000000, 0x0000000089000000|100%| E|CS|TAMS 0x0000000088f00000, 0x0000000088f00000| Complete 
| 116|0x0000000089000000, 0x0000000089100000, 0x0000000089100000|100%| E|CS|TAMS 0x0000000089000000, 0x0000000089000000| Complete 
| 117|0x0000000089100000, 0x0000000089200000, 0x0000000089200000|100%| E|CS|TAMS 0x0000000089100000, 0x0000000089100000| Complete 
| 118|0x0000000089200000, 0x0000000089300000, 0x0000000089300000|100%| E|CS|TAMS 0x0000000089200000, 0x0000000089200000| Complete 
| 119|0x0000000089300000, 0x0000000089400000, 0x0000000089400000|100%| E|CS|TAMS 0x0000000089300000, 0x0000000089300000| Complete 
| 120|0x0000000089400000, 0x0000000089500000, 0x0000000089500000|100%| E|CS|TAMS 0x0000000089400000, 0x0000000089400000| Complete 
| 121|0x0000000089500000, 0x0000000089600000, 0x0000000089600000|100%| E|CS|TAMS 0x0000000089500000, 0x0000000089500000| Complete 
| 122|0x0000000089600000, 0x0000000089700000, 0x0000000089700000|100%| E|CS|TAMS 0x0000000089600000, 0x0000000089600000| Complete 
| 123|0x0000000089700000, 0x0000000089800000, 0x0000000089800000|100%| E|CS|TAMS 0x0000000089700000, 0x0000000089700000| Complete 
| 124|0x0000000089800000, 0x0000000089900000, 0x0000000089900000|100%| E|CS|TAMS 0x0000000089800000, 0x0000000089800000| Complete 
| 125|0x0000000089900000, 0x0000000089a00000, 0x0000000089a00000|100%| E|CS|TAMS 0x0000000089900000, 0x0000000089900000| Complete 
| 126|0x0000000089a00000, 0x0000000089b00000, 0x0000000089b00000|100%| E|CS|TAMS 0x0000000089a00000, 0x0000000089a00000| Complete 
| 127|0x0000000089b00000, 0x0000000089c00000, 0x0000000089c00000|100%| E|CS|TAMS 0x0000000089b00000, 0x0000000089b00000| Complete 
| 128|0x0000000089c00000, 0x0000000089d00000, 0x0000000089d00000|100%| E|CS|TAMS 0x0000000089c00000, 0x0000000089c00000| Complete 
| 129|0x0000000089d00000, 0x0000000089e00000, 0x0000000089e00000|100%| E|CS|TAMS 0x0000000089d00000, 0x0000000089d00000| Complete 
| 130|0x0000000089e00000, 0x0000000089f00000, 0x0000000089f00000|100%| E|CS|TAMS 0x0000000089e00000, 0x0000000089e00000| Complete 
| 131|0x0000000089f00000, 0x000000008a000000, 0x000000008a000000|100%| E|CS|TAMS 0x0000000089f00000, 0x0000000089f00000| Complete 
| 132|0x000000008a000000, 0x000000008a100000, 0x000000008a100000|100%| E|CS|TAMS 0x000000008a000000, 0x000000008a000000| Complete 
| 133|0x000000008a100000, 0x000000008a200000, 0x000000008a200000|100%| E|CS|TAMS 0x000000008a100000, 0x000000008a100000| Complete 
| 134|0x000000008a200000, 0x000000008a300000, 0x000000008a300000|100%| E|CS|TAMS 0x000000008a200000, 0x000000008a200000| Complete 
| 135|0x000000008a300000, 0x000000008a400000, 0x000000008a400000|100%| E|CS|TAMS 0x000000008a300000, 0x000000008a300000| Complete 
| 136|0x000000008a400000, 0x000000008a500000, 0x000000008a500000|100%| E|CS|TAMS 0x000000008a400000, 0x000000008a400000| Complete 
| 137|0x000000008a500000, 0x000000008a600000, 0x000000008a600000|100%| E|CS|TAMS 0x000000008a500000, 0x000000008a500000| Complete 
| 138|0x000000008a600000, 0x000000008a700000, 0x000000008a700000|100%| E|CS|TAMS 0x000000008a600000, 0x000000008a600000| Complete 
| 139|0x000000008a700000, 0x000000008a800000, 0x000000008a800000|100%| E|CS|TAMS 0x000000008a700000, 0x000000008a700000| Complete 
| 140|0x000000008a800000, 0x000000008a900000, 0x000000008a900000|100%| E|CS|TAMS 0x000000008a800000, 0x000000008a800000| Complete 
| 141|0x000000008a900000, 0x000000008aa00000, 0x000000008aa00000|100%| E|CS|TAMS 0x000000008a900000, 0x000000008a900000| Complete 
| 142|0x000000008aa00000, 0x000000008ab00000, 0x000000008ab00000|100%| E|CS|TAMS 0x000000008aa00000, 0x000000008aa00000| Complete 
| 143|0x000000008ab00000, 0x000000008ac00000, 0x000000008ac00000|100%| E|CS|TAMS 0x000000008ab00000, 0x000000008ab00000| Complete 
| 144|0x000000008ac00000, 0x000000008ad00000, 0x000000008ad00000|100%| E|CS|TAMS 0x000000008ac00000, 0x000000008ac00000| Complete 
| 145|0x000000008ad00000, 0x000000008ae00000, 0x000000008ae00000|100%| E|CS|TAMS 0x000000008ad00000, 0x000000008ad00000| Complete 
| 146|0x000000008ae00000, 0x000000008af00000, 0x000000008af00000|100%| E|CS|TAMS 0x000000008ae00000, 0x000000008ae00000| Complete 
| 147|0x000000008af00000, 0x000000008b000000, 0x000000008b000000|100%| E|CS|TAMS 0x000000008af00000, 0x000000008af00000| Complete 
| 148|0x000000008b000000, 0x000000008b100000, 0x000000008b100000|100%| E|CS|TAMS 0x000000008b000000, 0x000000008b000000| Complete 
| 149|0x000000008b100000, 0x000000008b200000, 0x000000008b200000|100%| E|CS|TAMS 0x000000008b100000, 0x000000008b100000| Complete 
| 150|0x000000008b200000, 0x000000008b300000, 0x000000008b300000|100%| E|CS|TAMS 0x000000008b200000, 0x000000008b200000| Complete 
| 151|0x000000008b300000, 0x000000008b400000, 0x000000008b400000|100%| E|CS|TAMS 0x000000008b300000, 0x000000008b300000| Complete 
| 152|0x000000008b400000, 0x000000008b500000, 0x000000008b500000|100%| E|CS|TAMS 0x000000008b400000, 0x000000008b400000| Complete 
| 153|0x000000008b500000, 0x000000008b600000, 0x000000008b600000|100%| E|CS|TAMS 0x000000008b500000, 0x000000008b500000| Complete 

Card table byte_map: [0x0000028441740000,0x0000028441b40000] _byte_map_base: 0x0000028441332000

Marking Bits (Prev, Next): (CMBitMap*) 0x0000028429c6e1c8, (CMBitMap*) 0x0000028429c6e200
 Prev Bits: [0x0000028441f40000, 0x0000028443ed0000)
 Next Bits: [0x0000028443ed0000, 0x0000028445e60000)

Polling page: 0x0000028429400000

Metaspace:

Usage:
  Non-class:     42.64 MB capacity,    41.92 MB ( 98%) used,   581.70 KB (  1%) free+waste,   158.63 KB ( <1%) overhead. 
      Class:      6.31 MB capacity,     5.82 MB ( 92%) used,   434.94 KB (  7%) free+waste,    75.25 KB (  1%) overhead. 
       Both:     48.95 MB capacity,    47.73 MB ( 98%) used,  1016.63 KB (  2%) free+waste,   233.88 KB ( <1%) overhead. 

Virtual space:
  Non-class space:       44.00 MB reserved,      42.70 MB ( 97%) committed 
      Class space:        1.00 GB reserved,       6.45 MB ( <1%) committed 
             Both:        1.04 GB reserved,      49.15 MB (  5%) committed 

Chunk freelists:
   Non-Class:  2.00 KB
       Class:  30.00 KB
        Both:  32.00 KB

MaxMetaspaceSize: 17179869184.00 GB
CompressedClassSpaceSize: 1.00 GB
Initial GC threshold: 20.80 MB
Current GC threshold: 59.00 MB
CDS: off

CodeHeap 'non-profiled nmethods': size=120064Kb used=2093Kb max_used=2093Kb free=117970Kb
 bounds [0x0000028439e00000, 0x000002843a070000, 0x0000028441340000]
CodeHeap 'profiled nmethods': size=120000Kb used=9245Kb max_used=9245Kb free=110754Kb
 bounds [0x00000284328d0000, 0x00000284331e0000, 0x0000028439e00000]
CodeHeap 'non-nmethods': size=5696Kb used=1263Kb max_used=1280Kb free=4432Kb
 bounds [0x0000028432340000, 0x00000284325b0000, 0x00000284328d0000]
 total_blobs=4532 nmethods=3990 adapters=454
 compilation: enabled
              stopped_count=0, restarted_count=0
 full_count=0

Compilation events (20 events):
Event: 7.736 Thread 0x0000028448384800 3998       3       java.util.Properties::get (9 bytes)
Event: 7.736 Thread 0x0000028448384800 nmethod 3998 0x00000284331cb190 code [0x00000284331cb340, 0x00000284331cb508]
Event: 7.780 Thread 0x0000028448384800 4001       3       java.lang.ClassLoader::definePackage (84 bytes)
Event: 7.782 Thread 0x0000028448384800 nmethod 4001 0x00000284331cb610 code [0x00000284331cb920, 0x00000284331ccaf8]
Event: 7.790 Thread 0x0000028448384800 4002       2       jdk.internal.util.Preconditions::checkIndex (18 bytes)
Event: 7.790 Thread 0x0000028448384800 nmethod 4002 0x00000284331cd090 code [0x00000284331cd280, 0x00000284331cd628]
Event: 7.989 Thread 0x0000028448384800 4006       3       java.util.concurrent.ConcurrentHashMap::remove (8 bytes)
Event: 7.989 Thread 0x0000028448384800 nmethod 4006 0x00000284331cd810 code [0x00000284331cd9c0, 0x00000284331cdb08]
Event: 7.997 Thread 0x0000028448384800 4007       3       java.lang.String::regionMatches (150 bytes)
Event: 7.998 Thread 0x0000028448384800 nmethod 4007 0x00000284331cdb90 code [0x00000284331cde00, 0x00000284331ce7c8]
Event: 8.055 Thread 0x0000028448384800 4008       3       java.lang.Character::isDigit (9 bytes)
Event: 8.055 Thread 0x0000028448384800 nmethod 4008 0x00000284331ceb10 code [0x00000284331cece0, 0x00000284331ceeb8]
Event: 8.055 Thread 0x0000028448384800 4009       3       java.lang.CharacterDataLatin1::isDigit (18 bytes)
Event: 8.056 Thread 0x0000028448384800 nmethod 4009 0x00000284331cef90 code [0x00000284331cf140, 0x00000284331cf2d8]
Event: 8.059 Thread 0x0000028448384800 4010       2       java.lang.invoke.MethodType::makeImpl (108 bytes)
Event: 8.059 Thread 0x0000028448384800 nmethod 4010 0x00000284331cf390 code [0x00000284331cf5e0, 0x00000284331cfcd8]
Event: 8.060 Thread 0x0000028448384800 4011       3       java.util.regex.Pattern::unread (11 bytes)
Event: 8.060 Thread 0x0000028448384800 nmethod 4011 0x00000284331d0010 code [0x00000284331d01c0, 0x00000284331d02b8]
Event: 8.060 Thread 0x0000028448384800 4012       3       java.util.regex.Pattern::nextEscaped (19 bytes)
Event: 8.060 Thread 0x0000028448384800 nmethod 4012 0x00000284331d0390 code [0x00000284331d0540, 0x00000284331d0678]

GC Heap History (16 events):
Event: 1.311 GC heap before
{Heap before GC invocations=0 (full 0):
 garbage-first heap   total 131072K, used 14336K [0x0000000081c00000, 0x0000000100000000)
  region size 1024K, 14 young (14336K), 0 survivors (0K)
 Metaspace       used 12927K, capacity 13250K, committed 13440K, reserved 1060864K
  class space    used 1293K, capacity 1406K, committed 1408K, reserved 1048576K
}
Event: 1.319 GC heap after
{Heap after GC invocations=1 (full 0):
 garbage-first heap   total 131072K, used 6346K [0x0000000081c00000, 0x0000000100000000)
  region size 1024K, 2 young (2048K), 2 survivors (2048K)
 Metaspace       used 12927K, capacity 13250K, committed 13440K, reserved 1060864K
  class space    used 1293K, capacity 1406K, committed 1408K, reserved 1048576K
}
Event: 1.577 GC heap before
{Heap before GC invocations=1 (full 0):
 garbage-first heap   total 131072K, used 14538K [0x0000000081c00000, 0x0000000100000000)
  region size 1024K, 10 young (10240K), 2 survivors (2048K)
 Metaspace       used 14857K, capacity 15232K, committed 15488K, reserved 1062912K
  class space    used 1495K, capacity 1621K, committed 1664K, reserved 1048576K
}
Event: 1.582 GC heap after
{Heap after GC invocations=2 (full 0):
 garbage-first heap   total 131072K, used 7094K [0x0000000081c00000, 0x0000000100000000)
  region size 1024K, 1 young (1024K), 1 survivors (1024K)
 Metaspace       used 14857K, capacity 15232K, committed 15488K, reserved 1062912K
  class space    used 1495K, capacity 1621K, committed 1664K, reserved 1048576K
}
Event: 2.333 GC heap before
{Heap before GC invocations=2 (full 0):
 garbage-first heap   total 131072K, used 33718K [0x0000000081c00000, 0x0000000100000000)
  region size 1024K, 27 young (27648K), 1 survivors (1024K)
 Metaspace       used 19535K, capacity 20146K, committed 20352K, reserved 1067008K
  class space    used 2137K, capacity 2376K, committed 2432K, reserved 1048576K
}
Event: 2.349 GC heap after
{Heap after GC invocations=3 (full 0):
 garbage-first heap   total 131072K, used 8536K [0x0000000081c00000, 0x0000000100000000)
  region size 1024K, 3 young (3072K), 3 survivors (3072K)
 Metaspace       used 19535K, capacity 20146K, committed 20352K, reserved 1067008K
  class space    used 2137K, capacity 2376K, committed 2432K, reserved 1048576K
}
Event: 2.431 GC heap before
{Heap before GC invocations=3 (full 0):
 garbage-first heap   total 131072K, used 13656K [0x0000000081c00000, 0x0000000100000000)
  region size 1024K, 9 young (9216K), 3 survivors (3072K)
 Metaspace       used 20637K, capacity 21244K, committed 21296K, reserved 1069056K
  class space    used 2272K, capacity 2532K, committed 2560K, reserved 1048576K
}
Event: 2.435 GC heap after
{Heap after GC invocations=4 (full 0):
 garbage-first heap   total 131072K, used 8858K [0x0000000081c00000, 0x0000000100000000)
  region size 1024K, 3 young (3072K), 3 survivors (3072K)
 Metaspace       used 20637K, capacity 21244K, committed 21296K, reserved 1069056K
  class space    used 2272K, capacity 2532K, committed 2560K, reserved 1048576K
}
Event: 3.122 GC heap before
{Heap before GC invocations=5 (full 0):
 garbage-first heap   total 131072K, used 53914K [0x0000000081c00000, 0x0000000100000000)
  region size 1024K, 48 young (49152K), 3 survivors (3072K)
 Metaspace       used 27090K, capacity 27891K, committed 28032K, reserved 1073152K
  class space    used 3070K, capacity 3365K, committed 3456K, reserved 1048576K
}
Event: 3.129 GC heap after
{Heap after GC invocations=6 (full 0):
 garbage-first heap   total 131072K, used 10461K [0x0000000081c00000, 0x0000000100000000)
  region size 1024K, 5 young (5120K), 5 survivors (5120K)
 Metaspace       used 27090K, capacity 27891K, committed 28032K, reserved 1073152K
  class space    used 3070K, capacity 3365K, committed 3456K, reserved 1048576K
}
Event: 3.963 GC heap before
{Heap before GC invocations=6 (full 0):
 garbage-first heap   total 131072K, used 73949K [0x0000000081c00000, 0x0000000100000000)
  region size 1024K, 68 young (69632K), 5 survivors (5120K)
 Metaspace       used 29945K, capacity 30814K, committed 30976K, reserved 1077248K
  class space    used 3403K, capacity 3760K, committed 3840K, reserved 1048576K
}
Event: 3.973 GC heap after
{Heap after GC invocations=7 (full 0):
 garbage-first heap   total 157696K, used 11373K [0x0000000081c00000, 0x0000000100000000)
  region size 1024K, 5 young (5120K), 5 survivors (5120K)
 Metaspace       used 29945K, capacity 30814K, committed 30976K, reserved 1077248K
  class space    used 3403K, capacity 3760K, committed 3840K, reserved 1048576K
}
Event: 5.291 GC heap before
{Heap before GC invocations=7 (full 0):
 garbage-first heap   total 157696K, used 52333K [0x0000000081c00000, 0x0000000100000000)
  region size 1024K, 46 young (47104K), 5 survivors (5120K)
 Metaspace       used 34867K, capacity 35864K, committed 35920K, reserved 1081344K
  class space    used 4067K, capacity 4470K, committed 4480K, reserved 1048576K
}
Event: 5.307 GC heap after
{Heap after GC invocations=8 (full 0):
 garbage-first heap   total 157696K, used 14112K [0x0000000081c00000, 0x0000000100000000)
  region size 1024K, 8 young (8192K), 8 survivors (8192K)
 Metaspace       used 34867K, capacity 35864K, committed 35920K, reserved 1081344K
  class space    used 4067K, capacity 4470K, committed 4480K, reserved 1048576K
}
Event: 6.425 GC heap before
{Heap before GC invocations=9 (full 0):
 garbage-first heap   total 157696K, used 89888K [0x0000000081c00000, 0x0000000100000000)
  region size 1024K, 83 young (84992K), 8 survivors (8192K)
 Metaspace       used 38593K, capacity 39781K, committed 40092K, reserved 1085440K
  class space    used 4520K, capacity 5006K, committed 5068K, reserved 1048576K
}
Event: 6.446 GC heap after
{Heap after GC invocations=10 (full 0):
 garbage-first heap   total 157696K, used 16381K [0x0000000081c00000, 0x0000000100000000)
  region size 1024K, 8 young (8192K), 8 survivors (8192K)
 Metaspace       used 38593K, capacity 39781K, committed 40092K, reserved 1085440K
  class space    used 4520K, capacity 5006K, committed 5068K, reserved 1048576K
}

Deoptimization events (20 events):
Event: 7.091 Thread 0x0000028429c29000 DEOPT PACKING pc=0x000002843305aeb0 sp=0x000000ba78dfc580
Event: 7.091 Thread 0x0000028429c29000 DEOPT UNPACKING pc=0x000002843238a95e sp=0x000000ba78dfba98 mode 0
Event: 7.632 Thread 0x0000028429c29000 Uncommon trap: trap_request=0xffffffc6 fr.pc=0x0000028439fb290c relative=0x00000000000012ac
Event: 7.632 Thread 0x0000028429c29000 Uncommon trap: reason=bimorphic_or_optimized_type_check action=maybe_recompile pc=0x0000028439fb290c method=java.util.Properties$LineReader.readLine()I @ 530 c2
Event: 7.632 Thread 0x0000028429c29000 DEOPT PACKING pc=0x0000028439fb290c sp=0x000000ba78dfbff0
Event: 7.632 Thread 0x0000028429c29000 DEOPT UNPACKING pc=0x000002843238a1af sp=0x000000ba78dfbf70 mode 2
Event: 7.634 Thread 0x0000028429c29000 Uncommon trap: trap_request=0xffffff4d fr.pc=0x0000028439e4d300 relative=0x0000000000000160
Event: 7.634 Thread 0x0000028429c29000 Uncommon trap: reason=unstable_if action=reinterpret pc=0x0000028439e4d300 method=java.lang.StringCoding.hasNegatives([BII)Z @ 12 c2
Event: 7.634 Thread 0x0000028429c29000 DEOPT PACKING pc=0x0000028439e4d300 sp=0x000000ba78dfbe60
Event: 7.634 Thread 0x0000028429c29000 DEOPT UNPACKING pc=0x000002843238a1af sp=0x000000ba78dfbdf0 mode 2
Event: 7.673 Thread 0x0000028429c29000 DEOPT PACKING pc=0x0000028439f676b8 sp=0x000000ba78dfa960
Event: 7.673 Thread 0x0000028429c29000 DEOPT UNPACKING pc=0x000002843238a95e sp=0x000000ba78df9ec8 mode 0
Event: 7.679 Thread 0x0000028429c29000 Uncommon trap: trap_request=0xffffff4d fr.pc=0x0000028439edd268 relative=0x0000000000000a08
Event: 7.679 Thread 0x0000028429c29000 Uncommon trap: reason=unstable_if action=reinterpret pc=0x0000028439edd268 method=java.util.zip.ZipFile$Source.getEntryPos([BZ)I @ 68 c2
Event: 7.679 Thread 0x0000028429c29000 DEOPT PACKING pc=0x0000028439edd268 sp=0x000000ba78dfa7a0
Event: 7.679 Thread 0x0000028429c29000 DEOPT UNPACKING pc=0x000002843238a1af sp=0x000000ba78dfa740 mode 2
Event: 7.991 Thread 0x0000028429c29000 Uncommon trap: trap_request=0xffffff4d fr.pc=0x0000028439eb69f0 relative=0x0000000000000510
Event: 7.991 Thread 0x0000028429c29000 Uncommon trap: reason=unstable_if action=reinterpret pc=0x0000028439eb69f0 method=java.lang.String.regionMatches(ZILjava/lang/String;II)Z @ 1 c2
Event: 7.991 Thread 0x0000028429c29000 DEOPT PACKING pc=0x0000028439eb69f0 sp=0x000000ba78dfd0d0
Event: 7.991 Thread 0x0000028429c29000 DEOPT UNPACKING pc=0x000002843238a1af sp=0x000000ba78dfd080 mode 2

Classes redefined (0 events):
No events

Internal exceptions (20 events):
Event: 6.750 Thread 0x0000028429c29000 Exception <a 'java/lang/ClassNotFoundException'{0x000000008a8f0ca8}: java/lang/ObjectCustomizer> (0x000000008a8f0ca8) thrown at [./src/hotspot/share/classfile/systemDictionary.cpp, line 231]
Event: 6.752 Thread 0x0000028429c29000 Exception <a 'java/lang/ClassNotFoundException'{0x000000008a702e30}: org/springframework/boot/autoconfigure/domain/EntityScanPackagesCustomizer> (0x000000008a702e30) thrown at [./src/hotspot/share/classfile/systemDictionary.cpp, line 231]
Event: 6.777 Thread 0x0000028429c29000 Exception <a 'java/lang/ClassNotFoundException'{0x000000008a76daa0}: java/lang/ObjectCustomizer> (0x000000008a76daa0) thrown at [./src/hotspot/share/classfile/systemDictionary.cpp, line 231]
Event: 6.778 Thread 0x0000028429c29000 Exception <a 'java/lang/ClassNotFoundException'{0x000000008a77f0d8}: org/springframework/orm/jpa/AbstractEntityManagerFactoryBeanCustomizer> (0x000000008a77f0d8) thrown at [./src/hotspot/share/classfile/systemDictionary.cpp, line 231]
Event: 6.784 Thread 0x0000028429c29000 Exception <a 'java/lang/ClassNotFoundException'{0x000000008a7afd58}: org/springframework/orm/jpa/LocalContainerEntityManagerFactoryBeanCustomizer> (0x000000008a7afd58) thrown at [./src/hotspot/share/classfile/systemDictionary.cpp, line 231]
Event: 6.792 Thread 0x0000028429c29000 Exception <a 'java/lang/ClassNotFoundException'{0x000000008a7fc898}: org/springframework/context/ResourceLoaderAwareCustomizer> (0x000000008a7fc898) thrown at [./src/hotspot/share/classfile/systemDictionary.cpp, line 231]
Event: 6.793 Thread 0x0000028429c29000 Exception <a 'java/lang/ClassNotFoundException'{0x000000008a609740}: org/springframework/beans/factory/AwareCustomizer> (0x000000008a609740) thrown at [./src/hotspot/share/classfile/systemDictionary.cpp, line 231]
Event: 6.793 Thread 0x0000028429c29000 Exception <a 'java/lang/ClassNotFoundException'{0x000000008a616f48}: org/springframework/context/weaving/LoadTimeWeaverAwareCustomizer> (0x000000008a616f48) thrown at [./src/hotspot/share/classfile/systemDictionary.cpp, line 231]
Event: 6.794 Thread 0x0000028429c29000 Exception <a 'java/lang/ClassNotFoundException'{0x000000008a623e40}: org/springframework/beans/factory/AwareCustomizer> (0x000000008a623e40) thrown at [./src/hotspot/share/classfile/systemDictionary.cpp, line 231]
Event: 6.795 Thread 0x0000028429c29000 Exception <a 'java/lang/ClassNotFoundException'{0x000000008a6308d8}: org/springframework/beans/factory/FactoryBeanCustomizer> (0x000000008a6308d8) thrown at [./src/hotspot/share/classfile/systemDictionary.cpp, line 231]
Event: 6.796 Thread 0x0000028429c29000 Exception <a 'java/lang/ClassNotFoundException'{0x000000008a642098}: org/springframework/beans/factory/BeanClassLoaderAwareCustomizer> (0x000000008a642098) thrown at [./src/hotspot/share/classfile/systemDictionary.cpp, line 231]
Event: 6.797 Thread 0x0000028429c29000 Exception <a 'java/lang/ClassNotFoundException'{0x000000008a64eaf0}: org/springframework/beans/factory/AwareCustomizer> (0x000000008a64eaf0) thrown at [./src/hotspot/share/classfile/systemDictionary.cpp, line 231]
Event: 6.798 Thread 0x0000028429c29000 Exception <a 'java/lang/ClassNotFoundException'{0x000000008a65be58}: org/springframework/beans/factory/BeanFactoryAwareCustomizer> (0x000000008a65be58) thrown at [./src/hotspot/share/classfile/systemDictionary.cpp, line 231]
Event: 6.799 Thread 0x0000028429c29000 Exception <a 'java/lang/ClassNotFoundException'{0x000000008a668db0}: org/springframework/beans/factory/AwareCustomizer> (0x000000008a668db0) thrown at [./src/hotspot/share/classfile/systemDictionary.cpp, line 231]
Event: 6.800 Thread 0x0000028429c29000 Exception <a 'java/lang/ClassNotFoundException'{0x000000008a675788}: org/springframework/beans/factory/BeanNameAwareCustomizer> (0x000000008a675788) thrown at [./src/hotspot/share/classfile/systemDictionary.cpp, line 231]
Event: 6.801 Thread 0x0000028429c29000 Exception <a 'java/lang/ClassNotFoundException'{0x000000008a6823d8}: org/springframework/beans/factory/AwareCustomizer> (0x000000008a6823d8) thrown at [./src/hotspot/share/classfile/systemDictionary.cpp, line 231]
Event: 6.802 Thread 0x0000028429c29000 Exception <a 'java/lang/ClassNotFoundException'{0x000000008a68f740}: org/springframework/beans/factory/InitializingBeanCustomizer> (0x000000008a68f740) thrown at [./src/hotspot/share/classfile/systemDictionary.cpp, line 231]
Event: 6.803 Thread 0x0000028429c29000 Exception <a 'java/lang/ClassNotFoundException'{0x000000008a69cd78}: org/springframework/beans/factory/DisposableBeanCustomizer> (0x000000008a69cd78) thrown at [./src/hotspot/share/classfile/systemDictionary.cpp, line 231]
Event: 6.805 Thread 0x0000028429c29000 Exception <a 'java/lang/ClassNotFoundException'{0x000000008a6aae98}: org/springframework/orm/jpa/EntityManagerFactoryInfoCustomizer> (0x000000008a6aae98) thrown at [./src/hotspot/share/classfile/systemDictionary.cpp, line 231]
Event: 6.807 Thread 0x0000028429c29000 Exception <a 'java/lang/ClassNotFoundException'{0x000000008a6c3c40}: org/springframework/dao/support/PersistenceExceptionTranslatorCustomizer> (0x000000008a6c3c40) thrown at [./src/hotspot/share/classfile/systemDictionary.cpp, line 231]

Events (20 events):
Event: 8.065 loading class org/hibernate/engine/jdbc/env/internal/JdbcEnvironmentImpl
Event: 8.065 loading class org/hibernate/engine/jdbc/env/internal/JdbcEnvironmentImpl done
Event: 8.066 loading class org/hibernate/engine/jdbc/env/spi/ExtractedDatabaseMetaData
Event: 8.066 loading class org/hibernate/engine/jdbc/env/spi/ExtractedDatabaseMetaData done
Event: 8.066 loading class org/hibernate/engine/jdbc/env/spi/QualifiedObjectNameFormatter
Event: 8.066 loading class org/hibernate/engine/jdbc/env/spi/QualifiedObjectNameFormatter done
Event: 8.067 loading class org/hibernate/engine/jdbc/env/spi/LobCreatorBuilder
Event: 8.067 loading class org/hibernate/engine/jdbc/env/spi/LobCreatorBuilder done
Event: 8.067 loading class org/hibernate/tool/schema/extract/spi/ExtractionContext
Event: 8.067 loading class org/hibernate/tool/schema/extract/spi/ExtractionContext done
Event: 8.067 loading class org/hibernate/exception/spi/SQLExceptionConverter
Event: 8.067 loading class org/hibernate/exception/spi/SQLExceptionConverter done
Event: 8.096 loading class org/hibernate/exception/internal/StandardSQLExceptionConverter
Event: 8.096 loading class org/hibernate/exception/internal/StandardSQLExceptionConverter done
Event: 8.107 loading class org/hibernate/exception/GenericJDBCException
Event: 8.107 loading class org/hibernate/exception/GenericJDBCException done
Event: 8.107 loading class org/hibernate/dialect/H2Dialect$3
Event: 8.107 loading class org/hibernate/dialect/H2Dialect$3 done
Event: 8.108 loading class org/hibernate/exception/LockAcquisitionException
Event: 8.108 loading class org/hibernate/exception/LockAcquisitionException done


Dynamic libraries:
0x00007ff7200d0000 - 0x00007ff7200dd000 	C:\Program Files\Eclipse Foundation\jdk-11.0.12.7-hotspot\bin\java.exe
0x00007ff9f1230000 - 0x00007ff9f1424000 	C:\WINDOWS\SYSTEM32\ntdll.dll
0x00007ff9f08f0000 - 0x00007ff9f09ad000 	C:\WINDOWS\System32\KERNEL32.DLL
0x00007ff9eebd0000 - 0x00007ff9eee97000 	C:\WINDOWS\System32\KERNELBASE.dll
0x00007ff9ee970000 - 0x00007ff9eea70000 	C:\WINDOWS\System32\ucrtbase.dll
0x00007ff9dc360000 - 0x00007ff9dc377000 	C:\Program Files\Eclipse Foundation\jdk-11.0.12.7-hotspot\bin\jli.dll
0x00007ff9f0620000 - 0x00007ff9f07c0000 	C:\WINDOWS\System32\USER32.dll
0x00007ff9db7d0000 - 0x00007ff9dba6a000 	C:\WINDOWS\WinSxS\amd64_microsoft.windows.common-controls_6595b64144ccf1df_6.0.19041.1_none_b555e41d4684ddec\COMCTL32.dll
0x00007ff9eea70000 - 0x00007ff9eea92000 	C:\WINDOWS\System32\win32u.dll
0x00007ff9ef350000 - 0x00007ff9ef37a000 	C:\WINDOWS\System32\GDI32.dll
0x00007ff9f0f40000 - 0x00007ff9f0fde000 	C:\WINDOWS\System32\msvcrt.dll
0x00007ff9eef50000 - 0x00007ff9ef05a000 	C:\WINDOWS\System32\gdi32full.dll
0x00007ff9eeb30000 - 0x00007ff9eebcd000 	C:\WINDOWS\System32\msvcp_win.dll
0x00007ff9d9630000 - 0x00007ff9d9645000 	C:\Program Files\Eclipse Foundation\jdk-11.0.12.7-hotspot\bin\VCRUNTIME140.dll
0x00007ff9f0f10000 - 0x00007ff9f0f40000 	C:\WINDOWS\System32\IMM32.DLL
0x00007ff9b5380000 - 0x00007ff9b541b000 	C:\Program Files\Eclipse Foundation\jdk-11.0.12.7-hotspot\bin\msvcp140.dll
0x00007ff98c330000 - 0x00007ff98ce89000 	C:\Program Files\Eclipse Foundation\jdk-11.0.12.7-hotspot\bin\server\jvm.dll
0x00007ff9f0fe0000 - 0x00007ff9f108a000 	C:\WINDOWS\System32\ADVAPI32.dll
0x00007ff9f0e10000 - 0x00007ff9f0eab000 	C:\WINDOWS\System32\sechost.dll
0x00007ff9f07c0000 - 0x00007ff9f08e3000 	C:\WINDOWS\System32\RPCRT4.dll
0x00007ff9ef530000 - 0x00007ff9ef538000 	C:\WINDOWS\System32\PSAPI.DLL
0x00007ff9df3d0000 - 0x00007ff9df3d9000 	C:\WINDOWS\SYSTEM32\WSOCK32.dll
0x00007ff9f0da0000 - 0x00007ff9f0e0b000 	C:\WINDOWS\System32\WS2_32.dll
0x00007ff9de060000 - 0x00007ff9de087000 	C:\WINDOWS\SYSTEM32\WINMM.dll
0x00007ff9e0910000 - 0x00007ff9e091a000 	C:\WINDOWS\SYSTEM32\VERSION.dll
0x00007ff9ed280000 - 0x00007ff9ed293000 	C:\WINDOWS\SYSTEM32\kernel.appcore.dll
0x00007ff9dea70000 - 0x00007ff9dea80000 	C:\Program Files\Eclipse Foundation\jdk-11.0.12.7-hotspot\bin\verify.dll
0x00007ff9ec810000 - 0x00007ff9ec9f4000 	C:\WINDOWS\SYSTEM32\DBGHELP.DLL
0x00007ff9d7570000 - 0x00007ff9d759c000 	C:\WINDOWS\SYSTEM32\dbgcore.DLL
0x00007ff9ef060000 - 0x00007ff9ef0df000 	C:\WINDOWS\System32\bcryptPrimitives.dll
0x00007ff9d7710000 - 0x00007ff9d7738000 	C:\Program Files\Eclipse Foundation\jdk-11.0.12.7-hotspot\bin\java.dll
0x00007ff9dda40000 - 0x00007ff9dda4a000 	C:\Program Files\Eclipse Foundation\jdk-11.0.12.7-hotspot\bin\jimage.dll
0x00007ff9d75e0000 - 0x00007ff9d75f7000 	C:\Program Files\Eclipse Foundation\jdk-11.0.12.7-hotspot\bin\zip.dll
0x00007ff9efee0000 - 0x00007ff9f0611000 	C:\WINDOWS\System32\SHELL32.dll
0x00007ff9eca00000 - 0x00007ff9ed18a000 	C:\WINDOWS\SYSTEM32\windows.storage.dll
0x00007ff9f09b0000 - 0x00007ff9f0d04000 	C:\WINDOWS\System32\combase.dll
0x00007ff9ee3f0000 - 0x00007ff9ee41b000 	C:\WINDOWS\SYSTEM32\Wldp.dll
0x00007ff9ef290000 - 0x00007ff9ef33e000 	C:\WINDOWS\System32\SHCORE.dll
0x00007ff9efe80000 - 0x00007ff9efed5000 	C:\WINDOWS\System32\shlwapi.dll
0x00007ff9ee8b0000 - 0x00007ff9ee8cf000 	C:\WINDOWS\SYSTEM32\profapi.dll
0x00007ff9d6d00000 - 0x00007ff9d6d19000 	C:\Program Files\Eclipse Foundation\jdk-11.0.12.7-hotspot\bin\net.dll
0x00007ff9dc900000 - 0x00007ff9dca02000 	C:\WINDOWS\SYSTEM32\WINHTTP.dll
0x00007ff9ee170000 - 0x00007ff9ee1da000 	C:\WINDOWS\system32\mswsock.dll
0x00007ff9d4ff0000 - 0x00007ff9d5002000 	C:\Program Files\Eclipse Foundation\jdk-11.0.12.7-hotspot\bin\nio.dll
0x00007ff9e99e0000 - 0x00007ff9e99e9000 	C:\Program Files\Eclipse Foundation\jdk-11.0.12.7-hotspot\bin\management.dll
0x00007ff9e7470000 - 0x00007ff9e747b000 	C:\Program Files\Eclipse Foundation\jdk-11.0.12.7-hotspot\bin\management_ext.dll
0x00007ff9ea200000 - 0x00007ff9ea217000 	C:\WINDOWS\system32\napinsp.dll
0x00007ff9ea090000 - 0x00007ff9ea0ab000 	C:\WINDOWS\system32\pnrpnsp.dll
0x00007ff9ea070000 - 0x00007ff9ea085000 	C:\WINDOWS\system32\wshbth.dll
0x00007ff9ea1d0000 - 0x00007ff9ea1ed000 	C:\WINDOWS\system32\NLAapi.dll
0x00007ff9ede10000 - 0x00007ff9ede4b000 	C:\WINDOWS\SYSTEM32\IPHLPAPI.DLL
0x00007ff9edea0000 - 0x00007ff9edf6a000 	C:\WINDOWS\SYSTEM32\DNSAPI.dll
0x00007ff9ef340000 - 0x00007ff9ef349000 	C:\WINDOWS\System32\NSI.dll
0x00007ff9ea040000 - 0x00007ff9ea052000 	C:\WINDOWS\System32\winrnr.dll
0x00007ff9db7a0000 - 0x00007ff9db7aa000 	C:\Windows\System32\rasadhlp.dll
0x00007ff9dc880000 - 0x00007ff9dc8ff000 	C:\WINDOWS\System32\fwpuclnt.dll
0x00007ff9eeaa0000 - 0x00007ff9eeac7000 	C:\WINDOWS\System32\bcrypt.dll
0x00007ff9ee350000 - 0x00007ff9ee368000 	C:\WINDOWS\SYSTEM32\CRYPTSP.dll
0x00007ff9eda90000 - 0x00007ff9edac4000 	C:\WINDOWS\system32\rsaenh.dll
0x00007ff9ee830000 - 0x00007ff9ee85e000 	C:\WINDOWS\SYSTEM32\USERENV.dll
0x00007ff9ee340000 - 0x00007ff9ee34c000 	C:\WINDOWS\SYSTEM32\CRYPTBASE.dll
0x00007ff9e0850000 - 0x00007ff9e0867000 	C:\WINDOWS\SYSTEM32\dhcpcsvc6.DLL
0x00007ff9e55a0000 - 0x00007ff9e55bd000 	C:\WINDOWS\SYSTEM32\dhcpcsvc.DLL

dbghelp: loaded successfully - version: 4.0.5 - missing functions: none
symbol engine: initialized successfully - sym options: 0x614 - pdb path: .;C:\Program Files\Eclipse Foundation\jdk-11.0.12.7-hotspot\bin;C:\WINDOWS\SYSTEM32;C:\WINDOWS\WinSxS\amd64_microsoft.windows.common-controls_6595b64144ccf1df_6.0.19041.1_none_b555e41d4684ddec;C:\Program Files\Eclipse Foundation\jdk-11.0.12.7-hotspot\bin\server

VM Arguments:
jvm_args: -Dcom.sun.management.jmxremote -Dcom.sun.management.jmxremote.port=58375 -Dcom.sun.management.jmxremote.authenticate=false -Dcom.sun.management.jmxremote.ssl=false -Djava.rmi.server.hostname=localhost -Dspring.application.admin.enabled=true -Dspring.jmx.enabled=true -Dfile.encoding=UTF-8 
java_command: co.usa.alquilercomputadores.alquilercomputadores.AlquilercomputadoresApplication
java_class_path (initial): C:\Users\User\Documents\sem2\Demo2\alquilercomputadores\target\classes;C:\Users\User\.m2\repository\org\springframework\boot\spring-boot-starter-data-jpa\2.5.6-SNAPSHOT\spring-boot-starter-data-jpa-2.5.6-SNAPSHOT.jar;C:\Users\User\.m2\repository\org\springframework\boot\spring-boot-starter-aop\2.5.6-SNAPSHOT\spring-boot-starter-aop-2.5.6-SNAPSHOT.jar;C:\Users\User\.m2\repository\org\springframework\spring-aop\5.3.11-SNAPSHOT\spring-aop-5.3.11-SNAPSHOT.jar;C:\Users\User\.m2\repository\org\aspectj\aspectjweaver\1.9.7\aspectjweaver-1.9.7.jar;C:\Users\User\.m2\repository\org\springframework\boot\spring-boot-starter-jdbc\2.5.6-SNAPSHOT\spring-boot-starter-jdbc-2.5.6-SNAPSHOT.jar;C:\Users\User\.m2\repository\com\zaxxer\HikariCP\4.0.3\HikariCP-4.0.3.jar;C:\Users\User\.m2\repository\org\springframework\spring-jdbc\5.3.11-SNAPSHOT\spring-jdbc-5.3.11-SNAPSHOT.jar;C:\Users\User\.m2\repository\jakarta\transaction\jakarta.transaction-api\1.3.3\jakarta.transaction-api-1.3.3.jar;C:\Users\User\.m2\repository\jakarta\persistence\jakarta.persistence-api\2.2.3\jakarta.persistence-api-2.2.3.jar;C:\Users\User\.m2\repository\org\hibernate\hibernate-core\5.4.32.Final\hibernate-core-5.4.32.Final.jar;C:\Users\User\.m2\repository\org\jboss\logging\jboss-logging\3.4.2.Final\jboss-logging-3.4.2.Final.jar;C:\Users\User\.m2\repository\org\javassist\javassist\3.27.0-GA\javassist-3.27.0-GA.jar;C:\Users\User\.m2\repository\net\bytebuddy\byte-buddy\1.10.22\byte-buddy-1.10.22.jar;C:\Users\User\.m2\repository\antlr\antlr\2.7.7\antlr-2.7.7.jar;C:\Users\User\.m2\repository\org\jboss\jandex\2.2.3.Final\jandex-2.2.3.Final.jar;C:\Users\User\.m2\repository\com\fasterxml\classmate\1.5.1\classmate-1.5.1.jar;C:\Users\User\.m2\repository\org\dom4j\dom4j\2.1.3\dom4j-2.1.3.jar;C:\Users\User\.m2\repository\org\hibernate\common\hibernate-commons-annotations\5.1.2.Final\hibernate-commons-annotations-5.1.2.Final.jar;C:\Users\User\.m2\repository\org\glassfish\jaxb\jaxb-runtime\2.3.5\jaxb-r
Launcher Type: SUN_STANDARD

[Global flags]
     intx CICompilerCount                          = 3                                         {product} {ergonomic}
     uint ConcGCThreads                            = 1                                         {product} {ergonomic}
     uint G1ConcRefinementThreads                  = 4                                         {product} {ergonomic}
   size_t G1HeapRegionSize                         = 1048576                                   {product} {ergonomic}
    uintx GCDrainStackTargetSize                   = 64                                        {product} {ergonomic}
   size_t InitialHeapSize                          = 134217728                                 {product} {ergonomic}
     bool ManagementServer                         = true                                      {product} {command line}
   size_t MarkStackSize                            = 4194304                                   {product} {ergonomic}
   size_t MaxHeapSize                              = 2118123520                                {product} {ergonomic}
   size_t MaxNewSize                               = 1270874112                                {product} {ergonomic}
   size_t MinHeapDeltaBytes                        = 1048576                                   {product} {ergonomic}
    uintx NonNMethodCodeHeapSize                   = 5830732                                {pd product} {ergonomic}
    uintx NonProfiledCodeHeapSize                  = 122913754                              {pd product} {ergonomic}
    uintx ProfiledCodeHeapSize                     = 122913754                              {pd product} {ergonomic}
    uintx ReservedCodeCacheSize                    = 251658240                              {pd product} {ergonomic}
     bool SegmentedCodeCache                       = true                                      {product} {ergonomic}
     bool UseCompressedClassPointers               = true                                 {lp64_product} {ergonomic}
     bool UseCompressedOops                        = true                                 {lp64_product} {ergonomic}
     bool UseG1GC                                  = true                                      {product} {ergonomic}
     bool UseLargePagesIndividualAllocation        = false                                  {pd product} {ergonomic}

Logging:
Log output configuration:
 #0: stdout all=warning uptime,level,tags
 #1: stderr all=off uptime,level,tags

Environment Variables:
JAVA_HOME=C:\Program Files\Eclipse Foundation\jdk-11.0.12.7-hotspot
PATH=C:\Program Files\Eclipse Foundation\jdk-11.0.12.7-hotspot\bin;C:\ProgramData\Oracle\Java\javapath;C:\Program Files\Rockwell Software\RSCommon;C:\Program Files\ImageMagick-7.0.10-Q16-HDRI;C:\Program Files (x86)\Intel\TXE Components\TCS\;C:\Program Files\Intel\TXE Components\TCS\;C:\Windows\system32;C:\Windows;C:\Windows\System32\Wbem;C:\Windows\System32\WindowsPowerShell\v1.0\;C:\Program Files (x86)\NVIDIA Corporation\PhysX\Common;C:\Program Files\Microsoft SQL Server\130\Tools\Binn\;C:\Program Files\dotnet\;C:\Program Files\MiKTeX 2.9\miktex\bin\x64\;C:\WINDOWS\system32;C:\WINDOWS;C:\WINDOWS\System32\Wbem;C:\WINDOWS\System32\WindowsPowerShell\v1.0\;C:\WINDOWS\System32\OpenSSH\;C:\Program Files\MATLAB\R2018a\runtime\win64;C:\Program Files\MATLAB\R2018a\bin;C:\Program Files\nodejs\;C:\ProgramData\chocolatey\bin;C:\Program Files\Microsoft SQL Server\Client SDK\ODBC\130\Tools\Binn\;C:\Program Files (x86)\Microsoft SQL Server\140\Tools\Binn\;C:\Program Files\Microsoft SQL Server\140\Tools\Binn\;C:\Program Files\Microsoft SQL Server\140\DTS\Binn\;C:\Program Files (x86)\Microsoft SQL Server\150\DTS\Binn\;C:\apache-maven-3.8.3\bin;C:\Program Files\Eclipse Foundation\jdk-11.0.12.7-hotspot\bin;C:\Program Files\Git\cmd;C:\Program Files\MySQL\MySQL Shell 8.0\bin\;C:\Users\User\AppData\Local\Microsoft\WindowsApps;C:\Users\User\AppData\Local\atom\bin;C:\Users\User\AppData\Roaming\npm;C:\Users\User\AppData\Local\Microsoft\WindowsApps;C:\Users\User\AppData\Local\Programs\Microsoft VS Code\bin;C:\Program Files\Python36;C:\Program Files\Python36\Scripts;
USERNAME=User
OS=Windows_NT
PROCESSOR_IDENTIFIER=Intel64 Family 6 Model 142 Stepping 9, GenuineIntel



---------------  S Y S T E M  ---------------

OS: Windows 10 , 64 bit Build 19041 (10.0.19041.1)
OS uptime: 3 days 0:35 hours

CPU:total 4 (initial active 4) (2 cores per cpu, 2 threads per core) family 6 model 142 stepping 9 microcode 0xb4, cmov, cx8, fxsr, mmx, sse, sse2, sse3, ssse3, sse4.1, sse4.2, popcnt, avx, avx2, aes, clmul, erms, 3dnowpref, lzcnt, ht, tsc, tscinvbit, bmi1, bmi2, adx, fma

Memory: 4k page, system-wide physical 8073M (1285M free)
TotalPageFile size 8073M (AvailPageFile size 9M)
current process WorkingSet (physical memory assigned to process): 267M, peak: 268M
current process commit charge ("private bytes"): 348M, peak: 350M

vm_info: OpenJDK 64-Bit Server VM (11.0.12+7) for windows-amd64 JRE (11.0.12+7), built on Jul 21 2021 16:23:49 by "" with unknown MS VC++:1916

END.
