#
# There is insufficient memory for the Java Runtime Environment to continue.
# Native memory allocation (malloc) failed to allocate 32744 bytes for ChunkPool::allocate
# Possible reasons:
#   The system is out of physical RAM or swap space
#   The process is running with CompressedOops enabled, and the Java Heap may be blocking the growth of the native heap
# Possible solutions:
#   Reduce memory load on the system
#   Increase physical memory or swap space
#   Check if swap backing store is full
#   Decrease Java heap size (-Xmx/-Xms)
#   Decrease number of Java threads
#   Decrease Java thread stack sizes (-Xss)
#   Set larger code cache with -XX:ReservedCodeCacheSize=
#   JVM is running with Unscaled Compressed Oops mode in which the Java heap is
#     placed in the first 4GB address space. The Java Heap base address is the
#     maximum limit for the native heap growth. Please use -XX:HeapBaseMinAddress
#     to set the Java Heap base and to place the Java Heap above 4GB virtual address.
# This output file may be truncated or incomplete.
#
#  Out of Memory Error (./src/hotspot/share/memory/arena.cpp:81), pid=11280, tid=4244
#
# JRE version: OpenJDK Runtime Environment Temurin-11.0.12+7 (11.0.12+7) (build 11.0.12+7)
# Java VM: OpenJDK 64-Bit Server VM Temurin-11.0.12+7 (11.0.12+7, mixed mode, tiered, compressed oops, parallel gc, windows-amd64)
# No core dump will be written. Minidumps are not enabled by default on client versions of Windows
#

---------------  S U M M A R Y ------------

Command Line: --add-modules=ALL-SYSTEM --add-opens=java.base/java.util=ALL-UNNAMED --add-opens=java.base/java.lang=ALL-UNNAMED -Declipse.application=org.eclipse.jdt.ls.core.id1 -Dosgi.bundles.defaultStartLevel=4 -Declipse.product=org.eclipse.jdt.ls.core.product -Dfile.encoding=utf8 -DwatchParentProcess=false -XX:+UseParallelGC -XX:GCTimeRatio=4 -XX:AdaptiveSizePolicyWeight=90 -Dsun.zip.disableMemoryMapping=true -Xmx1G -Xms100m -Xverify:none c:\Users\User\.vscode\extensions\redhat.java-0.82.0\server\plugins\org.eclipse.equinox.launcher_1.6.300.v20210813-1054.jar -configuration c:\Users\User\AppData\Roaming\Code\User\globalStorage\redhat.java\0.82.0\config_ss_win -data c:\Users\User\AppData\Roaming\Code\User\workspaceStorage\c3096344b3a4e59383c1365647bf3051\redhat.java\ss_ws

Host: Intel(R) Core(TM) i5-7200U CPU @ 2.50GHz, 4 cores, 7G,  Windows 10 , 64 bit Build 19041 (10.0.19041.1)
Time: Sat Oct 16 16:31:11 2021 Hora est. Pacífico, Sudamérica elapsed time: 0.924648 seconds (0d 0h 0m 0s)

---------------  T H R E A D  ---------------

Current thread (0x000001ab32c83800):  JavaThread "C2 CompilerThread0" daemon [_thread_in_native, id=4244, stack(0x0000004f41200000,0x0000004f41300000)]


Current CompileTask:
C2:    924  570   !   4       java.util.jar.Attributes::read (390 bytes)

Stack: [0x0000004f41200000,0x0000004f41300000]
Native frames: (J=compiled Java code, j=interpreted, Vv=VM code, C=native code)
V  [jvm.dll+0x601d0a]
V  [jvm.dll+0x78ab6e]
V  [jvm.dll+0x78c23f]
V  [jvm.dll+0x78c903]
V  [jvm.dll+0x24be68]
V  [jvm.dll+0xc23fb]
V  [jvm.dll+0xc275c]
V  [jvm.dll+0xc22ab]
V  [jvm.dll+0x5dfbdf]
V  [jvm.dll+0x632aa3]
V  [jvm.dll+0x19ddcd]
V  [jvm.dll+0x205622]
V  [jvm.dll+0x2046fd]
V  [jvm.dll+0x1898fc]
V  [jvm.dll+0x213d67]
V  [jvm.dll+0x211f2b]
V  [jvm.dll+0x74ec19]
V  [jvm.dll+0x747c84]
V  [jvm.dll+0x600ba6]
C  [ucrtbase.dll+0x21542]
C  [KERNEL32.DLL+0x16fd4]
C  [ntdll.dll+0x4cf31]


---------------  P R O C E S S  ---------------

Threads class SMR info:
_java_thread_list=0x000001ab341300a0, length=11, elements={
0x000001ab18bab000, 0x000001ab32c72800, 0x000001ab32c61000, 0x000001ab33e42800,
0x000001ab32c7f000, 0x000001ab32c81000, 0x000001ab32c83800, 0x000001ab32c84800,
0x000001ab32c86000, 0x000001ab33f5b000, 0x000001ab33fce000
}

Java Threads: ( => current thread )
  0x000001ab18bab000 JavaThread "main" [_thread_blocked, id=7692, stack(0x0000004f40a00000,0x0000004f40b00000)]
  0x000001ab32c72800 JavaThread "Reference Handler" daemon [_thread_blocked, id=3032, stack(0x0000004f40d00000,0x0000004f40e00000)]
  0x000001ab32c61000 JavaThread "Finalizer" daemon [_thread_blocked, id=14516, stack(0x0000004f40e00000,0x0000004f40f00000)]
  0x000001ab33e42800 JavaThread "Signal Dispatcher" daemon [_thread_blocked, id=14724, stack(0x0000004f40f00000,0x0000004f41000000)]
  0x000001ab32c7f000 JavaThread "Attach Listener" daemon [_thread_blocked, id=14856, stack(0x0000004f41000000,0x0000004f41100000)]
  0x000001ab32c81000 JavaThread "Service Thread" daemon [_thread_blocked, id=12040, stack(0x0000004f41100000,0x0000004f41200000)]
=>0x000001ab32c83800 JavaThread "C2 CompilerThread0" daemon [_thread_in_native, id=4244, stack(0x0000004f41200000,0x0000004f41300000)]
  0x000001ab32c84800 JavaThread "C1 CompilerThread0" daemon [_thread_blocked, id=8636, stack(0x0000004f41300000,0x0000004f41400000)]
  0x000001ab32c86000 JavaThread "Sweeper thread" daemon [_thread_blocked, id=13632, stack(0x0000004f41400000,0x0000004f41500000)]
  0x000001ab33f5b000 JavaThread "Common-Cleaner" daemon [_thread_blocked, id=5028, stack(0x0000004f41500000,0x0000004f41600000)]
  0x000001ab33fce000 JavaThread "C2 CompilerThread1" daemon [_thread_in_native, id=14404, stack(0x0000004f41700000,0x0000004f41800000)]

Other Threads:
  0x000001ab32b97000 VMThread "VM Thread" [stack: 0x0000004f40c00000,0x0000004f40d00000] [id=5412]
  0x000001ab34107800 WatcherThread [stack: 0x0000004f41600000,0x0000004f41700000] [id=13528]
  0x000001ab18bc6000 GCTaskThread "ParGC Thread#0" [stack: 0x0000004f40b00000,0x0000004f40c00000] [id=13048]

Threads with active compile tasks:
C2 CompilerThread0    988  570   !   4       java.util.jar.Attributes::read (390 bytes)
C2 CompilerThread1    988  584       4       java.util.HashMap::putVal (300 bytes)

VM state:at safepoint (normal execution)

VM Mutex/Monitor currently owned by a thread:  ([mutex/lock_event])
[0x000001ab18baa8f0] Threads_lock - owner thread: 0x000001ab32b97000
[0x000001ab18baa080] Heap_lock - owner thread: 0x000001ab18bab000

OutOfMemory and StackOverflow Exception counts:
OutOfMemoryError java_heap_errors=2
LinkageErrors=1

Heap address: 0x00000000c0000000, size: 1024 MB, Compressed Oops mode: 32-bit
Narrow klass base: 0x0000000000000000, Narrow klass shift: 3
Compressed class space size: 1073741824 Address: 0x0000000100000000

Heap:
 PSYoungGen      total 29696K, used 12440K [0x00000000eab00000, 0x00000000ecc00000, 0x0000000100000000)
  eden space 25600K, 48% used [0x00000000eab00000,0x00000000eb7261e8,0x00000000ec400000)
  from space 4096K, 0% used [0x00000000ec800000,0x00000000ec800000,0x00000000ecc00000)
  to   space 4096K, 37% used [0x00000000ec400000,0x00000000ec583fa0,0x00000000ec800000)
 ParOldGen       total 68608K, used 0K [0x00000000c0000000, 0x00000000c4300000, 0x00000000eab00000)
  object space 68608K, 0% used [0x00000000c0000000,0x00000000c0000000,0x00000000c4300000)
 Metaspace       used 9686K, capacity 9840K, committed 9984K, reserved 1064960K
  class space    used 865K, capacity 920K, committed 1024K, reserved 1048576K

Card table byte_map: [0x000001ab18570000,0x000001ab18780000] _byte_map_base: 0x000001ab17f70000

Marking Bits: (ParMarkBitMap*) 0x00007ffb02b9bcf0
 Begin Bits: [0x000001ab302d0000, 0x000001ab312d0000)
 End Bits:   [0x000001ab312d0000, 0x000001ab322d0000)

Polling page: 0x000001ab16b50000

Metaspace:

Usage:
  Non-class:      8.71 MB capacity,     8.61 MB ( 99%) used,    89.77 KB (  1%) free+waste,     8.88 KB ( <1%) overhead. 
      Class:    920.00 KB capacity,   865.09 KB ( 94%) used,    51.10 KB (  6%) free+waste,     3.81 KB ( <1%) overhead. 
       Both:      9.61 MB capacity,     9.46 MB ( 98%) used,   140.87 KB (  1%) free+waste,    12.69 KB ( <1%) overhead. 

Virtual space:
  Non-class space:       16.00 MB reserved,       8.75 MB ( 55%) committed 
      Class space:        1.00 GB reserved,       1.00 MB ( <1%) committed 
             Both:        1.02 GB reserved,       9.75 MB ( <1%) committed 

Chunk freelists:
   Non-Class:  40.00 KB
       Class:  8.00 KB
        Both:  48.00 KB

MaxMetaspaceSize: 17179869184.00 GB
CompressedClassSpaceSize: 1.00 GB
Initial GC threshold: 20.80 MB
Current GC threshold: 20.80 MB
CDS: off

CodeHeap 'non-profiled nmethods': size=120064Kb used=168Kb max_used=168Kb free=119895Kb
 bounds [0x000001ab28d90000, 0x000001ab29000000, 0x000001ab302d0000]
CodeHeap 'profiled nmethods': size=120000Kb used=961Kb max_used=961Kb free=119038Kb
 bounds [0x000001ab21860000, 0x000001ab21ad0000, 0x000001ab28d90000]
CodeHeap 'non-nmethods': size=5696Kb used=1114Kb max_used=1122Kb free=4582Kb
 bounds [0x000001ab212d0000, 0x000001ab21540000, 0x000001ab21860000]
 total_blobs=968 nmethods=610 adapters=273
 compilation: enabled
              stopped_count=0, restarted_count=0
 full_count=0

Compilation events (20 events):
Event: 0.843 Thread 0x000001ab32c84800  608       3       java.nio.MappedByteBuffer::limit (8 bytes)
Event: 0.843 Thread 0x000001ab32c84800 nmethod 608 0x000001ab2194c190 code [0x000001ab2194c360, 0x000001ab2194c508]
Event: 0.843 Thread 0x000001ab32c84800  604       3       java.lang.String::<init> (14 bytes)
Event: 0.843 Thread 0x000001ab32c84800 nmethod 604 0x000001ab2194c610 code [0x000001ab2194c7e0, 0x000001ab2194c9d8]
Event: 0.843 Thread 0x000001ab32c84800  605       3       java.lang.String::rangeCheck (9 bytes)
Event: 0.843 Thread 0x000001ab32c84800 nmethod 605 0x000001ab2194cb10 code [0x000001ab2194ccc0, 0x000001ab2194cde8]
Event: 0.843 Thread 0x000001ab32c84800  606       1       jdk.internal.jimage.ImageHeader::getTableLength (5 bytes)
Event: 0.843 Thread 0x000001ab32c84800 nmethod 606 0x000001ab28db9510 code [0x000001ab28db96c0, 0x000001ab28db9778]
Event: 0.843 Thread 0x000001ab32c84800  609       3       java.nio.Buffer::<init> (99 bytes)
Event: 0.845 Thread 0x000001ab32c84800 nmethod 609 0x000001ab2194ce90 code [0x000001ab2194d180, 0x000001ab2194de78]
Event: 0.866 Thread 0x000001ab32c84800  610       1       java.net.URL::getFile (5 bytes)
Event: 0.866 Thread 0x000001ab32c84800 nmethod 610 0x000001ab28db9810 code [0x000001ab28db99c0, 0x000001ab28db9a78]
Event: 0.867 Thread 0x000001ab32c84800  611       1       java.security.ProtectionDomain::getCodeSource (5 bytes)
Event: 0.867 Thread 0x000001ab32c84800 nmethod 611 0x000001ab28db9b10 code [0x000001ab28db9cc0, 0x000001ab28db9d78]
Event: 0.884 Thread 0x000001ab32c84800  613       3       java.util.ArrayList::iterator (9 bytes)
Event: 0.884 Thread 0x000001ab32c84800 nmethod 613 0x000001ab2194e310 code [0x000001ab2194e4c0, 0x000001ab2194e6f8]
Event: 0.886 Thread 0x000001ab32c84800  614       3       java.io.WinNTFileSystem::normalize (143 bytes)
Event: 0.887 Thread 0x000001ab32c84800 nmethod 614 0x000001ab2194e810 code [0x000001ab2194eaa0, 0x000001ab2194f5f8]
Event: 0.890 Thread 0x000001ab32c84800  615       3       sun.security.provider.DigestBase::implCompressMultiBlock0 (23 bytes)
Event: 0.891 Thread 0x000001ab32c84800 nmethod 615 0x000001ab2194fa90 code [0x000001ab2194fc60, 0x000001ab2194ff08]

GC Heap History (0 events):
No events

Deoptimization events (20 events):
Event: 0.804 Thread 0x000001ab18bab000 DEOPT PACKING pc=0x000001ab21917af2 sp=0x0000004f40afd5f0
Event: 0.804 Thread 0x000001ab18bab000 DEOPT UNPACKING pc=0x000001ab2131a95e sp=0x0000004f40afca68 mode 0
Event: 0.805 Thread 0x000001ab18bab000 DEOPT PACKING pc=0x000001ab21917af2 sp=0x0000004f40afd5f0
Event: 0.805 Thread 0x000001ab18bab000 DEOPT UNPACKING pc=0x000001ab2131a95e sp=0x0000004f40afca68 mode 0
Event: 0.805 Thread 0x000001ab18bab000 DEOPT PACKING pc=0x000001ab21917af2 sp=0x0000004f40afd5f0
Event: 0.805 Thread 0x000001ab18bab000 DEOPT UNPACKING pc=0x000001ab2131a95e sp=0x0000004f40afca68 mode 0
Event: 0.805 Thread 0x000001ab18bab000 DEOPT PACKING pc=0x000001ab21917af2 sp=0x0000004f40afd5f0
Event: 0.805 Thread 0x000001ab18bab000 DEOPT UNPACKING pc=0x000001ab2131a95e sp=0x0000004f40afca68 mode 0
Event: 0.806 Thread 0x000001ab18bab000 DEOPT PACKING pc=0x000001ab21917af2 sp=0x0000004f40afd5f0
Event: 0.806 Thread 0x000001ab18bab000 DEOPT UNPACKING pc=0x000001ab2131a95e sp=0x0000004f40afca68 mode 0
Event: 0.806 Thread 0x000001ab18bab000 DEOPT PACKING pc=0x000001ab21917af2 sp=0x0000004f40afd5f0
Event: 0.806 Thread 0x000001ab18bab000 DEOPT UNPACKING pc=0x000001ab2131a95e sp=0x0000004f40afca68 mode 0
Event: 0.806 Thread 0x000001ab18bab000 DEOPT PACKING pc=0x000001ab21917af2 sp=0x0000004f40afd5f0
Event: 0.806 Thread 0x000001ab18bab000 DEOPT UNPACKING pc=0x000001ab2131a95e sp=0x0000004f40afca68 mode 0
Event: 0.806 Thread 0x000001ab18bab000 DEOPT PACKING pc=0x000001ab21917af2 sp=0x0000004f40afd5f0
Event: 0.806 Thread 0x000001ab18bab000 DEOPT UNPACKING pc=0x000001ab2131a95e sp=0x0000004f40afca68 mode 0
Event: 0.807 Thread 0x000001ab18bab000 DEOPT PACKING pc=0x000001ab21917af2 sp=0x0000004f40afd5f0
Event: 0.807 Thread 0x000001ab18bab000 DEOPT UNPACKING pc=0x000001ab2131a95e sp=0x0000004f40afca68 mode 0
Event: 0.807 Thread 0x000001ab18bab000 DEOPT PACKING pc=0x000001ab21917af2 sp=0x0000004f40afd5f0
Event: 0.807 Thread 0x000001ab18bab000 DEOPT UNPACKING pc=0x000001ab2131a95e sp=0x0000004f40afca68 mode 0

Classes redefined (0 events):
No events

Internal exceptions (9 events):
Event: 0.579 Thread 0x000001ab18bab000 Exception <a 'java/lang/ClassNotFoundException'{0x00000000eaf84148}: sun/net/www/protocol/c/Handler> (0x00000000eaf84148) thrown at [./src/hotspot/share/classfile/systemDictionary.cpp, line 231]
Event: 0.596 Thread 0x000001ab18bab000 Exception <a 'java/io/FileNotFoundException'{0x00000000eaf92e48}> (0x00000000eaf92e48) thrown at [./src/hotspot/share/prims/jni.cpp, line 615]
Event: 0.596 Thread 0x000001ab18bab000 Exception <a 'java/io/FileNotFoundException'{0x00000000eaf93c20}> (0x00000000eaf93c20) thrown at [./src/hotspot/share/prims/jni.cpp, line 615]
Event: 0.597 Thread 0x000001ab18bab000 Exception <a 'java/io/FileNotFoundException'{0x00000000eaf948b8}> (0x00000000eaf948b8) thrown at [./src/hotspot/share/prims/jni.cpp, line 615]
Event: 0.597 Thread 0x000001ab18bab000 Exception <a 'java/io/FileNotFoundException'{0x00000000eaf95588}> (0x00000000eaf95588) thrown at [./src/hotspot/share/prims/jni.cpp, line 615]
Event: 0.603 Thread 0x000001ab18bab000 Exception <a 'java/io/FileNotFoundException'{0x00000000eafb1740}> (0x00000000eafb1740) thrown at [./src/hotspot/share/prims/jni.cpp, line 615]
Event: 0.883 Thread 0x000001ab18bab000 Exception <a 'java/lang/ClassNotFoundException'{0x00000000eb67ae70}: sun/net/www/protocol/c/Handler> (0x00000000eb67ae70) thrown at [./src/hotspot/share/classfile/systemDictionary.cpp, line 231]
Event: 0.884 Thread 0x000001ab18bab000 Exception <a 'java/lang/ClassNotFoundException'{0x00000000eb67c368}: sun/net/www/protocol/c/Handler> (0x00000000eb67c368) thrown at [./src/hotspot/share/classfile/systemDictionary.cpp, line 231]
Event: 0.884 Thread 0x000001ab18bab000 Exception <a 'java/lang/ClassNotFoundException'{0x00000000eb67d6d8}: sun/net/www/protocol/c/Handler> (0x00000000eb67d6d8) thrown at [./src/hotspot/share/classfile/systemDictionary.cpp, line 231]

Events (20 events):
Event: 0.848 loading class org/eclipse/osgi/internal/container/InternalUtils
Event: 0.848 loading class org/eclipse/osgi/internal/container/InternalUtils done
Event: 0.849 loading class java/util/Random
Event: 0.850 loading class java/util/Random done
Event: 0.850 loading class java/util/UUID
Event: 0.850 loading class java/util/UUID done
Event: 0.850 loading class org/eclipse/osgi/internal/location/EquinoxLocations
Event: 0.850 loading class org/eclipse/osgi/internal/location/EquinoxLocations done
Event: 0.853 loading class org/eclipse/osgi/internal/location/BasicLocation
Event: 0.853 loading class org/eclipse/osgi/internal/location/BasicLocation done
Event: 0.866 loading class org/eclipse/osgi/service/datalocation/Location
Event: 0.866 loading class org/eclipse/osgi/service/datalocation/Location done
Event: 0.883 loading class sun/net/www/protocol/c/Handler
Event: 0.883 loading class sun/net/www/protocol/c/Handler done
Event: 0.884 loading class sun/net/www/protocol/c/Handler
Event: 0.884 loading class sun/net/www/protocol/c/Handler done
Event: 0.884 loading class sun/net/www/protocol/c/Handler
Event: 0.884 loading class sun/net/www/protocol/c/Handler done
Event: 0.890 loading class org/eclipse/osgi/storage/StorageUtil
Event: 0.890 loading class org/eclipse/osgi/storage/StorageUtil done


Dynamic libraries:
0x00007ff734760000 - 0x00007ff73476d000 	C:\Program Files\Eclipse Foundation\jdk-11.0.12.7-hotspot\bin\java.exe
0x00007ffb52810000 - 0x00007ffb52a04000 	C:\WINDOWS\SYSTEM32\ntdll.dll
0x00007ffb51cc0000 - 0x00007ffb51d7d000 	C:\WINDOWS\System32\KERNEL32.DLL
0x00007ffb503a0000 - 0x00007ffb50667000 	C:\WINDOWS\System32\KERNELBASE.dll
0x00007ffb50770000 - 0x00007ffb50870000 	C:\WINDOWS\System32\ucrtbase.dll
0x00007ffb3d090000 - 0x00007ffb3d0a5000 	C:\Program Files\Eclipse Foundation\jdk-11.0.12.7-hotspot\bin\VCRUNTIME140.dll
0x00007ffb39b40000 - 0x00007ffb39b57000 	C:\Program Files\Eclipse Foundation\jdk-11.0.12.7-hotspot\bin\jli.dll
0x00007ffb50a30000 - 0x00007ffb50bd0000 	C:\WINDOWS\System32\USER32.dll
0x00007ffb50160000 - 0x00007ffb50182000 	C:\WINDOWS\System32\win32u.dll
0x00007ffb517c0000 - 0x00007ffb517ea000 	C:\WINDOWS\System32\GDI32.dll
0x00007ffb501e0000 - 0x00007ffb502ea000 	C:\WINDOWS\System32\gdi32full.dll
0x00007ffb50670000 - 0x00007ffb5070d000 	C:\WINDOWS\System32\msvcp_win.dll
0x00007ffb3f150000 - 0x00007ffb3f3ea000 	C:\WINDOWS\WinSxS\amd64_microsoft.windows.common-controls_6595b64144ccf1df_6.0.19041.1_none_b555e41d4684ddec\COMCTL32.dll
0x00007ffb50d30000 - 0x00007ffb50dce000 	C:\WINDOWS\System32\msvcrt.dll
0x00007ffb51ae0000 - 0x00007ffb51b10000 	C:\WINDOWS\System32\IMM32.DLL
0x00007ffb07b10000 - 0x00007ffb07bab000 	C:\Program Files\Eclipse Foundation\jdk-11.0.12.7-hotspot\bin\msvcp140.dll
0x00007ffb02100000 - 0x00007ffb02c59000 	C:\Program Files\Eclipse Foundation\jdk-11.0.12.7-hotspot\bin\server\jvm.dll
0x00007ffb51860000 - 0x00007ffb5190a000 	C:\WINDOWS\System32\ADVAPI32.dll
0x00007ffb51e10000 - 0x00007ffb51eab000 	C:\WINDOWS\System32\sechost.dll
0x00007ffb51b10000 - 0x00007ffb51c33000 	C:\WINDOWS\System32\RPCRT4.dll
0x00007ffb51eb0000 - 0x00007ffb51eb8000 	C:\WINDOWS\System32\PSAPI.DLL
0x00007ffb4ba10000 - 0x00007ffb4ba19000 	C:\WINDOWS\SYSTEM32\WSOCK32.dll
0x00007ffb517f0000 - 0x00007ffb5185b000 	C:\WINDOWS\System32\WS2_32.dll
0x00007ffb40d60000 - 0x00007ffb40d87000 	C:\WINDOWS\SYSTEM32\WINMM.dll
0x00007ffb47770000 - 0x00007ffb4777a000 	C:\WINDOWS\SYSTEM32\VERSION.dll
0x00007ffb4e850000 - 0x00007ffb4e863000 	C:\WINDOWS\SYSTEM32\kernel.appcore.dll
0x00007ffb4b930000 - 0x00007ffb4b940000 	C:\Program Files\Eclipse Foundation\jdk-11.0.12.7-hotspot\bin\verify.dll
0x00007ffb4e580000 - 0x00007ffb4e764000 	C:\WINDOWS\SYSTEM32\DBGHELP.DLL
0x00007ffb490f0000 - 0x00007ffb4911c000 	C:\WINDOWS\SYSTEM32\dbgcore.DLL
0x00007ffb500e0000 - 0x00007ffb5015f000 	C:\WINDOWS\System32\bcryptPrimitives.dll
0x00007ffb218e0000 - 0x00007ffb21908000 	C:\Program Files\Eclipse Foundation\jdk-11.0.12.7-hotspot\bin\java.dll
0x00007ffb4b690000 - 0x00007ffb4b69a000 	C:\Program Files\Eclipse Foundation\jdk-11.0.12.7-hotspot\bin\jimage.dll
0x00007ffb252f0000 - 0x00007ffb25307000 	C:\Program Files\Eclipse Foundation\jdk-11.0.12.7-hotspot\bin\zip.dll
0x00007ffb51ec0000 - 0x00007ffb525f1000 	C:\WINDOWS\System32\SHELL32.dll
0x00007ffb4dd30000 - 0x00007ffb4e4ba000 	C:\WINDOWS\SYSTEM32\windows.storage.dll
0x00007ffb51450000 - 0x00007ffb517a4000 	C:\WINDOWS\System32\combase.dll
0x00007ffb4f9d0000 - 0x00007ffb4f9fb000 	C:\WINDOWS\SYSTEM32\Wldp.dll
0x00007ffb52600000 - 0x00007ffb526ae000 	C:\WINDOWS\System32\SHCORE.dll
0x00007ffb51970000 - 0x00007ffb519c5000 	C:\WINDOWS\System32\shlwapi.dll
0x00007ffb4fe90000 - 0x00007ffb4feaf000 	C:\WINDOWS\SYSTEM32\profapi.dll
0x00007ffb23410000 - 0x00007ffb23429000 	C:\Program Files\Eclipse Foundation\jdk-11.0.12.7-hotspot\bin\net.dll
0x00007ffb3fe80000 - 0x00007ffb3ff82000 	C:\WINDOWS\SYSTEM32\WINHTTP.dll
0x00007ffb4f750000 - 0x00007ffb4f7ba000 	C:\WINDOWS\system32\mswsock.dll
0x00007ffb21180000 - 0x00007ffb21192000 	C:\Program Files\Eclipse Foundation\jdk-11.0.12.7-hotspot\bin\nio.dll
0x00007ffb18dd0000 - 0x00007ffb18e0e000 	C:\Users\User\AppData\Roaming\Code\User\globalStorage\redhat.java\0.82.0\config_ss_win\org.eclipse.equinox.launcher\org.eclipse.equinox.launcher.win32.win32.x86_64_1.2.300.v20210828-0802\eclipse_11506.dll
0x00007ffb50c00000 - 0x00007ffb50d2b000 	C:\WINDOWS\System32\ole32.dll

dbghelp: loaded successfully - version: 4.0.5 - missing functions: none
symbol engine: initialized successfully - sym options: 0x614 - pdb path: .;C:\Program Files\Eclipse Foundation\jdk-11.0.12.7-hotspot\bin;C:\WINDOWS\SYSTEM32;C:\WINDOWS\WinSxS\amd64_microsoft.windows.common-controls_6595b64144ccf1df_6.0.19041.1_none_b555e41d4684ddec;C:\Program Files\Eclipse Foundation\jdk-11.0.12.7-hotspot\bin\server;C:\Users\User\AppData\Roaming\Code\User\globalStorage\redhat.java\0.82.0\config_ss_win\org.eclipse.equinox.launcher\org.eclipse.equinox.launcher.win32.win32.x86_64_1.2.300.v20210828-0802

VM Arguments:
jvm_args: --add-modules=ALL-SYSTEM --add-opens=java.base/java.util=ALL-UNNAMED --add-opens=java.base/java.lang=ALL-UNNAMED -Declipse.application=org.eclipse.jdt.ls.core.id1 -Dosgi.bundles.defaultStartLevel=4 -Declipse.product=org.eclipse.jdt.ls.core.product -Dfile.encoding=utf8 -DwatchParentProcess=false -XX:+UseParallelGC -XX:GCTimeRatio=4 -XX:AdaptiveSizePolicyWeight=90 -Dsun.zip.disableMemoryMapping=true -Xmx1G -Xms100m -Xverify:none 
java_command: c:\Users\User\.vscode\extensions\redhat.java-0.82.0\server\plugins\org.eclipse.equinox.launcher_1.6.300.v20210813-1054.jar -configuration c:\Users\User\AppData\Roaming\Code\User\globalStorage\redhat.java\0.82.0\config_ss_win -data c:\Users\User\AppData\Roaming\Code\User\workspaceStorage\c3096344b3a4e59383c1365647bf3051\redhat.java\ss_ws
java_class_path (initial): c:\Users\User\.vscode\extensions\redhat.java-0.82.0\server\plugins\org.eclipse.equinox.launcher_1.6.300.v20210813-1054.jar
Launcher Type: SUN_STANDARD

[Global flags]
    uintx AdaptiveSizePolicyWeight                 = 90                                        {product} {command line}
     bool BytecodeVerificationLocal                = false                                     {product} {command line}
     bool BytecodeVerificationRemote               = false                                     {product} {command line}
     intx CICompilerCount                          = 3                                         {product} {ergonomic}
    uintx GCTimeRatio                              = 4                                         {product} {command line}
   size_t InitialHeapSize                          = 104857600                                 {product} {command line}
   size_t MaxHeapSize                              = 1073741824                                {product} {command line}
   size_t MaxNewSize                               = 357564416                                 {product} {ergonomic}
   size_t MinHeapDeltaBytes                        = 524288                                    {product} {ergonomic}
   size_t NewSize                                  = 34603008                                  {product} {ergonomic}
    uintx NonNMethodCodeHeapSize                   = 5830732                                {pd product} {ergonomic}
    uintx NonProfiledCodeHeapSize                  = 122913754                              {pd product} {ergonomic}
   size_t OldSize                                  = 70254592                                  {product} {ergonomic}
    uintx ProfiledCodeHeapSize                     = 122913754                              {pd product} {ergonomic}
    uintx ReservedCodeCacheSize                    = 251658240                              {pd product} {ergonomic}
     bool SegmentedCodeCache                       = true                                      {product} {ergonomic}
     bool UseCompressedClassPointers               = true                                 {lp64_product} {ergonomic}
     bool UseCompressedOops                        = true                                 {lp64_product} {ergonomic}
     bool UseLargePagesIndividualAllocation        = false                                  {pd product} {ergonomic}
     bool UseParallelGC                            = true                                      {product} {command line}

Logging:
Log output configuration:
 #0: stdout all=warning uptime,level,tags
 #1: stderr all=off uptime,level,tags

Environment Variables:
JAVA_HOME=C:\Program Files\Eclipse Foundation\jdk-11.0.12.7-hotspot
PATH=C:\Program Files\Eclipse Foundation\jdk-11.0.12.7-hotspot\bin;C:\ProgramData\Oracle\Java\javapath;C:\Program Files\Rockwell Software\RSCommon;C:\Program Files\ImageMagick-7.0.10-Q16-HDRI;C:\Program Files (x86)\Intel\TXE Components\TCS\;C:\Program Files\Intel\TXE Components\TCS\;C:\Windows\system32;C:\Windows;C:\Windows\System32\Wbem;C:\Windows\System32\WindowsPowerShell\v1.0\;C:\Program Files (x86)\NVIDIA Corporation\PhysX\Common;C:\Program Files\Microsoft SQL Server\130\Tools\Binn\;C:\Program Files\dotnet\;C:\Program Files\MiKTeX 2.9\miktex\bin\x64\;C:\WINDOWS\system32;C:\WINDOWS;C:\WINDOWS\System32\Wbem;C:\WINDOWS\System32\WindowsPowerShell\v1.0\;C:\WINDOWS\System32\OpenSSH\;C:\Program Files\MATLAB\R2018a\runtime\win64;C:\Program Files\MATLAB\R2018a\bin;C:\Program Files\nodejs\;C:\ProgramData\chocolatey\bin;C:\Program Files\Microsoft SQL Server\Client SDK\ODBC\130\Tools\Binn\;C:\Program Files (x86)\Microsoft SQL Server\140\Tools\Binn\;C:\Program Files\Microsoft SQL Server\140\Tools\Binn\;C:\Program Files\Microsoft SQL Server\140\DTS\Binn\;C:\Program Files (x86)\Microsoft SQL Server\150\DTS\Binn\;C:\Program Files\Git\cmd;C:\apache-maven-3.8.3\bin;C:\Program Files\Eclipse Foundation\jdk-11.0.12.7-hotspot\bin;C:\Program Files\MySQL\MySQL Shell 8.0\bin\;C:\Users\User\AppData\Local\Microsoft\WindowsApps;C:\Users\User\AppData\Local\atom\bin;C:\Users\User\AppData\Roaming\npm;C:\Users\User\AppData\Local\Microsoft\WindowsApps;C:\Users\User\AppData\Local\Programs\Microsoft VS Code\bin;C:\Program Files\Python36;C:\Program Files\Python36\Scripts;
USERNAME=User
OS=Windows_NT
PROCESSOR_IDENTIFIER=Intel64 Family 6 Model 142 Stepping 9, GenuineIntel



---------------  S Y S T E M  ---------------

OS: Windows 10 , 64 bit Build 19041 (10.0.19041.1)
OS uptime: 7 days 1:05 hours

CPU:total 4 (initial active 4) (2 cores per cpu, 2 threads per core) family 6 model 142 stepping 9 microcode 0xb4, cmov, cx8, fxsr, mmx, sse, sse2, sse3, ssse3, sse4.1, sse4.2, popcnt, avx, avx2, aes, clmul, erms, 3dnowpref, lzcnt, ht, tsc, tscinvbit, bmi1, bmi2, adx, fma

Memory: 4k page, system-wide physical 8073M (1585M free)
TotalPageFile size 8073M (AvailPageFile size 2M)
current process WorkingSet (physical memory assigned to process): 56M, peak: 56M
current process commit charge ("private bytes"): 186M, peak: 186M

vm_info: OpenJDK 64-Bit Server VM (11.0.12+7) for windows-amd64 JRE (11.0.12+7), built on Jul 21 2021 16:23:49 by "" with unknown MS VC++:1916

END.
