#
# A fatal error has been detected by the Java Runtime Environment:
#
#  EXCEPTION_STACK_OVERFLOW (0xc00000fd) at pc=0x00007ffb024760d3, pid=4112, tid=15672
#
# JRE version: OpenJDK Runtime Environment Temurin-11.0.12+7 (11.0.12+7) (build 11.0.12+7)
# Java VM: OpenJDK 64-Bit Server VM Temurin-11.0.12+7 (11.0.12+7, mixed mode, tiered, compressed oops, parallel gc, windows-amd64)
# Problematic frame:
# V  [jvm.dll+0x3760d3]
#
# No core dump will be written. Minidumps are not enabled by default on client versions of Windows
#
# If you would like to submit a bug report, please visit:
#   https://github.com/adoptium/adoptium-support/issues
#

---------------  S U M M A R Y ------------

Command Line: --add-modules=ALL-SYSTEM --add-opens=java.base/java.util=ALL-UNNAMED --add-opens=java.base/java.lang=ALL-UNNAMED -Declipse.application=org.eclipse.jdt.ls.core.id1 -Dosgi.bundles.defaultStartLevel=4 -Declipse.product=org.eclipse.jdt.ls.core.product -Dfile.encoding=utf8 -DwatchParentProcess=false -XX:+UseParallelGC -XX:GCTimeRatio=4 -XX:AdaptiveSizePolicyWeight=90 -Dsun.zip.disableMemoryMapping=true -Xmx1G -Xms100m -Xverify:none c:\Users\User\.vscode\extensions\redhat.java-0.82.0\server\plugins\org.eclipse.equinox.launcher_1.6.300.v20210813-1054.jar -configuration c:\Users\User\AppData\Roaming\Code\User\globalStorage\redhat.java\0.82.0\config_win -data c:\Users\User\AppData\Roaming\Code\User\workspaceStorage\c3096344b3a4e59383c1365647bf3051\redhat.java\jdt_ws

Host: Intel(R) Core(TM) i5-7200U CPU @ 2.50GHz, 4 cores, 7G,  Windows 10 , 64 bit Build 19041 (10.0.19041.1)
Time: Sat Oct 16 16:23:52 2021 Hora est. Pacífico, Sudamérica elapsed time: 207.722151 seconds (0d 0h 3m 27s)

---------------  T H R E A D  ---------------

Current thread (0x000001f02a677800):  JavaThread "RxNewThreadScheduler-2" daemon [_thread_in_vm, id=15672, stack(0x0000005978800000,0x0000005978900000)]

Stack: [0x0000005978800000,0x0000005978900000],  sp=0x00000059788fc5c0,  free space=1009k
Native frames: (J=compiled Java code, j=interpreted, Vv=VM code, C=native code)
V  [jvm.dll+0x3760d3]
V  [jvm.dll+0x601c32]
V  [jvm.dll+0x375e3e]
V  [jvm.dll+0x3eae74]
C  [java.dll+0x1011]

Java frames: (J=compiled Java code, j=interpreted, Vv=VM code)
J 1607  java.security.AccessController.doPrivileged(Ljava/security/PrivilegedAction;)Ljava/lang/Object; java.base@11.0.12 (0 bytes) @ 0x000001f01c1cc192 [0x000001f01c1cc140+0x0000000000000052]
j  java.lang.invoke.InnerClassLambdaMetafactory.buildCallSite()Ljava/lang/invoke/CallSite;+30 java.base@11.0.12
J 9119 c1 java.lang.invoke.LambdaMetafactory.metafactory(Ljava/lang/invoke/MethodHandles$Lookup;Ljava/lang/String;Ljava/lang/invoke/MethodType;Ljava/lang/invoke/MethodType;Ljava/lang/invoke/MethodHandle;Ljava/lang/invoke/MethodType;)Ljava/lang/invoke/CallSite; java.base@11.0.12 (35 bytes) @ 0x000001f0162e1324 [0x000001f0162e1160+0x00000000000001c4]
j  java.lang.invoke.LambdaForm$DMH.invokeStatic(Ljava/lang/Object;Ljava/lang/Object;Ljava/lang/Object;Ljava/lang/Object;Ljava/lang/Object;Ljava/lang/Object;Ljava/lang/Object;)Ljava/lang/Object;+26 java.base@11.0.12
J 9082 c1 java.lang.invoke.BootstrapMethodInvoker.invoke(Ljava/lang/Class;Ljava/lang/invoke/MethodHandle;Ljava/lang/String;Ljava/lang/Object;Ljava/lang/Object;Ljava/lang/Class;)Ljava/lang/Object; java.base@11.0.12 (688 bytes) @ 0x000001f0162c58a4 [0x000001f0162bfd40+0x0000000000005b64]
J 9081 c1 java.lang.invoke.CallSite.makeSite(Ljava/lang/invoke/MethodHandle;Ljava/lang/String;Ljava/lang/invoke/MethodType;Ljava/lang/Object;Ljava/lang/Class;)Ljava/lang/invoke/CallSite; java.base@11.0.12 (91 bytes) @ 0x000001f0162bd8e4 [0x000001f0162bd860+0x0000000000000084]
J 4022 c1 java.lang.invoke.MethodHandleNatives.linkCallSiteImpl(Ljava/lang/Class;Ljava/lang/invoke/MethodHandle;Ljava/lang/String;Ljava/lang/invoke/MethodType;Ljava/lang/Object;[Ljava/lang/Object;)Ljava/lang/invoke/MemberName; java.base@11.0.12 (44 bytes) @ 0x000001f0154800d4 [0x000001f015480080+0x0000000000000054]
J 4021 c1 java.lang.invoke.MethodHandleNatives.linkCallSite(Ljava/lang/Object;ILjava/lang/Object;Ljava/lang/Object;Ljava/lang/Object;Ljava/lang/Object;[Ljava/lang/Object;)Ljava/lang/invoke/MemberName; java.base@11.0.12 (66 bytes) @ 0x000001f01547fbf4 [0x000001f01547fae0+0x0000000000000114]
v  ~StubRoutines::call_stub
j  com.microsoft.java.debug.core.adapter.ProcessConsole.lambda$lineMessages$6(Lcom/microsoft/java/debug/core/adapter/ProcessConsole$ConsoleMessage;)[Lcom/microsoft/java/debug/core/adapter/ProcessConsole$ConsoleMessage;+25
j  com.microsoft.java.debug.core.adapter.ProcessConsole$$Lambda$383.apply(Ljava/lang/Object;)Ljava/lang/Object;+4
j  io.reactivex.internal.operators.observable.ObservableMap$MapObserver.poll()Ljava/lang/Object;+19
j  io.reactivex.internal.operators.observable.ObservableConcatMap$SourceObserver.drain()V+41
j  io.reactivex.internal.operators.observable.ObservableConcatMap$SourceObserver.onNext(Ljava/lang/Object;)V+27
j  io.reactivex.internal.operators.observable.ObservableMap$MapObserver.onNext(Ljava/lang/Object;)V+20
j  io.reactivex.internal.operators.observable.ObservableObserveOn$ObserveOnObserver.drainFused()V+61
j  io.reactivex.internal.operators.observable.ObservableObserveOn$ObserveOnObserver.run()V+8
j  io.reactivex.internal.schedulers.ScheduledRunnable.run()V+12
j  io.reactivex.internal.schedulers.ScheduledRunnable.call()Ljava/lang/Object;+1
j  java.util.concurrent.FutureTask.run()V+39 java.base@11.0.12
j  java.util.concurrent.ScheduledThreadPoolExecutor$ScheduledFutureTask.run()V+28 java.base@11.0.12
j  java.util.concurrent.ThreadPoolExecutor.runWorker(Ljava/util/concurrent/ThreadPoolExecutor$Worker;)V+92 java.base@11.0.12
j  java.util.concurrent.ThreadPoolExecutor$Worker.run()V+5 java.base@11.0.12
j  java.lang.Thread.run()V+11 java.base@11.0.12
v  ~StubRoutines::call_stub

siginfo: EXCEPTION_STACK_OVERFLOW (0xc00000fd), ExceptionInformation=0x0000000000000001 0x00000059788f55c0 


Register to memory mapping:

RIP=0x00007ffb024760d3 jvm.dll
RAX=0x0000000000000001 is an unknown value
RBX=0x00000059788f55c0 is pointing into the stack for thread: 0x000001f02a677800
RCX=0x0000000000001000 is an unknown value
RDX=0x0 is NULL
RSP=0x00000059788fc5c0 is pointing into the stack for thread: 0x000001f02a677800
RBP=0x00000059788fc6c0 is pointing into the stack for thread: 0x000001f02a677800
RSI=0x00000059788fc8f0 is pointing into the stack for thread: 0x000001f02a677800
RDI=0x000001f037cb1e48 points into unknown readable memory: 0x00000000eb009dd0 | d0 9d 00 eb 00 00 00 00
R8 =0x00000059788fc5c0 is pointing into the stack for thread: 0x000001f02a677800
R9 =0x000000000000012f is an unknown value
R10=0x00000059788fc7c0 is pointing into the stack for thread: 0x000001f02a677800
R11=0x00000059788fc820 is pointing into the stack for thread: 0x000001f02a677800
R12=0x00000059788fc7c0 is pointing into the stack for thread: 0x000001f02a677800
R13=0x00000059788fc820 is pointing into the stack for thread: 0x000001f02a677800
R14=0x000001f02a677800 is a thread
R15=0x0 is NULL


Registers:
RAX=0x0000000000000001, RBX=0x00000059788f55c0, RCX=0x0000000000001000, RDX=0x0000000000000000
RSP=0x00000059788fc5c0, RBP=0x00000059788fc6c0, RSI=0x00000059788fc8f0, RDI=0x000001f037cb1e48
R8 =0x00000059788fc5c0, R9 =0x000000000000012f, R10=0x00000059788fc7c0, R11=0x00000059788fc820
R12=0x00000059788fc7c0, R13=0x00000059788fc820, R14=0x000001f02a677800, R15=0x0000000000000000
RIP=0x00007ffb024760d3, EFLAGS=0x0000000000010206

Top of Stack: (sp=0x00000059788fc5c0)
0x00000059788fc5c0:   00000059788fc5c0 00000059788fc8f0
0x00000059788fc5d0:   00000059788fc580 000001f0146c73e0
0x00000059788fc5e0:   0000000000000000 000001f0146c73ef
0x00000059788fc5f0:   000001f0146c73f7 0000000000000000
0x00000059788fc600:   000001f01468e240 0000000000000000
0x00000059788fc610:   000001f0146c73e0 0000000001000000
0x00000059788fc620:   00000059788fc580 0000000000000000
0x00000059788fc630:   0000000000000000 0000000000000000
0x00000059788fc640:   0000000000000000 0000000000000000
0x00000059788fc650:   0000000000000000 0000000000000000
0x00000059788fc660:   0000000000000000 00007ffb023d0dbf
0x00000059788fc670:   00000059788fc580 0000000000000000
0x00000059788fc680:   0000000000000000 00007ffb023d0dbf
0x00000059788fc690:   000001f037cb1e48 00007ffb023d0d5c
0x00000059788fc6a0:   00000059788fc720 00007ffb0227f174
0x00000059788fc6b0:   00000059788fc9f0 00007ffb023d18b3 

Instructions: (pc=0x00007ffb024760d3)
0x00007ffb02475fd3:   55 00 8d 42 fc 83 f8 0a 77 3a 4c 8d 05 1c a0 c8
0x00007ffb02475fe3:   ff 48 98 41 8b 8c 80 ec 63 37 00 49 03 c8 ff e1
0x00007ffb02475ff3:   c7 45 78 0a 00 00 00 eb 3c c7 45 78 0b 00 00 00
0x00007ffb02476003:   eb 33 c7 45 78 06 00 00 00 eb 2a c7 45 78 07 00
0x00007ffb02476013:   00 00 eb 21 ba b3 00 00 00 48 8d 0d 95 a4 52 00
0x00007ffb02476023:   e8 d8 5c ed ff e8 53 3f 28 00 41 8b 55 00 c7 45
0x00007ffb02476033:   78 63 00 00 00 8d 42 f4 83 f8 01 49 8b 04 24 0f
0x00007ffb02476043:   96 45 70 8b 40 20 c1 e8 03 a8 01 75 0d 48 8b 46
0x00007ffb02476053:   58 48 8b 38 48 89 7d d0 eb 0a 48 c7 45 d8 00 00
0x00007ffb02476063:   00 00 33 ff 41 83 be 08 04 00 00 03 74 08 49 8b
0x00007ffb02476073:   ce e8 a7 86 3d 00 e8 b2 ba 28 00 4c 8b c0 49 8b
0x00007ffb02476083:   d4 49 8b ce 48 8b d8 e8 c1 08 28 00 84 c0 75 1d
0x00007ffb02476093:   4d 8b cc 48 8d 15 1b a4 52 00 41 b8 a4 01 00 00
0x00007ffb024760a3:   49 8b ce e8 25 57 f5 ff e9 56 02 00 00 48 63 0d
0x00007ffb024760b3:   d1 1d 72 00 33 d2 48 8b 05 60 f5 73 00 48 f7 f1
0x00007ffb024760c3:   48 83 f8 01 72 13 0f 1f 80 00 00 00 00 48 2b d9
0x00007ffb024760d3:   c6 03 00 48 83 e8 01 75 f4 4d 85 ff 74 57 49 8b
0x00007ffb024760e3:   07 49 8b cf ff 90 88 00 00 00 84 c0 0f 84 c7 00
0x00007ffb024760f3:   00 00 49 8b 07 49 8b cf ff 90 d8 00 00 00 49 89
0x00007ffb02476103:   86 f8 03 00 00 49 8b 04 24 48 8b 48 08 48 3b 0d
0x00007ffb02476113:   59 40 70 00 73 12 48 3b 0d 48 40 70 00 72 09 48
0x00007ffb02476123:   8b 41 18 48 8b 08 eb 04 48 8b 49 18 48 8b 41 18
0x00007ffb02476133:   48 89 44 24 40 4d 8b cd 4c 89 74 24 20 4c 8b c7
0x00007ffb02476143:   48 8d 4c 24 50 49 8b d4 e8 70 fa ff ff 49 83 7e
0x00007ffb02476153:   08 00 0f 85 24 01 00 00 49 8b d6 48 8d 4d e0 e8
0x00007ffb02476163:   b9 7c fc ff 44 8b 7e 68 33 ff 45 85 ff 0f 8e c1
0x00007ffb02476173:   00 00 00 33 db 0f 1f 84 00 00 00 00 00 48 8b 46
0x00007ffb02476183:   60 0f b6 0c 18 85 c9 0f 84 99 00 00 00 48 8b 46
0x00007ffb02476193:   58 48 8b 14 d8 83 e9 02 74 70 83 f9 01 74 42 ba
0x00007ffb024761a3:   f4 01 00 00 48 8d 0d 0a a3 52 00 e8 4d 5b ed ff
0x00007ffb024761b3:   e8 c8 3d 28 00 33 c9 eb 5d 4c 8b 0d c5 55 74 00
0x00007ffb024761c3:   48 8d 15 ee a2 52 00 33 f6 41 b8 b1 01 00 00 49 


Stack slot to memory mapping:
stack at sp + 0 slots: 0x00000059788fc5c0 is pointing into the stack for thread: 0x000001f02a677800
stack at sp + 1 slots: 0x00000059788fc8f0 is pointing into the stack for thread: 0x000001f02a677800
stack at sp + 2 slots: 0x00000059788fc580 is pointing into the stack for thread: 0x000001f02a677800
stack at sp + 3 slots: 0x000001f0146c73e0 is pointing into InlineCacheBuffer
stack at sp + 4 slots: 0x0 is NULL
stack at sp + 5 slots: 0x000001f0146c73ef is pointing into InlineCacheBuffer
stack at sp + 6 slots: 0x000001f0146c73f7 is pointing into InlineCacheBuffer
stack at sp + 7 slots: 0x0 is NULL


---------------  P R O C E S S  ---------------

Threads class SMR info:
_java_thread_list=0x000001f02795d800, length=34, elements={
0x000001f00bf5b800, 0x000001f026010800, 0x000001f026011800, 0x000001f0271d2800,
0x000001f026031800, 0x000001f026033800, 0x000001f026034000, 0x000001f0271df000,
0x000001f0271ff800, 0x000001f0272ea800, 0x000001f02799a000, 0x000001f02819f800,
0x000001f027b33800, 0x000001f028153800, 0x000001f028544800, 0x000001f0286b2800,
0x000001f02758c000, 0x000001f027bd7000, 0x000001f028945000, 0x000001f028946000,
0x000001f028946800, 0x000001f028948800, 0x000001f028943800, 0x000001f02a672000,
0x000001f02a66e000, 0x000001f02a673000, 0x000001f02a66e800, 0x000001f02a675000,
0x000001f02a670800, 0x000001f02a676000, 0x000001f02a67a000, 0x000001f02a67c800,
0x000001f02a677000, 0x000001f02a677800
}

Java Threads: ( => current thread )
  0x000001f00bf5b800 JavaThread "main" [_thread_blocked, id=15392, stack(0x0000005976200000,0x0000005976300000)]
  0x000001f026010800 JavaThread "Reference Handler" daemon [_thread_blocked, id=11272, stack(0x0000005976500000,0x0000005976600000)]
  0x000001f026011800 JavaThread "Finalizer" daemon [_thread_blocked, id=4728, stack(0x0000005976600000,0x0000005976700000)]
  0x000001f0271d2800 JavaThread "Signal Dispatcher" daemon [_thread_blocked, id=6636, stack(0x0000005976700000,0x0000005976800000)]
  0x000001f026031800 JavaThread "Attach Listener" daemon [_thread_blocked, id=528, stack(0x0000005976800000,0x0000005976900000)]
  0x000001f026033800 JavaThread "Service Thread" daemon [_thread_blocked, id=16284, stack(0x0000005976900000,0x0000005976a00000)]
  0x000001f026034000 JavaThread "C2 CompilerThread0" daemon [_thread_blocked, id=7592, stack(0x0000005976a00000,0x0000005976b00000)]
  0x000001f0271df000 JavaThread "C1 CompilerThread0" daemon [_thread_blocked, id=12916, stack(0x0000005976b00000,0x0000005976c00000)]
  0x000001f0271ff800 JavaThread "Sweeper thread" daemon [_thread_blocked, id=14756, stack(0x0000005976c00000,0x0000005976d00000)]
  0x000001f0272ea800 JavaThread "Common-Cleaner" daemon [_thread_blocked, id=4260, stack(0x0000005976d00000,0x0000005976e00000)]
  0x000001f02799a000 JavaThread "Active Thread: Equinox Container: 84f082a5-08fc-4356-b116-f81bbe88e022" [_thread_blocked, id=16332, stack(0x0000005977000000,0x0000005977100000)]
  0x000001f02819f800 JavaThread "Framework Event Dispatcher: Equinox Container: 84f082a5-08fc-4356-b116-f81bbe88e022" daemon [_thread_blocked, id=10920, stack(0x0000005977100000,0x0000005977200000)]
  0x000001f027b33800 JavaThread "Start Level: Equinox Container: 84f082a5-08fc-4356-b116-f81bbe88e022" daemon [_thread_blocked, id=14956, stack(0x0000005977200000,0x0000005977300000)]
  0x000001f028153800 JavaThread "SCR Component Actor" daemon [_thread_blocked, id=4484, stack(0x0000005977600000,0x0000005977700000)]
  0x000001f028544800 JavaThread "Bundle File Closer" daemon [_thread_blocked, id=8048, stack(0x0000005977800000,0x0000005977900000)]
  0x000001f0286b2800 JavaThread "Worker-JM" [_thread_blocked, id=14168, stack(0x0000005977900000,0x0000005977a00000)]
  0x000001f02758c000 JavaThread "Worker-0: Send Classpath Notifications" [_thread_blocked, id=2952, stack(0x0000005976f00000,0x0000005977000000)]
  0x000001f027bd7000 JavaThread "Worker-1" [_thread_blocked, id=9704, stack(0x0000005977a00000,0x0000005977b00000)]
  0x000001f028945000 JavaThread "Java indexing" daemon [_thread_blocked, id=7780, stack(0x0000005977c00000,0x0000005977d00000)]
  0x000001f028946000 JavaThread "logback configurator timer" daemon [_thread_blocked, id=1272, stack(0x0000005977e00000,0x0000005977f00000)]
  0x000001f028946800 JavaThread "pool-2-thread-1" [_thread_in_native, id=16324, stack(0x0000005977f00000,0x0000005978000000)]
  0x000001f028948800 JavaThread "Worker-3" [_thread_blocked, id=5068, stack(0x0000005978000000,0x0000005978100000)]
  0x000001f028943800 JavaThread "ForkJoinPool.commonPool-worker-7" daemon [_thread_blocked, id=6984, stack(0x0000005978100000,0x0000005978200000)]
  0x000001f02a672000 JavaThread "ForkJoinPool.commonPool-worker-1" daemon [_thread_blocked, id=6200, stack(0x0000005976100000,0x0000005976200000)]
  0x000001f02a66e000 JavaThread "ForkJoinPool.commonPool-worker-3" daemon [_thread_blocked, id=3020, stack(0x0000005977700000,0x0000005977800000)]
  0x000001f02a673000 JavaThread "Java Debug Server" daemon [_thread_in_native, id=7500, stack(0x0000005977b00000,0x0000005977c00000)]
  0x000001f02a66e800 JavaThread "pool-3-thread-1" [_thread_in_native, id=6664, stack(0x0000005977d00000,0x0000005977e00000)]
  0x000001f02a675000 JavaThread "RxSchedulerPurge-1" daemon [_thread_blocked, id=14784, stack(0x0000005978300000,0x0000005978400000)]
  0x000001f02a670800 JavaThread "RxCachedWorkerPoolEvictor-1" daemon [_thread_blocked, id=15960, stack(0x0000005976000000,0x0000005976100000)]
  0x000001f02a676000 JavaThread "RxNewThreadScheduler-1" daemon [_thread_blocked, id=8552, stack(0x0000005978400000,0x0000005978500000)]
  0x000001f02a67a000 JavaThread "Thread-3" daemon [_thread_blocked, id=2132, stack(0x0000005978500000,0x0000005978600000)]
  0x000001f02a67c800 JavaThread "Debuggee Stdout Handler" daemon [_thread_blocked, id=3980, stack(0x0000005978600000,0x0000005978700000)]
  0x000001f02a677000 JavaThread "Debuggee Stderr Handler" daemon [_thread_blocked, id=11820, stack(0x0000005978700000,0x0000005978800000)]
=>0x000001f02a677800 JavaThread "RxNewThreadScheduler-2" daemon [_thread_in_vm, id=15672, stack(0x0000005978800000,0x0000005978900000)]

Other Threads:
  0x000001f025f47000 VMThread "VM Thread" [stack: 0x0000005976400000,0x0000005976500000] [id=1848]
  0x000001f027353000 WatcherThread [stack: 0x0000005976e00000,0x0000005976f00000] [id=14308]
  0x000001f00bf75800 GCTaskThread "ParGC Thread#0" [stack: 0x0000005976300000,0x0000005976400000] [id=16296]
  0x000001f027b34800 GCTaskThread "ParGC Thread#1" [stack: 0x0000005977300000,0x0000005977400000] [id=5020]
  0x000001f027b3b800 GCTaskThread "ParGC Thread#2" [stack: 0x0000005977400000,0x0000005977500000] [id=5884]
  0x000001f027b40800 GCTaskThread "ParGC Thread#3" [stack: 0x0000005977500000,0x0000005977600000] [id=6656]

Threads with active compile tasks:

VM state:synchronizing (normal execution)

VM Mutex/Monitor currently owned by a thread:  ([mutex/lock_event])
[0x000001f00bf5a4b0] Threads_lock - owner thread: 0x000001f025f47000

Heap address: 0x00000000c0000000, size: 1024 MB, Compressed Oops mode: 32-bit
Narrow klass base: 0x0000000000000000, Narrow klass shift: 3
Compressed class space size: 1073741824 Address: 0x0000000100000000

Heap:
 PSYoungGen      total 13824K, used 5609K [0x00000000eab00000, 0x00000000ebc80000, 0x0000000100000000)
  eden space 13312K, 39% used [0x00000000eab00000,0x00000000eb025248,0x00000000eb800000)
  from space 512K, 66% used [0x00000000eb800000,0x00000000eb855228,0x00000000eb880000)
  to   space 512K, 0% used [0x00000000ebc00000,0x00000000ebc00000,0x00000000ebc80000)
 ParOldGen       total 110592K, used 89513K [0x00000000c0000000, 0x00000000c6c00000, 0x00000000eab00000)
  object space 110592K, 80% used [0x00000000c0000000,0x00000000c576a7a0,0x00000000c6c00000)
 Metaspace       used 61036K, capacity 64130K, committed 64256K, reserved 1105920K
  class space    used 5976K, capacity 7121K, committed 7168K, reserved 1048576K

Card table byte_map: [0x000001f00b930000,0x000001f00bb40000] _byte_map_base: 0x000001f00b330000

Marking Bits: (ParMarkBitMap*) 0x00007ffb02b9bcf0
 Begin Bits: [0x000001f023680000, 0x000001f024680000)
 End Bits:   [0x000001f024680000, 0x000001f025680000)

Polling page: 0x000001f00a100000

Metaspace:

Usage:
  Non-class:     55.67 MB capacity,    53.77 MB ( 97%) used,     1.77 MB (  3%) free+waste,   133.69 KB ( <1%) overhead. 
      Class:      6.95 MB capacity,     5.84 MB ( 84%) used,     1.06 MB ( 15%) free+waste,    62.31 KB ( <1%) overhead. 
       Both:     62.63 MB capacity,    59.61 MB ( 95%) used,     2.83 MB (  5%) free+waste,   196.00 KB ( <1%) overhead. 

Virtual space:
  Non-class space:       56.00 MB reserved,      55.75 MB (>99%) committed 
      Class space:        1.00 GB reserved,       7.00 MB ( <1%) committed 
             Both:        1.05 GB reserved,      62.75 MB (  6%) committed 

Chunk freelists:
   Non-Class:  15.00 KB
       Class:  0 bytes
        Both:  15.00 KB

MaxMetaspaceSize: 17179869184.00 GB
CompressedClassSpaceSize: 1.00 GB
Initial GC threshold: 20.80 MB
Current GC threshold: 100.84 MB
CDS: off

CodeHeap 'non-profiled nmethods': size=120064Kb used=5783Kb max_used=5783Kb free=114280Kb
 bounds [0x000001f01c140000, 0x000001f01c6f0000, 0x000001f023680000]
CodeHeap 'profiled nmethods': size=120000Kb used=23366Kb max_used=23366Kb free=96633Kb
 bounds [0x000001f014c10000, 0x000001f0162f0000, 0x000001f01c140000]
CodeHeap 'non-nmethods': size=5696Kb used=1333Kb max_used=1376Kb free=4362Kb
 bounds [0x000001f014680000, 0x000001f0148f0000, 0x000001f014c10000]
 total_blobs=9641 nmethods=9007 adapters=547
 compilation: enabled
              stopped_count=0, restarted_count=0
 full_count=0

Compilation events (20 events):
Event: 205.449 Thread 0x000001f0271df000 nmethod 9113 0x000001f0162d8790 code [0x000001f0162d9020, 0x000001f0162ddd18]
Event: 205.449 Thread 0x000001f0271df000 9116       3       java.lang.invoke.TypeConvertingMethodAdapter::<init> (8 bytes)
Event: 205.450 Thread 0x000001f0271df000 nmethod 9116 0x000001f0162df790 code [0x000001f0162df940, 0x000001f0162dfb38]
Event: 205.450 Thread 0x000001f0271df000 9117       3       jdk.internal.org.objectweb.asm.MethodVisitor::visitCode (15 bytes)
Event: 205.450 Thread 0x000001f0271df000 nmethod 9117 0x000001f0162dfc10 code [0x000001f0162dfdc0, 0x000001f0162dffa8]
Event: 205.450 Thread 0x000001f0271df000 9118       3       jdk.internal.org.objectweb.asm.MethodVisitor::visitMaxs (17 bytes)
Event: 205.450 Thread 0x000001f0271df000 nmethod 9118 0x000001f0162e0090 code [0x000001f0162e0240, 0x000001f0162e0428]
Event: 205.450 Thread 0x000001f0271df000 9114       3       java.lang.invoke.InfoFromMemberName::getName (8 bytes)
Event: 205.451 Thread 0x000001f0271df000 nmethod 9114 0x000001f0162e0510 code [0x000001f0162e0700, 0x000001f0162e0ac8]
Event: 205.451 Thread 0x000001f0271df000 9115       3       java.lang.invoke.InfoFromMemberName::getMethodType (8 bytes)
Event: 205.451 Thread 0x000001f0271df000 nmethod 9115 0x000001f0162e0c10 code [0x000001f0162e0dc0, 0x000001f0162e0ee8]
Event: 205.451 Thread 0x000001f0271df000 9119       3       java.lang.invoke.LambdaMetafactory::metafactory (35 bytes)
Event: 205.451 Thread 0x000001f0271df000 nmethod 9119 0x000001f0162e0f90 code [0x000001f0162e1160, 0x000001f0162e1408]
Event: 205.451 Thread 0x000001f0271df000 9120       3       java.lang.invoke.LambdaForm::fixResult (31 bytes)
Event: 205.451 Thread 0x000001f0271df000 nmethod 9120 0x000001f0162e1510 code [0x000001f0162e16c0, 0x000001f0162e1898]
Event: 205.491 Thread 0x000001f026034000 nmethod 9087 0x000001f01c6de510 code [0x000001f01c6de940, 0x000001f01c6e2ef8]
Event: 205.495 Thread 0x000001f026034000 9112   !   4       java.util.zip.Inflater::reset (64 bytes)
Event: 205.499 Thread 0x000001f026034000 nmethod 9112 0x000001f01c6e5410 code [0x000001f01c6e55c0, 0x000001f01c6e5988]
Event: 205.499 Thread 0x000001f026034000 9080       4       java.util.ArrayDeque::add (7 bytes)
Event: 205.501 Thread 0x000001f026034000 nmethod 9080 0x000001f01c6e5b10 code [0x000001f01c6e5cc0, 0x000001f01c6e5e08]

GC Heap History (20 events):
Event: 200.726 GC heap before
{Heap before GC invocations=44 (full 4):
 PSYoungGen      total 12800K, used 12770K [0x00000000eab00000, 0x00000000ebd80000, 0x0000000100000000)
  eden space 9728K, 100% used [0x00000000eab00000,0x00000000eb480000,0x00000000eb480000)
  from space 3072K, 99% used [0x00000000eb580000,0x00000000eb878bd0,0x00000000eb880000)
  to   space 4608K, 0% used [0x00000000eb900000,0x00000000eb900000,0x00000000ebd80000)
 ParOldGen       total 91136K, used 87155K [0x00000000c0000000, 0x00000000c5900000, 0x00000000eab00000)
  object space 91136K, 95% used [0x00000000c0000000,0x00000000c551cf70,0x00000000c5900000)
 Metaspace       used 58561K, capacity 61590K, committed 61952K, reserved 1103872K
  class space    used 5725K, capacity 6798K, committed 6912K, reserved 1048576K
}
Event: 200.731 GC heap after
{Heap after GC invocations=44 (full 4):
 PSYoungGen      total 11776K, used 1540K [0x00000000eab00000, 0x00000000ebb00000, 0x0000000100000000)
  eden space 9728K, 0% used [0x00000000eab00000,0x00000000eab00000,0x00000000eb480000)
  from space 2048K, 75% used [0x00000000eb900000,0x00000000eba81390,0x00000000ebb00000)
  to   space 2560K, 0% used [0x00000000eb600000,0x00000000eb600000,0x00000000eb880000)
 ParOldGen       total 91136K, used 90153K [0x00000000c0000000, 0x00000000c5900000, 0x00000000eab00000)
  object space 91136K, 98% used [0x00000000c0000000,0x00000000c580a460,0x00000000c5900000)
 Metaspace       used 58561K, capacity 61590K, committed 61952K, reserved 1103872K
  class space    used 5725K, capacity 6798K, committed 6912K, reserved 1048576K
}
Event: 200.731 GC heap before
{Heap before GC invocations=45 (full 5):
 PSYoungGen      total 11776K, used 1540K [0x00000000eab00000, 0x00000000ebb00000, 0x0000000100000000)
  eden space 9728K, 0% used [0x00000000eab00000,0x00000000eab00000,0x00000000eb480000)
  from space 2048K, 75% used [0x00000000eb900000,0x00000000eba81390,0x00000000ebb00000)
  to   space 2560K, 0% used [0x00000000eb600000,0x00000000eb600000,0x00000000eb880000)
 ParOldGen       total 91136K, used 90153K [0x00000000c0000000, 0x00000000c5900000, 0x00000000eab00000)
  object space 91136K, 98% used [0x00000000c0000000,0x00000000c580a460,0x00000000c5900000)
 Metaspace       used 58561K, capacity 61590K, committed 61952K, reserved 1103872K
  class space    used 5725K, capacity 6798K, committed 6912K, reserved 1048576K
}
Event: 200.875 GC heap after
{Heap after GC invocations=45 (full 5):
 PSYoungGen      total 10240K, used 0K [0x00000000eab00000, 0x00000000eb980000, 0x0000000100000000)
  eden space 9728K, 0% used [0x00000000eab00000,0x00000000eab00000,0x00000000eb480000)
  from space 512K, 0% used [0x00000000eb600000,0x00000000eb600000,0x00000000eb680000)
  to   space 2560K, 0% used [0x00000000eb700000,0x00000000eb700000,0x00000000eb980000)
 ParOldGen       total 110592K, used 82991K [0x00000000c0000000, 0x00000000c6c00000, 0x00000000eab00000)
  object space 110592K, 75% used [0x00000000c0000000,0x00000000c510bcc8,0x00000000c6c00000)
 Metaspace       used 58561K, capacity 61590K, committed 61952K, reserved 1103872K
  class space    used 5725K, capacity 6798K, committed 6912K, reserved 1048576K
}
Event: 201.443 GC heap before
{Heap before GC invocations=46 (full 5):
 PSYoungGen      total 10240K, used 9706K [0x00000000eab00000, 0x00000000eb980000, 0x0000000100000000)
  eden space 9728K, 99% used [0x00000000eab00000,0x00000000eb47a998,0x00000000eb480000)
  from space 512K, 0% used [0x00000000eb600000,0x00000000eb600000,0x00000000eb680000)
  to   space 2560K, 0% used [0x00000000eb700000,0x00000000eb700000,0x00000000eb980000)
 ParOldGen       total 110592K, used 82991K [0x00000000c0000000, 0x00000000c6c00000, 0x00000000eab00000)
  object space 110592K, 75% used [0x00000000c0000000,0x00000000c510bcc8,0x00000000c6c00000)
 Metaspace       used 58599K, capacity 61590K, committed 61952K, reserved 1103872K
  class space    used 5725K, capacity 6798K, committed 6912K, reserved 1048576K
}
Event: 201.446 GC heap after
{Heap after GC invocations=46 (full 5):
 PSYoungGen      total 11776K, used 1788K [0x00000000eab00000, 0x00000000eb900000, 0x0000000100000000)
  eden space 9728K, 0% used [0x00000000eab00000,0x00000000eab00000,0x00000000eb480000)
  from space 2048K, 87% used [0x00000000eb700000,0x00000000eb8bf378,0x00000000eb900000)
  to   space 2048K, 0% used [0x00000000eb500000,0x00000000eb500000,0x00000000eb700000)
 ParOldGen       total 110592K, used 82991K [0x00000000c0000000, 0x00000000c6c00000, 0x00000000eab00000)
  object space 110592K, 75% used [0x00000000c0000000,0x00000000c510bcc8,0x00000000c6c00000)
 Metaspace       used 58599K, capacity 61590K, committed 61952K, reserved 1103872K
  class space    used 5725K, capacity 6798K, committed 6912K, reserved 1048576K
}
Event: 201.670 GC heap before
{Heap before GC invocations=47 (full 5):
 PSYoungGen      total 11776K, used 11516K [0x00000000eab00000, 0x00000000eb900000, 0x0000000100000000)
  eden space 9728K, 100% used [0x00000000eab00000,0x00000000eb480000,0x00000000eb480000)
  from space 2048K, 87% used [0x00000000eb700000,0x00000000eb8bf378,0x00000000eb900000)
  to   space 2048K, 0% used [0x00000000eb500000,0x00000000eb500000,0x00000000eb700000)
 ParOldGen       total 110592K, used 82991K [0x00000000c0000000, 0x00000000c6c00000, 0x00000000eab00000)
  object space 110592K, 75% used [0x00000000c0000000,0x00000000c510bcc8,0x00000000c6c00000)
 Metaspace       used 58666K, capacity 61657K, committed 61952K, reserved 1103872K
  class space    used 5728K, capacity 6799K, committed 6912K, reserved 1048576K
}
Event: 201.676 GC heap after
{Heap after GC invocations=47 (full 5):
 PSYoungGen      total 11776K, used 2027K [0x00000000eab00000, 0x00000000ebc80000, 0x0000000100000000)
  eden space 9728K, 0% used [0x00000000eab00000,0x00000000eab00000,0x00000000eb480000)
  from space 2048K, 98% used [0x00000000eb500000,0x00000000eb6fad28,0x00000000eb700000)
  to   space 4096K, 0% used [0x00000000eb880000,0x00000000eb880000,0x00000000ebc80000)
 ParOldGen       total 110592K, used 84512K [0x00000000c0000000, 0x00000000c6c00000, 0x00000000eab00000)
  object space 110592K, 76% used [0x00000000c0000000,0x00000000c5288278,0x00000000c6c00000)
 Metaspace       used 58666K, capacity 61657K, committed 61952K, reserved 1103872K
  class space    used 5728K, capacity 6799K, committed 6912K, reserved 1048576K
}
Event: 201.852 GC heap before
{Heap before GC invocations=48 (full 5):
 PSYoungGen      total 11776K, used 11755K [0x00000000eab00000, 0x00000000ebc80000, 0x0000000100000000)
  eden space 9728K, 100% used [0x00000000eab00000,0x00000000eb480000,0x00000000eb480000)
  from space 2048K, 98% used [0x00000000eb500000,0x00000000eb6fad28,0x00000000eb700000)
  to   space 4096K, 0% used [0x00000000eb880000,0x00000000eb880000,0x00000000ebc80000)
 ParOldGen       total 110592K, used 84512K [0x00000000c0000000, 0x00000000c6c00000, 0x00000000eab00000)
  object space 110592K, 76% used [0x00000000c0000000,0x00000000c5288278,0x00000000c6c00000)
 Metaspace       used 58675K, capacity 61657K, committed 61952K, reserved 1103872K
  class space    used 5728K, capacity 6799K, committed 6912K, reserved 1048576K
}
Event: 201.857 GC heap after
{Heap after GC invocations=48 (full 5):
 PSYoungGen      total 12288K, used 2506K [0x00000000eab00000, 0x00000000ebb00000, 0x0000000100000000)
  eden space 9728K, 0% used [0x00000000eab00000,0x00000000eab00000,0x00000000eb480000)
  from space 2560K, 97% used [0x00000000eb880000,0x00000000ebaf2958,0x00000000ebb00000)
  to   space 3072K, 0% used [0x00000000eb500000,0x00000000eb500000,0x00000000eb800000)
 ParOldGen       total 110592K, used 85439K [0x00000000c0000000, 0x00000000c6c00000, 0x00000000eab00000)
  object space 110592K, 77% used [0x00000000c0000000,0x00000000c536fd78,0x00000000c6c00000)
 Metaspace       used 58675K, capacity 61657K, committed 61952K, reserved 1103872K
  class space    used 5728K, capacity 6799K, committed 6912K, reserved 1048576K
}
Event: 204.292 GC heap before
{Heap before GC invocations=49 (full 5):
 PSYoungGen      total 12288K, used 12229K [0x00000000eab00000, 0x00000000ebb00000, 0x0000000100000000)
  eden space 9728K, 99% used [0x00000000eab00000,0x00000000eb47ee08,0x00000000eb480000)
  from space 2560K, 97% used [0x00000000eb880000,0x00000000ebaf2958,0x00000000ebb00000)
  to   space 3072K, 0% used [0x00000000eb500000,0x00000000eb500000,0x00000000eb800000)
 ParOldGen       total 110592K, used 85439K [0x00000000c0000000, 0x00000000c6c00000, 0x00000000eab00000)
  object space 110592K, 77% used [0x00000000c0000000,0x00000000c536fd78,0x00000000c6c00000)
 Metaspace       used 59142K, capacity 62120K, committed 62336K, reserved 1103872K
  class space    used 5777K, capacity 6914K, committed 7040K, reserved 1048576K
}
Event: 204.297 GC heap after
{Heap after GC invocations=49 (full 5):
 PSYoungGen      total 12800K, used 3055K [0x00000000eab00000, 0x00000000ebd80000, 0x0000000100000000)
  eden space 9728K, 0% used [0x00000000eab00000,0x00000000eab00000,0x00000000eb480000)
  from space 3072K, 99% used [0x00000000eb500000,0x00000000eb7fbf80,0x00000000eb800000)
  to   space 4608K, 0% used [0x00000000eb900000,0x00000000eb900000,0x00000000ebd80000)
 ParOldGen       total 110592K, used 86413K [0x00000000c0000000, 0x00000000c6c00000, 0x00000000eab00000)
  object space 110592K, 78% used [0x00000000c0000000,0x00000000c5463418,0x00000000c6c00000)
 Metaspace       used 59142K, capacity 62120K, committed 62336K, reserved 1103872K
  class space    used 5777K, capacity 6914K, committed 7040K, reserved 1048576K
}
Event: 204.301 GC heap before
{Heap before GC invocations=50 (full 5):
 PSYoungGen      total 12800K, used 12747K [0x00000000eab00000, 0x00000000ebd80000, 0x0000000100000000)
  eden space 9728K, 99% used [0x00000000eab00000,0x00000000eb476ec0,0x00000000eb480000)
  from space 3072K, 99% used [0x00000000eb500000,0x00000000eb7fbf80,0x00000000eb800000)
  to   space 4608K, 0% used [0x00000000eb900000,0x00000000eb900000,0x00000000ebd80000)
 ParOldGen       total 110592K, used 86413K [0x00000000c0000000, 0x00000000c6c00000, 0x00000000eab00000)
  object space 110592K, 78% used [0x00000000c0000000,0x00000000c5463418,0x00000000c6c00000)
 Metaspace       used 59142K, capacity 62120K, committed 62336K, reserved 1103872K
  class space    used 5777K, capacity 6914K, committed 7040K, reserved 1048576K
}
Event: 204.304 GC heap after
{Heap after GC invocations=50 (full 5):
 PSYoungGen      total 11264K, used 1521K [0x00000000eab00000, 0x00000000eba80000, 0x0000000100000000)
  eden space 9728K, 0% used [0x00000000eab00000,0x00000000eab00000,0x00000000eb480000)
  from space 1536K, 99% used [0x00000000eb900000,0x00000000eba7c650,0x00000000eba80000)
  to   space 2560K, 0% used [0x00000000eb580000,0x00000000eb580000,0x00000000eb800000)
 ParOldGen       total 110592K, used 88035K [0x00000000c0000000, 0x00000000c6c00000, 0x00000000eab00000)
  object space 110592K, 79% used [0x00000000c0000000,0x00000000c55f8dc0,0x00000000c6c00000)
 Metaspace       used 59142K, capacity 62120K, committed 62336K, reserved 1103872K
  class space    used 5777K, capacity 6914K, committed 7040K, reserved 1048576K
}
Event: 204.306 GC heap before
{Heap before GC invocations=51 (full 5):
 PSYoungGen      total 11264K, used 11247K [0x00000000eab00000, 0x00000000eba80000, 0x0000000100000000)
  eden space 9728K, 99% used [0x00000000eab00000,0x00000000eb47f838,0x00000000eb480000)
  from space 1536K, 99% used [0x00000000eb900000,0x00000000eba7c650,0x00000000eba80000)
  to   space 2560K, 0% used [0x00000000eb580000,0x00000000eb580000,0x00000000eb800000)
 ParOldGen       total 110592K, used 88035K [0x00000000c0000000, 0x00000000c6c00000, 0x00000000eab00000)
  object space 110592K, 79% used [0x00000000c0000000,0x00000000c55f8dc0,0x00000000c6c00000)
 Metaspace       used 59142K, capacity 62120K, committed 62336K, reserved 1103872K
  class space    used 5777K, capacity 6914K, committed 7040K, reserved 1048576K
}
Event: 204.308 GC heap after
{Heap after GC invocations=51 (full 5):
 PSYoungGen      total 13312K, used 53K [0x00000000eab00000, 0x00000000eb980000, 0x0000000100000000)
  eden space 10752K, 0% used [0x00000000eab00000,0x00000000eab00000,0x00000000eb580000)
  from space 2560K, 2% used [0x00000000eb580000,0x00000000eb58d718,0x00000000eb800000)
  to   space 1024K, 0% used [0x00000000eb880000,0x00000000eb880000,0x00000000eb980000)
 ParOldGen       total 110592K, used 89505K [0x00000000c0000000, 0x00000000c6c00000, 0x00000000eab00000)
  object space 110592K, 80% used [0x00000000c0000000,0x00000000c57687a0,0x00000000c6c00000)
 Metaspace       used 59142K, capacity 62120K, committed 62336K, reserved 1103872K
  class space    used 5777K, capacity 6914K, committed 7040K, reserved 1048576K
}
Event: 204.310 GC heap before
{Heap before GC invocations=52 (full 5):
 PSYoungGen      total 13312K, used 10749K [0x00000000eab00000, 0x00000000eb980000, 0x0000000100000000)
  eden space 10752K, 99% used [0x00000000eab00000,0x00000000eb572050,0x00000000eb580000)
  from space 2560K, 2% used [0x00000000eb580000,0x00000000eb58d718,0x00000000eb800000)
  to   space 1024K, 0% used [0x00000000eb880000,0x00000000eb880000,0x00000000eb980000)
 ParOldGen       total 110592K, used 89505K [0x00000000c0000000, 0x00000000c6c00000, 0x00000000eab00000)
  object space 110592K, 80% used [0x00000000c0000000,0x00000000c57687a0,0x00000000c6c00000)
 Metaspace       used 59142K, capacity 62120K, committed 62336K, reserved 1103872K
  class space    used 5777K, capacity 6914K, committed 7040K, reserved 1048576K
}
Event: 204.312 GC heap after
{Heap after GC invocations=52 (full 5):
 PSYoungGen      total 14336K, used 65K [0x00000000eab00000, 0x00000000eb980000, 0x0000000100000000)
  eden space 13312K, 0% used [0x00000000eab00000,0x00000000eab00000,0x00000000eb800000)
  from space 1024K, 6% used [0x00000000eb880000,0x00000000eb890718,0x00000000eb980000)
  to   space 512K, 0% used [0x00000000eb800000,0x00000000eb800000,0x00000000eb880000)
 ParOldGen       total 110592K, used 89505K [0x00000000c0000000, 0x00000000c6c00000, 0x00000000eab00000)
  object space 110592K, 80% used [0x00000000c0000000,0x00000000c57687a0,0x00000000c6c00000)
 Metaspace       used 59142K, capacity 62120K, committed 62336K, reserved 1103872K
  class space    used 5777K, capacity 6914K, committed 7040K, reserved 1048576K
}
Event: 204.606 GC heap before
{Heap before GC invocations=53 (full 5):
 PSYoungGen      total 14336K, used 13377K [0x00000000eab00000, 0x00000000eb980000, 0x0000000100000000)
  eden space 13312K, 100% used [0x00000000eab00000,0x00000000eb800000,0x00000000eb800000)
  from space 1024K, 6% used [0x00000000eb880000,0x00000000eb890718,0x00000000eb980000)
  to   space 512K, 0% used [0x00000000eb800000,0x00000000eb800000,0x00000000eb880000)
 ParOldGen       total 110592K, used 89505K [0x00000000c0000000, 0x00000000c6c00000, 0x00000000eab00000)
  object space 110592K, 80% used [0x00000000c0000000,0x00000000c57687a0,0x00000000c6c00000)
 Metaspace       used 59369K, capacity 62459K, committed 62592K, reserved 1105920K
  class space    used 5790K, capacity 6920K, committed 7040K, reserved 1048576K
}
Event: 204.608 GC heap after
{Heap after GC invocations=53 (full 5):
 PSYoungGen      total 13824K, used 340K [0x00000000eab00000, 0x00000000ebc80000, 0x0000000100000000)
  eden space 13312K, 0% used [0x00000000eab00000,0x00000000eab00000,0x00000000eb800000)
  from space 512K, 66% used [0x00000000eb800000,0x00000000eb855228,0x00000000eb880000)
  to   space 512K, 0% used [0x00000000ebc00000,0x00000000ebc00000,0x00000000ebc80000)
 ParOldGen       total 110592K, used 89513K [0x00000000c0000000, 0x00000000c6c00000, 0x00000000eab00000)
  object space 110592K, 80% used [0x00000000c0000000,0x00000000c576a7a0,0x00000000c6c00000)
 Metaspace       used 59369K, capacity 62459K, committed 62592K, reserved 1105920K
  class space    used 5790K, capacity 6920K, committed 7040K, reserved 1048576K
}

Deoptimization events (20 events):
Event: 204.578 Thread 0x000001f028943800 DEOPT PACKING pc=0x000001f01c6b61a4 sp=0x00000059781fdb20
Event: 204.578 Thread 0x000001f028943800 DEOPT UNPACKING pc=0x000001f0146ca1af sp=0x00000059781fdae0 mode 2
Event: 204.578 Thread 0x000001f028943800 Uncommon trap: trap_request=0xffffffde fr.pc=0x000001f01c1f229c relative=0x0000000000000bdc
Event: 204.578 Thread 0x000001f028943800 Uncommon trap: reason=class_check action=maybe_recompile pc=0x000001f01c1f229c method=java.util.concurrent.ConcurrentHashMap.putVal(Ljava/lang/Object;Ljava/lang/Object;Z)Ljava/lang/Object; @ 242 c2
Event: 204.578 Thread 0x000001f028943800 DEOPT PACKING pc=0x000001f01c1f229c sp=0x00000059781fe0c0
Event: 204.578 Thread 0x000001f028943800 DEOPT UNPACKING pc=0x000001f0146ca1af sp=0x00000059781fe040 mode 2
Event: 204.578 Thread 0x000001f028943800 Uncommon trap: trap_request=0xffffffc6 fr.pc=0x000001f01c350838 relative=0x0000000000000b18
Event: 204.578 Thread 0x000001f028943800 Uncommon trap: reason=bimorphic_or_optimized_type_check action=maybe_recompile pc=0x000001f01c350838 method=java.util.HashMap.removeNode(ILjava/lang/Object;Ljava/lang/Object;ZZ)Ljava/util/HashMap$Node; @ 68 c2
Event: 204.578 Thread 0x000001f028943800 DEOPT PACKING pc=0x000001f01c350838 sp=0x00000059781fe110
Event: 204.578 Thread 0x000001f028943800 DEOPT UNPACKING pc=0x000001f0146ca1af sp=0x00000059781fe088 mode 2
Event: 204.595 Thread 0x000001f028943800 DEOPT PACKING pc=0x000001f0153d820b sp=0x00000059781fde10
Event: 204.595 Thread 0x000001f028943800 DEOPT UNPACKING pc=0x000001f0146ca95e sp=0x00000059781fd308 mode 0
Event: 204.604 Thread 0x000001f028943800 DEOPT PACKING pc=0x000001f015529ff3 sp=0x00000059781fc960
Event: 204.604 Thread 0x000001f028943800 DEOPT UNPACKING pc=0x000001f0146ca95e sp=0x00000059781fbf38 mode 0
Event: 205.368 Thread 0x000001f02a676000 DEOPT PACKING pc=0x000001f0153d820b sp=0x00000059784fde60
Event: 205.368 Thread 0x000001f02a676000 DEOPT UNPACKING pc=0x000001f0146ca95e sp=0x00000059784fd358 mode 0
Event: 205.369 Thread 0x000001f02a676000 Uncommon trap: trap_request=0xffffffc6 fr.pc=0x000001f01c350838 relative=0x0000000000000b18
Event: 205.369 Thread 0x000001f02a676000 Uncommon trap: reason=bimorphic_or_optimized_type_check action=maybe_recompile pc=0x000001f01c350838 method=java.util.HashMap.removeNode(ILjava/lang/Object;Ljava/lang/Object;ZZ)Ljava/util/HashMap$Node; @ 68 c2
Event: 205.369 Thread 0x000001f02a676000 DEOPT PACKING pc=0x000001f01c350838 sp=0x00000059784fdda0
Event: 205.369 Thread 0x000001f02a676000 DEOPT UNPACKING pc=0x000001f0146ca1af sp=0x00000059784fdd18 mode 2

Classes redefined (0 events):
No events

Internal exceptions (20 events):
Event: 200.644 Thread 0x000001f028943800 Exception <a 'java/lang/ClassCastException'{0x00000000eb2deb38}> (0x00000000eb2deb38) thrown at [./src/hotspot/share/runtime/sharedRuntime.cpp, line 606]
Event: 200.644 Thread 0x000001f028943800 Exception <a 'java/lang/ClassCastException'{0x00000000eb2e32b8}> (0x00000000eb2e32b8) thrown at [./src/hotspot/share/runtime/sharedRuntime.cpp, line 606]
Event: 201.694 Thread 0x000001f028943800 Implicit null exception at 0x000001f01c508eb8 to 0x000001f01c508ffc
Event: 203.062 Thread 0x000001f028946800 Exception <a 'java/lang/NoSuchMethodError'{0x00000000eaf964a0}: 'java.lang.Object java.lang.invoke.DirectMethodHandle$Holder.invokeStatic(java.lang.Object, java.lang.Object, int, java.lang.Object)'> (0x00000000eaf964a0) thrown at [./src/hotspot/share/interpreter/linkResolver.cpp, line 773]
Event: 203.065 Thread 0x000001f028946800 Exception <a 'java/lang/NoSuchMethodError'{0x00000000eaf9fc40}: 'java.lang.Object java.lang.invoke.Invokers$Holder.linkToTargetMethod(java.lang.Object, int, java.lang.Object)'> (0x00000000eaf9fc40) thrown at [./src/hotspot/share/interpreter/linkResolver.cpp, line 773]
Event: 204.198 Thread 0x000001f028943800 Exception <a 'java/lang/ArrayIndexOutOfBoundsException'{0x00000000eb034fe8}> (0x00000000eb034fe8) thrown at [./src/hotspot/share/runtime/sharedRuntime.cpp, line 606]
Event: 204.262 Thread 0x000001f028943800 Exception <a 'java/io/FileNotFoundException'{0x00000000eb0d43e8}> (0x00000000eb0d43e8) thrown at [./src/hotspot/share/prims/jni.cpp, line 615]
Event: 204.277 Thread 0x000001f028943800 Exception <a 'java/lang/NoSuchMethodError'{0x00000000eb150c30}: 'void java.lang.invoke.DirectMethodHandle$Holder.invokeSpecial(java.lang.Object, java.lang.Object, java.lang.Object, java.lang.Object, java.lang.Object)'> (0x00000000eb150c30) thrown at [./src/hotspot/share/interpreter/linkResolver.cpp, line 773]
Event: 205.287 Thread 0x000001f02a66e800 Exception <a 'java/lang/NoSuchMethodError'{0x00000000ead71b98}: 'java.lang.Object java.lang.invoke.DirectMethodHandle$Holder.invokeVirtual(java.lang.Object, java.lang.Object, java.lang.Object, java.lang.Object)'> (0x00000000ead71b98) thrown at [./src/hotspot/share/interpreter/linkResolver.cpp, line 773]
Event: 205.367 Thread 0x000001f02a676000 Exception <a 'java/lang/NoSuchMethodError'{0x00000000eaea60b0}: 'java.lang.Object java.lang.invoke.DirectMethodHandle$Holder.invokeStatic(java.lang.Object, long, java.lang.Object, java.lang.Object)'> (0x00000000eaea60b0) thrown at [./src/hotspot/share/interpreter/linkResolver.cpp, line 773]
Event: 205.367 Thread 0x000001f02a676000 Exception <a 'java/lang/NoSuchMethodError'{0x00000000eaeaca90}: 'java.lang.Object java.lang.invoke.DirectMethodHandle$Holder.invokeStatic(java.lang.Object, long)'> (0x00000000eaeaca90) thrown at [./src/hotspot/share/interpreter/linkResolver.cpp, line 773]
Event: 205.367 Thread 0x000001f02a676000 Exception <a 'java/lang/NoSuchMethodError'{0x00000000eaeb03e0}: 'java.lang.Object java.lang.invoke.DirectMethodHandle$Holder.invokeSpecial(java.lang.Object, java.lang.Object, long)'> (0x00000000eaeb03e0) thrown at [./src/hotspot/share/interpreter/linkResolver.cpp, line 773]
Event: 205.368 Thread 0x000001f02a676000 Exception <a 'java/lang/NoSuchMethodError'{0x00000000eaeb32c8}: 'java.lang.Object java.lang.invoke.Invokers$Holder.linkToTargetMethod(long, java.lang.Object)'> (0x00000000eaeb32c8) thrown at [./src/hotspot/share/interpreter/linkResolver.cpp, line 773]
Event: 205.433 Thread 0x000001f02a676000 Exception <a 'java/lang/NoSuchMethodError'{0x00000000eaf1ffa8}: 'void java.lang.invoke.DirectMethodHandle$Holder.invokeStatic(java.lang.Object, long)'> (0x00000000eaf1ffa8) thrown at [./src/hotspot/share/interpreter/linkResolver.cpp, line 773]
Event: 205.435 Thread 0x000001f02a676000 Exception <a 'java/lang/NoSuchMethodError'{0x00000000eaf27a30}: 'java.lang.Object java.lang.invoke.DirectMethodHandle$Holder.invokeStatic(java.lang.Object, java.lang.Object, long, java.lang.Object)'> (0x00000000eaf27a30) thrown at [./src/hotspot/share/interpreter/linkResolver.cpp, line 773]
Event: 205.435 Thread 0x000001f02a676000 Exception <a 'java/lang/NoSuchMethodError'{0x00000000eaf2ad48}: 'java.lang.Object java.lang.invoke.DirectMethodHandle$Holder.invokeStaticInit(java.lang.Object, java.lang.Object, long, java.lang.Object)'> (0x00000000eaf2ad48) thrown at [./src/hotspot/share/interpreter/linkResolver.cpp, line 773]
Event: 205.436 Thread 0x000001f02a676000 Exception <a 'java/lang/NoSuchMethodError'{0x00000000eaf30c38}: 'java.lang.Object java.lang.invoke.DirectMethodHandle$Holder.invokeStatic(java.lang.Object, java.lang.Object, long)'> (0x00000000eaf30c38) thrown at [./src/hotspot/share/interpreter/linkResolver.cpp, line 773]
Event: 205.436 Thread 0x000001f02a676000 Exception <a 'java/lang/NoSuchMethodError'{0x00000000eaf33f90}: 'java.lang.Object java.lang.invoke.DirectMethodHandle$Holder.invokeSpecial(java.lang.Object, java.lang.Object, java.lang.Object, long)'> (0x00000000eaf33f90) thrown at [./src/hotspot/share/interpreter/linkResolver.cpp, line 773]
Event: 205.436 Thread 0x000001f02a676000 Exception <a 'java/lang/NoSuchMethodError'{0x00000000eaf36e80}: 'java.lang.Object java.lang.invoke.Invokers$Holder.linkToTargetMethod(java.lang.Object, long, java.lang.Object)'> (0x00000000eaf36e80) thrown at [./src/hotspot/share/interpreter/linkResolver.cpp, line 773]
Event: 205.451 Thread 0x000001f02a676000 Exception <a 'java/lang/NoSuchMethodError'{0x00000000eaf66c28}: 'void java.lang.invoke.DirectMethodHandle$Holder.invokeSpecial(java.lang.Object, java.lang.Object)'> (0x00000000eaf66c28) thrown at [./src/hotspot/share/interpreter/linkResolver.cpp, line 773]

Events (20 events):
Event: 205.462 Thread 0x000001f02a677000 Thread added: 0x000001f02a677000
Event: 205.462 loading class com/microsoft/java/debug/core/adapter/IDebugAdapterContext
Event: 205.463 loading class com/microsoft/java/debug/core/adapter/IDebugAdapterContext done
Event: 205.463 loading class com/microsoft/java/debug/core/protocol/Messages$Response
Event: 205.463 loading class com/microsoft/java/debug/core/protocol/Messages$Response done
Event: 205.463 loading class com/microsoft/java/debug/core/adapter/handler/LaunchRequestHandler
Event: 205.463 loading class com/microsoft/java/debug/core/adapter/handler/LaunchRequestHandler done
Event: 206.148 loading class java/util/concurrent/ScheduledThreadPoolExecutor$DelayedWorkQueue$Itr
Event: 206.148 loading class java/util/concurrent/ScheduledThreadPoolExecutor$DelayedWorkQueue$Itr done
Event: 207.683 Thread 0x000001f02a677800 Thread added: 0x000001f02a677800
Event: 207.684 loading class java/util/regex/Pattern$Behind
Event: 207.685 loading class java/util/regex/Pattern$Behind done
Event: 207.685 loading class com/microsoft/java/debug/core/adapter/ProcessConsole$ConsoleMessage
Event: 207.685 loading class com/microsoft/java/debug/core/adapter/ProcessConsole$ConsoleMessage done
Event: 207.685 loading class com/microsoft/java/debug/core/adapter/ProcessConsole$ConsoleMessage
Event: 207.685 loading class com/microsoft/java/debug/core/adapter/ProcessConsole$ConsoleMessage done
Event: 207.686 loading class com/microsoft/java/debug/core/adapter/ProcessConsole$ConsoleMessage
Event: 207.686 loading class com/microsoft/java/debug/core/adapter/ProcessConsole$ConsoleMessage done
Event: 207.686 loading class com/microsoft/java/debug/core/adapter/ProcessConsole$ConsoleMessage
Event: 207.686 loading class com/microsoft/java/debug/core/adapter/ProcessConsole$ConsoleMessage done


Dynamic libraries:
0x00007ff734760000 - 0x00007ff73476d000 	C:\Program Files\Eclipse Foundation\jdk-11.0.12.7-hotspot\bin\java.exe
0x00007ffb52810000 - 0x00007ffb52a04000 	C:\WINDOWS\SYSTEM32\ntdll.dll
0x00007ffb51cc0000 - 0x00007ffb51d7d000 	C:\WINDOWS\System32\KERNEL32.DLL
0x00007ffb503a0000 - 0x00007ffb50667000 	C:\WINDOWS\System32\KERNELBASE.dll
0x00007ffb50770000 - 0x00007ffb50870000 	C:\WINDOWS\System32\ucrtbase.dll
0x00007ffb39b40000 - 0x00007ffb39b57000 	C:\Program Files\Eclipse Foundation\jdk-11.0.12.7-hotspot\bin\jli.dll
0x00007ffb3d090000 - 0x00007ffb3d0a5000 	C:\Program Files\Eclipse Foundation\jdk-11.0.12.7-hotspot\bin\VCRUNTIME140.dll
0x00007ffb50a30000 - 0x00007ffb50bd0000 	C:\WINDOWS\System32\USER32.dll
0x00007ffb50160000 - 0x00007ffb50182000 	C:\WINDOWS\System32\win32u.dll
0x00007ffb517c0000 - 0x00007ffb517ea000 	C:\WINDOWS\System32\GDI32.dll
0x00007ffb3f150000 - 0x00007ffb3f3ea000 	C:\WINDOWS\WinSxS\amd64_microsoft.windows.common-controls_6595b64144ccf1df_6.0.19041.1_none_b555e41d4684ddec\COMCTL32.dll
0x00007ffb501e0000 - 0x00007ffb502ea000 	C:\WINDOWS\System32\gdi32full.dll
0x00007ffb50670000 - 0x00007ffb5070d000 	C:\WINDOWS\System32\msvcp_win.dll
0x00007ffb50d30000 - 0x00007ffb50dce000 	C:\WINDOWS\System32\msvcrt.dll
0x00007ffb51ae0000 - 0x00007ffb51b10000 	C:\WINDOWS\System32\IMM32.DLL
0x00007ffb11fd0000 - 0x00007ffb1206b000 	C:\Program Files\Eclipse Foundation\jdk-11.0.12.7-hotspot\bin\msvcp140.dll
0x00007ffb02100000 - 0x00007ffb02c59000 	C:\Program Files\Eclipse Foundation\jdk-11.0.12.7-hotspot\bin\server\jvm.dll
0x00007ffb51860000 - 0x00007ffb5190a000 	C:\WINDOWS\System32\ADVAPI32.dll
0x00007ffb51e10000 - 0x00007ffb51eab000 	C:\WINDOWS\System32\sechost.dll
0x00007ffb51b10000 - 0x00007ffb51c33000 	C:\WINDOWS\System32\RPCRT4.dll
0x00007ffb51eb0000 - 0x00007ffb51eb8000 	C:\WINDOWS\System32\PSAPI.DLL
0x00007ffb4ba10000 - 0x00007ffb4ba19000 	C:\WINDOWS\SYSTEM32\WSOCK32.dll
0x00007ffb517f0000 - 0x00007ffb5185b000 	C:\WINDOWS\System32\WS2_32.dll
0x00007ffb40d60000 - 0x00007ffb40d87000 	C:\WINDOWS\SYSTEM32\WINMM.dll
0x00007ffb47770000 - 0x00007ffb4777a000 	C:\WINDOWS\SYSTEM32\VERSION.dll
0x00007ffb4e850000 - 0x00007ffb4e863000 	C:\WINDOWS\SYSTEM32\kernel.appcore.dll
0x00007ffb4b930000 - 0x00007ffb4b940000 	C:\Program Files\Eclipse Foundation\jdk-11.0.12.7-hotspot\bin\verify.dll
0x00007ffb4e580000 - 0x00007ffb4e764000 	C:\WINDOWS\SYSTEM32\DBGHELP.DLL
0x00007ffb490f0000 - 0x00007ffb4911c000 	C:\WINDOWS\SYSTEM32\dbgcore.DLL
0x00007ffb500e0000 - 0x00007ffb5015f000 	C:\WINDOWS\System32\bcryptPrimitives.dll
0x00007ffb218e0000 - 0x00007ffb21908000 	C:\Program Files\Eclipse Foundation\jdk-11.0.12.7-hotspot\bin\java.dll
0x00007ffb4b690000 - 0x00007ffb4b69a000 	C:\Program Files\Eclipse Foundation\jdk-11.0.12.7-hotspot\bin\jimage.dll
0x00007ffb252f0000 - 0x00007ffb25307000 	C:\Program Files\Eclipse Foundation\jdk-11.0.12.7-hotspot\bin\zip.dll
0x00007ffb51ec0000 - 0x00007ffb525f1000 	C:\WINDOWS\System32\SHELL32.dll
0x00007ffb4dd30000 - 0x00007ffb4e4ba000 	C:\WINDOWS\SYSTEM32\windows.storage.dll
0x00007ffb51450000 - 0x00007ffb517a4000 	C:\WINDOWS\System32\combase.dll
0x00007ffb4f9d0000 - 0x00007ffb4f9fb000 	C:\WINDOWS\SYSTEM32\Wldp.dll
0x00007ffb52600000 - 0x00007ffb526ae000 	C:\WINDOWS\System32\SHCORE.dll
0x00007ffb51970000 - 0x00007ffb519c5000 	C:\WINDOWS\System32\shlwapi.dll
0x00007ffb4fe90000 - 0x00007ffb4feaf000 	C:\WINDOWS\SYSTEM32\profapi.dll
0x00007ffb23410000 - 0x00007ffb23429000 	C:\Program Files\Eclipse Foundation\jdk-11.0.12.7-hotspot\bin\net.dll
0x00007ffb3fe80000 - 0x00007ffb3ff82000 	C:\WINDOWS\SYSTEM32\WINHTTP.dll
0x00007ffb4f750000 - 0x00007ffb4f7ba000 	C:\WINDOWS\system32\mswsock.dll
0x00007ffb21180000 - 0x00007ffb21192000 	C:\Program Files\Eclipse Foundation\jdk-11.0.12.7-hotspot\bin\nio.dll
0x00007ffb4f920000 - 0x00007ffb4f938000 	C:\WINDOWS\SYSTEM32\CRYPTSP.dll
0x00007ffb4f070000 - 0x00007ffb4f0a4000 	C:\WINDOWS\system32\rsaenh.dll
0x00007ffb500b0000 - 0x00007ffb500d7000 	C:\WINDOWS\System32\bcrypt.dll
0x00007ffb4fe10000 - 0x00007ffb4fe3e000 	C:\WINDOWS\SYSTEM32\USERENV.dll
0x00007ffb4f940000 - 0x00007ffb4f94c000 	C:\WINDOWS\SYSTEM32\CRYPTBASE.dll
0x00007ffb4f3f0000 - 0x00007ffb4f42b000 	C:\WINDOWS\SYSTEM32\IPHLPAPI.DLL
0x00007ffb50bd0000 - 0x00007ffb50bd9000 	C:\WINDOWS\System32\NSI.dll
0x00007ffb41e00000 - 0x00007ffb41e17000 	C:\WINDOWS\SYSTEM32\dhcpcsvc6.DLL
0x00007ffb421d0000 - 0x00007ffb421ed000 	C:\WINDOWS\SYSTEM32\dhcpcsvc.DLL
0x00007ffb4f440000 - 0x00007ffb4f50a000 	C:\WINDOWS\SYSTEM32\DNSAPI.dll
0x00007ffb1c490000 - 0x00007ffb1c4ce000 	C:\Users\User\AppData\Roaming\Code\User\globalStorage\redhat.java\0.82.0\config_win\org.eclipse.equinox.launcher\org.eclipse.equinox.launcher.win32.win32.x86_64_1.2.300.v20210828-0802\eclipse_11506.dll
0x00007ffb50c00000 - 0x00007ffb50d2b000 	C:\WINDOWS\System32\ole32.dll
0x00007ffb1eb60000 - 0x00007ffb1eb71000 	C:\Users\User\AppData\Roaming\Code\User\globalStorage\redhat.java\0.82.0\config_win\org.eclipse.osgi\22\0\.cp\jWinHttp-1.0.0.dll

dbghelp: loaded successfully - version: 4.0.5 - missing functions: none
symbol engine: initialized successfully - sym options: 0x614 - pdb path: .;C:\Program Files\Eclipse Foundation\jdk-11.0.12.7-hotspot\bin;C:\WINDOWS\SYSTEM32;C:\WINDOWS\WinSxS\amd64_microsoft.windows.common-controls_6595b64144ccf1df_6.0.19041.1_none_b555e41d4684ddec;C:\Program Files\Eclipse Foundation\jdk-11.0.12.7-hotspot\bin\server;C:\Users\User\AppData\Roaming\Code\User\globalStorage\redhat.java\0.82.0\config_win\org.eclipse.equinox.launcher\org.eclipse.equinox.launcher.win32.win32.x86_64_1.2.300.v20210828-0802;C:\Users\User\AppData\Roaming\Code\User\globalStorage\redhat.java\0.82.0\config_win\org.eclipse.osgi\22\0\.cp

VM Arguments:
jvm_args: --add-modules=ALL-SYSTEM --add-opens=java.base/java.util=ALL-UNNAMED --add-opens=java.base/java.lang=ALL-UNNAMED -Declipse.application=org.eclipse.jdt.ls.core.id1 -Dosgi.bundles.defaultStartLevel=4 -Declipse.product=org.eclipse.jdt.ls.core.product -Dfile.encoding=utf8 -DwatchParentProcess=false -XX:+UseParallelGC -XX:GCTimeRatio=4 -XX:AdaptiveSizePolicyWeight=90 -Dsun.zip.disableMemoryMapping=true -Xmx1G -Xms100m -Xverify:none 
java_command: c:\Users\User\.vscode\extensions\redhat.java-0.82.0\server\plugins\org.eclipse.equinox.launcher_1.6.300.v20210813-1054.jar -configuration c:\Users\User\AppData\Roaming\Code\User\globalStorage\redhat.java\0.82.0\config_win -data c:\Users\User\AppData\Roaming\Code\User\workspaceStorage\c3096344b3a4e59383c1365647bf3051\redhat.java\jdt_ws
java_class_path (initial): c:\Users\User\.vscode\extensions\redhat.java-0.82.0\server\plugins\org.eclipse.equinox.launcher_1.6.300.v20210813-1054.jar
Launcher Type: SUN_STANDARD

[Global flags]
    uintx AdaptiveSizePolicyWeight                 = 90                                        {product} {command line}
     bool BytecodeVerificationLocal                = false                                     {product} {command line}
     bool BytecodeVerificationRemote               = false                                     {product} {command line}
     intx CICompilerCount                          = 3                                         {product} {ergonomic}
    uintx GCTimeRatio                              = 4                                         {product} {command line}
   size_t InitialHeapSize                          = 104857600                                 {product} {command line}
   size_t MaxHeapSize                              = 1073741824                                {product} {command line}
   size_t MaxNewSize                               = 357564416                                 {product} {ergonomic}
   size_t MinHeapDeltaBytes                        = 524288                                    {product} {ergonomic}
   size_t NewSize                                  = 34603008                                  {product} {ergonomic}
    uintx NonNMethodCodeHeapSize                   = 5830732                                {pd product} {ergonomic}
    uintx NonProfiledCodeHeapSize                  = 122913754                              {pd product} {ergonomic}
   size_t OldSize                                  = 70254592                                  {product} {ergonomic}
    uintx ProfiledCodeHeapSize                     = 122913754                              {pd product} {ergonomic}
    uintx ReservedCodeCacheSize                    = 251658240                              {pd product} {ergonomic}
     bool SegmentedCodeCache                       = true                                      {product} {ergonomic}
     bool UseCompressedClassPointers               = true                                 {lp64_product} {ergonomic}
     bool UseCompressedOops                        = true                                 {lp64_product} {ergonomic}
     bool UseLargePagesIndividualAllocation        = false                                  {pd product} {ergonomic}
     bool UseParallelGC                            = true                                      {product} {command line}

Logging:
Log output configuration:
 #0: stdout all=warning uptime,level,tags
 #1: stderr all=off uptime,level,tags

Environment Variables:
JAVA_HOME=C:\Program Files\Eclipse Foundation\jdk-11.0.12.7-hotspot
PATH=C:\Program Files\Eclipse Foundation\jdk-11.0.12.7-hotspot\bin;C:\ProgramData\Oracle\Java\javapath;C:\Program Files\Rockwell Software\RSCommon;C:\Program Files\ImageMagick-7.0.10-Q16-HDRI;C:\Program Files (x86)\Intel\TXE Components\TCS\;C:\Program Files\Intel\TXE Components\TCS\;C:\Windows\system32;C:\Windows;C:\Windows\System32\Wbem;C:\Windows\System32\WindowsPowerShell\v1.0\;C:\Program Files (x86)\NVIDIA Corporation\PhysX\Common;C:\Program Files\Microsoft SQL Server\130\Tools\Binn\;C:\Program Files\dotnet\;C:\Program Files\MiKTeX 2.9\miktex\bin\x64\;C:\WINDOWS\system32;C:\WINDOWS;C:\WINDOWS\System32\Wbem;C:\WINDOWS\System32\WindowsPowerShell\v1.0\;C:\WINDOWS\System32\OpenSSH\;C:\Program Files\MATLAB\R2018a\runtime\win64;C:\Program Files\MATLAB\R2018a\bin;C:\Program Files\nodejs\;C:\ProgramData\chocolatey\bin;C:\Program Files\Microsoft SQL Server\Client SDK\ODBC\130\Tools\Binn\;C:\Program Files (x86)\Microsoft SQL Server\140\Tools\Binn\;C:\Program Files\Microsoft SQL Server\140\Tools\Binn\;C:\Program Files\Microsoft SQL Server\140\DTS\Binn\;C:\Program Files (x86)\Microsoft SQL Server\150\DTS\Binn\;C:\Program Files\Git\cmd;C:\apache-maven-3.8.3\bin;C:\Program Files\Eclipse Foundation\jdk-11.0.12.7-hotspot\bin;C:\Program Files\MySQL\MySQL Shell 8.0\bin\;C:\Users\User\AppData\Local\Microsoft\WindowsApps;C:\Users\User\AppData\Local\atom\bin;C:\Users\User\AppData\Roaming\npm;C:\Users\User\AppData\Local\Microsoft\WindowsApps;C:\Users\User\AppData\Local\Programs\Microsoft VS Code\bin;C:\Program Files\Python36;C:\Program Files\Python36\Scripts;
USERNAME=User
OS=Windows_NT
PROCESSOR_IDENTIFIER=Intel64 Family 6 Model 142 Stepping 9, GenuineIntel



---------------  S Y S T E M  ---------------

OS: Windows 10 , 64 bit Build 19041 (10.0.19041.1)
OS uptime: 7 days 0:58 hours

CPU:total 4 (initial active 4) (2 cores per cpu, 2 threads per core) family 6 model 142 stepping 9 microcode 0xb4, cmov, cx8, fxsr, mmx, sse, sse2, sse3, ssse3, sse4.1, sse4.2, popcnt, avx, avx2, aes, clmul, erms, 3dnowpref, lzcnt, ht, tsc, tscinvbit, bmi1, bmi2, adx, fma

Memory: 4k page, system-wide physical 8073M (1664M free)
TotalPageFile size 8073M (AvailPageFile size 219M)
current process WorkingSet (physical memory assigned to process): 272M, peak: 315M
current process commit charge ("private bytes"): 321M, peak: 362M

vm_info: OpenJDK 64-Bit Server VM (11.0.12+7) for windows-amd64 JRE (11.0.12+7), built on Jul 21 2021 16:23:49 by "" with unknown MS VC++:1916

END.
