#
# There is insufficient memory for the Java Runtime Environment to continue.
# Native memory allocation (malloc) failed to allocate 65616 bytes for Chunk::new
# Possible reasons:
#   The system is out of physical RAM or swap space
#   The process is running with CompressedOops enabled, and the Java Heap may be blocking the growth of the native heap
# Possible solutions:
#   Reduce memory load on the system
#   Increase physical memory or swap space
#   Check if swap backing store is full
#   Decrease Java heap size (-Xmx/-Xms)
#   Decrease number of Java threads
#   Decrease Java thread stack sizes (-Xss)
#   Set larger code cache with -XX:ReservedCodeCacheSize=
#   JVM is running with Unscaled Compressed Oops mode in which the Java heap is
#     placed in the first 4GB address space. The Java Heap base address is the
#     maximum limit for the native heap growth. Please use -XX:HeapBaseMinAddress
#     to set the Java Heap base and to place the Java Heap above 4GB virtual address.
# This output file may be truncated or incomplete.
#
#  Out of Memory Error (./src/hotspot/share/memory/arena.cpp:197), pid=12312, tid=4256
#
# JRE version: OpenJDK Runtime Environment Temurin-11.0.12+7 (11.0.12+7) (build 11.0.12+7)
# Java VM: OpenJDK 64-Bit Server VM Temurin-11.0.12+7 (11.0.12+7, mixed mode, tiered, compressed oops, parallel gc, windows-amd64)
# No core dump will be written. Minidumps are not enabled by default on client versions of Windows
#

---------------  S U M M A R Y ------------

Command Line: --add-modules=ALL-SYSTEM --add-opens=java.base/java.util=ALL-UNNAMED --add-opens=java.base/java.lang=ALL-UNNAMED -Declipse.application=org.eclipse.jdt.ls.core.id1 -Dosgi.bundles.defaultStartLevel=4 -Declipse.product=org.eclipse.jdt.ls.core.product -Dfile.encoding=utf8 -DwatchParentProcess=false -XX:+UseParallelGC -XX:GCTimeRatio=4 -XX:AdaptiveSizePolicyWeight=90 -Dsun.zip.disableMemoryMapping=true -Xmx1G -Xms100m -Xverify:none c:\Users\User\.vscode\extensions\redhat.java-0.82.0\server\plugins\org.eclipse.equinox.launcher_1.6.300.v20210813-1054.jar -configuration c:\Users\User\AppData\Roaming\Code\User\globalStorage\redhat.java\0.82.0\config_win -data c:\Users\User\AppData\Roaming\Code\User\workspaceStorage\c3096344b3a4e59383c1365647bf3051\redhat.java\jdt_ws

Host: Intel(R) Core(TM) i5-7200U CPU @ 2.50GHz, 4 cores, 7G,  Windows 10 , 64 bit Build 19041 (10.0.19041.1)
Time: Sat Oct 16 16:31:46 2021 Hora est. Pacífico, Sudamérica elapsed time: 2.526695 seconds (0d 0h 0m 2s)

---------------  T H R E A D  ---------------

Current thread (0x000001fbc0a02800):  JavaThread "C2 CompilerThread0" daemon [_thread_in_native, id=4256, stack(0x000000e6a2300000,0x000000e6a2400000)]


Current CompileTask:
C2:   2526 1738   !   4       java.lang.StringCoding::decode (300 bytes)

Stack: [0x000000e6a2300000,0x000000e6a2400000]
Native frames: (J=compiled Java code, j=interpreted, Vv=VM code, C=native code)
V  [jvm.dll+0x601d0a]
V  [jvm.dll+0x78ab6e]
V  [jvm.dll+0x78c23f]
V  [jvm.dll+0x78c903]
V  [jvm.dll+0x24be68]
V  [jvm.dll+0xc219c]
V  [jvm.dll+0xc275c]
V  [jvm.dll+0x354857]
V  [jvm.dll+0x321f63]
V  [jvm.dll+0x32129a]
V  [jvm.dll+0x205515]
V  [jvm.dll+0x2046fd]
V  [jvm.dll+0x1898fc]
V  [jvm.dll+0x213d67]
V  [jvm.dll+0x211f2b]
V  [jvm.dll+0x74ec19]
V  [jvm.dll+0x747c84]
V  [jvm.dll+0x600ba6]
C  [ucrtbase.dll+0x21542]
C  [KERNEL32.DLL+0x16fd4]
C  [ntdll.dll+0x4cf31]


---------------  P R O C E S S  ---------------

Threads class SMR info:
_java_thread_list=0x000001fbc2cfdd30, length=16, elements={
0x000001fba692b000, 0x000001fbc09e1000, 0x000001fbc09e2800, 0x000001fbc1bb2800,
0x000001fbc0a00000, 0x000001fbc0a01800, 0x000001fbc0a02800, 0x000001fbc0a05800,
0x000001fbc0a08800, 0x000001fbc1c72000, 0x000001fbc261b000, 0x000001fbc2230800,
0x000001fbc2231800, 0x000001fbc24c2800, 0x000001fbc2cd2800, 0x000001fbc2dc5000
}

Java Threads: ( => current thread )
  0x000001fba692b000 JavaThread "main" [_thread_blocked, id=10764, stack(0x000000e6a1b00000,0x000000e6a1c00000)]
  0x000001fbc09e1000 JavaThread "Reference Handler" daemon [_thread_blocked, id=7164, stack(0x000000e6a1e00000,0x000000e6a1f00000)]
  0x000001fbc09e2800 JavaThread "Finalizer" daemon [_thread_blocked, id=2420, stack(0x000000e6a1f00000,0x000000e6a2000000)]
  0x000001fbc1bb2800 JavaThread "Signal Dispatcher" daemon [_thread_blocked, id=11128, stack(0x000000e6a2000000,0x000000e6a2100000)]
  0x000001fbc0a00000 JavaThread "Attach Listener" daemon [_thread_blocked, id=7848, stack(0x000000e6a2100000,0x000000e6a2200000)]
  0x000001fbc0a01800 JavaThread "Service Thread" daemon [_thread_blocked, id=3792, stack(0x000000e6a2200000,0x000000e6a2300000)]
=>0x000001fbc0a02800 JavaThread "C2 CompilerThread0" daemon [_thread_in_native, id=4256, stack(0x000000e6a2300000,0x000000e6a2400000)]
  0x000001fbc0a05800 JavaThread "C1 CompilerThread0" daemon [_thread_in_native, id=10868, stack(0x000000e6a2400000,0x000000e6a2500000)]
  0x000001fbc0a08800 JavaThread "Sweeper thread" daemon [_thread_blocked, id=12780, stack(0x000000e6a2500000,0x000000e6a2600000)]
  0x000001fbc1c72000 JavaThread "Common-Cleaner" daemon [_thread_blocked, id=4356, stack(0x000000e6a2600000,0x000000e6a2700000)]
  0x000001fbc261b000 JavaThread "Active Thread: Equinox Container: e04aec8b-9a77-47d7-9bce-2115e71f2b23" [_thread_blocked, id=9912, stack(0x000000e6a2900000,0x000000e6a2a00000)]
  0x000001fbc2230800 JavaThread "Framework Event Dispatcher: Equinox Container: e04aec8b-9a77-47d7-9bce-2115e71f2b23" daemon [_thread_blocked, id=15168, stack(0x000000e6a2a00000,0x000000e6a2b00000)]
  0x000001fbc2231800 JavaThread "Start Level: Equinox Container: e04aec8b-9a77-47d7-9bce-2115e71f2b23" daemon [_thread_in_native, id=7800, stack(0x000000e6a2b00000,0x000000e6a2c00000)]
  0x000001fbc24c2800 JavaThread "SCR Component Actor" daemon [_thread_blocked, id=15472, stack(0x000000e6a2f00000,0x000000e6a3000000)]
  0x000001fbc2cd2800 JavaThread "Timer-0" daemon [_thread_blocked, id=5780, stack(0x000000e6a3000000,0x000000e6a3100000)]
  0x000001fbc2dc5000 JavaThread "C2 CompilerThread1" daemon [_thread_in_native, id=12432, stack(0x000000e6a2700000,0x000000e6a2800000)]

Other Threads:
  0x000001fbc0917000 VMThread "VM Thread" [stack: 0x000000e6a1d00000,0x000000e6a1e00000] [id=1216]
  0x000001fbc1ded000 WatcherThread [stack: 0x000000e6a2800000,0x000000e6a2900000] [id=10484]
  0x000001fba6946000 GCTaskThread "ParGC Thread#0" [stack: 0x000000e6a1c00000,0x000000e6a1d00000] [id=10988]
  0x000001fbc22cb800 GCTaskThread "ParGC Thread#1" [stack: 0x000000e6a2c00000,0x000000e6a2d00000] [id=4804]
  0x000001fbc22cc000 GCTaskThread "ParGC Thread#2" [stack: 0x000000e6a2d00000,0x000000e6a2e00000] [id=11332]
  0x000001fbc22d1800 GCTaskThread "ParGC Thread#3" [stack: 0x000000e6a2e00000,0x000000e6a2f00000] [id=3292]

Threads with active compile tasks:
C2 CompilerThread0   2562 1738   !   4       java.lang.StringCoding::decode (300 bytes)
C1 CompilerThread0   2562 1788       3       com.sun.org.apache.xerces.internal.util.ParserConfigurationSettings::addRecognizedProperties (15 bytes)
C2 CompilerThread1   2562 1778       4       java.util.HashSet::add (20 bytes)

VM state:not at safepoint (normal execution)

VM Mutex/Monitor currently owned by a thread: None

OutOfMemory and StackOverflow Exception counts:
OutOfMemoryError java_heap_errors=1
LinkageErrors=20

Heap address: 0x00000000c0000000, size: 1024 MB, Compressed Oops mode: 32-bit
Narrow klass base: 0x0000000000000000, Narrow klass shift: 3
Compressed class space size: 1073741824 Address: 0x0000000100000000

Heap:
 PSYoungGen      total 29696K, used 6138K [0x00000000eab00000, 0x00000000ec880000, 0x0000000100000000)
  eden space 25600K, 23% used [0x00000000eab00000,0x00000000eb0fe8e0,0x00000000ec400000)
  from space 4096K, 0% used [0x00000000ec400000,0x00000000ec400000,0x00000000ec800000)
  to   space 512K, 0% used [0x00000000ec800000,0x00000000ec800000,0x00000000ec880000)
 ParOldGen       total 68608K, used 4803K [0x00000000c0000000, 0x00000000c4300000, 0x00000000eab00000)
  object space 68608K, 7% used [0x00000000c0000000,0x00000000c04b0e40,0x00000000c4300000)
 Metaspace       used 16427K, capacity 17014K, committed 17408K, reserved 1069056K
  class space    used 1546K, capacity 1671K, committed 1792K, reserved 1048576K

Card table byte_map: [0x000001fba62f0000,0x000001fba6500000] _byte_map_base: 0x000001fba5cf0000

Marking Bits: (ParMarkBitMap*) 0x00007ffb02b9bcf0
 Begin Bits: [0x000001fbbe050000, 0x000001fbbf050000)
 End Bits:   [0x000001fbbf050000, 0x000001fbc0050000)

Polling page: 0x000001fba4750000

Metaspace:

Usage:
  Non-class:     14.98 MB capacity,    14.54 MB ( 97%) used,   429.56 KB (  3%) free+waste,    28.38 KB ( <1%) overhead. 
      Class:      1.63 MB capacity,     1.51 MB ( 93%) used,   110.60 KB (  7%) free+waste,    12.75 KB ( <1%) overhead. 
       Both:     16.62 MB capacity,    16.05 MB ( 97%) used,   540.16 KB (  3%) free+waste,    41.13 KB ( <1%) overhead. 

Virtual space:
  Non-class space:       20.00 MB reserved,      15.25 MB ( 76%) committed 
      Class space:        1.00 GB reserved,       1.75 MB ( <1%) committed 
             Both:        1.02 GB reserved,      17.00 MB (  2%) committed 

Chunk freelists:
   Non-Class:  81.00 KB
       Class:  57.00 KB
        Both:  138.00 KB

MaxMetaspaceSize: 17179869184.00 GB
CompressedClassSpaceSize: 1.00 GB
Initial GC threshold: 20.80 MB
Current GC threshold: 27.82 MB
CDS: off

CodeHeap 'non-profiled nmethods': size=120064Kb used=590Kb max_used=590Kb free=119473Kb
 bounds [0x000001fbb6b10000, 0x000001fbb6d80000, 0x000001fbbe050000]
CodeHeap 'profiled nmethods': size=120000Kb used=3461Kb max_used=3461Kb free=116538Kb
 bounds [0x000001fbaf5e0000, 0x000001fbaf950000, 0x000001fbb6b10000]
CodeHeap 'non-nmethods': size=5696Kb used=1161Kb max_used=1175Kb free=4534Kb
 bounds [0x000001fbaf050000, 0x000001fbaf2c0000, 0x000001fbaf5e0000]
 total_blobs=2200 nmethods=1787 adapters=327
 compilation: enabled
              stopped_count=0, restarted_count=0
 full_count=0

Compilation events (20 events):
Event: 2.515 Thread 0x000001fbc0a05800 nmethod 1741 0x000001fbaf90fa90 code [0x000001fbaf90fc60, 0x000001fbaf90fee8]
Event: 2.515 Thread 0x000001fbc0a05800 1742       3       org.eclipse.osgi.storage.bundlefile.ZipBundleEntry::<init> (15 bytes)
Event: 2.515 Thread 0x000001fbc0a05800 nmethod 1742 0x000001fbaf910010 code [0x000001fbaf9101c0, 0x000001fbaf9103b8]
Event: 2.515 Thread 0x000001fbc0a05800 1743       3       com.sun.org.apache.xerces.internal.parsers.XML11Configuration::addRecognizedParamsAndSetDefaults (173 bytes)
Event: 2.517 Thread 0x000001fbc0a05800 nmethod 1743 0x000001fbaf910490 code [0x000001fbaf910760, 0x000001fbaf911888]
Event: 2.517 Thread 0x000001fbc0a05800 1747   !   3       com.sun.org.apache.xerces.internal.parsers.XML11Configuration::setFeature (143 bytes)
Event: 2.518 Thread 0x000001fbc0a05800 nmethod 1747 0x000001fbaf911e10 code [0x000001fbaf9120e0, 0x000001fbaf913088]
Event: 2.518 Thread 0x000001fbc0a05800 1745   !   3       com.sun.org.apache.xerces.internal.parsers.XML11Configuration::setProperty (160 bytes)
Event: 2.518 Thread 0x000001fbc0a05800 nmethod 1745 0x000001fbaf913490 code [0x000001fbaf913780, 0x000001fbaf9149f8]
Event: 2.519 Thread 0x000001fbc0a05800 1744       3       com.sun.org.apache.xerces.internal.impl.XMLDocumentScannerImpl::getPropertyDefault (40 bytes)
Event: 2.519 Thread 0x000001fbc0a05800 nmethod 1744 0x000001fbaf914e90 code [0x000001fbaf915080, 0x000001fbaf915358]
Event: 2.519 Thread 0x000001fbc0a05800 1746       3       com.sun.org.apache.xerces.internal.impl.XMLScanner::setProperty (94 bytes)
Event: 2.520 Thread 0x000001fbc0a05800 nmethod 1746 0x000001fbaf915510 code [0x000001fbaf915780, 0x000001fbaf9160f8]
Event: 2.520 Thread 0x000001fbc0a05800 1750       3       java.nio.charset.Charset::isSupported (13 bytes)
Event: 2.520 Thread 0x000001fbc0a05800 nmethod 1750 0x000001fbaf916390 code [0x000001fbaf916540, 0x000001fbaf9166a8]
Event: 2.520 Thread 0x000001fbc0a05800 1749       3       java.util.Stack::push (7 bytes)
Event: 2.520 Thread 0x000001fbc0a02800 nmethod 1737 0x000001fbb6ba1e10 code [0x000001fbb6ba1fe0, 0x000001fbb6ba25f8]
Event: 2.520 Thread 0x000001fbc0a02800 1738   !   4       java.lang.StringCoding::decode (300 bytes)
Event: 2.521 Thread 0x000001fbc0a05800 nmethod 1749 0x000001fbaf916790 code [0x000001fbaf9169a0, 0x000001fbaf917138]
Event: 2.521 Thread 0x000001fbc0a05800 1748       3       com.sun.org.apache.xerces.internal.parsers.XML11Configuration::checkFeature (274 bytes)

GC Heap History (16 events):
Event: 1.875 GC heap before
{Heap before GC invocations=1 (full 0):
 PSYoungGen      total 29696K, used 25600K [0x00000000eab00000, 0x00000000ecc00000, 0x0000000100000000)
  eden space 25600K, 100% used [0x00000000eab00000,0x00000000ec400000,0x00000000ec400000)
  from space 4096K, 0% used [0x00000000ec800000,0x00000000ec800000,0x00000000ecc00000)
  to   space 4096K, 0% used [0x00000000ec400000,0x00000000ec400000,0x00000000ec800000)
 ParOldGen       total 68608K, used 0K [0x00000000c0000000, 0x00000000c4300000, 0x00000000eab00000)
  object space 68608K, 0% used [0x00000000c0000000,0x00000000c0000000,0x00000000c4300000)
 Metaspace       used 13229K, capacity 13501K, committed 13696K, reserved 1060864K
  class space    used 1216K, capacity 1287K, committed 1408K, reserved 1048576K
}
Event: 1.886 GC heap after
{Heap after GC invocations=1 (full 0):
 PSYoungGen      total 29696K, used 4084K [0x00000000eab00000, 0x00000000ecc00000, 0x0000000100000000)
  eden space 25600K, 0% used [0x00000000eab00000,0x00000000eab00000,0x00000000ec400000)
  from space 4096K, 99% used [0x00000000ec400000,0x00000000ec7fd270,0x00000000ec800000)
  to   space 4096K, 0% used [0x00000000ec800000,0x00000000ec800000,0x00000000ecc00000)
 ParOldGen       total 68608K, used 656K [0x00000000c0000000, 0x00000000c4300000, 0x00000000eab00000)
  object space 68608K, 0% used [0x00000000c0000000,0x00000000c00a4020,0x00000000c4300000)
 Metaspace       used 13229K, capacity 13501K, committed 13696K, reserved 1060864K
  class space    used 1216K, capacity 1287K, committed 1408K, reserved 1048576K
}
Event: 2.110 GC heap before
{Heap before GC invocations=2 (full 0):
 PSYoungGen      total 29696K, used 9375K [0x00000000eab00000, 0x00000000ecc00000, 0x0000000100000000)
  eden space 25600K, 20% used [0x00000000eab00000,0x00000000eb02a9e0,0x00000000ec400000)
  from space 4096K, 99% used [0x00000000ec400000,0x00000000ec7fd270,0x00000000ec800000)
  to   space 4096K, 0% used [0x00000000ec800000,0x00000000ec800000,0x00000000ecc00000)
 ParOldGen       total 68608K, used 656K [0x00000000c0000000, 0x00000000c4300000, 0x00000000eab00000)
  object space 68608K, 0% used [0x00000000c0000000,0x00000000c00a4020,0x00000000c4300000)
 Metaspace       used 15679K, capacity 16281K, committed 16512K, reserved 1075200K
  class space    used 1493K, capacity 1664K, committed 1664K, reserved 1048576K
}
Event: 2.117 GC heap after
{Heap after GC invocations=2 (full 0):
 PSYoungGen      total 29696K, used 4070K [0x00000000eab00000, 0x00000000ecc00000, 0x0000000100000000)
  eden space 25600K, 0% used [0x00000000eab00000,0x00000000eab00000,0x00000000ec400000)
  from space 4096K, 99% used [0x00000000ec800000,0x00000000ecbf9a30,0x00000000ecc00000)
  to   space 4096K, 0% used [0x00000000ec400000,0x00000000ec400000,0x00000000ec800000)
 ParOldGen       total 68608K, used 1236K [0x00000000c0000000, 0x00000000c4300000, 0x00000000eab00000)
  object space 68608K, 1% used [0x00000000c0000000,0x00000000c01352f0,0x00000000c4300000)
 Metaspace       used 15679K, capacity 16281K, committed 16512K, reserved 1075200K
  class space    used 1493K, capacity 1664K, committed 1664K, reserved 1048576K
}
Event: 2.128 GC heap before
{Heap before GC invocations=3 (full 0):
 PSYoungGen      total 29696K, used 4838K [0x00000000eab00000, 0x00000000ecc00000, 0x0000000100000000)
  eden space 25600K, 3% used [0x00000000eab00000,0x00000000eabc0030,0x00000000ec400000)
  from space 4096K, 99% used [0x00000000ec800000,0x00000000ecbf9a30,0x00000000ecc00000)
  to   space 4096K, 0% used [0x00000000ec400000,0x00000000ec400000,0x00000000ec800000)
 ParOldGen       total 68608K, used 1236K [0x00000000c0000000, 0x00000000c4300000, 0x00000000eab00000)
  object space 68608K, 1% used [0x00000000c0000000,0x00000000c01352f0,0x00000000c4300000)
 Metaspace       used 15782K, capacity 16349K, committed 16512K, reserved 1075200K
  class space    used 1508K, capacity 1664K, committed 1664K, reserved 1048576K
}
Event: 2.132 GC heap after
{Heap after GC invocations=3 (full 0):
 PSYoungGen      total 29696K, used 4086K [0x00000000eab00000, 0x00000000ecc00000, 0x0000000100000000)
  eden space 25600K, 0% used [0x00000000eab00000,0x00000000eab00000,0x00000000ec400000)
  from space 4096K, 99% used [0x00000000ec400000,0x00000000ec7fda40,0x00000000ec800000)
  to   space 4096K, 0% used [0x00000000ec800000,0x00000000ec800000,0x00000000ecc00000)
 ParOldGen       total 68608K, used 1244K [0x00000000c0000000, 0x00000000c4300000, 0x00000000eab00000)
  object space 68608K, 1% used [0x00000000c0000000,0x00000000c01372f0,0x00000000c4300000)
 Metaspace       used 15782K, capacity 16349K, committed 16512K, reserved 1075200K
  class space    used 1508K, capacity 1664K, committed 1664K, reserved 1048576K
}
Event: 2.132 GC heap before
{Heap before GC invocations=4 (full 1):
 PSYoungGen      total 29696K, used 4086K [0x00000000eab00000, 0x00000000ecc00000, 0x0000000100000000)
  eden space 25600K, 0% used [0x00000000eab00000,0x00000000eab00000,0x00000000ec400000)
  from space 4096K, 99% used [0x00000000ec400000,0x00000000ec7fda40,0x00000000ec800000)
  to   space 4096K, 0% used [0x00000000ec800000,0x00000000ec800000,0x00000000ecc00000)
 ParOldGen       total 68608K, used 1244K [0x00000000c0000000, 0x00000000c4300000, 0x00000000eab00000)
  object space 68608K, 1% used [0x00000000c0000000,0x00000000c01372f0,0x00000000c4300000)
 Metaspace       used 15782K, capacity 16349K, committed 16512K, reserved 1075200K
  class space    used 1508K, capacity 1664K, committed 1664K, reserved 1048576K
}
Event: 2.169 GC heap after
{Heap after GC invocations=4 (full 1):
 PSYoungGen      total 29696K, used 0K [0x00000000eab00000, 0x00000000ecc00000, 0x0000000100000000)
  eden space 25600K, 0% used [0x00000000eab00000,0x00000000eab00000,0x00000000ec400000)
  from space 4096K, 0% used [0x00000000ec400000,0x00000000ec400000,0x00000000ec800000)
  to   space 4096K, 0% used [0x00000000ec800000,0x00000000ec800000,0x00000000ecc00000)
 ParOldGen       total 68608K, used 5222K [0x00000000c0000000, 0x00000000c4300000, 0x00000000eab00000)
  object space 68608K, 7% used [0x00000000c0000000,0x00000000c0519ae8,0x00000000c4300000)
 Metaspace       used 15782K, capacity 16349K, committed 16512K, reserved 1075200K
  class space    used 1508K, capacity 1664K, committed 1664K, reserved 1048576K
}
Event: 2.233 GC heap before
{Heap before GC invocations=5 (full 1):
 PSYoungGen      total 29696K, used 2286K [0x00000000eab00000, 0x00000000ecc00000, 0x0000000100000000)
  eden space 25600K, 8% used [0x00000000eab00000,0x00000000ead3b800,0x00000000ec400000)
  from space 4096K, 0% used [0x00000000ec400000,0x00000000ec400000,0x00000000ec800000)
  to   space 4096K, 0% used [0x00000000ec800000,0x00000000ec800000,0x00000000ecc00000)
 ParOldGen       total 68608K, used 5222K [0x00000000c0000000, 0x00000000c4300000, 0x00000000eab00000)
  object space 68608K, 7% used [0x00000000c0000000,0x00000000c0519ae8,0x00000000c4300000)
 Metaspace       used 16248K, capacity 16791K, committed 16896K, reserved 1081344K
  class space    used 1559K, capacity 1706K, committed 1792K, reserved 1048576K
}
Event: 2.235 GC heap after
{Heap after GC invocations=5 (full 1):
 PSYoungGen      total 29696K, used 160K [0x00000000eab00000, 0x00000000ecc00000, 0x0000000100000000)
  eden space 25600K, 0% used [0x00000000eab00000,0x00000000eab00000,0x00000000ec400000)
  from space 4096K, 3% used [0x00000000ec800000,0x00000000ec828000,0x00000000ecc00000)
  to   space 4096K, 0% used [0x00000000ec400000,0x00000000ec400000,0x00000000ec800000)
 ParOldGen       total 68608K, used 5230K [0x00000000c0000000, 0x00000000c4300000, 0x00000000eab00000)
  object space 68608K, 7% used [0x00000000c0000000,0x00000000c051bae8,0x00000000c4300000)
 Metaspace       used 16248K, capacity 16791K, committed 16896K, reserved 1081344K
  class space    used 1559K, capacity 1706K, committed 1792K, reserved 1048576K
}
Event: 2.235 GC heap before
{Heap before GC invocations=6 (full 2):
 PSYoungGen      total 29696K, used 160K [0x00000000eab00000, 0x00000000ecc00000, 0x0000000100000000)
  eden space 25600K, 0% used [0x00000000eab00000,0x00000000eab00000,0x00000000ec400000)
  from space 4096K, 3% used [0x00000000ec800000,0x00000000ec828000,0x00000000ecc00000)
  to   space 4096K, 0% used [0x00000000ec400000,0x00000000ec400000,0x00000000ec800000)
 ParOldGen       total 68608K, used 5230K [0x00000000c0000000, 0x00000000c4300000, 0x00000000eab00000)
  object space 68608K, 7% used [0x00000000c0000000,0x00000000c051bae8,0x00000000c4300000)
 Metaspace       used 16248K, capacity 16791K, committed 16896K, reserved 1081344K
  class space    used 1559K, capacity 1706K, committed 1792K, reserved 1048576K
}
Event: 2.308 GC heap after
{Heap after GC invocations=6 (full 2):
 PSYoungGen      total 29696K, used 0K [0x00000000eab00000, 0x00000000ecc00000, 0x0000000100000000)
  eden space 25600K, 0% used [0x00000000eab00000,0x00000000eab00000,0x00000000ec400000)
  from space 4096K, 0% used [0x00000000ec800000,0x00000000ec800000,0x00000000ecc00000)
  to   space 4096K, 0% used [0x00000000ec400000,0x00000000ec400000,0x00000000ec800000)
 ParOldGen       total 68608K, used 5314K [0x00000000c0000000, 0x00000000c4300000, 0x00000000eab00000)
  object space 68608K, 7% used [0x00000000c0000000,0x00000000c0530a70,0x00000000c4300000)
 Metaspace       used 16248K, capacity 16791K, committed 16896K, reserved 1081344K
  class space    used 1559K, capacity 1706K, committed 1792K, reserved 1048576K
}
Event: 2.308 GC heap before
{Heap before GC invocations=7 (full 2):
 PSYoungGen      total 29696K, used 0K [0x00000000eab00000, 0x00000000ecc00000, 0x0000000100000000)
  eden space 25600K, 0% used [0x00000000eab00000,0x00000000eab00000,0x00000000ec400000)
  from space 4096K, 0% used [0x00000000ec800000,0x00000000ec800000,0x00000000ecc00000)
  to   space 4096K, 0% used [0x00000000ec400000,0x00000000ec400000,0x00000000ec800000)
 ParOldGen       total 68608K, used 5314K [0x00000000c0000000, 0x00000000c4300000, 0x00000000eab00000)
  object space 68608K, 7% used [0x00000000c0000000,0x00000000c0530a70,0x00000000c4300000)
 Metaspace       used 16248K, capacity 16791K, committed 16896K, reserved 1085440K
  class space    used 1559K, capacity 1706K, committed 1792K, reserved 1048576K
}
Event: 2.309 GC heap after
{Heap after GC invocations=7 (full 2):
 PSYoungGen      total 29696K, used 0K [0x00000000eab00000, 0x00000000ec880000, 0x0000000100000000)
  eden space 25600K, 0% used [0x00000000eab00000,0x00000000eab00000,0x00000000ec400000)
  from space 4096K, 0% used [0x00000000ec400000,0x00000000ec400000,0x00000000ec800000)
  to   space 512K, 0% used [0x00000000ec800000,0x00000000ec800000,0x00000000ec880000)
 ParOldGen       total 68608K, used 5314K [0x00000000c0000000, 0x00000000c4300000, 0x00000000eab00000)
  object space 68608K, 7% used [0x00000000c0000000,0x00000000c0530a70,0x00000000c4300000)
 Metaspace       used 16248K, capacity 16791K, committed 16896K, reserved 1085440K
  class space    used 1559K, capacity 1706K, committed 1792K, reserved 1048576K
}
Event: 2.309 GC heap before
{Heap before GC invocations=8 (full 3):
 PSYoungGen      total 29696K, used 0K [0x00000000eab00000, 0x00000000ec880000, 0x0000000100000000)
  eden space 25600K, 0% used [0x00000000eab00000,0x00000000eab00000,0x00000000ec400000)
  from space 4096K, 0% used [0x00000000ec400000,0x00000000ec400000,0x00000000ec800000)
  to   space 512K, 0% used [0x00000000ec800000,0x00000000ec800000,0x00000000ec880000)
 ParOldGen       total 68608K, used 5314K [0x00000000c0000000, 0x00000000c4300000, 0x00000000eab00000)
  object space 68608K, 7% used [0x00000000c0000000,0x00000000c0530a70,0x00000000c4300000)
 Metaspace       used 16248K, capacity 16791K, committed 16896K, reserved 1085440K
  class space    used 1559K, capacity 1706K, committed 1792K, reserved 1048576K
}
Event: 2.390 GC heap after
{Heap after GC invocations=8 (full 3):
 PSYoungGen      total 29696K, used 0K [0x00000000eab00000, 0x00000000ec880000, 0x0000000100000000)
  eden space 25600K, 0% used [0x00000000eab00000,0x00000000eab00000,0x00000000ec400000)
  from space 4096K, 0% used [0x00000000ec400000,0x00000000ec400000,0x00000000ec800000)
  to   space 512K, 0% used [0x00000000ec800000,0x00000000ec800000,0x00000000ec880000)
 ParOldGen       total 68608K, used 4803K [0x00000000c0000000, 0x00000000c4300000, 0x00000000eab00000)
  object space 68608K, 7% used [0x00000000c0000000,0x00000000c04b0e40,0x00000000c4300000)
 Metaspace       used 16178K, capacity 16683K, committed 16896K, reserved 1069056K
  class space    used 1541K, capacity 1671K, committed 1792K, reserved 1048576K
}

Deoptimization events (20 events):
Event: 1.679 Thread 0x000001fba692b000 DEOPT PACKING pc=0x000001fbb6b1e5c4 sp=0x000000e6a1bfc250
Event: 1.679 Thread 0x000001fba692b000 DEOPT UNPACKING pc=0x000001fbaf09a1af sp=0x000000e6a1bfc1f0 mode 2
Event: 1.886 Thread 0x000001fbc2230800 Uncommon trap: trap_request=0xffffff4d fr.pc=0x000001fbb6b3bee4 relative=0x0000000000000124
Event: 1.886 Thread 0x000001fbc2230800 Uncommon trap: reason=unstable_if action=reinterpret pc=0x000001fbb6b3bee4 method=java.lang.ThreadLocal.get()Ljava/lang/Object; @ 11 c2
Event: 1.887 Thread 0x000001fbc2230800 DEOPT PACKING pc=0x000001fbb6b3bee4 sp=0x000000e6a2afee60
Event: 1.887 Thread 0x000001fbc2230800 DEOPT UNPACKING pc=0x000001fbaf09a1af sp=0x000000e6a2afee00 mode 2
Event: 1.901 Thread 0x000001fbc2231800 Uncommon trap: trap_request=0xffffff4d fr.pc=0x000001fbb6b3c97c relative=0x00000000000000bc
Event: 1.901 Thread 0x000001fbc2231800 Uncommon trap: reason=unstable_if action=reinterpret pc=0x000001fbb6b3c97c method=java.lang.ThreadLocal$ThreadLocalMap.getEntry(Ljava/lang/ThreadLocal;)Ljava/lang/ThreadLocal$ThreadLocalMap$Entry; @ 29 c2
Event: 1.901 Thread 0x000001fbc2231800 DEOPT PACKING pc=0x000001fbb6b3c97c sp=0x000000e6a2bfe320
Event: 1.901 Thread 0x000001fbc2231800 DEOPT UNPACKING pc=0x000001fbaf09a1af sp=0x000000e6a2bfe2b8 mode 2
Event: 1.996 Thread 0x000001fbc2231800 Uncommon trap: trap_request=0xffffffcc fr.pc=0x000001fbb6b86ef4 relative=0x00000000000001b4
Event: 1.996 Thread 0x000001fbc2231800 Uncommon trap: reason=intrinsic_or_type_checked_inlining action=make_not_entrant pc=0x000001fbb6b86ef4 method=java.util.Arrays.copyOf([Ljava/lang/Object;ILjava/lang/Class;)[Ljava/lang/Object; @ 35 c2
Event: 1.996 Thread 0x000001fbc2231800 DEOPT PACKING pc=0x000001fbb6b86ef4 sp=0x000000e6a2bfca00
Event: 1.996 Thread 0x000001fbc2231800 DEOPT UNPACKING pc=0x000001fbaf09a1af sp=0x000000e6a2bfc990 mode 2
Event: 2.102 Thread 0x000001fbc2231800 DEOPT PACKING pc=0x000001fbaf6e6fb8 sp=0x000000e6a2bfacd0
Event: 2.102 Thread 0x000001fbc2231800 DEOPT UNPACKING pc=0x000001fbaf09a95e sp=0x000000e6a2bfa128 mode 0
Event: 2.174 Thread 0x000001fbc2231800 Uncommon trap: trap_request=0xffffff4d fr.pc=0x000001fbb6b781cc relative=0x00000000000011cc
Event: 2.174 Thread 0x000001fbc2231800 Uncommon trap: reason=unstable_if action=reinterpret pc=0x000001fbb6b781cc method=java.io.WinNTFileSystem.normalize(Ljava/lang/String;II)Ljava/lang/String; @ 100 c2
Event: 2.174 Thread 0x000001fbc2231800 DEOPT PACKING pc=0x000001fbb6b781cc sp=0x000000e6a2bfa4d0
Event: 2.174 Thread 0x000001fbc2231800 DEOPT UNPACKING pc=0x000001fbaf09a1af sp=0x000000e6a2bfa410 mode 2

Classes redefined (0 events):
No events

Internal exceptions (20 events):
Event: 0.876 Thread 0x000001fba692b000 Implicit null exception at 0x000001fbb6b39a75 to 0x000001fbb6b39c70
Event: 0.922 Thread 0x000001fba692b000 Exception <a 'java/lang/NoSuchMethodError'{0x00000000eb845d00}: 'int java.lang.invoke.DirectMethodHandle$Holder.invokeStaticInit(java.lang.Object, java.lang.Object, java.lang.Object, java.lang.Object)'> (0x00000000eb845d00) thrown at [./src/hotspot/share/interpreter/linkResolver.cpp, line 773]
Event: 0.925 Thread 0x000001fba692b000 Exception <a 'java/lang/IncompatibleClassChangeError'{0x00000000eb84fc48}: Found class java.lang.Object, but interface was expected> (0x00000000eb84fc48) thrown at [./src/hotspot/share/interpreter/linkResolver.cpp, line 839]
Event: 0.926 Thread 0x000001fba692b000 Exception <a 'java/lang/NoSuchMethodError'{0x00000000eb852d08}: 'void java.lang.invoke.DirectMethodHandle$Holder.invokeStaticInit(java.lang.Object, java.lang.Object)'> (0x00000000eb852d08) thrown at [./src/hotspot/share/interpreter/linkResolver.cpp, line 773]
Event: 0.928 Thread 0x000001fba692b000 Exception <a 'java/lang/NoSuchMethodError'{0x00000000eb858010}: 'int java.lang.invoke.DirectMethodHandle$Holder.invokeStaticInit(java.lang.Object, java.lang.Object)'> (0x00000000eb858010) thrown at [./src/hotspot/share/interpreter/linkResolver.cpp, line 773]
Event: 0.957 Thread 0x000001fba692b000 Exception <a 'java/lang/NoSuchMethodError'{0x00000000eb8a5bf8}: 'java.lang.Object java.lang.invoke.DirectMethodHandle$Holder.invokeStaticInit(java.lang.Object, int, int, int, int)'> (0x00000000eb8a5bf8) thrown at [./src/hotspot/share/interpreter/linkResolver.cpp, line 773]
Event: 1.417 Thread 0x000001fba692b000 Exception <a 'java/lang/NoSuchMethodError'{0x00000000eb913090}: 'java.lang.Object java.lang.invoke.DirectMethodHandle$Holder.invokeStaticInit(java.lang.Object, java.lang.Object, int, int, int, int)'> (0x00000000eb913090) thrown at [./src/hotspot/share/interpreter/linkResolver.cpp, line 773]
Event: 1.469 Thread 0x000001fba692b000 Exception <a 'java/lang/NoSuchMethodError'{0x00000000eba16510}: 'void java.lang.invoke.DirectMethodHandle$Holder.invokeInterface(java.lang.Object, java.lang.Object)'> (0x00000000eba16510) thrown at [./src/hotspot/share/interpreter/linkResolver.cpp, line 773]
Event: 1.478 Thread 0x000001fba692b000 Exception <a 'java/lang/NoSuchMethodError'{0x00000000eba359a8}: 'java.lang.Object java.lang.invoke.DirectMethodHandle$Holder.invokeStatic(java.lang.Object, int, java.lang.Object, java.lang.Object)'> (0x00000000eba359a8) thrown at [./src/hotspot/share/interpreter/linkResolver.cpp, line 773]
Event: 1.479 Thread 0x000001fba692b000 Exception <a 'java/lang/NoSuchMethodError'{0x00000000eba3cd70}: 'java.lang.Object java.lang.invoke.DirectMethodHandle$Holder.invokeSpecial(java.lang.Object, java.lang.Object, int, java.lang.Object, java.lang.Object)'> (0x00000000eba3cd70) thrown at [./src/hotspot/share/interpreter/linkResolver.cpp, line 773]
Event: 1.485 Thread 0x000001fba692b000 Exception <a 'java/lang/NoSuchMethodError'{0x00000000eba63568}: 'int java.lang.invoke.DirectMethodHandle$Holder.invokeSpecialIFC(java.lang.Object, java.lang.Object, int)'> (0x00000000eba63568) thrown at [./src/hotspot/share/interpreter/linkResolver.cpp, line 773]
Event: 1.655 Thread 0x000001fba692b000 Exception <a 'java/lang/NoSuchMethodError'{0x00000000ec05dcc8}: 'java.lang.Object java.lang.invoke.DirectMethodHandle$Holder.invokeStatic(java.lang.Object, int, java.lang.Object)'> (0x00000000ec05dcc8) thrown at [./src/hotspot/share/interpreter/linkResolver.cpp, line 773]
Event: 1.660 Thread 0x000001fba692b000 Exception <a 'java/lang/NoSuchMethodError'{0x00000000ec0797c8}: 'java.lang.Object java.lang.invoke.Invokers$Holder.linkToTargetMethod(java.lang.Object, java.lang.Object, java.lang.Object, int, java.lang.Object, java.lang.Object)'> (0x00000000ec0797c8) thrown at [./src/hotspot/share/interpreter/linkResolver.cpp, line 773]
Event: 1.867 Thread 0x000001fba692b000 Exception <a 'java/lang/UnsatisfiedLinkError'{0x00000000ec386068}: 'void org.eclipse.equinox.launcher.JNIBridge._update_splash()'> (0x00000000ec386068) thrown at [./src/hotspot/share/prims/nativeLookup.cpp, line 528]
Event: 1.886 Thread 0x000001fbc2230800 Implicit null exception at 0x000001fbb6b3be0b to 0x000001fbb6b3bed0
Event: 1.892 Thread 0x000001fbc2231800 Exception <a 'java/lang/NoSuchMethodError'{0x00000000eabcbc08}: 'java.lang.Object java.lang.invoke.Invokers$Holder.linkToTargetMethod(java.lang.Object, java.lang.Object, java.lang.Object, int, java.lang.Object)'> (0x00000000eabcbc08) thrown at [./src/hotspot/share/interpreter/linkResolver.cpp, line 773]
Event: 2.008 Thread 0x000001fbc2231800 Exception <a 'java/lang/NoSuchMethodError'{0x00000000eae27fc0}: 'java.lang.Object java.lang.invoke.DirectMethodHandle$Holder.invokeStatic(java.lang.Object, java.lang.Object, java.lang.Object, java.lang.Object, java.lang.Object, java.lang.Object, java.lang.Object, java.lang.Object, java.lang.Object, java.lang.Object, java.lang.Object, java.lang.Object, java.lang.Object, java.lang.Object, java.lang.Object)'> (0x00000000eae27fc0) thrown at [./src/hotspot/share/interpreter/linkResolver.cpp, line 773]
Event: 2.011 Thread 0x000001fbc2231800 Exception <a 'java/lang/NoSuchMethodError'{0x00000000eae36258}: 'java.lang.Object java.lang.invoke.DirectMethodHandle$Holder.invokeStatic(java.lang.Object, java.lang.Object, java.lang.Object, java.lang.Object, java.lang.Object, java.lang.Object, java.lang.Object, java.lang.Object, java.lang.Object, java.lang.Object, java.lang.Object, java.lang.Object, java.lang.Object, java.lang.Object, java.lang.Object, java.lang.Object)'> (0x00000000eae36258) thrown at [./src/hotspot/share/interpreter/linkResolver.cpp, l
Event: 2.013 Thread 0x000001fbc2231800 Exception <a 'java/lang/NoSuchMethodError'{0x00000000eae44170}: 'java.lang.Object java.lang.invoke.DirectMethodHandle$Holder.invokeSpecial(java.lang.Object, java.lang.Object, int, int, java.lang.Object, java.lang.Object, java.lang.Object)'> (0x00000000eae44170) thrown at [./src/hotspot/share/interpreter/linkResolver.cpp, line 773]
Event: 2.013 Thread 0x000001fbc2231800 Exception <a 'java/lang/NoSuchMethodError'{0x00000000eae47700}: 'java.lang.Object java.lang.invoke.DelegatingMethodHandle$Holder.reinvoke_L(java.lang.Object, int, int, java.lang.Object, java.lang.Object, java.lang.Object)'> (0x00000000eae47700) thrown at [./src/hotspot/share/interpreter/linkResolver.cpp, line 773]

Events (20 events):
Event: 2.210 loading class org/eclipse/osgi/storage/ManifestLocalization$EmptyResouceBundle done
Event: 2.212 loading class org/eclipse/osgi/util/NLS
Event: 2.212 loading class org/eclipse/osgi/util/NLS done
Event: 2.214 loading class org/eclipse/osgi/storage/url/bundleresource/Handler
Event: 2.214 loading class org/eclipse/osgi/storage/url/bundleresource/Handler done
Event: 2.215 loading class org/eclipse/osgi/util/NLS$MessagesProperties
Event: 2.215 loading class org/eclipse/osgi/util/NLS$MessagesProperties done
Event: 2.216 loading class jdk/internal/reflect/UnsafeStaticObjectFieldAccessorImpl
Event: 2.216 loading class jdk/internal/reflect/UnsafeStaticObjectFieldAccessorImpl done
Event: 2.222 loading class java/lang/StackWalker$Option
Event: 2.222 loading class java/lang/StackWalker$Option done
Event: 2.233 Executing VM operation: CollectForMetadataAllocation
Event: 2.390 Executing VM operation: CollectForMetadataAllocation done
Event: 2.391 Thread 0x000001fbc1d1b000 Thread exited: 0x000001fbc1d1b000
Event: 2.411 loading class java/util/MissingResourceException
Event: 2.411 loading class java/util/MissingResourceException done
Event: 2.506 loading class org/eclipse/osgi/internal/loader/buddy/PolicyHandler
Event: 2.506 loading class org/eclipse/osgi/internal/loader/buddy/PolicyHandler done
Event: 2.513 Executing VM operation: RevokeBias
Event: 2.513 Executing VM operation: RevokeBias done


Dynamic libraries:
0x00007ff734760000 - 0x00007ff73476d000 	C:\Program Files\Eclipse Foundation\jdk-11.0.12.7-hotspot\bin\java.exe
0x00007ffb52810000 - 0x00007ffb52a04000 	C:\WINDOWS\SYSTEM32\ntdll.dll
0x00007ffb51cc0000 - 0x00007ffb51d7d000 	C:\WINDOWS\System32\KERNEL32.DLL
0x00007ffb503a0000 - 0x00007ffb50667000 	C:\WINDOWS\System32\KERNELBASE.dll
0x00007ffb50770000 - 0x00007ffb50870000 	C:\WINDOWS\System32\ucrtbase.dll
0x00007ffb3d090000 - 0x00007ffb3d0a5000 	C:\Program Files\Eclipse Foundation\jdk-11.0.12.7-hotspot\bin\VCRUNTIME140.dll
0x00007ffb39b40000 - 0x00007ffb39b57000 	C:\Program Files\Eclipse Foundation\jdk-11.0.12.7-hotspot\bin\jli.dll
0x00007ffb50a30000 - 0x00007ffb50bd0000 	C:\WINDOWS\System32\USER32.dll
0x00007ffb50160000 - 0x00007ffb50182000 	C:\WINDOWS\System32\win32u.dll
0x00007ffb517c0000 - 0x00007ffb517ea000 	C:\WINDOWS\System32\GDI32.dll
0x00007ffb501e0000 - 0x00007ffb502ea000 	C:\WINDOWS\System32\gdi32full.dll
0x00007ffb50670000 - 0x00007ffb5070d000 	C:\WINDOWS\System32\msvcp_win.dll
0x00007ffb3f150000 - 0x00007ffb3f3ea000 	C:\WINDOWS\WinSxS\amd64_microsoft.windows.common-controls_6595b64144ccf1df_6.0.19041.1_none_b555e41d4684ddec\COMCTL32.dll
0x00007ffb50d30000 - 0x00007ffb50dce000 	C:\WINDOWS\System32\msvcrt.dll
0x00007ffb51ae0000 - 0x00007ffb51b10000 	C:\WINDOWS\System32\IMM32.DLL
0x00007ffb07b10000 - 0x00007ffb07bab000 	C:\Program Files\Eclipse Foundation\jdk-11.0.12.7-hotspot\bin\msvcp140.dll
0x00007ffb02100000 - 0x00007ffb02c59000 	C:\Program Files\Eclipse Foundation\jdk-11.0.12.7-hotspot\bin\server\jvm.dll
0x00007ffb51860000 - 0x00007ffb5190a000 	C:\WINDOWS\System32\ADVAPI32.dll
0x00007ffb51e10000 - 0x00007ffb51eab000 	C:\WINDOWS\System32\sechost.dll
0x00007ffb51b10000 - 0x00007ffb51c33000 	C:\WINDOWS\System32\RPCRT4.dll
0x00007ffb51eb0000 - 0x00007ffb51eb8000 	C:\WINDOWS\System32\PSAPI.DLL
0x00007ffb4ba10000 - 0x00007ffb4ba19000 	C:\WINDOWS\SYSTEM32\WSOCK32.dll
0x00007ffb517f0000 - 0x00007ffb5185b000 	C:\WINDOWS\System32\WS2_32.dll
0x00007ffb40d60000 - 0x00007ffb40d87000 	C:\WINDOWS\SYSTEM32\WINMM.dll
0x00007ffb47770000 - 0x00007ffb4777a000 	C:\WINDOWS\SYSTEM32\VERSION.dll
0x00007ffb4e850000 - 0x00007ffb4e863000 	C:\WINDOWS\SYSTEM32\kernel.appcore.dll
0x00007ffb4b930000 - 0x00007ffb4b940000 	C:\Program Files\Eclipse Foundation\jdk-11.0.12.7-hotspot\bin\verify.dll
0x00007ffb4e580000 - 0x00007ffb4e764000 	C:\WINDOWS\SYSTEM32\DBGHELP.DLL
0x00007ffb490f0000 - 0x00007ffb4911c000 	C:\WINDOWS\SYSTEM32\dbgcore.DLL
0x00007ffb500e0000 - 0x00007ffb5015f000 	C:\WINDOWS\System32\bcryptPrimitives.dll
0x00007ffb218e0000 - 0x00007ffb21908000 	C:\Program Files\Eclipse Foundation\jdk-11.0.12.7-hotspot\bin\java.dll
0x00007ffb4b690000 - 0x00007ffb4b69a000 	C:\Program Files\Eclipse Foundation\jdk-11.0.12.7-hotspot\bin\jimage.dll
0x00007ffb252f0000 - 0x00007ffb25307000 	C:\Program Files\Eclipse Foundation\jdk-11.0.12.7-hotspot\bin\zip.dll
0x00007ffb51ec0000 - 0x00007ffb525f1000 	C:\WINDOWS\System32\SHELL32.dll
0x00007ffb4dd30000 - 0x00007ffb4e4ba000 	C:\WINDOWS\SYSTEM32\windows.storage.dll
0x00007ffb51450000 - 0x00007ffb517a4000 	C:\WINDOWS\System32\combase.dll
0x00007ffb4f9d0000 - 0x00007ffb4f9fb000 	C:\WINDOWS\SYSTEM32\Wldp.dll
0x00007ffb52600000 - 0x00007ffb526ae000 	C:\WINDOWS\System32\SHCORE.dll
0x00007ffb51970000 - 0x00007ffb519c5000 	C:\WINDOWS\System32\shlwapi.dll
0x00007ffb4fe90000 - 0x00007ffb4feaf000 	C:\WINDOWS\SYSTEM32\profapi.dll
0x00007ffb23410000 - 0x00007ffb23429000 	C:\Program Files\Eclipse Foundation\jdk-11.0.12.7-hotspot\bin\net.dll
0x00007ffb3fe80000 - 0x00007ffb3ff82000 	C:\WINDOWS\SYSTEM32\WINHTTP.dll
0x00007ffb4f750000 - 0x00007ffb4f7ba000 	C:\WINDOWS\system32\mswsock.dll
0x00007ffb21180000 - 0x00007ffb21192000 	C:\Program Files\Eclipse Foundation\jdk-11.0.12.7-hotspot\bin\nio.dll
0x00007ffb4f920000 - 0x00007ffb4f938000 	C:\WINDOWS\SYSTEM32\CRYPTSP.dll
0x00007ffb4f070000 - 0x00007ffb4f0a4000 	C:\WINDOWS\system32\rsaenh.dll
0x00007ffb500b0000 - 0x00007ffb500d7000 	C:\WINDOWS\System32\bcrypt.dll
0x00007ffb4fe10000 - 0x00007ffb4fe3e000 	C:\WINDOWS\SYSTEM32\USERENV.dll
0x00007ffb4f940000 - 0x00007ffb4f94c000 	C:\WINDOWS\SYSTEM32\CRYPTBASE.dll
0x00007ffb4f3f0000 - 0x00007ffb4f42b000 	C:\WINDOWS\SYSTEM32\IPHLPAPI.DLL
0x00007ffb50bd0000 - 0x00007ffb50bd9000 	C:\WINDOWS\System32\NSI.dll
0x00007ffb41e00000 - 0x00007ffb41e17000 	C:\WINDOWS\SYSTEM32\dhcpcsvc6.DLL
0x00007ffb421d0000 - 0x00007ffb421ed000 	C:\WINDOWS\SYSTEM32\dhcpcsvc.DLL
0x00007ffb4f440000 - 0x00007ffb4f50a000 	C:\WINDOWS\SYSTEM32\DNSAPI.dll
0x00007ffb17c60000 - 0x00007ffb17c9e000 	C:\Users\User\AppData\Roaming\Code\User\globalStorage\redhat.java\0.82.0\config_win\org.eclipse.equinox.launcher\org.eclipse.equinox.launcher.win32.win32.x86_64_1.2.300.v20210828-0802\eclipse_11506.dll
0x00007ffb50c00000 - 0x00007ffb50d2b000 	C:\WINDOWS\System32\ole32.dll

dbghelp: loaded successfully - version: 4.0.5 - missing functions: none
symbol engine: initialized successfully - sym options: 0x614 - pdb path: .;C:\Program Files\Eclipse Foundation\jdk-11.0.12.7-hotspot\bin;C:\WINDOWS\SYSTEM32;C:\WINDOWS\WinSxS\amd64_microsoft.windows.common-controls_6595b64144ccf1df_6.0.19041.1_none_b555e41d4684ddec;C:\Program Files\Eclipse Foundation\jdk-11.0.12.7-hotspot\bin\server;C:\Users\User\AppData\Roaming\Code\User\globalStorage\redhat.java\0.82.0\config_win\org.eclipse.equinox.launcher\org.eclipse.equinox.launcher.win32.win32.x86_64_1.2.300.v20210828-0802

VM Arguments:
jvm_args: --add-modules=ALL-SYSTEM --add-opens=java.base/java.util=ALL-UNNAMED --add-opens=java.base/java.lang=ALL-UNNAMED -Declipse.application=org.eclipse.jdt.ls.core.id1 -Dosgi.bundles.defaultStartLevel=4 -Declipse.product=org.eclipse.jdt.ls.core.product -Dfile.encoding=utf8 -DwatchParentProcess=false -XX:+UseParallelGC -XX:GCTimeRatio=4 -XX:AdaptiveSizePolicyWeight=90 -Dsun.zip.disableMemoryMapping=true -Xmx1G -Xms100m -Xverify:none 
java_command: c:\Users\User\.vscode\extensions\redhat.java-0.82.0\server\plugins\org.eclipse.equinox.launcher_1.6.300.v20210813-1054.jar -configuration c:\Users\User\AppData\Roaming\Code\User\globalStorage\redhat.java\0.82.0\config_win -data c:\Users\User\AppData\Roaming\Code\User\workspaceStorage\c3096344b3a4e59383c1365647bf3051\redhat.java\jdt_ws
java_class_path (initial): c:\Users\User\.vscode\extensions\redhat.java-0.82.0\server\plugins\org.eclipse.equinox.launcher_1.6.300.v20210813-1054.jar
Launcher Type: SUN_STANDARD

[Global flags]
    uintx AdaptiveSizePolicyWeight                 = 90                                        {product} {command line}
     bool BytecodeVerificationLocal                = false                                     {product} {command line}
     bool BytecodeVerificationRemote               = false                                     {product} {command line}
     intx CICompilerCount                          = 3                                         {product} {ergonomic}
    uintx GCTimeRatio                              = 4                                         {product} {command line}
   size_t InitialHeapSize                          = 104857600                                 {product} {command line}
   size_t MaxHeapSize                              = 1073741824                                {product} {command line}
   size_t MaxNewSize                               = 357564416                                 {product} {ergonomic}
   size_t MinHeapDeltaBytes                        = 524288                                    {product} {ergonomic}
   size_t NewSize                                  = 34603008                                  {product} {ergonomic}
    uintx NonNMethodCodeHeapSize                   = 5830732                                {pd product} {ergonomic}
    uintx NonProfiledCodeHeapSize                  = 122913754                              {pd product} {ergonomic}
   size_t OldSize                                  = 70254592                                  {product} {ergonomic}
    uintx ProfiledCodeHeapSize                     = 122913754                              {pd product} {ergonomic}
    uintx ReservedCodeCacheSize                    = 251658240                              {pd product} {ergonomic}
     bool SegmentedCodeCache                       = true                                      {product} {ergonomic}
     bool UseCompressedClassPointers               = true                                 {lp64_product} {ergonomic}
     bool UseCompressedOops                        = true                                 {lp64_product} {ergonomic}
     bool UseLargePagesIndividualAllocation        = false                                  {pd product} {ergonomic}
     bool UseParallelGC                            = true                                      {product} {command line}

Logging:
Log output configuration:
 #0: stdout all=warning uptime,level,tags
 #1: stderr all=off uptime,level,tags

Environment Variables:
JAVA_HOME=C:\Program Files\Eclipse Foundation\jdk-11.0.12.7-hotspot
PATH=C:\Program Files\Eclipse Foundation\jdk-11.0.12.7-hotspot\bin;C:\ProgramData\Oracle\Java\javapath;C:\Program Files\Rockwell Software\RSCommon;C:\Program Files\ImageMagick-7.0.10-Q16-HDRI;C:\Program Files (x86)\Intel\TXE Components\TCS\;C:\Program Files\Intel\TXE Components\TCS\;C:\Windows\system32;C:\Windows;C:\Windows\System32\Wbem;C:\Windows\System32\WindowsPowerShell\v1.0\;C:\Program Files (x86)\NVIDIA Corporation\PhysX\Common;C:\Program Files\Microsoft SQL Server\130\Tools\Binn\;C:\Program Files\dotnet\;C:\Program Files\MiKTeX 2.9\miktex\bin\x64\;C:\WINDOWS\system32;C:\WINDOWS;C:\WINDOWS\System32\Wbem;C:\WINDOWS\System32\WindowsPowerShell\v1.0\;C:\WINDOWS\System32\OpenSSH\;C:\Program Files\MATLAB\R2018a\runtime\win64;C:\Program Files\MATLAB\R2018a\bin;C:\Program Files\nodejs\;C:\ProgramData\chocolatey\bin;C:\Program Files\Microsoft SQL Server\Client SDK\ODBC\130\Tools\Binn\;C:\Program Files (x86)\Microsoft SQL Server\140\Tools\Binn\;C:\Program Files\Microsoft SQL Server\140\Tools\Binn\;C:\Program Files\Microsoft SQL Server\140\DTS\Binn\;C:\Program Files (x86)\Microsoft SQL Server\150\DTS\Binn\;C:\Program Files\Git\cmd;C:\apache-maven-3.8.3\bin;C:\Program Files\Eclipse Foundation\jdk-11.0.12.7-hotspot\bin;C:\Program Files\MySQL\MySQL Shell 8.0\bin\;C:\Users\User\AppData\Local\Microsoft\WindowsApps;C:\Users\User\AppData\Local\atom\bin;C:\Users\User\AppData\Roaming\npm;C:\Users\User\AppData\Local\Microsoft\WindowsApps;C:\Users\User\AppData\Local\Programs\Microsoft VS Code\bin;C:\Program Files\Python36;C:\Program Files\Python36\Scripts;
USERNAME=User
OS=Windows_NT
PROCESSOR_IDENTIFIER=Intel64 Family 6 Model 142 Stepping 9, GenuineIntel



---------------  S Y S T E M  ---------------

OS: Windows 10 , 64 bit Build 19041 (10.0.19041.1)
OS uptime: 7 days 1:05 hours

CPU:total 4 (initial active 4) (2 cores per cpu, 2 threads per core) family 6 model 142 stepping 9 microcode 0xb4, cmov, cx8, fxsr, mmx, sse, sse2, sse3, ssse3, sse4.1, sse4.2, popcnt, avx, avx2, aes, clmul, erms, 3dnowpref, lzcnt, ht, tsc, tscinvbit, bmi1, bmi2, adx, fma

Memory: 4k page, system-wide physical 8073M (1481M free)
TotalPageFile size 8073M (AvailPageFile size 2M)
current process WorkingSet (physical memory assigned to process): 92M, peak: 92M
current process commit charge ("private bytes"): 195M, peak: 196M

vm_info: OpenJDK 64-Bit Server VM (11.0.12+7) for windows-amd64 JRE (11.0.12+7), built on Jul 21 2021 16:23:49 by "" with unknown MS VC++:1916

END.
