#
# There is insufficient memory for the Java Runtime Environment to continue.
# Native memory allocation (malloc) failed to allocate 262160 bytes for Chunk::new
# Possible reasons:
#   The system is out of physical RAM or swap space
#   The process is running with CompressedOops enabled, and the Java Heap may be blocking the growth of the native heap
# Possible solutions:
#   Reduce memory load on the system
#   Increase physical memory or swap space
#   Check if swap backing store is full
#   Decrease Java heap size (-Xmx/-Xms)
#   Decrease number of Java threads
#   Decrease Java thread stack sizes (-Xss)
#   Set larger code cache with -XX:ReservedCodeCacheSize=
#   JVM is running with Unscaled Compressed Oops mode in which the Java heap is
#     placed in the first 4GB address space. The Java Heap base address is the
#     maximum limit for the native heap growth. Please use -XX:HeapBaseMinAddress
#     to set the Java Heap base and to place the Java Heap above 4GB virtual address.
# This output file may be truncated or incomplete.
#
#  Out of Memory Error (./src/hotspot/share/memory/arena.cpp:197), pid=9012, tid=6796
#
# JRE version: OpenJDK Runtime Environment Temurin-11.0.12+7 (11.0.12+7) (build 11.0.12+7)
# Java VM: OpenJDK 64-Bit Server VM Temurin-11.0.12+7 (11.0.12+7, mixed mode, tiered, compressed oops, g1 gc, windows-amd64)
# No core dump will be written. Minidumps are not enabled by default on client versions of Windows
#

---------------  S U M M A R Y ------------

Command Line: -Dcom.sun.management.jmxremote -Dcom.sun.management.jmxremote.port=65180 -Dcom.sun.management.jmxremote.authenticate=false -Dcom.sun.management.jmxremote.ssl=false -Djava.rmi.server.hostname=localhost -Dspring.application.admin.enabled=true -Dspring.jmx.enabled=true -Dfile.encoding=UTF-8 co.usa.alquilercomputadores.alquilercomputadores.AlquilercomputadoresApplication

Host: Intel(R) Core(TM) i5-7200U CPU @ 2.50GHz, 4 cores, 7G,  Windows 10 , 64 bit Build 19041 (10.0.19041.1)
Time: Sat Oct 23 23:26:03 2021 Hora est. Pacífico, Sudamérica elapsed time: 18.537403 seconds (0d 0h 0m 18s)

---------------  T H R E A D  ---------------

Current thread (0x0000029a3f314800):  JavaThread "C2 CompilerThread0" daemon [_thread_in_native, id=6796, stack(0x000000a62c300000,0x000000a62c400000)]


Current CompileTask:
C2:  18537 4215   !   4       jdk.internal.loader.BuiltinClassLoader::findClassOnClassPathOrNull (64 bytes)

Stack: [0x000000a62c300000,0x000000a62c400000]
Native frames: (J=compiled Java code, j=interpreted, Vv=VM code, C=native code)
V  [jvm.dll+0x601d0a]
V  [jvm.dll+0x78ab6e]
V  [jvm.dll+0x78c23f]
V  [jvm.dll+0x78c903]
V  [jvm.dll+0x24be68]
V  [jvm.dll+0xc219c]
V  [jvm.dll+0xc275c]
V  [jvm.dll+0x62e562]
V  [jvm.dll+0x62e8b3]
V  [jvm.dll+0x630355]
V  [jvm.dll+0x62ee79]
V  [jvm.dll+0x51355f]
V  [jvm.dll+0x206c2e]
V  [jvm.dll+0x2045da]
V  [jvm.dll+0x1898fc]
V  [jvm.dll+0x213d67]
V  [jvm.dll+0x211f2b]
V  [jvm.dll+0x74ec19]
V  [jvm.dll+0x747c84]
V  [jvm.dll+0x600ba6]
C  [ucrtbase.dll+0x21542]
C  [KERNEL32.DLL+0x16fd4]
C  [ntdll.dll+0x4cf31]


---------------  P R O C E S S  ---------------

Threads class SMR info:
_java_thread_list=0x0000029a43f3c1c0, length=19, elements={
0x0000029a20bb9000, 0x0000029a3f307800, 0x0000029a3f2fd800, 0x0000029a3fc92800,
0x0000029a3f30f000, 0x0000029a3f310800, 0x0000029a3f314800, 0x0000029a3f31a800,
0x0000029a3f32e800, 0x0000029a3fdf2000, 0x0000029a404b1800, 0x0000029a404ba000,
0x0000029a4048e000, 0x0000029a4203e000, 0x0000029a41368800, 0x0000029a44df2000,
0x0000029a45de8800, 0x0000029a43cf4800, 0x0000029a44d3e800
}

Java Threads: ( => current thread )
  0x0000029a20bb9000 JavaThread "main" [_thread_blocked, id=9444, stack(0x000000a62b700000,0x000000a62b800000)]
  0x0000029a3f307800 JavaThread "Reference Handler" daemon [_thread_blocked, id=6372, stack(0x000000a62be00000,0x000000a62bf00000)]
  0x0000029a3f2fd800 JavaThread "Finalizer" daemon [_thread_blocked, id=11376, stack(0x000000a62bf00000,0x000000a62c000000)]
  0x0000029a3fc92800 JavaThread "Signal Dispatcher" daemon [_thread_blocked, id=5208, stack(0x000000a62c000000,0x000000a62c100000)]
  0x0000029a3f30f000 JavaThread "Attach Listener" daemon [_thread_blocked, id=6296, stack(0x000000a62c100000,0x000000a62c200000)]
  0x0000029a3f310800 JavaThread "Service Thread" daemon [_thread_blocked, id=7148, stack(0x000000a62c200000,0x000000a62c300000)]
=>0x0000029a3f314800 JavaThread "C2 CompilerThread0" daemon [_thread_in_native, id=6796, stack(0x000000a62c300000,0x000000a62c400000)]
  0x0000029a3f31a800 JavaThread "C1 CompilerThread0" daemon [_thread_blocked, id=3112, stack(0x000000a62c400000,0x000000a62c500000)]
  0x0000029a3f32e800 JavaThread "Sweeper thread" daemon [_thread_blocked, id=12644, stack(0x000000a62c500000,0x000000a62c600000)]
  0x0000029a3fdf2000 JavaThread "Common-Cleaner" daemon [_thread_blocked, id=1844, stack(0x000000a62c600000,0x000000a62c700000)]
  0x0000029a404b1800 JavaThread "RMI TCP Accept-0" daemon [_thread_in_native, id=3004, stack(0x000000a62c700000,0x000000a62c800000)]
  0x0000029a404ba000 JavaThread "RMI TCP Accept-65180" daemon [_thread_in_native, id=5188, stack(0x000000a62c800000,0x000000a62c900000)]
  0x0000029a4048e000 JavaThread "RMI TCP Accept-0" daemon [_thread_in_native, id=2356, stack(0x000000a62c900000,0x000000a62ca00000)]
  0x0000029a4203e000 JavaThread "Catalina-utility-1" [_thread_blocked, id=2552, stack(0x000000a62cb00000,0x000000a62cc00000)]
  0x0000029a41368800 JavaThread "Catalina-utility-2" [_thread_blocked, id=4672, stack(0x000000a62ce00000,0x000000a62cf00000)]
  0x0000029a44df2000 JavaThread "container-0" [_thread_blocked, id=12968, stack(0x000000a62d000000,0x000000a62d100000)]
  0x0000029a45de8800 JavaThread "C2 CompilerThread1" daemon [_thread_in_native, id=12876, stack(0x000000a62d100000,0x000000a62d200000)]
  0x0000029a43cf4800 JavaThread "HikariPool-1 housekeeper" daemon [_thread_blocked, id=12104, stack(0x000000a62d200000,0x000000a62d300000)]
  0x0000029a44d3e800 JavaThread "HikariPool-1 connection adder" daemon [_thread_blocked, id=11932, stack(0x000000a62d300000,0x000000a62d400000)]

Other Threads:
  0x0000029a3f2d4800 VMThread "VM Thread" [stack: 0x000000a62bd00000,0x000000a62be00000] [id=2028]
  0x0000029a404c1800 WatcherThread [stack: 0x000000a62ca00000,0x000000a62cb00000] [id=7016]
  0x0000029a20bd2800 GCTaskThread "GC Thread#0" [stack: 0x000000a62b800000,0x000000a62b900000] [id=6500]
  0x0000029a406f4800 GCTaskThread "GC Thread#1" [stack: 0x000000a62cc00000,0x000000a62cd00000] [id=10264]
  0x0000029a4071b000 GCTaskThread "GC Thread#2" [stack: 0x000000a62cd00000,0x000000a62ce00000] [id=14252]
  0x0000029a41c81000 GCTaskThread "GC Thread#3" [stack: 0x000000a62cf00000,0x000000a62d000000] [id=6180]
  0x0000029a20c05800 ConcurrentGCThread "G1 Main Marker" [stack: 0x000000a62b900000,0x000000a62ba00000] [id=6612]
  0x0000029a20c09000 ConcurrentGCThread "G1 Conc#0" [stack: 0x000000a62ba00000,0x000000a62bb00000] [id=1884]
  0x0000029a3f140800 ConcurrentGCThread "G1 Refine#0" [stack: 0x000000a62bb00000,0x000000a62bc00000] [id=1448]
  0x0000029a3f141800 ConcurrentGCThread "G1 Young RemSet Sampling" [stack: 0x000000a62bc00000,0x000000a62bd00000] [id=13104]

Threads with active compile tasks:
C2 CompilerThread0  18697 4215   !   4       jdk.internal.loader.BuiltinClassLoader::findClassOnClassPathOrNull (64 bytes)
C2 CompilerThread1  18697 4210       4       jdk.internal.loader.BuiltinClassLoader::defineClass (121 bytes)

VM state:at safepoint (normal execution)

VM Mutex/Monitor currently owned by a thread:  ([mutex/lock_event])
[0x0000029a20bb66a0] Threads_lock - owner thread: 0x0000029a3f2d4800
[0x0000029a20bb5530] Heap_lock - owner thread: 0x0000029a20bb9000

Heap address: 0x0000000081c00000, size: 2020 MB, Compressed Oops mode: 32-bit
Narrow klass base: 0x0000000000000000, Narrow klass shift: 3
Compressed class space size: 1073741824 Address: 0x0000000100000000

Heap:
 garbage-first heap   total 157696K, used 20422K [0x0000000081c00000, 0x0000000100000000)
  region size 1024K, 7 young (7168K), 7 survivors (7168K)
 Metaspace       used 51820K, capacity 53096K, committed 53196K, reserved 1103872K
  class space    used 6300K, capacity 6793K, committed 6860K, reserved 1048576K
Heap Regions: E=young(eden), S=young(survivor), O=old, HS=humongous(starts), HC=humongous(continues), CS=collection set, F=free, A=archive, TAMS=top-at-mark-start (previous, next)
|   0|0x0000000081c00000, 0x0000000081d00000, 0x0000000081d00000|100%|HS|  |TAMS 0x0000000081d00000, 0x0000000081d00000| Complete 
|   1|0x0000000081d00000, 0x0000000081e00000, 0x0000000081e00000|100%| O|  |TAMS 0x0000000081e00000, 0x0000000081e00000| Untracked 
|   2|0x0000000081e00000, 0x0000000081f00000, 0x0000000081f00000|100%| O|  |TAMS 0x0000000081f00000, 0x0000000081f00000| Untracked 
|   3|0x0000000081f00000, 0x0000000082000000, 0x0000000082000000|100%| O|  |TAMS 0x0000000082000000, 0x0000000082000000| Untracked 
|   4|0x0000000082000000, 0x0000000082100000, 0x0000000082100000|100%| O|  |TAMS 0x0000000082100000, 0x0000000082100000| Untracked 
|   5|0x0000000082100000, 0x0000000082200000, 0x0000000082200000|100%| O|  |TAMS 0x0000000082200000, 0x0000000082200000| Untracked 
|   6|0x0000000082200000, 0x0000000082300000, 0x0000000082300000|100%| O|  |TAMS 0x00000000822d6800, 0x0000000082300000| Untracked 
|   7|0x0000000082300000, 0x0000000082400000, 0x0000000082400000|100%| O|  |TAMS 0x0000000082300000, 0x0000000082400000| Untracked 
|   8|0x0000000082400000, 0x0000000082500000, 0x0000000082500000|100%| O|  |TAMS 0x0000000082400000, 0x0000000082500000| Untracked 
|   9|0x0000000082500000, 0x0000000082600000, 0x0000000082600000|100%| O|  |TAMS 0x0000000082500000, 0x0000000082600000| Untracked 
|  10|0x0000000082600000, 0x0000000082700000, 0x0000000082700000|100%| O|  |TAMS 0x0000000082600000, 0x0000000082700000| Untracked 
|  11|0x0000000082700000, 0x0000000082800000, 0x0000000082800000|100%| O|  |TAMS 0x0000000082700000, 0x0000000082800000| Untracked 
|  12|0x0000000082800000, 0x0000000082900000, 0x0000000082900000|100%| O|  |TAMS 0x0000000082800000, 0x0000000082900000| Untracked 
|  13|0x0000000082900000, 0x0000000082993600, 0x0000000082a00000| 57%| O|  |TAMS 0x0000000082900000, 0x0000000082993600| Untracked 
|  14|0x0000000082a00000, 0x0000000082a00000, 0x0000000082b00000|  0%| F|  |TAMS 0x0000000082a00000, 0x0000000082a00000| Untracked 
|  15|0x0000000082b00000, 0x0000000082b00000, 0x0000000082c00000|  0%| F|  |TAMS 0x0000000082b00000, 0x0000000082b00000| Untracked 
|  16|0x0000000082c00000, 0x0000000082c00000, 0x0000000082d00000|  0%| F|  |TAMS 0x0000000082c00000, 0x0000000082c00000| Untracked 
|  17|0x0000000082d00000, 0x0000000082d00000, 0x0000000082e00000|  0%| F|  |TAMS 0x0000000082d00000, 0x0000000082d00000| Untracked 
|  18|0x0000000082e00000, 0x0000000082e00000, 0x0000000082f00000|  0%| F|  |TAMS 0x0000000082e00000, 0x0000000082e00000| Untracked 
|  19|0x0000000082f00000, 0x0000000082f00000, 0x0000000083000000|  0%| F|  |TAMS 0x0000000082f00000, 0x0000000082f00000| Untracked 
|  20|0x0000000083000000, 0x0000000083000000, 0x0000000083100000|  0%| F|  |TAMS 0x0000000083000000, 0x0000000083000000| Untracked 
|  21|0x0000000083100000, 0x0000000083100000, 0x0000000083200000|  0%| F|  |TAMS 0x0000000083100000, 0x0000000083100000| Untracked 
|  22|0x0000000083200000, 0x0000000083200000, 0x0000000083300000|  0%| F|  |TAMS 0x0000000083200000, 0x0000000083200000| Untracked 
|  23|0x0000000083300000, 0x0000000083300000, 0x0000000083400000|  0%| F|  |TAMS 0x0000000083300000, 0x0000000083300000| Untracked 
|  24|0x0000000083400000, 0x0000000083400000, 0x0000000083500000|  0%| F|  |TAMS 0x0000000083400000, 0x0000000083400000| Untracked 
|  25|0x0000000083500000, 0x0000000083500000, 0x0000000083600000|  0%| F|  |TAMS 0x0000000083500000, 0x0000000083500000| Untracked 
|  26|0x0000000083600000, 0x0000000083600000, 0x0000000083700000|  0%| F|  |TAMS 0x0000000083600000, 0x0000000083600000| Untracked 
|  27|0x0000000083700000, 0x0000000083700000, 0x0000000083800000|  0%| F|  |TAMS 0x0000000083700000, 0x0000000083700000| Untracked 
|  28|0x0000000083800000, 0x0000000083800000, 0x0000000083900000|  0%| F|  |TAMS 0x0000000083800000, 0x0000000083800000| Untracked 
|  29|0x0000000083900000, 0x0000000083900000, 0x0000000083a00000|  0%| F|  |TAMS 0x0000000083900000, 0x0000000083900000| Untracked 
|  30|0x0000000083a00000, 0x0000000083a00000, 0x0000000083b00000|  0%| F|  |TAMS 0x0000000083a00000, 0x0000000083a00000| Untracked 
|  31|0x0000000083b00000, 0x0000000083b00000, 0x0000000083c00000|  0%| F|  |TAMS 0x0000000083b00000, 0x0000000083b00000| Untracked 
|  32|0x0000000083c00000, 0x0000000083c00000, 0x0000000083d00000|  0%| F|  |TAMS 0x0000000083c00000, 0x0000000083c00000| Untracked 
|  33|0x0000000083d00000, 0x0000000083d00000, 0x0000000083e00000|  0%| F|  |TAMS 0x0000000083d00000, 0x0000000083d00000| Untracked 
|  34|0x0000000083e00000, 0x0000000083e00000, 0x0000000083f00000|  0%| F|  |TAMS 0x0000000083e00000, 0x0000000083e00000| Untracked 
|  35|0x0000000083f00000, 0x0000000083f00000, 0x0000000084000000|  0%| F|  |TAMS 0x0000000083f00000, 0x0000000083f00000| Untracked 
|  36|0x0000000084000000, 0x0000000084000000, 0x0000000084100000|  0%| F|  |TAMS 0x0000000084000000, 0x0000000084000000| Untracked 
|  37|0x0000000084100000, 0x0000000084100000, 0x0000000084200000|  0%| F|  |TAMS 0x0000000084100000, 0x0000000084100000| Untracked 
|  38|0x0000000084200000, 0x0000000084200000, 0x0000000084300000|  0%| F|  |TAMS 0x0000000084200000, 0x0000000084200000| Untracked 
|  39|0x0000000084300000, 0x0000000084300000, 0x0000000084400000|  0%| F|  |TAMS 0x0000000084300000, 0x0000000084300000| Untracked 
|  40|0x0000000084400000, 0x0000000084400000, 0x0000000084500000|  0%| F|  |TAMS 0x0000000084400000, 0x0000000084400000| Untracked 
|  41|0x0000000084500000, 0x0000000084500000, 0x0000000084600000|  0%| F|  |TAMS 0x0000000084500000, 0x0000000084500000| Untracked 
|  42|0x0000000084600000, 0x0000000084600000, 0x0000000084700000|  0%| F|  |TAMS 0x0000000084600000, 0x0000000084600000| Untracked 
|  43|0x0000000084700000, 0x0000000084700000, 0x0000000084800000|  0%| F|  |TAMS 0x0000000084700000, 0x0000000084700000| Untracked 
|  44|0x0000000084800000, 0x0000000084800000, 0x0000000084900000|  0%| F|  |TAMS 0x0000000084800000, 0x0000000084800000| Untracked 
|  45|0x0000000084900000, 0x0000000084900000, 0x0000000084a00000|  0%| F|  |TAMS 0x0000000084900000, 0x0000000084900000| Untracked 
|  46|0x0000000084a00000, 0x0000000084a00000, 0x0000000084b00000|  0%| F|  |TAMS 0x0000000084a00000, 0x0000000084a00000| Untracked 
|  47|0x0000000084b00000, 0x0000000084b00000, 0x0000000084c00000|  0%| F|  |TAMS 0x0000000084b00000, 0x0000000084b00000| Untracked 
|  48|0x0000000084c00000, 0x0000000084c00000, 0x0000000084d00000|  0%| F|  |TAMS 0x0000000084c00000, 0x0000000084c00000| Untracked 
|  49|0x0000000084d00000, 0x0000000084d00000, 0x0000000084e00000|  0%| F|  |TAMS 0x0000000084d00000, 0x0000000084d00000| Untracked 
|  50|0x0000000084e00000, 0x0000000084e00000, 0x0000000084f00000|  0%| F|  |TAMS 0x0000000084e00000, 0x0000000084e00000| Untracked 
|  51|0x0000000084f00000, 0x0000000084f00000, 0x0000000085000000|  0%| F|  |TAMS 0x0000000084f00000, 0x0000000084f00000| Untracked 
|  52|0x0000000085000000, 0x0000000085000000, 0x0000000085100000|  0%| F|  |TAMS 0x0000000085000000, 0x0000000085000000| Untracked 
|  53|0x0000000085100000, 0x0000000085100000, 0x0000000085200000|  0%| F|  |TAMS 0x0000000085100000, 0x0000000085100000| Untracked 
|  54|0x0000000085200000, 0x0000000085200000, 0x0000000085300000|  0%| F|  |TAMS 0x0000000085200000, 0x0000000085200000| Untracked 
|  55|0x0000000085300000, 0x0000000085300000, 0x0000000085400000|  0%| F|  |TAMS 0x0000000085300000, 0x0000000085300000| Untracked 
|  56|0x0000000085400000, 0x0000000085400000, 0x0000000085500000|  0%| F|  |TAMS 0x0000000085400000, 0x0000000085400000| Untracked 
|  57|0x0000000085500000, 0x0000000085500000, 0x0000000085600000|  0%| F|  |TAMS 0x0000000085500000, 0x0000000085500000| Untracked 
|  58|0x0000000085600000, 0x0000000085600000, 0x0000000085700000|  0%| F|  |TAMS 0x0000000085600000, 0x0000000085600000| Untracked 
|  59|0x0000000085700000, 0x0000000085700000, 0x0000000085800000|  0%| F|  |TAMS 0x0000000085700000, 0x0000000085700000| Untracked 
|  60|0x0000000085800000, 0x0000000085800000, 0x0000000085900000|  0%| F|  |TAMS 0x0000000085800000, 0x0000000085800000| Untracked 
|  61|0x0000000085900000, 0x0000000085900000, 0x0000000085a00000|  0%| F|  |TAMS 0x0000000085900000, 0x0000000085900000| Untracked 
|  62|0x0000000085a00000, 0x0000000085a00000, 0x0000000085b00000|  0%| F|  |TAMS 0x0000000085a00000, 0x0000000085a00000| Untracked 
|  63|0x0000000085b00000, 0x0000000085b00000, 0x0000000085c00000|  0%| F|  |TAMS 0x0000000085b00000, 0x0000000085b00000| Untracked 
|  64|0x0000000085c00000, 0x0000000085c00000, 0x0000000085d00000|  0%| F|  |TAMS 0x0000000085c00000, 0x0000000085c00000| Untracked 
|  65|0x0000000085d00000, 0x0000000085d00000, 0x0000000085e00000|  0%| F|  |TAMS 0x0000000085d00000, 0x0000000085d00000| Untracked 
|  66|0x0000000085e00000, 0x0000000085e00000, 0x0000000085f00000|  0%| F|  |TAMS 0x0000000085e00000, 0x0000000085e00000| Untracked 
|  67|0x0000000085f00000, 0x0000000085f00000, 0x0000000086000000|  0%| F|  |TAMS 0x0000000085f00000, 0x0000000085f00000| Untracked 
|  68|0x0000000086000000, 0x0000000086000000, 0x0000000086100000|  0%| F|  |TAMS 0x0000000086000000, 0x0000000086000000| Untracked 
|  69|0x0000000086100000, 0x0000000086100000, 0x0000000086200000|  0%| F|  |TAMS 0x0000000086100000, 0x0000000086100000| Untracked 
|  70|0x0000000086200000, 0x0000000086200000, 0x0000000086300000|  0%| F|  |TAMS 0x0000000086200000, 0x0000000086200000| Untracked 
|  71|0x0000000086300000, 0x0000000086300000, 0x0000000086400000|  0%| F|  |TAMS 0x0000000086300000, 0x0000000086300000| Untracked 
|  72|0x0000000086400000, 0x0000000086400000, 0x0000000086500000|  0%| F|  |TAMS 0x0000000086400000, 0x0000000086400000| Untracked 
|  73|0x0000000086500000, 0x0000000086500000, 0x0000000086600000|  0%| F|  |TAMS 0x0000000086500000, 0x0000000086500000| Untracked 
|  74|0x0000000086600000, 0x0000000086600000, 0x0000000086700000|  0%| F|  |TAMS 0x0000000086600000, 0x0000000086600000| Untracked 
|  75|0x0000000086700000, 0x0000000086700000, 0x0000000086800000|  0%| F|  |TAMS 0x0000000086700000, 0x0000000086700000| Untracked 
|  76|0x0000000086800000, 0x0000000086800000, 0x0000000086900000|  0%| F|  |TAMS 0x0000000086800000, 0x0000000086800000| Untracked 
|  77|0x0000000086900000, 0x0000000086900000, 0x0000000086a00000|  0%| F|  |TAMS 0x0000000086900000, 0x0000000086900000| Untracked 
|  78|0x0000000086a00000, 0x0000000086a00000, 0x0000000086b00000|  0%| F|  |TAMS 0x0000000086a00000, 0x0000000086a00000| Untracked 
|  79|0x0000000086b00000, 0x0000000086b00000, 0x0000000086c00000|  0%| F|  |TAMS 0x0000000086b00000, 0x0000000086b00000| Untracked 
|  80|0x0000000086c00000, 0x0000000086c00000, 0x0000000086d00000|  0%| F|  |TAMS 0x0000000086c00000, 0x0000000086c00000| Untracked 
|  81|0x0000000086d00000, 0x0000000086d00000, 0x0000000086e00000|  0%| F|  |TAMS 0x0000000086d00000, 0x0000000086d00000| Untracked 
|  82|0x0000000086e00000, 0x0000000086e00000, 0x0000000086f00000|  0%| F|  |TAMS 0x0000000086e00000, 0x0000000086e00000| Untracked 
|  83|0x0000000086f00000, 0x0000000086f00000, 0x0000000087000000|  0%| F|  |TAMS 0x0000000086f00000, 0x0000000086f00000| Untracked 
|  84|0x0000000087000000, 0x0000000087000000, 0x0000000087100000|  0%| F|  |TAMS 0x0000000087000000, 0x0000000087000000| Untracked 
|  85|0x0000000087100000, 0x0000000087100000, 0x0000000087200000|  0%| F|  |TAMS 0x0000000087100000, 0x0000000087100000| Untracked 
|  86|0x0000000087200000, 0x0000000087200000, 0x0000000087300000|  0%| F|  |TAMS 0x0000000087200000, 0x0000000087200000| Untracked 
|  87|0x0000000087300000, 0x0000000087300000, 0x0000000087400000|  0%| F|  |TAMS 0x0000000087300000, 0x0000000087300000| Untracked 
|  88|0x0000000087400000, 0x0000000087400000, 0x0000000087500000|  0%| F|  |TAMS 0x0000000087400000, 0x0000000087400000| Untracked 
|  89|0x0000000087500000, 0x0000000087500000, 0x0000000087600000|  0%| F|  |TAMS 0x0000000087500000, 0x0000000087500000| Untracked 
|  90|0x0000000087600000, 0x0000000087600000, 0x0000000087700000|  0%| F|  |TAMS 0x0000000087600000, 0x0000000087600000| Untracked 
|  91|0x0000000087700000, 0x0000000087700000, 0x0000000087800000|  0%| F|  |TAMS 0x0000000087700000, 0x0000000087700000| Untracked 
|  92|0x0000000087800000, 0x0000000087800000, 0x0000000087900000|  0%| F|  |TAMS 0x0000000087800000, 0x0000000087800000| Untracked 
|  93|0x0000000087900000, 0x0000000087900000, 0x0000000087a00000|  0%| F|  |TAMS 0x0000000087900000, 0x0000000087900000| Untracked 
|  94|0x0000000087a00000, 0x0000000087a00000, 0x0000000087b00000|  0%| F|  |TAMS 0x0000000087a00000, 0x0000000087a00000| Untracked 
|  95|0x0000000087b00000, 0x0000000087b00000, 0x0000000087c00000|  0%| F|  |TAMS 0x0000000087b00000, 0x0000000087b00000| Untracked 
|  96|0x0000000087c00000, 0x0000000087c00000, 0x0000000087d00000|  0%| F|  |TAMS 0x0000000087c00000, 0x0000000087c00000| Untracked 
|  97|0x0000000087d00000, 0x0000000087d00000, 0x0000000087e00000|  0%| F|  |TAMS 0x0000000087d00000, 0x0000000087d00000| Untracked 
|  98|0x0000000087e00000, 0x0000000087e00000, 0x0000000087f00000|  0%| F|  |TAMS 0x0000000087e00000, 0x0000000087e00000| Untracked 
|  99|0x0000000087f00000, 0x0000000087f00000, 0x0000000088000000|  0%| F|  |TAMS 0x0000000087f00000, 0x0000000087f00000| Untracked 
| 100|0x0000000088000000, 0x0000000088000000, 0x0000000088100000|  0%| F|  |TAMS 0x0000000088000000, 0x0000000088000000| Untracked 
| 101|0x0000000088100000, 0x0000000088100000, 0x0000000088200000|  0%| F|  |TAMS 0x0000000088100000, 0x0000000088100000| Untracked 
| 102|0x0000000088200000, 0x0000000088200000, 0x0000000088300000|  0%| F|  |TAMS 0x0000000088200000, 0x0000000088200000| Untracked 
| 103|0x0000000088300000, 0x0000000088300000, 0x0000000088400000|  0%| F|  |TAMS 0x0000000088300000, 0x0000000088300000| Untracked 
| 104|0x0000000088400000, 0x0000000088400000, 0x0000000088500000|  0%| F|  |TAMS 0x0000000088400000, 0x0000000088400000| Untracked 
| 105|0x0000000088500000, 0x0000000088500000, 0x0000000088600000|  0%| F|  |TAMS 0x0000000088500000, 0x0000000088500000| Untracked 
| 106|0x0000000088600000, 0x0000000088600000, 0x0000000088700000|  0%| F|  |TAMS 0x0000000088600000, 0x0000000088600000| Untracked 
| 107|0x0000000088700000, 0x0000000088700000, 0x0000000088800000|  0%| F|  |TAMS 0x0000000088700000, 0x0000000088700000| Untracked 
| 108|0x0000000088800000, 0x0000000088800000, 0x0000000088900000|  0%| F|  |TAMS 0x0000000088800000, 0x0000000088800000| Untracked 
| 109|0x0000000088900000, 0x0000000088900000, 0x0000000088a00000|  0%| F|  |TAMS 0x0000000088900000, 0x0000000088900000| Untracked 
| 110|0x0000000088a00000, 0x0000000088a00000, 0x0000000088b00000|  0%| F|  |TAMS 0x0000000088a00000, 0x0000000088a00000| Untracked 
| 111|0x0000000088b00000, 0x0000000088b00000, 0x0000000088c00000|  0%| F|  |TAMS 0x0000000088b00000, 0x0000000088b00000| Untracked 
| 112|0x0000000088c00000, 0x0000000088c00000, 0x0000000088d00000|  0%| F|  |TAMS 0x0000000088c00000, 0x0000000088c00000| Untracked 
| 113|0x0000000088d00000, 0x0000000088d00000, 0x0000000088e00000|  0%| F|  |TAMS 0x0000000088d00000, 0x0000000088d00000| Untracked 
| 114|0x0000000088e00000, 0x0000000088e00000, 0x0000000088f00000|  0%| F|  |TAMS 0x0000000088e00000, 0x0000000088e00000| Untracked 
| 115|0x0000000088f00000, 0x0000000088f00000, 0x0000000089000000|  0%| F|  |TAMS 0x0000000088f00000, 0x0000000088f00000| Untracked 
| 116|0x0000000089000000, 0x0000000089000000, 0x0000000089100000|  0%| F|  |TAMS 0x0000000089000000, 0x0000000089000000| Untracked 
| 117|0x0000000089100000, 0x0000000089100000, 0x0000000089200000|  0%| F|  |TAMS 0x0000000089100000, 0x0000000089100000| Untracked 
| 118|0x0000000089200000, 0x0000000089200000, 0x0000000089300000|  0%| F|  |TAMS 0x0000000089200000, 0x0000000089200000| Untracked 
| 119|0x0000000089300000, 0x0000000089300000, 0x0000000089400000|  0%| F|  |TAMS 0x0000000089300000, 0x0000000089300000| Untracked 
| 120|0x0000000089400000, 0x0000000089400000, 0x0000000089500000|  0%| F|  |TAMS 0x0000000089400000, 0x0000000089400000| Untracked 
| 121|0x0000000089500000, 0x0000000089500000, 0x0000000089600000|  0%| F|  |TAMS 0x0000000089500000, 0x0000000089500000| Untracked 
| 122|0x0000000089600000, 0x0000000089600000, 0x0000000089700000|  0%| F|  |TAMS 0x0000000089600000, 0x0000000089600000| Untracked 
| 123|0x0000000089700000, 0x0000000089700000, 0x0000000089800000|  0%| F|  |TAMS 0x0000000089700000, 0x0000000089700000| Untracked 
| 124|0x0000000089800000, 0x0000000089800000, 0x0000000089900000|  0%| F|  |TAMS 0x0000000089800000, 0x0000000089800000| Untracked 
| 125|0x0000000089900000, 0x0000000089900000, 0x0000000089a00000|  0%| F|  |TAMS 0x0000000089900000, 0x0000000089900000| Untracked 
| 126|0x0000000089a00000, 0x0000000089a00000, 0x0000000089b00000|  0%| F|  |TAMS 0x0000000089a00000, 0x0000000089a00000| Untracked 
| 127|0x0000000089b00000, 0x0000000089b00000, 0x0000000089c00000|  0%| F|  |TAMS 0x0000000089b00000, 0x0000000089b00000| Untracked 
| 128|0x0000000089c00000, 0x0000000089c00000, 0x0000000089d00000|  0%| F|  |TAMS 0x0000000089c00000, 0x0000000089c00000| Untracked 
| 129|0x0000000089d00000, 0x0000000089d00000, 0x0000000089e00000|  0%| F|  |TAMS 0x0000000089d00000, 0x0000000089d00000| Untracked 
| 130|0x0000000089e00000, 0x0000000089e00000, 0x0000000089f00000|  0%| F|  |TAMS 0x0000000089e00000, 0x0000000089e00000| Untracked 
| 131|0x0000000089f00000, 0x0000000089f00000, 0x000000008a000000|  0%| F|  |TAMS 0x0000000089f00000, 0x0000000089f00000| Untracked 
| 132|0x000000008a000000, 0x000000008a000000, 0x000000008a100000|  0%| F|  |TAMS 0x000000008a000000, 0x000000008a000000| Untracked 
| 133|0x000000008a100000, 0x000000008a100000, 0x000000008a200000|  0%| F|  |TAMS 0x000000008a100000, 0x000000008a100000| Untracked 
| 134|0x000000008a200000, 0x000000008a200000, 0x000000008a300000|  0%| F|  |TAMS 0x000000008a200000, 0x000000008a200000| Untracked 
| 135|0x000000008a300000, 0x000000008a300000, 0x000000008a400000|  0%| F|  |TAMS 0x000000008a300000, 0x000000008a300000| Untracked 
| 136|0x000000008a400000, 0x000000008a400000, 0x000000008a500000|  0%| F|  |TAMS 0x000000008a400000, 0x000000008a400000| Untracked 
| 137|0x000000008a500000, 0x000000008a500000, 0x000000008a600000|  0%| F|  |TAMS 0x000000008a500000, 0x000000008a500000| Untracked 
| 138|0x000000008a600000, 0x000000008a600000, 0x000000008a700000|  0%| F|  |TAMS 0x000000008a600000, 0x000000008a600000| Untracked 
| 139|0x000000008a700000, 0x000000008a700000, 0x000000008a800000|  0%| F|  |TAMS 0x000000008a700000, 0x000000008a700000| Untracked 
| 140|0x000000008a800000, 0x000000008a800000, 0x000000008a900000|  0%| F|  |TAMS 0x000000008a800000, 0x000000008a800000| Untracked 
| 141|0x000000008a900000, 0x000000008a900000, 0x000000008aa00000|  0%| F|  |TAMS 0x000000008a900000, 0x000000008a900000| Untracked 
| 142|0x000000008aa00000, 0x000000008aa5e500, 0x000000008ab00000| 36%| S|CS|TAMS 0x000000008aa00000, 0x000000008aa00000| Complete 
| 143|0x000000008ab00000, 0x000000008ac00000, 0x000000008ac00000|100%| S|CS|TAMS 0x000000008ab00000, 0x000000008ab00000| Complete 
| 144|0x000000008ac00000, 0x000000008ad00000, 0x000000008ad00000|100%| S|CS|TAMS 0x000000008ac00000, 0x000000008ac00000| Complete 
| 145|0x000000008ad00000, 0x000000008ae00000, 0x000000008ae00000|100%| S|CS|TAMS 0x000000008ad00000, 0x000000008ad00000| Complete 
| 146|0x000000008ae00000, 0x000000008af00000, 0x000000008af00000|100%| S|CS|TAMS 0x000000008ae00000, 0x000000008ae00000| Complete 
| 147|0x000000008af00000, 0x000000008b000000, 0x000000008b000000|100%| S|CS|TAMS 0x000000008af00000, 0x000000008af00000| Complete 
| 148|0x000000008b000000, 0x000000008b100000, 0x000000008b100000|100%| S|CS|TAMS 0x000000008b000000, 0x000000008b000000| Complete 
| 149|0x000000008b100000, 0x000000008b100000, 0x000000008b200000|  0%| F|  |TAMS 0x000000008b100000, 0x000000008b100000| Untracked 
| 150|0x000000008b200000, 0x000000008b200000, 0x000000008b300000|  0%| F|  |TAMS 0x000000008b200000, 0x000000008b200000| Untracked 
| 151|0x000000008b300000, 0x000000008b300000, 0x000000008b400000|  0%| F|  |TAMS 0x000000008b300000, 0x000000008b300000| Untracked 
| 152|0x000000008b400000, 0x000000008b400000, 0x000000008b500000|  0%| F|  |TAMS 0x000000008b400000, 0x000000008b400000| Untracked 
| 153|0x000000008b500000, 0x000000008b500000, 0x000000008b600000|  0%| F|  |TAMS 0x000000008b500000, 0x000000008b500000| Untracked 

Card table byte_map: [0x0000029a386d0000,0x0000029a38ad0000] _byte_map_base: 0x0000029a382c2000

Marking Bits (Prev, Next): (CMBitMap*) 0x0000029a20bfcfb8, (CMBitMap*) 0x0000029a20bfcff0
 Prev Bits: [0x0000029a38ed0000, 0x0000029a3ae60000)
 Next Bits: [0x0000029a3ae60000, 0x0000029a3cdf0000)

Polling page: 0x0000029a20390000

Metaspace:

Usage:
  Non-class:     45.22 MB capacity,    44.45 MB ( 98%) used,   621.03 KB (  1%) free+waste,   162.06 KB ( <1%) overhead. 
      Class:      6.63 MB capacity,     6.15 MB ( 93%) used,   416.48 KB (  6%) free+waste,    76.31 KB (  1%) overhead. 
       Both:     51.85 MB capacity,    50.61 MB ( 98%) used,     1.01 MB (  2%) free+waste,   238.38 KB ( <1%) overhead. 

Virtual space:
  Non-class space:       54.00 MB reserved,      45.25 MB ( 84%) committed 
      Class space:        1.00 GB reserved,       6.70 MB ( <1%) committed 
             Both:        1.05 GB reserved,      51.95 MB (  5%) committed 

Chunk freelists:
   Non-Class:  33.00 KB
       Class:  23.00 KB
        Both:  56.00 KB

MaxMetaspaceSize: 17179869184.00 GB
CompressedClassSpaceSize: 1.00 GB
Initial GC threshold: 20.80 MB
Current GC threshold: 59.20 MB
CDS: off

CodeHeap 'non-profiled nmethods': size=120064Kb used=2780Kb max_used=2780Kb free=117283Kb
 bounds [0x0000029a30d90000, 0x0000029a31050000, 0x0000029a382d0000]
CodeHeap 'profiled nmethods': size=120000Kb used=9709Kb max_used=9709Kb free=110290Kb
 bounds [0x0000029a29860000, 0x0000029a2a1e0000, 0x0000029a30d90000]
CodeHeap 'non-nmethods': size=5696Kb used=1290Kb max_used=1310Kb free=4405Kb
 bounds [0x0000029a292d0000, 0x0000029a29540000, 0x0000029a29860000]
 total_blobs=4828 nmethods=4252 adapters=486
 compilation: enabled
              stopped_count=0, restarted_count=0
 full_count=0

Compilation events (20 events):
Event: 18.502 Thread 0x0000029a3f31a800 4254       1       org.hibernate.cfg.AbstractPropertyHolder::getPath (5 bytes)
Event: 18.502 Thread 0x0000029a3f31a800 nmethod 4254 0x0000029a31046290 code [0x0000029a31046440, 0x0000029a310464f8]
Event: 18.503 Thread 0x0000029a3f31a800 4255       3       org.hibernate.internal.util.StringHelper::isNotEmpty (17 bytes)
Event: 18.503 Thread 0x0000029a3f31a800 nmethod 4255 0x0000029a2a1d6e10 code [0x0000029a2a1d6fe0, 0x0000029a2a1d7258]
Event: 18.504 Thread 0x0000029a3f31a800 4256       1       org.hibernate.engine.jdbc.env.internal.JdbcEnvironmentImpl::getIdentifierHelper (5 bytes)
Event: 18.504 Thread 0x0000029a3f31a800 nmethod 4256 0x0000029a31046590 code [0x0000029a31046740, 0x0000029a310467f8]
Event: 18.505 Thread 0x0000029a3f31a800 4257       1       org.hibernate.cfg.PropertyInferredData::getProperty (5 bytes)
Event: 18.506 Thread 0x0000029a3f31a800 nmethod 4257 0x0000029a31046890 code [0x0000029a31046a40, 0x0000029a31046af8]
Event: 18.506 Thread 0x0000029a3f31a800 4258       3       org.hibernate.cfg.PropertyInferredData::getPropertyName (10 bytes)
Event: 18.506 Thread 0x0000029a3f31a800 nmethod 4258 0x0000029a2a1d7390 code [0x0000029a2a1d7540, 0x0000029a2a1d7708]
Event: 18.506 Thread 0x0000029a3f31a800 4259       3       org.hibernate.annotations.common.reflection.java.JavaXType::toXClass (13 bytes)
Event: 18.507 Thread 0x0000029a3f31a800 nmethod 4259 0x0000029a2a1d7810 code [0x0000029a2a1d7a20, 0x0000029a2a1d7fb8]
Event: 18.507 Thread 0x0000029a3f31a800 4260       3       org.hibernate.boot.internal.InFlightMetadataCollectorImpl::getDatabase (27 bytes)
Event: 18.507 Thread 0x0000029a3f31a800 nmethod 4260 0x0000029a2a1d8190 code [0x0000029a2a1d8380, 0x0000029a2a1d88c8]
Event: 18.507 Thread 0x0000029a3f31a800 4262       3       java.util.concurrent.ConcurrentHashMap::<init> (73 bytes)
Event: 18.508 Thread 0x0000029a3f31a800 nmethod 4262 0x0000029a2a1d8a90 code [0x0000029a2a1d8cc0, 0x0000029a2a1d9238]
Event: 18.508 Thread 0x0000029a3f31a800 4261       3       org.hibernate.boot.model.naming.Identifier::isQuoted (60 bytes)
Event: 18.509 Thread 0x0000029a3f31a800 nmethod 4261 0x0000029a2a1d9410 code [0x0000029a2a1d96e0, 0x0000029a2a1da318]
Event: 18.516 Thread 0x0000029a3f31a800 4263       1       org.hibernate.cfg.Ejb3Column::getMappingColumn (5 bytes)
Event: 18.516 Thread 0x0000029a3f31a800 nmethod 4263 0x0000029a31046b90 code [0x0000029a31046d40, 0x0000029a31046df8]

GC Heap History (18 events):
Event: 2.554 GC heap before
{Heap before GC invocations=0 (full 0):
 garbage-first heap   total 131072K, used 14336K [0x0000000081c00000, 0x0000000100000000)
  region size 1024K, 14 young (14336K), 0 survivors (0K)
 Metaspace       used 12942K, capacity 13254K, committed 13440K, reserved 1060864K
  class space    used 1293K, capacity 1406K, committed 1408K, reserved 1048576K
}
Event: 2.562 GC heap after
{Heap after GC invocations=1 (full 0):
 garbage-first heap   total 131072K, used 6271K [0x0000000081c00000, 0x0000000100000000)
  region size 1024K, 2 young (2048K), 2 survivors (2048K)
 Metaspace       used 12942K, capacity 13254K, committed 13440K, reserved 1060864K
  class space    used 1293K, capacity 1406K, committed 1408K, reserved 1048576K
}
Event: 3.206 GC heap before
{Heap before GC invocations=1 (full 0):
 garbage-first heap   total 131072K, used 14463K [0x0000000081c00000, 0x0000000100000000)
  region size 1024K, 10 young (10240K), 2 survivors (2048K)
 Metaspace       used 15003K, capacity 15400K, committed 15488K, reserved 1062912K
  class space    used 1511K, capacity 1655K, committed 1664K, reserved 1048576K
}
Event: 3.211 GC heap after
{Heap after GC invocations=2 (full 0):
 garbage-first heap   total 131072K, used 7155K [0x0000000081c00000, 0x0000000100000000)
  region size 1024K, 1 young (1024K), 1 survivors (1024K)
 Metaspace       used 15003K, capacity 15400K, committed 15488K, reserved 1062912K
  class space    used 1511K, capacity 1655K, committed 1664K, reserved 1048576K
}
Event: 4.597 GC heap before
{Heap before GC invocations=2 (full 0):
 garbage-first heap   total 131072K, used 33779K [0x0000000081c00000, 0x0000000100000000)
  region size 1024K, 27 young (27648K), 1 survivors (1024K)
 Metaspace       used 19729K, capacity 20349K, committed 20608K, reserved 1067008K
  class space    used 2152K, capacity 2378K, committed 2432K, reserved 1048576K
}
Event: 4.651 GC heap after
{Heap after GC invocations=3 (full 0):
 garbage-first heap   total 131072K, used 8546K [0x0000000081c00000, 0x0000000100000000)
  region size 1024K, 3 young (3072K), 3 survivors (3072K)
 Metaspace       used 19729K, capacity 20349K, committed 20608K, reserved 1067008K
  class space    used 2152K, capacity 2378K, committed 2432K, reserved 1048576K
}
Event: 4.790 GC heap before
{Heap before GC invocations=3 (full 0):
 garbage-first heap   total 131072K, used 12642K [0x0000000081c00000, 0x0000000100000000)
  region size 1024K, 8 young (8192K), 3 survivors (3072K)
 Metaspace       used 20523K, capacity 21154K, committed 21248K, reserved 1069056K
  class space    used 2260K, capacity 2523K, committed 2560K, reserved 1048576K
}
Event: 4.795 GC heap after
{Heap after GC invocations=4 (full 0):
 garbage-first heap   total 131072K, used 8953K [0x0000000081c00000, 0x0000000100000000)
  region size 1024K, 3 young (3072K), 3 survivors (3072K)
 Metaspace       used 20523K, capacity 21154K, committed 21248K, reserved 1069056K
  class space    used 2260K, capacity 2523K, committed 2560K, reserved 1048576K
}
Event: 6.053 GC heap before
{Heap before GC invocations=5 (full 0):
 garbage-first heap   total 131072K, used 50937K [0x0000000081c00000, 0x0000000100000000)
  region size 1024K, 45 young (46080K), 3 survivors (3072K)
 Metaspace       used 27089K, capacity 27834K, committed 28032K, reserved 1073152K
  class space    used 3065K, capacity 3365K, committed 3456K, reserved 1048576K
}
Event: 6.060 GC heap after
{Heap after GC invocations=6 (full 0):
 garbage-first heap   total 131072K, used 10243K [0x0000000081c00000, 0x0000000100000000)
  region size 1024K, 4 young (4096K), 4 survivors (4096K)
 Metaspace       used 27089K, capacity 27834K, committed 28032K, reserved 1073152K
  class space    used 3065K, capacity 3365K, committed 3456K, reserved 1048576K
}
Event: 7.139 GC heap before
{Heap before GC invocations=6 (full 0):
 garbage-first heap   total 131072K, used 69635K [0x0000000081c00000, 0x0000000100000000)
  region size 1024K, 63 young (64512K), 4 survivors (4096K)
 Metaspace       used 29239K, capacity 30059K, committed 30336K, reserved 1075200K
  class space    used 3300K, capacity 3637K, committed 3712K, reserved 1048576K
}
Event: 7.149 GC heap after
{Heap after GC invocations=7 (full 0):
 garbage-first heap   total 131072K, used 11820K [0x0000000081c00000, 0x0000000100000000)
  region size 1024K, 6 young (6144K), 6 survivors (6144K)
 Metaspace       used 29239K, capacity 30059K, committed 30336K, reserved 1075200K
  class space    used 3300K, capacity 3637K, committed 3712K, reserved 1048576K
}
Event: 10.554 GC heap before
{Heap before GC invocations=7 (full 0):
 garbage-first heap   total 131072K, used 58924K [0x0000000081c00000, 0x0000000100000000)
  region size 1024K, 53 young (54272K), 6 survivors (6144K)
 Metaspace       used 34836K, capacity 35804K, committed 35840K, reserved 1081344K
  class space    used 4060K, capacity 4470K, committed 4480K, reserved 1048576K
}
Event: 10.575 GC heap after
{Heap after GC invocations=8 (full 0):
 garbage-first heap   total 131072K, used 14075K [0x0000000081c00000, 0x0000000100000000)
  region size 1024K, 7 young (7168K), 7 survivors (7168K)
 Metaspace       used 34836K, capacity 35804K, committed 35840K, reserved 1081344K
  class space    used 4060K, capacity 4470K, committed 4480K, reserved 1048576K
}
Event: 13.133 GC heap before
{Heap before GC invocations=9 (full 0):
 garbage-first heap   total 131072K, used 82683K [0x0000000081c00000, 0x0000000100000000)
  region size 1024K, 75 young (76800K), 7 survivors (7168K)
 Metaspace       used 38257K, capacity 39458K, committed 39500K, reserved 1083392K
  class space    used 4468K, capacity 4940K, committed 4940K, reserved 1048576K
}
Event: 13.152 GC heap after
{Heap after GC invocations=10 (full 0):
 garbage-first heap   total 131072K, used 16569K [0x0000000081c00000, 0x0000000100000000)
  region size 1024K, 7 young (7168K), 7 survivors (7168K)
 Metaspace       used 38257K, capacity 39458K, committed 39500K, reserved 1083392K
  class space    used 4468K, capacity 4940K, committed 4940K, reserved 1048576K
}
Event: 18.342 GC heap before
{Heap before GC invocations=10 (full 0):
 garbage-first heap   total 131072K, used 87225K [0x0000000081c00000, 0x0000000100000000)
  region size 1024K, 76 young (77824K), 7 survivors (7168K)
 Metaspace       used 50848K, capacity 52128K, committed 52300K, reserved 1095680K
  class space    used 6171K, capacity 6663K, committed 6732K, reserved 1048576K
}
Event: 18.356 GC heap after
{Heap after GC invocations=11 (full 0):
 garbage-first heap   total 157696K, used 20156K [0x0000000081c00000, 0x0000000100000000)
  region size 1024K, 9 young (9216K), 9 survivors (9216K)
 Metaspace       used 50848K, capacity 52128K, committed 52300K, reserved 1095680K
  class space    used 6171K, capacity 6663K, committed 6732K, reserved 1048576K
}

Deoptimization events (20 events):
Event: 16.582 Thread 0x0000029a20bb9000 DEOPT PACKING pc=0x0000029a30f97dd4 sp=0x000000a62b7fc4e0
Event: 16.582 Thread 0x0000029a20bb9000 DEOPT UNPACKING pc=0x0000029a2931a1af sp=0x000000a62b7fc460 mode 2
Event: 16.584 Thread 0x0000029a20bb9000 Uncommon trap: trap_request=0xffffff4d fr.pc=0x0000029a30ddde80 relative=0x0000000000000160
Event: 16.584 Thread 0x0000029a20bb9000 Uncommon trap: reason=unstable_if action=reinterpret pc=0x0000029a30ddde80 method=java.lang.StringCoding.hasNegatives([BII)Z @ 12 c2
Event: 16.585 Thread 0x0000029a20bb9000 DEOPT PACKING pc=0x0000029a30ddde80 sp=0x000000a62b7fc350
Event: 16.585 Thread 0x0000029a20bb9000 DEOPT UNPACKING pc=0x0000029a2931a1af sp=0x000000a62b7fc2e0 mode 2
Event: 16.718 Thread 0x0000029a20bb9000 DEOPT PACKING pc=0x0000029a30f21f24 sp=0x000000a62b7faf30
Event: 16.718 Thread 0x0000029a20bb9000 DEOPT UNPACKING pc=0x0000029a2931a95e sp=0x000000a62b7fa488 mode 0
Event: 16.730 Thread 0x0000029a20bb9000 Uncommon trap: trap_request=0xffffff4d fr.pc=0x0000029a30e69be8 relative=0x0000000000000a08
Event: 16.731 Thread 0x0000029a20bb9000 Uncommon trap: reason=unstable_if action=reinterpret pc=0x0000029a30e69be8 method=java.util.zip.ZipFile$Source.getEntryPos([BZ)I @ 68 c2
Event: 16.731 Thread 0x0000029a20bb9000 DEOPT PACKING pc=0x0000029a30e69be8 sp=0x000000a62b7fadc0
Event: 16.731 Thread 0x0000029a20bb9000 DEOPT UNPACKING pc=0x0000029a2931a1af sp=0x000000a62b7fad60 mode 2
Event: 17.402 Thread 0x0000029a20bb9000 Uncommon trap: trap_request=0xffffff4d fr.pc=0x0000029a30e49d50 relative=0x00000000000004f0
Event: 17.402 Thread 0x0000029a20bb9000 Uncommon trap: reason=unstable_if action=reinterpret pc=0x0000029a30e49d50 method=java.lang.String.regionMatches(ZILjava/lang/String;II)Z @ 1 c2
Event: 17.402 Thread 0x0000029a20bb9000 DEOPT PACKING pc=0x0000029a30e49d50 sp=0x000000a62b7fd5c0
Event: 17.402 Thread 0x0000029a20bb9000 DEOPT UNPACKING pc=0x0000029a2931a1af sp=0x000000a62b7fd570 mode 2
Event: 17.509 Thread 0x0000029a20bb9000 Uncommon trap: trap_request=0xffffffc6 fr.pc=0x0000029a31003650 relative=0x00000000000001d0
Event: 17.509 Thread 0x0000029a20bb9000 Uncommon trap: reason=bimorphic_or_optimized_type_check action=maybe_recompile pc=0x0000029a31003650 method=java.lang.ClassLoader.loadClass(Ljava/lang/String;)Ljava/lang/Class; @ 3 c2
Event: 17.509 Thread 0x0000029a20bb9000 DEOPT PACKING pc=0x0000029a31003650 sp=0x000000a62b7fd0f0
Event: 17.509 Thread 0x0000029a20bb9000 DEOPT UNPACKING pc=0x0000029a2931a1af sp=0x000000a62b7fd080 mode 2

Classes redefined (0 events):
No events

Internal exceptions (20 events):
Event: 14.456 Thread 0x0000029a20bb9000 Exception <a 'java/lang/ClassNotFoundException'{0x00000000887edf80}: java/lang/ObjectCustomizer> (0x00000000887edf80) thrown at [./src/hotspot/share/classfile/systemDictionary.cpp, line 231]
Event: 14.457 Thread 0x0000029a20bb9000 Exception <a 'java/lang/ClassNotFoundException'{0x00000000887ff5b8}: org/springframework/orm/jpa/AbstractEntityManagerFactoryBeanCustomizer> (0x00000000887ff5b8) thrown at [./src/hotspot/share/classfile/systemDictionary.cpp, line 231]
Event: 14.465 Thread 0x0000029a20bb9000 Exception <a 'java/lang/ClassNotFoundException'{0x0000000088630598}: org/springframework/orm/jpa/LocalContainerEntityManagerFactoryBeanCustomizer> (0x0000000088630598) thrown at [./src/hotspot/share/classfile/systemDictionary.cpp, line 231]
Event: 14.472 Thread 0x0000029a20bb9000 Exception <a 'java/lang/ClassNotFoundException'{0x000000008867d118}: org/springframework/context/ResourceLoaderAwareCustomizer> (0x000000008867d118) thrown at [./src/hotspot/share/classfile/systemDictionary.cpp, line 231]
Event: 14.473 Thread 0x0000029a20bb9000 Exception <a 'java/lang/ClassNotFoundException'{0x0000000088689d88}: org/springframework/beans/factory/AwareCustomizer> (0x0000000088689d88) thrown at [./src/hotspot/share/classfile/systemDictionary.cpp, line 231]
Event: 14.474 Thread 0x0000029a20bb9000 Exception <a 'java/lang/ClassNotFoundException'{0x0000000088697590}: org/springframework/context/weaving/LoadTimeWeaverAwareCustomizer> (0x0000000088697590) thrown at [./src/hotspot/share/classfile/systemDictionary.cpp, line 231]
Event: 14.475 Thread 0x0000029a20bb9000 Exception <a 'java/lang/ClassNotFoundException'{0x00000000886a4488}: org/springframework/beans/factory/AwareCustomizer> (0x00000000886a4488) thrown at [./src/hotspot/share/classfile/systemDictionary.cpp, line 231]
Event: 14.476 Thread 0x0000029a20bb9000 Exception <a 'java/lang/ClassNotFoundException'{0x00000000886b0f20}: org/springframework/beans/factory/FactoryBeanCustomizer> (0x00000000886b0f20) thrown at [./src/hotspot/share/classfile/systemDictionary.cpp, line 231]
Event: 14.478 Thread 0x0000029a20bb9000 Exception <a 'java/lang/ClassNotFoundException'{0x00000000886c26e0}: org/springframework/beans/factory/BeanClassLoaderAwareCustomizer> (0x00000000886c26e0) thrown at [./src/hotspot/share/classfile/systemDictionary.cpp, line 231]
Event: 14.479 Thread 0x0000029a20bb9000 Exception <a 'java/lang/ClassNotFoundException'{0x00000000886cf138}: org/springframework/beans/factory/AwareCustomizer> (0x00000000886cf138) thrown at [./src/hotspot/share/classfile/systemDictionary.cpp, line 231]
Event: 14.480 Thread 0x0000029a20bb9000 Exception <a 'java/lang/ClassNotFoundException'{0x00000000886dc4a0}: org/springframework/beans/factory/BeanFactoryAwareCustomizer> (0x00000000886dc4a0) thrown at [./src/hotspot/share/classfile/systemDictionary.cpp, line 231]
Event: 14.481 Thread 0x0000029a20bb9000 Exception <a 'java/lang/ClassNotFoundException'{0x00000000886e93f8}: org/springframework/beans/factory/AwareCustomizer> (0x00000000886e93f8) thrown at [./src/hotspot/share/classfile/systemDictionary.cpp, line 231]
Event: 14.482 Thread 0x0000029a20bb9000 Exception <a 'java/lang/ClassNotFoundException'{0x00000000886f5dd0}: org/springframework/beans/factory/BeanNameAwareCustomizer> (0x00000000886f5dd0) thrown at [./src/hotspot/share/classfile/systemDictionary.cpp, line 231]
Event: 14.483 Thread 0x0000029a20bb9000 Exception <a 'java/lang/ClassNotFoundException'{0x0000000088502c68}: org/springframework/beans/factory/AwareCustomizer> (0x0000000088502c68) thrown at [./src/hotspot/share/classfile/systemDictionary.cpp, line 231]
Event: 14.484 Thread 0x0000029a20bb9000 Exception <a 'java/lang/ClassNotFoundException'{0x000000008850ffd0}: org/springframework/beans/factory/InitializingBeanCustomizer> (0x000000008850ffd0) thrown at [./src/hotspot/share/classfile/systemDictionary.cpp, line 231]
Event: 14.485 Thread 0x0000029a20bb9000 Exception <a 'java/lang/ClassNotFoundException'{0x000000008851d608}: org/springframework/beans/factory/DisposableBeanCustomizer> (0x000000008851d608) thrown at [./src/hotspot/share/classfile/systemDictionary.cpp, line 231]
Event: 14.485 Thread 0x0000029a20bb9000 Exception <a 'java/lang/ClassNotFoundException'{0x000000008852b728}: org/springframework/orm/jpa/EntityManagerFactoryInfoCustomizer> (0x000000008852b728) thrown at [./src/hotspot/share/classfile/systemDictionary.cpp, line 231]
Event: 14.487 Thread 0x0000029a20bb9000 Exception <a 'java/lang/ClassNotFoundException'{0x00000000885444d0}: org/springframework/dao/support/PersistenceExceptionTranslatorCustomizer> (0x00000000885444d0) thrown at [./src/hotspot/share/classfile/systemDictionary.cpp, line 231]
Event: 16.386 Thread 0x0000029a20bb9000 Implicit null exception at 0x0000029a30f926ac to 0x0000029a30f926de
Event: 17.945 Thread 0x0000029a20bb9000 Exception <a 'java/lang/NoSuchMethodError'{0x0000000085c62240}: 'java.lang.Object java.lang.invoke.DirectMethodHandle$Holder.invokeStaticInit(java.lang.Object, java.lang.Object, java.lang.Object, java.lang.Object)'> (0x0000000085c62240) thrown at [./src/hotspot/share/interpreter/linkResolver.cpp, line 773]

Events (20 events):
Event: 18.511 loading class org/hibernate/mapping/Formula
Event: 18.511 loading class org/hibernate/mapping/Formula done
Event: 18.513 loading class org/hibernate/mapping/Table$ForeignKeyKey
Event: 18.513 loading class org/hibernate/mapping/Table$ForeignKeyKey done
Event: 18.514 loading class org/hibernate/mapping/ForeignKey
Event: 18.514 loading class org/hibernate/mapping/ForeignKey done
Event: 18.515 loading class org/hibernate/mapping/Constraint
Event: 18.515 loading class org/hibernate/mapping/Constraint done
Event: 18.516 loading class org/hibernate/mapping/PrimaryKey
Event: 18.516 loading class org/hibernate/mapping/PrimaryKey done
Event: 18.517 loading class org/hibernate/internal/util/collections/JoinedIterator
Event: 18.517 loading class org/hibernate/internal/util/collections/JoinedIterator done
Event: 18.518 loading class org/hibernate/mapping/OneToMany
Event: 18.518 loading class org/hibernate/mapping/OneToMany done
Event: 18.519 loading class org/hibernate/annotations/FilterJoinTable
Event: 18.519 loading class org/hibernate/annotations/FilterJoinTable done
Event: 18.520 loading class org/hibernate/annotations/FilterJoinTables
Event: 18.520 loading class org/hibernate/annotations/FilterJoinTables done
Event: 18.520 loading class org/hibernate/annotations/WhereJoinTable
Event: 18.520 loading class org/hibernate/annotations/WhereJoinTable done


Dynamic libraries:
0x00007ff74e8f0000 - 0x00007ff74e8fd000 	C:\Program Files\Eclipse Foundation\jdk-11.0.12.7-hotspot\bin\java.exe
0x00007ff9f1230000 - 0x00007ff9f1424000 	C:\WINDOWS\SYSTEM32\ntdll.dll
0x00007ff9f08f0000 - 0x00007ff9f09ad000 	C:\WINDOWS\System32\KERNEL32.DLL
0x00007ff9eebd0000 - 0x00007ff9eee97000 	C:\WINDOWS\System32\KERNELBASE.dll
0x00007ff9ee970000 - 0x00007ff9eea70000 	C:\WINDOWS\System32\ucrtbase.dll
0x00007ff9dd5b0000 - 0x00007ff9dd5c5000 	C:\Program Files\Eclipse Foundation\jdk-11.0.12.7-hotspot\bin\VCRUNTIME140.dll
0x00007ff9dc500000 - 0x00007ff9dc517000 	C:\Program Files\Eclipse Foundation\jdk-11.0.12.7-hotspot\bin\jli.dll
0x00007ff9db7d0000 - 0x00007ff9dba6a000 	C:\WINDOWS\WinSxS\amd64_microsoft.windows.common-controls_6595b64144ccf1df_6.0.19041.1_none_b555e41d4684ddec\COMCTL32.dll
0x00007ff9f0620000 - 0x00007ff9f07c0000 	C:\WINDOWS\System32\USER32.dll
0x00007ff9eea70000 - 0x00007ff9eea92000 	C:\WINDOWS\System32\win32u.dll
0x00007ff9f0f40000 - 0x00007ff9f0fde000 	C:\WINDOWS\System32\msvcrt.dll
0x00007ff9ef350000 - 0x00007ff9ef37a000 	C:\WINDOWS\System32\GDI32.dll
0x00007ff9eef50000 - 0x00007ff9ef05a000 	C:\WINDOWS\System32\gdi32full.dll
0x00007ff9eeb30000 - 0x00007ff9eebcd000 	C:\WINDOWS\System32\msvcp_win.dll
0x00007ff9f0f10000 - 0x00007ff9f0f40000 	C:\WINDOWS\System32\IMM32.DLL
0x00007ff9ab0b0000 - 0x00007ff9ab14b000 	C:\Program Files\Eclipse Foundation\jdk-11.0.12.7-hotspot\bin\msvcp140.dll
0x00007ff98cc60000 - 0x00007ff98d7b9000 	C:\Program Files\Eclipse Foundation\jdk-11.0.12.7-hotspot\bin\server\jvm.dll
0x00007ff9f0fe0000 - 0x00007ff9f108a000 	C:\WINDOWS\System32\ADVAPI32.dll
0x00007ff9f0e10000 - 0x00007ff9f0eab000 	C:\WINDOWS\System32\sechost.dll
0x00007ff9f07c0000 - 0x00007ff9f08e3000 	C:\WINDOWS\System32\RPCRT4.dll
0x00007ff9ef530000 - 0x00007ff9ef538000 	C:\WINDOWS\System32\PSAPI.DLL
0x00007ff9e0440000 - 0x00007ff9e0449000 	C:\WINDOWS\SYSTEM32\WSOCK32.dll
0x00007ff9f0da0000 - 0x00007ff9f0e0b000 	C:\WINDOWS\System32\WS2_32.dll
0x00007ff9e0910000 - 0x00007ff9e091a000 	C:\WINDOWS\SYSTEM32\VERSION.dll
0x00007ff9de060000 - 0x00007ff9de087000 	C:\WINDOWS\SYSTEM32\WINMM.dll
0x00007ff9ed280000 - 0x00007ff9ed293000 	C:\WINDOWS\SYSTEM32\kernel.appcore.dll
0x00007ff9df4f0000 - 0x00007ff9df500000 	C:\Program Files\Eclipse Foundation\jdk-11.0.12.7-hotspot\bin\verify.dll
0x00007ff9ec810000 - 0x00007ff9ec9f4000 	C:\WINDOWS\SYSTEM32\DBGHELP.DLL
0x00007ff9d7570000 - 0x00007ff9d759c000 	C:\WINDOWS\SYSTEM32\dbgcore.DLL
0x00007ff9ef060000 - 0x00007ff9ef0df000 	C:\WINDOWS\System32\bcryptPrimitives.dll
0x00007ff9c2c90000 - 0x00007ff9c2cb8000 	C:\Program Files\Eclipse Foundation\jdk-11.0.12.7-hotspot\bin\java.dll
0x00007ff9df370000 - 0x00007ff9df37a000 	C:\Program Files\Eclipse Foundation\jdk-11.0.12.7-hotspot\bin\jimage.dll
0x00007ff9dc1a0000 - 0x00007ff9dc1b7000 	C:\Program Files\Eclipse Foundation\jdk-11.0.12.7-hotspot\bin\zip.dll
0x00007ff9efee0000 - 0x00007ff9f0611000 	C:\WINDOWS\System32\SHELL32.dll
0x00007ff9eca00000 - 0x00007ff9ed18a000 	C:\WINDOWS\SYSTEM32\windows.storage.dll
0x00007ff9f09b0000 - 0x00007ff9f0d04000 	C:\WINDOWS\System32\combase.dll
0x00007ff9ee3f0000 - 0x00007ff9ee41b000 	C:\WINDOWS\SYSTEM32\Wldp.dll
0x00007ff9ef290000 - 0x00007ff9ef33e000 	C:\WINDOWS\System32\SHCORE.dll
0x00007ff9efe80000 - 0x00007ff9efed5000 	C:\WINDOWS\System32\shlwapi.dll
0x00007ff9ee8b0000 - 0x00007ff9ee8cf000 	C:\WINDOWS\SYSTEM32\profapi.dll
0x00007ff9dc180000 - 0x00007ff9dc199000 	C:\Program Files\Eclipse Foundation\jdk-11.0.12.7-hotspot\bin\net.dll
0x00007ff9dc900000 - 0x00007ff9dca02000 	C:\WINDOWS\SYSTEM32\WINHTTP.dll
0x00007ff9ee170000 - 0x00007ff9ee1da000 	C:\WINDOWS\system32\mswsock.dll
0x00007ff9da7c0000 - 0x00007ff9da7d2000 	C:\Program Files\Eclipse Foundation\jdk-11.0.12.7-hotspot\bin\nio.dll
0x00007ff9e03e0000 - 0x00007ff9e03e9000 	C:\Program Files\Eclipse Foundation\jdk-11.0.12.7-hotspot\bin\management.dll
0x00007ff9e03d0000 - 0x00007ff9e03db000 	C:\Program Files\Eclipse Foundation\jdk-11.0.12.7-hotspot\bin\management_ext.dll
0x00007ff9ea200000 - 0x00007ff9ea217000 	C:\WINDOWS\system32\napinsp.dll
0x00007ff9ea090000 - 0x00007ff9ea0ab000 	C:\WINDOWS\system32\pnrpnsp.dll
0x00007ff9ea070000 - 0x00007ff9ea085000 	C:\WINDOWS\system32\wshbth.dll
0x00007ff9ea1d0000 - 0x00007ff9ea1ed000 	C:\WINDOWS\system32\NLAapi.dll
0x00007ff9ede10000 - 0x00007ff9ede4b000 	C:\WINDOWS\SYSTEM32\IPHLPAPI.DLL
0x00007ff9edea0000 - 0x00007ff9edf6a000 	C:\WINDOWS\SYSTEM32\DNSAPI.dll
0x00007ff9ef340000 - 0x00007ff9ef349000 	C:\WINDOWS\System32\NSI.dll
0x00007ff9ea040000 - 0x00007ff9ea052000 	C:\WINDOWS\System32\winrnr.dll
0x00007ff9db7a0000 - 0x00007ff9db7aa000 	C:\Windows\System32\rasadhlp.dll
0x00007ff9dc880000 - 0x00007ff9dc8ff000 	C:\WINDOWS\System32\fwpuclnt.dll
0x00007ff9eeaa0000 - 0x00007ff9eeac7000 	C:\WINDOWS\System32\bcrypt.dll
0x00007ff9ee350000 - 0x00007ff9ee368000 	C:\WINDOWS\SYSTEM32\CRYPTSP.dll
0x00007ff9eda90000 - 0x00007ff9edac4000 	C:\WINDOWS\system32\rsaenh.dll
0x00007ff9ee830000 - 0x00007ff9ee85e000 	C:\WINDOWS\SYSTEM32\USERENV.dll
0x00007ff9ee340000 - 0x00007ff9ee34c000 	C:\WINDOWS\SYSTEM32\CRYPTBASE.dll
0x00007ff9e0850000 - 0x00007ff9e0867000 	C:\WINDOWS\SYSTEM32\dhcpcsvc6.DLL
0x00007ff9e55a0000 - 0x00007ff9e55bd000 	C:\WINDOWS\SYSTEM32\dhcpcsvc.DLL

dbghelp: loaded successfully - version: 4.0.5 - missing functions: none
symbol engine: initialized successfully - sym options: 0x614 - pdb path: .;C:\Program Files\Eclipse Foundation\jdk-11.0.12.7-hotspot\bin;C:\WINDOWS\SYSTEM32;C:\WINDOWS\WinSxS\amd64_microsoft.windows.common-controls_6595b64144ccf1df_6.0.19041.1_none_b555e41d4684ddec;C:\Program Files\Eclipse Foundation\jdk-11.0.12.7-hotspot\bin\server

VM Arguments:
jvm_args: -Dcom.sun.management.jmxremote -Dcom.sun.management.jmxremote.port=65180 -Dcom.sun.management.jmxremote.authenticate=false -Dcom.sun.management.jmxremote.ssl=false -Djava.rmi.server.hostname=localhost -Dspring.application.admin.enabled=true -Dspring.jmx.enabled=true -Dfile.encoding=UTF-8 
java_command: co.usa.alquilercomputadores.alquilercomputadores.AlquilercomputadoresApplication
java_class_path (initial): C:\Users\User\Documents\sem2\Demo2\alquilercomputadores\target\classes;C:\Users\User\.m2\repository\org\springframework\boot\spring-boot-starter-data-jpa\2.5.6-SNAPSHOT\spring-boot-starter-data-jpa-2.5.6-SNAPSHOT.jar;C:\Users\User\.m2\repository\org\springframework\boot\spring-boot-starter-aop\2.5.6-SNAPSHOT\spring-boot-starter-aop-2.5.6-SNAPSHOT.jar;C:\Users\User\.m2\repository\org\springframework\spring-aop\5.3.11-SNAPSHOT\spring-aop-5.3.11-SNAPSHOT.jar;C:\Users\User\.m2\repository\org\aspectj\aspectjweaver\1.9.7\aspectjweaver-1.9.7.jar;C:\Users\User\.m2\repository\org\springframework\boot\spring-boot-starter-jdbc\2.5.6-SNAPSHOT\spring-boot-starter-jdbc-2.5.6-SNAPSHOT.jar;C:\Users\User\.m2\repository\com\zaxxer\HikariCP\4.0.3\HikariCP-4.0.3.jar;C:\Users\User\.m2\repository\org\springframework\spring-jdbc\5.3.11-SNAPSHOT\spring-jdbc-5.3.11-SNAPSHOT.jar;C:\Users\User\.m2\repository\jakarta\transaction\jakarta.transaction-api\1.3.3\jakarta.transaction-api-1.3.3.jar;C:\Users\User\.m2\repository\jakarta\persistence\jakarta.persistence-api\2.2.3\jakarta.persistence-api-2.2.3.jar;C:\Users\User\.m2\repository\org\hibernate\hibernate-core\5.4.32.Final\hibernate-core-5.4.32.Final.jar;C:\Users\User\.m2\repository\org\jboss\logging\jboss-logging\3.4.2.Final\jboss-logging-3.4.2.Final.jar;C:\Users\User\.m2\repository\org\javassist\javassist\3.27.0-GA\javassist-3.27.0-GA.jar;C:\Users\User\.m2\repository\net\bytebuddy\byte-buddy\1.10.22\byte-buddy-1.10.22.jar;C:\Users\User\.m2\repository\antlr\antlr\2.7.7\antlr-2.7.7.jar;C:\Users\User\.m2\repository\org\jboss\jandex\2.2.3.Final\jandex-2.2.3.Final.jar;C:\Users\User\.m2\repository\com\fasterxml\classmate\1.5.1\classmate-1.5.1.jar;C:\Users\User\.m2\repository\org\dom4j\dom4j\2.1.3\dom4j-2.1.3.jar;C:\Users\User\.m2\repository\org\hibernate\common\hibernate-commons-annotations\5.1.2.Final\hibernate-commons-annotations-5.1.2.Final.jar;C:\Users\User\.m2\repository\org\glassfish\jaxb\jaxb-runtime\2.3.5\jaxb-r
Launcher Type: SUN_STANDARD

[Global flags]
     intx CICompilerCount                          = 3                                         {product} {ergonomic}
     uint ConcGCThreads                            = 1                                         {product} {ergonomic}
     uint G1ConcRefinementThreads                  = 4                                         {product} {ergonomic}
   size_t G1HeapRegionSize                         = 1048576                                   {product} {ergonomic}
    uintx GCDrainStackTargetSize                   = 64                                        {product} {ergonomic}
   size_t InitialHeapSize                          = 134217728                                 {product} {ergonomic}
     bool ManagementServer                         = true                                      {product} {command line}
   size_t MarkStackSize                            = 4194304                                   {product} {ergonomic}
   size_t MaxHeapSize                              = 2118123520                                {product} {ergonomic}
   size_t MaxNewSize                               = 1270874112                                {product} {ergonomic}
   size_t MinHeapDeltaBytes                        = 1048576                                   {product} {ergonomic}
    uintx NonNMethodCodeHeapSize                   = 5830732                                {pd product} {ergonomic}
    uintx NonProfiledCodeHeapSize                  = 122913754                              {pd product} {ergonomic}
    uintx ProfiledCodeHeapSize                     = 122913754                              {pd product} {ergonomic}
    uintx ReservedCodeCacheSize                    = 251658240                              {pd product} {ergonomic}
     bool SegmentedCodeCache                       = true                                      {product} {ergonomic}
     bool UseCompressedClassPointers               = true                                 {lp64_product} {ergonomic}
     bool UseCompressedOops                        = true                                 {lp64_product} {ergonomic}
     bool UseG1GC                                  = true                                      {product} {ergonomic}
     bool UseLargePagesIndividualAllocation        = false                                  {pd product} {ergonomic}

Logging:
Log output configuration:
 #0: stdout all=warning uptime,level,tags
 #1: stderr all=off uptime,level,tags

Environment Variables:
JAVA_HOME=C:\Program Files\Eclipse Foundation\jdk-11.0.12.7-hotspot
PATH=C:\Program Files\Eclipse Foundation\jdk-11.0.12.7-hotspot\bin;C:\ProgramData\Oracle\Java\javapath;C:\Program Files\Rockwell Software\RSCommon;C:\Program Files\ImageMagick-7.0.10-Q16-HDRI;C:\Program Files (x86)\Intel\TXE Components\TCS\;C:\Program Files\Intel\TXE Components\TCS\;C:\Windows\system32;C:\Windows;C:\Windows\System32\Wbem;C:\Windows\System32\WindowsPowerShell\v1.0\;C:\Program Files (x86)\NVIDIA Corporation\PhysX\Common;C:\Program Files\Microsoft SQL Server\130\Tools\Binn\;C:\Program Files\dotnet\;C:\Program Files\MiKTeX 2.9\miktex\bin\x64\;C:\WINDOWS\system32;C:\WINDOWS;C:\WINDOWS\System32\Wbem;C:\WINDOWS\System32\WindowsPowerShell\v1.0\;C:\WINDOWS\System32\OpenSSH\;C:\Program Files\MATLAB\R2018a\runtime\win64;C:\Program Files\MATLAB\R2018a\bin;C:\Program Files\nodejs\;C:\ProgramData\chocolatey\bin;C:\Program Files\Microsoft SQL Server\Client SDK\ODBC\130\Tools\Binn\;C:\Program Files (x86)\Microsoft SQL Server\140\Tools\Binn\;C:\Program Files\Microsoft SQL Server\140\Tools\Binn\;C:\Program Files\Microsoft SQL Server\140\DTS\Binn\;C:\Program Files (x86)\Microsoft SQL Server\150\DTS\Binn\;C:\apache-maven-3.8.3\bin;C:\Program Files\Eclipse Foundation\jdk-11.0.12.7-hotspot\bin;C:\Program Files\Git\cmd;C:\Program Files\MySQL\MySQL Shell 8.0\bin\;C:\Users\User\AppData\Local\Microsoft\WindowsApps;C:\Users\User\AppData\Local\atom\bin;C:\Users\User\AppData\Roaming\npm;C:\Users\User\AppData\Local\Microsoft\WindowsApps;C:\Users\User\AppData\Local\Programs\Microsoft VS Code\bin;C:\Program Files\Python36;C:\Program Files\Python36\Scripts;
USERNAME=User
OS=Windows_NT
PROCESSOR_IDENTIFIER=Intel64 Family 6 Model 142 Stepping 9, GenuineIntel



---------------  S Y S T E M  ---------------

OS: Windows 10 , 64 bit Build 19041 (10.0.19041.1)
OS uptime: 1 days 8:31 hours

CPU:total 4 (initial active 4) (2 cores per cpu, 2 threads per core) family 6 model 142 stepping 9 microcode 0xb4, cmov, cx8, fxsr, mmx, sse, sse2, sse3, ssse3, sse4.1, sse4.2, popcnt, avx, avx2, aes, clmul, erms, 3dnowpref, lzcnt, ht, tsc, tscinvbit, bmi1, bmi2, adx, fma

Memory: 4k page, system-wide physical 8073M (1158M free)
TotalPageFile size 8073M (AvailPageFile size 19M)
current process WorkingSet (physical memory assigned to process): 262M, peak: 262M
current process commit charge ("private bytes"): 340M, peak: 341M

vm_info: OpenJDK 64-Bit Server VM (11.0.12+7) for windows-amd64 JRE (11.0.12+7), built on Jul 21 2021 16:23:49 by "" with unknown MS VC++:1916

END.
