#
# There is insufficient memory for the Java Runtime Environment to continue.
# Native memory allocation (malloc) failed to allocate 256336 bytes for Chunk::new
# Possible reasons:
#   The system is out of physical RAM or swap space
#   The process is running with CompressedOops enabled, and the Java Heap may be blocking the growth of the native heap
# Possible solutions:
#   Reduce memory load on the system
#   Increase physical memory or swap space
#   Check if swap backing store is full
#   Decrease Java heap size (-Xmx/-Xms)
#   Decrease number of Java threads
#   Decrease Java thread stack sizes (-Xss)
#   Set larger code cache with -XX:ReservedCodeCacheSize=
#   JVM is running with Unscaled Compressed Oops mode in which the Java heap is
#     placed in the first 4GB address space. The Java Heap base address is the
#     maximum limit for the native heap growth. Please use -XX:HeapBaseMinAddress
#     to set the Java Heap base and to place the Java Heap above 4GB virtual address.
# This output file may be truncated or incomplete.
#
#  Out of Memory Error (./src/hotspot/share/memory/arena.cpp:197), pid=10004, tid=15160
#
# JRE version: OpenJDK Runtime Environment Temurin-11.0.12+7 (11.0.12+7) (build 11.0.12+7)
# Java VM: OpenJDK 64-Bit Server VM Temurin-11.0.12+7 (11.0.12+7, mixed mode, tiered, compressed oops, g1 gc, windows-amd64)
# No core dump will be written. Minidumps are not enabled by default on client versions of Windows
#

---------------  S U M M A R Y ------------

Command Line: -Dcom.sun.management.jmxremote -Dcom.sun.management.jmxremote.port=58357 -Dcom.sun.management.jmxremote.authenticate=false -Dcom.sun.management.jmxremote.ssl=false -Djava.rmi.server.hostname=localhost -Dspring.application.admin.enabled=true -Dspring.jmx.enabled=true -Dfile.encoding=UTF-8 co.usa.alquilercomputadores.alquilercomputadores.AlquilercomputadoresApplication

Host: Intel(R) Core(TM) i5-7200U CPU @ 2.50GHz, 4 cores, 7G,  Windows 10 , 64 bit Build 19041 (10.0.19041.1)
Time: Mon Oct 25 15:29:32 2021 Hora est. Pacífico, Sudamérica elapsed time: 3.446384 seconds (0d 0h 0m 3s)

---------------  T H R E A D  ---------------

Current thread (0x00000286ad4fe000):  JavaThread "C2 CompilerThread1" daemon [_thread_in_native, id=15160, stack(0x0000009293d00000,0x0000009293e00000)]


Current CompileTask:
C2:   3446 2289 %     4       java.util.Properties$LineReader::readLine @ 53 (635 bytes)

Stack: [0x0000009293d00000,0x0000009293e00000]
Native frames: (J=compiled Java code, j=interpreted, Vv=VM code, C=native code)
V  [jvm.dll+0x601d0a]
V  [jvm.dll+0x78ab6e]
V  [jvm.dll+0x78c23f]
V  [jvm.dll+0x78c903]
V  [jvm.dll+0x24be68]
V  [jvm.dll+0xc219c]
V  [jvm.dll+0xc275c]
V  [jvm.dll+0x354812]
V  [jvm.dll+0x321f63]
V  [jvm.dll+0x32129a]
V  [jvm.dll+0x205515]
V  [jvm.dll+0x2046fd]
V  [jvm.dll+0x1898fc]
V  [jvm.dll+0x213d67]
V  [jvm.dll+0x211f2b]
V  [jvm.dll+0x74ec19]
V  [jvm.dll+0x747c84]
V  [jvm.dll+0x600ba6]
C  [ucrtbase.dll+0x21542]
C  [KERNEL32.DLL+0x16fd4]
C  [ntdll.dll+0x4cf31]


---------------  P R O C E S S  ---------------

Threads class SMR info:
_java_thread_list=0x00000286adad1270, length=15, elements={
0x000002868cbf9000, 0x00000286ab322000, 0x00000286ab32b000, 0x00000286abcc2800,
0x00000286ab33c000, 0x00000286ab33e000, 0x00000286ab347800, 0x00000286ab34d800,
0x00000286ab34f000, 0x00000286abe1d000, 0x00000286ac50e800, 0x00000286ac4b1800,
0x00000286ac4de800, 0x00000286ad4fe000, 0x00000286ad85e000
}

Java Threads: ( => current thread )
  0x000002868cbf9000 JavaThread "main" [_thread_in_vm, id=6208, stack(0x0000009292b00000,0x0000009292c00000)]
  0x00000286ab322000 JavaThread "Reference Handler" daemon [_thread_blocked, id=14396, stack(0x0000009293200000,0x0000009293300000)]
  0x00000286ab32b000 JavaThread "Finalizer" daemon [_thread_blocked, id=9728, stack(0x0000009293300000,0x0000009293400000)]
  0x00000286abcc2800 JavaThread "Signal Dispatcher" daemon [_thread_blocked, id=2684, stack(0x0000009293400000,0x0000009293500000)]
  0x00000286ab33c000 JavaThread "Attach Listener" daemon [_thread_blocked, id=12600, stack(0x0000009293500000,0x0000009293600000)]
  0x00000286ab33e000 JavaThread "Service Thread" daemon [_thread_blocked, id=5456, stack(0x0000009293600000,0x0000009293700000)]
  0x00000286ab347800 JavaThread "C2 CompilerThread0" daemon [_thread_in_native, id=3020, stack(0x0000009293700000,0x0000009293800000)]
  0x00000286ab34d800 JavaThread "C1 CompilerThread0" daemon [_thread_blocked, id=10920, stack(0x0000009293800000,0x0000009293900000)]
  0x00000286ab34f000 JavaThread "Sweeper thread" daemon [_thread_blocked, id=14652, stack(0x0000009293900000,0x0000009293a00000)]
  0x00000286abe1d000 JavaThread "Common-Cleaner" daemon [_thread_blocked, id=14184, stack(0x0000009293a00000,0x0000009293b00000)]
  0x00000286ac50e800 JavaThread "RMI TCP Accept-0" daemon [_thread_in_native, id=12432, stack(0x0000009293b00000,0x0000009293c00000)]
  0x00000286ac4b1800 JavaThread "RMI TCP Accept-58357" daemon [_thread_in_native, id=2040, stack(0x0000009293c00000,0x0000009293d00000)]
  0x00000286ac4de800 JavaThread "RMI TCP Accept-0" daemon [_thread_in_native, id=5364, stack(0x0000009293e00000,0x0000009293f00000)]
=>0x00000286ad4fe000 JavaThread "C2 CompilerThread1" daemon [_thread_in_native, id=15160, stack(0x0000009293d00000,0x0000009293e00000)]
  0x00000286ad85e000 JavaThread "Thread-0" [_thread_in_vm, id=8240, stack(0x0000009294300000,0x0000009294400000)]

Other Threads:
  0x00000286ab2ff800 VMThread "VM Thread" [stack: 0x0000009293100000,0x0000009293200000] [id=14456]
  0x00000286ac4df800 WatcherThread [stack: 0x0000009293f00000,0x0000009294000000] [id=7156]
  0x000002868cc13000 GCTaskThread "GC Thread#0" [stack: 0x0000009292c00000,0x0000009292d00000] [id=14748]
  0x00000286ac78a800 GCTaskThread "GC Thread#1" [stack: 0x0000009294000000,0x0000009294100000] [id=7560]
  0x00000286ac5bf800 GCTaskThread "GC Thread#2" [stack: 0x0000009294100000,0x0000009294200000] [id=7292]
  0x00000286ad741800 GCTaskThread "GC Thread#3" [stack: 0x0000009294400000,0x0000009294500000] [id=12492]
  0x000002868cc46000 ConcurrentGCThread "G1 Main Marker" [stack: 0x0000009292d00000,0x0000009292e00000] [id=13892]
  0x000002868cc49000 ConcurrentGCThread "G1 Conc#0" [stack: 0x0000009292e00000,0x0000009292f00000] [id=15016]
  0x000002868ccc8800 ConcurrentGCThread "G1 Refine#0" [stack: 0x0000009292f00000,0x0000009293000000] [id=3268]
  0x00000286ac338000 ConcurrentGCThread "G1 Refine#1" [stack: 0x0000009294200000,0x0000009294300000] [id=14348]
  0x00000286ab170800 ConcurrentGCThread "G1 Young RemSet Sampling" [stack: 0x0000009293000000,0x0000009293100000] [id=14504]

Threads with active compile tasks:
C2 CompilerThread0   3521 2180   !   4       java.net.URL::<init> (543 bytes)
C2 CompilerThread1   3521 2289 %     4       java.util.Properties$LineReader::readLine @ 53 (635 bytes)

VM state:not at safepoint (normal execution)

VM Mutex/Monitor currently owned by a thread:  ([mutex/lock_event])
[0x000002868cbf4340] SymbolTable_lock - owner thread: 0x00000286ad85e000

Heap address: 0x0000000081c00000, size: 2020 MB, Compressed Oops mode: 32-bit
Narrow klass base: 0x0000000000000000, Narrow klass shift: 3
Compressed class space size: 1073741824 Address: 0x0000000100000000

Heap:
 garbage-first heap   total 131072K, used 47823K [0x0000000081c00000, 0x0000000100000000)
  region size 1024K, 43 young (44032K), 4 survivors (4096K)
 Metaspace       used 27117K, capacity 27914K, committed 28032K, reserved 1073152K
  class space    used 3069K, capacity 3365K, committed 3456K, reserved 1048576K
Heap Regions: E=young(eden), S=young(survivor), O=old, HS=humongous(starts), HC=humongous(continues), CS=collection set, F=free, A=archive, TAMS=top-at-mark-start (previous, next)
|   0|0x0000000081c00000, 0x0000000081d00000, 0x0000000081d00000|100%|HS|  |TAMS 0x0000000081d00000, 0x0000000081c00000| Complete 
|   1|0x0000000081d00000, 0x0000000081e00000, 0x0000000081e00000|100%| O|  |TAMS 0x0000000081e00000, 0x0000000081d00000| Untracked 
|   2|0x0000000081e00000, 0x0000000081f00000, 0x0000000081f00000|100%| O|  |TAMS 0x0000000081f00000, 0x0000000081e00000| Untracked 
|   3|0x0000000081f00000, 0x0000000082000000, 0x0000000082000000|100%| O|  |TAMS 0x0000000082000000, 0x0000000081f00000| Untracked 
|   4|0x0000000082000000, 0x0000000082100000, 0x0000000082100000|100%| O|  |TAMS 0x0000000082100000, 0x0000000082000000| Untracked 
|   5|0x0000000082100000, 0x0000000082200000, 0x0000000082200000|100%| O|  |TAMS 0x0000000082200000, 0x0000000082100000| Untracked 
|   6|0x0000000082200000, 0x0000000082220e00, 0x0000000082300000| 12%| O|  |TAMS 0x0000000082220e00, 0x0000000082200000| Untracked 
|   7|0x0000000082300000, 0x0000000082300000, 0x0000000082400000|  0%| F|  |TAMS 0x0000000082300000, 0x0000000082300000| Untracked 
|   8|0x0000000082400000, 0x0000000082400000, 0x0000000082500000|  0%| F|  |TAMS 0x0000000082400000, 0x0000000082400000| Untracked 
|   9|0x0000000082500000, 0x0000000082500000, 0x0000000082600000|  0%| F|  |TAMS 0x0000000082500000, 0x0000000082500000| Untracked 
|  10|0x0000000082600000, 0x0000000082600000, 0x0000000082700000|  0%| F|  |TAMS 0x0000000082600000, 0x0000000082600000| Untracked 
|  11|0x0000000082700000, 0x0000000082700000, 0x0000000082800000|  0%| F|  |TAMS 0x0000000082700000, 0x0000000082700000| Untracked 
|  12|0x0000000082800000, 0x0000000082800000, 0x0000000082900000|  0%| F|  |TAMS 0x0000000082800000, 0x0000000082800000| Untracked 
|  13|0x0000000082900000, 0x0000000082900000, 0x0000000082a00000|  0%| F|  |TAMS 0x0000000082900000, 0x0000000082900000| Untracked 
|  14|0x0000000082a00000, 0x0000000082a00000, 0x0000000082b00000|  0%| F|  |TAMS 0x0000000082a00000, 0x0000000082a00000| Untracked 
|  15|0x0000000082b00000, 0x0000000082b00000, 0x0000000082c00000|  0%| F|  |TAMS 0x0000000082b00000, 0x0000000082b00000| Untracked 
|  16|0x0000000082c00000, 0x0000000082c00000, 0x0000000082d00000|  0%| F|  |TAMS 0x0000000082c00000, 0x0000000082c00000| Untracked 
|  17|0x0000000082d00000, 0x0000000082d00000, 0x0000000082e00000|  0%| F|  |TAMS 0x0000000082d00000, 0x0000000082d00000| Untracked 
|  18|0x0000000082e00000, 0x0000000082e00000, 0x0000000082f00000|  0%| F|  |TAMS 0x0000000082e00000, 0x0000000082e00000| Untracked 
|  19|0x0000000082f00000, 0x0000000082f00000, 0x0000000083000000|  0%| F|  |TAMS 0x0000000082f00000, 0x0000000082f00000| Untracked 
|  20|0x0000000083000000, 0x0000000083000000, 0x0000000083100000|  0%| F|  |TAMS 0x0000000083000000, 0x0000000083000000| Untracked 
|  21|0x0000000083100000, 0x0000000083100000, 0x0000000083200000|  0%| F|  |TAMS 0x0000000083100000, 0x0000000083100000| Untracked 
|  22|0x0000000083200000, 0x0000000083200000, 0x0000000083300000|  0%| F|  |TAMS 0x0000000083200000, 0x0000000083200000| Untracked 
|  23|0x0000000083300000, 0x0000000083300000, 0x0000000083400000|  0%| F|  |TAMS 0x0000000083300000, 0x0000000083300000| Untracked 
|  24|0x0000000083400000, 0x0000000083400000, 0x0000000083500000|  0%| F|  |TAMS 0x0000000083400000, 0x0000000083400000| Untracked 
|  25|0x0000000083500000, 0x0000000083500000, 0x0000000083600000|  0%| F|  |TAMS 0x0000000083500000, 0x0000000083500000| Untracked 
|  26|0x0000000083600000, 0x0000000083600000, 0x0000000083700000|  0%| F|  |TAMS 0x0000000083600000, 0x0000000083600000| Untracked 
|  27|0x0000000083700000, 0x0000000083700000, 0x0000000083800000|  0%| F|  |TAMS 0x0000000083700000, 0x0000000083700000| Untracked 
|  28|0x0000000083800000, 0x0000000083800000, 0x0000000083900000|  0%| F|  |TAMS 0x0000000083800000, 0x0000000083800000| Untracked 
|  29|0x0000000083900000, 0x0000000083900000, 0x0000000083a00000|  0%| F|  |TAMS 0x0000000083900000, 0x0000000083900000| Untracked 
|  30|0x0000000083a00000, 0x0000000083a00000, 0x0000000083b00000|  0%| F|  |TAMS 0x0000000083a00000, 0x0000000083a00000| Untracked 
|  31|0x0000000083b00000, 0x0000000083b00000, 0x0000000083c00000|  0%| F|  |TAMS 0x0000000083b00000, 0x0000000083b00000| Untracked 
|  32|0x0000000083c00000, 0x0000000083c00000, 0x0000000083d00000|  0%| F|  |TAMS 0x0000000083c00000, 0x0000000083c00000| Untracked 
|  33|0x0000000083d00000, 0x0000000083d00000, 0x0000000083e00000|  0%| F|  |TAMS 0x0000000083d00000, 0x0000000083d00000| Untracked 
|  34|0x0000000083e00000, 0x0000000083e00000, 0x0000000083f00000|  0%| F|  |TAMS 0x0000000083e00000, 0x0000000083e00000| Untracked 
|  35|0x0000000083f00000, 0x0000000083f00000, 0x0000000084000000|  0%| F|  |TAMS 0x0000000083f00000, 0x0000000083f00000| Untracked 
|  36|0x0000000084000000, 0x0000000084000000, 0x0000000084100000|  0%| F|  |TAMS 0x0000000084000000, 0x0000000084000000| Untracked 
|  37|0x0000000084100000, 0x0000000084100000, 0x0000000084200000|  0%| F|  |TAMS 0x0000000084100000, 0x0000000084100000| Untracked 
|  38|0x0000000084200000, 0x0000000084200000, 0x0000000084300000|  0%| F|  |TAMS 0x0000000084200000, 0x0000000084200000| Untracked 
|  39|0x0000000084300000, 0x0000000084300000, 0x0000000084400000|  0%| F|  |TAMS 0x0000000084300000, 0x0000000084300000| Untracked 
|  40|0x0000000084400000, 0x0000000084400000, 0x0000000084500000|  0%| F|  |TAMS 0x0000000084400000, 0x0000000084400000| Untracked 
|  41|0x0000000084500000, 0x0000000084500000, 0x0000000084600000|  0%| F|  |TAMS 0x0000000084500000, 0x0000000084500000| Untracked 
|  42|0x0000000084600000, 0x0000000084600000, 0x0000000084700000|  0%| F|  |TAMS 0x0000000084600000, 0x0000000084600000| Untracked 
|  43|0x0000000084700000, 0x0000000084700000, 0x0000000084800000|  0%| F|  |TAMS 0x0000000084700000, 0x0000000084700000| Untracked 
|  44|0x0000000084800000, 0x0000000084800000, 0x0000000084900000|  0%| F|  |TAMS 0x0000000084800000, 0x0000000084800000| Untracked 
|  45|0x0000000084900000, 0x0000000084900000, 0x0000000084a00000|  0%| F|  |TAMS 0x0000000084900000, 0x0000000084900000| Untracked 
|  46|0x0000000084a00000, 0x0000000084a00000, 0x0000000084b00000|  0%| F|  |TAMS 0x0000000084a00000, 0x0000000084a00000| Untracked 
|  47|0x0000000084b00000, 0x0000000084b00000, 0x0000000084c00000|  0%| F|  |TAMS 0x0000000084b00000, 0x0000000084b00000| Untracked 
|  48|0x0000000084c00000, 0x0000000084c00000, 0x0000000084d00000|  0%| F|  |TAMS 0x0000000084c00000, 0x0000000084c00000| Untracked 
|  49|0x0000000084d00000, 0x0000000084d00000, 0x0000000084e00000|  0%| F|  |TAMS 0x0000000084d00000, 0x0000000084d00000| Untracked 
|  50|0x0000000084e00000, 0x0000000084e00000, 0x0000000084f00000|  0%| F|  |TAMS 0x0000000084e00000, 0x0000000084e00000| Untracked 
|  51|0x0000000084f00000, 0x0000000084f00000, 0x0000000085000000|  0%| F|  |TAMS 0x0000000084f00000, 0x0000000084f00000| Untracked 
|  52|0x0000000085000000, 0x0000000085000000, 0x0000000085100000|  0%| F|  |TAMS 0x0000000085000000, 0x0000000085000000| Untracked 
|  53|0x0000000085100000, 0x0000000085100000, 0x0000000085200000|  0%| F|  |TAMS 0x0000000085100000, 0x0000000085100000| Untracked 
|  54|0x0000000085200000, 0x0000000085200000, 0x0000000085300000|  0%| F|  |TAMS 0x0000000085200000, 0x0000000085200000| Untracked 
|  55|0x0000000085300000, 0x0000000085300000, 0x0000000085400000|  0%| F|  |TAMS 0x0000000085300000, 0x0000000085300000| Untracked 
|  56|0x0000000085400000, 0x0000000085400000, 0x0000000085500000|  0%| F|  |TAMS 0x0000000085400000, 0x0000000085400000| Untracked 
|  57|0x0000000085500000, 0x0000000085500000, 0x0000000085600000|  0%| F|  |TAMS 0x0000000085500000, 0x0000000085500000| Untracked 
|  58|0x0000000085600000, 0x0000000085600000, 0x0000000085700000|  0%| F|  |TAMS 0x0000000085600000, 0x0000000085600000| Untracked 
|  59|0x0000000085700000, 0x0000000085700000, 0x0000000085800000|  0%| F|  |TAMS 0x0000000085700000, 0x0000000085700000| Untracked 
|  60|0x0000000085800000, 0x0000000085800000, 0x0000000085900000|  0%| F|  |TAMS 0x0000000085800000, 0x0000000085800000| Untracked 
|  61|0x0000000085900000, 0x0000000085900000, 0x0000000085a00000|  0%| F|  |TAMS 0x0000000085900000, 0x0000000085900000| Untracked 
|  62|0x0000000085a00000, 0x0000000085a00000, 0x0000000085b00000|  0%| F|  |TAMS 0x0000000085a00000, 0x0000000085a00000| Untracked 
|  63|0x0000000085b00000, 0x0000000085b00000, 0x0000000085c00000|  0%| F|  |TAMS 0x0000000085b00000, 0x0000000085b00000| Untracked 
|  64|0x0000000085c00000, 0x0000000085c00000, 0x0000000085d00000|  0%| F|  |TAMS 0x0000000085c00000, 0x0000000085c00000| Untracked 
|  65|0x0000000085d00000, 0x0000000085d00000, 0x0000000085e00000|  0%| F|  |TAMS 0x0000000085d00000, 0x0000000085d00000| Untracked 
|  66|0x0000000085e00000, 0x0000000085e00000, 0x0000000085f00000|  0%| F|  |TAMS 0x0000000085e00000, 0x0000000085e00000| Untracked 
|  67|0x0000000085f00000, 0x0000000085f00000, 0x0000000086000000|  0%| F|  |TAMS 0x0000000085f00000, 0x0000000085f00000| Untracked 
|  68|0x0000000086000000, 0x0000000086000000, 0x0000000086100000|  0%| F|  |TAMS 0x0000000086000000, 0x0000000086000000| Untracked 
|  69|0x0000000086100000, 0x0000000086100000, 0x0000000086200000|  0%| F|  |TAMS 0x0000000086100000, 0x0000000086100000| Untracked 
|  70|0x0000000086200000, 0x0000000086200000, 0x0000000086300000|  0%| F|  |TAMS 0x0000000086200000, 0x0000000086200000| Untracked 
|  71|0x0000000086300000, 0x0000000086300000, 0x0000000086400000|  0%| F|  |TAMS 0x0000000086300000, 0x0000000086300000| Untracked 
|  72|0x0000000086400000, 0x0000000086400000, 0x0000000086500000|  0%| F|  |TAMS 0x0000000086400000, 0x0000000086400000| Untracked 
|  73|0x0000000086500000, 0x0000000086500000, 0x0000000086600000|  0%| F|  |TAMS 0x0000000086500000, 0x0000000086500000| Untracked 
|  74|0x0000000086600000, 0x0000000086600000, 0x0000000086700000|  0%| F|  |TAMS 0x0000000086600000, 0x0000000086600000| Untracked 
|  75|0x0000000086700000, 0x0000000086700000, 0x0000000086800000|  0%| F|  |TAMS 0x0000000086700000, 0x0000000086700000| Untracked 
|  76|0x0000000086800000, 0x0000000086800000, 0x0000000086900000|  0%| F|  |TAMS 0x0000000086800000, 0x0000000086800000| Untracked 
|  77|0x0000000086900000, 0x0000000086900000, 0x0000000086a00000|  0%| F|  |TAMS 0x0000000086900000, 0x0000000086900000| Untracked 
|  78|0x0000000086a00000, 0x0000000086a00000, 0x0000000086b00000|  0%| F|  |TAMS 0x0000000086a00000, 0x0000000086a00000| Untracked 
|  79|0x0000000086b00000, 0x0000000086b00000, 0x0000000086c00000|  0%| F|  |TAMS 0x0000000086b00000, 0x0000000086b00000| Untracked 
|  80|0x0000000086c00000, 0x0000000086c00000, 0x0000000086d00000|  0%| F|  |TAMS 0x0000000086c00000, 0x0000000086c00000| Untracked 
|  81|0x0000000086d00000, 0x0000000086d00000, 0x0000000086e00000|  0%| F|  |TAMS 0x0000000086d00000, 0x0000000086d00000| Untracked 
|  82|0x0000000086e00000, 0x0000000086e00000, 0x0000000086f00000|  0%| F|  |TAMS 0x0000000086e00000, 0x0000000086e00000| Untracked 
|  83|0x0000000086f00000, 0x0000000086f00000, 0x0000000087000000|  0%| F|  |TAMS 0x0000000086f00000, 0x0000000086f00000| Untracked 
|  84|0x0000000087000000, 0x0000000087000000, 0x0000000087100000|  0%| F|  |TAMS 0x0000000087000000, 0x0000000087000000| Untracked 
|  85|0x0000000087100000, 0x0000000087200000, 0x0000000087200000|100%| E|  |TAMS 0x0000000087100000, 0x0000000087100000| Complete 
|  86|0x0000000087200000, 0x0000000087300000, 0x0000000087300000|100%| E|CS|TAMS 0x0000000087200000, 0x0000000087200000| Complete 
|  87|0x0000000087300000, 0x0000000087393020, 0x0000000087400000| 57%| S|CS|TAMS 0x0000000087300000, 0x0000000087300000| Complete 
|  88|0x0000000087400000, 0x0000000087500000, 0x0000000087500000|100%| S|CS|TAMS 0x0000000087400000, 0x0000000087400000| Complete 
|  89|0x0000000087500000, 0x0000000087600000, 0x0000000087600000|100%| S|CS|TAMS 0x0000000087500000, 0x0000000087500000| Complete 
|  90|0x0000000087600000, 0x0000000087700000, 0x0000000087700000|100%| S|CS|TAMS 0x0000000087600000, 0x0000000087600000| Complete 
|  91|0x0000000087700000, 0x0000000087800000, 0x0000000087800000|100%| E|CS|TAMS 0x0000000087700000, 0x0000000087700000| Complete 
|  92|0x0000000087800000, 0x0000000087900000, 0x0000000087900000|100%| E|CS|TAMS 0x0000000087800000, 0x0000000087800000| Complete 
|  93|0x0000000087900000, 0x0000000087a00000, 0x0000000087a00000|100%| E|  |TAMS 0x0000000087900000, 0x0000000087900000| Complete 
|  94|0x0000000087a00000, 0x0000000087b00000, 0x0000000087b00000|100%| E|CS|TAMS 0x0000000087a00000, 0x0000000087a00000| Complete 
|  95|0x0000000087b00000, 0x0000000087c00000, 0x0000000087c00000|100%| E|CS|TAMS 0x0000000087b00000, 0x0000000087b00000| Complete 
|  96|0x0000000087c00000, 0x0000000087d00000, 0x0000000087d00000|100%| E|CS|TAMS 0x0000000087c00000, 0x0000000087c00000| Complete 
|  97|0x0000000087d00000, 0x0000000087e00000, 0x0000000087e00000|100%| E|CS|TAMS 0x0000000087d00000, 0x0000000087d00000| Complete 
|  98|0x0000000087e00000, 0x0000000087f00000, 0x0000000087f00000|100%| E|CS|TAMS 0x0000000087e00000, 0x0000000087e00000| Complete 
|  99|0x0000000087f00000, 0x0000000088000000, 0x0000000088000000|100%| E|CS|TAMS 0x0000000087f00000, 0x0000000087f00000| Complete 
| 100|0x0000000088000000, 0x0000000088100000, 0x0000000088100000|100%| E|CS|TAMS 0x0000000088000000, 0x0000000088000000| Complete 
| 101|0x0000000088100000, 0x0000000088200000, 0x0000000088200000|100%| E|CS|TAMS 0x0000000088100000, 0x0000000088100000| Complete 
| 102|0x0000000088200000, 0x0000000088300000, 0x0000000088300000|100%| E|CS|TAMS 0x0000000088200000, 0x0000000088200000| Complete 
| 103|0x0000000088300000, 0x0000000088400000, 0x0000000088400000|100%| E|CS|TAMS 0x0000000088300000, 0x0000000088300000| Complete 
| 104|0x0000000088400000, 0x0000000088500000, 0x0000000088500000|100%| E|CS|TAMS 0x0000000088400000, 0x0000000088400000| Complete 
| 105|0x0000000088500000, 0x0000000088600000, 0x0000000088600000|100%| E|CS|TAMS 0x0000000088500000, 0x0000000088500000| Complete 
| 106|0x0000000088600000, 0x0000000088700000, 0x0000000088700000|100%| E|CS|TAMS 0x0000000088600000, 0x0000000088600000| Complete 
| 107|0x0000000088700000, 0x0000000088800000, 0x0000000088800000|100%| E|CS|TAMS 0x0000000088700000, 0x0000000088700000| Complete 
| 108|0x0000000088800000, 0x0000000088900000, 0x0000000088900000|100%| E|CS|TAMS 0x0000000088800000, 0x0000000088800000| Complete 
| 109|0x0000000088900000, 0x0000000088a00000, 0x0000000088a00000|100%| E|CS|TAMS 0x0000000088900000, 0x0000000088900000| Complete 
| 110|0x0000000088a00000, 0x0000000088b00000, 0x0000000088b00000|100%| E|CS|TAMS 0x0000000088a00000, 0x0000000088a00000| Complete 
| 111|0x0000000088b00000, 0x0000000088c00000, 0x0000000088c00000|100%| E|CS|TAMS 0x0000000088b00000, 0x0000000088b00000| Complete 
| 112|0x0000000088c00000, 0x0000000088d00000, 0x0000000088d00000|100%| E|CS|TAMS 0x0000000088c00000, 0x0000000088c00000| Complete 
| 113|0x0000000088d00000, 0x0000000088e00000, 0x0000000088e00000|100%| E|CS|TAMS 0x0000000088d00000, 0x0000000088d00000| Complete 
| 114|0x0000000088e00000, 0x0000000088f00000, 0x0000000088f00000|100%| E|CS|TAMS 0x0000000088e00000, 0x0000000088e00000| Complete 
| 115|0x0000000088f00000, 0x0000000089000000, 0x0000000089000000|100%| E|CS|TAMS 0x0000000088f00000, 0x0000000088f00000| Complete 
| 116|0x0000000089000000, 0x0000000089100000, 0x0000000089100000|100%| E|CS|TAMS 0x0000000089000000, 0x0000000089000000| Complete 
| 117|0x0000000089100000, 0x0000000089200000, 0x0000000089200000|100%| E|CS|TAMS 0x0000000089100000, 0x0000000089100000| Complete 
| 118|0x0000000089200000, 0x0000000089300000, 0x0000000089300000|100%| E|CS|TAMS 0x0000000089200000, 0x0000000089200000| Complete 
| 119|0x0000000089300000, 0x0000000089400000, 0x0000000089400000|100%| E|CS|TAMS 0x0000000089300000, 0x0000000089300000| Complete 
| 120|0x0000000089400000, 0x0000000089500000, 0x0000000089500000|100%| E|CS|TAMS 0x0000000089400000, 0x0000000089400000| Complete 
| 121|0x0000000089500000, 0x0000000089600000, 0x0000000089600000|100%| E|CS|TAMS 0x0000000089500000, 0x0000000089500000| Complete 
| 122|0x0000000089600000, 0x0000000089700000, 0x0000000089700000|100%| E|CS|TAMS 0x0000000089600000, 0x0000000089600000| Complete 
| 123|0x0000000089700000, 0x0000000089800000, 0x0000000089800000|100%| E|CS|TAMS 0x0000000089700000, 0x0000000089700000| Complete 
| 124|0x0000000089800000, 0x0000000089900000, 0x0000000089900000|100%| E|CS|TAMS 0x0000000089800000, 0x0000000089800000| Complete 
| 125|0x0000000089900000, 0x0000000089a00000, 0x0000000089a00000|100%| E|CS|TAMS 0x0000000089900000, 0x0000000089900000| Complete 
| 126|0x0000000089a00000, 0x0000000089b00000, 0x0000000089b00000|100%| E|CS|TAMS 0x0000000089a00000, 0x0000000089a00000| Complete 
| 127|0x0000000089b00000, 0x0000000089c00000, 0x0000000089c00000|100%| E|CS|TAMS 0x0000000089b00000, 0x0000000089b00000| Complete 

Card table byte_map: [0x00000286a4710000,0x00000286a4b10000] _byte_map_base: 0x00000286a4302000

Marking Bits (Prev, Next): (CMBitMap*) 0x000002868cc3d418, (CMBitMap*) 0x000002868cc3d450
 Prev Bits: [0x00000286a4f10000, 0x00000286a6ea0000)
 Next Bits: [0x00000286a6ea0000, 0x00000286a8e30000)

Polling page: 0x000002868aa10000

Metaspace:

Usage:
  Non-class:     23.97 MB capacity,    23.48 MB ( 98%) used,   415.03 KB (  2%) free+waste,    86.25 KB ( <1%) overhead. 
      Class:      3.29 MB capacity,     3.00 MB ( 91%) used,   252.80 KB (  8%) free+waste,    42.31 KB (  1%) overhead. 
       Both:     27.26 MB capacity,    26.48 MB ( 97%) used,   667.83 KB (  2%) free+waste,   128.56 KB ( <1%) overhead. 

Virtual space:
  Non-class space:       24.00 MB reserved,      24.00 MB (100%) committed 
      Class space:        1.00 GB reserved,       3.38 MB ( <1%) committed 
             Both:        1.02 GB reserved,      27.38 MB (  3%) committed 

Chunk freelists:
   Non-Class:  27.00 KB
       Class:  1.00 KB
        Both:  28.00 KB

MaxMetaspaceSize: 17179869184.00 GB
CompressedClassSpaceSize: 1.00 GB
Initial GC threshold: 20.80 MB
Current GC threshold: 45.21 MB
CDS: off

CodeHeap 'non-profiled nmethods': size=120064Kb used=915Kb max_used=915Kb free=119149Kb
 bounds [0x000002869cdd0000, 0x000002869d040000, 0x00000286a4310000]
CodeHeap 'profiled nmethods': size=120000Kb used=4398Kb max_used=4398Kb free=115601Kb
 bounds [0x00000286958a0000, 0x0000028695cf0000, 0x000002869cdd0000]
CodeHeap 'non-nmethods': size=5696Kb used=1208Kb max_used=1229Kb free=4487Kb
 bounds [0x0000028695310000, 0x0000028695580000, 0x00000286958a0000]
 total_blobs=2772 nmethods=2301 adapters=383
 compilation: enabled
              stopped_count=0, restarted_count=0
 full_count=0

Compilation events (20 events):
Event: 3.416 Thread 0x00000286ab34d800 2286       3       java.lang.Runtime$Version::feature (17 bytes)
Event: 3.417 Thread 0x00000286ab34d800 nmethod 2286 0x0000028695cd6c90 code [0x0000028695cd6e60, 0x0000028695cd7128]
Event: 3.418 Thread 0x00000286ab34d800 2287       3       java.lang.String::<init> (74 bytes)
Event: 3.418 Thread 0x00000286ad4fe000 2288       4       java.lang.StringUTF16::compress (20 bytes)
Event: 3.419 Thread 0x00000286ab34d800 nmethod 2287 0x0000028695cd7210 code [0x0000028695cd7420, 0x0000028695cd7a78]
Event: 3.420 Thread 0x00000286ad4fe000 nmethod 2288 0x000002869ceb4210 code [0x000002869ceb43a0, 0x000002869ceb45d8]
Event: 3.420 Thread 0x00000286ad4fe000 2289 %     4       java.util.Properties$LineReader::readLine @ 53 (635 bytes)
Event: 3.427 Thread 0x00000286ab34d800 2291 %     3       java.util.Properties::load0 @ 29 (249 bytes)
Event: 3.428 Thread 0x00000286ab34d800 nmethod 2291% 0x0000028695cd7d10 code [0x0000028695cd7f80, 0x0000028695cd8ac8]
Event: 3.428 Thread 0x00000286ab34d800 2292       3       java.util.Properties::load0 (249 bytes)
Event: 3.429 Thread 0x00000286ab34d800 nmethod 2292 0x0000028695cd8e90 code [0x0000028695cd90e0, 0x0000028695cd9ae8]
Event: 3.430 Thread 0x00000286ab34d800 2293       3       java.util.concurrent.ConcurrentHashMap$EntryIterator::next (5 bytes)
Event: 3.430 Thread 0x00000286ab34d800 nmethod 2293 0x0000028695cd9e10 code [0x0000028695cd9fc0, 0x0000028695cda0e8]
Event: 3.430 Thread 0x00000286ab34d800 2295       3       java.util.concurrent.ConcurrentHashMap$MapEntry::<init> (20 bytes)
Event: 3.430 Thread 0x00000286ab34d800 nmethod 2295 0x0000028695cda190 code [0x0000028695cda340, 0x0000028695cda5b8]
Event: 3.430 Thread 0x00000286ab34d800 2294       3       java.util.concurrent.ConcurrentHashMap$EntryIterator::next (51 bytes)
Event: 3.430 Thread 0x00000286ab34d800 nmethod 2294 0x0000028695cda690 code [0x0000028695cda880, 0x0000028695cdad78]
Event: 3.433 Thread 0x00000286ab34d800 2296   !   3       java.lang.invoke.CallSite::makeSite (91 bytes)
Event: 3.435 Thread 0x00000286ab34d800 nmethod 2296 0x0000028695cdaf10 code [0x0000028695cdb260, 0x0000028695cdc498]
Event: 3.435 Thread 0x00000286ab34d800 2297   !   3       java.lang.invoke.BootstrapMethodInvoker::invoke (688 bytes)

GC Heap History (10 events):
Event: 1.143 GC heap before
{Heap before GC invocations=0 (full 0):
 garbage-first heap   total 131072K, used 14336K [0x0000000081c00000, 0x0000000100000000)
  region size 1024K, 14 young (14336K), 0 survivors (0K)
 Metaspace       used 12913K, capacity 13266K, committed 13440K, reserved 1060864K
  class space    used 1293K, capacity 1406K, committed 1408K, reserved 1048576K
}
Event: 1.150 GC heap after
{Heap after GC invocations=1 (full 0):
 garbage-first heap   total 131072K, used 6191K [0x0000000081c00000, 0x0000000100000000)
  region size 1024K, 2 young (2048K), 2 survivors (2048K)
 Metaspace       used 12913K, capacity 13266K, committed 13440K, reserved 1060864K
  class space    used 1293K, capacity 1406K, committed 1408K, reserved 1048576K
}
Event: 1.414 GC heap before
{Heap before GC invocations=1 (full 0):
 garbage-first heap   total 131072K, used 13359K [0x0000000081c00000, 0x0000000100000000)
  region size 1024K, 9 young (9216K), 2 survivors (2048K)
 Metaspace       used 14739K, capacity 15113K, committed 15232K, reserved 1062912K
  class space    used 1480K, capacity 1618K, committed 1664K, reserved 1048576K
}
Event: 1.419 GC heap after
{Heap after GC invocations=2 (full 0):
 garbage-first heap   total 131072K, used 7063K [0x0000000081c00000, 0x0000000100000000)
  region size 1024K, 1 young (1024K), 1 survivors (1024K)
 Metaspace       used 14739K, capacity 15113K, committed 15232K, reserved 1062912K
  class space    used 1480K, capacity 1618K, committed 1664K, reserved 1048576K
}
Event: 2.059 GC heap before
{Heap before GC invocations=2 (full 0):
 garbage-first heap   total 131072K, used 28567K [0x0000000081c00000, 0x0000000100000000)
  region size 1024K, 23 young (23552K), 1 survivors (1024K)
 Metaspace       used 18979K, capacity 19550K, committed 19712K, reserved 1067008K
  class space    used 2029K, capacity 2237K, committed 2304K, reserved 1048576K
}
Event: 2.063 GC heap after
{Heap after GC invocations=3 (full 0):
 garbage-first heap   total 131072K, used 8316K [0x0000000081c00000, 0x0000000100000000)
  region size 1024K, 2 young (2048K), 2 survivors (2048K)
 Metaspace       used 18979K, capacity 19550K, committed 19712K, reserved 1067008K
  class space    used 2029K, capacity 2237K, committed 2304K, reserved 1048576K
}
Event: 2.291 GC heap before
{Heap before GC invocations=3 (full 0):
 garbage-first heap   total 131072K, used 17532K [0x0000000081c00000, 0x0000000100000000)
  region size 1024K, 13 young (13312K), 2 survivors (2048K)
 Metaspace       used 20633K, capacity 21261K, committed 21296K, reserved 1069056K
  class space    used 2279K, capacity 2555K, committed 2560K, reserved 1048576K
}
Event: 2.296 GC heap after
{Heap after GC invocations=4 (full 0):
 garbage-first heap   total 131072K, used 8812K [0x0000000081c00000, 0x0000000100000000)
  region size 1024K, 3 young (3072K), 3 survivors (3072K)
 Metaspace       used 20633K, capacity 21261K, committed 21296K, reserved 1069056K
  class space    used 2279K, capacity 2555K, committed 2560K, reserved 1048576K
}
Event: 3.346 GC heap before
{Heap before GC invocations=5 (full 0):
 garbage-first heap   total 131072K, used 42604K [0x0000000081c00000, 0x0000000100000000)
  region size 1024K, 37 young (37888K), 3 survivors (3072K)
 Metaspace       used 26788K, capacity 27568K, committed 27776K, reserved 1073152K
  class space    used 3033K, capacity 3355K, committed 3456K, reserved 1048576K
}
Event: 3.357 GC heap after
{Heap after GC invocations=6 (full 0):
 garbage-first heap   total 131072K, used 9935K [0x0000000081c00000, 0x0000000100000000)
  region size 1024K, 4 young (4096K), 4 survivors (4096K)
 Metaspace       used 26788K, capacity 27568K, committed 27776K, reserved 1073152K
  class space    used 3033K, capacity 3355K, committed 3456K, reserved 1048576K
}

Deoptimization events (20 events):
Event: 3.026 Thread 0x000002868cbf9000 Uncommon trap: trap_request=0xffffff4d fr.pc=0x000002869ce22b40 relative=0x00000000000009e0
Event: 3.026 Thread 0x000002868cbf9000 Uncommon trap: reason=unstable_if action=reinterpret pc=0x000002869ce22b40 method=java.util.zip.ZipFile$Source.getEntryPos([BZ)I @ 156 c2
Event: 3.026 Thread 0x000002868cbf9000 DEOPT PACKING pc=0x000002869ce22b40 sp=0x0000009292bfdd60
Event: 3.026 Thread 0x000002868cbf9000 DEOPT UNPACKING pc=0x000002869535a1af sp=0x0000009292bfdd00 mode 2
Event: 3.086 Thread 0x00000286ad68e800 Uncommon trap: trap_request=0xffffff4d fr.pc=0x000002869ce1729c relative=0x00000000000003dc
Event: 3.086 Thread 0x00000286ad68e800 Uncommon trap: reason=unstable_if action=reinterpret pc=0x000002869ce1729c method=jdk.internal.org.objectweb.asm.Type.getArgumentsAndReturnSizes(Ljava/lang/String;)I @ 47 c2
Event: 3.086 Thread 0x00000286ad68e800 DEOPT PACKING pc=0x000002869ce1729c sp=0x00000092943fc100
Event: 3.086 Thread 0x00000286ad68e800 DEOPT UNPACKING pc=0x000002869535a1af sp=0x00000092943fc080 mode 2
Event: 3.086 Thread 0x00000286ad68e800 Uncommon trap: trap_request=0xffffff4d fr.pc=0x000002869ce59a14 relative=0x0000000000002ef4
Event: 3.086 Thread 0x00000286ad68e800 Uncommon trap: reason=unstable_if action=reinterpret pc=0x000002869ce59a14 method=jdk.internal.org.objectweb.asm.Frame.push(Ljdk/internal/org/objectweb/asm/ClassWriter;Ljava/lang/String;)V @ 18 c2
Event: 3.086 Thread 0x00000286ad68e800 DEOPT PACKING pc=0x000002869ce59a14 sp=0x00000092943fc0e0
Event: 3.086 Thread 0x00000286ad68e800 DEOPT UNPACKING pc=0x000002869535a1af sp=0x00000092943fc000 mode 2
Event: 3.396 Thread 0x000002868cbf9000 Uncommon trap: trap_request=0xffffffc6 fr.pc=0x000002869ce78214 relative=0x0000000000000a74
Event: 3.396 Thread 0x000002868cbf9000 Uncommon trap: reason=bimorphic_or_optimized_type_check action=maybe_recompile pc=0x000002869ce78214 method=java.util.HashMap.putVal(ILjava/lang/Object;Ljava/lang/Object;ZZ)Ljava/lang/Object; @ 203 c2
Event: 3.396 Thread 0x000002868cbf9000 DEOPT PACKING pc=0x000002869ce78214 sp=0x0000009292bfe470
Event: 3.396 Thread 0x000002868cbf9000 DEOPT UNPACKING pc=0x000002869535a1af sp=0x0000009292bfe410 mode 2
Event: 3.417 Thread 0x000002868cbf9000 Uncommon trap: trap_request=0xffffff4d fr.pc=0x000002869ce9e350 relative=0x0000000000000310
Event: 3.417 Thread 0x000002868cbf9000 Uncommon trap: reason=unstable_if action=reinterpret pc=0x000002869ce9e350 method=java.lang.String.<init>([CIILjava/lang/Void;)V @ 5 c2
Event: 3.417 Thread 0x000002868cbf9000 DEOPT PACKING pc=0x000002869ce9e350 sp=0x0000009292bfe180
Event: 3.417 Thread 0x000002868cbf9000 DEOPT UNPACKING pc=0x000002869535a1af sp=0x0000009292bfe140 mode 2

Classes redefined (0 events):
No events

Internal exceptions (20 events):
Event: 2.888 Thread 0x000002868cbf9000 Exception <a 'java/lang/ClassNotFoundException'{0x00000000882ad7c0}: java/lang/ObjectCustomizer> (0x00000000882ad7c0) thrown at [./src/hotspot/share/classfile/systemDictionary.cpp, line 231]
Event: 2.931 Thread 0x000002868cbf9000 Exception <a 'java/lang/ClassNotFoundException'{0x00000000881d3840}: org/springframework/context/annotation/ConfigurationClassPostProcessorCustomizer> (0x00000000881d3840) thrown at [./src/hotspot/share/classfile/systemDictionary.cpp, line 231]
Event: 2.940 Thread 0x000002868cbf9000 Exception <a 'java/lang/ClassNotFoundException'{0x000000008803f760}: org/springframework/beans/factory/support/BeanDefinitionRegistryPostProcessorCustomizer> (0x000000008803f760) thrown at [./src/hotspot/share/classfile/systemDictionary.cpp, line 231]
Event: 2.941 Thread 0x000002868cbf9000 Exception <a 'java/lang/ClassNotFoundException'{0x000000008804f5e8}: org/springframework/beans/factory/config/BeanFactoryPostProcessorCustomizer> (0x000000008804f5e8) thrown at [./src/hotspot/share/classfile/systemDictionary.cpp, line 231]
Event: 2.942 Thread 0x000002868cbf9000 Exception <a 'java/lang/ClassNotFoundException'{0x000000008805c888}: org/springframework/core/PriorityOrderedCustomizer> (0x000000008805c888) thrown at [./src/hotspot/share/classfile/systemDictionary.cpp, line 231]
Event: 2.942 Thread 0x000002868cbf9000 Exception <a 'java/lang/ClassNotFoundException'{0x0000000088067c20}: org/springframework/core/OrderedCustomizer> (0x0000000088067c20) thrown at [./src/hotspot/share/classfile/systemDictionary.cpp, line 231]
Event: 2.943 Thread 0x000002868cbf9000 Exception <a 'java/lang/ClassNotFoundException'{0x0000000088075620}: org/springframework/context/ResourceLoaderAwareCustomizer> (0x0000000088075620) thrown at [./src/hotspot/share/classfile/systemDictionary.cpp, line 231]
Event: 2.944 Thread 0x000002868cbf9000 Exception <a 'java/lang/ClassNotFoundException'{0x00000000880824c8}: org/springframework/beans/factory/AwareCustomizer> (0x00000000880824c8) thrown at [./src/hotspot/share/classfile/systemDictionary.cpp, line 231]
Event: 2.945 Thread 0x000002868cbf9000 Exception <a 'java/lang/ClassNotFoundException'{0x000000008808fa08}: org/springframework/context/ApplicationStartupAwareCustomizer> (0x000000008808fa08) thrown at [./src/hotspot/share/classfile/systemDictionary.cpp, line 231]
Event: 2.946 Thread 0x000002868cbf9000 Exception <a 'java/lang/ClassNotFoundException'{0x000000008809cb28}: org/springframework/beans/factory/AwareCustomizer> (0x000000008809cb28) thrown at [./src/hotspot/share/classfile/systemDictionary.cpp, line 231]
Event: 2.947 Thread 0x000002868cbf9000 Exception <a 'java/lang/ClassNotFoundException'{0x00000000880aa2d0}: org/springframework/beans/factory/BeanClassLoaderAwareCustomizer> (0x00000000880aa2d0) thrown at [./src/hotspot/share/classfile/systemDictionary.cpp, line 231]
Event: 2.948 Thread 0x000002868cbf9000 Exception <a 'java/lang/ClassNotFoundException'{0x00000000880b7190}: org/springframework/beans/factory/AwareCustomizer> (0x00000000880b7190) thrown at [./src/hotspot/share/classfile/systemDictionary.cpp, line 231]
Event: 2.949 Thread 0x000002868cbf9000 Exception <a 'java/lang/ClassNotFoundException'{0x00000000880c3d10}: org/springframework/context/EnvironmentAwareCustomizer> (0x00000000880c3d10) thrown at [./src/hotspot/share/classfile/systemDictionary.cpp, line 231]
Event: 2.950 Thread 0x000002868cbf9000 Exception <a 'java/lang/ClassNotFoundException'{0x00000000880d0b48}: org/springframework/beans/factory/AwareCustomizer> (0x00000000880d0b48) thrown at [./src/hotspot/share/classfile/systemDictionary.cpp, line 231]
Event: 3.086 Thread 0x00000286ad68e800 Exception <a 'java/lang/NoSuchMethodError'{0x0000000087adb2f8}: 'long java.lang.invoke.DirectMethodHandle$Holder.invokeSpecial(java.lang.Object, java.lang.Object)'> (0x0000000087adb2f8) thrown at [./src/hotspot/share/interpreter/linkResolver.cpp, line 773]
Event: 3.089 Thread 0x00000286ad68e800 Exception <a 'java/lang/NoSuchMethodError'{0x0000000087ae56b0}: 'long java.lang.invoke.DirectMethodHandle$Holder.invokeStatic(java.lang.Object, java.lang.Object)'> (0x0000000087ae56b0) thrown at [./src/hotspot/share/interpreter/linkResolver.cpp, line 773]
Event: 3.089 Thread 0x00000286ad68e800 Exception <a 'java/lang/NoSuchMethodError'{0x0000000087ae84d8}: 'long java.lang.invoke.DirectMethodHandle$Holder.invokeStaticInit(java.lang.Object, java.lang.Object)'> (0x0000000087ae84d8) thrown at [./src/hotspot/share/interpreter/linkResolver.cpp, line 773]
Event: 3.093 Thread 0x00000286ad68e800 Exception <a 'java/lang/NoSuchMethodError'{0x0000000087af4bf8}: 'long java.lang.invoke.DirectMethodHandle$Holder.invokeInterface(java.lang.Object, java.lang.Object)'> (0x0000000087af4bf8) thrown at [./src/hotspot/share/interpreter/linkResolver.cpp, line 773]
Event: 3.104 Thread 0x00000286ad68e800 Exception <a 'java/lang/IncompatibleClassChangeError'{0x0000000087af7990}: Found class java.lang.Object, but interface was expected> (0x0000000087af7990) thrown at [./src/hotspot/share/interpreter/linkResolver.cpp, line 839]
Event: 3.138 Thread 0x00000286ad68e800 Exception <a 'java/lang/NoSuchMethodError'{0x000000008782c010}: 'java.lang.Object java.lang.invoke.DirectMethodHandle$Holder.invokeVirtual(java.lang.Object, java.lang.Object, java.lang.Object, java.lang.Object)'> (0x000000008782c010) thrown at [./src/hotspot/share/interpreter/linkResolver.cpp, line 773]

Events (20 events):
Event: 3.432 loading class org/springframework/boot/autoconfigure/condition/OnClassCondition$ThreadedOutcomesResolver done
Event: 3.433 loading class org/springframework/boot/autoconfigure/condition/OnClassCondition$OutcomesResolver
Event: 3.433 loading class org/springframework/boot/autoconfigure/condition/OnClassCondition$OutcomesResolver done
Event: 3.433 loading class org/springframework/boot/autoconfigure/condition/OnClassCondition$ThreadedOutcomesResolver
Event: 3.433 loading class org/springframework/boot/autoconfigure/condition/OnClassCondition$ThreadedOutcomesResolver done
Event: 3.433 Thread 0x00000286ad85e000 Thread added: 0x00000286ad85e000
Event: 3.433 loading class org/springframework/boot/autoconfigure/condition/ConditionOutcome
Event: 3.433 loading class org/springframework/boot/autoconfigure/condition/ConditionOutcome done
Event: 3.436 loading class org/springframework/boot/autoconfigure/condition/FilteringSpringBootCondition$ClassNameFilter
Event: 3.436 loading class org/springframework/boot/autoconfigure/condition/FilteringSpringBootCondition$ClassNameFilter done
Event: 3.437 loading class org/springframework/boot/autoconfigure/condition/FilteringSpringBootCondition$ClassNameFilter$1
Event: 3.437 loading class org/springframework/boot/autoconfigure/condition/FilteringSpringBootCondition$ClassNameFilter$1 done
Event: 3.438 loading class org/springframework/boot/autoconfigure/condition/FilteringSpringBootCondition$ClassNameFilter$2
Event: 3.438 loading class org/springframework/boot/autoconfigure/condition/FilteringSpringBootCondition$ClassNameFilter$2 done
Event: 3.438 loading class javax/jms/ConnectionFactory
Event: 3.438 loading class javax/jms/ConnectionFactory done
Event: 3.439 loading class org/springframework/boot/autoconfigure/condition/ConditionalOnClass
Event: 3.439 loading class org/springframework/boot/autoconfigure/condition/ConditionalOnClass done
Event: 3.439 loading class org/springframework/boot/autoconfigure/condition/ConditionMessage
Event: 3.439 loading class org/springframework/boot/autoconfigure/condition/ConditionMessage done


Dynamic libraries:
0x00007ff7200d0000 - 0x00007ff7200dd000 	C:\Program Files\Eclipse Foundation\jdk-11.0.12.7-hotspot\bin\java.exe
0x00007ff9f1230000 - 0x00007ff9f1424000 	C:\WINDOWS\SYSTEM32\ntdll.dll
0x00007ff9f08f0000 - 0x00007ff9f09ad000 	C:\WINDOWS\System32\KERNEL32.DLL
0x00007ff9eebd0000 - 0x00007ff9eee97000 	C:\WINDOWS\System32\KERNELBASE.dll
0x00007ff9ee970000 - 0x00007ff9eea70000 	C:\WINDOWS\System32\ucrtbase.dll
0x00007ff9dc360000 - 0x00007ff9dc377000 	C:\Program Files\Eclipse Foundation\jdk-11.0.12.7-hotspot\bin\jli.dll
0x00007ff9d9630000 - 0x00007ff9d9645000 	C:\Program Files\Eclipse Foundation\jdk-11.0.12.7-hotspot\bin\VCRUNTIME140.dll
0x00007ff9f0620000 - 0x00007ff9f07c0000 	C:\WINDOWS\System32\USER32.dll
0x00007ff9eea70000 - 0x00007ff9eea92000 	C:\WINDOWS\System32\win32u.dll
0x00007ff9ef350000 - 0x00007ff9ef37a000 	C:\WINDOWS\System32\GDI32.dll
0x00007ff9eef50000 - 0x00007ff9ef05a000 	C:\WINDOWS\System32\gdi32full.dll
0x00007ff9eeb30000 - 0x00007ff9eebcd000 	C:\WINDOWS\System32\msvcp_win.dll
0x00007ff9db7d0000 - 0x00007ff9dba6a000 	C:\WINDOWS\WinSxS\amd64_microsoft.windows.common-controls_6595b64144ccf1df_6.0.19041.1_none_b555e41d4684ddec\COMCTL32.dll
0x00007ff9f0f40000 - 0x00007ff9f0fde000 	C:\WINDOWS\System32\msvcrt.dll
0x00007ff9f0f10000 - 0x00007ff9f0f40000 	C:\WINDOWS\System32\IMM32.DLL
0x00007ff9b5380000 - 0x00007ff9b541b000 	C:\Program Files\Eclipse Foundation\jdk-11.0.12.7-hotspot\bin\msvcp140.dll
0x00007ff98c330000 - 0x00007ff98ce89000 	C:\Program Files\Eclipse Foundation\jdk-11.0.12.7-hotspot\bin\server\jvm.dll
0x00007ff9f0fe0000 - 0x00007ff9f108a000 	C:\WINDOWS\System32\ADVAPI32.dll
0x00007ff9f0e10000 - 0x00007ff9f0eab000 	C:\WINDOWS\System32\sechost.dll
0x00007ff9f07c0000 - 0x00007ff9f08e3000 	C:\WINDOWS\System32\RPCRT4.dll
0x00007ff9ef530000 - 0x00007ff9ef538000 	C:\WINDOWS\System32\PSAPI.DLL
0x00007ff9de060000 - 0x00007ff9de087000 	C:\WINDOWS\SYSTEM32\WINMM.dll
0x00007ff9df3d0000 - 0x00007ff9df3d9000 	C:\WINDOWS\SYSTEM32\WSOCK32.dll
0x00007ff9e0910000 - 0x00007ff9e091a000 	C:\WINDOWS\SYSTEM32\VERSION.dll
0x00007ff9f0da0000 - 0x00007ff9f0e0b000 	C:\WINDOWS\System32\WS2_32.dll
0x00007ff9ed280000 - 0x00007ff9ed293000 	C:\WINDOWS\SYSTEM32\kernel.appcore.dll
0x00007ff9dea70000 - 0x00007ff9dea80000 	C:\Program Files\Eclipse Foundation\jdk-11.0.12.7-hotspot\bin\verify.dll
0x00007ff9ec810000 - 0x00007ff9ec9f4000 	C:\WINDOWS\SYSTEM32\DBGHELP.DLL
0x00007ff9d7570000 - 0x00007ff9d759c000 	C:\WINDOWS\SYSTEM32\dbgcore.DLL
0x00007ff9ef060000 - 0x00007ff9ef0df000 	C:\WINDOWS\System32\bcryptPrimitives.dll
0x00007ff9d7710000 - 0x00007ff9d7738000 	C:\Program Files\Eclipse Foundation\jdk-11.0.12.7-hotspot\bin\java.dll
0x00007ff9dda40000 - 0x00007ff9dda4a000 	C:\Program Files\Eclipse Foundation\jdk-11.0.12.7-hotspot\bin\jimage.dll
0x00007ff9d75e0000 - 0x00007ff9d75f7000 	C:\Program Files\Eclipse Foundation\jdk-11.0.12.7-hotspot\bin\zip.dll
0x00007ff9efee0000 - 0x00007ff9f0611000 	C:\WINDOWS\System32\SHELL32.dll
0x00007ff9eca00000 - 0x00007ff9ed18a000 	C:\WINDOWS\SYSTEM32\windows.storage.dll
0x00007ff9f09b0000 - 0x00007ff9f0d04000 	C:\WINDOWS\System32\combase.dll
0x00007ff9ee3f0000 - 0x00007ff9ee41b000 	C:\WINDOWS\SYSTEM32\Wldp.dll
0x00007ff9ef290000 - 0x00007ff9ef33e000 	C:\WINDOWS\System32\SHCORE.dll
0x00007ff9efe80000 - 0x00007ff9efed5000 	C:\WINDOWS\System32\shlwapi.dll
0x00007ff9ee8b0000 - 0x00007ff9ee8cf000 	C:\WINDOWS\SYSTEM32\profapi.dll
0x00007ff9d6d00000 - 0x00007ff9d6d19000 	C:\Program Files\Eclipse Foundation\jdk-11.0.12.7-hotspot\bin\net.dll
0x00007ff9dc900000 - 0x00007ff9dca02000 	C:\WINDOWS\SYSTEM32\WINHTTP.dll
0x00007ff9ee170000 - 0x00007ff9ee1da000 	C:\WINDOWS\system32\mswsock.dll
0x00007ff9d4ff0000 - 0x00007ff9d5002000 	C:\Program Files\Eclipse Foundation\jdk-11.0.12.7-hotspot\bin\nio.dll
0x00007ff9e99e0000 - 0x00007ff9e99e9000 	C:\Program Files\Eclipse Foundation\jdk-11.0.12.7-hotspot\bin\management.dll
0x00007ff9e7470000 - 0x00007ff9e747b000 	C:\Program Files\Eclipse Foundation\jdk-11.0.12.7-hotspot\bin\management_ext.dll
0x00007ff9ea200000 - 0x00007ff9ea217000 	C:\WINDOWS\system32\napinsp.dll
0x00007ff9ea090000 - 0x00007ff9ea0ab000 	C:\WINDOWS\system32\pnrpnsp.dll
0x00007ff9ea070000 - 0x00007ff9ea085000 	C:\WINDOWS\system32\wshbth.dll
0x00007ff9ea1d0000 - 0x00007ff9ea1ed000 	C:\WINDOWS\system32\NLAapi.dll
0x00007ff9ede10000 - 0x00007ff9ede4b000 	C:\WINDOWS\SYSTEM32\IPHLPAPI.DLL
0x00007ff9edea0000 - 0x00007ff9edf6a000 	C:\WINDOWS\SYSTEM32\DNSAPI.dll
0x00007ff9ef340000 - 0x00007ff9ef349000 	C:\WINDOWS\System32\NSI.dll
0x00007ff9ea040000 - 0x00007ff9ea052000 	C:\WINDOWS\System32\winrnr.dll
0x00007ff9db7a0000 - 0x00007ff9db7aa000 	C:\Windows\System32\rasadhlp.dll
0x00007ff9dc880000 - 0x00007ff9dc8ff000 	C:\WINDOWS\System32\fwpuclnt.dll
0x00007ff9eeaa0000 - 0x00007ff9eeac7000 	C:\WINDOWS\System32\bcrypt.dll
0x00007ff9ee350000 - 0x00007ff9ee368000 	C:\WINDOWS\SYSTEM32\CRYPTSP.dll
0x00007ff9eda90000 - 0x00007ff9edac4000 	C:\WINDOWS\system32\rsaenh.dll
0x00007ff9ee830000 - 0x00007ff9ee85e000 	C:\WINDOWS\SYSTEM32\USERENV.dll
0x00007ff9ee340000 - 0x00007ff9ee34c000 	C:\WINDOWS\SYSTEM32\CRYPTBASE.dll
0x00007ff9e0850000 - 0x00007ff9e0867000 	C:\WINDOWS\SYSTEM32\dhcpcsvc6.DLL
0x00007ff9e55a0000 - 0x00007ff9e55bd000 	C:\WINDOWS\SYSTEM32\dhcpcsvc.DLL

dbghelp: loaded successfully - version: 4.0.5 - missing functions: none
symbol engine: initialized successfully - sym options: 0x614 - pdb path: .;C:\Program Files\Eclipse Foundation\jdk-11.0.12.7-hotspot\bin;C:\WINDOWS\SYSTEM32;C:\WINDOWS\WinSxS\amd64_microsoft.windows.common-controls_6595b64144ccf1df_6.0.19041.1_none_b555e41d4684ddec;C:\Program Files\Eclipse Foundation\jdk-11.0.12.7-hotspot\bin\server

VM Arguments:
jvm_args: -Dcom.sun.management.jmxremote -Dcom.sun.management.jmxremote.port=58357 -Dcom.sun.management.jmxremote.authenticate=false -Dcom.sun.management.jmxremote.ssl=false -Djava.rmi.server.hostname=localhost -Dspring.application.admin.enabled=true -Dspring.jmx.enabled=true -Dfile.encoding=UTF-8 
java_command: co.usa.alquilercomputadores.alquilercomputadores.AlquilercomputadoresApplication
java_class_path (initial): C:\Users\User\Documents\sem2\Demo2\alquilercomputadores\target\classes;C:\Users\User\.m2\repository\org\springframework\boot\spring-boot-starter-data-jpa\2.5.6-SNAPSHOT\spring-boot-starter-data-jpa-2.5.6-SNAPSHOT.jar;C:\Users\User\.m2\repository\org\springframework\boot\spring-boot-starter-aop\2.5.6-SNAPSHOT\spring-boot-starter-aop-2.5.6-SNAPSHOT.jar;C:\Users\User\.m2\repository\org\springframework\spring-aop\5.3.11-SNAPSHOT\spring-aop-5.3.11-SNAPSHOT.jar;C:\Users\User\.m2\repository\org\aspectj\aspectjweaver\1.9.7\aspectjweaver-1.9.7.jar;C:\Users\User\.m2\repository\org\springframework\boot\spring-boot-starter-jdbc\2.5.6-SNAPSHOT\spring-boot-starter-jdbc-2.5.6-SNAPSHOT.jar;C:\Users\User\.m2\repository\com\zaxxer\HikariCP\4.0.3\HikariCP-4.0.3.jar;C:\Users\User\.m2\repository\org\springframework\spring-jdbc\5.3.11-SNAPSHOT\spring-jdbc-5.3.11-SNAPSHOT.jar;C:\Users\User\.m2\repository\jakarta\transaction\jakarta.transaction-api\1.3.3\jakarta.transaction-api-1.3.3.jar;C:\Users\User\.m2\repository\jakarta\persistence\jakarta.persistence-api\2.2.3\jakarta.persistence-api-2.2.3.jar;C:\Users\User\.m2\repository\org\hibernate\hibernate-core\5.4.32.Final\hibernate-core-5.4.32.Final.jar;C:\Users\User\.m2\repository\org\jboss\logging\jboss-logging\3.4.2.Final\jboss-logging-3.4.2.Final.jar;C:\Users\User\.m2\repository\org\javassist\javassist\3.27.0-GA\javassist-3.27.0-GA.jar;C:\Users\User\.m2\repository\net\bytebuddy\byte-buddy\1.10.22\byte-buddy-1.10.22.jar;C:\Users\User\.m2\repository\antlr\antlr\2.7.7\antlr-2.7.7.jar;C:\Users\User\.m2\repository\org\jboss\jandex\2.2.3.Final\jandex-2.2.3.Final.jar;C:\Users\User\.m2\repository\com\fasterxml\classmate\1.5.1\classmate-1.5.1.jar;C:\Users\User\.m2\repository\org\dom4j\dom4j\2.1.3\dom4j-2.1.3.jar;C:\Users\User\.m2\repository\org\hibernate\common\hibernate-commons-annotations\5.1.2.Final\hibernate-commons-annotations-5.1.2.Final.jar;C:\Users\User\.m2\repository\org\glassfish\jaxb\jaxb-runtime\2.3.5\jaxb-r
Launcher Type: SUN_STANDARD

[Global flags]
     intx CICompilerCount                          = 3                                         {product} {ergonomic}
     uint ConcGCThreads                            = 1                                         {product} {ergonomic}
     uint G1ConcRefinementThreads                  = 4                                         {product} {ergonomic}
   size_t G1HeapRegionSize                         = 1048576                                   {product} {ergonomic}
    uintx GCDrainStackTargetSize                   = 64                                        {product} {ergonomic}
   size_t InitialHeapSize                          = 134217728                                 {product} {ergonomic}
     bool ManagementServer                         = true                                      {product} {command line}
   size_t MarkStackSize                            = 4194304                                   {product} {ergonomic}
   size_t MaxHeapSize                              = 2118123520                                {product} {ergonomic}
   size_t MaxNewSize                               = 1270874112                                {product} {ergonomic}
   size_t MinHeapDeltaBytes                        = 1048576                                   {product} {ergonomic}
    uintx NonNMethodCodeHeapSize                   = 5830732                                {pd product} {ergonomic}
    uintx NonProfiledCodeHeapSize                  = 122913754                              {pd product} {ergonomic}
    uintx ProfiledCodeHeapSize                     = 122913754                              {pd product} {ergonomic}
    uintx ReservedCodeCacheSize                    = 251658240                              {pd product} {ergonomic}
     bool SegmentedCodeCache                       = true                                      {product} {ergonomic}
     bool UseCompressedClassPointers               = true                                 {lp64_product} {ergonomic}
     bool UseCompressedOops                        = true                                 {lp64_product} {ergonomic}
     bool UseG1GC                                  = true                                      {product} {ergonomic}
     bool UseLargePagesIndividualAllocation        = false                                  {pd product} {ergonomic}

Logging:
Log output configuration:
 #0: stdout all=warning uptime,level,tags
 #1: stderr all=off uptime,level,tags

Environment Variables:
JAVA_HOME=C:\Program Files\Eclipse Foundation\jdk-11.0.12.7-hotspot
PATH=C:\Program Files\Eclipse Foundation\jdk-11.0.12.7-hotspot\bin;C:\ProgramData\Oracle\Java\javapath;C:\Program Files\Rockwell Software\RSCommon;C:\Program Files\ImageMagick-7.0.10-Q16-HDRI;C:\Program Files (x86)\Intel\TXE Components\TCS\;C:\Program Files\Intel\TXE Components\TCS\;C:\Windows\system32;C:\Windows;C:\Windows\System32\Wbem;C:\Windows\System32\WindowsPowerShell\v1.0\;C:\Program Files (x86)\NVIDIA Corporation\PhysX\Common;C:\Program Files\Microsoft SQL Server\130\Tools\Binn\;C:\Program Files\dotnet\;C:\Program Files\MiKTeX 2.9\miktex\bin\x64\;C:\WINDOWS\system32;C:\WINDOWS;C:\WINDOWS\System32\Wbem;C:\WINDOWS\System32\WindowsPowerShell\v1.0\;C:\WINDOWS\System32\OpenSSH\;C:\Program Files\MATLAB\R2018a\runtime\win64;C:\Program Files\MATLAB\R2018a\bin;C:\Program Files\nodejs\;C:\ProgramData\chocolatey\bin;C:\Program Files\Microsoft SQL Server\Client SDK\ODBC\130\Tools\Binn\;C:\Program Files (x86)\Microsoft SQL Server\140\Tools\Binn\;C:\Program Files\Microsoft SQL Server\140\Tools\Binn\;C:\Program Files\Microsoft SQL Server\140\DTS\Binn\;C:\Program Files (x86)\Microsoft SQL Server\150\DTS\Binn\;C:\apache-maven-3.8.3\bin;C:\Program Files\Eclipse Foundation\jdk-11.0.12.7-hotspot\bin;C:\Program Files\Git\cmd;C:\Program Files\MySQL\MySQL Shell 8.0\bin\;C:\Users\User\AppData\Local\Microsoft\WindowsApps;C:\Users\User\AppData\Local\atom\bin;C:\Users\User\AppData\Roaming\npm;C:\Users\User\AppData\Local\Microsoft\WindowsApps;C:\Users\User\AppData\Local\Programs\Microsoft VS Code\bin;C:\Program Files\Python36;C:\Program Files\Python36\Scripts;
USERNAME=User
OS=Windows_NT
PROCESSOR_IDENTIFIER=Intel64 Family 6 Model 142 Stepping 9, GenuineIntel



---------------  S Y S T E M  ---------------

OS: Windows 10 , 64 bit Build 19041 (10.0.19041.1)
OS uptime: 3 days 0:34 hours

CPU:total 4 (initial active 4) (2 cores per cpu, 2 threads per core) family 6 model 142 stepping 9 microcode 0xb4, cmov, cx8, fxsr, mmx, sse, sse2, sse3, ssse3, sse4.1, sse4.2, popcnt, avx, avx2, aes, clmul, erms, 3dnowpref, lzcnt, ht, tsc, tscinvbit, bmi1, bmi2, adx, fma

Memory: 4k page, system-wide physical 8073M (1346M free)
TotalPageFile size 8073M (AvailPageFile size 5M)
current process WorkingSet (physical memory assigned to process): 142M, peak: 142M
current process commit charge ("private bytes"): 254M, peak: 254M

vm_info: OpenJDK 64-Bit Server VM (11.0.12+7) for windows-amd64 JRE (11.0.12+7), built on Jul 21 2021 16:23:49 by "" with unknown MS VC++:1916

END.
