#
# There is insufficient memory for the Java Runtime Environment to continue.
# Native memory allocation (malloc) failed to allocate 32744 bytes for ChunkPool::allocate
# Possible reasons:
#   The system is out of physical RAM or swap space
#   The process is running with CompressedOops enabled, and the Java Heap may be blocking the growth of the native heap
# Possible solutions:
#   Reduce memory load on the system
#   Increase physical memory or swap space
#   Check if swap backing store is full
#   Decrease Java heap size (-Xmx/-Xms)
#   Decrease number of Java threads
#   Decrease Java thread stack sizes (-Xss)
#   Set larger code cache with -XX:ReservedCodeCacheSize=
#   JVM is running with Unscaled Compressed Oops mode in which the Java heap is
#     placed in the first 4GB address space. The Java Heap base address is the
#     maximum limit for the native heap growth. Please use -XX:HeapBaseMinAddress
#     to set the Java Heap base and to place the Java Heap above 4GB virtual address.
# This output file may be truncated or incomplete.
#
#  Out of Memory Error (./src/hotspot/share/memory/arena.cpp:81), pid=7576, tid=1212
#
# JRE version: OpenJDK Runtime Environment Temurin-11.0.12+7 (11.0.12+7) (build 11.0.12+7)
# Java VM: OpenJDK 64-Bit Server VM Temurin-11.0.12+7 (11.0.12+7, mixed mode, tiered, compressed oops, parallel gc, windows-amd64)
# No core dump will be written. Minidumps are not enabled by default on client versions of Windows
#

---------------  S U M M A R Y ------------

Command Line: --add-modules=ALL-SYSTEM --add-opens=java.base/java.util=ALL-UNNAMED --add-opens=java.base/java.lang=ALL-UNNAMED -Declipse.application=org.eclipse.jdt.ls.core.id1 -Dosgi.bundles.defaultStartLevel=4 -Declipse.product=org.eclipse.jdt.ls.core.product -Dfile.encoding=utf8 -DwatchParentProcess=false -XX:+UseParallelGC -XX:GCTimeRatio=4 -XX:AdaptiveSizePolicyWeight=90 -Dsun.zip.disableMemoryMapping=true -Xmx1G -Xms100m -Xverify:none c:\Users\User\.vscode\extensions\redhat.java-0.82.0\server\plugins\org.eclipse.equinox.launcher_1.6.300.v20210813-1054.jar -configuration c:\Users\User\AppData\Roaming\Code\User\globalStorage\redhat.java\0.82.0\config_win -data c:\Users\User\AppData\Roaming\Code\User\workspaceStorage\c3096344b3a4e59383c1365647bf3051\redhat.java\jdt_ws

Host: Intel(R) Core(TM) i5-7200U CPU @ 2.50GHz, 4 cores, 7G,  Windows 10 , 64 bit Build 19041 (10.0.19041.1)
Time: Sat Oct 16 16:54:10 2021 Hora est. Pacífico, Sudamérica elapsed time: 6.466572 seconds (0d 0h 0m 6s)

---------------  T H R E A D  ---------------

Current thread (0x000001f0ec556800):  JavaThread "C2 CompilerThread1" daemon [_thread_in_native, id=1212, stack(0x0000001df7200000,0x0000001df7300000)]


Current CompileTask:
C2:   6466 2980       4       java.util.HashMap::getNode (148 bytes)

Stack: [0x0000001df7200000,0x0000001df7300000]
Native frames: (J=compiled Java code, j=interpreted, Vv=VM code, C=native code)
V  [jvm.dll+0x601d0a]
V  [jvm.dll+0x78ab6e]
V  [jvm.dll+0x78c23f]
V  [jvm.dll+0x78c903]
V  [jvm.dll+0x24be68]
V  [jvm.dll+0xc23fb]
V  [jvm.dll+0xc275c]
V  [jvm.dll+0x654da4]
V  [jvm.dll+0x19dc00]
V  [jvm.dll+0x205622]
V  [jvm.dll+0x2046fd]
V  [jvm.dll+0x1898fc]
V  [jvm.dll+0x213d67]
V  [jvm.dll+0x211f2b]
V  [jvm.dll+0x74ec19]
V  [jvm.dll+0x747c84]
V  [jvm.dll+0x600ba6]
C  [ucrtbase.dll+0x21542]
C  [KERNEL32.DLL+0x16fd4]
C  [ntdll.dll+0x4cf31]


---------------  P R O C E S S  ---------------

Threads class SMR info:
_java_thread_list=0x000001f0ec238200, length=23, elements={
0x000001f0cf89e800, 0x000001f0e9971000, 0x000001f0e995d800, 0x000001f0eab22800,
0x000001f0eab23800, 0x000001f0e9976800, 0x000001f0e997b800, 0x000001f0e997d000,
0x000001f0e9983000, 0x000001f0eac34800, 0x000001f0ebce2000, 0x000001f0eb323800,
0x000001f0eb324800, 0x000001f0eb558000, 0x000001f0eb582800, 0x000001f0ebe94800,
0x000001f0ec074000, 0x000001f0ec0b2000, 0x000001f0ec110800, 0x000001f0ec1eb000,
0x000001f0ec556800, 0x000001f0ec1f0000, 0x000001f0ec1ea000
}

Java Threads: ( => current thread )
  0x000001f0cf89e800 JavaThread "main" [_thread_in_vm, id=7604, stack(0x0000001df5800000,0x0000001df5900000)]
  0x000001f0e9971000 JavaThread "Reference Handler" daemon [_thread_blocked, id=15384, stack(0x0000001df5b00000,0x0000001df5c00000)]
  0x000001f0e995d800 JavaThread "Finalizer" daemon [_thread_blocked, id=7312, stack(0x0000001df5c00000,0x0000001df5d00000)]
  0x000001f0eab22800 JavaThread "Signal Dispatcher" daemon [_thread_blocked, id=10572, stack(0x0000001df5d00000,0x0000001df5e00000)]
  0x000001f0eab23800 JavaThread "Attach Listener" daemon [_thread_blocked, id=1416, stack(0x0000001df5e00000,0x0000001df5f00000)]
  0x000001f0e9976800 JavaThread "Service Thread" daemon [_thread_blocked, id=8812, stack(0x0000001df5f00000,0x0000001df6000000)]
  0x000001f0e997b800 JavaThread "C2 CompilerThread0" daemon [_thread_in_native, id=15756, stack(0x0000001df6000000,0x0000001df6100000)]
  0x000001f0e997d000 JavaThread "C1 CompilerThread0" daemon [_thread_blocked, id=7788, stack(0x0000001df6100000,0x0000001df6200000)]
  0x000001f0e9983000 JavaThread "Sweeper thread" daemon [_thread_blocked, id=6760, stack(0x0000001df6200000,0x0000001df6300000)]
  0x000001f0eac34800 JavaThread "Common-Cleaner" daemon [_thread_blocked, id=13260, stack(0x0000001df6300000,0x0000001df6400000)]
  0x000001f0ebce2000 JavaThread "Active Thread: Equinox Container: e70ea3a4-e36a-44b9-98c1-6a434fd1a2ef" [_thread_blocked, id=7524, stack(0x0000001df6600000,0x0000001df6700000)]
  0x000001f0eb323800 JavaThread "Framework Event Dispatcher: Equinox Container: e70ea3a4-e36a-44b9-98c1-6a434fd1a2ef" daemon [_thread_blocked, id=12488, stack(0x0000001df6700000,0x0000001df6800000)]
  0x000001f0eb324800 JavaThread "Start Level: Equinox Container: e70ea3a4-e36a-44b9-98c1-6a434fd1a2ef" daemon [_thread_blocked, id=6584, stack(0x0000001df6800000,0x0000001df6900000)]
  0x000001f0eb558000 JavaThread "SCR Component Actor" daemon [_thread_blocked, id=13340, stack(0x0000001df6c00000,0x0000001df6d00000)]
  0x000001f0eb582800 JavaThread "Timer-0" daemon [_thread_blocked, id=2032, stack(0x0000001df6d00000,0x0000001df6e00000)]
  0x000001f0ebe94800 JavaThread "Bundle File Closer" daemon [_thread_blocked, id=12748, stack(0x0000001df6e00000,0x0000001df6f00000)]
  0x000001f0ec074000 JavaThread "Worker-JM" [_thread_blocked, id=8928, stack(0x0000001df6f00000,0x0000001df7000000)]
  0x000001f0ec0b2000 JavaThread "Worker-0" [_thread_blocked, id=15944, stack(0x0000001df6500000,0x0000001df6600000)]
  0x000001f0ec110800 JavaThread "Worker-1" [_thread_blocked, id=9004, stack(0x0000001df7000000,0x0000001df7100000)]
  0x000001f0ec1eb000 JavaThread "Worker-2" [_thread_blocked, id=988, stack(0x0000001df7100000,0x0000001df7200000)]
=>0x000001f0ec556800 JavaThread "C2 CompilerThread1" daemon [_thread_in_native, id=1212, stack(0x0000001df7200000,0x0000001df7300000)]
  0x000001f0ec1f0000 JavaThread "Java indexing" daemon [_thread_blocked, id=14520, stack(0x0000001df7300000,0x0000001df7400000)]
  0x000001f0ec1ea000 JavaThread "logback configurator timer" daemon [_thread_blocked, id=11876, stack(0x0000001df7400000,0x0000001df7500000)]

Other Threads:
  0x000001f0cf967800 VMThread "VM Thread" [stack: 0x0000001df5a00000,0x0000001df5b00000] [id=12200]
  0x000001f0eaccc800 WatcherThread [stack: 0x0000001df6400000,0x0000001df6500000] [id=3944]
  0x000001f0cf8b6800 GCTaskThread "ParGC Thread#0" [stack: 0x0000001df5900000,0x0000001df5a00000] [id=6652]
  0x000001f0eb541800 GCTaskThread "ParGC Thread#1" [stack: 0x0000001df6900000,0x0000001df6a00000] [id=10812]
  0x000001f0eb542000 GCTaskThread "ParGC Thread#2" [stack: 0x0000001df6a00000,0x0000001df6b00000] [id=9324]
  0x000001f0eb542800 GCTaskThread "ParGC Thread#3" [stack: 0x0000001df6b00000,0x0000001df6c00000] [id=3200]

Threads with active compile tasks:
C2 CompilerThread0   6552 2304       4       java.io.DataInputStream::readUTF (501 bytes)
C2 CompilerThread1   6552 2980       4       java.util.HashMap::getNode (148 bytes)

VM state:not at safepoint (normal execution)

VM Mutex/Monitor currently owned by a thread: None

Heap address: 0x00000000c0000000, size: 1024 MB, Compressed Oops mode: 32-bit
Narrow klass base: 0x0000000000000000, Narrow klass shift: 3
Compressed class space size: 1073741824 Address: 0x0000000100000000

Heap:
 PSYoungGen      total 29696K, used 19958K [0x00000000eab00000, 0x00000000ecc00000, 0x0000000100000000)
  eden space 25600K, 68% used [0x00000000eab00000,0x00000000ebc15b40,0x00000000ec400000)
  from space 4096K, 60% used [0x00000000ec400000,0x00000000ec667dd8,0x00000000ec800000)
  to   space 4096K, 0% used [0x00000000ec800000,0x00000000ec800000,0x00000000ecc00000)
 ParOldGen       total 68608K, used 9363K [0x00000000c0000000, 0x00000000c4300000, 0x00000000eab00000)
  object space 68608K, 13% used [0x00000000c0000000,0x00000000c0924d00,0x00000000c4300000)
 Metaspace       used 31042K, capacity 33259K, committed 33536K, reserved 1079296K
  class space    used 3044K, capacity 3777K, committed 3840K, reserved 1048576K

Card table byte_map: [0x000001f0cf260000,0x000001f0cf470000] _byte_map_base: 0x000001f0cec60000

Marking Bits: (ParMarkBitMap*) 0x00007ffb02b9bcf0
 Begin Bits: [0x000001f0e6fc0000, 0x000001f0e7fc0000)
 End Bits:   [0x000001f0e7fc0000, 0x000001f0e8fc0000)

Polling page: 0x000001f0cd6c0000

Metaspace:

Usage:
  Non-class:     28.79 MB capacity,    27.34 MB ( 95%) used,     1.38 MB (  5%) free+waste,    69.81 KB ( <1%) overhead. 
      Class:      3.69 MB capacity,     2.97 MB ( 81%) used,   697.09 KB ( 18%) free+waste,    35.25 KB ( <1%) overhead. 
       Both:     32.48 MB capacity,    30.32 MB ( 93%) used,     2.06 MB (  6%) free+waste,   105.06 KB ( <1%) overhead. 

Virtual space:
  Non-class space:       30.00 MB reserved,      29.00 MB ( 97%) committed 
      Class space:        1.00 GB reserved,       3.75 MB ( <1%) committed 
             Both:        1.03 GB reserved,      32.75 MB (  3%) committed 

Chunk freelists:
   Non-Class:  22.00 KB
       Class:  0 bytes
        Both:  22.00 KB

MaxMetaspaceSize: 17179869184.00 GB
CompressedClassSpaceSize: 1.00 GB
Initial GC threshold: 20.80 MB
Current GC threshold: 34.59 MB
CDS: off

CodeHeap 'non-profiled nmethods': size=120064Kb used=1057Kb max_used=1057Kb free=119006Kb
 bounds [0x000001f0dfa80000, 0x000001f0dfcf0000, 0x000001f0e6fc0000]
CodeHeap 'profiled nmethods': size=120000Kb used=6575Kb max_used=6575Kb free=113424Kb
 bounds [0x000001f0d8550000, 0x000001f0d8bc0000, 0x000001f0dfa80000]
CodeHeap 'non-nmethods': size=5696Kb used=1242Kb max_used=1262Kb free=4453Kb
 bounds [0x000001f0d7fc0000, 0x000001f0d8230000, 0x000001f0d8550000]
 total_blobs=3494 nmethods=2976 adapters=432
 compilation: enabled
              stopped_count=0, restarted_count=0
 full_count=0

Compilation events (20 events):
Event: 6.453 Thread 0x000001f0ec556800 nmethod 2958 0x000001f0dfb87510 code [0x000001f0dfb876e0, 0x000001f0dfb879d8]
Event: 6.453 Thread 0x000001f0ec556800 2965       4       java.util.ArrayList::<init> (61 bytes)
Event: 6.455 Thread 0x000001f0ec556800 nmethod 2965 0x000001f0dfb87d90 code [0x000001f0dfb87f40, 0x000001f0dfb880d8]
Event: 6.456 Thread 0x000001f0e997d000 2974       3       java.util.stream.AbstractPipeline::wrapSink (37 bytes)
Event: 6.457 Thread 0x000001f0e997d000 nmethod 2974 0x000001f0d8bb8010 code [0x000001f0d8bb8200, 0x000001f0d8bb85f8]
Event: 6.457 Thread 0x000001f0e997d000 2976       3       java.util.Spliterators$ArraySpliterator::estimateSize (11 bytes)
Event: 6.457 Thread 0x000001f0e997d000 nmethod 2976 0x000001f0d8bb8790 code [0x000001f0d8bb8940, 0x000001f0d8bb8a58]
Event: 6.457 Thread 0x000001f0e997d000 2975       3       java.util.stream.AbstractPipeline::copyInto (54 bytes)
Event: 6.457 Thread 0x000001f0e997d000 nmethod 2975 0x000001f0d8bb8b10 code [0x000001f0d8bb8d40, 0x000001f0d8bb9418]
Event: 6.458 Thread 0x000001f0ec556800 2977       4       java.lang.reflect.Modifier::isStatic (13 bytes)
Event: 6.458 Thread 0x000001f0ec556800 nmethod 2977 0x000001f0dfb88190 code [0x000001f0dfb88320, 0x000001f0dfb88378]
Event: 6.459 Thread 0x000001f0e997d000 2978       3       java.lang.reflect.ProxyGenerator::code_aload (11 bytes)
Event: 6.460 Thread 0x000001f0e997d000 nmethod 2978 0x000001f0d8bb9690 code [0x000001f0d8bb9840, 0x000001f0d8bb9988]
Event: 6.460 Thread 0x000001f0e997d000 2979       3       java.lang.reflect.ProxyGenerator$ConstantPool::getMethodRef (33 bytes)
Event: 6.460 Thread 0x000001f0ec556800 2980       4       java.util.HashMap::getNode (148 bytes)
Event: 6.461 Thread 0x000001f0e997d000 nmethod 2979 0x000001f0d8bb9a10 code [0x000001f0d8bb9ce0, 0x000001f0d8bba948]
Event: 6.461 Thread 0x000001f0e997d000 2982       3       java.io.DataOutputStream::writeInt (65 bytes)
Event: 6.461 Thread 0x000001f0e997d000 nmethod 2982 0x000001f0d8bbae90 code [0x000001f0d8bbb080, 0x000001f0d8bbb598]
Event: 6.462 Thread 0x000001f0e997d000 2983       3       java.lang.Class::getInterfaces (49 bytes)
Event: 6.462 Thread 0x000001f0e997d000 nmethod 2983 0x000001f0d8bbb790 code [0x000001f0d8bbb980, 0x000001f0d8bbbdd8]

GC Heap History (8 events):
Event: 3.012 GC heap before
{Heap before GC invocations=1 (full 0):
 PSYoungGen      total 29696K, used 25600K [0x00000000eab00000, 0x00000000ecc00000, 0x0000000100000000)
  eden space 25600K, 100% used [0x00000000eab00000,0x00000000ec400000,0x00000000ec400000)
  from space 4096K, 0% used [0x00000000ec800000,0x00000000ec800000,0x00000000ecc00000)
  to   space 4096K, 0% used [0x00000000ec400000,0x00000000ec400000,0x00000000ec800000)
 ParOldGen       total 68608K, used 0K [0x00000000c0000000, 0x00000000c4300000, 0x00000000eab00000)
  object space 68608K, 0% used [0x00000000c0000000,0x00000000c0000000,0x00000000c4300000)
 Metaspace       used 13271K, capacity 13502K, committed 13696K, reserved 1060864K
  class space    used 1216K, capacity 1287K, committed 1408K, reserved 1048576K
}
Event: 3.040 GC heap after
{Heap after GC invocations=1 (full 0):
 PSYoungGen      total 29696K, used 4095K [0x00000000eab00000, 0x00000000ecc00000, 0x0000000100000000)
  eden space 25600K, 0% used [0x00000000eab00000,0x00000000eab00000,0x00000000ec400000)
  from space 4096K, 99% used [0x00000000ec400000,0x00000000ec7fffb0,0x00000000ec800000)
  to   space 4096K, 0% used [0x00000000ec800000,0x00000000ec800000,0x00000000ecc00000)
 ParOldGen       total 68608K, used 627K [0x00000000c0000000, 0x00000000c4300000, 0x00000000eab00000)
  object space 68608K, 0% used [0x00000000c0000000,0x00000000c009cdb8,0x00000000c4300000)
 Metaspace       used 13271K, capacity 13502K, committed 13696K, reserved 1060864K
  class space    used 1216K, capacity 1287K, committed 1408K, reserved 1048576K
}
Event: 4.708 GC heap before
{Heap before GC invocations=2 (full 0):
 PSYoungGen      total 29696K, used 27861K [0x00000000eab00000, 0x00000000ecc00000, 0x0000000100000000)
  eden space 25600K, 92% used [0x00000000eab00000,0x00000000ec2355e0,0x00000000ec400000)
  from space 4096K, 99% used [0x00000000ec400000,0x00000000ec7fffb0,0x00000000ec800000)
  to   space 4096K, 0% used [0x00000000ec800000,0x00000000ec800000,0x00000000ecc00000)
 ParOldGen       total 68608K, used 627K [0x00000000c0000000, 0x00000000c4300000, 0x00000000eab00000)
  object space 68608K, 0% used [0x00000000c0000000,0x00000000c009cdb8,0x00000000c4300000)
 Metaspace       used 20221K, capacity 21153K, committed 21248K, reserved 1069056K
  class space    used 1891K, capacity 2241K, committed 2304K, reserved 1048576K
}
Event: 4.734 GC heap after
{Heap after GC invocations=2 (full 0):
 PSYoungGen      total 29696K, used 4076K [0x00000000eab00000, 0x00000000ecc00000, 0x0000000100000000)
  eden space 25600K, 0% used [0x00000000eab00000,0x00000000eab00000,0x00000000ec400000)
  from space 4096K, 99% used [0x00000000ec800000,0x00000000ecbfb398,0x00000000ecc00000)
  to   space 4096K, 0% used [0x00000000ec400000,0x00000000ec400000,0x00000000ec800000)
 ParOldGen       total 68608K, used 5456K [0x00000000c0000000, 0x00000000c4300000, 0x00000000eab00000)
  object space 68608K, 7% used [0x00000000c0000000,0x00000000c0554318,0x00000000c4300000)
 Metaspace       used 20221K, capacity 21153K, committed 21248K, reserved 1069056K
  class space    used 1891K, capacity 2241K, committed 2304K, reserved 1048576K
}
Event: 4.734 GC heap before
{Heap before GC invocations=3 (full 1):
 PSYoungGen      total 29696K, used 4076K [0x00000000eab00000, 0x00000000ecc00000, 0x0000000100000000)
  eden space 25600K, 0% used [0x00000000eab00000,0x00000000eab00000,0x00000000ec400000)
  from space 4096K, 99% used [0x00000000ec800000,0x00000000ecbfb398,0x00000000ecc00000)
  to   space 4096K, 0% used [0x00000000ec400000,0x00000000ec400000,0x00000000ec800000)
 ParOldGen       total 68608K, used 5456K [0x00000000c0000000, 0x00000000c4300000, 0x00000000eab00000)
  object space 68608K, 7% used [0x00000000c0000000,0x00000000c0554318,0x00000000c4300000)
 Metaspace       used 20221K, capacity 21153K, committed 21248K, reserved 1069056K
  class space    used 1891K, capacity 2241K, committed 2304K, reserved 1048576K
}
Event: 4.842 GC heap after
{Heap after GC invocations=3 (full 1):
 PSYoungGen      total 29696K, used 0K [0x00000000eab00000, 0x00000000ecc00000, 0x0000000100000000)
  eden space 25600K, 0% used [0x00000000eab00000,0x00000000eab00000,0x00000000ec400000)
  from space 4096K, 0% used [0x00000000ec800000,0x00000000ec800000,0x00000000ecc00000)
  to   space 4096K, 0% used [0x00000000ec400000,0x00000000ec400000,0x00000000ec800000)
 ParOldGen       total 68608K, used 9347K [0x00000000c0000000, 0x00000000c4300000, 0x00000000eab00000)
  object space 68608K, 13% used [0x00000000c0000000,0x00000000c0920ce8,0x00000000c4300000)
 Metaspace       used 20221K, capacity 21153K, committed 21248K, reserved 1069056K
  class space    used 1891K, capacity 2241K, committed 2304K, reserved 1048576K
}
Event: 5.697 GC heap before
{Heap before GC invocations=4 (full 1):
 PSYoungGen      total 29696K, used 25600K [0x00000000eab00000, 0x00000000ecc00000, 0x0000000100000000)
  eden space 25600K, 100% used [0x00000000eab00000,0x00000000ec400000,0x00000000ec400000)
  from space 4096K, 0% used [0x00000000ec800000,0x00000000ec800000,0x00000000ecc00000)
  to   space 4096K, 0% used [0x00000000ec400000,0x00000000ec400000,0x00000000ec800000)
 ParOldGen       total 68608K, used 9347K [0x00000000c0000000, 0x00000000c4300000, 0x00000000eab00000)
  object space 68608K, 13% used [0x00000000c0000000,0x00000000c0920ce8,0x00000000c4300000)
 Metaspace       used 26003K, capacity 27653K, committed 27904K, reserved 1075200K
  class space    used 2413K, capacity 2997K, committed 3072K, reserved 1048576K
}
Event: 5.703 GC heap after
{Heap after GC invocations=4 (full 1):
 PSYoungGen      total 29696K, used 2463K [0x00000000eab00000, 0x00000000ecc00000, 0x0000000100000000)
  eden space 25600K, 0% used [0x00000000eab00000,0x00000000eab00000,0x00000000ec400000)
  from space 4096K, 60% used [0x00000000ec400000,0x00000000ec667dd8,0x00000000ec800000)
  to   space 4096K, 0% used [0x00000000ec800000,0x00000000ec800000,0x00000000ecc00000)
 ParOldGen       total 68608K, used 9363K [0x00000000c0000000, 0x00000000c4300000, 0x00000000eab00000)
  object space 68608K, 13% used [0x00000000c0000000,0x00000000c0924d00,0x00000000c4300000)
 Metaspace       used 26003K, capacity 27653K, committed 27904K, reserved 1075200K
  class space    used 2413K, capacity 2997K, committed 3072K, reserved 1048576K
}

Deoptimization events (20 events):
Event: 6.290 Thread 0x000001f0cf89e800 Uncommon trap: trap_request=0xffffffc6 fr.pc=0x000001f0dfae4af8 relative=0x0000000000000758
Event: 6.290 Thread 0x000001f0cf89e800 Uncommon trap: reason=bimorphic_or_optimized_type_check action=maybe_recompile pc=0x000001f0dfae4af8 method=java.util.HashMap.putVal(ILjava/lang/Object;Ljava/lang/Object;ZZ)Ljava/lang/Object; @ 203 c2
Event: 6.290 Thread 0x000001f0cf89e800 DEOPT PACKING pc=0x000001f0dfae4af8 sp=0x0000001df58fbb30
Event: 6.290 Thread 0x000001f0cf89e800 DEOPT UNPACKING pc=0x000001f0d800a1af sp=0x0000001df58fba20 mode 2
Event: 6.299 Thread 0x000001f0cf89e800 Uncommon trap: trap_request=0xffffff4d fr.pc=0x000001f0dfaa6428 relative=0x0000000000000168
Event: 6.299 Thread 0x000001f0cf89e800 Uncommon trap: reason=unstable_if action=reinterpret pc=0x000001f0dfaa6428 method=java.util.HashMap.getNode(ILjava/lang/Object;)Ljava/util/HashMap$Node; @ 129 c2
Event: 6.299 Thread 0x000001f0cf89e800 DEOPT PACKING pc=0x000001f0dfaa6428 sp=0x0000001df58fbae0
Event: 6.299 Thread 0x000001f0cf89e800 DEOPT UNPACKING pc=0x000001f0d800a1af sp=0x0000001df58fba50 mode 2
Event: 6.299 Thread 0x000001f0cf89e800 Uncommon trap: trap_request=0xffffffc6 fr.pc=0x000001f0dfae4af8 relative=0x0000000000000758
Event: 6.299 Thread 0x000001f0cf89e800 Uncommon trap: reason=bimorphic_or_optimized_type_check action=maybe_recompile pc=0x000001f0dfae4af8 method=java.util.HashMap.putVal(ILjava/lang/Object;Ljava/lang/Object;ZZ)Ljava/lang/Object; @ 203 c2
Event: 6.299 Thread 0x000001f0cf89e800 DEOPT PACKING pc=0x000001f0dfae4af8 sp=0x0000001df58fbb30
Event: 6.299 Thread 0x000001f0cf89e800 DEOPT UNPACKING pc=0x000001f0d800a1af sp=0x0000001df58fba20 mode 2
Event: 6.311 Thread 0x000001f0cf89e800 Uncommon trap: trap_request=0xffffffc6 fr.pc=0x000001f0dfae4af8 relative=0x0000000000000758
Event: 6.311 Thread 0x000001f0cf89e800 Uncommon trap: reason=bimorphic_or_optimized_type_check action=maybe_recompile pc=0x000001f0dfae4af8 method=java.util.HashMap.putVal(ILjava/lang/Object;Ljava/lang/Object;ZZ)Ljava/lang/Object; @ 203 c2
Event: 6.311 Thread 0x000001f0cf89e800 DEOPT PACKING pc=0x000001f0dfae4af8 sp=0x0000001df58fba00
Event: 6.312 Thread 0x000001f0cf89e800 DEOPT UNPACKING pc=0x000001f0d800a1af sp=0x0000001df58fb8f0 mode 2
Event: 6.342 Thread 0x000001f0cf89e800 Uncommon trap: trap_request=0xffffffc6 fr.pc=0x000001f0dfae4af8 relative=0x0000000000000758
Event: 6.342 Thread 0x000001f0cf89e800 Uncommon trap: reason=bimorphic_or_optimized_type_check action=maybe_recompile pc=0x000001f0dfae4af8 method=java.util.HashMap.putVal(ILjava/lang/Object;Ljava/lang/Object;ZZ)Ljava/lang/Object; @ 203 c2
Event: 6.342 Thread 0x000001f0cf89e800 DEOPT PACKING pc=0x000001f0dfae4af8 sp=0x0000001df58fbb50
Event: 6.342 Thread 0x000001f0cf89e800 DEOPT UNPACKING pc=0x000001f0d800a1af sp=0x0000001df58fba40 mode 2

Classes redefined (0 events):
No events

Internal exceptions (20 events):
Event: 3.180 Thread 0x000001f0eb324800 Exception <a 'java/lang/NoSuchMethodError'{0x00000000eae284d8}: 'java.lang.Object java.lang.invoke.DirectMethodHandle$Holder.invokeStatic(java.lang.Object, java.lang.Object, java.lang.Object, java.lang.Object, java.lang.Object, java.lang.Object, java.lang.Object, java.lang.Object, java.lang.Object, java.lang.Object, java.lang.Object, java.lang.Object, java.lang.Object, java.lang.Object, java.lang.Object)'> (0x00000000eae284d8) thrown at [./src/hotspot/share/interpreter/linkResolver.cpp, line 773]
Event: 3.182 Thread 0x000001f0eb324800 Exception <a 'java/lang/NoSuchMethodError'{0x00000000eae36790}: 'java.lang.Object java.lang.invoke.DirectMethodHandle$Holder.invokeStatic(java.lang.Object, java.lang.Object, java.lang.Object, java.lang.Object, java.lang.Object, java.lang.Object, java.lang.Object, java.lang.Object, java.lang.Object, java.lang.Object, java.lang.Object, java.lang.Object, java.lang.Object, java.lang.Object, java.lang.Object, java.lang.Object)'> (0x00000000eae36790) thrown at [./src/hotspot/share/interpreter/linkResolver.cpp, l
Event: 3.184 Thread 0x000001f0eb324800 Exception <a 'java/lang/NoSuchMethodError'{0x00000000eae446a8}: 'java.lang.Object java.lang.invoke.DirectMethodHandle$Holder.invokeSpecial(java.lang.Object, java.lang.Object, int, int, java.lang.Object, java.lang.Object, java.lang.Object)'> (0x00000000eae446a8) thrown at [./src/hotspot/share/interpreter/linkResolver.cpp, line 773]
Event: 3.184 Thread 0x000001f0eb324800 Exception <a 'java/lang/NoSuchMethodError'{0x00000000eae47c38}: 'java.lang.Object java.lang.invoke.DelegatingMethodHandle$Holder.reinvoke_L(java.lang.Object, int, int, java.lang.Object, java.lang.Object, java.lang.Object)'> (0x00000000eae47c38) thrown at [./src/hotspot/share/interpreter/linkResolver.cpp, line 773]
Event: 4.207 Thread 0x000001f0eb324800 Exception <a 'java/io/FileNotFoundException'{0x00000000ebb6faa0}> (0x00000000ebb6faa0) thrown at [./src/hotspot/share/prims/jni.cpp, line 615]
Event: 4.569 Thread 0x000001f0eb324800 Exception <a 'java/lang/NoSuchMethodError'{0x00000000ec00a150}: 'void java.lang.invoke.DirectMethodHandle$Holder.invokeSpecial(java.lang.Object, java.lang.Object, java.lang.Object, java.lang.Object)'> (0x00000000ec00a150) thrown at [./src/hotspot/share/interpreter/linkResolver.cpp, line 773]
Event: 4.582 Thread 0x000001f0eb324800 Exception <a 'java/io/FileNotFoundException'{0x00000000ec035ba8}> (0x00000000ec035ba8) thrown at [./src/hotspot/share/prims/jni.cpp, line 615]
Event: 4.911 Thread 0x000001f0eb324800 Exception <a 'java/lang/NoSuchMethodError'{0x00000000eac479c8}: 'int java.lang.invoke.DirectMethodHandle$Holder.invokeStaticInit(java.lang.Object, java.lang.Object, java.lang.Object)'> (0x00000000eac479c8) thrown at [./src/hotspot/share/interpreter/linkResolver.cpp, line 773]
Event: 4.934 Thread 0x000001f0eb324800 Exception <a 'java/lang/IncompatibleClassChangeError'{0x00000000eac8fbc8}: Found class java.lang.Object, but interface was expected> (0x00000000eac8fbc8) thrown at [./src/hotspot/share/interpreter/linkResolver.cpp, line 839]
Event: 5.242 Thread 0x000001f0eb324800 Exception <a 'java/lang/ClassNotFoundException'{0x00000000ebc1a940}: com/sun/org/apache/xerces/internal/impl/msg/spi/DOMMessagesProvider> (0x00000000ebc1a940) thrown at [./src/hotspot/share/classfile/systemDictionary.cpp, line 231]
Event: 5.248 Thread 0x000001f0eb324800 Exception <a 'java/lang/ClassNotFoundException'{0x00000000ebc39ff8}: com/sun/org/apache/xerces/internal/impl/msg/spi/XMLSerializerMessagesProvider> (0x00000000ebc39ff8) thrown at [./src/hotspot/share/classfile/systemDictionary.cpp, line 231]
Event: 5.250 Thread 0x000001f0eb324800 Exception <a 'java/lang/ClassNotFoundException'{0x00000000ebc4e3d8}: com/sun/org/apache/xerces/internal/impl/msg/spi/XMLMessagesProvider> (0x00000000ebc4e3d8) thrown at [./src/hotspot/share/classfile/systemDictionary.cpp, line 231]
Event: 5.373 Thread 0x000001f0eb324800 Exception <a 'java/lang/ClassNotFoundException'{0x00000000ebedc900}: com/sun/org/apache/xml/internal/serializer/spi/XMLEntitiesProvider> (0x00000000ebedc900) thrown at [./src/hotspot/share/classfile/systemDictionary.cpp, line 231]
Event: 5.808 Thread 0x000001f0eb324800 Exception <a 'java/lang/NoSuchMethodError'{0x00000000eaeef110}: 'void java.lang.invoke.DirectMethodHandle$Holder.invokeSpecial(java.lang.Object, java.lang.Object, java.lang.Object, int)'> (0x00000000eaeef110) thrown at [./src/hotspot/share/interpreter/linkResolver.cpp, line 773]
Event: 5.907 Thread 0x000001f0eb324800 Exception <a 'java/lang/NoSuchMethodError'{0x00000000eb0bb4c0}: <clinit>> (0x00000000eb0bb4c0) thrown at [./src/hotspot/share/prims/jni.cpp, line 1365]
Event: 5.914 Thread 0x000001f0eb324800 Exception <a 'java/lang/NoSuchMethodError'{0x00000000eb0e6180}: <clinit>> (0x00000000eb0e6180) thrown at [./src/hotspot/share/prims/jni.cpp, line 1365]
Event: 6.014 Thread 0x000001f0eb324800 Exception <a 'java/io/FileNotFoundException'{0x00000000eb31f8c0}> (0x00000000eb31f8c0) thrown at [./src/hotspot/share/prims/jni.cpp, line 615]
Event: 6.031 Thread 0x000001f0eb324800 Exception <a 'java/io/FileNotFoundException'{0x00000000eb34d820}> (0x00000000eb34d820) thrown at [./src/hotspot/share/prims/jni.cpp, line 615]
Event: 6.044 Thread 0x000001f0eb324800 Exception <a 'java/io/FileNotFoundException'{0x00000000eb37fa00}> (0x00000000eb37fa00) thrown at [./src/hotspot/share/prims/jni.cpp, line 615]
Event: 6.196 Thread 0x000001f0eb324800 Implicit null exception at 0x000001f0dfb57282 to 0x000001f0dfb5809c

Events (20 events):
Event: 6.444 loading class org/eclipse/lsp4j/jsonrpc/services/GenericEndpoint
Event: 6.444 loading class org/eclipse/lsp4j/jsonrpc/services/GenericEndpoint done
Event: 6.450 loading class org/eclipse/lsp4j/jsonrpc/services/GenericEndpoint
Event: 6.450 loading class org/eclipse/lsp4j/jsonrpc/services/GenericEndpoint done
Event: 6.453 loading class org/eclipse/lsp4j/jsonrpc/messages/ResponseError
Event: 6.453 loading class org/eclipse/lsp4j/jsonrpc/messages/ResponseError done
Event: 6.454 loading class org/eclipse/lsp4j/jsonrpc/messages/ResponseError
Event: 6.454 loading class org/eclipse/lsp4j/jsonrpc/messages/ResponseError done
Event: 6.455 Executing VM operation: Deoptimize
Event: 6.455 Executing VM operation: Deoptimize done
Event: 6.455 loading class org/eclipse/lsp4j/jsonrpc/services/AnnotationUtil$MethodInfo
Event: 6.455 loading class org/eclipse/lsp4j/jsonrpc/services/AnnotationUtil$MethodInfo done
Event: 6.455 loading class org/eclipse/lsp4j/jsonrpc/services/AnnotationUtil$MethodInfo
Event: 6.455 loading class org/eclipse/lsp4j/jsonrpc/services/AnnotationUtil$MethodInfo done
Event: 6.455 loading class org/eclipse/lsp4j/jsonrpc/services/EndpointProxy
Event: 6.455 loading class org/eclipse/lsp4j/jsonrpc/services/EndpointProxy done
Event: 6.457 loading class org/eclipse/lsp4j/jsonrpc/Endpoint
Event: 6.457 loading class org/eclipse/lsp4j/jsonrpc/Endpoint done
Event: 6.457 loading class org/eclipse/lsp4j/jsonrpc/services/EndpointProxy
Event: 6.457 loading class org/eclipse/lsp4j/jsonrpc/services/EndpointProxy done


Dynamic libraries:
0x00007ff734760000 - 0x00007ff73476d000 	C:\Program Files\Eclipse Foundation\jdk-11.0.12.7-hotspot\bin\java.exe
0x00007ffb52810000 - 0x00007ffb52a04000 	C:\WINDOWS\SYSTEM32\ntdll.dll
0x00007ffb51cc0000 - 0x00007ffb51d7d000 	C:\WINDOWS\System32\KERNEL32.DLL
0x00007ffb503a0000 - 0x00007ffb50667000 	C:\WINDOWS\System32\KERNELBASE.dll
0x00007ffb50770000 - 0x00007ffb50870000 	C:\WINDOWS\System32\ucrtbase.dll
0x00007ffb252f0000 - 0x00007ffb25307000 	C:\Program Files\Eclipse Foundation\jdk-11.0.12.7-hotspot\bin\jli.dll
0x00007ffb23410000 - 0x00007ffb23425000 	C:\Program Files\Eclipse Foundation\jdk-11.0.12.7-hotspot\bin\VCRUNTIME140.dll
0x00007ffb50a30000 - 0x00007ffb50bd0000 	C:\WINDOWS\System32\USER32.dll
0x00007ffb50160000 - 0x00007ffb50182000 	C:\WINDOWS\System32\win32u.dll
0x00007ffb517c0000 - 0x00007ffb517ea000 	C:\WINDOWS\System32\GDI32.dll
0x00007ffb3f150000 - 0x00007ffb3f3ea000 	C:\WINDOWS\WinSxS\amd64_microsoft.windows.common-controls_6595b64144ccf1df_6.0.19041.1_none_b555e41d4684ddec\COMCTL32.dll
0x00007ffb501e0000 - 0x00007ffb502ea000 	C:\WINDOWS\System32\gdi32full.dll
0x00007ffb50670000 - 0x00007ffb5070d000 	C:\WINDOWS\System32\msvcp_win.dll
0x00007ffb50d30000 - 0x00007ffb50dce000 	C:\WINDOWS\System32\msvcrt.dll
0x00007ffb51ae0000 - 0x00007ffb51b10000 	C:\WINDOWS\System32\IMM32.DLL
0x00007ffb09680000 - 0x00007ffb0971b000 	C:\Program Files\Eclipse Foundation\jdk-11.0.12.7-hotspot\bin\msvcp140.dll
0x00007ffb02100000 - 0x00007ffb02c59000 	C:\Program Files\Eclipse Foundation\jdk-11.0.12.7-hotspot\bin\server\jvm.dll
0x00007ffb51860000 - 0x00007ffb5190a000 	C:\WINDOWS\System32\ADVAPI32.dll
0x00007ffb51e10000 - 0x00007ffb51eab000 	C:\WINDOWS\System32\sechost.dll
0x00007ffb51b10000 - 0x00007ffb51c33000 	C:\WINDOWS\System32\RPCRT4.dll
0x00007ffb51eb0000 - 0x00007ffb51eb8000 	C:\WINDOWS\System32\PSAPI.DLL
0x00007ffb48c50000 - 0x00007ffb48c59000 	C:\WINDOWS\SYSTEM32\WSOCK32.dll
0x00007ffb40d60000 - 0x00007ffb40d87000 	C:\WINDOWS\SYSTEM32\WINMM.dll
0x00007ffb517f0000 - 0x00007ffb5185b000 	C:\WINDOWS\System32\WS2_32.dll
0x00007ffb47770000 - 0x00007ffb4777a000 	C:\WINDOWS\SYSTEM32\VERSION.dll
0x00007ffb4e850000 - 0x00007ffb4e863000 	C:\WINDOWS\SYSTEM32\kernel.appcore.dll
0x00007ffb40de0000 - 0x00007ffb40df0000 	C:\Program Files\Eclipse Foundation\jdk-11.0.12.7-hotspot\bin\verify.dll
0x00007ffb4e580000 - 0x00007ffb4e764000 	C:\WINDOWS\SYSTEM32\DBGHELP.DLL
0x00007ffb490f0000 - 0x00007ffb4911c000 	C:\WINDOWS\SYSTEM32\dbgcore.DLL
0x00007ffb500e0000 - 0x00007ffb5015f000 	C:\WINDOWS\System32\bcryptPrimitives.dll
0x00007ffb1b8a0000 - 0x00007ffb1b8c8000 	C:\Program Files\Eclipse Foundation\jdk-11.0.12.7-hotspot\bin\java.dll
0x00007ffb3f5f0000 - 0x00007ffb3f5fa000 	C:\Program Files\Eclipse Foundation\jdk-11.0.12.7-hotspot\bin\jimage.dll
0x00007ffb20c40000 - 0x00007ffb20c57000 	C:\Program Files\Eclipse Foundation\jdk-11.0.12.7-hotspot\bin\zip.dll
0x00007ffb51ec0000 - 0x00007ffb525f1000 	C:\WINDOWS\System32\SHELL32.dll
0x00007ffb4dd30000 - 0x00007ffb4e4ba000 	C:\WINDOWS\SYSTEM32\windows.storage.dll
0x00007ffb51450000 - 0x00007ffb517a4000 	C:\WINDOWS\System32\combase.dll
0x00007ffb4f9d0000 - 0x00007ffb4f9fb000 	C:\WINDOWS\SYSTEM32\Wldp.dll
0x00007ffb52600000 - 0x00007ffb526ae000 	C:\WINDOWS\System32\SHCORE.dll
0x00007ffb51970000 - 0x00007ffb519c5000 	C:\WINDOWS\System32\shlwapi.dll
0x00007ffb4fe90000 - 0x00007ffb4feaf000 	C:\WINDOWS\SYSTEM32\profapi.dll
0x00007ffb21180000 - 0x00007ffb21199000 	C:\Program Files\Eclipse Foundation\jdk-11.0.12.7-hotspot\bin\net.dll
0x00007ffb3fe80000 - 0x00007ffb3ff82000 	C:\WINDOWS\SYSTEM32\WINHTTP.dll
0x00007ffb4f750000 - 0x00007ffb4f7ba000 	C:\WINDOWS\system32\mswsock.dll
0x00007ffb1eb60000 - 0x00007ffb1eb72000 	C:\Program Files\Eclipse Foundation\jdk-11.0.12.7-hotspot\bin\nio.dll
0x00007ffb4f920000 - 0x00007ffb4f938000 	C:\WINDOWS\SYSTEM32\CRYPTSP.dll
0x00007ffb4f070000 - 0x00007ffb4f0a4000 	C:\WINDOWS\system32\rsaenh.dll
0x00007ffb500b0000 - 0x00007ffb500d7000 	C:\WINDOWS\System32\bcrypt.dll
0x00007ffb4fe10000 - 0x00007ffb4fe3e000 	C:\WINDOWS\SYSTEM32\USERENV.dll
0x00007ffb4f940000 - 0x00007ffb4f94c000 	C:\WINDOWS\SYSTEM32\CRYPTBASE.dll
0x00007ffb4f3f0000 - 0x00007ffb4f42b000 	C:\WINDOWS\SYSTEM32\IPHLPAPI.DLL
0x00007ffb50bd0000 - 0x00007ffb50bd9000 	C:\WINDOWS\System32\NSI.dll
0x00007ffb41e00000 - 0x00007ffb41e17000 	C:\WINDOWS\SYSTEM32\dhcpcsvc6.DLL
0x00007ffb421d0000 - 0x00007ffb421ed000 	C:\WINDOWS\SYSTEM32\dhcpcsvc.DLL
0x00007ffb4f440000 - 0x00007ffb4f50a000 	C:\WINDOWS\SYSTEM32\DNSAPI.dll
0x00007ffb181c0000 - 0x00007ffb181fe000 	C:\Users\User\AppData\Roaming\Code\User\globalStorage\redhat.java\0.82.0\config_win\org.eclipse.equinox.launcher\org.eclipse.equinox.launcher.win32.win32.x86_64_1.2.300.v20210828-0802\eclipse_11506.dll
0x00007ffb50c00000 - 0x00007ffb50d2b000 	C:\WINDOWS\System32\ole32.dll
0x00007ffb1c3c0000 - 0x00007ffb1c3d1000 	C:\Users\User\AppData\Roaming\Code\User\globalStorage\redhat.java\0.82.0\config_win\org.eclipse.osgi\22\0\.cp\jWinHttp-1.0.0.dll

dbghelp: loaded successfully - version: 4.0.5 - missing functions: none
symbol engine: initialized successfully - sym options: 0x614 - pdb path: .;C:\Program Files\Eclipse Foundation\jdk-11.0.12.7-hotspot\bin;C:\WINDOWS\SYSTEM32;C:\WINDOWS\WinSxS\amd64_microsoft.windows.common-controls_6595b64144ccf1df_6.0.19041.1_none_b555e41d4684ddec;C:\Program Files\Eclipse Foundation\jdk-11.0.12.7-hotspot\bin\server;C:\Users\User\AppData\Roaming\Code\User\globalStorage\redhat.java\0.82.0\config_win\org.eclipse.equinox.launcher\org.eclipse.equinox.launcher.win32.win32.x86_64_1.2.300.v20210828-0802;C:\Users\User\AppData\Roaming\Code\User\globalStorage\redhat.java\0.82.0\config_win\org.eclipse.osgi\22\0\.cp

VM Arguments:
jvm_args: --add-modules=ALL-SYSTEM --add-opens=java.base/java.util=ALL-UNNAMED --add-opens=java.base/java.lang=ALL-UNNAMED -Declipse.application=org.eclipse.jdt.ls.core.id1 -Dosgi.bundles.defaultStartLevel=4 -Declipse.product=org.eclipse.jdt.ls.core.product -Dfile.encoding=utf8 -DwatchParentProcess=false -XX:+UseParallelGC -XX:GCTimeRatio=4 -XX:AdaptiveSizePolicyWeight=90 -Dsun.zip.disableMemoryMapping=true -Xmx1G -Xms100m -Xverify:none 
java_command: c:\Users\User\.vscode\extensions\redhat.java-0.82.0\server\plugins\org.eclipse.equinox.launcher_1.6.300.v20210813-1054.jar -configuration c:\Users\User\AppData\Roaming\Code\User\globalStorage\redhat.java\0.82.0\config_win -data c:\Users\User\AppData\Roaming\Code\User\workspaceStorage\c3096344b3a4e59383c1365647bf3051\redhat.java\jdt_ws
java_class_path (initial): c:\Users\User\.vscode\extensions\redhat.java-0.82.0\server\plugins\org.eclipse.equinox.launcher_1.6.300.v20210813-1054.jar
Launcher Type: SUN_STANDARD

[Global flags]
    uintx AdaptiveSizePolicyWeight                 = 90                                        {product} {command line}
     bool BytecodeVerificationLocal                = false                                     {product} {command line}
     bool BytecodeVerificationRemote               = false                                     {product} {command line}
     intx CICompilerCount                          = 3                                         {product} {ergonomic}
    uintx GCTimeRatio                              = 4                                         {product} {command line}
   size_t InitialHeapSize                          = 104857600                                 {product} {command line}
   size_t MaxHeapSize                              = 1073741824                                {product} {command line}
   size_t MaxNewSize                               = 357564416                                 {product} {ergonomic}
   size_t MinHeapDeltaBytes                        = 524288                                    {product} {ergonomic}
   size_t NewSize                                  = 34603008                                  {product} {ergonomic}
    uintx NonNMethodCodeHeapSize                   = 5830732                                {pd product} {ergonomic}
    uintx NonProfiledCodeHeapSize                  = 122913754                              {pd product} {ergonomic}
   size_t OldSize                                  = 70254592                                  {product} {ergonomic}
    uintx ProfiledCodeHeapSize                     = 122913754                              {pd product} {ergonomic}
    uintx ReservedCodeCacheSize                    = 251658240                              {pd product} {ergonomic}
     bool SegmentedCodeCache                       = true                                      {product} {ergonomic}
     bool UseCompressedClassPointers               = true                                 {lp64_product} {ergonomic}
     bool UseCompressedOops                        = true                                 {lp64_product} {ergonomic}
     bool UseLargePagesIndividualAllocation        = false                                  {pd product} {ergonomic}
     bool UseParallelGC                            = true                                      {product} {command line}

Logging:
Log output configuration:
 #0: stdout all=warning uptime,level,tags
 #1: stderr all=off uptime,level,tags

Environment Variables:
JAVA_HOME=C:\Program Files\Eclipse Foundation\jdk-11.0.12.7-hotspot
PATH=C:\Program Files\Eclipse Foundation\jdk-11.0.12.7-hotspot\bin;C:\ProgramData\Oracle\Java\javapath;C:\Program Files\Rockwell Software\RSCommon;C:\Program Files\ImageMagick-7.0.10-Q16-HDRI;C:\Program Files (x86)\Intel\TXE Components\TCS\;C:\Program Files\Intel\TXE Components\TCS\;C:\Windows\system32;C:\Windows;C:\Windows\System32\Wbem;C:\Windows\System32\WindowsPowerShell\v1.0\;C:\Program Files (x86)\NVIDIA Corporation\PhysX\Common;C:\Program Files\Microsoft SQL Server\130\Tools\Binn\;C:\Program Files\dotnet\;C:\Program Files\MiKTeX 2.9\miktex\bin\x64\;C:\WINDOWS\system32;C:\WINDOWS;C:\WINDOWS\System32\Wbem;C:\WINDOWS\System32\WindowsPowerShell\v1.0\;C:\WINDOWS\System32\OpenSSH\;C:\Program Files\MATLAB\R2018a\runtime\win64;C:\Program Files\MATLAB\R2018a\bin;C:\Program Files\nodejs\;C:\ProgramData\chocolatey\bin;C:\Program Files\Microsoft SQL Server\Client SDK\ODBC\130\Tools\Binn\;C:\Program Files (x86)\Microsoft SQL Server\140\Tools\Binn\;C:\Program Files\Microsoft SQL Server\140\Tools\Binn\;C:\Program Files\Microsoft SQL Server\140\DTS\Binn\;C:\Program Files (x86)\Microsoft SQL Server\150\DTS\Binn\;C:\Program Files\Git\cmd;C:\apache-maven-3.8.3\bin;C:\Program Files\Eclipse Foundation\jdk-11.0.12.7-hotspot\bin;C:\Program Files\MySQL\MySQL Shell 8.0\bin\;C:\Users\User\AppData\Local\Microsoft\WindowsApps;C:\Users\User\AppData\Local\atom\bin;C:\Users\User\AppData\Roaming\npm;C:\Users\User\AppData\Local\Microsoft\WindowsApps;C:\Users\User\AppData\Local\Programs\Microsoft VS Code\bin;C:\Program Files\Python36;C:\Program Files\Python36\Scripts;
USERNAME=User
OS=Windows_NT
PROCESSOR_IDENTIFIER=Intel64 Family 6 Model 142 Stepping 9, GenuineIntel



---------------  S Y S T E M  ---------------

OS: Windows 10 , 64 bit Build 19041 (10.0.19041.1)
OS uptime: 7 days 1:28 hours

CPU:total 4 (initial active 4) (2 cores per cpu, 2 threads per core) family 6 model 142 stepping 9 microcode 0xb4, cmov, cx8, fxsr, mmx, sse, sse2, sse3, ssse3, sse4.1, sse4.2, popcnt, avx, avx2, aes, clmul, erms, 3dnowpref, lzcnt, ht, tsc, tscinvbit, bmi1, bmi2, adx, fma

Memory: 4k page, system-wide physical 8073M (1402M free)
TotalPageFile size 8073M (AvailPageFile size 10M)
current process WorkingSet (physical memory assigned to process): 200M, peak: 200M
current process commit charge ("private bytes"): 301M, peak: 302M

vm_info: OpenJDK 64-Bit Server VM (11.0.12+7) for windows-amd64 JRE (11.0.12+7), built on Jul 21 2021 16:23:49 by "" with unknown MS VC++:1916

END.
