#
# There is insufficient memory for the Java Runtime Environment to continue.
# Native memory allocation (malloc) failed to allocate 172976 bytes for Chunk::new
# Possible reasons:
#   The system is out of physical RAM or swap space
#   The process is running with CompressedOops enabled, and the Java Heap may be blocking the growth of the native heap
# Possible solutions:
#   Reduce memory load on the system
#   Increase physical memory or swap space
#   Check if swap backing store is full
#   Decrease Java heap size (-Xmx/-Xms)
#   Decrease number of Java threads
#   Decrease Java thread stack sizes (-Xss)
#   Set larger code cache with -XX:ReservedCodeCacheSize=
#   JVM is running with Unscaled Compressed Oops mode in which the Java heap is
#     placed in the first 4GB address space. The Java Heap base address is the
#     maximum limit for the native heap growth. Please use -XX:HeapBaseMinAddress
#     to set the Java Heap base and to place the Java Heap above 4GB virtual address.
# This output file may be truncated or incomplete.
#
#  Out of Memory Error (./src/hotspot/share/memory/arena.cpp:197), pid=14916, tid=504
#
# JRE version: OpenJDK Runtime Environment Temurin-11.0.12+7 (11.0.12+7) (build 11.0.12+7)
# Java VM: OpenJDK 64-Bit Server VM Temurin-11.0.12+7 (11.0.12+7, mixed mode, tiered, compressed oops, parallel gc, windows-amd64)
# No core dump will be written. Minidumps are not enabled by default on client versions of Windows
#

---------------  S U M M A R Y ------------

Command Line: --add-modules=ALL-SYSTEM --add-opens=java.base/java.util=ALL-UNNAMED --add-opens=java.base/java.lang=ALL-UNNAMED -Declipse.application=org.eclipse.jdt.ls.core.id1 -Dosgi.bundles.defaultStartLevel=4 -Declipse.product=org.eclipse.jdt.ls.core.product -Dfile.encoding=utf8 -DwatchParentProcess=false -XX:+UseParallelGC -XX:GCTimeRatio=4 -XX:AdaptiveSizePolicyWeight=90 -Dsun.zip.disableMemoryMapping=true -Xmx1G -Xms100m -Xverify:none c:\Users\User\.vscode\extensions\redhat.java-0.82.0\server\plugins\org.eclipse.equinox.launcher_1.6.300.v20210813-1054.jar -configuration c:\Users\User\AppData\Roaming\Code\User\globalStorage\redhat.java\0.82.0\config_ss_win -data c:\Users\User\AppData\Roaming\Code\User\workspaceStorage\c3096344b3a4e59383c1365647bf3051\redhat.java\ss_ws

Host: Intel(R) Core(TM) i5-7200U CPU @ 2.50GHz, 4 cores, 7G,  Windows 10 , 64 bit Build 19041 (10.0.19041.1)
Time: Sat Oct 16 16:31:10 2021 Hora est. Pacífico, Sudamérica elapsed time: 4.178458 seconds (0d 0h 0m 4s)

---------------  T H R E A D  ---------------

Current thread (0x00000236212a7800):  JavaThread "C2 CompilerThread1" daemon [_thread_in_native, id=504, stack(0x000000a639f00000,0x000000a63a000000)]


Current CompileTask:
C2:   4178 2280       4       java.io.DataOutputStream::writeUTF (435 bytes)

Stack: [0x000000a639f00000,0x000000a63a000000]
Native frames: (J=compiled Java code, j=interpreted, Vv=VM code, C=native code)
V  [jvm.dll+0x601d0a]
V  [jvm.dll+0x78ab6e]
V  [jvm.dll+0x78c23f]
V  [jvm.dll+0x78c903]
V  [jvm.dll+0x24be68]
V  [jvm.dll+0xc219c]
V  [jvm.dll+0xc275c]
V  [jvm.dll+0x2bde24]
V  [jvm.dll+0x512bd9]
V  [jvm.dll+0x206c2e]
V  [jvm.dll+0x2045da]
V  [jvm.dll+0x1898fc]
V  [jvm.dll+0x213d67]
V  [jvm.dll+0x211f2b]
V  [jvm.dll+0x74ec19]
V  [jvm.dll+0x747c84]
V  [jvm.dll+0x600ba6]
C  [ucrtbase.dll+0x21542]
C  [KERNEL32.DLL+0x16fd4]
C  [ntdll.dll+0x4cf31]


---------------  P R O C E S S  ---------------

Threads class SMR info:
_java_thread_list=0x00000236214ef4b0, length=21, elements={
0x0000023602daa800, 0x000002361edb0800, 0x000002361edb1800, 0x000002361ffa2800,
0x000002361edd1000, 0x000002361edd3000, 0x000002361edd5800, 0x000002361edd6800,
0x000002361edda000, 0x00000236200c6000, 0x0000023620702000, 0x0000023620722000,
0x00000236205ea800, 0x0000023620a30000, 0x00000236210cc800, 0x000002362090e800,
0x00000236204fb000, 0x0000023621220000, 0x00000236212b2000, 0x00000236212a7800,
0x0000023621511000
}

Java Threads: ( => current thread )
  0x0000023602daa800 JavaThread "main" [_thread_blocked, id=15768, stack(0x000000a638600000,0x000000a638700000)]
  0x000002361edb0800 
[error occurred during error reporting (printing all threads), id 0xc0000005, EXCEPTION_ACCESS_VIOLATION (0xc0000005) at pc=0x00007ffb022a2da0]

VM state:at safepoint (normal execution)

VM Mutex/Monitor currently owned by a thread:  ([mutex/lock_event])
[0x0000023602da8a60] Threads_lock - owner thread: 0x000002361ece7800
[0x0000023602da85e0] Heap_lock - owner thread: 0x0000023621511000

Heap address: 0x00000000c0000000, size: 1024 MB, Compressed Oops mode: 32-bit
Narrow klass base: 0x0000000000000000, Narrow klass shift: 3
Compressed class space size: 1073741824 Address: 0x0000000100000000

Heap:
 PSYoungGen      total 29696K, used 2680K [0x00000000eab00000, 0x00000000ecc00000, 0x0000000100000000)
  eden space 25600K, 0% used [0x00000000eab00000,0x00000000eab00000,0x00000000ec400000)
  from space 4096K, 65% used [0x00000000ec800000,0x00000000eca9e180,0x00000000ecc00000)
  to   space 4096K, 0% used [0x00000000ec400000,0x00000000ec400000,0x00000000ec800000)
 ParOldGen       total 68608K, used 5698K [0x00000000c0000000, 0x00000000c4300000, 0x00000000eab00000)
  object space 68608K, 8% used [0x00000000c0000000,0x00000000c0590b18,0x00000000c4300000)
 Metaspace       used 27247K, capacity 28848K, committed 28928K, reserved 1083392K
  class space    used 2610K, capacity 3248K, committed 3328K, reserved 1048576K

Card table byte_map: [0x000002361be90000,0x000002361c0a0000] _byte_map_base: 0x000002361b890000

Marking Bits: (ParMarkBitMap*) 0x00007ffb02b9bcf0
 Begin Bits: [0x000002361c200000, 0x000002361d200000)
 End Bits:   [0x000002361d200000, 0x000002361e200000)

Polling page: 0x0000023602e90000

Metaspace:

Usage:
  Non-class:     25.00 MB capacity,    24.06 MB ( 96%) used,   904.24 KB (  4%) free+waste,    58.75 KB ( <1%) overhead. 
      Class:      3.17 MB capacity,     2.55 MB ( 80%) used,   607.65 KB ( 19%) free+waste,    29.50 KB ( <1%) overhead. 
       Both:     28.17 MB capacity,    26.61 MB ( 94%) used,     1.48 MB (  5%) free+waste,    88.25 KB ( <1%) overhead. 

Virtual space:
  Non-class space:       34.00 MB reserved,      25.00 MB ( 74%) committed 
      Class space:        1.00 GB reserved,       3.25 MB ( <1%) committed 
             Both:        1.03 GB reserved,      28.25 MB (  3%) committed 

Chunk freelists:
   Non-Class:  0 bytes
       Class:  16.00 KB
        Both:  16.00 KB

MaxMetaspaceSize: 17179869184.00 GB
CompressedClassSpaceSize: 1.00 GB
Initial GC threshold: 20.80 MB
Current GC threshold: 34.59 MB
CDS: off

CodeHeap 'non-profiled nmethods': size=120064Kb used=809Kb max_used=809Kb free=119254Kb
 bounds [0x0000023614760000, 0x00000236149d0000, 0x000002361bca0000]
CodeHeap 'profiled nmethods': size=120000Kb used=4559Kb max_used=4559Kb free=115440Kb
 bounds [0x000002360d230000, 0x000002360d6b0000, 0x0000023614760000]
CodeHeap 'non-nmethods': size=5696Kb used=1235Kb max_used=1248Kb free=4460Kb
 bounds [0x000002360cca0000, 0x000002360cf10000, 0x000002360d230000]
 total_blobs=2792 nmethods=2283 adapters=423
 compilation: enabled
              stopped_count=0, restarted_count=0
 full_count=0

Compilation events (20 events):
Event: 4.147 Thread 0x00000236212a7800 nmethod 2268 0x0000023614829390 code [0x0000023614829540, 0x0000023614829ab8]
Event: 4.149 Thread 0x000002361edd6800 2274       3       org.eclipse.osgi.framework.util.CaseInsensitiveDictionaryMap::computeHashCode (76 bytes)
Event: 4.151 Thread 0x000002361edd6800 nmethod 2274 0x000002360d69e210 code [0x000002360d69e480, 0x000002360d69eef8]
Event: 4.160 Thread 0x000002361edd6800 2275       3       java.lang.reflect.Method::getParameterTypes (11 bytes)
Event: 4.160 Thread 0x000002361edd6800 nmethod 2275 0x000002360d69f290 code [0x000002360d69f460, 0x000002360d69f708]
Event: 4.160 Thread 0x000002361edd6800 2276       3       java.lang.reflect.ProxyGenerator$ExceptionTableEntry::<init> (26 bytes)
Event: 4.160 Thread 0x000002361edd6800 nmethod 2276 0x000002360d69f810 code [0x000002360d69f9c0, 0x000002360d69fb38]
Event: 4.161 Thread 0x000002361edd5800 2277       4       java.util.concurrent.ConcurrentHashMap::putIfAbsent (8 bytes)
Event: 4.161 Thread 0x000002361edd5800 nmethod 2277 0x0000023614829d90 code [0x0000023614829f20, 0x0000023614829fa8]
Event: 4.171 Thread 0x000002361edd6800 2278       3       java.lang.reflect.ProxyGenerator$ConstantPool::getFieldRef (33 bytes)
Event: 4.171 Thread 0x00000236212a7800 2280       4       java.io.DataOutputStream::writeUTF (435 bytes)
Event: 4.172 Thread 0x000002361edd6800 nmethod 2278 0x000002360d69fc10 code [0x000002360d69fee0, 0x000002360d6a0b48]
Event: 4.172 Thread 0x000002361edd6800 2279       3       java.lang.reflect.ProxyGenerator$ConstantPool::getMethodRef (33 bytes)
Event: 4.172 Thread 0x000002361edd5800 2282       4       java.util.HashMap::afterNodeRemoval (1 bytes)
Event: 4.173 Thread 0x000002361edd5800 nmethod 2282 0x000002361482a090 code [0x000002361482a220, 0x000002361482a278]
Event: 4.173 Thread 0x000002361edd6800 nmethod 2279 0x000002360d6a1090 code [0x000002360d6a1360, 0x000002360d6a1fc8]
Event: 4.173 Thread 0x000002361edd6800 2281       3       java.lang.PublicMethods$MethodList::<init> (10 bytes)
Event: 4.173 Thread 0x000002361edd6800 nmethod 2281 0x000002360d6a2510 code [0x000002360d6a26c0, 0x000002360d6a2838]
Event: 4.174 Thread 0x000002361edd6800 2283       1       com.google.gson.reflect.TypeToken::getRawType (5 bytes)
Event: 4.174 Thread 0x000002361edd6800 nmethod 2283 0x000002361482a390 code [0x000002361482a540, 0x000002361482a5f8]

GC Heap History (8 events):
Event: 2.319 GC heap before
{Heap before GC invocations=1 (full 0):
 PSYoungGen      total 29696K, used 25600K [0x00000000eab00000, 0x00000000ecc00000, 0x0000000100000000)
  eden space 25600K, 100% used [0x00000000eab00000,0x00000000ec400000,0x00000000ec400000)
  from space 4096K, 0% used [0x00000000ec800000,0x00000000ec800000,0x00000000ecc00000)
  to   space 4096K, 0% used [0x00000000ec400000,0x00000000ec400000,0x00000000ec800000)
 ParOldGen       total 68608K, used 0K [0x00000000c0000000, 0x00000000c4300000, 0x00000000eab00000)
  object space 68608K, 0% used [0x00000000c0000000,0x00000000c0000000,0x00000000c4300000)
 Metaspace       used 13630K, capacity 14024K, committed 14208K, reserved 1062912K
  class space    used 1263K, capacity 1380K, committed 1408K, reserved 1048576K
}
Event: 2.328 GC heap after
{Heap after GC invocations=1 (full 0):
 PSYoungGen      total 29696K, used 3931K [0x00000000eab00000, 0x00000000ecc00000, 0x0000000100000000)
  eden space 25600K, 0% used [0x00000000eab00000,0x00000000eab00000,0x00000000ec400000)
  from space 4096K, 95% used [0x00000000ec400000,0x00000000ec7d6cd0,0x00000000ec800000)
  to   space 4096K, 0% used [0x00000000ec800000,0x00000000ec800000,0x00000000ecc00000)
 ParOldGen       total 68608K, used 16K [0x00000000c0000000, 0x00000000c4300000, 0x00000000eab00000)
  object space 68608K, 0% used [0x00000000c0000000,0x00000000c0004000,0x00000000c4300000)
 Metaspace       used 13630K, capacity 14024K, committed 14208K, reserved 1062912K
  class space    used 1263K, capacity 1380K, committed 1408K, reserved 1048576K
}
Event: 3.191 GC heap before
{Heap before GC invocations=2 (full 0):
 PSYoungGen      total 29696K, used 17476K [0x00000000eab00000, 0x00000000ecc00000, 0x0000000100000000)
  eden space 25600K, 52% used [0x00000000eab00000,0x00000000eb83a598,0x00000000ec400000)
  from space 4096K, 95% used [0x00000000ec400000,0x00000000ec7d6cd0,0x00000000ec800000)
  to   space 4096K, 0% used [0x00000000ec800000,0x00000000ec800000,0x00000000ecc00000)
 ParOldGen       total 68608K, used 16K [0x00000000c0000000, 0x00000000c4300000, 0x00000000eab00000)
  object space 68608K, 0% used [0x00000000c0000000,0x00000000c0004000,0x00000000c4300000)
 Metaspace       used 20097K, capacity 21127K, committed 21248K, reserved 1069056K
  class space    used 1909K, capacity 2243K, committed 2304K, reserved 1048576K
}
Event: 3.202 GC heap after
{Heap after GC invocations=2 (full 0):
 PSYoungGen      total 29696K, used 4071K [0x00000000eab00000, 0x00000000ecc00000, 0x0000000100000000)
  eden space 25600K, 0% used [0x00000000eab00000,0x00000000eab00000,0x00000000ec400000)
  from space 4096K, 99% used [0x00000000ec800000,0x00000000ecbf9c38,0x00000000ecc00000)
  to   space 4096K, 0% used [0x00000000ec400000,0x00000000ec400000,0x00000000ec800000)
 ParOldGen       total 68608K, used 1691K [0x00000000c0000000, 0x00000000c4300000, 0x00000000eab00000)
  object space 68608K, 2% used [0x00000000c0000000,0x00000000c01a6ff0,0x00000000c4300000)
 Metaspace       used 20097K, capacity 21127K, committed 21248K, reserved 1069056K
  class space    used 1909K, capacity 2243K, committed 2304K, reserved 1048576K
}
Event: 3.202 GC heap before
{Heap before GC invocations=3 (full 1):
 PSYoungGen      total 29696K, used 4071K [0x00000000eab00000, 0x00000000ecc00000, 0x0000000100000000)
  eden space 25600K, 0% used [0x00000000eab00000,0x00000000eab00000,0x00000000ec400000)
  from space 4096K, 99% used [0x00000000ec800000,0x00000000ecbf9c38,0x00000000ecc00000)
  to   space 4096K, 0% used [0x00000000ec400000,0x00000000ec400000,0x00000000ec800000)
 ParOldGen       total 68608K, used 1691K [0x00000000c0000000, 0x00000000c4300000, 0x00000000eab00000)
  object space 68608K, 2% used [0x00000000c0000000,0x00000000c01a6ff0,0x00000000c4300000)
 Metaspace       used 20097K, capacity 21127K, committed 21248K, reserved 1069056K
  class space    used 1909K, capacity 2243K, committed 2304K, reserved 1048576K
}
Event: 3.248 GC heap after
{Heap after GC invocations=3 (full 1):
 PSYoungGen      total 29696K, used 0K [0x00000000eab00000, 0x00000000ecc00000, 0x0000000100000000)
  eden space 25600K, 0% used [0x00000000eab00000,0x00000000eab00000,0x00000000ec400000)
  from space 4096K, 0% used [0x00000000ec800000,0x00000000ec800000,0x00000000ecc00000)
  to   space 4096K, 0% used [0x00000000ec400000,0x00000000ec400000,0x00000000ec800000)
 ParOldGen       total 68608K, used 5682K [0x00000000c0000000, 0x00000000c4300000, 0x00000000eab00000)
  object space 68608K, 8% used [0x00000000c0000000,0x00000000c058cb00,0x00000000c4300000)
 Metaspace       used 20097K, capacity 21127K, committed 21248K, reserved 1069056K
  class space    used 1909K, capacity 2243K, committed 2304K, reserved 1048576K
}
Event: 4.165 GC heap before
{Heap before GC invocations=4 (full 1):
 PSYoungGen      total 29696K, used 25599K [0x00000000eab00000, 0x00000000ecc00000, 0x0000000100000000)
  eden space 25600K, 99% used [0x00000000eab00000,0x00000000ec3fff28,0x00000000ec400000)
  from space 4096K, 0% used [0x00000000ec800000,0x00000000ec800000,0x00000000ecc00000)
  to   space 4096K, 0% used [0x00000000ec400000,0x00000000ec400000,0x00000000ec800000)
 ParOldGen       total 68608K, used 5682K [0x00000000c0000000, 0x00000000c4300000, 0x00000000eab00000)
  object space 68608K, 8% used [0x00000000c0000000,0x00000000c058cb00,0x00000000c4300000)
 Metaspace       used 27138K, capacity 28717K, committed 28800K, reserved 1075200K
  class space    used 2595K, capacity 3182K, committed 3200K, reserved 1048576K
}
Event: 4.169 GC heap after
{Heap after GC invocations=4 (full 1):
 PSYoungGen      total 29696K, used 2696K [0x00000000eab00000, 0x00000000ecc00000, 0x0000000100000000)
  eden space 25600K, 0% used [0x00000000eab00000,0x00000000eab00000,0x00000000ec400000)
  from space 4096K, 65% used [0x00000000ec400000,0x00000000ec6a2190,0x00000000ec800000)
  to   space 4096K, 0% used [0x00000000ec800000,0x00000000ec800000,0x00000000ecc00000)
 ParOldGen       total 68608K, used 5698K [0x00000000c0000000, 0x00000000c4300000, 0x00000000eab00000)
  object space 68608K, 8% used [0x00000000c0000000,0x00000000c0590b18,0x00000000c4300000)
 Metaspace       used 27138K, capacity 28717K, committed 28800K, reserved 1075200K
  class space    used 2595K, capacity 3182K, committed 3200K, reserved 1048576K
}

Deoptimization events (20 events):
Event: 3.918 Thread 0x00000236205ea800 Uncommon trap: trap_request=0xffffff7e fr.pc=0x00000236148163dc relative=0x000000000000057c
Event: 3.918 Thread 0x00000236205ea800 Uncommon trap: reason=predicate action=maybe_recompile pc=0x00000236148163dc method=java.util.TreeMap.getEntryUsingComparator(Ljava/lang/Object;)Ljava/util/TreeMap$Entry; @ 19 c2
Event: 3.918 Thread 0x00000236205ea800 DEOPT PACKING pc=0x00000236148163dc sp=0x000000a6396f91e0
Event: 3.918 Thread 0x00000236205ea800 DEOPT UNPACKING pc=0x000002360ccea1af sp=0x000000a6396f9100 mode 2
Event: 3.939 Thread 0x0000023602daa800 Uncommon trap: trap_request=0xffffff7e fr.pc=0x00000236148141a0 relative=0x0000000000000540
Event: 3.939 Thread 0x0000023602daa800 Uncommon trap: reason=predicate action=maybe_recompile pc=0x00000236148141a0 method=java.util.TreeMap.getEntryUsingComparator(Ljava/lang/Object;)Ljava/util/TreeMap$Entry; @ 19 c2
Event: 3.939 Thread 0x0000023602daa800 DEOPT PACKING pc=0x00000236148141a0 sp=0x000000a6386fe110
Event: 3.939 Thread 0x0000023602daa800 DEOPT UNPACKING pc=0x000002360ccea1af sp=0x000000a6386fe0c0 mode 2
Event: 3.967 Thread 0x0000023602daa800 Uncommon trap: trap_request=0xffffff4d fr.pc=0x00000236147c4804 relative=0x00000000000001c4
Event: 3.967 Thread 0x0000023602daa800 Uncommon trap: reason=unstable_if action=reinterpret pc=0x00000236147c4804 method=java.util.HashMap.getNode(ILjava/lang/Object;)Ljava/util/HashMap$Node; @ 129 c2
Event: 3.967 Thread 0x0000023602daa800 DEOPT PACKING pc=0x00000236147c4804 sp=0x000000a6386fb8e0
Event: 3.967 Thread 0x0000023602daa800 DEOPT UNPACKING pc=0x000002360ccea1af sp=0x000000a6386fb7e0 mode 2
Event: 3.975 Thread 0x0000023602daa800 Uncommon trap: trap_request=0xffffff4d fr.pc=0x00000236147b1fa8 relative=0x0000000000000168
Event: 3.975 Thread 0x0000023602daa800 Uncommon trap: reason=unstable_if action=reinterpret pc=0x00000236147b1fa8 method=java.util.HashMap.getNode(ILjava/lang/Object;)Ljava/util/HashMap$Node; @ 129 c2
Event: 3.975 Thread 0x0000023602daa800 DEOPT PACKING pc=0x00000236147b1fa8 sp=0x000000a6386fb870
Event: 3.975 Thread 0x0000023602daa800 DEOPT UNPACKING pc=0x000002360ccea1af sp=0x000000a6386fb7e0 mode 2
Event: 4.104 Thread 0x0000023602daa800 Uncommon trap: trap_request=0xffffff4d fr.pc=0x000002361480eff8 relative=0x0000000000000e78
Event: 4.104 Thread 0x0000023602daa800 Uncommon trap: reason=unstable_if action=reinterpret pc=0x000002361480eff8 method=java.util.Properties$LineReader.readLine()I @ 256 c2
Event: 4.104 Thread 0x0000023602daa800 DEOPT PACKING pc=0x000002361480eff8 sp=0x000000a6386fbc00
Event: 4.104 Thread 0x0000023602daa800 DEOPT UNPACKING pc=0x000002360ccea1af sp=0x000000a6386fbb90 mode 2

Classes redefined (0 events):
No events

Internal exceptions (20 events):
Event: 2.238 Thread 0x0000023620722000 Implicit null exception at 0x00000236147bac8b to 0x00000236147bad50
Event: 2.243 Thread 0x0000023602daa800 Exception <a 'java/lang/UnsatisfiedLinkError'{0x00000000ec1a88f0}: 'void org.eclipse.equinox.launcher.JNIBridge._update_splash()'> (0x00000000ec1a88f0) thrown at [./src/hotspot/share/prims/nativeLookup.cpp, line 528]
Event: 2.249 Thread 0x00000236205ea800 Exception <a 'java/lang/NoSuchMethodError'{0x00000000ec26a348}: 'java.lang.Object java.lang.invoke.Invokers$Holder.linkToTargetMethod(java.lang.Object, java.lang.Object, java.lang.Object, int, java.lang.Object)'> (0x00000000ec26a348) thrown at [./src/hotspot/share/interpreter/linkResolver.cpp, line 773]
Event: 2.394 Thread 0x00000236205ea800 Exception <a 'java/lang/NoSuchMethodError'{0x00000000eacd0e20}: 'java.lang.Object java.lang.invoke.DirectMethodHandle$Holder.invokeStatic(java.lang.Object, java.lang.Object, java.lang.Object, java.lang.Object, java.lang.Object, java.lang.Object, java.lang.Object, java.lang.Object, java.lang.Object, java.lang.Object, java.lang.Object, java.lang.Object, java.lang.Object, java.lang.Object, java.lang.Object)'> (0x00000000eacd0e20) thrown at [./src/hotspot/share/interpreter/linkResolver.cpp, line 773]
Event: 2.400 Thread 0x00000236205ea800 Exception <a 'java/lang/NoSuchMethodError'{0x00000000eacdee28}: 'java.lang.Object java.lang.invoke.DirectMethodHandle$Holder.invokeStatic(java.lang.Object, java.lang.Object, java.lang.Object, java.lang.Object, java.lang.Object, java.lang.Object, java.lang.Object, java.lang.Object, java.lang.Object, java.lang.Object, java.lang.Object, java.lang.Object, java.lang.Object, java.lang.Object, java.lang.Object, java.lang.Object)'> (0x00000000eacdee28) thrown at [./src/hotspot/share/interpreter/linkResolver.cpp, l
Event: 2.402 Thread 0x00000236205ea800 Exception <a 'java/lang/NoSuchMethodError'{0x00000000eacecd40}: 'java.lang.Object java.lang.invoke.DirectMethodHandle$Holder.invokeSpecial(java.lang.Object, java.lang.Object, int, int, java.lang.Object, java.lang.Object, java.lang.Object)'> (0x00000000eacecd40) thrown at [./src/hotspot/share/interpreter/linkResolver.cpp, line 773]
Event: 2.402 Thread 0x00000236205ea800 Exception <a 'java/lang/NoSuchMethodError'{0x00000000eacf02d0}: 'java.lang.Object java.lang.invoke.DelegatingMethodHandle$Holder.reinvoke_L(java.lang.Object, int, int, java.lang.Object, java.lang.Object, java.lang.Object)'> (0x00000000eacf02d0) thrown at [./src/hotspot/share/interpreter/linkResolver.cpp, line 773]
Event: 2.600 Thread 0x00000236205ea800 Exception <a 'java/io/FileNotFoundException'{0x00000000eafefff0}> (0x00000000eafefff0) thrown at [./src/hotspot/share/prims/jni.cpp, line 615]
Event: 2.924 Thread 0x00000236205ea800 Exception <a 'java/lang/NoSuchMethodError'{0x00000000eb49db90}: 'void java.lang.invoke.DirectMethodHandle$Holder.invokeSpecial(java.lang.Object, java.lang.Object, java.lang.Object, java.lang.Object)'> (0x00000000eb49db90) thrown at [./src/hotspot/share/interpreter/linkResolver.cpp, line 773]
Event: 2.936 Thread 0x00000236205ea800 Exception <a 'java/io/FileNotFoundException'{0x00000000eb4c7cf0}> (0x00000000eb4c7cf0) thrown at [./src/hotspot/share/prims/jni.cpp, line 615]
Event: 3.148 Thread 0x00000236205ea800 Exception <a 'java/lang/NoSuchMethodError'{0x00000000eb79a9c0}: 'int java.lang.invoke.DirectMethodHandle$Holder.invokeStaticInit(java.lang.Object, java.lang.Object, java.lang.Object)'> (0x00000000eb79a9c0) thrown at [./src/hotspot/share/interpreter/linkResolver.cpp, line 773]
Event: 3.170 Thread 0x00000236205ea800 Exception <a 'java/lang/IncompatibleClassChangeError'{0x00000000eb7cf8f8}: Found class java.lang.Object, but interface was expected> (0x00000000eb7cf8f8) thrown at [./src/hotspot/share/interpreter/linkResolver.cpp, line 839]
Event: 3.537 Thread 0x00000236205ea800 Exception <a 'java/lang/ClassNotFoundException'{0x00000000eba297b8}: com/sun/org/apache/xerces/internal/impl/msg/spi/DOMMessagesProvider> (0x00000000eba297b8) thrown at [./src/hotspot/share/classfile/systemDictionary.cpp, line 231]
Event: 3.540 Thread 0x00000236205ea800 Implicit null exception at 0x0000023614800489 to 0x00000236148011dc
Event: 3.543 Thread 0x00000236205ea800 Exception <a 'java/lang/ClassNotFoundException'{0x00000000eba49178}: com/sun/org/apache/xerces/internal/impl/msg/spi/XMLSerializerMessagesProvider> (0x00000000eba49178) thrown at [./src/hotspot/share/classfile/systemDictionary.cpp, line 231]
Event: 3.544 Thread 0x00000236205ea800 Exception <a 'java/lang/ClassNotFoundException'{0x00000000eba5d798}: com/sun/org/apache/xerces/internal/impl/msg/spi/XMLMessagesProvider> (0x00000000eba5d798) thrown at [./src/hotspot/share/classfile/systemDictionary.cpp, line 231]
Event: 3.691 Thread 0x00000236205ea800 Exception <a 'java/lang/ClassNotFoundException'{0x00000000ebccd340}: com/sun/org/apache/xml/internal/serializer/spi/XMLEntitiesProvider> (0x00000000ebccd340) thrown at [./src/hotspot/share/classfile/systemDictionary.cpp, line 231]
Event: 3.898 Thread 0x00000236205ea800 Exception <a 'java/io/FileNotFoundException'{0x00000000ebf3f650}> (0x00000000ebf3f650) thrown at [./src/hotspot/share/prims/jni.cpp, line 615]
Event: 3.911 Thread 0x00000236205ea800 Exception <a 'java/io/FileNotFoundException'{0x00000000ebf6d800}> (0x00000000ebf6d800) thrown at [./src/hotspot/share/prims/jni.cpp, line 615]
Event: 3.922 Thread 0x00000236205ea800 Exception <a 'java/io/FileNotFoundException'{0x00000000ebfa0a38}> (0x00000000ebfa0a38) thrown at [./src/hotspot/share/prims/jni.cpp, line 615]

Events (20 events):
Event: 4.153 Executing VM operation: RevokeBias
Event: 4.153 Executing VM operation: RevokeBias done
Event: 4.157 Executing VM operation: RevokeBias
Event: 4.157 Executing VM operation: RevokeBias done
Event: 4.158 Executing VM operation: BulkRevokeBias
Event: 4.159 Executing VM operation: BulkRevokeBias done
Event: 4.159 Executing VM operation: RevokeBias
Event: 4.159 Executing VM operation: RevokeBias done
Event: 4.159 Executing VM operation: RevokeBias
Event: 4.159 Executing VM operation: RevokeBias done
Event: 4.159 Executing VM operation: RevokeBias
Event: 4.159 Executing VM operation: RevokeBias done
Event: 4.159 Executing VM operation: RevokeBias
Event: 4.159 Executing VM operation: RevokeBias done
Event: 4.159 Executing VM operation: RevokeBias
Event: 4.159 Executing VM operation: RevokeBias done
Event: 4.159 Executing VM operation: RevokeBias
Event: 4.160 Executing VM operation: RevokeBias done
Event: 4.165 Executing VM operation: ParallelGCFailedAllocation
Event: 4.170 Executing VM operation: ParallelGCFailedAllocation done


Dynamic libraries:
0x00007ff734760000 - 0x00007ff73476d000 	C:\Program Files\Eclipse Foundation\jdk-11.0.12.7-hotspot\bin\java.exe
0x00007ffb52810000 - 0x00007ffb52a04000 	C:\WINDOWS\SYSTEM32\ntdll.dll
0x00007ffb51cc0000 - 0x00007ffb51d7d000 	C:\WINDOWS\System32\KERNEL32.DLL
0x00007ffb503a0000 - 0x00007ffb50667000 	C:\WINDOWS\System32\KERNELBASE.dll
0x00007ffb50770000 - 0x00007ffb50870000 	C:\WINDOWS\System32\ucrtbase.dll
0x00007ffb3d090000 - 0x00007ffb3d0a5000 	C:\Program Files\Eclipse Foundation\jdk-11.0.12.7-hotspot\bin\VCRUNTIME140.dll
0x00007ffb39b40000 - 0x00007ffb39b57000 	C:\Program Files\Eclipse Foundation\jdk-11.0.12.7-hotspot\bin\jli.dll
0x00007ffb50a30000 - 0x00007ffb50bd0000 	C:\WINDOWS\System32\USER32.dll
0x00007ffb50160000 - 0x00007ffb50182000 	C:\WINDOWS\System32\win32u.dll
0x00007ffb517c0000 - 0x00007ffb517ea000 	C:\WINDOWS\System32\GDI32.dll
0x00007ffb501e0000 - 0x00007ffb502ea000 	C:\WINDOWS\System32\gdi32full.dll
0x00007ffb50670000 - 0x00007ffb5070d000 	C:\WINDOWS\System32\msvcp_win.dll
0x00007ffb3f150000 - 0x00007ffb3f3ea000 	C:\WINDOWS\WinSxS\amd64_microsoft.windows.common-controls_6595b64144ccf1df_6.0.19041.1_none_b555e41d4684ddec\COMCTL32.dll
0x00007ffb50d30000 - 0x00007ffb50dce000 	C:\WINDOWS\System32\msvcrt.dll
0x00007ffb51ae0000 - 0x00007ffb51b10000 	C:\WINDOWS\System32\IMM32.DLL
0x00007ffb07b10000 - 0x00007ffb07bab000 	C:\Program Files\Eclipse Foundation\jdk-11.0.12.7-hotspot\bin\msvcp140.dll
0x00007ffb02100000 - 0x00007ffb02c59000 	C:\Program Files\Eclipse Foundation\jdk-11.0.12.7-hotspot\bin\server\jvm.dll
0x00007ffb51860000 - 0x00007ffb5190a000 	C:\WINDOWS\System32\ADVAPI32.dll
0x00007ffb51e10000 - 0x00007ffb51eab000 	C:\WINDOWS\System32\sechost.dll
0x00007ffb51b10000 - 0x00007ffb51c33000 	C:\WINDOWS\System32\RPCRT4.dll
0x00007ffb51eb0000 - 0x00007ffb51eb8000 	C:\WINDOWS\System32\PSAPI.DLL
0x00007ffb4ba10000 - 0x00007ffb4ba19000 	C:\WINDOWS\SYSTEM32\WSOCK32.dll
0x00007ffb517f0000 - 0x00007ffb5185b000 	C:\WINDOWS\System32\WS2_32.dll
0x00007ffb40d60000 - 0x00007ffb40d87000 	C:\WINDOWS\SYSTEM32\WINMM.dll
0x00007ffb47770000 - 0x00007ffb4777a000 	C:\WINDOWS\SYSTEM32\VERSION.dll
0x00007ffb4e850000 - 0x00007ffb4e863000 	C:\WINDOWS\SYSTEM32\kernel.appcore.dll
0x00007ffb4b930000 - 0x00007ffb4b940000 	C:\Program Files\Eclipse Foundation\jdk-11.0.12.7-hotspot\bin\verify.dll
0x00007ffb4e580000 - 0x00007ffb4e764000 	C:\WINDOWS\SYSTEM32\DBGHELP.DLL
0x00007ffb490f0000 - 0x00007ffb4911c000 	C:\WINDOWS\SYSTEM32\dbgcore.DLL
0x00007ffb500e0000 - 0x00007ffb5015f000 	C:\WINDOWS\System32\bcryptPrimitives.dll
0x00007ffb218e0000 - 0x00007ffb21908000 	C:\Program Files\Eclipse Foundation\jdk-11.0.12.7-hotspot\bin\java.dll
0x00007ffb4b690000 - 0x00007ffb4b69a000 	C:\Program Files\Eclipse Foundation\jdk-11.0.12.7-hotspot\bin\jimage.dll
0x00007ffb252f0000 - 0x00007ffb25307000 	C:\Program Files\Eclipse Foundation\jdk-11.0.12.7-hotspot\bin\zip.dll
0x00007ffb51ec0000 - 0x00007ffb525f1000 	C:\WINDOWS\System32\SHELL32.dll
0x00007ffb4dd30000 - 0x00007ffb4e4ba000 	C:\WINDOWS\SYSTEM32\windows.storage.dll
0x00007ffb51450000 - 0x00007ffb517a4000 	C:\WINDOWS\System32\combase.dll
0x00007ffb4f9d0000 - 0x00007ffb4f9fb000 	C:\WINDOWS\SYSTEM32\Wldp.dll
0x00007ffb52600000 - 0x00007ffb526ae000 	C:\WINDOWS\System32\SHCORE.dll
0x00007ffb51970000 - 0x00007ffb519c5000 	C:\WINDOWS\System32\shlwapi.dll
0x00007ffb4fe90000 - 0x00007ffb4feaf000 	C:\WINDOWS\SYSTEM32\profapi.dll
0x00007ffb23410000 - 0x00007ffb23429000 	C:\Program Files\Eclipse Foundation\jdk-11.0.12.7-hotspot\bin\net.dll
0x00007ffb3fe80000 - 0x00007ffb3ff82000 	C:\WINDOWS\SYSTEM32\WINHTTP.dll
0x00007ffb4f750000 - 0x00007ffb4f7ba000 	C:\WINDOWS\system32\mswsock.dll
0x00007ffb21180000 - 0x00007ffb21192000 	C:\Program Files\Eclipse Foundation\jdk-11.0.12.7-hotspot\bin\nio.dll
0x00007ffb4f920000 - 0x00007ffb4f938000 	C:\WINDOWS\SYSTEM32\CRYPTSP.dll
0x00007ffb4f070000 - 0x00007ffb4f0a4000 	C:\WINDOWS\system32\rsaenh.dll
0x00007ffb500b0000 - 0x00007ffb500d7000 	C:\WINDOWS\System32\bcrypt.dll
0x00007ffb4fe10000 - 0x00007ffb4fe3e000 	C:\WINDOWS\SYSTEM32\USERENV.dll
0x00007ffb4f940000 - 0x00007ffb4f94c000 	C:\WINDOWS\SYSTEM32\CRYPTBASE.dll
0x00007ffb4f3f0000 - 0x00007ffb4f42b000 	C:\WINDOWS\SYSTEM32\IPHLPAPI.DLL
0x00007ffb50bd0000 - 0x00007ffb50bd9000 	C:\WINDOWS\System32\NSI.dll
0x00007ffb41e00000 - 0x00007ffb41e17000 	C:\WINDOWS\SYSTEM32\dhcpcsvc6.DLL
0x00007ffb421d0000 - 0x00007ffb421ed000 	C:\WINDOWS\SYSTEM32\dhcpcsvc.DLL
0x00007ffb4f440000 - 0x00007ffb4f50a000 	C:\WINDOWS\SYSTEM32\DNSAPI.dll
0x00007ffb18dd0000 - 0x00007ffb18e0e000 	C:\Users\User\AppData\Roaming\Code\User\globalStorage\redhat.java\0.82.0\config_ss_win\org.eclipse.equinox.launcher\org.eclipse.equinox.launcher.win32.win32.x86_64_1.2.300.v20210828-0802\eclipse_11506.dll
0x00007ffb50c00000 - 0x00007ffb50d2b000 	C:\WINDOWS\System32\ole32.dll
0x00007ffb1eb60000 - 0x00007ffb1eb71000 	C:\Users\User\AppData\Roaming\Code\User\globalStorage\redhat.java\0.82.0\config_ss_win\org.eclipse.osgi\16\0\.cp\jWinHttp-1.0.0.dll

dbghelp: loaded successfully - version: 4.0.5 - missing functions: none
symbol engine: initialized successfully - sym options: 0x614 - pdb path: .;C:\Program Files\Eclipse Foundation\jdk-11.0.12.7-hotspot\bin;C:\WINDOWS\SYSTEM32;C:\WINDOWS\WinSxS\amd64_microsoft.windows.common-controls_6595b64144ccf1df_6.0.19041.1_none_b555e41d4684ddec;C:\Program Files\Eclipse Foundation\jdk-11.0.12.7-hotspot\bin\server;C:\Users\User\AppData\Roaming\Code\User\globalStorage\redhat.java\0.82.0\config_ss_win\org.eclipse.equinox.launcher\org.eclipse.equinox.launcher.win32.win32.x86_64_1.2.300.v20210828-0802;C:\Users\User\AppData\Roaming\Code\User\globalStorage\redhat.java\0.82.0\config_ss_win\org.eclipse.osgi\16\0\.cp

VM Arguments:
jvm_args: --add-modules=ALL-SYSTEM --add-opens=java.base/java.util=ALL-UNNAMED --add-opens=java.base/java.lang=ALL-UNNAMED -Declipse.application=org.eclipse.jdt.ls.core.id1 -Dosgi.bundles.defaultStartLevel=4 -Declipse.product=org.eclipse.jdt.ls.core.product -Dfile.encoding=utf8 -DwatchParentProcess=false -XX:+UseParallelGC -XX:GCTimeRatio=4 -XX:AdaptiveSizePolicyWeight=90 -Dsun.zip.disableMemoryMapping=true -Xmx1G -Xms100m -Xverify:none 
java_command: c:\Users\User\.vscode\extensions\redhat.java-0.82.0\server\plugins\org.eclipse.equinox.launcher_1.6.300.v20210813-1054.jar -configuration c:\Users\User\AppData\Roaming\Code\User\globalStorage\redhat.java\0.82.0\config_ss_win -data c:\Users\User\AppData\Roaming\Code\User\workspaceStorage\c3096344b3a4e59383c1365647bf3051\redhat.java\ss_ws
java_class_path (initial): c:\Users\User\.vscode\extensions\redhat.java-0.82.0\server\plugins\org.eclipse.equinox.launcher_1.6.300.v20210813-1054.jar
Launcher Type: SUN_STANDARD

[Global flags]
    uintx AdaptiveSizePolicyWeight                 = 90                                        {product} {command line}
     bool BytecodeVerificationLocal                = false                                     {product} {command line}
     bool BytecodeVerificationRemote               = false                                     {product} {command line}
     intx CICompilerCount                          = 3                                         {product} {ergonomic}
    uintx GCTimeRatio                              = 4                                         {product} {command line}
   size_t InitialHeapSize                          = 104857600                                 {product} {command line}
   size_t MaxHeapSize                              = 1073741824                                {product} {command line}
   size_t MaxNewSize                               = 357564416                                 {product} {ergonomic}
   size_t MinHeapDeltaBytes                        = 524288                                    {product} {ergonomic}
   size_t NewSize                                  = 34603008                                  {product} {ergonomic}
    uintx NonNMethodCodeHeapSize                   = 5830732                                {pd product} {ergonomic}
    uintx NonProfiledCodeHeapSize                  = 122913754                              {pd product} {ergonomic}
   size_t OldSize                                  = 70254592                                  {product} {ergonomic}
    uintx ProfiledCodeHeapSize                     = 122913754                              {pd product} {ergonomic}
    uintx ReservedCodeCacheSize                    = 251658240                              {pd product} {ergonomic}
     bool SegmentedCodeCache                       = true                                      {product} {ergonomic}
     bool UseCompressedClassPointers               = true                                 {lp64_product} {ergonomic}
     bool UseCompressedOops                        = true                                 {lp64_product} {ergonomic}
     bool UseLargePagesIndividualAllocation        = false                                  {pd product} {ergonomic}
     bool UseParallelGC                            = true                                      {product} {command line}

Logging:
Log output configuration:
 #0: stdout all=warning uptime,level,tags
 #1: stderr all=off uptime,level,tags

Environment Variables:
JAVA_HOME=C:\Program Files\Eclipse Foundation\jdk-11.0.12.7-hotspot
PATH=C:\Program Files\Eclipse Foundation\jdk-11.0.12.7-hotspot\bin;C:\ProgramData\Oracle\Java\javapath;C:\Program Files\Rockwell Software\RSCommon;C:\Program Files\ImageMagick-7.0.10-Q16-HDRI;C:\Program Files (x86)\Intel\TXE Components\TCS\;C:\Program Files\Intel\TXE Components\TCS\;C:\Windows\system32;C:\Windows;C:\Windows\System32\Wbem;C:\Windows\System32\WindowsPowerShell\v1.0\;C:\Program Files (x86)\NVIDIA Corporation\PhysX\Common;C:\Program Files\Microsoft SQL Server\130\Tools\Binn\;C:\Program Files\dotnet\;C:\Program Files\MiKTeX 2.9\miktex\bin\x64\;C:\WINDOWS\system32;C:\WINDOWS;C:\WINDOWS\System32\Wbem;C:\WINDOWS\System32\WindowsPowerShell\v1.0\;C:\WINDOWS\System32\OpenSSH\;C:\Program Files\MATLAB\R2018a\runtime\win64;C:\Program Files\MATLAB\R2018a\bin;C:\Program Files\nodejs\;C:\ProgramData\chocolatey\bin;C:\Program Files\Microsoft SQL Server\Client SDK\ODBC\130\Tools\Binn\;C:\Program Files (x86)\Microsoft SQL Server\140\Tools\Binn\;C:\Program Files\Microsoft SQL Server\140\Tools\Binn\;C:\Program Files\Microsoft SQL Server\140\DTS\Binn\;C:\Program Files (x86)\Microsoft SQL Server\150\DTS\Binn\;C:\Program Files\Git\cmd;C:\apache-maven-3.8.3\bin;C:\Program Files\Eclipse Foundation\jdk-11.0.12.7-hotspot\bin;C:\Program Files\MySQL\MySQL Shell 8.0\bin\;C:\Users\User\AppData\Local\Microsoft\WindowsApps;C:\Users\User\AppData\Local\atom\bin;C:\Users\User\AppData\Roaming\npm;C:\Users\User\AppData\Local\Microsoft\WindowsApps;C:\Users\User\AppData\Local\Programs\Microsoft VS Code\bin;C:\Program Files\Python36;C:\Program Files\Python36\Scripts;
USERNAME=User
OS=Windows_NT
PROCESSOR_IDENTIFIER=Intel64 Family 6 Model 142 Stepping 9, GenuineIntel



---------------  S Y S T E M  ---------------

OS: Windows 10 , 64 bit Build 19041 (10.0.19041.1)
OS uptime: 7 days 1:05 hours

CPU:total 4 (initial active 4) (2 cores per cpu, 2 threads per core) family 6 model 142 stepping 9 microcode 0xb4, cmov, cx8, fxsr, mmx, sse, sse2, sse3, ssse3, sse4.1, sse4.2, popcnt, avx, avx2, aes, clmul, erms, 3dnowpref, lzcnt, ht, tsc, tscinvbit, bmi1, bmi2, adx, fma

Memory: 4k page, system-wide physical 8073M (1560M free)
TotalPageFile size 8073M (AvailPageFile size 3M)
current process WorkingSet (physical memory assigned to process): 114M, peak: 114M
current process commit charge ("private bytes"): 215M, peak: 215M

vm_info: OpenJDK 64-Bit Server VM (11.0.12+7) for windows-amd64 JRE (11.0.12+7), built on Jul 21 2021 16:23:49 by "" with unknown MS VC++:1916

END.
