#
# There is insufficient memory for the Java Runtime Environment to continue.
# Native memory allocation (malloc) failed to allocate 32744 bytes for ChunkPool::allocate
# Possible reasons:
#   The system is out of physical RAM or swap space
#   The process is running with CompressedOops enabled, and the Java Heap may be blocking the growth of the native heap
# Possible solutions:
#   Reduce memory load on the system
#   Increase physical memory or swap space
#   Check if swap backing store is full
#   Decrease Java heap size (-Xmx/-Xms)
#   Decrease number of Java threads
#   Decrease Java thread stack sizes (-Xss)
#   Set larger code cache with -XX:ReservedCodeCacheSize=
#   JVM is running with Unscaled Compressed Oops mode in which the Java heap is
#     placed in the first 4GB address space. The Java Heap base address is the
#     maximum limit for the native heap growth. Please use -XX:HeapBaseMinAddress
#     to set the Java Heap base and to place the Java Heap above 4GB virtual address.
# This output file may be truncated or incomplete.
#
#  Out of Memory Error (./src/hotspot/share/memory/arena.cpp:81), pid=11612, tid=5904
#
# JRE version: OpenJDK Runtime Environment Temurin-11.0.12+7 (11.0.12+7) (build 11.0.12+7)
# Java VM: OpenJDK 64-Bit Server VM Temurin-11.0.12+7 (11.0.12+7, mixed mode, tiered, compressed oops, g1 gc, windows-amd64)
# No core dump will be written. Minidumps are not enabled by default on client versions of Windows
#

---------------  S U M M A R Y ------------

Command Line: -Dcom.sun.management.jmxremote -Dcom.sun.management.jmxremote.port=54664 -Dcom.sun.management.jmxremote.authenticate=false -Dcom.sun.management.jmxremote.ssl=false -Djava.rmi.server.hostname=localhost -Dspring.application.admin.enabled=true -Dspring.jmx.enabled=true -Dfile.encoding=UTF-8 co.usa.alquilercomputadores.alquilercomputadores.AlquilercomputadoresApplication

Host: Intel(R) Core(TM) i5-7200U CPU @ 2.50GHz, 4 cores, 7G,  Windows 10 , 64 bit Build 19041 (10.0.19041.1)
Time: Sat Oct 16 17:38:17 2021 Hora est. Pacífico, Sudamérica elapsed time: 6.326249 seconds (0d 0h 0m 6s)

---------------  T H R E A D  ---------------

Current thread (0x000001b32ac4b800):  JavaThread "main" [_thread_in_vm, id=5904, stack(0x00000016a1200000,0x00000016a1300000)]

Stack: [0x00000016a1200000,0x00000016a1300000]
Native frames: (J=compiled Java code, j=interpreted, Vv=VM code, C=native code)
V  [jvm.dll+0x601d0a]
V  [jvm.dll+0x78ab6e]
V  [jvm.dll+0x78c23f]
V  [jvm.dll+0x78c903]
V  [jvm.dll+0x24be68]
V  [jvm.dll+0xc23fb]
V  [jvm.dll+0xc275c]
V  [jvm.dll+0x4f3847]
V  [jvm.dll+0x4f6458]
V  [jvm.dll+0x4f4030]
V  [jvm.dll+0x4f6942]
V  [jvm.dll+0x5c2f4f]
V  [jvm.dll+0x5bed99]
C  0x000001b33ae530cb

Java frames: (J=compiled Java code, j=interpreted, Vv=VM code)
J 636  java.lang.invoke.MethodHandleNatives.resolve(Ljava/lang/invoke/MemberName;Ljava/lang/Class;Z)Ljava/lang/invoke/MemberName; java.base@11.0.12 (0 bytes) @ 0x000001b33ae5302b [0x000001b33ae52fc0+0x000000000000006b]
J 790 c1 java.lang.invoke.MemberName$Factory.resolve(BLjava/lang/invoke/MemberName;Ljava/lang/Class;Z)Ljava/lang/invoke/MemberName; java.base@11.0.12 (157 bytes) @ 0x000001b333a197a4 [0x000001b333a195c0+0x00000000000001e4]
J 613 c1 java.lang.invoke.MemberName$Factory.resolveOrFail(BLjava/lang/invoke/MemberName;Ljava/lang/Class;Ljava/lang/Class;)Ljava/lang/invoke/MemberName; java.base@11.0.12 (53 bytes) @ 0x000001b3339c293c [0x000001b3339c28c0+0x000000000000007c]
J 2068 c1 java.lang.invoke.MethodHandles$Lookup.resolveOrFail(BLjava/lang/invoke/MemberName;)Ljava/lang/invoke/MemberName; java.base@11.0.12 (39 bytes) @ 0x000001b333cae684 [0x000001b333cadee0+0x00000000000007a4]
J 1570 c1 java.lang.invoke.MethodHandles$Lookup.linkMethodHandleConstant(BLjava/lang/Class;Ljava/lang/String;Ljava/lang/Object;)Ljava/lang/invoke/MethodHandle; java.base@11.0.12 (220 bytes) @ 0x000001b333bd03fc [0x000001b333bcf400+0x0000000000000ffc]
J 1569 c1 java.lang.invoke.MethodHandleNatives.linkMethodHandleConstant(Ljava/lang/Class;ILjava/lang/Class;Ljava/lang/String;Ljava/lang/Object;)Ljava/lang/invoke/MethodHandle; java.base@11.0.12 (50 bytes) @ 0x000001b333bced24 [0x000001b333bcec60+0x00000000000000c4]
v  ~StubRoutines::call_stub
j  org.springframework.beans.CachedIntrospectionResults.clearClassLoader(Ljava/lang/ClassLoader;)V+24
j  org.springframework.context.support.AbstractApplicationContext.resetCommonCaches()V+13
j  org.springframework.context.support.AbstractApplicationContext.refresh()V+165
j  org.springframework.boot.web.servlet.context.ServletWebServerApplicationContext.refresh()V+1
j  org.springframework.boot.SpringApplication.refresh(Lorg/springframework/context/ConfigurableApplicationContext;)V+1
j  org.springframework.boot.SpringApplication.refreshContext(Lorg/springframework/context/ConfigurableApplicationContext;)V+16
j  org.springframework.boot.SpringApplication.run([Ljava/lang/String;)Lorg/springframework/context/ConfigurableApplicationContext;+111
j  org.springframework.boot.SpringApplication.run([Ljava/lang/Class;[Ljava/lang/String;)Lorg/springframework/context/ConfigurableApplicationContext;+9
j  org.springframework.boot.SpringApplication.run(Ljava/lang/Class;[Ljava/lang/String;)Lorg/springframework/context/ConfigurableApplicationContext;+9
j  co.usa.alquilercomputadores.alquilercomputadores.AlquilercomputadoresApplication.main([Ljava/lang/String;)V+3
v  ~StubRoutines::call_stub

---------------  P R O C E S S  ---------------

Threads class SMR info:
_java_thread_list=0x000001b34b7ee040, length=14, elements={
0x000001b32ac4b800, 0x000001b349374000, 0x000001b34937c800, 0x000001b349d12800,
0x000001b34938b800, 0x000001b34938f000, 0x000001b34939f000, 0x000001b349d16800,
0x000001b3493a3800, 0x000001b34930a800, 0x000001b34a5a0000, 0x000001b34a599800,
0x000001b34a641800, 0x000001b349d1a000
}

Java Threads: ( => current thread )
=>0x000001b32ac4b800 JavaThread "main" [_thread_in_vm, id=5904, stack(0x00000016a1200000,0x00000016a1300000)]
  0x000001b349374000 JavaThread "Reference Handler" daemon [_thread_blocked, id=5996, stack(0x00000016a1900000,0x00000016a1a00000)]
  0x000001b34937c800 JavaThread "Finalizer" daemon [_thread_blocked, id=9912, stack(0x00000016a1a00000,0x00000016a1b00000)]
  0x000001b349d12800 JavaThread "Signal Dispatcher" daemon [_thread_blocked, id=10472, stack(0x00000016a1b00000,0x00000016a1c00000)]
  0x000001b34938b800 JavaThread "Attach Listener" daemon [_thread_blocked, id=8100, stack(0x00000016a1c00000,0x00000016a1d00000)]
  0x000001b34938f000 JavaThread "Service Thread" daemon [_thread_blocked, id=5992, stack(0x00000016a1d00000,0x00000016a1e00000)]
  0x000001b34939f000 JavaThread "C2 CompilerThread0" daemon [_thread_in_native, id=12536, stack(0x00000016a1e00000,0x00000016a1f00000)]
  0x000001b349d16800 JavaThread "C1 CompilerThread0" daemon [_thread_blocked, id=3468, stack(0x00000016a1f00000,0x00000016a2000000)]
  0x000001b3493a3800 JavaThread "Sweeper thread" daemon [_thread_blocked, id=14108, stack(0x00000016a2000000,0x00000016a2100000)]
  0x000001b34930a800 JavaThread "Common-Cleaner" daemon [_thread_blocked, id=8400, stack(0x00000016a2100000,0x00000016a2200000)]
  0x000001b34a5a0000 JavaThread "RMI TCP Accept-0" daemon [_thread_in_native, id=6864, stack(0x00000016a2200000,0x00000016a2300000)]
  0x000001b34a599800 JavaThread "RMI TCP Accept-54664" daemon [_thread_in_native, id=9380, stack(0x00000016a2300000,0x00000016a2400000)]
  0x000001b34a641800 JavaThread "RMI TCP Accept-0" daemon [_thread_in_native, id=7968, stack(0x00000016a2500000,0x00000016a2600000)]
  0x000001b349d1a000 JavaThread "C2 CompilerThread1" daemon [_thread_in_native, id=7776, stack(0x00000016a2400000,0x00000016a2500000)]

Other Threads:
  0x000001b349351000 VMThread "VM Thread" [stack: 0x00000016a1800000,0x00000016a1900000] [id=8060]
  0x000001b34a66b000 WatcherThread [stack: 0x00000016a2600000,0x00000016a2700000] [id=6700]
  0x000001b32ac63000 GCTaskThread "GC Thread#0" [stack: 0x00000016a1300000,0x00000016a1400000] [id=6504]
  0x000001b34a7a1800 GCTaskThread "GC Thread#1" [stack: 0x00000016a2700000,0x00000016a2800000] [id=16112]
  0x000001b34b045000 GCTaskThread "GC Thread#2" [stack: 0x00000016a2800000,0x00000016a2900000] [id=5964]
  0x000001b34b3a4000 GCTaskThread "GC Thread#3" [stack: 0x00000016a2b00000,0x00000016a2c00000] [id=14140]
  0x000001b32ac96800 ConcurrentGCThread "G1 Main Marker" [stack: 0x00000016a1400000,0x00000016a1500000] [id=5076]
  0x000001b32ac98800 ConcurrentGCThread "G1 Conc#0" [stack: 0x00000016a1500000,0x00000016a1600000] [id=10328]
  0x000001b3491c0800 ConcurrentGCThread "G1 Refine#0" [stack: 0x00000016a1600000,0x00000016a1700000] [id=14928]
  0x000001b34a453000 ConcurrentGCThread "G1 Refine#1" [stack: 0x00000016a2900000,0x00000016a2a00000] [id=12800]
  0x000001b3491c1800 ConcurrentGCThread "G1 Young RemSet Sampling" [stack: 0x00000016a1700000,0x00000016a1800000] [id=10736]

Threads with active compile tasks:
C2 CompilerThread0   6464 2968   !   4       jdk.internal.loader.BuiltinClassLoader::loadClassOrNull (143 bytes)
C2 CompilerThread1   6464 3105       4       org.springframework.beans.factory.support.AbstractBeanFactory::isTypeMatch (607 bytes)

VM state:synchronizing (normal execution)

VM Mutex/Monitor currently owned by a thread:  ([mutex/lock_event])
[0x000001b32ac47900] Threads_lock - owner thread: 0x000001b349351000

OutOfMemory and StackOverflow Exception counts:
OutOfMemoryError java_heap_errors=1
LinkageErrors=59

Heap address: 0x0000000081c00000, size: 2020 MB, Compressed Oops mode: 32-bit
Narrow klass base: 0x0000000000000000, Narrow klass shift: 3
Compressed class space size: 1073741824 Address: 0x0000000100000000

Heap:
 garbage-first heap   total 131072K, used 45877K [0x0000000081c00000, 0x0000000100000000)
  region size 1024K, 40 young (40960K), 5 survivors (5120K)
 Metaspace       used 31984K, capacity 32862K, committed 33024K, reserved 1079296K
  class space    used 3679K, capacity 4054K, committed 4096K, reserved 1048576K
Heap Regions: E=young(eden), S=young(survivor), O=old, HS=humongous(starts), HC=humongous(continues), CS=collection set, F=free, A=archive, TAMS=top-at-mark-start (previous, next)
|   0|0x0000000081c00000, 0x0000000081d00000, 0x0000000081d00000|100%|HS|  |TAMS 0x0000000081d00000, 0x0000000081c00000| Complete 
|   1|0x0000000081d00000, 0x0000000081e00000, 0x0000000081e00000|100%| O|  |TAMS 0x0000000081e00000, 0x0000000081d00000| Untracked 
|   2|0x0000000081e00000, 0x0000000081f00000, 0x0000000081f00000|100%| O|  |TAMS 0x0000000081f00000, 0x0000000081e00000| Untracked 
|   3|0x0000000081f00000, 0x0000000082000000, 0x0000000082000000|100%| O|  |TAMS 0x0000000082000000, 0x0000000081f00000| Untracked 
|   4|0x0000000082000000, 0x0000000082100000, 0x0000000082100000|100%| O|  |TAMS 0x0000000082100000, 0x0000000082000000| Untracked 
|   5|0x0000000082100000, 0x00000000821fd800, 0x0000000082200000| 99%| O|  |TAMS 0x00000000821fd800, 0x0000000082100000| Untracked 
|   6|0x0000000082200000, 0x0000000082200000, 0x0000000082300000|  0%| F|  |TAMS 0x0000000082200000, 0x0000000082200000| Untracked 
|   7|0x0000000082300000, 0x0000000082300000, 0x0000000082400000|  0%| F|  |TAMS 0x0000000082300000, 0x0000000082300000| Untracked 
|   8|0x0000000082400000, 0x0000000082400000, 0x0000000082500000|  0%| F|  |TAMS 0x0000000082400000, 0x0000000082400000| Untracked 
|   9|0x0000000082500000, 0x0000000082500000, 0x0000000082600000|  0%| F|  |TAMS 0x0000000082500000, 0x0000000082500000| Untracked 
|  10|0x0000000082600000, 0x0000000082600000, 0x0000000082700000|  0%| F|  |TAMS 0x0000000082600000, 0x0000000082600000| Untracked 
|  11|0x0000000082700000, 0x0000000082700000, 0x0000000082800000|  0%| F|  |TAMS 0x0000000082700000, 0x0000000082700000| Untracked 
|  12|0x0000000082800000, 0x0000000082800000, 0x0000000082900000|  0%| F|  |TAMS 0x0000000082800000, 0x0000000082800000| Untracked 
|  13|0x0000000082900000, 0x0000000082900000, 0x0000000082a00000|  0%| F|  |TAMS 0x0000000082900000, 0x0000000082900000| Untracked 
|  14|0x0000000082a00000, 0x0000000082a00000, 0x0000000082b00000|  0%| F|  |TAMS 0x0000000082a00000, 0x0000000082a00000| Untracked 
|  15|0x0000000082b00000, 0x0000000082b00000, 0x0000000082c00000|  0%| F|  |TAMS 0x0000000082b00000, 0x0000000082b00000| Untracked 
|  16|0x0000000082c00000, 0x0000000082c00000, 0x0000000082d00000|  0%| F|  |TAMS 0x0000000082c00000, 0x0000000082c00000| Untracked 
|  17|0x0000000082d00000, 0x0000000082d00000, 0x0000000082e00000|  0%| F|  |TAMS 0x0000000082d00000, 0x0000000082d00000| Untracked 
|  18|0x0000000082e00000, 0x0000000082e00000, 0x0000000082f00000|  0%| F|  |TAMS 0x0000000082e00000, 0x0000000082e00000| Untracked 
|  19|0x0000000082f00000, 0x0000000082f00000, 0x0000000083000000|  0%| F|  |TAMS 0x0000000082f00000, 0x0000000082f00000| Untracked 
|  20|0x0000000083000000, 0x0000000083000000, 0x0000000083100000|  0%| F|  |TAMS 0x0000000083000000, 0x0000000083000000| Untracked 
|  21|0x0000000083100000, 0x0000000083100000, 0x0000000083200000|  0%| F|  |TAMS 0x0000000083100000, 0x0000000083100000| Untracked 
|  22|0x0000000083200000, 0x0000000083200000, 0x0000000083300000|  0%| F|  |TAMS 0x0000000083200000, 0x0000000083200000| Untracked 
|  23|0x0000000083300000, 0x0000000083300000, 0x0000000083400000|  0%| F|  |TAMS 0x0000000083300000, 0x0000000083300000| Untracked 
|  24|0x0000000083400000, 0x0000000083400000, 0x0000000083500000|  0%| F|  |TAMS 0x0000000083400000, 0x0000000083400000| Untracked 
|  25|0x0000000083500000, 0x0000000083500000, 0x0000000083600000|  0%| F|  |TAMS 0x0000000083500000, 0x0000000083500000| Untracked 
|  26|0x0000000083600000, 0x0000000083600000, 0x0000000083700000|  0%| F|  |TAMS 0x0000000083600000, 0x0000000083600000| Untracked 
|  27|0x0000000083700000, 0x0000000083700000, 0x0000000083800000|  0%| F|  |TAMS 0x0000000083700000, 0x0000000083700000| Untracked 
|  28|0x0000000083800000, 0x0000000083800000, 0x0000000083900000|  0%| F|  |TAMS 0x0000000083800000, 0x0000000083800000| Untracked 
|  29|0x0000000083900000, 0x0000000083900000, 0x0000000083a00000|  0%| F|  |TAMS 0x0000000083900000, 0x0000000083900000| Untracked 
|  30|0x0000000083a00000, 0x0000000083a00000, 0x0000000083b00000|  0%| F|  |TAMS 0x0000000083a00000, 0x0000000083a00000| Untracked 
|  31|0x0000000083b00000, 0x0000000083b00000, 0x0000000083c00000|  0%| F|  |TAMS 0x0000000083b00000, 0x0000000083b00000| Untracked 
|  32|0x0000000083c00000, 0x0000000083c00000, 0x0000000083d00000|  0%| F|  |TAMS 0x0000000083c00000, 0x0000000083c00000| Untracked 
|  33|0x0000000083d00000, 0x0000000083d00000, 0x0000000083e00000|  0%| F|  |TAMS 0x0000000083d00000, 0x0000000083d00000| Untracked 
|  34|0x0000000083e00000, 0x0000000083e00000, 0x0000000083f00000|  0%| F|  |TAMS 0x0000000083e00000, 0x0000000083e00000| Untracked 
|  35|0x0000000083f00000, 0x0000000083f00000, 0x0000000084000000|  0%| F|  |TAMS 0x0000000083f00000, 0x0000000083f00000| Untracked 
|  36|0x0000000084000000, 0x0000000084000000, 0x0000000084100000|  0%| F|  |TAMS 0x0000000084000000, 0x0000000084000000| Untracked 
|  37|0x0000000084100000, 0x0000000084100000, 0x0000000084200000|  0%| F|  |TAMS 0x0000000084100000, 0x0000000084100000| Untracked 
|  38|0x0000000084200000, 0x0000000084200000, 0x0000000084300000|  0%| F|  |TAMS 0x0000000084200000, 0x0000000084200000| Untracked 
|  39|0x0000000084300000, 0x0000000084300000, 0x0000000084400000|  0%| F|  |TAMS 0x0000000084300000, 0x0000000084300000| Untracked 
|  40|0x0000000084400000, 0x0000000084400000, 0x0000000084500000|  0%| F|  |TAMS 0x0000000084400000, 0x0000000084400000| Untracked 
|  41|0x0000000084500000, 0x0000000084500000, 0x0000000084600000|  0%| F|  |TAMS 0x0000000084500000, 0x0000000084500000| Untracked 
|  42|0x0000000084600000, 0x0000000084600000, 0x0000000084700000|  0%| F|  |TAMS 0x0000000084600000, 0x0000000084600000| Untracked 
|  43|0x0000000084700000, 0x0000000084700000, 0x0000000084800000|  0%| F|  |TAMS 0x0000000084700000, 0x0000000084700000| Untracked 
|  44|0x0000000084800000, 0x0000000084800000, 0x0000000084900000|  0%| F|  |TAMS 0x0000000084800000, 0x0000000084800000| Untracked 
|  45|0x0000000084900000, 0x0000000084900000, 0x0000000084a00000|  0%| F|  |TAMS 0x0000000084900000, 0x0000000084900000| Untracked 
|  46|0x0000000084a00000, 0x0000000084a00000, 0x0000000084b00000|  0%| F|  |TAMS 0x0000000084a00000, 0x0000000084a00000| Untracked 
|  47|0x0000000084b00000, 0x0000000084b00000, 0x0000000084c00000|  0%| F|  |TAMS 0x0000000084b00000, 0x0000000084b00000| Untracked 
|  48|0x0000000084c00000, 0x0000000084c00000, 0x0000000084d00000|  0%| F|  |TAMS 0x0000000084c00000, 0x0000000084c00000| Untracked 
|  49|0x0000000084d00000, 0x0000000084d00000, 0x0000000084e00000|  0%| F|  |TAMS 0x0000000084d00000, 0x0000000084d00000| Untracked 
|  50|0x0000000084e00000, 0x0000000084e00000, 0x0000000084f00000|  0%| F|  |TAMS 0x0000000084e00000, 0x0000000084e00000| Untracked 
|  51|0x0000000084f00000, 0x0000000084f00000, 0x0000000085000000|  0%| F|  |TAMS 0x0000000084f00000, 0x0000000084f00000| Untracked 
|  52|0x0000000085000000, 0x0000000085000000, 0x0000000085100000|  0%| F|  |TAMS 0x0000000085000000, 0x0000000085000000| Untracked 
|  53|0x0000000085100000, 0x0000000085100000, 0x0000000085200000|  0%| F|  |TAMS 0x0000000085100000, 0x0000000085100000| Untracked 
|  54|0x0000000085200000, 0x0000000085200000, 0x0000000085300000|  0%| F|  |TAMS 0x0000000085200000, 0x0000000085200000| Untracked 
|  55|0x0000000085300000, 0x0000000085300000, 0x0000000085400000|  0%| F|  |TAMS 0x0000000085300000, 0x0000000085300000| Untracked 
|  56|0x0000000085400000, 0x0000000085400000, 0x0000000085500000|  0%| F|  |TAMS 0x0000000085400000, 0x0000000085400000| Untracked 
|  57|0x0000000085500000, 0x0000000085500000, 0x0000000085600000|  0%| F|  |TAMS 0x0000000085500000, 0x0000000085500000| Untracked 
|  58|0x0000000085600000, 0x0000000085600000, 0x0000000085700000|  0%| F|  |TAMS 0x0000000085600000, 0x0000000085600000| Untracked 
|  59|0x0000000085700000, 0x0000000085700000, 0x0000000085800000|  0%| F|  |TAMS 0x0000000085700000, 0x0000000085700000| Untracked 
|  60|0x0000000085800000, 0x0000000085800000, 0x0000000085900000|  0%| F|  |TAMS 0x0000000085800000, 0x0000000085800000| Untracked 
|  61|0x0000000085900000, 0x0000000085900000, 0x0000000085a00000|  0%| F|  |TAMS 0x0000000085900000, 0x0000000085900000| Untracked 
|  62|0x0000000085a00000, 0x0000000085acfd40, 0x0000000085b00000| 81%| S|CS|TAMS 0x0000000085a00000, 0x0000000085a00000| Complete 
|  63|0x0000000085b00000, 0x0000000085c00000, 0x0000000085c00000|100%| S|CS|TAMS 0x0000000085b00000, 0x0000000085b00000| Complete 
|  64|0x0000000085c00000, 0x0000000085d00000, 0x0000000085d00000|100%| S|CS|TAMS 0x0000000085c00000, 0x0000000085c00000| Complete 
|  65|0x0000000085d00000, 0x0000000085e00000, 0x0000000085e00000|100%| S|CS|TAMS 0x0000000085d00000, 0x0000000085d00000| Complete 
|  66|0x0000000085e00000, 0x0000000085f00000, 0x0000000085f00000|100%| S|CS|TAMS 0x0000000085e00000, 0x0000000085e00000| Complete 
|  67|0x0000000085f00000, 0x0000000085f00000, 0x0000000086000000|  0%| F|  |TAMS 0x0000000085f00000, 0x0000000085f00000| Untracked 
|  68|0x0000000086000000, 0x0000000086000000, 0x0000000086100000|  0%| F|  |TAMS 0x0000000086000000, 0x0000000086000000| Untracked 
|  69|0x0000000086100000, 0x0000000086100000, 0x0000000086200000|  0%| F|  |TAMS 0x0000000086100000, 0x0000000086100000| Untracked 
|  70|0x0000000086200000, 0x0000000086200000, 0x0000000086300000|  0%| F|  |TAMS 0x0000000086200000, 0x0000000086200000| Untracked 
|  71|0x0000000086300000, 0x0000000086300000, 0x0000000086400000|  0%| F|  |TAMS 0x0000000086300000, 0x0000000086300000| Untracked 
|  72|0x0000000086400000, 0x0000000086400000, 0x0000000086500000|  0%| F|  |TAMS 0x0000000086400000, 0x0000000086400000| Untracked 
|  73|0x0000000086500000, 0x0000000086500000, 0x0000000086600000|  0%| F|  |TAMS 0x0000000086500000, 0x0000000086500000| Untracked 
|  74|0x0000000086600000, 0x0000000086600000, 0x0000000086700000|  0%| F|  |TAMS 0x0000000086600000, 0x0000000086600000| Untracked 
|  75|0x0000000086700000, 0x0000000086700000, 0x0000000086800000|  0%| F|  |TAMS 0x0000000086700000, 0x0000000086700000| Untracked 
|  76|0x0000000086800000, 0x0000000086800000, 0x0000000086900000|  0%| F|  |TAMS 0x0000000086800000, 0x0000000086800000| Untracked 
|  77|0x0000000086900000, 0x0000000086900000, 0x0000000086a00000|  0%| F|  |TAMS 0x0000000086900000, 0x0000000086900000| Untracked 
|  78|0x0000000086a00000, 0x0000000086a00000, 0x0000000086b00000|  0%| F|  |TAMS 0x0000000086a00000, 0x0000000086a00000| Untracked 
|  79|0x0000000086b00000, 0x0000000086b00000, 0x0000000086c00000|  0%| F|  |TAMS 0x0000000086b00000, 0x0000000086b00000| Untracked 
|  80|0x0000000086c00000, 0x0000000086c00000, 0x0000000086d00000|  0%| F|  |TAMS 0x0000000086c00000, 0x0000000086c00000| Untracked 
|  81|0x0000000086d00000, 0x0000000086d00000, 0x0000000086e00000|  0%| F|  |TAMS 0x0000000086d00000, 0x0000000086d00000| Untracked 
|  82|0x0000000086e00000, 0x0000000086e00000, 0x0000000086f00000|  0%| F|  |TAMS 0x0000000086e00000, 0x0000000086e00000| Untracked 
|  83|0x0000000086f00000, 0x0000000086f00000, 0x0000000087000000|  0%| F|  |TAMS 0x0000000086f00000, 0x0000000086f00000| Untracked 
|  84|0x0000000087000000, 0x0000000087000000, 0x0000000087100000|  0%| F|  |TAMS 0x0000000087000000, 0x0000000087000000| Untracked 
|  85|0x0000000087100000, 0x0000000087100000, 0x0000000087200000|  0%| F|  |TAMS 0x0000000087100000, 0x0000000087100000| Untracked 
|  86|0x0000000087200000, 0x0000000087200000, 0x0000000087300000|  0%| F|  |TAMS 0x0000000087200000, 0x0000000087200000| Untracked 
|  87|0x0000000087300000, 0x0000000087300000, 0x0000000087400000|  0%| F|  |TAMS 0x0000000087300000, 0x0000000087300000| Untracked 
|  88|0x0000000087400000, 0x0000000087400000, 0x0000000087500000|  0%| F|  |TAMS 0x0000000087400000, 0x0000000087400000| Untracked 
|  89|0x0000000087500000, 0x0000000087500000, 0x0000000087600000|  0%| F|  |TAMS 0x0000000087500000, 0x0000000087500000| Untracked 
|  90|0x0000000087600000, 0x0000000087600000, 0x0000000087700000|  0%| F|  |TAMS 0x0000000087600000, 0x0000000087600000| Untracked 
|  91|0x0000000087700000, 0x0000000087700000, 0x0000000087800000|  0%| F|  |TAMS 0x0000000087700000, 0x0000000087700000| Untracked 
|  92|0x0000000087800000, 0x0000000087800000, 0x0000000087900000|  0%| F|  |TAMS 0x0000000087800000, 0x0000000087800000| Untracked 
|  93|0x0000000087900000, 0x00000000879080d8, 0x0000000087a00000|  3%| E|  |TAMS 0x0000000087900000, 0x0000000087900000| Complete 
|  94|0x0000000087a00000, 0x0000000087b00000, 0x0000000087b00000|100%| E|CS|TAMS 0x0000000087a00000, 0x0000000087a00000| Complete 
|  95|0x0000000087b00000, 0x0000000087c00000, 0x0000000087c00000|100%| E|CS|TAMS 0x0000000087b00000, 0x0000000087b00000| Complete 
|  96|0x0000000087c00000, 0x0000000087d00000, 0x0000000087d00000|100%| E|CS|TAMS 0x0000000087c00000, 0x0000000087c00000| Complete 
|  97|0x0000000087d00000, 0x0000000087e00000, 0x0000000087e00000|100%| E|CS|TAMS 0x0000000087d00000, 0x0000000087d00000| Complete 
|  98|0x0000000087e00000, 0x0000000087f00000, 0x0000000087f00000|100%| E|CS|TAMS 0x0000000087e00000, 0x0000000087e00000| Complete 
|  99|0x0000000087f00000, 0x0000000088000000, 0x0000000088000000|100%| E|CS|TAMS 0x0000000087f00000, 0x0000000087f00000| Complete 
| 100|0x0000000088000000, 0x0000000088100000, 0x0000000088100000|100%| E|CS|TAMS 0x0000000088000000, 0x0000000088000000| Complete 
| 101|0x0000000088100000, 0x0000000088200000, 0x0000000088200000|100%| E|CS|TAMS 0x0000000088100000, 0x0000000088100000| Complete 
| 102|0x0000000088200000, 0x0000000088300000, 0x0000000088300000|100%| E|CS|TAMS 0x0000000088200000, 0x0000000088200000| Complete 
| 103|0x0000000088300000, 0x0000000088400000, 0x0000000088400000|100%| E|CS|TAMS 0x0000000088300000, 0x0000000088300000| Complete 
| 104|0x0000000088400000, 0x0000000088500000, 0x0000000088500000|100%| E|CS|TAMS 0x0000000088400000, 0x0000000088400000| Complete 
| 105|0x0000000088500000, 0x0000000088600000, 0x0000000088600000|100%| E|CS|TAMS 0x0000000088500000, 0x0000000088500000| Complete 
| 106|0x0000000088600000, 0x0000000088700000, 0x0000000088700000|100%| E|CS|TAMS 0x0000000088600000, 0x0000000088600000| Complete 
| 107|0x0000000088700000, 0x0000000088800000, 0x0000000088800000|100%| E|CS|TAMS 0x0000000088700000, 0x0000000088700000| Complete 
| 108|0x0000000088800000, 0x0000000088900000, 0x0000000088900000|100%| E|CS|TAMS 0x0000000088800000, 0x0000000088800000| Complete 
| 109|0x0000000088900000, 0x0000000088a00000, 0x0000000088a00000|100%| E|CS|TAMS 0x0000000088900000, 0x0000000088900000| Complete 
| 110|0x0000000088a00000, 0x0000000088b00000, 0x0000000088b00000|100%| E|CS|TAMS 0x0000000088a00000, 0x0000000088a00000| Complete 
| 111|0x0000000088b00000, 0x0000000088c00000, 0x0000000088c00000|100%| E|CS|TAMS 0x0000000088b00000, 0x0000000088b00000| Complete 
| 112|0x0000000088c00000, 0x0000000088d00000, 0x0000000088d00000|100%| E|CS|TAMS 0x0000000088c00000, 0x0000000088c00000| Complete 
| 113|0x0000000088d00000, 0x0000000088e00000, 0x0000000088e00000|100%| E|CS|TAMS 0x0000000088d00000, 0x0000000088d00000| Complete 
| 114|0x0000000088e00000, 0x0000000088f00000, 0x0000000088f00000|100%| E|CS|TAMS 0x0000000088e00000, 0x0000000088e00000| Complete 
| 115|0x0000000088f00000, 0x0000000089000000, 0x0000000089000000|100%| E|CS|TAMS 0x0000000088f00000, 0x0000000088f00000| Complete 
| 116|0x0000000089000000, 0x0000000089100000, 0x0000000089100000|100%| E|CS|TAMS 0x0000000089000000, 0x0000000089000000| Complete 
| 117|0x0000000089100000, 0x0000000089200000, 0x0000000089200000|100%| E|CS|TAMS 0x0000000089100000, 0x0000000089100000| Complete 
| 118|0x0000000089200000, 0x0000000089300000, 0x0000000089300000|100%| E|CS|TAMS 0x0000000089200000, 0x0000000089200000| Complete 
| 119|0x0000000089300000, 0x0000000089400000, 0x0000000089400000|100%| E|CS|TAMS 0x0000000089300000, 0x0000000089300000| Complete 
| 120|0x0000000089400000, 0x0000000089500000, 0x0000000089500000|100%| E|CS|TAMS 0x0000000089400000, 0x0000000089400000| Complete 
| 121|0x0000000089500000, 0x0000000089600000, 0x0000000089600000|100%| E|CS|TAMS 0x0000000089500000, 0x0000000089500000| Complete 
| 122|0x0000000089600000, 0x0000000089700000, 0x0000000089700000|100%| E|CS|TAMS 0x0000000089600000, 0x0000000089600000| Complete 
| 123|0x0000000089700000, 0x0000000089800000, 0x0000000089800000|100%| E|CS|TAMS 0x0000000089700000, 0x0000000089700000| Complete 
| 124|0x0000000089800000, 0x0000000089900000, 0x0000000089900000|100%| E|CS|TAMS 0x0000000089800000, 0x0000000089800000| Complete 
| 125|0x0000000089900000, 0x0000000089a00000, 0x0000000089a00000|100%| E|CS|TAMS 0x0000000089900000, 0x0000000089900000| Complete 
| 126|0x0000000089a00000, 0x0000000089b00000, 0x0000000089b00000|100%| E|CS|TAMS 0x0000000089a00000, 0x0000000089a00000| Complete 
| 127|0x0000000089b00000, 0x0000000089c00000, 0x0000000089c00000|100%| E|CS|TAMS 0x0000000089b00000, 0x0000000089b00000| Complete 

Card table byte_map: [0x000001b342760000,0x000001b342b60000] _byte_map_base: 0x000001b342352000

Marking Bits (Prev, Next): (CMBitMap*) 0x000001b32ac8d9d0, (CMBitMap*) 0x000001b32ac8d998
 Prev Bits: [0x000001b344ef0000, 0x000001b346e80000)
 Next Bits: [0x000001b342f60000, 0x000001b344ef0000)

Polling page: 0x000001b328a70000

Metaspace:

Usage:
  Non-class:     28.13 MB capacity,    27.64 MB ( 98%) used,   396.13 KB (  1%) free+waste,   107.00 KB ( <1%) overhead. 
      Class:      3.96 MB capacity,     3.59 MB ( 91%) used,   322.48 KB (  8%) free+waste,    52.38 KB (  1%) overhead. 
       Both:     32.09 MB capacity,    31.23 MB ( 97%) used,   718.60 KB (  2%) free+waste,   159.38 KB ( <1%) overhead. 

Virtual space:
  Non-class space:       30.00 MB reserved,      28.25 MB ( 94%) committed 
      Class space:        1.00 GB reserved,       4.00 MB ( <1%) committed 
             Both:        1.03 GB reserved,      32.25 MB (  3%) committed 

Chunk freelists:
   Non-Class:  56.00 KB
       Class:  10.00 KB
        Both:  66.00 KB

MaxMetaspaceSize: 17179869184.00 GB
CompressedClassSpaceSize: 1.00 GB
Initial GC threshold: 20.80 MB
Current GC threshold: 35.00 MB
CDS: off

CodeHeap 'non-profiled nmethods': size=120064Kb used=1397Kb max_used=1397Kb free=118666Kb
 bounds [0x000001b33ae20000, 0x000001b33b090000, 0x000001b342360000]
CodeHeap 'profiled nmethods': size=120000Kb used=6679Kb max_used=6679Kb free=113320Kb
 bounds [0x000001b3338f0000, 0x000001b333f80000, 0x000001b33ae20000]
CodeHeap 'non-nmethods': size=5696Kb used=1210Kb max_used=1254Kb free=4485Kb
 bounds [0x000001b333360000, 0x000001b3335d0000, 0x000001b3338f0000]
 total_blobs=3594 nmethods=3122 adapters=384
 compilation: enabled
              stopped_count=0, restarted_count=0
 full_count=0

Compilation events (20 events):
Event: 5.380 Thread 0x000001b349d16800 3120       3       org.springframework.core.annotation.TypeMappedAnnotations$IsPresent::get (60 bytes)
Event: 5.381 Thread 0x000001b349d16800 nmethod 3120 0x000001b333f6a390 code [0x000001b333f6a5a0, 0x000001b333f6abd8]
Event: 5.381 Thread 0x000001b349d16800 3121       3       org.springframework.core.annotation.AnnotationsProcessor::finish (2 bytes)
Event: 5.381 Thread 0x000001b349d16800 nmethod 3121 0x000001b333f6ae10 code [0x000001b333f6afc0, 0x000001b333f6b0b8]
Event: 5.383 Thread 0x000001b349d16800 3122       3       java.lang.reflect.ProxyGenerator::addProxyMethod (233 bytes)
Event: 5.387 Thread 0x000001b349d16800 nmethod 3122 0x000001b333f6b190 code [0x000001b333f6b560, 0x000001b333f6d0a8]
Event: 5.388 Thread 0x000001b349d16800 3123       1       org.springframework.core.type.StandardClassMetadata::getIntrospectedClass (5 bytes)
Event: 5.388 Thread 0x000001b349d16800 nmethod 3123 0x000001b33af7cf10 code [0x000001b33af7d0c0, 0x000001b33af7d178]
Event: 5.388 Thread 0x000001b349d16800 3124       3       org.springframework.core.annotation.TypeMappedAnnotations::isPresent (39 bytes)
Event: 5.389 Thread 0x000001b349d16800 nmethod 3124 0x000001b333f6d990 code [0x000001b333f6dba0, 0x000001b333f6e148]
Event: 5.389 Thread 0x000001b349d16800 3125       3       org.springframework.core.type.StandardAnnotationMetadata::isAnnotatedMethod (29 bytes)
Event: 5.390 Thread 0x000001b349d16800 nmethod 3125 0x000001b333f6e310 code [0x000001b333f6e5c0, 0x000001b333f6f258]
Event: 5.390 Thread 0x000001b349d16800 3126       3       org.springframework.core.annotation.AnnotationsScanner::processClass (113 bytes)
Event: 5.392 Thread 0x000001b349d16800 nmethod 3126 0x000001b333f6f690 code [0x000001b333f6f980, 0x000001b333f708a8]
Event: 5.392 Thread 0x000001b349d16800 3127   !   3       org.springframework.context.annotation.ConfigurationClassUtils::checkConfigurationClassCandidate (306 bytes)
Event: 5.396 Thread 0x000001b349d16800 nmethod 3127 0x000001b333f70e10 code [0x000001b333f713c0, 0x000001b333f744f8]
Event: 5.396 Thread 0x000001b349d16800 3129       3       org.springframework.beans.factory.support.AbstractBeanDefinition::resolveBeanClass (24 bytes)
Event: 5.396 Thread 0x000001b349d16800 nmethod 3129 0x000001b333f75310 code [0x000001b333f75520, 0x000001b333f75bf8]
Event: 5.397 Thread 0x000001b349d16800 3128       1       org.springframework.context.annotation.ConfigurationClassBeanDefinitionReader$ConfigurationClassBeanDefinition::getFactoryMethodMetadata (5 bytes)
Event: 5.397 Thread 0x000001b349d16800 nmethod 3128 0x000001b33af7d210 code [0x000001b33af7d3c0, 0x000001b33af7d478]

GC Heap History (12 events):
Event: 1.602 GC heap before
{Heap before GC invocations=0 (full 0):
 garbage-first heap   total 131072K, used 14336K [0x0000000081c00000, 0x0000000100000000)
  region size 1024K, 14 young (14336K), 0 survivors (0K)
 Metaspace       used 12910K, capacity 13250K, committed 13440K, reserved 1060864K
  class space    used 1293K, capacity 1406K, committed 1408K, reserved 1048576K
}
Event: 1.612 GC heap after
{Heap after GC invocations=1 (full 0):
 garbage-first heap   total 131072K, used 6141K [0x0000000081c00000, 0x0000000100000000)
  region size 1024K, 2 young (2048K), 2 survivors (2048K)
 Metaspace       used 12910K, capacity 13250K, committed 13440K, reserved 1060864K
  class space    used 1293K, capacity 1406K, committed 1408K, reserved 1048576K
}
Event: 2.028 GC heap before
{Heap before GC invocations=1 (full 0):
 garbage-first heap   total 131072K, used 10237K [0x0000000081c00000, 0x0000000100000000)
  region size 1024K, 6 young (6144K), 2 survivors (2048K)
 Metaspace       used 14317K, capacity 14704K, committed 14976K, reserved 1062912K
  class space    used 1430K, capacity 1571K, committed 1664K, reserved 1048576K
}
Event: 2.035 GC heap after
{Heap after GC invocations=2 (full 0):
 garbage-first heap   total 131072K, used 6762K [0x0000000081c00000, 0x0000000100000000)
  region size 1024K, 1 young (1024K), 1 survivors (1024K)
 Metaspace       used 14317K, capacity 14704K, committed 14976K, reserved 1062912K
  class space    used 1430K, capacity 1571K, committed 1664K, reserved 1048576K
}
Event: 2.622 GC heap before
{Heap before GC invocations=2 (full 0):
 garbage-first heap   total 131072K, used 27242K [0x0000000081c00000, 0x0000000100000000)
  region size 1024K, 21 young (21504K), 1 survivors (1024K)
 Metaspace       used 18226K, capacity 18710K, committed 18816K, reserved 1067008K
  class space    used 1921K, capacity 2107K, committed 2176K, reserved 1048576K
}
Event: 2.626 GC heap after
{Heap after GC invocations=3 (full 0):
 garbage-first heap   total 131072K, used 7880K [0x0000000081c00000, 0x0000000100000000)
  region size 1024K, 2 young (2048K), 2 survivors (2048K)
 Metaspace       used 18226K, capacity 18710K, committed 18816K, reserved 1067008K
  class space    used 1921K, capacity 2107K, committed 2176K, reserved 1048576K
}
Event: 3.031 GC heap before
{Heap before GC invocations=3 (full 0):
 garbage-first heap   total 131072K, used 22216K [0x0000000081c00000, 0x0000000100000000)
  region size 1024K, 17 young (17408K), 2 survivors (2048K)
 Metaspace       used 20529K, capacity 21153K, committed 21248K, reserved 1069056K
  class space    used 2257K, capacity 2522K, committed 2560K, reserved 1048576K
}
Event: 3.036 GC heap after
{Heap after GC invocations=4 (full 0):
 garbage-first heap   total 131072K, used 8676K [0x0000000081c00000, 0x0000000100000000)
  region size 1024K, 3 young (3072K), 3 survivors (3072K)
 Metaspace       used 20529K, capacity 21153K, committed 21248K, reserved 1069056K
  class space    used 2257K, capacity 2522K, committed 2560K, reserved 1048576K
}
Event: 3.585 GC heap before
{Heap before GC invocations=5 (full 0):
 garbage-first heap   total 131072K, used 42468K [0x0000000081c00000, 0x0000000100000000)
  region size 1024K, 37 young (37888K), 3 survivors (3072K)
 Metaspace       used 26714K, capacity 27433K, committed 27648K, reserved 1073152K
  class space    used 3029K, capacity 3322K, committed 3328K, reserved 1048576K
}
Event: 3.591 GC heap after
{Heap after GC invocations=6 (full 0):
 garbage-first heap   total 131072K, used 9841K [0x0000000081c00000, 0x0000000100000000)
  region size 1024K, 4 young (4096K), 4 survivors (4096K)
 Metaspace       used 26714K, capacity 27433K, committed 27648K, reserved 1073152K
  class space    used 3029K, capacity 3322K, committed 3328K, reserved 1048576K
}
Event: 4.126 GC heap before
{Heap before GC invocations=6 (full 0):
 garbage-first heap   total 131072K, used 67185K [0x0000000081c00000, 0x0000000100000000)
  region size 1024K, 61 young (62464K), 4 survivors (4096K)
 Metaspace       used 28508K, capacity 29341K, committed 29440K, reserved 1075200K
  class space    used 3219K, capacity 3552K, committed 3584K, reserved 1048576K
}
Event: 4.135 GC heap after
{Heap after GC invocations=7 (full 0):
 garbage-first heap   total 131072K, used 11061K [0x0000000081c00000, 0x0000000100000000)
  region size 1024K, 5 young (5120K), 5 survivors (5120K)
 Metaspace       used 28508K, capacity 29341K, committed 29440K, reserved 1075200K
  class space    used 3219K, capacity 3552K, committed 3584K, reserved 1048576K
}

Deoptimization events (20 events):
Event: 5.130 Thread 0x000001b32ac4b800 Uncommon trap: trap_request=0xffffff4d fr.pc=0x000001b33af6afec relative=0x00000000000022cc
Event: 5.130 Thread 0x000001b32ac4b800 Uncommon trap: reason=unstable_if action=reinterpret pc=0x000001b33af6afec method=org.springframework.beans.factory.support.AbstractBeanFactory.isTypeMatch(Ljava/lang/String;Lorg/springframework/core/ResolvableType;Z)Z @ 466 c2
Event: 5.130 Thread 0x000001b32ac4b800 DEOPT PACKING pc=0x000001b33af6afec sp=0x00000016a12fe130
Event: 5.130 Thread 0x000001b32ac4b800 DEOPT UNPACKING pc=0x000001b3333aa1af sp=0x00000016a12fe0f8 mode 2
Event: 5.140 Thread 0x000001b32ac4b800 Uncommon trap: trap_request=0xffffffd6 fr.pc=0x000001b33af73528 relative=0x0000000000000348
Event: 5.140 Thread 0x000001b32ac4b800 Uncommon trap: reason=array_check action=maybe_recompile pc=0x000001b33af73528 method=java.util.AbstractCollection.toArray([Ljava/lang/Object;)[Ljava/lang/Object; @ 116 c2
Event: 5.140 Thread 0x000001b32ac4b800 DEOPT PACKING pc=0x000001b33af73528 sp=0x00000016a12fe200
Event: 5.140 Thread 0x000001b32ac4b800 DEOPT UNPACKING pc=0x000001b3333aa1af sp=0x00000016a12fe1a0 mode 2
Event: 5.140 Thread 0x000001b32ac4b800 Uncommon trap: trap_request=0xffffffd6 fr.pc=0x000001b33af73528 relative=0x0000000000000348
Event: 5.140 Thread 0x000001b32ac4b800 Uncommon trap: reason=array_check action=maybe_recompile pc=0x000001b33af73528 method=java.util.AbstractCollection.toArray([Ljava/lang/Object;)[Ljava/lang/Object; @ 116 c2
Event: 5.140 Thread 0x000001b32ac4b800 DEOPT PACKING pc=0x000001b33af73528 sp=0x00000016a12fe460
Event: 5.140 Thread 0x000001b32ac4b800 DEOPT UNPACKING pc=0x000001b3333aa1af sp=0x00000016a12fe400 mode 2
Event: 5.140 Thread 0x000001b32ac4b800 Uncommon trap: trap_request=0xffffffd6 fr.pc=0x000001b33af73528 relative=0x0000000000000348
Event: 5.140 Thread 0x000001b32ac4b800 Uncommon trap: reason=array_check action=maybe_recompile pc=0x000001b33af73528 method=java.util.AbstractCollection.toArray([Ljava/lang/Object;)[Ljava/lang/Object; @ 116 c2
Event: 5.140 Thread 0x000001b32ac4b800 DEOPT PACKING pc=0x000001b33af73528 sp=0x00000016a12fe340
Event: 5.140 Thread 0x000001b32ac4b800 DEOPT UNPACKING pc=0x000001b3333aa1af sp=0x00000016a12fe2e0 mode 2
Event: 5.140 Thread 0x000001b32ac4b800 Uncommon trap: trap_request=0xffffffd6 fr.pc=0x000001b33af73528 relative=0x0000000000000348
Event: 5.140 Thread 0x000001b32ac4b800 Uncommon trap: reason=array_check action=maybe_recompile pc=0x000001b33af73528 method=java.util.AbstractCollection.toArray([Ljava/lang/Object;)[Ljava/lang/Object; @ 116 c2
Event: 5.140 Thread 0x000001b32ac4b800 DEOPT PACKING pc=0x000001b33af73528 sp=0x00000016a12fe340
Event: 5.140 Thread 0x000001b32ac4b800 DEOPT UNPACKING pc=0x000001b3333aa1af sp=0x00000016a12fe2e0 mode 2

Classes redefined (0 events):
No events

Internal exceptions (20 events):
Event: 3.445 Thread 0x000001b32ac4b800 Exception <a 'java/lang/ClassNotFoundException'{0x0000000088118d50}: org/springframework/core/OrderedCustomizer> (0x0000000088118d50) thrown at [./src/hotspot/share/classfile/systemDictionary.cpp, line 231]
Event: 3.447 Thread 0x000001b32ac4b800 Exception <a 'java/lang/ClassNotFoundException'{0x0000000088126330}: org/springframework/context/ResourceLoaderAwareCustomizer> (0x0000000088126330) thrown at [./src/hotspot/share/classfile/systemDictionary.cpp, line 231]
Event: 3.448 Thread 0x000001b32ac4b800 Exception <a 'java/lang/ClassNotFoundException'{0x0000000088132e18}: org/springframework/beans/factory/AwareCustomizer> (0x0000000088132e18) thrown at [./src/hotspot/share/classfile/systemDictionary.cpp, line 231]
Event: 3.449 Thread 0x000001b32ac4b800 Exception <a 'java/lang/ClassNotFoundException'{0x000000008813fed8}: org/springframework/context/ApplicationStartupAwareCustomizer> (0x000000008813fed8) thrown at [./src/hotspot/share/classfile/systemDictionary.cpp, line 231]
Event: 3.450 Thread 0x000001b32ac4b800 Exception <a 'java/lang/ClassNotFoundException'{0x000000008814cc38}: org/springframework/beans/factory/AwareCustomizer> (0x000000008814cc38) thrown at [./src/hotspot/share/classfile/systemDictionary.cpp, line 231]
Event: 3.451 Thread 0x000001b32ac4b800 Exception <a 'java/lang/ClassNotFoundException'{0x0000000088159f60}: org/springframework/beans/factory/BeanClassLoaderAwareCustomizer> (0x0000000088159f60) thrown at [./src/hotspot/share/classfile/systemDictionary.cpp, line 231]
Event: 3.452 Thread 0x000001b32ac4b800 Exception <a 'java/lang/ClassNotFoundException'{0x0000000088166a60}: org/springframework/beans/factory/AwareCustomizer> (0x0000000088166a60) thrown at [./src/hotspot/share/classfile/systemDictionary.cpp, line 231]
Event: 3.452 Thread 0x000001b32ac4b800 Exception <a 'java/lang/ClassNotFoundException'{0x0000000088172ed8}: org/springframework/context/EnvironmentAwareCustomizer> (0x0000000088172ed8) thrown at [./src/hotspot/share/classfile/systemDictionary.cpp, line 231]
Event: 3.453 Thread 0x000001b32ac4b800 Exception <a 'java/lang/ClassNotFoundException'{0x000000008817f950}: org/springframework/beans/factory/AwareCustomizer> (0x000000008817f950) thrown at [./src/hotspot/share/classfile/systemDictionary.cpp, line 231]
Event: 3.552 Thread 0x000001b34b620800 Exception <a 'java/lang/NoSuchMethodError'{0x0000000087805940}: 'long java.lang.invoke.DirectMethodHandle$Holder.invokeSpecial(java.lang.Object, java.lang.Object)'> (0x0000000087805940) thrown at [./src/hotspot/share/interpreter/linkResolver.cpp, line 773]
Event: 3.554 Thread 0x000001b34b620800 Exception <a 'java/lang/NoSuchMethodError'{0x000000008780fc90}: 'long java.lang.invoke.DirectMethodHandle$Holder.invokeStatic(java.lang.Object, java.lang.Object)'> (0x000000008780fc90) thrown at [./src/hotspot/share/interpreter/linkResolver.cpp, line 773]
Event: 3.555 Thread 0x000001b34b620800 Exception <a 'java/lang/NoSuchMethodError'{0x0000000087812ab8}: 'long java.lang.invoke.DirectMethodHandle$Holder.invokeStaticInit(java.lang.Object, java.lang.Object)'> (0x0000000087812ab8) thrown at [./src/hotspot/share/interpreter/linkResolver.cpp, line 773]
Event: 3.556 Thread 0x000001b34b620800 Exception <a 'java/lang/NoSuchMethodError'{0x000000008781ef78}: 'long java.lang.invoke.DirectMethodHandle$Holder.invokeInterface(java.lang.Object, java.lang.Object)'> (0x000000008781ef78) thrown at [./src/hotspot/share/interpreter/linkResolver.cpp, line 773]
Event: 3.557 Thread 0x000001b34b620800 Exception <a 'java/lang/IncompatibleClassChangeError'{0x0000000087821d10}: Found class java.lang.Object, but interface was expected> (0x0000000087821d10) thrown at [./src/hotspot/share/interpreter/linkResolver.cpp, line 839]
Event: 3.580 Thread 0x000001b34b620800 Exception <a 'java/lang/NoSuchMethodError'{0x0000000087755ff8}: 'java.lang.Object java.lang.invoke.DirectMethodHandle$Holder.invokeVirtual(java.lang.Object, java.lang.Object, java.lang.Object, java.lang.Object)'> (0x0000000087755ff8) thrown at [./src/hotspot/share/interpreter/linkResolver.cpp, line 773]
Event: 3.685 Thread 0x000001b32ac4b800 Exception <a 'java/lang/IncompatibleClassChangeError'{0x0000000086d43cb8}: Found class java.lang.Object, but interface was expected> (0x0000000086d43cb8) thrown at [./src/hotspot/share/interpreter/linkResolver.cpp, line 839]
Event: 3.830 Thread 0x000001b32ac4b800 Exception <a 'java/lang/NoSuchMethodError'{0x0000000086b5e028}: 'void java.lang.invoke.DirectMethodHandle$Holder.invokeInterface(java.lang.Object, java.lang.Object, java.lang.Object, java.lang.Object)'> (0x0000000086b5e028) thrown at [./src/hotspot/share/interpreter/linkResolver.cpp, line 773]
Event: 3.959 Thread 0x000001b32ac4b800 Implicit null exception at 0x000001b33aeb59cf to 0x000001b33aeb5e2c
Event: 3.964 Thread 0x000001b32ac4b800 Exception <a 'java/lang/NoSuchMethodError'{0x0000000086540b50}: 'void java.lang.invoke.DelegatingMethodHandle$Holder.delegate(java.lang.Object, java.lang.Object, int, java.lang.Object)'> (0x0000000086540b50) thrown at [./src/hotspot/share/interpreter/linkResolver.cpp, line 773]
Event: 5.602 Thread 0x000001b32ac4b800 Exception <a 'java/lang/OutOfMemoryError'{0x0000000087af8db0}> (0x0000000087af8db0) thrown at [./src/hotspot/share/prims/jni.cpp, line 636]

Events (20 events):
Event: 5.405 loading class org/springframework/context/annotation/ConfigurationClassEnhancer$ConditionalCallbackFilter
Event: 5.405 loading class org/springframework/context/annotation/ConfigurationClassEnhancer$ConditionalCallbackFilter done
Event: 5.406 loading class org/springframework/objenesis/SpringObjenesis
Event: 5.406 loading class org/springframework/objenesis/SpringObjenesis done
Event: 5.580 loading class org/springframework/objenesis/Objenesis
Event: 5.580 loading class org/springframework/objenesis/Objenesis done
Event: 5.582 loading class org/springframework/objenesis/strategy/InstantiatorStrategy
Event: 5.582 loading class org/springframework/objenesis/strategy/InstantiatorStrategy done
Event: 5.585 loading class org/springframework/objenesis/strategy/StdInstantiatorStrategy
Event: 5.585 loading class org/springframework/objenesis/strategy/StdInstantiatorStrategy done
Event: 5.586 loading class org/springframework/objenesis/strategy/BaseInstantiatorStrategy
Event: 5.586 loading class org/springframework/objenesis/strategy/BaseInstantiatorStrategy done
Event: 5.588 loading class org/springframework/objenesis/instantiator/ObjectInstantiator
Event: 5.588 loading class org/springframework/objenesis/instantiator/ObjectInstantiator done
Event: 5.592 loading class org/springframework/aop/framework/autoproxy/AutoProxyUtils
Event: 5.592 loading class org/springframework/aop/framework/autoproxy/AutoProxyUtils done
Event: 5.599 loading class org/springframework/context/annotation/ConfigurationClassEnhancer$EnhancedConfiguration
Event: 5.599 loading class org/springframework/context/annotation/ConfigurationClassEnhancer$EnhancedConfiguration done
Event: 5.600 loading class org/springframework/cglib/proxy/Enhancer
Event: 5.600 loading class org/springframework/cglib/proxy/Enhancer done


Dynamic libraries:
0x00007ff6390c0000 - 0x00007ff6390cd000 	C:\Program Files\Eclipse Foundation\jdk-11.0.12.7-hotspot\bin\java.exe
0x00007ffb52810000 - 0x00007ffb52a04000 	C:\WINDOWS\SYSTEM32\ntdll.dll
0x00007ffb51cc0000 - 0x00007ffb51d7d000 	C:\WINDOWS\System32\KERNEL32.DLL
0x00007ffb503a0000 - 0x00007ffb50667000 	C:\WINDOWS\System32\KERNELBASE.dll
0x00007ffb50770000 - 0x00007ffb50870000 	C:\WINDOWS\System32\ucrtbase.dll
0x00007ffb3d630000 - 0x00007ffb3d647000 	C:\Program Files\Eclipse Foundation\jdk-11.0.12.7-hotspot\bin\jli.dll
0x00007ffb3d610000 - 0x00007ffb3d625000 	C:\Program Files\Eclipse Foundation\jdk-11.0.12.7-hotspot\bin\VCRUNTIME140.dll
0x00007ffb50a30000 - 0x00007ffb50bd0000 	C:\WINDOWS\System32\USER32.dll
0x00007ffb50160000 - 0x00007ffb50182000 	C:\WINDOWS\System32\win32u.dll
0x00007ffb517c0000 - 0x00007ffb517ea000 	C:\WINDOWS\System32\GDI32.dll
0x00007ffb3f150000 - 0x00007ffb3f3ea000 	C:\WINDOWS\WinSxS\amd64_microsoft.windows.common-controls_6595b64144ccf1df_6.0.19041.1_none_b555e41d4684ddec\COMCTL32.dll
0x00007ffb50d30000 - 0x00007ffb50dce000 	C:\WINDOWS\System32\msvcrt.dll
0x00007ffb501e0000 - 0x00007ffb502ea000 	C:\WINDOWS\System32\gdi32full.dll
0x00007ffb50670000 - 0x00007ffb5070d000 	C:\WINDOWS\System32\msvcp_win.dll
0x00007ffb51ae0000 - 0x00007ffb51b10000 	C:\WINDOWS\System32\IMM32.DLL
0x00007ffb10580000 - 0x00007ffb1061b000 	C:\Program Files\Eclipse Foundation\jdk-11.0.12.7-hotspot\bin\msvcp140.dll
0x00007ffaf9110000 - 0x00007ffaf9c69000 	C:\Program Files\Eclipse Foundation\jdk-11.0.12.7-hotspot\bin\server\jvm.dll
0x00007ffb51860000 - 0x00007ffb5190a000 	C:\WINDOWS\System32\ADVAPI32.dll
0x00007ffb51e10000 - 0x00007ffb51eab000 	C:\WINDOWS\System32\sechost.dll
0x00007ffb51b10000 - 0x00007ffb51c33000 	C:\WINDOWS\System32\RPCRT4.dll
0x00007ffb51eb0000 - 0x00007ffb51eb8000 	C:\WINDOWS\System32\PSAPI.DLL
0x00007ffb3d5b0000 - 0x00007ffb3d5b9000 	C:\WINDOWS\SYSTEM32\WSOCK32.dll
0x00007ffb517f0000 - 0x00007ffb5185b000 	C:\WINDOWS\System32\WS2_32.dll
0x00007ffb47770000 - 0x00007ffb4777a000 	C:\WINDOWS\SYSTEM32\VERSION.dll
0x00007ffb40d60000 - 0x00007ffb40d87000 	C:\WINDOWS\SYSTEM32\WINMM.dll
0x00007ffb4e850000 - 0x00007ffb4e863000 	C:\WINDOWS\SYSTEM32\kernel.appcore.dll
0x00007ffb3d400000 - 0x00007ffb3d410000 	C:\Program Files\Eclipse Foundation\jdk-11.0.12.7-hotspot\bin\verify.dll
0x00007ffb4e580000 - 0x00007ffb4e764000 	C:\WINDOWS\SYSTEM32\DBGHELP.DLL
0x00007ffb490f0000 - 0x00007ffb4911c000 	C:\WINDOWS\SYSTEM32\dbgcore.DLL
0x00007ffb500e0000 - 0x00007ffb5015f000 	C:\WINDOWS\System32\bcryptPrimitives.dll
0x00007ffb17720000 - 0x00007ffb17748000 	C:\Program Files\Eclipse Foundation\jdk-11.0.12.7-hotspot\bin\java.dll
0x00007ffb3c7f0000 - 0x00007ffb3c7fa000 	C:\Program Files\Eclipse Foundation\jdk-11.0.12.7-hotspot\bin\jimage.dll
0x00007ffb15d20000 - 0x00007ffb15d37000 	C:\Program Files\Eclipse Foundation\jdk-11.0.12.7-hotspot\bin\zip.dll
0x00007ffb51ec0000 - 0x00007ffb525f1000 	C:\WINDOWS\System32\SHELL32.dll
0x00007ffb4dd30000 - 0x00007ffb4e4ba000 	C:\WINDOWS\SYSTEM32\windows.storage.dll
0x00007ffb51450000 - 0x00007ffb517a4000 	C:\WINDOWS\System32\combase.dll
0x00007ffb4f9d0000 - 0x00007ffb4f9fb000 	C:\WINDOWS\SYSTEM32\Wldp.dll
0x00007ffb52600000 - 0x00007ffb526ae000 	C:\WINDOWS\System32\SHCORE.dll
0x00007ffb51970000 - 0x00007ffb519c5000 	C:\WINDOWS\System32\shlwapi.dll
0x00007ffb4fe90000 - 0x00007ffb4feaf000 	C:\WINDOWS\SYSTEM32\profapi.dll
0x00007ffb15890000 - 0x00007ffb158a9000 	C:\Program Files\Eclipse Foundation\jdk-11.0.12.7-hotspot\bin\net.dll
0x00007ffb3fe80000 - 0x00007ffb3ff82000 	C:\WINDOWS\SYSTEM32\WINHTTP.dll
0x00007ffb4f750000 - 0x00007ffb4f7ba000 	C:\WINDOWS\system32\mswsock.dll
0x00007ffb15870000 - 0x00007ffb15882000 	C:\Program Files\Eclipse Foundation\jdk-11.0.12.7-hotspot\bin\nio.dll
0x00007ffb4b9a0000 - 0x00007ffb4b9a9000 	C:\Program Files\Eclipse Foundation\jdk-11.0.12.7-hotspot\bin\management.dll
0x00007ffb41420000 - 0x00007ffb4142b000 	C:\Program Files\Eclipse Foundation\jdk-11.0.12.7-hotspot\bin\management_ext.dll
0x00007ffb38ab0000 - 0x00007ffb38ac7000 	C:\WINDOWS\system32\napinsp.dll
0x00007ffb38a90000 - 0x00007ffb38aab000 	C:\WINDOWS\system32\pnrpnsp.dll
0x00007ffb37bf0000 - 0x00007ffb37c05000 	C:\WINDOWS\system32\wshbth.dll
0x00007ffb4b8e0000 - 0x00007ffb4b8fd000 	C:\WINDOWS\system32\NLAapi.dll
0x00007ffb4f3f0000 - 0x00007ffb4f42b000 	C:\WINDOWS\SYSTEM32\IPHLPAPI.DLL
0x00007ffb4f440000 - 0x00007ffb4f50a000 	C:\WINDOWS\SYSTEM32\DNSAPI.dll
0x00007ffb50bd0000 - 0x00007ffb50bd9000 	C:\WINDOWS\System32\NSI.dll
0x00007ffb37bd0000 - 0x00007ffb37be2000 	C:\WINDOWS\System32\winrnr.dll
0x00007ffb3f120000 - 0x00007ffb3f12a000 	C:\Windows\System32\rasadhlp.dll
0x00007ffb40330000 - 0x00007ffb403af000 	C:\WINDOWS\System32\fwpuclnt.dll
0x00007ffb500b0000 - 0x00007ffb500d7000 	C:\WINDOWS\System32\bcrypt.dll
0x00007ffb4f920000 - 0x00007ffb4f938000 	C:\WINDOWS\SYSTEM32\CRYPTSP.dll
0x00007ffb4f070000 - 0x00007ffb4f0a4000 	C:\WINDOWS\system32\rsaenh.dll
0x00007ffb4fe10000 - 0x00007ffb4fe3e000 	C:\WINDOWS\SYSTEM32\USERENV.dll
0x00007ffb4f940000 - 0x00007ffb4f94c000 	C:\WINDOWS\SYSTEM32\CRYPTBASE.dll
0x00007ffb41e00000 - 0x00007ffb41e17000 	C:\WINDOWS\SYSTEM32\dhcpcsvc6.DLL
0x00007ffb421d0000 - 0x00007ffb421ed000 	C:\WINDOWS\SYSTEM32\dhcpcsvc.DLL

dbghelp: loaded successfully - version: 4.0.5 - missing functions: none
symbol engine: initialized successfully - sym options: 0x614 - pdb path: .;C:\Program Files\Eclipse Foundation\jdk-11.0.12.7-hotspot\bin;C:\WINDOWS\SYSTEM32;C:\WINDOWS\WinSxS\amd64_microsoft.windows.common-controls_6595b64144ccf1df_6.0.19041.1_none_b555e41d4684ddec;C:\Program Files\Eclipse Foundation\jdk-11.0.12.7-hotspot\bin\server

VM Arguments:
jvm_args: -Dcom.sun.management.jmxremote -Dcom.sun.management.jmxremote.port=54664 -Dcom.sun.management.jmxremote.authenticate=false -Dcom.sun.management.jmxremote.ssl=false -Djava.rmi.server.hostname=localhost -Dspring.application.admin.enabled=true -Dspring.jmx.enabled=true -Dfile.encoding=UTF-8 
java_command: co.usa.alquilercomputadores.alquilercomputadores.AlquilercomputadoresApplication
java_class_path (initial): C:\Users\User\Documents\sem2\Demo2\alquilercomputadores\target\classes;C:\Users\User\.m2\repository\org\springframework\boot\spring-boot-starter-data-jpa\2.5.6-SNAPSHOT\spring-boot-starter-data-jpa-2.5.6-SNAPSHOT.jar;C:\Users\User\.m2\repository\org\springframework\boot\spring-boot-starter-aop\2.5.6-SNAPSHOT\spring-boot-starter-aop-2.5.6-SNAPSHOT.jar;C:\Users\User\.m2\repository\org\springframework\spring-aop\5.3.11-SNAPSHOT\spring-aop-5.3.11-SNAPSHOT.jar;C:\Users\User\.m2\repository\org\aspectj\aspectjweaver\1.9.7\aspectjweaver-1.9.7.jar;C:\Users\User\.m2\repository\org\springframework\boot\spring-boot-starter-jdbc\2.5.6-SNAPSHOT\spring-boot-starter-jdbc-2.5.6-SNAPSHOT.jar;C:\Users\User\.m2\repository\com\zaxxer\HikariCP\4.0.3\HikariCP-4.0.3.jar;C:\Users\User\.m2\repository\org\springframework\spring-jdbc\5.3.11-SNAPSHOT\spring-jdbc-5.3.11-SNAPSHOT.jar;C:\Users\User\.m2\repository\jakarta\transaction\jakarta.transaction-api\1.3.3\jakarta.transaction-api-1.3.3.jar;C:\Users\User\.m2\repository\jakarta\persistence\jakarta.persistence-api\2.2.3\jakarta.persistence-api-2.2.3.jar;C:\Users\User\.m2\repository\org\hibernate\hibernate-core\5.4.32.Final\hibernate-core-5.4.32.Final.jar;C:\Users\User\.m2\repository\org\jboss\logging\jboss-logging\3.4.2.Final\jboss-logging-3.4.2.Final.jar;C:\Users\User\.m2\repository\org\javassist\javassist\3.27.0-GA\javassist-3.27.0-GA.jar;C:\Users\User\.m2\repository\net\bytebuddy\byte-buddy\1.10.22\byte-buddy-1.10.22.jar;C:\Users\User\.m2\repository\antlr\antlr\2.7.7\antlr-2.7.7.jar;C:\Users\User\.m2\repository\org\jboss\jandex\2.2.3.Final\jandex-2.2.3.Final.jar;C:\Users\User\.m2\repository\com\fasterxml\classmate\1.5.1\classmate-1.5.1.jar;C:\Users\User\.m2\repository\org\dom4j\dom4j\2.1.3\dom4j-2.1.3.jar;C:\Users\User\.m2\repository\org\hibernate\common\hibernate-commons-annotations\5.1.2.Final\hibernate-commons-annotations-5.1.2.Final.jar;C:\Users\User\.m2\repository\org\glassfish\jaxb\jaxb-runtime\2.3.5\jaxb-r
Launcher Type: SUN_STANDARD

[Global flags]
     intx CICompilerCount                          = 3                                         {product} {ergonomic}
     uint ConcGCThreads                            = 1                                         {product} {ergonomic}
     uint G1ConcRefinementThreads                  = 4                                         {product} {ergonomic}
   size_t G1HeapRegionSize                         = 1048576                                   {product} {ergonomic}
    uintx GCDrainStackTargetSize                   = 64                                        {product} {ergonomic}
   size_t InitialHeapSize                          = 134217728                                 {product} {ergonomic}
     bool ManagementServer                         = true                                      {product} {command line}
   size_t MarkStackSize                            = 4194304                                   {product} {ergonomic}
   size_t MaxHeapSize                              = 2118123520                                {product} {ergonomic}
   size_t MaxNewSize                               = 1270874112                                {product} {ergonomic}
   size_t MinHeapDeltaBytes                        = 1048576                                   {product} {ergonomic}
    uintx NonNMethodCodeHeapSize                   = 5830732                                {pd product} {ergonomic}
    uintx NonProfiledCodeHeapSize                  = 122913754                              {pd product} {ergonomic}
    uintx ProfiledCodeHeapSize                     = 122913754                              {pd product} {ergonomic}
    uintx ReservedCodeCacheSize                    = 251658240                              {pd product} {ergonomic}
     bool SegmentedCodeCache                       = true                                      {product} {ergonomic}
     bool UseCompressedClassPointers               = true                                 {lp64_product} {ergonomic}
     bool UseCompressedOops                        = true                                 {lp64_product} {ergonomic}
     bool UseG1GC                                  = true                                      {product} {ergonomic}
     bool UseLargePagesIndividualAllocation        = false                                  {pd product} {ergonomic}

Logging:
Log output configuration:
 #0: stdout all=warning uptime,level,tags
 #1: stderr all=off uptime,level,tags

Environment Variables:
JAVA_HOME=C:\Program Files\Eclipse Foundation\jdk-11.0.12.7-hotspot
PATH=C:\Program Files\Eclipse Foundation\jdk-11.0.12.7-hotspot\bin;C:\ProgramData\Oracle\Java\javapath;C:\Program Files\Rockwell Software\RSCommon;C:\Program Files\ImageMagick-7.0.10-Q16-HDRI;C:\Program Files (x86)\Intel\TXE Components\TCS\;C:\Program Files\Intel\TXE Components\TCS\;C:\Windows\system32;C:\Windows;C:\Windows\System32\Wbem;C:\Windows\System32\WindowsPowerShell\v1.0\;C:\Program Files (x86)\NVIDIA Corporation\PhysX\Common;C:\Program Files\Microsoft SQL Server\130\Tools\Binn\;C:\Program Files\dotnet\;C:\Program Files\MiKTeX 2.9\miktex\bin\x64\;C:\WINDOWS\system32;C:\WINDOWS;C:\WINDOWS\System32\Wbem;C:\WINDOWS\System32\WindowsPowerShell\v1.0\;C:\WINDOWS\System32\OpenSSH\;C:\Program Files\MATLAB\R2018a\runtime\win64;C:\Program Files\MATLAB\R2018a\bin;C:\Program Files\nodejs\;C:\ProgramData\chocolatey\bin;C:\Program Files\Microsoft SQL Server\Client SDK\ODBC\130\Tools\Binn\;C:\Program Files (x86)\Microsoft SQL Server\140\Tools\Binn\;C:\Program Files\Microsoft SQL Server\140\Tools\Binn\;C:\Program Files\Microsoft SQL Server\140\DTS\Binn\;C:\Program Files (x86)\Microsoft SQL Server\150\DTS\Binn\;C:\Program Files\Git\cmd;C:\apache-maven-3.8.3\bin;C:\Program Files\Eclipse Foundation\jdk-11.0.12.7-hotspot\bin;C:\Program Files\MySQL\MySQL Shell 8.0\bin\;C:\Users\User\AppData\Local\Microsoft\WindowsApps;C:\Users\User\AppData\Local\atom\bin;C:\Users\User\AppData\Roaming\npm;C:\Users\User\AppData\Local\Microsoft\WindowsApps;C:\Users\User\AppData\Local\Programs\Microsoft VS Code\bin;C:\Program Files\Python36;C:\Program Files\Python36\Scripts;
USERNAME=User
OS=Windows_NT
PROCESSOR_IDENTIFIER=Intel64 Family 6 Model 142 Stepping 9, GenuineIntel



---------------  S Y S T E M  ---------------

OS: Windows 10 , 64 bit Build 19041 (10.0.19041.1)
OS uptime: 7 days 2:12 hours

CPU:total 4 (initial active 4) (2 cores per cpu, 2 threads per core) family 6 model 142 stepping 9 microcode 0xb4, cmov, cx8, fxsr, mmx, sse, sse2, sse3, ssse3, sse4.1, sse4.2, popcnt, avx, avx2, aes, clmul, erms, 3dnowpref, lzcnt, ht, tsc, tscinvbit, bmi1, bmi2, adx, fma

Memory: 4k page, system-wide physical 8073M (1338M free)
TotalPageFile size 8073M (AvailPageFile size 1M)
current process WorkingSet (physical memory assigned to process): 203M, peak: 203M
current process commit charge ("private bytes"): 292M, peak: 293M

vm_info: OpenJDK 64-Bit Server VM (11.0.12+7) for windows-amd64 JRE (11.0.12+7), built on Jul 21 2021 16:23:49 by "" with unknown MS VC++:1916

END.
