#
# There is insufficient memory for the Java Runtime Environment to continue.
# Native memory allocation (malloc) failed to allocate 1048576 bytes for AllocateHeap
# Possible reasons:
#   The system is out of physical RAM or swap space
#   The process is running with CompressedOops enabled, and the Java Heap may be blocking the growth of the native heap
# Possible solutions:
#   Reduce memory load on the system
#   Increase physical memory or swap space
#   Check if swap backing store is full
#   Decrease Java heap size (-Xmx/-Xms)
#   Decrease number of Java threads
#   Decrease Java thread stack sizes (-Xss)
#   Set larger code cache with -XX:ReservedCodeCacheSize=
#   JVM is running with Unscaled Compressed Oops mode in which the Java heap is
#     placed in the first 4GB address space. The Java Heap base address is the
#     maximum limit for the native heap growth. Please use -XX:HeapBaseMinAddress
#     to set the Java Heap base and to place the Java Heap above 4GB virtual address.
# This output file may be truncated or incomplete.
#
#  Out of Memory Error (./src/hotspot/share/memory/allocation.cpp:46), pid=6284, tid=10732
#
# JRE version: OpenJDK Runtime Environment Temurin-11.0.12+7 (11.0.12+7) (build 11.0.12+7)
# Java VM: OpenJDK 64-Bit Server VM Temurin-11.0.12+7 (11.0.12+7, mixed mode, tiered, compressed oops, g1 gc, windows-amd64)
# No core dump will be written. Minidumps are not enabled by default on client versions of Windows
#

---------------  S U M M A R Y ------------

Command Line: -Dcom.sun.management.jmxremote -Dcom.sun.management.jmxremote.port=57936 -Dcom.sun.management.jmxremote.authenticate=false -Dcom.sun.management.jmxremote.ssl=false -Djava.rmi.server.hostname=localhost -Dspring.application.admin.enabled=true -Dspring.jmx.enabled=true -Dfile.encoding=UTF-8 co.usa.alquilercomputadores.alquilercomputadores.AlquilercomputadoresApplication

Host: Intel(R) Core(TM) i5-7200U CPU @ 2.50GHz, 4 cores, 7G,  Windows 10 , 64 bit Build 19041 (10.0.19041.1)
Time: Sat Oct 16 21:54:38 2021 Hora est. Pacífico, Sudamérica elapsed time: 3.833018 seconds (0d 0h 0m 3s)

---------------  T H R E A D  ---------------

Current thread (0x000001f67c122800):  VMThread "VM Thread" [stack: 0x000000e7e3600000,0x000000e7e3700000] [id=10732]

Stack: [0x000000e7e3600000,0x000000e7e3700000]
[error occurred during error reporting (printing stack bounds), id 0xc0000005, EXCEPTION_ACCESS_VIOLATION (0xc0000005) at pc=0x000001f6659f112d]

Native frames: (J=compiled Java code, j=interpreted, Vv=VM code, C=native code)
V  [jvm.dll+0x601d0a]
V  [jvm.dll+0x78ab6e]
V  [jvm.dll+0x78c23f]
V  [jvm.dll+0x78c865]
V  [jvm.dll+0x78c81b]
V  [jvm.dll+0x6011f3]
V  [jvm.dll+0x601908]
C  [ntdll.dll+0xa010f]
C  [ntdll.dll+0x4b4e4]
C  [ntdll.dll+0x9ec3e]
C  0x000001f6659f112d

VM_Operation (0x000000e7e30fd520): CollectForMetadataAllocation, mode: safepoint, requested by thread 0x000001f65baca800


---------------  P R O C E S S  ---------------

Threads class SMR info:
_java_thread_list=0x000001f67deda630, length=14, elements={
0x000001f65baca800, 0x000001f67c144800, 0x000001f67c14f800, 0x000001f67cae3000,
0x000001f67c15e800, 0x000001f67c160800, 0x000001f67c16f000, 0x000001f67c178000,
0x000001f67c179000, 0x000001f67c0dd800, 0x000001f67d675000, 0x000001f67d38a000,
0x000001f67d5b2800, 0x000001f67dbb0800
}

Java Threads: ( => current thread )
  0x000001f65baca800 JavaThread "main" [_thread_blocked, id=12328, stack(0x000000e7e3000000,0x000000e7e3100000)]
  0x000001f67c144800 JavaThread "Reference Handler" daemon [_thread_blocked, id=8168, stack(0x000000e7e3700000,0x000000e7e3800000)]
  0x000001f67c14f800 JavaThread "Finalizer" daemon [_thread_blocked, id=3908, stack(0x000000e7e3800000,0x000000e7e3900000)]
  0x000001f67cae3000 JavaThread "Signal Dispatcher" daemon [_thread_blocked, id=15400, stack(0x000000e7e3900000,0x000000e7e3a00000)]
  0x000001f67c15e800 JavaThread "Attach Listener" daemon [_thread_blocked, id=15136, stack(0x000000e7e3a00000,0x000000e7e3b00000)]
  0x000001f67c160800 JavaThread "Service Thread" daemon [_thread_blocked, id=3128, stack(0x000000e7e3b00000,0x000000e7e3c00000)]
  0x000001f67c16f000 JavaThread "C2 CompilerThread0" daemon [_thread_blocked, id=8236, stack(0x000000e7e3c00000,0x000000e7e3d00000)]
  0x000001f67c178000 JavaThread "C1 CompilerThread0" daemon [_thread_blocked, id=2492, stack(0x000000e7e3d00000,0x000000e7e3e00000)]
  0x000001f67c179000 JavaThread "Sweeper thread" daemon [_thread_blocked, id=2908, stack(0x000000e7e3e00000,0x000000e7e3f00000)]
  0x000001f67c0dd800 JavaThread "Common-Cleaner" daemon [_thread_blocked, id=6280, stack(0x000000e7e3f00000,0x000000e7e4000000)]
  0x000001f67d675000 JavaThread "RMI TCP Accept-0" daemon [_thread_in_native, id=3676, stack(0x000000e7e4000000,0x000000e7e4100000)]
  0x000001f67d38a000 JavaThread "RMI TCP Accept-57936" daemon [_thread_in_native, id=8224, stack(0x000000e7e4100000,0x000000e7e4200000)]
  0x000001f67d5b2800 JavaThread "RMI TCP Accept-0" daemon [_thread_in_native, id=5764, stack(0x000000e7e4200000,0x000000e7e4300000)]
  0x000001f67dbb0800 JavaThread "background-preinit" [_thread_blocked, id=14084, stack(0x000000e7e4800000,0x000000e7e4900000)]

Other Threads:
=>0x000001f67c122800 VMThread "VM Thread" [stack: 0x000000e7e3600000,0x000000e7e3700000] [id=10732]
  0x000001f67d463000 WatcherThread [stack: 0x000000e7e4300000,0x000000e7e4400000] [id=11512]
  0x000001f65bae2800 GCTaskThread "GC Thread#0" [stack: 0x000000e7e3100000,0x000000e7e3200000] [id=13012]
  0x000001f67d480000 GCTaskThread "GC Thread#1" [stack: 0x000000e7e4500000,0x000000e7e4600000] [id=3980]
  0x000001f67d33c000 GCTaskThread "GC Thread#2" [stack: 0x000000e7e4600000,0x000000e7e4700000] [id=3180]
  0x000001f67df4a000 GCTaskThread "GC Thread#3" [stack: 0x000000e7e4900000,0x000000e7e4a00000] [id=15320]
  0x000001f65bb14800 ConcurrentGCThread "G1 Main Marker" [stack: 0x000000e7e3200000,0x000000e7e3300000] [id=13256]
  0x000001f65bb16000 ConcurrentGCThread "G1 Conc#0" [stack: 0x000000e7e3300000,0x000000e7e3400000] [id=10656]
  0x000001f67bf90800 ConcurrentGCThread "G1 Refine#0" [stack: 0x000000e7e3400000,0x000000e7e3500000] [id=8480]
  0x000001f67d372800 ConcurrentGCThread "G1 Refine#1" [stack: 0x000000e7e4700000,0x000000e7e4800000] [id=7152]
  0x000001f67bf91800 ConcurrentGCThread "G1 Young RemSet Sampling" [stack: 0x000000e7e3500000,0x000000e7e3600000] [id=14308]

Threads with active compile tasks:
C2 CompilerThread0   4041 2074 % !   4       java.util.concurrent.ConcurrentHashMap::transfer @ 372 (828 bytes)

VM state:at safepoint (normal execution)

VM Mutex/Monitor currently owned by a thread:  ([mutex/lock_event])
[0x000001f65bac6490] Threads_lock - owner thread: 0x000001f67c122800
[0x000001f65bac79f0] Heap_lock - owner thread: 0x000001f65baca800

Heap address: 0x0000000081c00000, size: 2020 MB, Compressed Oops mode: 32-bit
Narrow klass base: 0x0000000000000000, Narrow klass shift: 3
Compressed class space size: 1073741824 Address: 0x0000000100000000

Heap:
 garbage-first heap   total 131072K, used 9642K [0x0000000081c00000, 0x0000000100000000)
  region size 1024K, 5 young (5120K), 4 survivors (4096K)
 Metaspace       used 25481K, capacity 26159K, committed 26240K, reserved 1093632K
  class space    used 2853K, capacity 3148K, committed 3200K, reserved 1048576K
Heap Regions: E=young(eden), S=young(survivor), O=old, HS=humongous(starts), HC=humongous(continues), CS=collection set, F=free, A=archive, TAMS=top-at-mark-start (previous, next)
|   0|0x0000000081c00000, 0x0000000081d00000, 0x0000000081d00000|100%|HS|  |TAMS 0x0000000081d00000, 0x0000000081d00000| Complete 
|   1|0x0000000081d00000, 0x0000000081e00000, 0x0000000081e00000|100%| O|  |TAMS 0x0000000081e00000, 0x0000000081e00000| Untracked 
|   2|0x0000000081e00000, 0x0000000081f00000, 0x0000000081f00000|100%| O|  |TAMS 0x0000000081f00000, 0x0000000081f00000| Untracked 
|   3|0x0000000081f00000, 0x0000000082000000, 0x0000000082000000|100%| O|  |TAMS 0x0000000082000000, 0x0000000082000000| Untracked 
|   4|0x0000000082000000, 0x0000000082100000, 0x0000000082100000|100%| O|  |TAMS 0x0000000082100000, 0x0000000082100000| Untracked 
|   5|0x0000000082100000, 0x0000000082200000, 0x0000000082200000|100%| O|  |TAMS 0x0000000082200000, 0x0000000082200000| Untracked 
|   6|0x0000000082200000, 0x0000000082235200, 0x0000000082300000| 20%| O|  |TAMS 0x0000000082235200, 0x0000000082235200| Untracked 
|   7|0x0000000082300000, 0x0000000082300000, 0x0000000082400000|  0%| F|  |TAMS 0x0000000082300000, 0x0000000082300000| Untracked 
|   8|0x0000000082400000, 0x0000000082400000, 0x0000000082500000|  0%| F|  |TAMS 0x0000000082400000, 0x0000000082400000| Untracked 
|   9|0x0000000082500000, 0x0000000082500000, 0x0000000082600000|  0%| F|  |TAMS 0x0000000082500000, 0x0000000082500000| Untracked 
|  10|0x0000000082600000, 0x0000000082600000, 0x0000000082700000|  0%| F|  |TAMS 0x0000000082600000, 0x0000000082600000| Untracked 
|  11|0x0000000082700000, 0x0000000082700000, 0x0000000082800000|  0%| F|  |TAMS 0x0000000082700000, 0x0000000082700000| Untracked 
|  12|0x0000000082800000, 0x0000000082800000, 0x0000000082900000|  0%| F|  |TAMS 0x0000000082800000, 0x0000000082800000| Untracked 
|  13|0x0000000082900000, 0x0000000082900000, 0x0000000082a00000|  0%| F|  |TAMS 0x0000000082900000, 0x0000000082900000| Untracked 
|  14|0x0000000082a00000, 0x0000000082a00000, 0x0000000082b00000|  0%| F|  |TAMS 0x0000000082a00000, 0x0000000082a00000| Untracked 
|  15|0x0000000082b00000, 0x0000000082b00000, 0x0000000082c00000|  0%| F|  |TAMS 0x0000000082b00000, 0x0000000082b00000| Untracked 
|  16|0x0000000082c00000, 0x0000000082c00000, 0x0000000082d00000|  0%| F|  |TAMS 0x0000000082c00000, 0x0000000082c00000| Untracked 
|  17|0x0000000082d00000, 0x0000000082d00000, 0x0000000082e00000|  0%| F|  |TAMS 0x0000000082d00000, 0x0000000082d00000| Untracked 
|  18|0x0000000082e00000, 0x0000000082e00000, 0x0000000082f00000|  0%| F|  |TAMS 0x0000000082e00000, 0x0000000082e00000| Untracked 
|  19|0x0000000082f00000, 0x0000000082f00000, 0x0000000083000000|  0%| F|  |TAMS 0x0000000082f00000, 0x0000000082f00000| Untracked 
|  20|0x0000000083000000, 0x0000000083000000, 0x0000000083100000|  0%| F|  |TAMS 0x0000000083000000, 0x0000000083000000| Untracked 
|  21|0x0000000083100000, 0x0000000083100000, 0x0000000083200000|  0%| F|  |TAMS 0x0000000083100000, 0x0000000083100000| Untracked 
|  22|0x0000000083200000, 0x0000000083200000, 0x0000000083300000|  0%| F|  |TAMS 0x0000000083200000, 0x0000000083200000| Untracked 
|  23|0x0000000083300000, 0x0000000083300000, 0x0000000083400000|  0%| F|  |TAMS 0x0000000083300000, 0x0000000083300000| Untracked 
|  24|0x0000000083400000, 0x0000000083400000, 0x0000000083500000|  0%| F|  |TAMS 0x0000000083400000, 0x0000000083400000| Untracked 
|  25|0x0000000083500000, 0x0000000083500000, 0x0000000083600000|  0%| F|  |TAMS 0x0000000083500000, 0x0000000083500000| Untracked 
|  26|0x0000000083600000, 0x0000000083600000, 0x0000000083700000|  0%| F|  |TAMS 0x0000000083600000, 0x0000000083600000| Untracked 
|  27|0x0000000083700000, 0x0000000083700000, 0x0000000083800000|  0%| F|  |TAMS 0x0000000083700000, 0x0000000083700000| Untracked 
|  28|0x0000000083800000, 0x0000000083800000, 0x0000000083900000|  0%| F|  |TAMS 0x0000000083800000, 0x0000000083800000| Untracked 
|  29|0x0000000083900000, 0x0000000083900000, 0x0000000083a00000|  0%| F|  |TAMS 0x0000000083900000, 0x0000000083900000| Untracked 
|  30|0x0000000083a00000, 0x0000000083a00000, 0x0000000083b00000|  0%| F|  |TAMS 0x0000000083a00000, 0x0000000083a00000| Untracked 
|  31|0x0000000083b00000, 0x0000000083b00000, 0x0000000083c00000|  0%| F|  |TAMS 0x0000000083b00000, 0x0000000083b00000| Untracked 
|  32|0x0000000083c00000, 0x0000000083c00000, 0x0000000083d00000|  0%| F|  |TAMS 0x0000000083c00000, 0x0000000083c00000| Untracked 
|  33|0x0000000083d00000, 0x0000000083d00000, 0x0000000083e00000|  0%| F|  |TAMS 0x0000000083d00000, 0x0000000083d00000| Untracked 
|  34|0x0000000083e00000, 0x0000000083e00000, 0x0000000083f00000|  0%| F|  |TAMS 0x0000000083e00000, 0x0000000083e00000| Untracked 
|  35|0x0000000083f00000, 0x0000000083f00000, 0x0000000084000000|  0%| F|  |TAMS 0x0000000083f00000, 0x0000000083f00000| Untracked 
|  36|0x0000000084000000, 0x0000000084000000, 0x0000000084100000|  0%| F|  |TAMS 0x0000000084000000, 0x0000000084000000| Untracked 
|  37|0x0000000084100000, 0x0000000084100000, 0x0000000084200000|  0%| F|  |TAMS 0x0000000084100000, 0x0000000084100000| Untracked 
|  38|0x0000000084200000, 0x0000000084200000, 0x0000000084300000|  0%| F|  |TAMS 0x0000000084200000, 0x0000000084200000| Untracked 
|  39|0x0000000084300000, 0x0000000084300000, 0x0000000084400000|  0%| F|  |TAMS 0x0000000084300000, 0x0000000084300000| Untracked 
|  40|0x0000000084400000, 0x0000000084400000, 0x0000000084500000|  0%| F|  |TAMS 0x0000000084400000, 0x0000000084400000| Untracked 
|  41|0x0000000084500000, 0x0000000084500000, 0x0000000084600000|  0%| F|  |TAMS 0x0000000084500000, 0x0000000084500000| Untracked 
|  42|0x0000000084600000, 0x0000000084600000, 0x0000000084700000|  0%| F|  |TAMS 0x0000000084600000, 0x0000000084600000| Untracked 
|  43|0x0000000084700000, 0x0000000084700000, 0x0000000084800000|  0%| F|  |TAMS 0x0000000084700000, 0x0000000084700000| Untracked 
|  44|0x0000000084800000, 0x0000000084800000, 0x0000000084900000|  0%| F|  |TAMS 0x0000000084800000, 0x0000000084800000| Untracked 
|  45|0x0000000084900000, 0x0000000084900000, 0x0000000084a00000|  0%| F|  |TAMS 0x0000000084900000, 0x0000000084900000| Untracked 
|  46|0x0000000084a00000, 0x0000000084a00000, 0x0000000084b00000|  0%| F|  |TAMS 0x0000000084a00000, 0x0000000084a00000| Untracked 
|  47|0x0000000084b00000, 0x0000000084b00000, 0x0000000084c00000|  0%| F|  |TAMS 0x0000000084b00000, 0x0000000084b00000| Untracked 
|  48|0x0000000084c00000, 0x0000000084c00000, 0x0000000084d00000|  0%| F|  |TAMS 0x0000000084c00000, 0x0000000084c00000| Untracked 
|  49|0x0000000084d00000, 0x0000000084d00000, 0x0000000084e00000|  0%| F|  |TAMS 0x0000000084d00000, 0x0000000084d00000| Untracked 
|  50|0x0000000084e00000, 0x0000000084e00000, 0x0000000084f00000|  0%| F|  |TAMS 0x0000000084e00000, 0x0000000084e00000| Untracked 
|  51|0x0000000084f00000, 0x0000000084f00000, 0x0000000085000000|  0%| F|  |TAMS 0x0000000084f00000, 0x0000000084f00000| Untracked 
|  52|0x0000000085000000, 0x0000000085000000, 0x0000000085100000|  0%| F|  |TAMS 0x0000000085000000, 0x0000000085000000| Untracked 
|  53|0x0000000085100000, 0x0000000085100000, 0x0000000085200000|  0%| F|  |TAMS 0x0000000085100000, 0x0000000085100000| Untracked 
|  54|0x0000000085200000, 0x0000000085200000, 0x0000000085300000|  0%| F|  |TAMS 0x0000000085200000, 0x0000000085200000| Untracked 
|  55|0x0000000085300000, 0x0000000085300000, 0x0000000085400000|  0%| F|  |TAMS 0x0000000085300000, 0x0000000085300000| Untracked 
|  56|0x0000000085400000, 0x0000000085400000, 0x0000000085500000|  0%| F|  |TAMS 0x0000000085400000, 0x0000000085400000| Untracked 
|  57|0x0000000085500000, 0x0000000085500000, 0x0000000085600000|  0%| F|  |TAMS 0x0000000085500000, 0x0000000085500000| Untracked 
|  58|0x0000000085600000, 0x0000000085600000, 0x0000000085700000|  0%| F|  |TAMS 0x0000000085600000, 0x0000000085600000| Untracked 
|  59|0x0000000085700000, 0x0000000085700000, 0x0000000085800000|  0%| F|  |TAMS 0x0000000085700000, 0x0000000085700000| Untracked 
|  60|0x0000000085800000, 0x0000000085800000, 0x0000000085900000|  0%| F|  |TAMS 0x0000000085800000, 0x0000000085800000| Untracked 
|  61|0x0000000085900000, 0x0000000085900000, 0x0000000085a00000|  0%| F|  |TAMS 0x0000000085900000, 0x0000000085900000| Untracked 
|  62|0x0000000085a00000, 0x0000000085a00000, 0x0000000085b00000|  0%| F|  |TAMS 0x0000000085a00000, 0x0000000085a00000| Untracked 
|  63|0x0000000085b00000, 0x0000000085b00000, 0x0000000085c00000|  0%| F|  |TAMS 0x0000000085b00000, 0x0000000085b00000| Untracked 
|  64|0x0000000085c00000, 0x0000000085c00000, 0x0000000085d00000|  0%| F|  |TAMS 0x0000000085c00000, 0x0000000085c00000| Untracked 
|  65|0x0000000085d00000, 0x0000000085d00000, 0x0000000085e00000|  0%| F|  |TAMS 0x0000000085d00000, 0x0000000085d00000| Untracked 
|  66|0x0000000085e00000, 0x0000000085e00000, 0x0000000085f00000|  0%| F|  |TAMS 0x0000000085e00000, 0x0000000085e00000| Untracked 
|  67|0x0000000085f00000, 0x0000000085f00000, 0x0000000086000000|  0%| F|  |TAMS 0x0000000085f00000, 0x0000000085f00000| Untracked 
|  68|0x0000000086000000, 0x0000000086000000, 0x0000000086100000|  0%| F|  |TAMS 0x0000000086000000, 0x0000000086000000| Untracked 
|  69|0x0000000086100000, 0x0000000086100000, 0x0000000086200000|  0%| F|  |TAMS 0x0000000086100000, 0x0000000086100000| Untracked 
|  70|0x0000000086200000, 0x0000000086200000, 0x0000000086300000|  0%| F|  |TAMS 0x0000000086200000, 0x0000000086200000| Untracked 
|  71|0x0000000086300000, 0x0000000086300000, 0x0000000086400000|  0%| F|  |TAMS 0x0000000086300000, 0x0000000086300000| Untracked 
|  72|0x0000000086400000, 0x0000000086400000, 0x0000000086500000|  0%| F|  |TAMS 0x0000000086400000, 0x0000000086400000| Untracked 
|  73|0x0000000086500000, 0x0000000086500000, 0x0000000086600000|  0%| F|  |TAMS 0x0000000086500000, 0x0000000086500000| Untracked 
|  74|0x0000000086600000, 0x0000000086600000, 0x0000000086700000|  0%| F|  |TAMS 0x0000000086600000, 0x0000000086600000| Untracked 
|  75|0x0000000086700000, 0x0000000086700000, 0x0000000086800000|  0%| F|  |TAMS 0x0000000086700000, 0x0000000086700000| Untracked 
|  76|0x0000000086800000, 0x0000000086800000, 0x0000000086900000|  0%| F|  |TAMS 0x0000000086800000, 0x0000000086800000| Untracked 
|  77|0x0000000086900000, 0x0000000086900000, 0x0000000086a00000|  0%| F|  |TAMS 0x0000000086900000, 0x0000000086900000| Untracked 
|  78|0x0000000086a00000, 0x0000000086a00000, 0x0000000086b00000|  0%| F|  |TAMS 0x0000000086a00000, 0x0000000086a00000| Untracked 
|  79|0x0000000086b00000, 0x0000000086b00000, 0x0000000086c00000|  0%| F|  |TAMS 0x0000000086b00000, 0x0000000086b00000| Untracked 
|  80|0x0000000086c00000, 0x0000000086c00000, 0x0000000086d00000|  0%| F|  |TAMS 0x0000000086c00000, 0x0000000086c00000| Untracked 
|  81|0x0000000086d00000, 0x0000000086d00000, 0x0000000086e00000|  0%| F|  |TAMS 0x0000000086d00000, 0x0000000086d00000| Untracked 
|  82|0x0000000086e00000, 0x0000000086e00000, 0x0000000086f00000|  0%| F|  |TAMS 0x0000000086e00000, 0x0000000086e00000| Untracked 
|  83|0x0000000086f00000, 0x0000000086f00000, 0x0000000087000000|  0%| F|  |TAMS 0x0000000086f00000, 0x0000000086f00000| Untracked 
|  84|0x0000000087000000, 0x0000000087000000, 0x0000000087100000|  0%| F|  |TAMS 0x0000000087000000, 0x0000000087000000| Untracked 
|  85|0x0000000087100000, 0x0000000087100000, 0x0000000087200000|  0%| F|  |TAMS 0x0000000087100000, 0x0000000087100000| Untracked 
|  86|0x0000000087200000, 0x0000000087200000, 0x0000000087300000|  0%| F|  |TAMS 0x0000000087200000, 0x0000000087200000| Untracked 
|  87|0x0000000087300000, 0x0000000087300000, 0x0000000087400000|  0%| F|  |TAMS 0x0000000087300000, 0x0000000087300000| Untracked 
|  88|0x0000000087400000, 0x0000000087400000, 0x0000000087500000|  0%| F|  |TAMS 0x0000000087400000, 0x0000000087400000| Untracked 
|  89|0x0000000087500000, 0x0000000087500000, 0x0000000087600000|  0%| F|  |TAMS 0x0000000087500000, 0x0000000087500000| Untracked 
|  90|0x0000000087600000, 0x0000000087600000, 0x0000000087700000|  0%| F|  |TAMS 0x0000000087600000, 0x0000000087600000| Untracked 
|  91|0x0000000087700000, 0x0000000087700000, 0x0000000087800000|  0%| F|  |TAMS 0x0000000087700000, 0x0000000087700000| Untracked 
|  92|0x0000000087800000, 0x0000000087800000, 0x0000000087900000|  0%| F|  |TAMS 0x0000000087800000, 0x0000000087800000| Untracked 
|  93|0x0000000087900000, 0x0000000087900000, 0x0000000087a00000|  0%| F|  |TAMS 0x0000000087900000, 0x0000000087900000| Untracked 
|  94|0x0000000087a00000, 0x0000000087a00000, 0x0000000087b00000|  0%| F|  |TAMS 0x0000000087a00000, 0x0000000087a00000| Untracked 
|  95|0x0000000087b00000, 0x0000000087b00000, 0x0000000087c00000|  0%| F|  |TAMS 0x0000000087b00000, 0x0000000087b00000| Untracked 
|  96|0x0000000087c00000, 0x0000000087c35780, 0x0000000087d00000| 20%| S|CS|TAMS 0x0000000087c00000, 0x0000000087c00000| Complete 
|  97|0x0000000087d00000, 0x0000000087e00000, 0x0000000087e00000|100%| S|CS|TAMS 0x0000000087d00000, 0x0000000087d00000| Complete 
|  98|0x0000000087e00000, 0x0000000087f00000, 0x0000000087f00000|100%| S|CS|TAMS 0x0000000087e00000, 0x0000000087e00000| Complete 
|  99|0x0000000087f00000, 0x0000000088000000, 0x0000000088000000|100%| S|CS|TAMS 0x0000000087f00000, 0x0000000087f00000| Complete 
| 100|0x0000000088000000, 0x0000000088000000, 0x0000000088100000|  0%| F|  |TAMS 0x0000000088000000, 0x0000000088000000| Untracked 
| 101|0x0000000088100000, 0x0000000088100000, 0x0000000088200000|  0%| F|  |TAMS 0x0000000088100000, 0x0000000088100000| Untracked 
| 102|0x0000000088200000, 0x0000000088200000, 0x0000000088300000|  0%| F|  |TAMS 0x0000000088200000, 0x0000000088200000| Untracked 
| 103|0x0000000088300000, 0x0000000088300000, 0x0000000088400000|  0%| F|  |TAMS 0x0000000088300000, 0x0000000088300000| Untracked 
| 104|0x0000000088400000, 0x0000000088400000, 0x0000000088500000|  0%| F|  |TAMS 0x0000000088400000, 0x0000000088400000| Untracked 
| 105|0x0000000088500000, 0x0000000088500000, 0x0000000088600000|  0%| F|  |TAMS 0x0000000088500000, 0x0000000088500000| Untracked 
| 106|0x0000000088600000, 0x0000000088600000, 0x0000000088700000|  0%| F|  |TAMS 0x0000000088600000, 0x0000000088600000| Untracked 
| 107|0x0000000088700000, 0x0000000088700000, 0x0000000088800000|  0%| F|  |TAMS 0x0000000088700000, 0x0000000088700000| Untracked 
| 108|0x0000000088800000, 0x0000000088800000, 0x0000000088900000|  0%| F|  |TAMS 0x0000000088800000, 0x0000000088800000| Untracked 
| 109|0x0000000088900000, 0x0000000088900000, 0x0000000088a00000|  0%| F|  |TAMS 0x0000000088900000, 0x0000000088900000| Untracked 
| 110|0x0000000088a00000, 0x0000000088a00000, 0x0000000088b00000|  0%| F|  |TAMS 0x0000000088a00000, 0x0000000088a00000| Untracked 
| 111|0x0000000088b00000, 0x0000000088b00000, 0x0000000088c00000|  0%| F|  |TAMS 0x0000000088b00000, 0x0000000088b00000| Untracked 
| 112|0x0000000088c00000, 0x0000000088c00000, 0x0000000088d00000|  0%| F|  |TAMS 0x0000000088c00000, 0x0000000088c00000| Untracked 
| 113|0x0000000088d00000, 0x0000000088d00000, 0x0000000088e00000|  0%| F|  |TAMS 0x0000000088d00000, 0x0000000088d00000| Untracked 
| 114|0x0000000088e00000, 0x0000000088e00000, 0x0000000088f00000|  0%| F|  |TAMS 0x0000000088e00000, 0x0000000088e00000| Untracked 
| 115|0x0000000088f00000, 0x0000000088f00000, 0x0000000089000000|  0%| F|  |TAMS 0x0000000088f00000, 0x0000000088f00000| Untracked 
| 116|0x0000000089000000, 0x0000000089000000, 0x0000000089100000|  0%| F|  |TAMS 0x0000000089000000, 0x0000000089000000| Untracked 
| 117|0x0000000089100000, 0x0000000089100000, 0x0000000089200000|  0%| F|  |TAMS 0x0000000089100000, 0x0000000089100000| Untracked 
| 118|0x0000000089200000, 0x0000000089200000, 0x0000000089300000|  0%| F|  |TAMS 0x0000000089200000, 0x0000000089200000| Untracked 
| 119|0x0000000089300000, 0x0000000089300000, 0x0000000089400000|  0%| F|  |TAMS 0x0000000089300000, 0x0000000089300000| Untracked 
| 120|0x0000000089400000, 0x0000000089400000, 0x0000000089500000|  0%| F|  |TAMS 0x0000000089400000, 0x0000000089400000| Untracked 
| 121|0x0000000089500000, 0x0000000089500000, 0x0000000089600000|  0%| F|  |TAMS 0x0000000089500000, 0x0000000089500000| Untracked 
| 122|0x0000000089600000, 0x0000000089600000, 0x0000000089700000|  0%| F|  |TAMS 0x0000000089600000, 0x0000000089600000| Untracked 
| 123|0x0000000089700000, 0x0000000089700000, 0x0000000089800000|  0%| F|  |TAMS 0x0000000089700000, 0x0000000089700000| Untracked 
| 124|0x0000000089800000, 0x0000000089800000, 0x0000000089900000|  0%| F|  |TAMS 0x0000000089800000, 0x0000000089800000| Untracked 
| 125|0x0000000089900000, 0x0000000089900000, 0x0000000089a00000|  0%| F|  |TAMS 0x0000000089900000, 0x0000000089900000| Untracked 
| 126|0x0000000089a00000, 0x0000000089a00000, 0x0000000089b00000|  0%| F|  |TAMS 0x0000000089a00000, 0x0000000089a00000| Untracked 
| 127|0x0000000089b00000, 0x0000000089b63258, 0x0000000089c00000| 38%| E|  |TAMS 0x0000000089b00000, 0x0000000089b00000| Complete 

Card table byte_map: [0x000001f675410000,0x000001f675810000] _byte_map_base: 0x000001f675002000

Marking Bits (Prev, Next): (CMBitMap*) 0x000001f65bb0bd30, (CMBitMap*) 0x000001f65bb0bcf8
 Prev Bits: [0x000001f677ba0000, 0x000001f679b30000)
 Next Bits: [0x000001f675c10000, 0x000001f677ba0000)

Polling page: 0x000001f65b870000

Metaspace:

Usage:
  Non-class:     22.47 MB capacity,    22.10 MB ( 98%) used,   304.33 KB (  1%) free+waste,    78.06 KB ( <1%) overhead. 
      Class:      3.07 MB capacity,     2.79 MB ( 91%) used,   256.22 KB (  8%) free+waste,    38.50 KB (  1%) overhead. 
       Both:     25.55 MB capacity,    24.88 MB ( 97%) used,   560.55 KB (  2%) free+waste,   116.56 KB ( <1%) overhead. 

Virtual space:
  Non-class space:       44.00 MB reserved,      22.50 MB ( 51%) committed 
      Class space:        1.00 GB reserved,       3.13 MB ( <1%) committed 
             Both:        1.04 GB reserved,      25.63 MB (  2%) committed 

Chunk freelists:
   Non-Class:  29.00 KB
       Class:  20.00 KB
        Both:  49.00 KB

MaxMetaspaceSize: 17179869184.00 GB
CompressedClassSpaceSize: 1.00 GB
Initial GC threshold: 20.80 MB
Current GC threshold: 35.97 MB
CDS: off

CodeHeap 'non-profiled nmethods': size=120064Kb used=838Kb max_used=838Kb free=119225Kb
 bounds [0x000001f66d4b0000, 0x000001f66d720000, 0x000001f6749f0000]
CodeHeap 'profiled nmethods': size=120000Kb used=3985Kb max_used=3985Kb free=116015Kb
 bounds [0x000001f665f80000, 0x000001f666370000, 0x000001f66d4b0000]
CodeHeap 'non-nmethods': size=5696Kb used=1204Kb max_used=1233Kb free=4491Kb
 bounds [0x000001f6659f0000, 0x000001f665c60000, 0x000001f665f80000]
 total_blobs=2549 nmethods=2081 adapters=380
 compilation: enabled
              stopped_count=0, restarted_count=0
 full_count=0

Compilation events (20 events):
Event: 3.364 Thread 0x000001f67c178000 nmethod 2072 0x000001f666357190 code [0x000001f6663577a0, 0x000001f66635bc48]
Event: 3.367 Thread 0x000001f67c178000 2073       3       jdk.internal.org.objectweb.asm.FieldWriter::put (475 bytes)
Event: 3.369 Thread 0x000001f67c178000 nmethod 2073 0x000001f66635d490 code [0x000001f66635d880, 0x000001f66635e8d8]
Event: 3.384 Thread 0x000001f67c16f000 2074 % !   4       java.util.concurrent.ConcurrentHashMap::transfer @ 372 (828 bytes)
Event: 3.397 Thread 0x000001f67c178000 2075       3       java.lang.reflect.Constructor::newInstance (76 bytes)
Event: 3.398 Thread 0x000001f67c178000 nmethod 2075 0x000001f66635ef10 code [0x000001f66635f120, 0x000001f66635f558]
Event: 3.398 Thread 0x000001f67c178000 2077       3       java.lang.reflect.Constructor::getRoot (5 bytes)
Event: 3.398 Thread 0x000001f67c178000 nmethod 2077 0x000001f66635f710 code [0x000001f66635f8c0, 0x000001f66635f9d8]
Event: 3.399 Thread 0x000001f67c178000 2078   !   3       java.util.concurrent.ConcurrentHashMap::putVal (432 bytes)
Event: 3.403 Thread 0x000001f67c178000 nmethod 2078 0x000001f66635fa90 code [0x000001f66635fe20, 0x000001f666361f38]
Event: 3.410 Thread 0x000001f67c178000 2079       3       java.lang.invoke.LambdaFormEditor$Transform::packedBytes (66 bytes)
Event: 3.410 Thread 0x000001f67c178000 nmethod 2079 0x000001f666362a10 code [0x000001f666362be0, 0x000001f666362e88]
Event: 3.416 Thread 0x000001f67c178000 2082       3       java.lang.reflect.Proxy$ProxyBuilder::addElementTypes (33 bytes)
Event: 3.417 Thread 0x000001f67c178000 nmethod 2082 0x000001f666362f90 code [0x000001f6663631c0, 0x000001f666363888]
Event: 3.417 Thread 0x000001f67c178000 2081       1       java.lang.reflect.Method::getSharedExceptionTypes (5 bytes)
Event: 3.417 Thread 0x000001f67c178000 nmethod 2081 0x000001f66d581790 code [0x000001f66d581940, 0x000001f66d5819f8]
Event: 3.417 Thread 0x000001f67c178000 2083       3       java.util.HashSet::contains (9 bytes)
Event: 3.417 Thread 0x000001f67c178000 nmethod 2083 0x000001f666363b90 code [0x000001f666363d40, 0x000001f666363f08]
Event: 3.421 Thread 0x000001f67c178000 2084       3       java.lang.reflect.Method::hasGenericInformation (13 bytes)
Event: 3.421 Thread 0x000001f67c178000 nmethod 2084 0x000001f666364010 code [0x000001f6663641c0, 0x000001f666364338]

GC Heap History (10 events):
Event: 1.402 GC heap before
{Heap before GC invocations=0 (full 0):
 garbage-first heap   total 131072K, used 14336K [0x0000000081c00000, 0x0000000100000000)
  region size 1024K, 14 young (14336K), 0 survivors (0K)
 Metaspace       used 12913K, capacity 13250K, committed 13440K, reserved 1060864K
  class space    used 1294K, capacity 1406K, committed 1408K, reserved 1048576K
}
Event: 1.410 GC heap after
{Heap after GC invocations=1 (full 0):
 garbage-first heap   total 131072K, used 6052K [0x0000000081c00000, 0x0000000100000000)
  region size 1024K, 2 young (2048K), 2 survivors (2048K)
 Metaspace       used 12913K, capacity 13250K, committed 13440K, reserved 1060864K
  class space    used 1294K, capacity 1406K, committed 1408K, reserved 1048576K
}
Event: 1.663 GC heap before
{Heap before GC invocations=1 (full 0):
 garbage-first heap   total 131072K, used 10148K [0x0000000081c00000, 0x0000000100000000)
  region size 1024K, 6 young (6144K), 2 survivors (2048K)
 Metaspace       used 14321K, capacity 14704K, committed 14976K, reserved 1062912K
  class space    used 1431K, capacity 1571K, committed 1664K, reserved 1048576K
}
Event: 1.668 GC heap after
{Heap after GC invocations=2 (full 0):
 garbage-first heap   total 131072K, used 7030K [0x0000000081c00000, 0x0000000100000000)
  region size 1024K, 1 young (1024K), 1 survivors (1024K)
 Metaspace       used 14321K, capacity 14704K, committed 14976K, reserved 1062912K
  class space    used 1431K, capacity 1571K, committed 1664K, reserved 1048576K
}
Event: 2.303 GC heap before
{Heap before GC invocations=2 (full 0):
 garbage-first heap   total 131072K, used 27510K [0x0000000081c00000, 0x0000000100000000)
  region size 1024K, 21 young (21504K), 1 survivors (1024K)
 Metaspace       used 18244K, capacity 18707K, committed 18816K, reserved 1067008K
  class space    used 1921K, capacity 2106K, committed 2176K, reserved 1048576K
}
Event: 2.308 GC heap after
{Heap after GC invocations=3 (full 0):
 garbage-first heap   total 131072K, used 8117K [0x0000000081c00000, 0x0000000100000000)
  region size 1024K, 2 young (2048K), 2 survivors (2048K)
 Metaspace       used 18244K, capacity 18707K, committed 18816K, reserved 1067008K
  class space    used 1921K, capacity 2106K, committed 2176K, reserved 1048576K
}
Event: 2.799 GC heap before
{Heap before GC invocations=3 (full 0):
 garbage-first heap   total 131072K, used 23477K [0x0000000081c00000, 0x0000000100000000)
  region size 1024K, 18 young (18432K), 2 survivors (2048K)
 Metaspace       used 20628K, capacity 21231K, committed 21248K, reserved 1069056K
  class space    used 2277K, capacity 2550K, committed 2560K, reserved 1048576K
}
Event: 2.805 GC heap after
{Heap after GC invocations=4 (full 0):
 garbage-first heap   total 131072K, used 8983K [0x0000000081c00000, 0x0000000100000000)
  region size 1024K, 3 young (3072K), 3 survivors (3072K)
 Metaspace       used 20628K, capacity 21231K, committed 21248K, reserved 1069056K
  class space    used 2277K, capacity 2550K, committed 2560K, reserved 1048576K
}
Event: 3.428 GC heap before
{Heap before GC invocations=5 (full 0):
 garbage-first heap   total 131072K, used 33559K [0x0000000081c00000, 0x0000000100000000)
  region size 1024K, 28 young (28672K), 3 survivors (3072K)
 Metaspace       used 25481K, capacity 26159K, committed 26240K, reserved 1089536K
  class space    used 2853K, capacity 3148K, committed 3200K, reserved 1048576K
}
Event: 3.434 GC heap after
{Heap after GC invocations=6 (full 0):
 garbage-first heap   total 131072K, used 9642K [0x0000000081c00000, 0x0000000100000000)
  region size 1024K, 4 young (4096K), 4 survivors (4096K)
 Metaspace       used 25481K, capacity 26159K, committed 26240K, reserved 1089536K
  class space    used 2853K, capacity 3148K, committed 3200K, reserved 1048576K
}

Deoptimization events (20 events):
Event: 2.936 Thread 0x000001f65baca800 Uncommon trap: trap_request=0xffffff4d fr.pc=0x000001f66d51e734 relative=0x00000000000001f4
Event: 2.936 Thread 0x000001f65baca800 Uncommon trap: reason=unstable_if action=reinterpret pc=0x000001f66d51e734 method=java.util.HashMap.hash(Ljava/lang/Object;)I @ 1 c2
Event: 2.936 Thread 0x000001f65baca800 DEOPT PACKING pc=0x000001f66d51e734 sp=0x000000e7e30feb50
Event: 2.936 Thread 0x000001f65baca800 DEOPT UNPACKING pc=0x000001f665a3a1af sp=0x000000e7e30fea78 mode 2
Event: 3.384 Thread 0x000001f65baca800 Uncommon trap: trap_request=0xffffff4d fr.pc=0x000001f66d53884c relative=0x000000000000120c
Event: 3.384 Thread 0x000001f65baca800 Uncommon trap: reason=unstable_if action=reinterpret pc=0x000001f66d53884c method=java.util.concurrent.ConcurrentHashMap.addCount(JI)V @ 168 c2
Event: 3.384 Thread 0x000001f65baca800 DEOPT PACKING pc=0x000001f66d53884c sp=0x000000e7e30fdd50
Event: 3.384 Thread 0x000001f65baca800 DEOPT UNPACKING pc=0x000001f665a3a1af sp=0x000000e7e30fdc20 mode 2
Event: 3.384 Thread 0x000001f67dbb0800 Uncommon trap: trap_request=0xffffff4d fr.pc=0x000001f66d580404 relative=0x0000000000001224
Event: 3.384 Thread 0x000001f67dbb0800 Uncommon trap: reason=unstable_if action=reinterpret pc=0x000001f66d580404 method=java.util.concurrent.ConcurrentHashMap.transfer([Ljava/util/concurrent/ConcurrentHashMap$Node;[Ljava/util/concurrent/ConcurrentHashMap$Node;)V @ 273 c2
Event: 3.384 Thread 0x000001f67dbb0800 DEOPT PACKING pc=0x000001f66d580404 sp=0x000000e7e48fc530
Event: 3.384 Thread 0x000001f67dbb0800 DEOPT UNPACKING pc=0x000001f665a3a1af sp=0x000000e7e48fc4b0 mode 2
Event: 3.384 Thread 0x000001f67dbb0800 Uncommon trap: trap_request=0xffffff4d fr.pc=0x000001f66d53884c relative=0x000000000000120c
Event: 3.384 Thread 0x000001f67dbb0800 Uncommon trap: reason=unstable_if action=reinterpret pc=0x000001f66d53884c method=java.util.concurrent.ConcurrentHashMap.addCount(JI)V @ 168 c2
Event: 3.385 Thread 0x000001f67dbb0800 DEOPT PACKING pc=0x000001f66d53884c sp=0x000000e7e48fc620
Event: 3.385 Thread 0x000001f67dbb0800 DEOPT UNPACKING pc=0x000001f665a3a1af sp=0x000000e7e48fc4f0 mode 2
Event: 3.418 Thread 0x000001f65baca800 Uncommon trap: trap_request=0xffffff4d fr.pc=0x000001f66d50c6ac relative=0x000000000000034c
Event: 3.418 Thread 0x000001f65baca800 Uncommon trap: reason=unstable_if action=reinterpret pc=0x000001f66d50c6ac method=java.util.concurrent.ConcurrentHashMap.get(Ljava/lang/Object;)Ljava/lang/Object; @ 76 c2
Event: 3.418 Thread 0x000001f65baca800 DEOPT PACKING pc=0x000001f66d50c6ac sp=0x000000e7e30fbd30
Event: 3.418 Thread 0x000001f65baca800 DEOPT UNPACKING pc=0x000001f665a3a1af sp=0x000000e7e30fbcd8 mode 2

Classes redefined (0 events):
No events

Internal exceptions (20 events):
Event: 2.335 Thread 0x000001f65baca800 Exception <a 'java/lang/NoSuchMethodError'{0x0000000089bf6a08}: 'java.lang.Object java.lang.invoke.Invokers$Holder.linkToTargetMethod(java.lang.Object, java.lang.Object, java.lang.Object, java.lang.Object, java.lang.Object, int, java.lang.Object)'> (0x0000000089bf6a08) thrown at [./src/hotspot/share/interpreter/linkResolver.cpp, line 773]
Event: 2.420 Thread 0x000001f65baca800 Exception <a 'java/lang/NoSuchMethodError'{0x000000008973af50}: 'java.lang.Object java.lang.invoke.DirectMethodHandle$Holder.invokeStatic(java.lang.Object, java.lang.Object, java.lang.Object, int, java.lang.Object)'> (0x000000008973af50) thrown at [./src/hotspot/share/interpreter/linkResolver.cpp, line 773]
Event: 2.420 Thread 0x000001f65baca800 Exception <a 'java/lang/NoSuchMethodError'{0x0000000089741958}: 'java.lang.Object java.lang.invoke.Invokers$Holder.linkToTargetMethod(java.lang.Object, java.lang.Object, int, java.lang.Object, java.lang.Object)'> (0x0000000089741958) thrown at [./src/hotspot/share/interpreter/linkResolver.cpp, line 773]
Event: 2.422 Thread 0x000001f65baca800 Exception <a 'java/lang/NoSuchMethodError'{0x000000008974cdf8}: 'int java.lang.invoke.DirectMethodHandle$Holder.invokeStatic(java.lang.Object, int, java.lang.Object, java.lang.Object)'> (0x000000008974cdf8) thrown at [./src/hotspot/share/interpreter/linkResolver.cpp, line 773]
Event: 2.423 Thread 0x000001f65baca800 Exception <a 'java/lang/NoSuchMethodError'{0x0000000089753d60}: 'java.lang.Object java.lang.invoke.DirectMethodHandle$Holder.invokeStatic(java.lang.Object, int, java.lang.Object)'> (0x0000000089753d60) thrown at [./src/hotspot/share/interpreter/linkResolver.cpp, line 773]
Event: 2.423 Thread 0x000001f65baca800 Exception <a 'java/lang/NoSuchMethodError'{0x00000000897574c0}: 'int java.lang.invoke.DirectMethodHandle$Holder.invokeSpecialIFC(java.lang.Object, java.lang.Object, java.lang.Object, java.lang.Object)'> (0x00000000897574c0) thrown at [./src/hotspot/share/interpreter/linkResolver.cpp, line 773]
Event: 2.496 Thread 0x000001f65baca800 Exception <a 'java/lang/NoSuchMethodError'{0x000000008950aea8}: 'void java.lang.invoke.DirectMethodHandle$Holder.invokeStaticInit(java.lang.Object, java.lang.Object)'> (0x000000008950aea8) thrown at [./src/hotspot/share/interpreter/linkResolver.cpp, line 773]
Event: 2.503 Thread 0x000001f65baca800 Exception <a 'java/lang/NoSuchMethodError'{0x000000008951b980}: 'void java.lang.invoke.DirectMethodHandle$Holder.invokeStaticInit(java.lang.Object, java.lang.Object, java.lang.Object)'> (0x000000008951b980) thrown at [./src/hotspot/share/interpreter/linkResolver.cpp, line 773]
Event: 2.550 Thread 0x000001f65baca800 Exception <a 'java/lang/NoSuchMethodError'{0x00000000895e6f80}: 'void java.lang.invoke.DirectMethodHandle$Holder.invokeVirtual(java.lang.Object, java.lang.Object, java.lang.Object, java.lang.Object)'> (0x00000000895e6f80) thrown at [./src/hotspot/share/interpreter/linkResolver.cpp, line 773]
Event: 2.678 Thread 0x000001f65baca800 Exception <a 'java/lang/NoSuchMethodError'{0x0000000089231260}: 'void java.lang.invoke.DirectMethodHandle$Holder.invokeSpecial(java.lang.Object, java.lang.Object, java.lang.Object, java.lang.Object, java.lang.Object)'> (0x0000000089231260) thrown at [./src/hotspot/share/interpreter/linkResolver.cpp, line 773]
Event: 2.710 Thread 0x000001f67dbb0800 Exception <a 'java/lang/NoClassDefFoundError'{0x00000000892a1e40}: javax/validation/Validation> (0x00000000892a1e40) thrown at [./src/hotspot/share/classfile/systemDictionary.cpp, line 220]
Event: 2.759 Thread 0x000001f65baca800 Exception <a 'java/lang/NoSuchMethodError'{0x0000000088fc81b0}: 'int java.lang.invoke.DirectMethodHandle$Holder.invokeSpecialIFC(java.lang.Object, java.lang.Object, int)'> (0x0000000088fc81b0) thrown at [./src/hotspot/share/interpreter/linkResolver.cpp, line 773]
Event: 2.774 Thread 0x000001f67dbb0800 Exception <a 'java/lang/NoSuchMethodError'{0x0000000088d2c418}: 'java.lang.Object java.lang.invoke.DirectMethodHandle$Holder.invokeStaticInit(java.lang.Object, java.lang.Object, java.lang.Object, java.lang.Object, java.lang.Object)'> (0x0000000088d2c418) thrown at [./src/hotspot/share/interpreter/linkResolver.cpp, line 773]
Event: 2.785 Thread 0x000001f67dbb0800 Exception <a 'java/lang/NoSuchMethodError'{0x0000000088c18488}: 'java.lang.Object java.lang.invoke.DirectMethodHandle$Holder.invokeSpecial(java.lang.Object, java.lang.Object, int, int, java.lang.Object, java.lang.Object, java.lang.Object)'> (0x0000000088c18488) thrown at [./src/hotspot/share/interpreter/linkResolver.cpp, line 773]
Event: 2.786 Thread 0x000001f67dbb0800 Exception <a 'java/lang/NoSuchMethodError'{0x0000000088c1ba18}: 'java.lang.Object java.lang.invoke.DelegatingMethodHandle$Holder.reinvoke_L(java.lang.Object, int, int, java.lang.Object, java.lang.Object, java.lang.Object)'> (0x0000000088c1ba18) thrown at [./src/hotspot/share/interpreter/linkResolver.cpp, line 773]
Event: 2.786 Thread 0x000001f67dbb0800 Exception <a 'java/lang/NoSuchMethodError'{0x0000000088c1f8f8}: 'java.lang.Object java.lang.invoke.DirectMethodHandle$Holder.invokeStatic(java.lang.Object, java.lang.Object, java.lang.Object, java.lang.Object, int)'> (0x0000000088c1f8f8) thrown at [./src/hotspot/share/interpreter/linkResolver.cpp, line 773]
Event: 2.933 Thread 0x000001f65baca800 Exception <a 'java/lang/NoSuchMethodError'{0x00000000894c40a8}: 'org.slf4j.impl.StaticMDCBinder org.slf4j.impl.StaticMDCBinder.getSingleton()'> (0x00000000894c40a8) thrown at [./src/hotspot/share/interpreter/linkResolver.cpp, line 773]
Event: 2.936 Thread 0x000001f65baca800 Implicit null exception at 0x000001f66d51e575 to 0x000001f66d51e724
Event: 3.411 Thread 0x000001f65baca800 Exception <a 'java/lang/ClassNotFoundException'{0x00000000882d3640}: java/lang/ObjectCustomizer> (0x00000000882d3640) thrown at [./src/hotspot/share/classfile/systemDictionary.cpp, line 231]
Event: 3.420 Thread 0x000001f65baca800 Exception <a 'java/lang/ClassNotFoundException'{0x000000008803fd18}: org/springframework/context/annotation/ConfigurationClassPostProcessorCustomizer> (0x000000008803fd18) thrown at [./src/hotspot/share/classfile/systemDictionary.cpp, line 231]

Events (20 events):
Event: 3.420 loading class com/fasterxml/jackson/databind/ser/impl/PropertyBasedObjectIdGenerator
Event: 3.420 loading class com/fasterxml/jackson/databind/ser/impl/PropertyBasedObjectIdGenerator done
Event: 3.420 loading class org/springframework/context/annotation/ConfigurationClassPostProcessorCustomizer
Event: 3.420 loading class org/springframework/context/annotation/ConfigurationClassPostProcessorCustomizer done
Event: 3.420 loading class org/springframework/context/annotation/ConfigurationClassPostProcessorCustomizer
Event: 3.420 loading class org/springframework/context/annotation/ConfigurationClassPostProcessorCustomizer done
Event: 3.420 loading class org/springframework/context/annotation/ConfigurationClassPostProcessorCustomizer
Event: 3.420 loading class org/springframework/context/annotation/ConfigurationClassPostProcessorCustomizer done
Event: 3.420 loading class com/fasterxml/jackson/databind/ser/impl/UnsupportedTypeSerializer
Event: 3.420 loading class com/fasterxml/jackson/databind/ser/impl/UnsupportedTypeSerializer done
Event: 3.421 loading class java/util/Hashtable$EntrySet
Event: 3.421 loading class com/fasterxml/jackson/databind/ser/std/StringSerializer
Event: 3.421 loading class com/fasterxml/jackson/databind/ser/std/StringSerializer done
Event: 3.426 loading class com/fasterxml/jackson/databind/ser/std/NumberSerializers
Event: 3.426 loading class com/fasterxml/jackson/databind/ser/std/NumberSerializers done
Event: 3.427 Executing VM operation: CollectForMetadataAllocation
Event: 3.427 Executing VM operation: CollectForMetadataAllocation done
Event: 3.428 Executing VM operation: G1CollectForAllocation
Event: 3.434 Executing VM operation: G1CollectForAllocation done
Event: 3.435 Executing VM operation: CollectForMetadataAllocation


Dynamic libraries:
0x00007ff6390c0000 - 0x00007ff6390cd000 	C:\Program Files\Eclipse Foundation\jdk-11.0.12.7-hotspot\bin\java.exe
0x00007ffb52810000 - 0x00007ffb52a04000 	C:\WINDOWS\SYSTEM32\ntdll.dll
0x00007ffb51cc0000 - 0x00007ffb51d7d000 	C:\WINDOWS\System32\KERNEL32.DLL
0x00007ffb503a0000 - 0x00007ffb50667000 	C:\WINDOWS\System32\KERNELBASE.dll
0x00007ffb50770000 - 0x00007ffb50870000 	C:\WINDOWS\System32\ucrtbase.dll
0x00007ffb3d2b0000 - 0x00007ffb3d2c7000 	C:\Program Files\Eclipse Foundation\jdk-11.0.12.7-hotspot\bin\jli.dll
0x00007ffb2e6a0000 - 0x00007ffb2e6b5000 	C:\Program Files\Eclipse Foundation\jdk-11.0.12.7-hotspot\bin\VCRUNTIME140.dll
0x00007ffb50a30000 - 0x00007ffb50bd0000 	C:\WINDOWS\System32\USER32.dll
0x00007ffb50160000 - 0x00007ffb50182000 	C:\WINDOWS\System32\win32u.dll
0x00007ffb517c0000 - 0x00007ffb517ea000 	C:\WINDOWS\System32\GDI32.dll
0x00007ffb501e0000 - 0x00007ffb502ea000 	C:\WINDOWS\System32\gdi32full.dll
0x00007ffb3f150000 - 0x00007ffb3f3ea000 	C:\WINDOWS\WinSxS\amd64_microsoft.windows.common-controls_6595b64144ccf1df_6.0.19041.1_none_b555e41d4684ddec\COMCTL32.dll
0x00007ffb50670000 - 0x00007ffb5070d000 	C:\WINDOWS\System32\msvcp_win.dll
0x00007ffb50d30000 - 0x00007ffb50dce000 	C:\WINDOWS\System32\msvcrt.dll
0x00007ffb51ae0000 - 0x00007ffb51b10000 	C:\WINDOWS\System32\IMM32.DLL
0x00007ffb29500000 - 0x00007ffb2959b000 	C:\Program Files\Eclipse Foundation\jdk-11.0.12.7-hotspot\bin\msvcp140.dll
0x00007ffb04a70000 - 0x00007ffb055c9000 	C:\Program Files\Eclipse Foundation\jdk-11.0.12.7-hotspot\bin\server\jvm.dll
0x00007ffb51860000 - 0x00007ffb5190a000 	C:\WINDOWS\System32\ADVAPI32.dll
0x00007ffb51e10000 - 0x00007ffb51eab000 	C:\WINDOWS\System32\sechost.dll
0x00007ffb51b10000 - 0x00007ffb51c33000 	C:\WINDOWS\System32\RPCRT4.dll
0x00007ffb51eb0000 - 0x00007ffb51eb8000 	C:\WINDOWS\System32\PSAPI.DLL
0x00007ffb41420000 - 0x00007ffb41429000 	C:\WINDOWS\SYSTEM32\WSOCK32.dll
0x00007ffb40d60000 - 0x00007ffb40d87000 	C:\WINDOWS\SYSTEM32\WINMM.dll
0x00007ffb517f0000 - 0x00007ffb5185b000 	C:\WINDOWS\System32\WS2_32.dll
0x00007ffb47770000 - 0x00007ffb4777a000 	C:\WINDOWS\SYSTEM32\VERSION.dll
0x00007ffb4e850000 - 0x00007ffb4e863000 	C:\WINDOWS\SYSTEM32\kernel.appcore.dll
0x00007ffb3dd00000 - 0x00007ffb3dd10000 	C:\Program Files\Eclipse Foundation\jdk-11.0.12.7-hotspot\bin\verify.dll
0x00007ffb4e580000 - 0x00007ffb4e764000 	C:\WINDOWS\SYSTEM32\DBGHELP.DLL
0x00007ffb490f0000 - 0x00007ffb4911c000 	C:\WINDOWS\SYSTEM32\dbgcore.DLL
0x00007ffb500e0000 - 0x00007ffb5015f000 	C:\WINDOWS\System32\bcryptPrimitives.dll
0x00007ffb2afb0000 - 0x00007ffb2afd8000 	C:\Program Files\Eclipse Foundation\jdk-11.0.12.7-hotspot\bin\java.dll
0x00007ffb3d610000 - 0x00007ffb3d61a000 	C:\Program Files\Eclipse Foundation\jdk-11.0.12.7-hotspot\bin\jimage.dll
0x00007ffb2cd10000 - 0x00007ffb2cd27000 	C:\Program Files\Eclipse Foundation\jdk-11.0.12.7-hotspot\bin\zip.dll
0x00007ffb51ec0000 - 0x00007ffb525f1000 	C:\WINDOWS\System32\SHELL32.dll
0x00007ffb4dd30000 - 0x00007ffb4e4ba000 	C:\WINDOWS\SYSTEM32\windows.storage.dll
0x00007ffb51450000 - 0x00007ffb517a4000 	C:\WINDOWS\System32\combase.dll
0x00007ffb4f9d0000 - 0x00007ffb4f9fb000 	C:\WINDOWS\SYSTEM32\Wldp.dll
0x00007ffb52600000 - 0x00007ffb526ae000 	C:\WINDOWS\System32\SHCORE.dll
0x00007ffb51970000 - 0x00007ffb519c5000 	C:\WINDOWS\System32\shlwapi.dll
0x00007ffb4fe90000 - 0x00007ffb4feaf000 	C:\WINDOWS\SYSTEM32\profapi.dll
0x00007ffb2ac50000 - 0x00007ffb2ac69000 	C:\Program Files\Eclipse Foundation\jdk-11.0.12.7-hotspot\bin\net.dll
0x00007ffb3fe80000 - 0x00007ffb3ff82000 	C:\WINDOWS\SYSTEM32\WINHTTP.dll
0x00007ffb4f750000 - 0x00007ffb4f7ba000 	C:\WINDOWS\system32\mswsock.dll
0x00007ffb2a3b0000 - 0x00007ffb2a3c2000 	C:\Program Files\Eclipse Foundation\jdk-11.0.12.7-hotspot\bin\nio.dll
0x00007ffb3d510000 - 0x00007ffb3d519000 	C:\Program Files\Eclipse Foundation\jdk-11.0.12.7-hotspot\bin\management.dll
0x00007ffb3d400000 - 0x00007ffb3d40b000 	C:\Program Files\Eclipse Foundation\jdk-11.0.12.7-hotspot\bin\management_ext.dll
0x00007ffb38ab0000 - 0x00007ffb38ac7000 	C:\WINDOWS\system32\napinsp.dll
0x00007ffb38a90000 - 0x00007ffb38aab000 	C:\WINDOWS\system32\pnrpnsp.dll
0x00007ffb37bf0000 - 0x00007ffb37c05000 	C:\WINDOWS\system32\wshbth.dll
0x00007ffb4b8e0000 - 0x00007ffb4b8fd000 	C:\WINDOWS\system32\NLAapi.dll
0x00007ffb4f3f0000 - 0x00007ffb4f42b000 	C:\WINDOWS\SYSTEM32\IPHLPAPI.DLL
0x00007ffb4f440000 - 0x00007ffb4f50a000 	C:\WINDOWS\SYSTEM32\DNSAPI.dll
0x00007ffb50bd0000 - 0x00007ffb50bd9000 	C:\WINDOWS\System32\NSI.dll
0x00007ffb37bd0000 - 0x00007ffb37be2000 	C:\WINDOWS\System32\winrnr.dll
0x00007ffb3f120000 - 0x00007ffb3f12a000 	C:\Windows\System32\rasadhlp.dll
0x00007ffb40330000 - 0x00007ffb403af000 	C:\WINDOWS\System32\fwpuclnt.dll
0x00007ffb500b0000 - 0x00007ffb500d7000 	C:\WINDOWS\System32\bcrypt.dll
0x00007ffb4f920000 - 0x00007ffb4f938000 	C:\WINDOWS\SYSTEM32\CRYPTSP.dll
0x00007ffb4f070000 - 0x00007ffb4f0a4000 	C:\WINDOWS\system32\rsaenh.dll
0x00007ffb4fe10000 - 0x00007ffb4fe3e000 	C:\WINDOWS\SYSTEM32\USERENV.dll
0x00007ffb4f940000 - 0x00007ffb4f94c000 	C:\WINDOWS\SYSTEM32\CRYPTBASE.dll
0x00007ffb41e00000 - 0x00007ffb41e17000 	C:\WINDOWS\SYSTEM32\dhcpcsvc6.DLL
0x00007ffb421d0000 - 0x00007ffb421ed000 	C:\WINDOWS\SYSTEM32\dhcpcsvc.DLL

dbghelp: loaded successfully - version: 4.0.5 - missing functions: none
symbol engine: initialized successfully - sym options: 0x614 - pdb path: .;C:\Program Files\Eclipse Foundation\jdk-11.0.12.7-hotspot\bin;C:\WINDOWS\SYSTEM32;C:\WINDOWS\WinSxS\amd64_microsoft.windows.common-controls_6595b64144ccf1df_6.0.19041.1_none_b555e41d4684ddec;C:\Program Files\Eclipse Foundation\jdk-11.0.12.7-hotspot\bin\server

VM Arguments:
jvm_args: -Dcom.sun.management.jmxremote -Dcom.sun.management.jmxremote.port=57936 -Dcom.sun.management.jmxremote.authenticate=false -Dcom.sun.management.jmxremote.ssl=false -Djava.rmi.server.hostname=localhost -Dspring.application.admin.enabled=true -Dspring.jmx.enabled=true -Dfile.encoding=UTF-8 
java_command: co.usa.alquilercomputadores.alquilercomputadores.AlquilercomputadoresApplication
java_class_path (initial): C:\Users\User\Documents\sem2\Demo2\alquilercomputadores\target\classes;C:\Users\User\.m2\repository\org\springframework\boot\spring-boot-starter-data-jpa\2.5.6-SNAPSHOT\spring-boot-starter-data-jpa-2.5.6-SNAPSHOT.jar;C:\Users\User\.m2\repository\org\springframework\boot\spring-boot-starter-aop\2.5.6-SNAPSHOT\spring-boot-starter-aop-2.5.6-SNAPSHOT.jar;C:\Users\User\.m2\repository\org\springframework\spring-aop\5.3.11-SNAPSHOT\spring-aop-5.3.11-SNAPSHOT.jar;C:\Users\User\.m2\repository\org\aspectj\aspectjweaver\1.9.7\aspectjweaver-1.9.7.jar;C:\Users\User\.m2\repository\org\springframework\boot\spring-boot-starter-jdbc\2.5.6-SNAPSHOT\spring-boot-starter-jdbc-2.5.6-SNAPSHOT.jar;C:\Users\User\.m2\repository\com\zaxxer\HikariCP\4.0.3\HikariCP-4.0.3.jar;C:\Users\User\.m2\repository\org\springframework\spring-jdbc\5.3.11-SNAPSHOT\spring-jdbc-5.3.11-SNAPSHOT.jar;C:\Users\User\.m2\repository\jakarta\transaction\jakarta.transaction-api\1.3.3\jakarta.transaction-api-1.3.3.jar;C:\Users\User\.m2\repository\jakarta\persistence\jakarta.persistence-api\2.2.3\jakarta.persistence-api-2.2.3.jar;C:\Users\User\.m2\repository\org\hibernate\hibernate-core\5.4.32.Final\hibernate-core-5.4.32.Final.jar;C:\Users\User\.m2\repository\org\jboss\logging\jboss-logging\3.4.2.Final\jboss-logging-3.4.2.Final.jar;C:\Users\User\.m2\repository\org\javassist\javassist\3.27.0-GA\javassist-3.27.0-GA.jar;C:\Users\User\.m2\repository\net\bytebuddy\byte-buddy\1.10.22\byte-buddy-1.10.22.jar;C:\Users\User\.m2\repository\antlr\antlr\2.7.7\antlr-2.7.7.jar;C:\Users\User\.m2\repository\org\jboss\jandex\2.2.3.Final\jandex-2.2.3.Final.jar;C:\Users\User\.m2\repository\com\fasterxml\classmate\1.5.1\classmate-1.5.1.jar;C:\Users\User\.m2\repository\org\dom4j\dom4j\2.1.3\dom4j-2.1.3.jar;C:\Users\User\.m2\repository\org\hibernate\common\hibernate-commons-annotations\5.1.2.Final\hibernate-commons-annotations-5.1.2.Final.jar;C:\Users\User\.m2\repository\org\glassfish\jaxb\jaxb-runtime\2.3.5\jaxb-r
Launcher Type: SUN_STANDARD

[Global flags]
     intx CICompilerCount                          = 3                                         {product} {ergonomic}
     uint ConcGCThreads                            = 1                                         {product} {ergonomic}
     uint G1ConcRefinementThreads                  = 4                                         {product} {ergonomic}
   size_t G1HeapRegionSize                         = 1048576                                   {product} {ergonomic}
    uintx GCDrainStackTargetSize                   = 64                                        {product} {ergonomic}
   size_t InitialHeapSize                          = 134217728                                 {product} {ergonomic}
     bool ManagementServer                         = true                                      {product} {command line}
   size_t MarkStackSize                            = 4194304                                   {product} {ergonomic}
   size_t MaxHeapSize                              = 2118123520                                {product} {ergonomic}
   size_t MaxNewSize                               = 1270874112                                {product} {ergonomic}
   size_t MinHeapDeltaBytes                        = 1048576                                   {product} {ergonomic}
    uintx NonNMethodCodeHeapSize                   = 5830732                                {pd product} {ergonomic}
    uintx NonProfiledCodeHeapSize                  = 122913754                              {pd product} {ergonomic}
    uintx ProfiledCodeHeapSize                     = 122913754                              {pd product} {ergonomic}
    uintx ReservedCodeCacheSize                    = 251658240                              {pd product} {ergonomic}
     bool SegmentedCodeCache                       = true                                      {product} {ergonomic}
     bool UseCompressedClassPointers               = true                                 {lp64_product} {ergonomic}
     bool UseCompressedOops                        = true                                 {lp64_product} {ergonomic}
     bool UseG1GC                                  = true                                      {product} {ergonomic}
     bool UseLargePagesIndividualAllocation        = false                                  {pd product} {ergonomic}

Logging:
Log output configuration:
 #0: stdout all=warning uptime,level,tags
 #1: stderr all=off uptime,level,tags

Environment Variables:
JAVA_HOME=C:\Program Files\Eclipse Foundation\jdk-11.0.12.7-hotspot
PATH=C:\Program Files\Eclipse Foundation\jdk-11.0.12.7-hotspot\bin;C:\ProgramData\Oracle\Java\javapath;C:\Program Files\Rockwell Software\RSCommon;C:\Program Files\ImageMagick-7.0.10-Q16-HDRI;C:\Program Files (x86)\Intel\TXE Components\TCS\;C:\Program Files\Intel\TXE Components\TCS\;C:\Windows\system32;C:\Windows;C:\Windows\System32\Wbem;C:\Windows\System32\WindowsPowerShell\v1.0\;C:\Program Files (x86)\NVIDIA Corporation\PhysX\Common;C:\Program Files\Microsoft SQL Server\130\Tools\Binn\;C:\Program Files\dotnet\;C:\Program Files\MiKTeX 2.9\miktex\bin\x64\;C:\WINDOWS\system32;C:\WINDOWS;C:\WINDOWS\System32\Wbem;C:\WINDOWS\System32\WindowsPowerShell\v1.0\;C:\WINDOWS\System32\OpenSSH\;C:\Program Files\MATLAB\R2018a\runtime\win64;C:\Program Files\MATLAB\R2018a\bin;C:\Program Files\nodejs\;C:\ProgramData\chocolatey\bin;C:\Program Files\Microsoft SQL Server\Client SDK\ODBC\130\Tools\Binn\;C:\Program Files (x86)\Microsoft SQL Server\140\Tools\Binn\;C:\Program Files\Microsoft SQL Server\140\Tools\Binn\;C:\Program Files\Microsoft SQL Server\140\DTS\Binn\;C:\Program Files (x86)\Microsoft SQL Server\150\DTS\Binn\;C:\apache-maven-3.8.3\bin;C:\Program Files\Eclipse Foundation\jdk-11.0.12.7-hotspot\bin;C:\Program Files\Git\cmd;C:\Program Files\MySQL\MySQL Shell 8.0\bin\;C:\Users\User\AppData\Local\Microsoft\WindowsApps;C:\Users\User\AppData\Local\atom\bin;C:\Users\User\AppData\Roaming\npm;C:\Users\User\AppData\Local\Microsoft\WindowsApps;C:\Users\User\AppData\Local\Programs\Microsoft VS Code\bin;C:\Program Files\Python36;C:\Program Files\Python36\Scripts;
USERNAME=User
OS=Windows_NT
PROCESSOR_IDENTIFIER=Intel64 Family 6 Model 142 Stepping 9, GenuineIntel



---------------  S Y S T E M  ---------------

OS: Windows 10 , 64 bit Build 19041 (10.0.19041.1)
OS uptime: 7 days 6:28 hours

CPU:total 4 (initial active 4) (2 cores per cpu, 2 threads per core) family 6 model 142 stepping 9 microcode 0xb4, cmov, cx8, fxsr, mmx, sse, sse2, sse3, ssse3, sse4.1, sse4.2, popcnt, avx, avx2, aes, clmul, erms, 3dnowpref, lzcnt, ht, tsc, tscinvbit, bmi1, bmi2, adx, fma

Memory: 4k page, system-wide physical 8073M (1257M free)
TotalPageFile size 8073M (AvailPageFile size 3M)
current process WorkingSet (physical memory assigned to process): 115M, peak: 115M
current process commit charge ("private bytes"): 239M, peak: 240M

vm_info: OpenJDK 64-Bit Server VM (11.0.12+7) for windows-amd64 JRE (11.0.12+7), built on Jul 21 2021 16:23:49 by "" with unknown MS VC++:1916

END.
