#
# There is insufficient memory for the Java Runtime Environment to continue.
# Native memory allocation (malloc) failed to allocate 4959856 bytes for Chunk::new
# Possible reasons:
#   The system is out of physical RAM or swap space
#   The process is running with CompressedOops enabled, and the Java Heap may be blocking the growth of the native heap
# Possible solutions:
#   Reduce memory load on the system
#   Increase physical memory or swap space
#   Check if swap backing store is full
#   Decrease Java heap size (-Xmx/-Xms)
#   Decrease number of Java threads
#   Decrease Java thread stack sizes (-Xss)
#   Set larger code cache with -XX:ReservedCodeCacheSize=
#   JVM is running with Unscaled Compressed Oops mode in which the Java heap is
#     placed in the first 4GB address space. The Java Heap base address is the
#     maximum limit for the native heap growth. Please use -XX:HeapBaseMinAddress
#     to set the Java Heap base and to place the Java Heap above 4GB virtual address.
# This output file may be truncated or incomplete.
#
#  Out of Memory Error (./src/hotspot/share/memory/arena.cpp:197), pid=15640, tid=11684
#
# JRE version: OpenJDK Runtime Environment Temurin-11.0.12+7 (11.0.12+7) (build 11.0.12+7)
# Java VM: OpenJDK 64-Bit Server VM Temurin-11.0.12+7 (11.0.12+7, mixed mode, tiered, compressed oops, parallel gc, windows-amd64)
# No core dump will be written. Minidumps are not enabled by default on client versions of Windows
#

---------------  S U M M A R Y ------------

Command Line: --add-modules=ALL-SYSTEM --add-opens=java.base/java.util=ALL-UNNAMED --add-opens=java.base/java.lang=ALL-UNNAMED -Declipse.application=org.eclipse.jdt.ls.core.id1 -Dosgi.bundles.defaultStartLevel=4 -Declipse.product=org.eclipse.jdt.ls.core.product -Dfile.encoding=utf8 -DwatchParentProcess=false -XX:+UseParallelGC -XX:GCTimeRatio=4 -XX:AdaptiveSizePolicyWeight=90 -Dsun.zip.disableMemoryMapping=true -Xmx1G -Xms100m -Xverify:none c:\Users\User\.vscode\extensions\redhat.java-0.82.0\server\plugins\org.eclipse.equinox.launcher_1.6.300.v20210813-1054.jar -configuration c:\Users\User\AppData\Roaming\Code\User\globalStorage\redhat.java\0.82.0\config_win -data c:\Users\User\AppData\Roaming\Code\User\workspaceStorage\c3096344b3a4e59383c1365647bf3051\redhat.java\jdt_ws

Host: Intel(R) Core(TM) i5-7200U CPU @ 2.50GHz, 4 cores, 7G,  Windows 10 , 64 bit Build 19041 (10.0.19041.1)
Time: Sat Oct 16 16:55:39 2021 Hora est. Pacífico, Sudamérica elapsed time: 6.534686 seconds (0d 0h 0m 6s)

---------------  T H R E A D  ---------------

Current thread (0x0000029f7f372800):  JavaThread "C2 CompilerThread0" daemon [_thread_in_native, id=11684, stack(0x000000b4eff00000,0x000000b4f0000000)]


Current CompileTask:
C2:   6534 2321       4       java.io.DataInputStream::readUTF (501 bytes)

Stack: [0x000000b4eff00000,0x000000b4f0000000]
Native frames: (J=compiled Java code, j=interpreted, Vv=VM code, C=native code)
V  [jvm.dll+0x601d0a]
V  [jvm.dll+0x78ab6e]
V  [jvm.dll+0x78c23f]
V  [jvm.dll+0x78c903]
V  [jvm.dll+0x24be68]
V  [jvm.dll+0xc219c]
V  [jvm.dll+0xc275c]
V  [jvm.dll+0x354857]
V  [jvm.dll+0x19dd01]
V  [jvm.dll+0x205622]
V  [jvm.dll+0x2046fd]
V  [jvm.dll+0x1898fc]
V  [jvm.dll+0x213d67]
V  [jvm.dll+0x211f2b]
V  [jvm.dll+0x74ec19]
V  [jvm.dll+0x747c84]
V  [jvm.dll+0x600ba6]
C  [ucrtbase.dll+0x21542]
C  [KERNEL32.DLL+0x16fd4]
C  [ntdll.dll+0x4cf31]


---------------  P R O C E S S  ---------------

Threads class SMR info:
_java_thread_list=0x0000029f10a16c10, length=23, elements={
0x0000029f7429b000, 0x0000029f7f362800, 0x0000029f7f350800, 0x0000029f0f5b2800,
0x0000029f7f370000, 0x0000029f7f371800, 0x0000029f7f372800, 0x0000029f7f375800,
0x0000029f7f393000, 0x0000029f0f6d4000, 0x0000029f0f6d5800, 0x0000029f0f6d6800,
0x0000029f0f6d1800, 0x0000029f0f6d1000, 0x0000029f0f6d5000, 0x0000029f0f6d7800,
0x0000029f0f6d2800, 0x0000029f0f6d3800, 0x0000029f0ff2b000, 0x0000029f0ff30000,
0x0000029f106c1800, 0x0000029f0ff2e800, 0x0000029f0ff2f800
}

Java Threads: ( => current thread )
  0x0000029f7429b000 JavaThread "main" [_thread_in_vm, id=6844, stack(0x000000b4ef700000,0x000000b4ef800000)]
  0x0000029f7f362800 JavaThread "Reference Handler" daemon [_thread_blocked, id=15252, stack(0x000000b4efa00000,0x000000b4efb00000)]
  0x0000029f7f350800 JavaThread "Finalizer" daemon [_thread_blocked, id=14224, stack(0x000000b4efb00000,0x000000b4efc00000)]
  0x0000029f0f5b2800 JavaThread "Signal Dispatcher" daemon [_thread_blocked, id=10752, stack(0x000000b4efc00000,0x000000b4efd00000)]
  0x0000029f7f370000 JavaThread "Attach Listener" daemon [_thread_blocked, id=4852, stack(0x000000b4efd00000,0x000000b4efe00000)]
  0x0000029f7f371800 JavaThread "Service Thread" daemon [_thread_blocked, id=10448, stack(0x000000b4efe00000,0x000000b4eff00000)]
=>0x0000029f7f372800 JavaThread "C2 CompilerThread0" daemon [_thread_in_native, id=11684, stack(0x000000b4eff00000,0x000000b4f0000000)]
  0x0000029f7f375800 JavaThread "C1 CompilerThread0" daemon [_thread_in_native, id=12412, stack(0x000000b4f0000000,0x000000b4f0100000)]
  0x0000029f7f393000 JavaThread "Sweeper thread" daemon [_thread_blocked, id=7496, stack(0x000000b4f0100000,0x000000b4f0200000)]
  0x0000029f0f6d4000 JavaThread "Common-Cleaner" daemon [_thread_blocked, id=11780, stack(0x000000b4f0200000,0x000000b4f0300000)]
  0x0000029f0f6d5800 JavaThread "Active Thread: Equinox Container: 92a68476-a654-4956-8747-f889a858be29" [_thread_blocked, id=8964, stack(0x000000b4f0500000,0x000000b4f0600000)]
  0x0000029f0f6d6800 JavaThread "Framework Event Dispatcher: Equinox Container: 92a68476-a654-4956-8747-f889a858be29" daemon [_thread_blocked, id=928, stack(0x000000b4f0400000,0x000000b4f0500000)]
  0x0000029f0f6d1800 JavaThread "Start Level: Equinox Container: 92a68476-a654-4956-8747-f889a858be29" daemon [_thread_blocked, id=13448, stack(0x000000b4f0600000,0x000000b4f0700000)]
  0x0000029f0f6d1000 JavaThread "SCR Component Actor" daemon [_thread_blocked, id=15332, stack(0x000000b4f0a00000,0x000000b4f0b00000)]
  0x0000029f0f6d5000 JavaThread "Timer-0" daemon [_thread_blocked, id=8796, stack(0x000000b4f0c00000,0x000000b4f0d00000)]
  0x0000029f0f6d7800 JavaThread "Bundle File Closer" daemon [_thread_blocked, id=12872, stack(0x000000b4f0d00000,0x000000b4f0e00000)]
  0x0000029f0f6d2800 JavaThread "Worker-JM" [_thread_blocked, id=13544, stack(0x000000b4f0e00000,0x000000b4f0f00000)]
  0x0000029f0f6d3800 JavaThread "Worker-0" [_thread_blocked, id=14592, stack(0x000000b4f0b00000,0x000000b4f0c00000)]
  0x0000029f0ff2b000 JavaThread "Worker-1" [_thread_blocked, id=3764, stack(0x000000b4f0f00000,0x000000b4f1000000)]
  0x0000029f0ff30000 JavaThread "Worker-2" [_thread_blocked, id=7272, stack(0x000000b4f1000000,0x000000b4f1100000)]
  0x0000029f106c1800 JavaThread "C2 CompilerThread1" daemon [_thread_in_native, id=1864, stack(0x000000b4f1100000,0x000000b4f1200000)]
  0x0000029f0ff2e800 JavaThread "Java indexing" daemon [_thread_blocked, id=10776, stack(0x000000b4f1200000,0x000000b4f1300000)]
  0x0000029f0ff2f800 JavaThread "logback configurator timer" daemon [_thread_blocked, id=13704, stack(0x000000b4f1300000,0x000000b4f1400000)]

Other Threads:
  0x0000029f7f287800 VMThread "VM Thread" [stack: 0x000000b4ef900000,0x000000b4efa00000] [id=7936]
  0x0000029f0f834000 WatcherThread [stack: 0x000000b4f0300000,0x000000b4f0400000] [id=9692]
  0x0000029f742b6000 GCTaskThread "ParGC Thread#0" [stack: 0x000000b4ef800000,0x000000b4ef900000] [id=2552]
  0x0000029f0fd59000 GCTaskThread "ParGC Thread#1" [stack: 0x000000b4f0700000,0x000000b4f0800000] [id=1360]
  0x0000029f0f833000 GCTaskThread "ParGC Thread#2" [stack: 0x000000b4f0800000,0x000000b4f0900000] [id=8552]
  0x0000029f0fd74800 GCTaskThread "ParGC Thread#3" [stack: 0x000000b4f0900000,0x000000b4f0a00000] [id=15780]

Threads with active compile tasks:
C2 CompilerThread0   6577 2321       4       java.io.DataInputStream::readUTF (501 bytes)
C1 CompilerThread0   6577 2875       3       java.lang.invoke.MethodHandles$Lookup::linkMethodHandleConstant (220 bytes)
C2 CompilerThread1   6577 2878       4       java.lang.invoke.MethodType::hashCode (53 bytes)

VM state:not at safepoint (normal execution)

VM Mutex/Monitor currently owned by a thread:  ([mutex/lock_event])
[0x0000029f74298410] SystemDictionary_lock - owner thread: 0x0000000000000000

Heap address: 0x00000000c0000000, size: 1024 MB, Compressed Oops mode: 32-bit
Narrow klass base: 0x0000000000000000, Narrow klass shift: 3
Compressed class space size: 1073741824 Address: 0x0000000100000000

Heap:
 PSYoungGen      total 29696K, used 15910K [0x00000000eab00000, 0x00000000ecc00000, 0x0000000100000000)
  eden space 25600K, 52% used [0x00000000eab00000,0x00000000eb825830,0x00000000ec400000)
  from space 4096K, 59% used [0x00000000ec400000,0x00000000ec664040,0x00000000ec800000)
  to   space 4096K, 0% used [0x00000000ec800000,0x00000000ec800000,0x00000000ecc00000)
 ParOldGen       total 68608K, used 9364K [0x00000000c0000000, 0x00000000c4300000, 0x00000000eab00000)
  object space 68608K, 13% used [0x00000000c0000000,0x00000000c0925038,0x00000000c4300000)
 Metaspace       used 29723K, capacity 31882K, committed 32128K, reserved 1077248K
  class space    used 2871K, capacity 3596K, committed 3712K, reserved 1048576K

Card table byte_map: [0x0000029f73c60000,0x0000029f73e70000] _byte_map_base: 0x0000029f73660000

Marking Bits: (ParMarkBitMap*) 0x00007ffb02b9bcf0
 Begin Bits: [0x0000029f7c9c0000, 0x0000029f7d9c0000)
 End Bits:   [0x0000029f7d9c0000, 0x0000029f7e9c0000)

Polling page: 0x0000029f72060000

Metaspace:

Usage:
  Non-class:     27.62 MB capacity,    26.22 MB ( 95%) used,     1.33 MB (  5%) free+waste,    67.06 KB ( <1%) overhead. 
      Class:      3.51 MB capacity,     2.81 MB ( 80%) used,   688.16 KB ( 19%) free+waste,    33.94 KB ( <1%) overhead. 
       Both:     31.13 MB capacity,    29.03 MB ( 93%) used,     2.01 MB (  6%) free+waste,   101.00 KB ( <1%) overhead. 

Virtual space:
  Non-class space:       28.00 MB reserved,      27.75 MB (>99%) committed 
      Class space:        1.00 GB reserved,       3.63 MB ( <1%) committed 
             Both:        1.03 GB reserved,      31.38 MB (  3%) committed 

Chunk freelists:
   Non-Class:  2.00 KB
       Class:  20.00 KB
        Both:  22.00 KB

MaxMetaspaceSize: 17179869184.00 GB
CompressedClassSpaceSize: 1.00 GB
Initial GC threshold: 20.80 MB
Current GC threshold: 34.59 MB
CDS: off

CodeHeap 'non-profiled nmethods': size=120064Kb used=1016Kb max_used=1016Kb free=119047Kb
 bounds [0x0000029f07ac0000, 0x0000029f07d30000, 0x0000029f0f000000]
CodeHeap 'profiled nmethods': size=120000Kb used=6347Kb max_used=6347Kb free=113652Kb
 bounds [0x0000029f00590000, 0x0000029f00bd0000, 0x0000029f07ac0000]
CodeHeap 'non-nmethods': size=5696Kb used=1241Kb max_used=1261Kb free=4454Kb
 bounds [0x0000029f00000000, 0x0000029f00270000, 0x0000029f00590000]
 total_blobs=3387 nmethods=2870 adapters=431
 compilation: enabled
              stopped_count=0, restarted_count=0
 full_count=0

Compilation events (20 events):
Event: 6.502 Thread 0x0000029f7f375800 2848       3       org.eclipse.osgi.storage.BundleInfo$CachedManifest::get (115 bytes)
Event: 6.502 Thread 0x0000029f106c1800 nmethod 2845 0x0000029f07bb9f90 code [0x0000029f07bba120, 0x0000029f07bba338]
Event: 6.502 Thread 0x0000029f106c1800 2849       4       java.util.LinkedHashMap$LinkedHashIterator::hasNext (13 bytes)
Event: 6.503 Thread 0x0000029f106c1800 nmethod 2849 0x0000029f07bba410 code [0x0000029f07bba5a0, 0x0000029f07bba618]
Event: 6.504 Thread 0x0000029f7f375800 nmethod 2848 0x0000029f00bb9310 code [0x0000029f00bb9680, 0x0000029f00bba9b8]
Event: 6.504 Thread 0x0000029f7f375800 2850       3       org.eclipse.osgi.container.Module::getStartLevel (9 bytes)
Event: 6.504 Thread 0x0000029f7f375800 nmethod 2850 0x0000029f00bbb090 code [0x0000029f00bbb240, 0x0000029f00bbb388]
Event: 6.504 Thread 0x0000029f7f375800 2851       3       org.eclipse.osgi.container.ModuleContainer::isRefreshingSystemModule (14 bytes)
Event: 6.504 Thread 0x0000029f7f375800 nmethod 2851 0x0000029f00bbb410 code [0x0000029f00bbb5c0, 0x0000029f00bbb738]
Event: 6.505 Thread 0x0000029f7f375800 2852       3       org.eclipse.osgi.internal.framework.FilterImpl$Parser::parse_attr (149 bytes)
Event: 6.506 Thread 0x0000029f7f375800 nmethod 2852 0x0000029f00bbb810 code [0x0000029f00bbbac0, 0x0000029f00bbc5f8]
Event: 6.511 Thread 0x0000029f7f375800 2853       3       sun.nio.fs.Util::followLinks (66 bytes)
Event: 6.511 Thread 0x0000029f7f375800 nmethod 2853 0x0000029f00bbcb10 code [0x0000029f00bbcd00, 0x0000029f00bbd078]
Event: 6.515 Thread 0x0000029f106c1800 2854       4       java.util.Collections$SingletonMap::get (20 bytes)
Event: 6.518 Thread 0x0000029f106c1800 nmethod 2854 0x0000029f07bba710 code [0x0000029f07bba8c0, 0x0000029f07bbab38]
Event: 6.518 Thread 0x0000029f106c1800 2855       4       java.lang.ref.Cleaner$1::apply (9 bytes)
Event: 6.519 Thread 0x0000029f106c1800 nmethod 2855 0x0000029f07bbac90 code [0x0000029f07bbae20, 0x0000029f07bbaeb8]
Event: 6.519 Thread 0x0000029f106c1800 2856       4       org.eclipse.osgi.framework.eventmgr.CopyOnWriteIdentityMap$Snapshot$SnapshotIterator::hasNext (15 bytes)
Event: 6.520 Thread 0x0000029f106c1800 nmethod 2856 0x0000029f07bbaf90 code [0x0000029f07bbb120, 0x0000029f07bbb198]
Event: 6.528 Thread 0x0000029f106c1800 2857       4       jdk.internal.jimage.ImageLocation::decompress (153 bytes)

GC Heap History (8 events):
Event: 3.519 GC heap before
{Heap before GC invocations=1 (full 0):
 PSYoungGen      total 29696K, used 25600K [0x00000000eab00000, 0x00000000ecc00000, 0x0000000100000000)
  eden space 25600K, 100% used [0x00000000eab00000,0x00000000ec400000,0x00000000ec400000)
  from space 4096K, 0% used [0x00000000ec800000,0x00000000ec800000,0x00000000ecc00000)
  to   space 4096K, 0% used [0x00000000ec400000,0x00000000ec400000,0x00000000ec800000)
 ParOldGen       total 68608K, used 0K [0x00000000c0000000, 0x00000000c4300000, 0x00000000eab00000)
  object space 68608K, 0% used [0x00000000c0000000,0x00000000c0000000,0x00000000c4300000)
 Metaspace       used 13250K, capacity 13501K, committed 13696K, reserved 1060864K
  class space    used 1216K, capacity 1287K, committed 1408K, reserved 1048576K
}
Event: 3.528 GC heap after
{Heap after GC invocations=1 (full 0):
 PSYoungGen      total 29696K, used 4089K [0x00000000eab00000, 0x00000000ecc00000, 0x0000000100000000)
  eden space 25600K, 0% used [0x00000000eab00000,0x00000000eab00000,0x00000000ec400000)
  from space 4096K, 99% used [0x00000000ec400000,0x00000000ec7fe748,0x00000000ec800000)
  to   space 4096K, 0% used [0x00000000ec800000,0x00000000ec800000,0x00000000ecc00000)
 ParOldGen       total 68608K, used 654K [0x00000000c0000000, 0x00000000c4300000, 0x00000000eab00000)
  object space 68608K, 0% used [0x00000000c0000000,0x00000000c00a3820,0x00000000c4300000)
 Metaspace       used 13250K, capacity 13501K, committed 13696K, reserved 1060864K
  class space    used 1216K, capacity 1287K, committed 1408K, reserved 1048576K
}
Event: 5.166 GC heap before
{Heap before GC invocations=2 (full 0):
 PSYoungGen      total 29696K, used 27861K [0x00000000eab00000, 0x00000000ecc00000, 0x0000000100000000)
  eden space 25600K, 92% used [0x00000000eab00000,0x00000000ec236df8,0x00000000ec400000)
  from space 4096K, 99% used [0x00000000ec400000,0x00000000ec7fe748,0x00000000ec800000)
  to   space 4096K, 0% used [0x00000000ec800000,0x00000000ec800000,0x00000000ecc00000)
 ParOldGen       total 68608K, used 654K [0x00000000c0000000, 0x00000000c4300000, 0x00000000eab00000)
  object space 68608K, 0% used [0x00000000c0000000,0x00000000c00a3820,0x00000000c4300000)
 Metaspace       used 20240K, capacity 21152K, committed 21248K, reserved 1069056K
  class space    used 1892K, capacity 2241K, committed 2304K, reserved 1048576K
}
Event: 5.185 GC heap after
{Heap after GC invocations=2 (full 0):
 PSYoungGen      total 29696K, used 4092K [0x00000000eab00000, 0x00000000ecc00000, 0x0000000100000000)
  eden space 25600K, 0% used [0x00000000eab00000,0x00000000eab00000,0x00000000ec400000)
  from space 4096K, 99% used [0x00000000ec800000,0x00000000ecbff250,0x00000000ecc00000)
  to   space 4096K, 0% used [0x00000000ec400000,0x00000000ec400000,0x00000000ec800000)
 ParOldGen       total 68608K, used 5405K [0x00000000c0000000, 0x00000000c4300000, 0x00000000eab00000)
  object space 68608K, 7% used [0x00000000c0000000,0x00000000c05475c8,0x00000000c4300000)
 Metaspace       used 20240K, capacity 21152K, committed 21248K, reserved 1069056K
  class space    used 1892K, capacity 2241K, committed 2304K, reserved 1048576K
}
Event: 5.185 GC heap before
{Heap before GC invocations=3 (full 1):
 PSYoungGen      total 29696K, used 4092K [0x00000000eab00000, 0x00000000ecc00000, 0x0000000100000000)
  eden space 25600K, 0% used [0x00000000eab00000,0x00000000eab00000,0x00000000ec400000)
  from space 4096K, 99% used [0x00000000ec800000,0x00000000ecbff250,0x00000000ecc00000)
  to   space 4096K, 0% used [0x00000000ec400000,0x00000000ec400000,0x00000000ec800000)
 ParOldGen       total 68608K, used 5405K [0x00000000c0000000, 0x00000000c4300000, 0x00000000eab00000)
  object space 68608K, 7% used [0x00000000c0000000,0x00000000c05475c8,0x00000000c4300000)
 Metaspace       used 20240K, capacity 21152K, committed 21248K, reserved 1069056K
  class space    used 1892K, capacity 2241K, committed 2304K, reserved 1048576K
}
Event: 5.271 GC heap after
{Heap after GC invocations=3 (full 1):
 PSYoungGen      total 29696K, used 0K [0x00000000eab00000, 0x00000000ecc00000, 0x0000000100000000)
  eden space 25600K, 0% used [0x00000000eab00000,0x00000000eab00000,0x00000000ec400000)
  from space 4096K, 0% used [0x00000000ec800000,0x00000000ec800000,0x00000000ecc00000)
  to   space 4096K, 0% used [0x00000000ec400000,0x00000000ec400000,0x00000000ec800000)
 ParOldGen       total 68608K, used 9348K [0x00000000c0000000, 0x00000000c4300000, 0x00000000eab00000)
  object space 68608K, 13% used [0x00000000c0000000,0x00000000c0921020,0x00000000c4300000)
 Metaspace       used 20240K, capacity 21152K, committed 21248K, reserved 1069056K
  class space    used 1892K, capacity 2241K, committed 2304K, reserved 1048576K
}
Event: 6.004 GC heap before
{Heap before GC invocations=4 (full 1):
 PSYoungGen      total 29696K, used 25600K [0x00000000eab00000, 0x00000000ecc00000, 0x0000000100000000)
  eden space 25600K, 100% used [0x00000000eab00000,0x00000000ec400000,0x00000000ec400000)
  from space 4096K, 0% used [0x00000000ec800000,0x00000000ec800000,0x00000000ecc00000)
  to   space 4096K, 0% used [0x00000000ec400000,0x00000000ec400000,0x00000000ec800000)
 ParOldGen       total 68608K, used 9348K [0x00000000c0000000, 0x00000000c4300000, 0x00000000eab00000)
  object space 68608K, 13% used [0x00000000c0000000,0x00000000c0921020,0x00000000c4300000)
 Metaspace       used 26005K, capacity 27716K, committed 27904K, reserved 1075200K
  class space    used 2414K, capacity 2997K, committed 3072K, reserved 1048576K
}
Event: 6.009 GC heap after
{Heap after GC invocations=4 (full 1):
 PSYoungGen      total 29696K, used 2448K [0x00000000eab00000, 0x00000000ecc00000, 0x0000000100000000)
  eden space 25600K, 0% used [0x00000000eab00000,0x00000000eab00000,0x00000000ec400000)
  from space 4096K, 59% used [0x00000000ec400000,0x00000000ec664040,0x00000000ec800000)
  to   space 4096K, 0% used [0x00000000ec800000,0x00000000ec800000,0x00000000ecc00000)
 ParOldGen       total 68608K, used 9364K [0x00000000c0000000, 0x00000000c4300000, 0x00000000eab00000)
  object space 68608K, 13% used [0x00000000c0000000,0x00000000c0925038,0x00000000c4300000)
 Metaspace       used 26005K, capacity 27716K, committed 27904K, reserved 1075200K
  class space    used 2414K, capacity 2997K, committed 3072K, reserved 1048576K
}

Deoptimization events (20 events):
Event: 6.283 Thread 0x0000029f0f6d1800 Uncommon trap: trap_request=0xffffff4d fr.pc=0x0000029f07b7651c relative=0x000000000000069c
Event: 6.283 Thread 0x0000029f0f6d1800 Uncommon trap: reason=unstable_if action=reinterpret pc=0x0000029f07b7651c method=java.util.Properties$LineReader.readLine()I @ 256 c2
Event: 6.283 Thread 0x0000029f0f6d1800 DEOPT PACKING pc=0x0000029f07b7651c sp=0x000000b4f06f7320
Event: 6.283 Thread 0x0000029f0f6d1800 DEOPT UNPACKING pc=0x0000029f0004a1af sp=0x000000b4f06f72b0 mode 2
Event: 6.306 Thread 0x0000029f0f6d1800 DEOPT PACKING pc=0x0000029f00b978ce sp=0x000000b4f06f8f20
Event: 6.306 Thread 0x0000029f0f6d1800 DEOPT UNPACKING pc=0x0000029f0004a95e sp=0x000000b4f06f83f8 mode 0
Event: 6.362 Thread 0x0000029f0f6d1800 Uncommon trap: trap_request=0xffffff4d fr.pc=0x0000029f07ad535c relative=0x00000000000002fc
Event: 6.362 Thread 0x0000029f0f6d1800 Uncommon trap: reason=unstable_if action=reinterpret pc=0x0000029f07ad535c method=java.lang.Integer.parseInt(Ljava/lang/String;I)I @ 119 c2
Event: 6.362 Thread 0x0000029f0f6d1800 DEOPT PACKING pc=0x0000029f07ad535c sp=0x000000b4f06f98c0
Event: 6.362 Thread 0x0000029f0f6d1800 DEOPT UNPACKING pc=0x0000029f0004a1af sp=0x000000b4f06f9828 mode 2
Event: 6.368 Thread 0x0000029f0f6d1800 Uncommon trap: trap_request=0xffffff7e fr.pc=0x0000029f07b96638 relative=0x00000000000005d8
Event: 6.368 Thread 0x0000029f0f6d1800 Uncommon trap: reason=predicate action=maybe_recompile pc=0x0000029f07b96638 method=java.util.TreeMap.getEntryUsingComparator(Ljava/lang/Object;)Ljava/util/TreeMap$Entry; @ 19 c2
Event: 6.368 Thread 0x0000029f0f6d1800 DEOPT PACKING pc=0x0000029f07b96638 sp=0x000000b4f06f9660
Event: 6.368 Thread 0x0000029f0f6d1800 DEOPT UNPACKING pc=0x0000029f0004a1af sp=0x000000b4f06f9600 mode 2
Event: 6.500 Thread 0x0000029f0f6d1800 Uncommon trap: trap_request=0xffffff4d fr.pc=0x0000029f07b991c4 relative=0x0000000000000ea4
Event: 6.500 Thread 0x0000029f0f6d1800 Uncommon trap: reason=unstable_if action=reinterpret pc=0x0000029f07b991c4 method=java.util.TreeMap.put(Ljava/lang/Object;Ljava/lang/Object;)Ljava/lang/Object; @ 55 c2
Event: 6.500 Thread 0x0000029f0f6d1800 DEOPT PACKING pc=0x0000029f07b991c4 sp=0x000000b4f06fce80
Event: 6.500 Thread 0x0000029f0f6d1800 DEOPT UNPACKING pc=0x0000029f0004a1af sp=0x000000b4f06fce48 mode 2
Event: 6.531 Thread 0x0000029f7429b000 DEOPT PACKING pc=0x0000029f00b978ce sp=0x000000b4ef7fac90
Event: 6.531 Thread 0x0000029f7429b000 DEOPT UNPACKING pc=0x0000029f0004a95e sp=0x000000b4ef7fa168 mode 0

Classes redefined (0 events):
No events

Internal exceptions (20 events):
Event: 3.669 Thread 0x0000029f0f6d1800 Exception <a 'java/lang/NoSuchMethodError'{0x00000000eae28248}: 'java.lang.Object java.lang.invoke.DirectMethodHandle$Holder.invokeStatic(java.lang.Object, java.lang.Object, java.lang.Object, java.lang.Object, java.lang.Object, java.lang.Object, java.lang.Object, java.lang.Object, java.lang.Object, java.lang.Object, java.lang.Object, java.lang.Object, java.lang.Object, java.lang.Object, java.lang.Object)'> (0x00000000eae28248) thrown at [./src/hotspot/share/interpreter/linkResolver.cpp, line 773]
Event: 3.672 Thread 0x0000029f0f6d1800 Exception <a 'java/lang/NoSuchMethodError'{0x00000000eae36528}: 'java.lang.Object java.lang.invoke.DirectMethodHandle$Holder.invokeStatic(java.lang.Object, java.lang.Object, java.lang.Object, java.lang.Object, java.lang.Object, java.lang.Object, java.lang.Object, java.lang.Object, java.lang.Object, java.lang.Object, java.lang.Object, java.lang.Object, java.lang.Object, java.lang.Object, java.lang.Object, java.lang.Object)'> (0x00000000eae36528) thrown at [./src/hotspot/share/interpreter/linkResolver.cpp, l
Event: 3.674 Thread 0x0000029f0f6d1800 Exception <a 'java/lang/NoSuchMethodError'{0x00000000eae44440}: 'java.lang.Object java.lang.invoke.DirectMethodHandle$Holder.invokeSpecial(java.lang.Object, java.lang.Object, int, int, java.lang.Object, java.lang.Object, java.lang.Object)'> (0x00000000eae44440) thrown at [./src/hotspot/share/interpreter/linkResolver.cpp, line 773]
Event: 3.675 Thread 0x0000029f0f6d1800 Exception <a 'java/lang/NoSuchMethodError'{0x00000000eae479d0}: 'java.lang.Object java.lang.invoke.DelegatingMethodHandle$Holder.reinvoke_L(java.lang.Object, int, int, java.lang.Object, java.lang.Object, java.lang.Object)'> (0x00000000eae479d0) thrown at [./src/hotspot/share/interpreter/linkResolver.cpp, line 773]
Event: 4.601 Thread 0x0000029f0f6d1800 Exception <a 'java/io/FileNotFoundException'{0x00000000ebb71348}> (0x00000000ebb71348) thrown at [./src/hotspot/share/prims/jni.cpp, line 615]
Event: 5.029 Thread 0x0000029f0f6d1800 Exception <a 'java/lang/NoSuchMethodError'{0x00000000ec00b968}: 'void java.lang.invoke.DirectMethodHandle$Holder.invokeSpecial(java.lang.Object, java.lang.Object, java.lang.Object, java.lang.Object)'> (0x00000000ec00b968) thrown at [./src/hotspot/share/interpreter/linkResolver.cpp, line 773]
Event: 5.039 Thread 0x0000029f0f6d1800 Exception <a 'java/io/FileNotFoundException'{0x00000000ec0373c0}> (0x00000000ec0373c0) thrown at [./src/hotspot/share/prims/jni.cpp, line 615]
Event: 5.345 Thread 0x0000029f0f6d1800 Exception <a 'java/lang/NoSuchMethodError'{0x00000000eac47960}: 'int java.lang.invoke.DirectMethodHandle$Holder.invokeStaticInit(java.lang.Object, java.lang.Object, java.lang.Object)'> (0x00000000eac47960) thrown at [./src/hotspot/share/interpreter/linkResolver.cpp, line 773]
Event: 5.361 Thread 0x0000029f0f6d1800 Exception <a 'java/lang/IncompatibleClassChangeError'{0x00000000eac8fbb0}: Found class java.lang.Object, but interface was expected> (0x00000000eac8fbb0) thrown at [./src/hotspot/share/interpreter/linkResolver.cpp, line 839]
Event: 5.648 Thread 0x0000029f0f6d1800 Exception <a 'java/lang/ClassNotFoundException'{0x00000000ebc18f38}: com/sun/org/apache/xerces/internal/impl/msg/spi/DOMMessagesProvider> (0x00000000ebc18f38) thrown at [./src/hotspot/share/classfile/systemDictionary.cpp, line 231]
Event: 5.654 Thread 0x0000029f0f6d1800 Exception <a 'java/lang/ClassNotFoundException'{0x00000000ebc385f0}: com/sun/org/apache/xerces/internal/impl/msg/spi/XMLSerializerMessagesProvider> (0x00000000ebc385f0) thrown at [./src/hotspot/share/classfile/systemDictionary.cpp, line 231]
Event: 5.655 Thread 0x0000029f0f6d1800 Exception <a 'java/lang/ClassNotFoundException'{0x00000000ebc4c9d0}: com/sun/org/apache/xerces/internal/impl/msg/spi/XMLMessagesProvider> (0x00000000ebc4c9d0) thrown at [./src/hotspot/share/classfile/systemDictionary.cpp, line 231]
Event: 5.770 Thread 0x0000029f0f6d1800 Exception <a 'java/lang/ClassNotFoundException'{0x00000000ebedc568}: com/sun/org/apache/xml/internal/serializer/spi/XMLEntitiesProvider> (0x00000000ebedc568) thrown at [./src/hotspot/share/classfile/systemDictionary.cpp, line 231]
Event: 6.152 Thread 0x0000029f0f6d1800 Exception <a 'java/lang/NoSuchMethodError'{0x00000000eaeef5e0}: 'void java.lang.invoke.DirectMethodHandle$Holder.invokeSpecial(java.lang.Object, java.lang.Object, java.lang.Object, int)'> (0x00000000eaeef5e0) thrown at [./src/hotspot/share/interpreter/linkResolver.cpp, line 773]
Event: 6.254 Thread 0x0000029f0f6d1800 Exception <a 'java/lang/NoSuchMethodError'{0x00000000eb0b87d8}: <clinit>> (0x00000000eb0b87d8) thrown at [./src/hotspot/share/prims/jni.cpp, line 1365]
Event: 6.258 Thread 0x0000029f0f6d1800 Exception <a 'java/lang/NoSuchMethodError'{0x00000000eb0e3498}: <clinit>> (0x00000000eb0e3498) thrown at [./src/hotspot/share/prims/jni.cpp, line 1365]
Event: 6.345 Thread 0x0000029f0f6d1800 Exception <a 'java/io/FileNotFoundException'{0x00000000eb31c248}> (0x00000000eb31c248) thrown at [./src/hotspot/share/prims/jni.cpp, line 615]
Event: 6.361 Thread 0x0000029f0f6d1800 Exception <a 'java/io/FileNotFoundException'{0x00000000eb34a1a8}> (0x00000000eb34a1a8) thrown at [./src/hotspot/share/prims/jni.cpp, line 615]
Event: 6.372 Thread 0x0000029f0f6d1800 Exception <a 'java/io/FileNotFoundException'{0x00000000eb37c388}> (0x00000000eb37c388) thrown at [./src/hotspot/share/prims/jni.cpp, line 615]
Event: 6.500 Thread 0x0000029f0f6d1800 Implicit null exception at 0x0000029f07b98382 to 0x0000029f07b991a4

Events (20 events):
Event: 6.508 Executing VM operation: RevokeBias
Event: 6.508 Executing VM operation: RevokeBias done
Event: 6.508 Executing VM operation: RevokeBias
Event: 6.508 Executing VM operation: RevokeBias done
Event: 6.508 Executing VM operation: RevokeBias
Event: 6.508 Executing VM operation: RevokeBias done
Event: 6.508 Executing VM operation: RevokeBias
Event: 6.508 Executing VM operation: RevokeBias done
Event: 6.509 Executing VM operation: RevokeBias
Event: 6.509 Executing VM operation: RevokeBias done
Event: 6.511 Executing VM operation: RevokeBias
Event: 6.511 Executing VM operation: RevokeBias done
Event: 6.511 Executing VM operation: RevokeBias
Event: 6.511 Executing VM operation: RevokeBias done
Event: 6.517 Executing VM operation: RevokeBias
Event: 6.517 Executing VM operation: RevokeBias done
Event: 6.521 Executing VM operation: RevokeBias
Event: 6.521 Executing VM operation: RevokeBias done
Event: 6.524 Executing VM operation: RevokeBias
Event: 6.524 Executing VM operation: RevokeBias done


Dynamic libraries:
0x00007ff734760000 - 0x00007ff73476d000 	C:\Program Files\Eclipse Foundation\jdk-11.0.12.7-hotspot\bin\java.exe
0x00007ffb52810000 - 0x00007ffb52a04000 	C:\WINDOWS\SYSTEM32\ntdll.dll
0x00007ffb51cc0000 - 0x00007ffb51d7d000 	C:\WINDOWS\System32\KERNEL32.DLL
0x00007ffb503a0000 - 0x00007ffb50667000 	C:\WINDOWS\System32\KERNELBASE.dll
0x00007ffb50770000 - 0x00007ffb50870000 	C:\WINDOWS\System32\ucrtbase.dll
0x00007ffb23410000 - 0x00007ffb23425000 	C:\Program Files\Eclipse Foundation\jdk-11.0.12.7-hotspot\bin\VCRUNTIME140.dll
0x00007ffb252f0000 - 0x00007ffb25307000 	C:\Program Files\Eclipse Foundation\jdk-11.0.12.7-hotspot\bin\jli.dll
0x00007ffb50a30000 - 0x00007ffb50bd0000 	C:\WINDOWS\System32\USER32.dll
0x00007ffb50160000 - 0x00007ffb50182000 	C:\WINDOWS\System32\win32u.dll
0x00007ffb517c0000 - 0x00007ffb517ea000 	C:\WINDOWS\System32\GDI32.dll
0x00007ffb501e0000 - 0x00007ffb502ea000 	C:\WINDOWS\System32\gdi32full.dll
0x00007ffb50670000 - 0x00007ffb5070d000 	C:\WINDOWS\System32\msvcp_win.dll
0x00007ffb3f150000 - 0x00007ffb3f3ea000 	C:\WINDOWS\WinSxS\amd64_microsoft.windows.common-controls_6595b64144ccf1df_6.0.19041.1_none_b555e41d4684ddec\COMCTL32.dll
0x00007ffb50d30000 - 0x00007ffb50dce000 	C:\WINDOWS\System32\msvcrt.dll
0x00007ffb51ae0000 - 0x00007ffb51b10000 	C:\WINDOWS\System32\IMM32.DLL
0x00007ffb0e770000 - 0x00007ffb0e80b000 	C:\Program Files\Eclipse Foundation\jdk-11.0.12.7-hotspot\bin\msvcp140.dll
0x00007ffb02100000 - 0x00007ffb02c59000 	C:\Program Files\Eclipse Foundation\jdk-11.0.12.7-hotspot\bin\server\jvm.dll
0x00007ffb51860000 - 0x00007ffb5190a000 	C:\WINDOWS\System32\ADVAPI32.dll
0x00007ffb51e10000 - 0x00007ffb51eab000 	C:\WINDOWS\System32\sechost.dll
0x00007ffb51b10000 - 0x00007ffb51c33000 	C:\WINDOWS\System32\RPCRT4.dll
0x00007ffb51eb0000 - 0x00007ffb51eb8000 	C:\WINDOWS\System32\PSAPI.DLL
0x00007ffb48c50000 - 0x00007ffb48c59000 	C:\WINDOWS\SYSTEM32\WSOCK32.dll
0x00007ffb517f0000 - 0x00007ffb5185b000 	C:\WINDOWS\System32\WS2_32.dll
0x00007ffb40d60000 - 0x00007ffb40d87000 	C:\WINDOWS\SYSTEM32\WINMM.dll
0x00007ffb47770000 - 0x00007ffb4777a000 	C:\WINDOWS\SYSTEM32\VERSION.dll
0x00007ffb4e850000 - 0x00007ffb4e863000 	C:\WINDOWS\SYSTEM32\kernel.appcore.dll
0x00007ffb40de0000 - 0x00007ffb40df0000 	C:\Program Files\Eclipse Foundation\jdk-11.0.12.7-hotspot\bin\verify.dll
0x00007ffb4e580000 - 0x00007ffb4e764000 	C:\WINDOWS\SYSTEM32\DBGHELP.DLL
0x00007ffb490f0000 - 0x00007ffb4911c000 	C:\WINDOWS\SYSTEM32\dbgcore.DLL
0x00007ffb500e0000 - 0x00007ffb5015f000 	C:\WINDOWS\System32\bcryptPrimitives.dll
0x00007ffb1b8a0000 - 0x00007ffb1b8c8000 	C:\Program Files\Eclipse Foundation\jdk-11.0.12.7-hotspot\bin\java.dll
0x00007ffb3f5f0000 - 0x00007ffb3f5fa000 	C:\Program Files\Eclipse Foundation\jdk-11.0.12.7-hotspot\bin\jimage.dll
0x00007ffb20c40000 - 0x00007ffb20c57000 	C:\Program Files\Eclipse Foundation\jdk-11.0.12.7-hotspot\bin\zip.dll
0x00007ffb51ec0000 - 0x00007ffb525f1000 	C:\WINDOWS\System32\SHELL32.dll
0x00007ffb4dd30000 - 0x00007ffb4e4ba000 	C:\WINDOWS\SYSTEM32\windows.storage.dll
0x00007ffb51450000 - 0x00007ffb517a4000 	C:\WINDOWS\System32\combase.dll
0x00007ffb4f9d0000 - 0x00007ffb4f9fb000 	C:\WINDOWS\SYSTEM32\Wldp.dll
0x00007ffb52600000 - 0x00007ffb526ae000 	C:\WINDOWS\System32\SHCORE.dll
0x00007ffb51970000 - 0x00007ffb519c5000 	C:\WINDOWS\System32\shlwapi.dll
0x00007ffb4fe90000 - 0x00007ffb4feaf000 	C:\WINDOWS\SYSTEM32\profapi.dll
0x00007ffb21180000 - 0x00007ffb21199000 	C:\Program Files\Eclipse Foundation\jdk-11.0.12.7-hotspot\bin\net.dll
0x00007ffb3fe80000 - 0x00007ffb3ff82000 	C:\WINDOWS\SYSTEM32\WINHTTP.dll
0x00007ffb4f750000 - 0x00007ffb4f7ba000 	C:\WINDOWS\system32\mswsock.dll
0x00007ffb1eb60000 - 0x00007ffb1eb72000 	C:\Program Files\Eclipse Foundation\jdk-11.0.12.7-hotspot\bin\nio.dll
0x00007ffb4f920000 - 0x00007ffb4f938000 	C:\WINDOWS\SYSTEM32\CRYPTSP.dll
0x00007ffb4f070000 - 0x00007ffb4f0a4000 	C:\WINDOWS\system32\rsaenh.dll
0x00007ffb500b0000 - 0x00007ffb500d7000 	C:\WINDOWS\System32\bcrypt.dll
0x00007ffb4fe10000 - 0x00007ffb4fe3e000 	C:\WINDOWS\SYSTEM32\USERENV.dll
0x00007ffb4f940000 - 0x00007ffb4f94c000 	C:\WINDOWS\SYSTEM32\CRYPTBASE.dll
0x00007ffb4f3f0000 - 0x00007ffb4f42b000 	C:\WINDOWS\SYSTEM32\IPHLPAPI.DLL
0x00007ffb50bd0000 - 0x00007ffb50bd9000 	C:\WINDOWS\System32\NSI.dll
0x00007ffb41e00000 - 0x00007ffb41e17000 	C:\WINDOWS\SYSTEM32\dhcpcsvc6.DLL
0x00007ffb421d0000 - 0x00007ffb421ed000 	C:\WINDOWS\SYSTEM32\dhcpcsvc.DLL
0x00007ffb4f440000 - 0x00007ffb4f50a000 	C:\WINDOWS\SYSTEM32\DNSAPI.dll
0x00007ffb181c0000 - 0x00007ffb181fe000 	C:\Users\User\AppData\Roaming\Code\User\globalStorage\redhat.java\0.82.0\config_win\org.eclipse.equinox.launcher\org.eclipse.equinox.launcher.win32.win32.x86_64_1.2.300.v20210828-0802\eclipse_11506.dll
0x00007ffb50c00000 - 0x00007ffb50d2b000 	C:\WINDOWS\System32\ole32.dll
0x00007ffb1b900000 - 0x00007ffb1b911000 	C:\Users\User\AppData\Roaming\Code\User\globalStorage\redhat.java\0.82.0\config_win\org.eclipse.osgi\22\0\.cp\jWinHttp-1.0.0.dll

dbghelp: loaded successfully - version: 4.0.5 - missing functions: none
symbol engine: initialized successfully - sym options: 0x614 - pdb path: .;C:\Program Files\Eclipse Foundation\jdk-11.0.12.7-hotspot\bin;C:\WINDOWS\SYSTEM32;C:\WINDOWS\WinSxS\amd64_microsoft.windows.common-controls_6595b64144ccf1df_6.0.19041.1_none_b555e41d4684ddec;C:\Program Files\Eclipse Foundation\jdk-11.0.12.7-hotspot\bin\server;C:\Users\User\AppData\Roaming\Code\User\globalStorage\redhat.java\0.82.0\config_win\org.eclipse.equinox.launcher\org.eclipse.equinox.launcher.win32.win32.x86_64_1.2.300.v20210828-0802;C:\Users\User\AppData\Roaming\Code\User\globalStorage\redhat.java\0.82.0\config_win\org.eclipse.osgi\22\0\.cp

VM Arguments:
jvm_args: --add-modules=ALL-SYSTEM --add-opens=java.base/java.util=ALL-UNNAMED --add-opens=java.base/java.lang=ALL-UNNAMED -Declipse.application=org.eclipse.jdt.ls.core.id1 -Dosgi.bundles.defaultStartLevel=4 -Declipse.product=org.eclipse.jdt.ls.core.product -Dfile.encoding=utf8 -DwatchParentProcess=false -XX:+UseParallelGC -XX:GCTimeRatio=4 -XX:AdaptiveSizePolicyWeight=90 -Dsun.zip.disableMemoryMapping=true -Xmx1G -Xms100m -Xverify:none 
java_command: c:\Users\User\.vscode\extensions\redhat.java-0.82.0\server\plugins\org.eclipse.equinox.launcher_1.6.300.v20210813-1054.jar -configuration c:\Users\User\AppData\Roaming\Code\User\globalStorage\redhat.java\0.82.0\config_win -data c:\Users\User\AppData\Roaming\Code\User\workspaceStorage\c3096344b3a4e59383c1365647bf3051\redhat.java\jdt_ws
java_class_path (initial): c:\Users\User\.vscode\extensions\redhat.java-0.82.0\server\plugins\org.eclipse.equinox.launcher_1.6.300.v20210813-1054.jar
Launcher Type: SUN_STANDARD

[Global flags]
    uintx AdaptiveSizePolicyWeight                 = 90                                        {product} {command line}
     bool BytecodeVerificationLocal                = false                                     {product} {command line}
     bool BytecodeVerificationRemote               = false                                     {product} {command line}
     intx CICompilerCount                          = 3                                         {product} {ergonomic}
    uintx GCTimeRatio                              = 4                                         {product} {command line}
   size_t InitialHeapSize                          = 104857600                                 {product} {command line}
   size_t MaxHeapSize                              = 1073741824                                {product} {command line}
   size_t MaxNewSize                               = 357564416                                 {product} {ergonomic}
   size_t MinHeapDeltaBytes                        = 524288                                    {product} {ergonomic}
   size_t NewSize                                  = 34603008                                  {product} {ergonomic}
    uintx NonNMethodCodeHeapSize                   = 5830732                                {pd product} {ergonomic}
    uintx NonProfiledCodeHeapSize                  = 122913754                              {pd product} {ergonomic}
   size_t OldSize                                  = 70254592                                  {product} {ergonomic}
    uintx ProfiledCodeHeapSize                     = 122913754                              {pd product} {ergonomic}
    uintx ReservedCodeCacheSize                    = 251658240                              {pd product} {ergonomic}
     bool SegmentedCodeCache                       = true                                      {product} {ergonomic}
     bool UseCompressedClassPointers               = true                                 {lp64_product} {ergonomic}
     bool UseCompressedOops                        = true                                 {lp64_product} {ergonomic}
     bool UseLargePagesIndividualAllocation        = false                                  {pd product} {ergonomic}
     bool UseParallelGC                            = true                                      {product} {command line}

Logging:
Log output configuration:
 #0: stdout all=warning uptime,level,tags
 #1: stderr all=off uptime,level,tags

Environment Variables:
JAVA_HOME=C:\Program Files\Eclipse Foundation\jdk-11.0.12.7-hotspot
PATH=C:\Program Files\Eclipse Foundation\jdk-11.0.12.7-hotspot\bin;C:\ProgramData\Oracle\Java\javapath;C:\Program Files\Rockwell Software\RSCommon;C:\Program Files\ImageMagick-7.0.10-Q16-HDRI;C:\Program Files (x86)\Intel\TXE Components\TCS\;C:\Program Files\Intel\TXE Components\TCS\;C:\Windows\system32;C:\Windows;C:\Windows\System32\Wbem;C:\Windows\System32\WindowsPowerShell\v1.0\;C:\Program Files (x86)\NVIDIA Corporation\PhysX\Common;C:\Program Files\Microsoft SQL Server\130\Tools\Binn\;C:\Program Files\dotnet\;C:\Program Files\MiKTeX 2.9\miktex\bin\x64\;C:\WINDOWS\system32;C:\WINDOWS;C:\WINDOWS\System32\Wbem;C:\WINDOWS\System32\WindowsPowerShell\v1.0\;C:\WINDOWS\System32\OpenSSH\;C:\Program Files\MATLAB\R2018a\runtime\win64;C:\Program Files\MATLAB\R2018a\bin;C:\Program Files\nodejs\;C:\ProgramData\chocolatey\bin;C:\Program Files\Microsoft SQL Server\Client SDK\ODBC\130\Tools\Binn\;C:\Program Files (x86)\Microsoft SQL Server\140\Tools\Binn\;C:\Program Files\Microsoft SQL Server\140\Tools\Binn\;C:\Program Files\Microsoft SQL Server\140\DTS\Binn\;C:\Program Files (x86)\Microsoft SQL Server\150\DTS\Binn\;C:\Program Files\Git\cmd;C:\apache-maven-3.8.3\bin;C:\Program Files\Eclipse Foundation\jdk-11.0.12.7-hotspot\bin;C:\Program Files\MySQL\MySQL Shell 8.0\bin\;C:\Users\User\AppData\Local\Microsoft\WindowsApps;C:\Users\User\AppData\Local\atom\bin;C:\Users\User\AppData\Roaming\npm;C:\Users\User\AppData\Local\Microsoft\WindowsApps;C:\Users\User\AppData\Local\Programs\Microsoft VS Code\bin;C:\Program Files\Python36;C:\Program Files\Python36\Scripts;
USERNAME=User
OS=Windows_NT
PROCESSOR_IDENTIFIER=Intel64 Family 6 Model 142 Stepping 9, GenuineIntel



---------------  S Y S T E M  ---------------

OS: Windows 10 , 64 bit Build 19041 (10.0.19041.1)
OS uptime: 7 days 1:29 hours

CPU:total 4 (initial active 4) (2 cores per cpu, 2 threads per core) family 6 model 142 stepping 9 microcode 0xb4, cmov, cx8, fxsr, mmx, sse, sse2, sse3, ssse3, sse4.1, sse4.2, popcnt, avx, avx2, aes, clmul, erms, 3dnowpref, lzcnt, ht, tsc, tscinvbit, bmi1, bmi2, adx, fma

Memory: 4k page, system-wide physical 8073M (1359M free)
TotalPageFile size 8073M (AvailPageFile size 7M)
current process WorkingSet (physical memory assigned to process): 168M, peak: 174M
current process commit charge ("private bytes"): 273M, peak: 277M

vm_info: OpenJDK 64-Bit Server VM (11.0.12+7) for windows-amd64 JRE (11.0.12+7), built on Jul 21 2021 16:23:49 by "" with unknown MS VC++:1916

END.
