#
# There is insufficient memory for the Java Runtime Environment to continue.
# Native memory allocation (malloc) failed to allocate 308096 bytes for Chunk::new
# Possible reasons:
#   The system is out of physical RAM or swap space
#   The process is running with CompressedOops enabled, and the Java Heap may be blocking the growth of the native heap
# Possible solutions:
#   Reduce memory load on the system
#   Increase physical memory or swap space
#   Check if swap backing store is full
#   Decrease Java heap size (-Xmx/-Xms)
#   Decrease number of Java threads
#   Decrease Java thread stack sizes (-Xss)
#   Set larger code cache with -XX:ReservedCodeCacheSize=
#   JVM is running with Unscaled Compressed Oops mode in which the Java heap is
#     placed in the first 4GB address space. The Java Heap base address is the
#     maximum limit for the native heap growth. Please use -XX:HeapBaseMinAddress
#     to set the Java Heap base and to place the Java Heap above 4GB virtual address.
# This output file may be truncated or incomplete.
#
#  Out of Memory Error (./src/hotspot/share/memory/arena.cpp:197), pid=9428, tid=14508
#
# JRE version: OpenJDK Runtime Environment Temurin-11.0.12+7 (11.0.12+7) (build 11.0.12+7)
# Java VM: OpenJDK 64-Bit Server VM Temurin-11.0.12+7 (11.0.12+7, mixed mode, tiered, compressed oops, g1 gc, windows-amd64)
# No core dump will be written. Minidumps are not enabled by default on client versions of Windows
#

---------------  S U M M A R Y ------------

Command Line: -Dcom.sun.management.jmxremote -Dcom.sun.management.jmxremote.port=54641 -Dcom.sun.management.jmxremote.authenticate=false -Dcom.sun.management.jmxremote.ssl=false -Djava.rmi.server.hostname=localhost -Dspring.application.admin.enabled=true -Dspring.jmx.enabled=true -Dfile.encoding=UTF-8 co.usa.alquilercomputadores.alquilercomputadores.AlquilercomputadoresApplication

Host: Intel(R) Core(TM) i5-7200U CPU @ 2.50GHz, 4 cores, 7G,  Windows 10 , 64 bit Build 19041 (10.0.19041.1)
Time: Sat Oct 16 17:36:38 2021 Hora est. Pacífico, Sudamérica elapsed time: 2.910102 seconds (0d 0h 0m 2s)

---------------  T H R E A D  ---------------

Current thread (0x00000193f2ccc000):  JavaThread "C2 CompilerThread1" daemon [_thread_in_native, id=14508, stack(0x000000564e800000,0x000000564e900000)]


Current CompileTask:
C2:   2910 1111   !   4       jdk.internal.loader.URLClassPath$JarLoader::getResource (65 bytes)

Stack: [0x000000564e800000,0x000000564e900000]
Native frames: (J=compiled Java code, j=interpreted, Vv=VM code, C=native code)
V  [jvm.dll+0x601d0a]
V  [jvm.dll+0x78ab6e]
V  [jvm.dll+0x78c23f]
V  [jvm.dll+0x78c903]
V  [jvm.dll+0x24be68]
V  [jvm.dll+0xc219c]
V  [jvm.dll+0xc275c]
V  [jvm.dll+0x2bde24]
V  [jvm.dll+0x512bd9]
V  [jvm.dll+0x20d6ed]
V  [jvm.dll+0x207634]
V  [jvm.dll+0x2045da]
V  [jvm.dll+0x1898fc]
V  [jvm.dll+0x213d67]
V  [jvm.dll+0x211f2b]
V  [jvm.dll+0x74ec19]
V  [jvm.dll+0x747c84]
V  [jvm.dll+0x600ba6]
C  [ucrtbase.dll+0x21542]
C  [KERNEL32.DLL+0x16fd4]
C  [ntdll.dll+0x4cf31]


---------------  P R O C E S S  ---------------

Threads class SMR info:
_java_thread_list=0x00000193f2bd6760, length=14, elements={
0x00000193d12a8800, 0x00000193f1946800, 0x00000193f194f000, 0x00000193f2312800,
0x00000193f195f000, 0x00000193f1961000, 0x00000193f1968000, 0x00000193f196e000,
0x00000193f196f800, 0x00000193f18d9000, 0x00000193f2bb1800, 0x00000193f2bca000,
0x00000193f2bce000, 0x00000193f2ccc000
}

Java Threads: ( => current thread )
  0x00000193d12a8800 JavaThread "main" [_thread_in_vm, id=11268, stack(0x000000564d400000,0x000000564d500000)]
  0x00000193f1946800 JavaThread "Reference Handler" daemon [_thread_blocked, id=6428, stack(0x000000564db00000,0x000000564dc00000)]
  0x00000193f194f000 JavaThread "Finalizer" daemon [_thread_blocked, id=16304, stack(0x000000564dc00000,0x000000564dd00000)]
  0x00000193f2312800 JavaThread "Signal Dispatcher" daemon [_thread_blocked, id=1384, stack(0x000000564dd00000,0x000000564de00000)]
  0x00000193f195f000 JavaThread "Attach Listener" daemon [_thread_blocked, id=10560, stack(0x000000564de00000,0x000000564df00000)]
  0x00000193f1961000 JavaThread "Service Thread" daemon [_thread_blocked, id=14496, stack(0x000000564df00000,0x000000564e000000)]
  0x00000193f1968000 JavaThread "C2 CompilerThread0" daemon [_thread_in_native, id=13136, stack(0x000000564e000000,0x000000564e100000)]
  0x00000193f196e000 JavaThread "C1 CompilerThread0" daemon [_thread_in_native, id=4260, stack(0x000000564e100000,0x000000564e200000)]
  0x00000193f196f800 JavaThread "Sweeper thread" daemon [_thread_blocked, id=7236, stack(0x000000564e200000,0x000000564e300000)]
  0x00000193f18d9000 JavaThread "Common-Cleaner" daemon [_thread_blocked, id=5584, stack(0x000000564e300000,0x000000564e400000)]
  0x00000193f2bb1800 JavaThread "RMI TCP Accept-0" daemon [_thread_in_native, id=7860, stack(0x000000564e400000,0x000000564e500000)]
  0x00000193f2bca000 JavaThread "RMI TCP Accept-54641" daemon [_thread_in_native, id=12984, stack(0x000000564e500000,0x000000564e600000)]
  0x00000193f2bce000 JavaThread "RMI TCP Accept-0" daemon [_thread_in_native, id=1260, stack(0x000000564e600000,0x000000564e700000)]
=>0x00000193f2ccc000 JavaThread "C2 CompilerThread1" daemon [_thread_in_native, id=14508, stack(0x000000564e800000,0x000000564e900000)]

Other Threads:
  0x00000193f1920800 VMThread "VM Thread" [stack: 0x000000564da00000,0x000000564db00000] [id=1472]
  0x00000193f2bae000 WatcherThread [stack: 0x000000564e700000,0x000000564e800000] [id=15520]
  0x00000193d12c2000 GCTaskThread "GC Thread#0" [stack: 0x000000564d500000,0x000000564d600000] [id=2420]
  0x00000193f2bf0800 GCTaskThread "GC Thread#1" [stack: 0x000000564e900000,0x000000564ea00000] [id=15184]
  0x00000193f2ccc800 GCTaskThread "GC Thread#2" [stack: 0x000000564ea00000,0x000000564eb00000] [id=268]
  0x00000193d12f4800 ConcurrentGCThread "G1 Main Marker" [stack: 0x000000564d600000,0x000000564d700000] [id=13360]
  0x00000193d12f8000 ConcurrentGCThread "G1 Conc#0" [stack: 0x000000564d700000,0x000000564d800000] [id=7140]
  0x00000193d1375800 ConcurrentGCThread "G1 Refine#0" [stack: 0x000000564d800000,0x000000564d900000] [id=2740]
  0x00000193f2702000 ConcurrentGCThread "G1 Refine#1" [stack: 0x000000564eb00000,0x000000564ec00000] [id=12992]
  0x00000193f1790800 ConcurrentGCThread "G1 Young RemSet Sampling" [stack: 0x000000564d900000,0x000000564da00000] [id=4376]

Threads with active compile tasks:
C2 CompilerThread0   3501 1197       4       jdk.internal.org.objectweb.asm.Frame::execute (2264 bytes)
C1 CompilerThread0   3502 1110       3       java.net.URLStreamHandler::parseURL (1201 bytes)
C2 CompilerThread1   3502 1111   !   4       jdk.internal.loader.URLClassPath$JarLoader::getResource (65 bytes)

VM state:not at safepoint (normal execution)

VM Mutex/Monitor currently owned by a thread: None

Heap address: 0x0000000081c00000, size: 2020 MB, Compressed Oops mode: 32-bit
Narrow klass base: 0x0000000000000000, Narrow klass shift: 3
Compressed class space size: 1073741824 Address: 0x0000000100000000

Heap:
 garbage-first heap   total 131072K, used 16141K [0x0000000081c00000, 0x0000000100000000)
  region size 1024K, 11 young (11264K), 1 survivors (1024K)
 Metaspace       used 15839K, capacity 16282K, committed 16512K, reserved 1064960K
  class space    used 1651K, capacity 1825K, committed 1920K, reserved 1048576K
Heap Regions: E=young(eden), S=young(survivor), O=old, HS=humongous(starts), HC=humongous(continues), CS=collection set, F=free, A=archive, TAMS=top-at-mark-start (previous, next)
|   0|0x0000000081c00000, 0x0000000081d00000, 0x0000000081d00000|100%|HS|  |TAMS 0x0000000081c00000, 0x0000000081c00000| Complete 
|   1|0x0000000081d00000, 0x0000000081e00000, 0x0000000081e00000|100%| O|  |TAMS 0x0000000081d00000, 0x0000000081d00000| Untracked 
|   2|0x0000000081e00000, 0x0000000081f00000, 0x0000000081f00000|100%| O|  |TAMS 0x0000000081e00000, 0x0000000081e00000| Untracked 
|   3|0x0000000081f00000, 0x0000000082000000, 0x0000000082000000|100%| O|  |TAMS 0x0000000081f00000, 0x0000000081f00000| Untracked 
|   4|0x0000000082000000, 0x0000000082100000, 0x0000000082100000|100%| O|  |TAMS 0x0000000082000000, 0x0000000082000000| Untracked 
|   5|0x0000000082100000, 0x0000000082200000, 0x0000000082200000|100%| O|  |TAMS 0x0000000082100000, 0x0000000082100000| Untracked 
|   6|0x0000000082200000, 0x0000000082215c00, 0x0000000082300000|  8%| O|  |TAMS 0x0000000082200000, 0x0000000082200000| Untracked 
|   7|0x0000000082300000, 0x0000000082300000, 0x0000000082400000|  0%| F|  |TAMS 0x0000000082300000, 0x0000000082300000| Untracked 
|   8|0x0000000082400000, 0x0000000082400000, 0x0000000082500000|  0%| F|  |TAMS 0x0000000082400000, 0x0000000082400000| Untracked 
|   9|0x0000000082500000, 0x0000000082500000, 0x0000000082600000|  0%| F|  |TAMS 0x0000000082500000, 0x0000000082500000| Untracked 
|  10|0x0000000082600000, 0x0000000082600000, 0x0000000082700000|  0%| F|  |TAMS 0x0000000082600000, 0x0000000082600000| Untracked 
|  11|0x0000000082700000, 0x0000000082700000, 0x0000000082800000|  0%| F|  |TAMS 0x0000000082700000, 0x0000000082700000| Untracked 
|  12|0x0000000082800000, 0x0000000082800000, 0x0000000082900000|  0%| F|  |TAMS 0x0000000082800000, 0x0000000082800000| Untracked 
|  13|0x0000000082900000, 0x0000000082900000, 0x0000000082a00000|  0%| F|  |TAMS 0x0000000082900000, 0x0000000082900000| Untracked 
|  14|0x0000000082a00000, 0x0000000082a00000, 0x0000000082b00000|  0%| F|  |TAMS 0x0000000082a00000, 0x0000000082a00000| Untracked 
|  15|0x0000000082b00000, 0x0000000082b00000, 0x0000000082c00000|  0%| F|  |TAMS 0x0000000082b00000, 0x0000000082b00000| Untracked 
|  16|0x0000000082c00000, 0x0000000082c00000, 0x0000000082d00000|  0%| F|  |TAMS 0x0000000082c00000, 0x0000000082c00000| Untracked 
|  17|0x0000000082d00000, 0x0000000082d00000, 0x0000000082e00000|  0%| F|  |TAMS 0x0000000082d00000, 0x0000000082d00000| Untracked 
|  18|0x0000000082e00000, 0x0000000082e00000, 0x0000000082f00000|  0%| F|  |TAMS 0x0000000082e00000, 0x0000000082e00000| Untracked 
|  19|0x0000000082f00000, 0x0000000082f00000, 0x0000000083000000|  0%| F|  |TAMS 0x0000000082f00000, 0x0000000082f00000| Untracked 
|  20|0x0000000083000000, 0x0000000083000000, 0x0000000083100000|  0%| F|  |TAMS 0x0000000083000000, 0x0000000083000000| Untracked 
|  21|0x0000000083100000, 0x0000000083100000, 0x0000000083200000|  0%| F|  |TAMS 0x0000000083100000, 0x0000000083100000| Untracked 
|  22|0x0000000083200000, 0x0000000083200000, 0x0000000083300000|  0%| F|  |TAMS 0x0000000083200000, 0x0000000083200000| Untracked 
|  23|0x0000000083300000, 0x0000000083300000, 0x0000000083400000|  0%| F|  |TAMS 0x0000000083300000, 0x0000000083300000| Untracked 
|  24|0x0000000083400000, 0x0000000083400000, 0x0000000083500000|  0%| F|  |TAMS 0x0000000083400000, 0x0000000083400000| Untracked 
|  25|0x0000000083500000, 0x0000000083500000, 0x0000000083600000|  0%| F|  |TAMS 0x0000000083500000, 0x0000000083500000| Untracked 
|  26|0x0000000083600000, 0x0000000083600000, 0x0000000083700000|  0%| F|  |TAMS 0x0000000083600000, 0x0000000083600000| Untracked 
|  27|0x0000000083700000, 0x0000000083700000, 0x0000000083800000|  0%| F|  |TAMS 0x0000000083700000, 0x0000000083700000| Untracked 
|  28|0x0000000083800000, 0x0000000083800000, 0x0000000083900000|  0%| F|  |TAMS 0x0000000083800000, 0x0000000083800000| Untracked 
|  29|0x0000000083900000, 0x0000000083900000, 0x0000000083a00000|  0%| F|  |TAMS 0x0000000083900000, 0x0000000083900000| Untracked 
|  30|0x0000000083a00000, 0x0000000083a00000, 0x0000000083b00000|  0%| F|  |TAMS 0x0000000083a00000, 0x0000000083a00000| Untracked 
|  31|0x0000000083b00000, 0x0000000083b00000, 0x0000000083c00000|  0%| F|  |TAMS 0x0000000083b00000, 0x0000000083b00000| Untracked 
|  32|0x0000000083c00000, 0x0000000083c00000, 0x0000000083d00000|  0%| F|  |TAMS 0x0000000083c00000, 0x0000000083c00000| Untracked 
|  33|0x0000000083d00000, 0x0000000083d00000, 0x0000000083e00000|  0%| F|  |TAMS 0x0000000083d00000, 0x0000000083d00000| Untracked 
|  34|0x0000000083e00000, 0x0000000083e00000, 0x0000000083f00000|  0%| F|  |TAMS 0x0000000083e00000, 0x0000000083e00000| Untracked 
|  35|0x0000000083f00000, 0x0000000083f00000, 0x0000000084000000|  0%| F|  |TAMS 0x0000000083f00000, 0x0000000083f00000| Untracked 
|  36|0x0000000084000000, 0x0000000084000000, 0x0000000084100000|  0%| F|  |TAMS 0x0000000084000000, 0x0000000084000000| Untracked 
|  37|0x0000000084100000, 0x0000000084100000, 0x0000000084200000|  0%| F|  |TAMS 0x0000000084100000, 0x0000000084100000| Untracked 
|  38|0x0000000084200000, 0x0000000084200000, 0x0000000084300000|  0%| F|  |TAMS 0x0000000084200000, 0x0000000084200000| Untracked 
|  39|0x0000000084300000, 0x0000000084300000, 0x0000000084400000|  0%| F|  |TAMS 0x0000000084300000, 0x0000000084300000| Untracked 
|  40|0x0000000084400000, 0x0000000084400000, 0x0000000084500000|  0%| F|  |TAMS 0x0000000084400000, 0x0000000084400000| Untracked 
|  41|0x0000000084500000, 0x0000000084500000, 0x0000000084600000|  0%| F|  |TAMS 0x0000000084500000, 0x0000000084500000| Untracked 
|  42|0x0000000084600000, 0x0000000084600000, 0x0000000084700000|  0%| F|  |TAMS 0x0000000084600000, 0x0000000084600000| Untracked 
|  43|0x0000000084700000, 0x0000000084700000, 0x0000000084800000|  0%| F|  |TAMS 0x0000000084700000, 0x0000000084700000| Untracked 
|  44|0x0000000084800000, 0x0000000084800000, 0x0000000084900000|  0%| F|  |TAMS 0x0000000084800000, 0x0000000084800000| Untracked 
|  45|0x0000000084900000, 0x0000000084900000, 0x0000000084a00000|  0%| F|  |TAMS 0x0000000084900000, 0x0000000084900000| Untracked 
|  46|0x0000000084a00000, 0x0000000084a00000, 0x0000000084b00000|  0%| F|  |TAMS 0x0000000084a00000, 0x0000000084a00000| Untracked 
|  47|0x0000000084b00000, 0x0000000084b00000, 0x0000000084c00000|  0%| F|  |TAMS 0x0000000084b00000, 0x0000000084b00000| Untracked 
|  48|0x0000000084c00000, 0x0000000084c00000, 0x0000000084d00000|  0%| F|  |TAMS 0x0000000084c00000, 0x0000000084c00000| Untracked 
|  49|0x0000000084d00000, 0x0000000084d00000, 0x0000000084e00000|  0%| F|  |TAMS 0x0000000084d00000, 0x0000000084d00000| Untracked 
|  50|0x0000000084e00000, 0x0000000084e00000, 0x0000000084f00000|  0%| F|  |TAMS 0x0000000084e00000, 0x0000000084e00000| Untracked 
|  51|0x0000000084f00000, 0x0000000084f00000, 0x0000000085000000|  0%| F|  |TAMS 0x0000000084f00000, 0x0000000084f00000| Untracked 
|  52|0x0000000085000000, 0x0000000085000000, 0x0000000085100000|  0%| F|  |TAMS 0x0000000085000000, 0x0000000085000000| Untracked 
|  53|0x0000000085100000, 0x0000000085100000, 0x0000000085200000|  0%| F|  |TAMS 0x0000000085100000, 0x0000000085100000| Untracked 
|  54|0x0000000085200000, 0x0000000085200000, 0x0000000085300000|  0%| F|  |TAMS 0x0000000085200000, 0x0000000085200000| Untracked 
|  55|0x0000000085300000, 0x0000000085300000, 0x0000000085400000|  0%| F|  |TAMS 0x0000000085300000, 0x0000000085300000| Untracked 
|  56|0x0000000085400000, 0x0000000085400000, 0x0000000085500000|  0%| F|  |TAMS 0x0000000085400000, 0x0000000085400000| Untracked 
|  57|0x0000000085500000, 0x0000000085500000, 0x0000000085600000|  0%| F|  |TAMS 0x0000000085500000, 0x0000000085500000| Untracked 
|  58|0x0000000085600000, 0x0000000085600000, 0x0000000085700000|  0%| F|  |TAMS 0x0000000085600000, 0x0000000085600000| Untracked 
|  59|0x0000000085700000, 0x0000000085700000, 0x0000000085800000|  0%| F|  |TAMS 0x0000000085700000, 0x0000000085700000| Untracked 
|  60|0x0000000085800000, 0x0000000085800000, 0x0000000085900000|  0%| F|  |TAMS 0x0000000085800000, 0x0000000085800000| Untracked 
|  61|0x0000000085900000, 0x0000000085900000, 0x0000000085a00000|  0%| F|  |TAMS 0x0000000085900000, 0x0000000085900000| Untracked 
|  62|0x0000000085a00000, 0x0000000085a00000, 0x0000000085b00000|  0%| F|  |TAMS 0x0000000085a00000, 0x0000000085a00000| Untracked 
|  63|0x0000000085b00000, 0x0000000085b00000, 0x0000000085c00000|  0%| F|  |TAMS 0x0000000085b00000, 0x0000000085b00000| Untracked 
|  64|0x0000000085c00000, 0x0000000085c00000, 0x0000000085d00000|  0%| F|  |TAMS 0x0000000085c00000, 0x0000000085c00000| Untracked 
|  65|0x0000000085d00000, 0x0000000085d00000, 0x0000000085e00000|  0%| F|  |TAMS 0x0000000085d00000, 0x0000000085d00000| Untracked 
|  66|0x0000000085e00000, 0x0000000085e00000, 0x0000000085f00000|  0%| F|  |TAMS 0x0000000085e00000, 0x0000000085e00000| Untracked 
|  67|0x0000000085f00000, 0x0000000085f00000, 0x0000000086000000|  0%| F|  |TAMS 0x0000000085f00000, 0x0000000085f00000| Untracked 
|  68|0x0000000086000000, 0x0000000086000000, 0x0000000086100000|  0%| F|  |TAMS 0x0000000086000000, 0x0000000086000000| Untracked 
|  69|0x0000000086100000, 0x0000000086100000, 0x0000000086200000|  0%| F|  |TAMS 0x0000000086100000, 0x0000000086100000| Untracked 
|  70|0x0000000086200000, 0x0000000086200000, 0x0000000086300000|  0%| F|  |TAMS 0x0000000086200000, 0x0000000086200000| Untracked 
|  71|0x0000000086300000, 0x0000000086300000, 0x0000000086400000|  0%| F|  |TAMS 0x0000000086300000, 0x0000000086300000| Untracked 
|  72|0x0000000086400000, 0x0000000086400000, 0x0000000086500000|  0%| F|  |TAMS 0x0000000086400000, 0x0000000086400000| Untracked 
|  73|0x0000000086500000, 0x0000000086500000, 0x0000000086600000|  0%| F|  |TAMS 0x0000000086500000, 0x0000000086500000| Untracked 
|  74|0x0000000086600000, 0x0000000086600000, 0x0000000086700000|  0%| F|  |TAMS 0x0000000086600000, 0x0000000086600000| Untracked 
|  75|0x0000000086700000, 0x0000000086700000, 0x0000000086800000|  0%| F|  |TAMS 0x0000000086700000, 0x0000000086700000| Untracked 
|  76|0x0000000086800000, 0x0000000086800000, 0x0000000086900000|  0%| F|  |TAMS 0x0000000086800000, 0x0000000086800000| Untracked 
|  77|0x0000000086900000, 0x0000000086900000, 0x0000000086a00000|  0%| F|  |TAMS 0x0000000086900000, 0x0000000086900000| Untracked 
|  78|0x0000000086a00000, 0x0000000086a00000, 0x0000000086b00000|  0%| F|  |TAMS 0x0000000086a00000, 0x0000000086a00000| Untracked 
|  79|0x0000000086b00000, 0x0000000086b00000, 0x0000000086c00000|  0%| F|  |TAMS 0x0000000086b00000, 0x0000000086b00000| Untracked 
|  80|0x0000000086c00000, 0x0000000086c00000, 0x0000000086d00000|  0%| F|  |TAMS 0x0000000086c00000, 0x0000000086c00000| Untracked 
|  81|0x0000000086d00000, 0x0000000086d00000, 0x0000000086e00000|  0%| F|  |TAMS 0x0000000086d00000, 0x0000000086d00000| Untracked 
|  82|0x0000000086e00000, 0x0000000086e00000, 0x0000000086f00000|  0%| F|  |TAMS 0x0000000086e00000, 0x0000000086e00000| Untracked 
|  83|0x0000000086f00000, 0x0000000086f00000, 0x0000000087000000|  0%| F|  |TAMS 0x0000000086f00000, 0x0000000086f00000| Untracked 
|  84|0x0000000087000000, 0x0000000087000000, 0x0000000087100000|  0%| F|  |TAMS 0x0000000087000000, 0x0000000087000000| Untracked 
|  85|0x0000000087100000, 0x0000000087100000, 0x0000000087200000|  0%| F|  |TAMS 0x0000000087100000, 0x0000000087100000| Untracked 
|  86|0x0000000087200000, 0x0000000087200000, 0x0000000087300000|  0%| F|  |TAMS 0x0000000087200000, 0x0000000087200000| Untracked 
|  87|0x0000000087300000, 0x0000000087300000, 0x0000000087400000|  0%| F|  |TAMS 0x0000000087300000, 0x0000000087300000| Untracked 
|  88|0x0000000087400000, 0x0000000087400000, 0x0000000087500000|  0%| F|  |TAMS 0x0000000087400000, 0x0000000087400000| Untracked 
|  89|0x0000000087500000, 0x0000000087500000, 0x0000000087600000|  0%| F|  |TAMS 0x0000000087500000, 0x0000000087500000| Untracked 
|  90|0x0000000087600000, 0x0000000087600000, 0x0000000087700000|  0%| F|  |TAMS 0x0000000087600000, 0x0000000087600000| Untracked 
|  91|0x0000000087700000, 0x0000000087700000, 0x0000000087800000|  0%| F|  |TAMS 0x0000000087700000, 0x0000000087700000| Untracked 
|  92|0x0000000087800000, 0x0000000087800000, 0x0000000087900000|  0%| F|  |TAMS 0x0000000087800000, 0x0000000087800000| Untracked 
|  93|0x0000000087900000, 0x0000000087900000, 0x0000000087a00000|  0%| F|  |TAMS 0x0000000087900000, 0x0000000087900000| Untracked 
|  94|0x0000000087a00000, 0x0000000087a00000, 0x0000000087b00000|  0%| F|  |TAMS 0x0000000087a00000, 0x0000000087a00000| Untracked 
|  95|0x0000000087b00000, 0x0000000087b00000, 0x0000000087c00000|  0%| F|  |TAMS 0x0000000087b00000, 0x0000000087b00000| Untracked 
|  96|0x0000000087c00000, 0x0000000087c00000, 0x0000000087d00000|  0%| F|  |TAMS 0x0000000087c00000, 0x0000000087c00000| Untracked 
|  97|0x0000000087d00000, 0x0000000087d00000, 0x0000000087e00000|  0%| F|  |TAMS 0x0000000087d00000, 0x0000000087d00000| Untracked 
|  98|0x0000000087e00000, 0x0000000087e00000, 0x0000000087f00000|  0%| F|  |TAMS 0x0000000087e00000, 0x0000000087e00000| Untracked 
|  99|0x0000000087f00000, 0x0000000087f00000, 0x0000000088000000|  0%| F|  |TAMS 0x0000000087f00000, 0x0000000087f00000| Untracked 
| 100|0x0000000088000000, 0x0000000088000000, 0x0000000088100000|  0%| F|  |TAMS 0x0000000088000000, 0x0000000088000000| Untracked 
| 101|0x0000000088100000, 0x0000000088100000, 0x0000000088200000|  0%| F|  |TAMS 0x0000000088100000, 0x0000000088100000| Untracked 
| 102|0x0000000088200000, 0x0000000088200000, 0x0000000088300000|  0%| F|  |TAMS 0x0000000088200000, 0x0000000088200000| Untracked 
| 103|0x0000000088300000, 0x0000000088300000, 0x0000000088400000|  0%| F|  |TAMS 0x0000000088300000, 0x0000000088300000| Untracked 
| 104|0x0000000088400000, 0x0000000088400000, 0x0000000088500000|  0%| F|  |TAMS 0x0000000088400000, 0x0000000088400000| Untracked 
| 105|0x0000000088500000, 0x0000000088500000, 0x0000000088600000|  0%| F|  |TAMS 0x0000000088500000, 0x0000000088500000| Untracked 
| 106|0x0000000088600000, 0x0000000088600000, 0x0000000088700000|  0%| F|  |TAMS 0x0000000088600000, 0x0000000088600000| Untracked 
| 107|0x0000000088700000, 0x0000000088700000, 0x0000000088800000|  0%| F|  |TAMS 0x0000000088700000, 0x0000000088700000| Untracked 
| 108|0x0000000088800000, 0x0000000088800000, 0x0000000088900000|  0%| F|  |TAMS 0x0000000088800000, 0x0000000088800000| Untracked 
| 109|0x0000000088900000, 0x0000000088900000, 0x0000000088a00000|  0%| F|  |TAMS 0x0000000088900000, 0x0000000088900000| Untracked 
| 110|0x0000000088a00000, 0x0000000088a00000, 0x0000000088b00000|  0%| F|  |TAMS 0x0000000088a00000, 0x0000000088a00000| Untracked 
| 111|0x0000000088b00000, 0x0000000088b00000, 0x0000000088c00000|  0%| F|  |TAMS 0x0000000088b00000, 0x0000000088b00000| Untracked 
| 112|0x0000000088c00000, 0x0000000088c00000, 0x0000000088d00000|  0%| F|  |TAMS 0x0000000088c00000, 0x0000000088c00000| Untracked 
| 113|0x0000000088d00000, 0x0000000088d00000, 0x0000000088e00000|  0%| F|  |TAMS 0x0000000088d00000, 0x0000000088d00000| Untracked 
| 114|0x0000000088e00000, 0x0000000088e00000, 0x0000000088f00000|  0%| F|  |TAMS 0x0000000088e00000, 0x0000000088e00000| Untracked 
| 115|0x0000000088f00000, 0x0000000088f00000, 0x0000000089000000|  0%| F|  |TAMS 0x0000000088f00000, 0x0000000088f00000| Untracked 
| 116|0x0000000089000000, 0x0000000089000000, 0x0000000089100000|  0%| F|  |TAMS 0x0000000089000000, 0x0000000089000000| Untracked 
| 117|0x0000000089100000, 0x00000000891d84e8, 0x0000000089200000| 84%| E|  |TAMS 0x0000000089100000, 0x0000000089100000| Complete 
| 118|0x0000000089200000, 0x0000000089300000, 0x0000000089300000|100%| E|CS|TAMS 0x0000000089200000, 0x0000000089200000| Complete 
| 119|0x0000000089300000, 0x0000000089400000, 0x0000000089400000|100%| E|CS|TAMS 0x0000000089300000, 0x0000000089300000| Complete 
| 120|0x0000000089400000, 0x0000000089500000, 0x0000000089500000|100%| E|CS|TAMS 0x0000000089400000, 0x0000000089400000| Complete 
| 121|0x0000000089500000, 0x0000000089600000, 0x0000000089600000|100%| E|CS|TAMS 0x0000000089500000, 0x0000000089500000| Complete 
| 122|0x0000000089600000, 0x00000000896ad988, 0x0000000089700000| 67%| S|CS|TAMS 0x0000000089600000, 0x0000000089600000| Complete 
| 123|0x0000000089700000, 0x0000000089800000, 0x0000000089800000|100%| E|CS|TAMS 0x0000000089700000, 0x0000000089700000| Complete 
| 124|0x0000000089800000, 0x0000000089900000, 0x0000000089900000|100%| E|CS|TAMS 0x0000000089800000, 0x0000000089800000| Complete 
| 125|0x0000000089900000, 0x0000000089a00000, 0x0000000089a00000|100%| E|CS|TAMS 0x0000000089900000, 0x0000000089900000| Complete 
| 126|0x0000000089a00000, 0x0000000089b00000, 0x0000000089b00000|100%| E|CS|TAMS 0x0000000089a00000, 0x0000000089a00000| Complete 
| 127|0x0000000089b00000, 0x0000000089c00000, 0x0000000089c00000|100%| E|CS|TAMS 0x0000000089b00000, 0x0000000089b00000| Complete 

Card table byte_map: [0x00000193eac10000,0x00000193eb010000] _byte_map_base: 0x00000193ea802000

Marking Bits (Prev, Next): (CMBitMap*) 0x00000193d12ebb38, (CMBitMap*) 0x00000193d12ebb70
 Prev Bits: [0x00000193eb410000, 0x00000193ed3a0000)
 Next Bits: [0x00000193ed3a0000, 0x00000193ef330000)

Polling page: 0x00000193d1380000

Metaspace:

Usage:
  Non-class:     14.12 MB capacity,    13.86 MB ( 98%) used,   228.55 KB (  2%) free+waste,    39.94 KB ( <1%) overhead. 
      Class:      1.78 MB capacity,     1.61 MB ( 90%) used,   154.03 KB (  8%) free+waste,    19.75 KB (  1%) overhead. 
       Both:     15.90 MB capacity,    15.47 MB ( 97%) used,   382.59 KB (  2%) free+waste,    59.69 KB ( <1%) overhead. 

Virtual space:
  Non-class space:       16.00 MB reserved,      14.25 MB ( 89%) committed 
      Class space:        1.00 GB reserved,       1.88 MB ( <1%) committed 
             Both:        1.02 GB reserved,      16.13 MB (  2%) committed 

Chunk freelists:
   Non-Class:  7.00 KB
       Class:  0 bytes
        Both:  7.00 KB

MaxMetaspaceSize: 17179869184.00 GB
CompressedClassSpaceSize: 1.00 GB
Initial GC threshold: 20.80 MB
Current GC threshold: 20.80 MB
CDS: off

CodeHeap 'non-profiled nmethods': size=120064Kb used=459Kb max_used=459Kb free=119604Kb
 bounds [0x00000193e2cb0000, 0x00000193e2f20000, 0x00000193ea1f0000]
CodeHeap 'profiled nmethods': size=120000Kb used=1816Kb max_used=1816Kb free=118183Kb
 bounds [0x00000193db780000, 0x00000193db9f0000, 0x00000193e2cb0000]
CodeHeap 'non-nmethods': size=5696Kb used=1178Kb max_used=1194Kb free=4518Kb
 bounds [0x00000193db1f0000, 0x00000193db460000, 0x00000193db780000]
 total_blobs=1580 nmethods=1144 adapters=349
 compilation: enabled
              stopped_count=0, restarted_count=0
 full_count=0

Compilation events (20 events):
Event: 2.871 Thread 0x00000193f196e000 1103       3       jdk.internal.misc.SharedSecrets::javaUtilJarAccess (18 bytes)
Event: 2.872 Thread 0x00000193f196e000 nmethod 1103 0x00000193db942f90 code [0x00000193db943160, 0x00000193db943348]
Event: 2.872 Thread 0x00000193f196e000 1104   !   3       jdk.internal.loader.BuiltinClassLoader::loadClassOrNull (143 bytes)
Event: 2.874 Thread 0x00000193f196e000 nmethod 1104 0x00000193db943410 code [0x00000193db943780, 0x00000193db944f08]
Event: 2.874 Thread 0x00000193f196e000 1105       1       java.lang.NamedPackage::module (5 bytes)
Event: 2.874 Thread 0x00000193f196e000 nmethod 1105 0x00000193e2d0dd90 code [0x00000193e2d0df40, 0x00000193e2d0dff8]
Event: 2.874 Thread 0x00000193f1968000 nmethod 1099 0x00000193e2d0e090 code [0x00000193e2d0e240, 0x00000193e2d0e658]
Event: 2.875 Thread 0x00000193f1968000 1106   !   4       java.util.jar.JarFile::isMultiRelease (33 bytes)
Event: 2.875 Thread 0x00000193f1968000 nmethod 1106 0x00000193e2d0e890 code [0x00000193e2d0ea20, 0x00000193e2d0eab8]
Event: 2.875 Thread 0x00000193f1968000 1107  s!   4       jdk.internal.loader.URLClassPath::getLoader (194 bytes)
Event: 2.876 Thread 0x00000193f196e000 1108       3       java.util.ArrayDeque::addLast (51 bytes)
Event: 2.877 Thread 0x00000193f196e000 nmethod 1108 0x00000193db945910 code [0x00000193db945b00, 0x00000193db945f98]
Event: 2.880 Thread 0x00000193f2ccc000 nmethod 1100 0x00000193e2d0eb90 code [0x00000193e2d0ed40, 0x00000193e2d0f1f8]
Event: 2.880 Thread 0x00000193f2ccc000 1109   !   4       jdk.internal.loader.URLClassPath$JarLoader::ensureOpen (36 bytes)
Event: 2.882 Thread 0x00000193f2ccc000 nmethod 1109 0x00000193e2d0f490 code [0x00000193e2d0f620, 0x00000193e2d0f698]
Event: 2.883 Thread 0x00000193f196e000 1110       3       java.net.URLStreamHandler::parseURL (1201 bytes)
Event: 2.884 Thread 0x00000193f2ccc000 1111   !   4       jdk.internal.loader.URLClassPath$JarLoader::getResource (65 bytes)
Event: 2.886 Thread 0x00000193f1968000 nmethod 1107 0x00000193e2d0f790 code [0x00000193e2d0f960, 0x00000193e2d101a8]
Event: 2.886 Thread 0x00000193f1968000 1112       4       java.util.WeakHashMap::indexFor (6 bytes)
Event: 2.886 Thread 0x00000193f1968000 nmethod 1112 0x00000193e2d10510 code [0x00000193e2d106a0, 0x00000193e2d106f8]

GC Heap History (2 events):
Event: 2.739 GC heap before
{Heap before GC invocations=0 (full 0):
 garbage-first heap   total 131072K, used 14336K [0x0000000081c00000, 0x0000000100000000)
  region size 1024K, 14 young (14336K), 0 survivors (0K)
 Metaspace       used 12916K, capacity 13250K, committed 13440K, reserved 1060864K
  class space    used 1293K, capacity 1406K, committed 1408K, reserved 1048576K
}
Event: 2.752 GC heap after
{Heap after GC invocations=1 (full 0):
 garbage-first heap   total 131072K, used 6200K [0x0000000081c00000, 0x0000000100000000)
  region size 1024K, 2 young (2048K), 2 survivors (2048K)
 Metaspace       used 12916K, capacity 13250K, committed 13440K, reserved 1060864K
  class space    used 1293K, capacity 1406K, committed 1408K, reserved 1048576K
}

Deoptimization events (20 events):
Event: 2.588 Thread 0x00000193d12a8800 DEOPT PACKING pc=0x00000193e2cea64c sp=0x000000564d4fe490
Event: 2.588 Thread 0x00000193d12a8800 DEOPT UNPACKING pc=0x00000193db23a1af sp=0x000000564d4fe408 mode 2
Event: 2.588 Thread 0x00000193d12a8800 Uncommon trap: trap_request=0xffffffc6 fr.pc=0x00000193e2cea64c relative=0x000000000000036c
Event: 2.588 Thread 0x00000193d12a8800 Uncommon trap: reason=bimorphic_or_optimized_type_check action=maybe_recompile pc=0x00000193e2cea64c method=java.util.HashMap.getNode(ILjava/lang/Object;)Ljava/util/HashMap$Node; @ 126 c2
Event: 2.588 Thread 0x00000193d12a8800 DEOPT PACKING pc=0x00000193e2cea64c sp=0x000000564d4fe7d0
Event: 2.588 Thread 0x00000193d12a8800 DEOPT UNPACKING pc=0x00000193db23a1af sp=0x000000564d4fe748 mode 2
Event: 2.594 Thread 0x00000193d12a8800 DEOPT PACKING pc=0x00000193db899bb8 sp=0x000000564d4fdee0
Event: 2.594 Thread 0x00000193d12a8800 DEOPT UNPACKING pc=0x00000193db23a95e sp=0x000000564d4fd350 mode 0
Event: 2.619 Thread 0x00000193d12a8800 DEOPT PACKING pc=0x00000193db8c3522 sp=0x000000564d4fa610
Event: 2.619 Thread 0x00000193d12a8800 DEOPT UNPACKING pc=0x00000193db23a95e sp=0x000000564d4f9a78 mode 0
Event: 2.843 Thread 0x00000193d12a8800 Uncommon trap: trap_request=0xffffff4d fr.pc=0x00000193e2d0bb60 relative=0x00000000000002a0
Event: 2.846 Thread 0x00000193d12a8800 Uncommon trap: reason=unstable_if action=reinterpret pc=0x00000193e2d0bb60 method=java.io.BufferedReader.read()I @ 19 c2
Event: 2.846 Thread 0x00000193d12a8800 DEOPT PACKING pc=0x00000193e2d0bb60 sp=0x000000564d4f9130
Event: 2.846 Thread 0x00000193d12a8800 DEOPT UNPACKING pc=0x00000193db23a1af sp=0x000000564d4f9070 mode 2
Event: 2.847 Thread 0x00000193d12a8800 Uncommon trap: trap_request=0xffffff4d fr.pc=0x00000193e2d0c268 relative=0x00000000000002c8
Event: 2.847 Thread 0x00000193d12a8800 Uncommon trap: reason=unstable_if action=reinterpret pc=0x00000193e2d0c268 method=java.io.BufferedReader.read()I @ 19 c2
Event: 2.847 Thread 0x00000193d12a8800 DEOPT PACKING pc=0x00000193e2d0c268 sp=0x000000564d4f8f20
Event: 2.848 Thread 0x00000193d12a8800 DEOPT UNPACKING pc=0x00000193db23a1af sp=0x000000564d4f8ed0 mode 2
Event: 2.869 Thread 0x00000193d12a8800 DEOPT PACKING pc=0x00000193db8ec57f sp=0x000000564d4faa80
Event: 2.869 Thread 0x00000193d12a8800 DEOPT UNPACKING pc=0x00000193db23a95e sp=0x000000564d4f9ed0 mode 0

Classes redefined (0 events):
No events

Internal exceptions (19 events):
Event: 0.457 Thread 0x00000193d12a8800 Exception <a 'java/lang/NoSuchMethodError'{0x00000000895054e0}: 'java.lang.Object java.lang.invoke.DirectMethodHandle$Holder.invokeStaticInit(java.lang.Object, java.lang.Object, java.lang.Object)'> (0x00000000895054e0) thrown at [./src/hotspot/share/interpreter/linkResolver.cpp, line 773]
Event: 0.463 Thread 0x00000193d12a8800 Exception <a 'java/lang/NoSuchMethodError'{0x000000008951fa88}: 'int java.lang.invoke.DirectMethodHandle$Holder.invokeInterface(java.lang.Object, java.lang.Object)'> (0x000000008951fa88) thrown at [./src/hotspot/share/interpreter/linkResolver.cpp, line 773]
Event: 0.463 Thread 0x00000193d12a8800 Exception <a 'java/lang/IncompatibleClassChangeError'{0x0000000089522800}: Found class java.lang.Object, but interface was expected> (0x0000000089522800) thrown at [./src/hotspot/share/interpreter/linkResolver.cpp, line 839]
Event: 0.526 Thread 0x00000193d12a8800 Exception <a 'java/lang/NoSuchMethodError'{0x0000000089413540}: 'java.lang.Object java.lang.invoke.DirectMethodHandle$Holder.invokeStatic(java.lang.Object, java.lang.Object, java.lang.Object, java.lang.Object, java.lang.Object, java.lang.Object, java.lang.Object, java.lang.Object, java.lang.Object, java.lang.Object, java.lang.Object, int)'> (0x0000000089413540) thrown at [./src/hotspot/share/interpreter/linkResolver.cpp, line 773]
Event: 0.529 Thread 0x00000193d12a8800 Exception <a 'java/lang/NoSuchMethodError'{0x0000000089431938}: 'java.lang.Object java.lang.invoke.DirectMethodHandle$Holder.invokeStatic(java.lang.Object, java.lang.Object, java.lang.Object, java.lang.Object, java.lang.Object, java.lang.Object, java.lang.Object, java.lang.Object, java.lang.Object, java.lang.Object, java.lang.Object, int, int)'> (0x0000000089431938) thrown at [./src/hotspot/share/interpreter/linkResolver.cpp, line 773]
Event: 0.533 Thread 0x00000193d12a8800 Exception <a 'java/lang/NoSuchMethodError'{0x0000000089451208}: 'java.lang.Object java.lang.invoke.DirectMethodHandle$Holder.invokeStatic(java.lang.Object, java.lang.Object, java.lang.Object, java.lang.Object, java.lang.Object, java.lang.Object, java.lang.Object, java.lang.Object, java.lang.Object, java.lang.Object, java.lang.Object, int, int, java.lang.Object)'> (0x0000000089451208) thrown at [./src/hotspot/share/interpreter/linkResolver.cpp, line 773]
Event: 0.538 Thread 0x00000193d12a8800 Exception <a 'java/lang/NoSuchMethodError'{0x0000000089472128}: 'java.lang.Object java.lang.invoke.DirectMethodHandle$Holder.invokeStatic(java.lang.Object, java.lang.Object, java.lang.Object, java.lang.Object, java.lang.Object, java.lang.Object, java.lang.Object, java.lang.Object, java.lang.Object, java.lang.Object, java.lang.Object, int, int, java.lang.Object, java.lang.Object)'> (0x0000000089472128) thrown at [./src/hotspot/share/interpreter/linkResolver.cpp, line 773]
Event: 1.846 Thread 0x00000193d12a8800 Exception <a 'java/lang/NoSuchMethodError'{0x0000000089249978}: 'int java.lang.invoke.DirectMethodHandle$Holder.invokeSpecialIFC(java.lang.Object, java.lang.Object, java.lang.Object)'> (0x0000000089249978) thrown at [./src/hotspot/share/interpreter/linkResolver.cpp, line 773]
Event: 1.890 Thread 0x00000193d12a8800 Exception <a 'java/lang/NoSuchMethodError'{0x00000000892a2820}: 'java.lang.Object java.lang.invoke.DirectMethodHandle$Holder.invokeStatic(java.lang.Object, int, int, int, int)'> (0x00000000892a2820) thrown at [./src/hotspot/share/interpreter/linkResolver.cpp, line 773]
Event: 1.892 Thread 0x00000193d12a8800 Exception <a 'java/lang/NoSuchMethodError'{0x00000000892a5948}: 'java.lang.Object java.lang.invoke.DirectMethodHandle$Holder.invokeStaticInit(java.lang.Object, int, int, int, int)'> (0x00000000892a5948) thrown at [./src/hotspot/share/interpreter/linkResolver.cpp, line 773]
Event: 2.376 Thread 0x00000193d12a8800 Exception <a 'java/lang/NoSuchMethodError'{0x000000008910e608}: 'java.lang.Object java.lang.invoke.DirectMethodHandle$Holder.invokeStatic(java.lang.Object, java.lang.Object, int, int, int, int)'> (0x000000008910e608) thrown at [./src/hotspot/share/interpreter/linkResolver.cpp, line 773]
Event: 2.377 Thread 0x00000193d12a8800 Exception <a 'java/lang/NoSuchMethodError'{0x0000000089111960}: 'java.lang.Object java.lang.invoke.DirectMethodHandle$Holder.invokeStaticInit(java.lang.Object, java.lang.Object, int, int, int, int)'> (0x0000000089111960) thrown at [./src/hotspot/share/interpreter/linkResolver.cpp, line 773]
Event: 2.391 Thread 0x00000193d12a8800 Exception <a 'java/lang/ClassNotFoundException'{0x000000008912edd0}: javax/management/remote/rmi/RMIServerImpl_Skel> (0x000000008912edd0) thrown at [./src/hotspot/share/classfile/systemDictionary.cpp, line 231]
Event: 2.522 Thread 0x00000193d12a8800 Exception <a 'java/lang/ClassNotFoundException'{0x000000008902c5b8}: jdk/internal/agent/resources/spi/agentProvider> (0x000000008902c5b8) thrown at [./src/hotspot/share/classfile/systemDictionary.cpp, line 231]
Event: 2.569 Thread 0x00000193d12a8800 Exception <a 'java/lang/NoSuchMethodError'{0x0000000089081be8}: 'java.lang.Object java.lang.invoke.DirectMethodHandle$Holder.invokeStatic(java.lang.Object, java.lang.Object, java.lang.Object, java.lang.Object, java.lang.Object, java.lang.Object, java.lang.Object, java.lang.Object, java.lang.Object, java.lang.Object, java.lang.Object, java.lang.Object, java.lang.Object, int)'> (0x0000000089081be8) thrown at [./src/hotspot/share/interpreter/linkResolver.cpp, line 773]
Event: 2.574 Thread 0x00000193d12a8800 Exception <a 'java/lang/NoSuchMethodError'{0x000000008908e410}: 'java.lang.Object java.lang.invoke.DirectMethodHandle$Holder.invokeStatic(java.lang.Object, java.lang.Object, java.lang.Object, java.lang.Object, java.lang.Object, java.lang.Object, java.lang.Object, java.lang.Object, java.lang.Object, java.lang.Object, java.lang.Object, java.lang.Object, java.lang.Object, int, int)'> (0x000000008908e410) thrown at [./src/hotspot/share/interpreter/linkResolver.cpp, line 773]
Event: 2.579 Thread 0x00000193d12a8800 Exception <a 'java/lang/NoSuchMethodError'{0x00000000890a8130}: 'java.lang.Object java.lang.invoke.DelegatingMethodHandle$Holder.reinvoke_L(java.lang.Object, int, java.lang.Object)'> (0x00000000890a8130) thrown at [./src/hotspot/share/interpreter/linkResolver.cpp, line 773]
Event: 2.838 Thread 0x00000193d12a8800 Exception <a 'java/lang/ClassNotFoundException'{0x0000000089a43e18}: javax/smartcardio/CardPermission> (0x0000000089a43e18) thrown at [./src/hotspot/share/classfile/systemDictionary.cpp, line 231]
Event: 2.849 Thread 0x00000193d12a8800 Exception <a 'java/io/FileNotFoundException'{0x0000000089a52910}> (0x0000000089a52910) thrown at [./src/hotspot/share/prims/jni.cpp, line 615]

Events (20 events):
Event: 2.891 loading class sun/util/calendar/ZoneInfo
Event: 2.891 loading class sun/util/calendar/ZoneInfo done
Event: 2.891 loading class sun/util/calendar/ZoneInfoFile
Event: 2.891 loading class sun/util/calendar/ZoneInfoFile done
Event: 2.892 loading class sun/util/calendar/ZoneInfoFile$1
Event: 2.892 loading class sun/util/calendar/ZoneInfoFile$1 done
Event: 2.892 loading class java/io/DataInputStream
Event: 2.892 loading class java/io/DataInputStream done
Event: 2.905 loading class sun/util/calendar/ZoneInfoFile$ZoneOffsetTransitionRule
Event: 2.905 loading class sun/util/calendar/ZoneInfoFile$ZoneOffsetTransitionRule done
Event: 2.905 loading class sun/util/calendar/ZoneInfoFile$Checksum
Event: 2.905 loading class java/util/zip/CRC32
Event: 2.905 loading class java/util/zip/Checksum
Event: 2.905 loading class java/util/zip/Checksum done
Event: 2.905 loading class java/util/zip/CRC32 done
Event: 2.905 loading class sun/util/calendar/ZoneInfoFile$Checksum done
Event: 2.905 loading class java/util/zip/Checksum$1
Event: 2.905 loading class java/util/zip/Checksum$1 done
Event: 2.905 loading class sun/util/spi/CalendarProvider
Event: 2.906 loading class sun/util/spi/CalendarProvider done


Dynamic libraries:
0x00007ff6390c0000 - 0x00007ff6390cd000 	C:\Program Files\Eclipse Foundation\jdk-11.0.12.7-hotspot\bin\java.exe
0x00007ffb52810000 - 0x00007ffb52a04000 	C:\WINDOWS\SYSTEM32\ntdll.dll
0x00007ffb51cc0000 - 0x00007ffb51d7d000 	C:\WINDOWS\System32\KERNEL32.DLL
0x00007ffb503a0000 - 0x00007ffb50667000 	C:\WINDOWS\System32\KERNELBASE.dll
0x00007ffb50770000 - 0x00007ffb50870000 	C:\WINDOWS\System32\ucrtbase.dll
0x00007ffb3d610000 - 0x00007ffb3d625000 	C:\Program Files\Eclipse Foundation\jdk-11.0.12.7-hotspot\bin\VCRUNTIME140.dll
0x00007ffb3d630000 - 0x00007ffb3d647000 	C:\Program Files\Eclipse Foundation\jdk-11.0.12.7-hotspot\bin\jli.dll
0x00007ffb3f150000 - 0x00007ffb3f3ea000 	C:\WINDOWS\WinSxS\amd64_microsoft.windows.common-controls_6595b64144ccf1df_6.0.19041.1_none_b555e41d4684ddec\COMCTL32.dll
0x00007ffb50a30000 - 0x00007ffb50bd0000 	C:\WINDOWS\System32\USER32.dll
0x00007ffb50d30000 - 0x00007ffb50dce000 	C:\WINDOWS\System32\msvcrt.dll
0x00007ffb50160000 - 0x00007ffb50182000 	C:\WINDOWS\System32\win32u.dll
0x00007ffb517c0000 - 0x00007ffb517ea000 	C:\WINDOWS\System32\GDI32.dll
0x00007ffb501e0000 - 0x00007ffb502ea000 	C:\WINDOWS\System32\gdi32full.dll
0x00007ffb50670000 - 0x00007ffb5070d000 	C:\WINDOWS\System32\msvcp_win.dll
0x00007ffb51ae0000 - 0x00007ffb51b10000 	C:\WINDOWS\System32\IMM32.DLL
0x00007ffb10580000 - 0x00007ffb1061b000 	C:\Program Files\Eclipse Foundation\jdk-11.0.12.7-hotspot\bin\msvcp140.dll
0x00007ffaf9110000 - 0x00007ffaf9c69000 	C:\Program Files\Eclipse Foundation\jdk-11.0.12.7-hotspot\bin\server\jvm.dll
0x00007ffb51860000 - 0x00007ffb5190a000 	C:\WINDOWS\System32\ADVAPI32.dll
0x00007ffb51e10000 - 0x00007ffb51eab000 	C:\WINDOWS\System32\sechost.dll
0x00007ffb51b10000 - 0x00007ffb51c33000 	C:\WINDOWS\System32\RPCRT4.dll
0x00007ffb51eb0000 - 0x00007ffb51eb8000 	C:\WINDOWS\System32\PSAPI.DLL
0x00007ffb3d5b0000 - 0x00007ffb3d5b9000 	C:\WINDOWS\SYSTEM32\WSOCK32.dll
0x00007ffb517f0000 - 0x00007ffb5185b000 	C:\WINDOWS\System32\WS2_32.dll
0x00007ffb47770000 - 0x00007ffb4777a000 	C:\WINDOWS\SYSTEM32\VERSION.dll
0x00007ffb40d60000 - 0x00007ffb40d87000 	C:\WINDOWS\SYSTEM32\WINMM.dll
0x00007ffb4e850000 - 0x00007ffb4e863000 	C:\WINDOWS\SYSTEM32\kernel.appcore.dll
0x00007ffb3d400000 - 0x00007ffb3d410000 	C:\Program Files\Eclipse Foundation\jdk-11.0.12.7-hotspot\bin\verify.dll
0x00007ffb4e580000 - 0x00007ffb4e764000 	C:\WINDOWS\SYSTEM32\DBGHELP.DLL
0x00007ffb490f0000 - 0x00007ffb4911c000 	C:\WINDOWS\SYSTEM32\dbgcore.DLL
0x00007ffb500e0000 - 0x00007ffb5015f000 	C:\WINDOWS\System32\bcryptPrimitives.dll
0x00007ffb17720000 - 0x00007ffb17748000 	C:\Program Files\Eclipse Foundation\jdk-11.0.12.7-hotspot\bin\java.dll
0x00007ffb3c7f0000 - 0x00007ffb3c7fa000 	C:\Program Files\Eclipse Foundation\jdk-11.0.12.7-hotspot\bin\jimage.dll
0x00007ffb15d20000 - 0x00007ffb15d37000 	C:\Program Files\Eclipse Foundation\jdk-11.0.12.7-hotspot\bin\zip.dll
0x00007ffb51ec0000 - 0x00007ffb525f1000 	C:\WINDOWS\System32\SHELL32.dll
0x00007ffb4dd30000 - 0x00007ffb4e4ba000 	C:\WINDOWS\SYSTEM32\windows.storage.dll
0x00007ffb51450000 - 0x00007ffb517a4000 	C:\WINDOWS\System32\combase.dll
0x00007ffb4f9d0000 - 0x00007ffb4f9fb000 	C:\WINDOWS\SYSTEM32\Wldp.dll
0x00007ffb52600000 - 0x00007ffb526ae000 	C:\WINDOWS\System32\SHCORE.dll
0x00007ffb51970000 - 0x00007ffb519c5000 	C:\WINDOWS\System32\shlwapi.dll
0x00007ffb4fe90000 - 0x00007ffb4feaf000 	C:\WINDOWS\SYSTEM32\profapi.dll
0x00007ffb15890000 - 0x00007ffb158a9000 	C:\Program Files\Eclipse Foundation\jdk-11.0.12.7-hotspot\bin\net.dll
0x00007ffb3fe80000 - 0x00007ffb3ff82000 	C:\WINDOWS\SYSTEM32\WINHTTP.dll
0x00007ffb4f750000 - 0x00007ffb4f7ba000 	C:\WINDOWS\system32\mswsock.dll
0x00007ffb15870000 - 0x00007ffb15882000 	C:\Program Files\Eclipse Foundation\jdk-11.0.12.7-hotspot\bin\nio.dll
0x00007ffb4b9a0000 - 0x00007ffb4b9a9000 	C:\Program Files\Eclipse Foundation\jdk-11.0.12.7-hotspot\bin\management.dll
0x00007ffb41420000 - 0x00007ffb4142b000 	C:\Program Files\Eclipse Foundation\jdk-11.0.12.7-hotspot\bin\management_ext.dll
0x00007ffb38ab0000 - 0x00007ffb38ac7000 	C:\WINDOWS\system32\napinsp.dll
0x00007ffb38a90000 - 0x00007ffb38aab000 	C:\WINDOWS\system32\pnrpnsp.dll
0x00007ffb37bf0000 - 0x00007ffb37c05000 	C:\WINDOWS\system32\wshbth.dll
0x00007ffb4b8e0000 - 0x00007ffb4b8fd000 	C:\WINDOWS\system32\NLAapi.dll
0x00007ffb4f3f0000 - 0x00007ffb4f42b000 	C:\WINDOWS\SYSTEM32\IPHLPAPI.DLL
0x00007ffb4f440000 - 0x00007ffb4f50a000 	C:\WINDOWS\SYSTEM32\DNSAPI.dll
0x00007ffb50bd0000 - 0x00007ffb50bd9000 	C:\WINDOWS\System32\NSI.dll
0x00007ffb37bd0000 - 0x00007ffb37be2000 	C:\WINDOWS\System32\winrnr.dll
0x00007ffb3f120000 - 0x00007ffb3f12a000 	C:\Windows\System32\rasadhlp.dll
0x00007ffb40330000 - 0x00007ffb403af000 	C:\WINDOWS\System32\fwpuclnt.dll
0x00007ffb500b0000 - 0x00007ffb500d7000 	C:\WINDOWS\System32\bcrypt.dll
0x00007ffb4f920000 - 0x00007ffb4f938000 	C:\WINDOWS\SYSTEM32\CRYPTSP.dll
0x00007ffb4f070000 - 0x00007ffb4f0a4000 	C:\WINDOWS\system32\rsaenh.dll
0x00007ffb4fe10000 - 0x00007ffb4fe3e000 	C:\WINDOWS\SYSTEM32\USERENV.dll
0x00007ffb4f940000 - 0x00007ffb4f94c000 	C:\WINDOWS\SYSTEM32\CRYPTBASE.dll
0x00007ffb41e00000 - 0x00007ffb41e17000 	C:\WINDOWS\SYSTEM32\dhcpcsvc6.DLL
0x00007ffb421d0000 - 0x00007ffb421ed000 	C:\WINDOWS\SYSTEM32\dhcpcsvc.DLL

dbghelp: loaded successfully - version: 4.0.5 - missing functions: none
symbol engine: initialized successfully - sym options: 0x614 - pdb path: .;C:\Program Files\Eclipse Foundation\jdk-11.0.12.7-hotspot\bin;C:\WINDOWS\SYSTEM32;C:\WINDOWS\WinSxS\amd64_microsoft.windows.common-controls_6595b64144ccf1df_6.0.19041.1_none_b555e41d4684ddec;C:\Program Files\Eclipse Foundation\jdk-11.0.12.7-hotspot\bin\server

VM Arguments:
jvm_args: -Dcom.sun.management.jmxremote -Dcom.sun.management.jmxremote.port=54641 -Dcom.sun.management.jmxremote.authenticate=false -Dcom.sun.management.jmxremote.ssl=false -Djava.rmi.server.hostname=localhost -Dspring.application.admin.enabled=true -Dspring.jmx.enabled=true -Dfile.encoding=UTF-8 
java_command: co.usa.alquilercomputadores.alquilercomputadores.AlquilercomputadoresApplication
java_class_path (initial): C:\Users\User\Documents\sem2\Demo2\alquilercomputadores\target\classes;C:\Users\User\.m2\repository\org\springframework\boot\spring-boot-starter-data-jpa\2.5.6-SNAPSHOT\spring-boot-starter-data-jpa-2.5.6-SNAPSHOT.jar;C:\Users\User\.m2\repository\org\springframework\boot\spring-boot-starter-aop\2.5.6-SNAPSHOT\spring-boot-starter-aop-2.5.6-SNAPSHOT.jar;C:\Users\User\.m2\repository\org\springframework\spring-aop\5.3.11-SNAPSHOT\spring-aop-5.3.11-SNAPSHOT.jar;C:\Users\User\.m2\repository\org\aspectj\aspectjweaver\1.9.7\aspectjweaver-1.9.7.jar;C:\Users\User\.m2\repository\org\springframework\boot\spring-boot-starter-jdbc\2.5.6-SNAPSHOT\spring-boot-starter-jdbc-2.5.6-SNAPSHOT.jar;C:\Users\User\.m2\repository\com\zaxxer\HikariCP\4.0.3\HikariCP-4.0.3.jar;C:\Users\User\.m2\repository\org\springframework\spring-jdbc\5.3.11-SNAPSHOT\spring-jdbc-5.3.11-SNAPSHOT.jar;C:\Users\User\.m2\repository\jakarta\transaction\jakarta.transaction-api\1.3.3\jakarta.transaction-api-1.3.3.jar;C:\Users\User\.m2\repository\jakarta\persistence\jakarta.persistence-api\2.2.3\jakarta.persistence-api-2.2.3.jar;C:\Users\User\.m2\repository\org\hibernate\hibernate-core\5.4.32.Final\hibernate-core-5.4.32.Final.jar;C:\Users\User\.m2\repository\org\jboss\logging\jboss-logging\3.4.2.Final\jboss-logging-3.4.2.Final.jar;C:\Users\User\.m2\repository\org\javassist\javassist\3.27.0-GA\javassist-3.27.0-GA.jar;C:\Users\User\.m2\repository\net\bytebuddy\byte-buddy\1.10.22\byte-buddy-1.10.22.jar;C:\Users\User\.m2\repository\antlr\antlr\2.7.7\antlr-2.7.7.jar;C:\Users\User\.m2\repository\org\jboss\jandex\2.2.3.Final\jandex-2.2.3.Final.jar;C:\Users\User\.m2\repository\com\fasterxml\classmate\1.5.1\classmate-1.5.1.jar;C:\Users\User\.m2\repository\org\dom4j\dom4j\2.1.3\dom4j-2.1.3.jar;C:\Users\User\.m2\repository\org\hibernate\common\hibernate-commons-annotations\5.1.2.Final\hibernate-commons-annotations-5.1.2.Final.jar;C:\Users\User\.m2\repository\org\glassfish\jaxb\jaxb-runtime\2.3.5\jaxb-r
Launcher Type: SUN_STANDARD

[Global flags]
     intx CICompilerCount                          = 3                                         {product} {ergonomic}
     uint ConcGCThreads                            = 1                                         {product} {ergonomic}
     uint G1ConcRefinementThreads                  = 4                                         {product} {ergonomic}
   size_t G1HeapRegionSize                         = 1048576                                   {product} {ergonomic}
    uintx GCDrainStackTargetSize                   = 64                                        {product} {ergonomic}
   size_t InitialHeapSize                          = 134217728                                 {product} {ergonomic}
     bool ManagementServer                         = true                                      {product} {command line}
   size_t MarkStackSize                            = 4194304                                   {product} {ergonomic}
   size_t MaxHeapSize                              = 2118123520                                {product} {ergonomic}
   size_t MaxNewSize                               = 1270874112                                {product} {ergonomic}
   size_t MinHeapDeltaBytes                        = 1048576                                   {product} {ergonomic}
    uintx NonNMethodCodeHeapSize                   = 5830732                                {pd product} {ergonomic}
    uintx NonProfiledCodeHeapSize                  = 122913754                              {pd product} {ergonomic}
    uintx ProfiledCodeHeapSize                     = 122913754                              {pd product} {ergonomic}
    uintx ReservedCodeCacheSize                    = 251658240                              {pd product} {ergonomic}
     bool SegmentedCodeCache                       = true                                      {product} {ergonomic}
     bool UseCompressedClassPointers               = true                                 {lp64_product} {ergonomic}
     bool UseCompressedOops                        = true                                 {lp64_product} {ergonomic}
     bool UseG1GC                                  = true                                      {product} {ergonomic}
     bool UseLargePagesIndividualAllocation        = false                                  {pd product} {ergonomic}

Logging:
Log output configuration:
 #0: stdout all=warning uptime,level,tags
 #1: stderr all=off uptime,level,tags

Environment Variables:
JAVA_HOME=C:\Program Files\Eclipse Foundation\jdk-11.0.12.7-hotspot
PATH=C:\Program Files\Eclipse Foundation\jdk-11.0.12.7-hotspot\bin;C:\ProgramData\Oracle\Java\javapath;C:\Program Files\Rockwell Software\RSCommon;C:\Program Files\ImageMagick-7.0.10-Q16-HDRI;C:\Program Files (x86)\Intel\TXE Components\TCS\;C:\Program Files\Intel\TXE Components\TCS\;C:\Windows\system32;C:\Windows;C:\Windows\System32\Wbem;C:\Windows\System32\WindowsPowerShell\v1.0\;C:\Program Files (x86)\NVIDIA Corporation\PhysX\Common;C:\Program Files\Microsoft SQL Server\130\Tools\Binn\;C:\Program Files\dotnet\;C:\Program Files\MiKTeX 2.9\miktex\bin\x64\;C:\WINDOWS\system32;C:\WINDOWS;C:\WINDOWS\System32\Wbem;C:\WINDOWS\System32\WindowsPowerShell\v1.0\;C:\WINDOWS\System32\OpenSSH\;C:\Program Files\MATLAB\R2018a\runtime\win64;C:\Program Files\MATLAB\R2018a\bin;C:\Program Files\nodejs\;C:\ProgramData\chocolatey\bin;C:\Program Files\Microsoft SQL Server\Client SDK\ODBC\130\Tools\Binn\;C:\Program Files (x86)\Microsoft SQL Server\140\Tools\Binn\;C:\Program Files\Microsoft SQL Server\140\Tools\Binn\;C:\Program Files\Microsoft SQL Server\140\DTS\Binn\;C:\Program Files (x86)\Microsoft SQL Server\150\DTS\Binn\;C:\Program Files\Git\cmd;C:\apache-maven-3.8.3\bin;C:\Program Files\Eclipse Foundation\jdk-11.0.12.7-hotspot\bin;C:\Program Files\MySQL\MySQL Shell 8.0\bin\;C:\Users\User\AppData\Local\Microsoft\WindowsApps;C:\Users\User\AppData\Local\atom\bin;C:\Users\User\AppData\Roaming\npm;C:\Users\User\AppData\Local\Microsoft\WindowsApps;C:\Users\User\AppData\Local\Programs\Microsoft VS Code\bin;C:\Program Files\Python36;C:\Program Files\Python36\Scripts;
USERNAME=User
OS=Windows_NT
PROCESSOR_IDENTIFIER=Intel64 Family 6 Model 142 Stepping 9, GenuineIntel



---------------  S Y S T E M  ---------------

OS: Windows 10 , 64 bit Build 19041 (10.0.19041.1)
OS uptime: 7 days 2:10 hours

CPU:total 4 (initial active 4) (2 cores per cpu, 2 threads per core) family 6 model 142 stepping 9 microcode 0xb4, cmov, cx8, fxsr, mmx, sse, sse2, sse3, ssse3, sse4.1, sse4.2, popcnt, avx, avx2, aes, clmul, erms, 3dnowpref, lzcnt, ht, tsc, tscinvbit, bmi1, bmi2, adx, fma

Memory: 4k page, system-wide physical 8073M (1424M free)
TotalPageFile size 8073M (AvailPageFile size 12M)
current process WorkingSet (physical memory assigned to process): 86M, peak: 86M
current process commit charge ("private bytes"): 226M, peak: 226M

vm_info: OpenJDK 64-Bit Server VM (11.0.12+7) for windows-amd64 JRE (11.0.12+7), built on Jul 21 2021 16:23:49 by "" with unknown MS VC++:1916

END.
