#
# There is insufficient memory for the Java Runtime Environment to continue.
# Native memory allocation (malloc) failed to allocate 1600496 bytes for Chunk::new
# Possible reasons:
#   The system is out of physical RAM or swap space
#   The process is running with CompressedOops enabled, and the Java Heap may be blocking the growth of the native heap
# Possible solutions:
#   Reduce memory load on the system
#   Increase physical memory or swap space
#   Check if swap backing store is full
#   Decrease Java heap size (-Xmx/-Xms)
#   Decrease number of Java threads
#   Decrease Java thread stack sizes (-Xss)
#   Set larger code cache with -XX:ReservedCodeCacheSize=
#   JVM is running with Unscaled Compressed Oops mode in which the Java heap is
#     placed in the first 4GB address space. The Java Heap base address is the
#     maximum limit for the native heap growth. Please use -XX:HeapBaseMinAddress
#     to set the Java Heap base and to place the Java Heap above 4GB virtual address.
# This output file may be truncated or incomplete.
#
#  Out of Memory Error (./src/hotspot/share/memory/arena.cpp:197), pid=10156, tid=15804
#
# JRE version: OpenJDK Runtime Environment Temurin-11.0.12+7 (11.0.12+7) (build 11.0.12+7)
# Java VM: OpenJDK 64-Bit Server VM Temurin-11.0.12+7 (11.0.12+7, mixed mode, tiered, compressed oops, parallel gc, windows-amd64)
# No core dump will be written. Minidumps are not enabled by default on client versions of Windows
#

---------------  S U M M A R Y ------------

Command Line: --add-modules=ALL-SYSTEM --add-opens=java.base/java.util=ALL-UNNAMED --add-opens=java.base/java.lang=ALL-UNNAMED -Declipse.application=org.eclipse.jdt.ls.core.id1 -Dosgi.bundles.defaultStartLevel=4 -Declipse.product=org.eclipse.jdt.ls.core.product -Dfile.encoding=utf8 -DwatchParentProcess=false -XX:+UseParallelGC -XX:GCTimeRatio=4 -XX:AdaptiveSizePolicyWeight=90 -Dsun.zip.disableMemoryMapping=true -Xmx1G -Xms100m -Xverify:none c:\Users\User\.vscode\extensions\redhat.java-0.82.0\server\plugins\org.eclipse.equinox.launcher_1.6.300.v20210813-1054.jar -configuration c:\Users\User\AppData\Roaming\Code\User\globalStorage\redhat.java\0.82.0\config_win -data c:\Users\User\AppData\Roaming\Code\User\workspaceStorage\c3096344b3a4e59383c1365647bf3051\redhat.java\jdt_ws

Host: Intel(R) Core(TM) i5-7200U CPU @ 2.50GHz, 4 cores, 7G,  Windows 10 , 64 bit Build 19041 (10.0.19041.1)
Time: Sat Oct 16 16:26:16 2021 Hora est. Pacífico, Sudamérica elapsed time: 9.147554 seconds (0d 0h 0m 9s)

---------------  T H R E A D  ---------------

Current thread (0x000001c9bef49800):  JavaThread "C2 CompilerThread1" daemon [_thread_in_native, id=15804, stack(0x0000003d00f00000,0x0000003d01000000)]


Current CompileTask:
C2:   9147 3288   !   4       org.eclipse.osgi.internal.loader.classpath.ClasspathManager::findClassImpl (308 bytes)

Stack: [0x0000003d00f00000,0x0000003d01000000]
Native frames: (J=compiled Java code, j=interpreted, Vv=VM code, C=native code)
V  [jvm.dll+0x601d0a]
V  [jvm.dll+0x78ab6e]
V  [jvm.dll+0x78c23f]
V  [jvm.dll+0x78c903]
V  [jvm.dll+0x24be68]
V  [jvm.dll+0xc219c]
V  [jvm.dll+0xc275c]
V  [jvm.dll+0x354812]
V  [jvm.dll+0x321f63]
V  [jvm.dll+0x32129a]
V  [jvm.dll+0x205515]
V  [jvm.dll+0x2046fd]
V  [jvm.dll+0x1898fc]
V  [jvm.dll+0x213d67]
V  [jvm.dll+0x211f2b]
V  [jvm.dll+0x74ec19]
V  [jvm.dll+0x747c84]
V  [jvm.dll+0x600ba6]
C  [ucrtbase.dll+0x21542]
C  [KERNEL32.DLL+0x16fd4]
C  [ntdll.dll+0x4cf31]


---------------  P R O C E S S  ---------------

Threads class SMR info:
_java_thread_list=0x000001c9c08657c0, length=24, elements={
0x000001c9a3bc1800, 0x000001c9a3c90000, 0x000001c9a3c99000, 0x000001c9bee42800,
0x000001c9bdc91000, 0x000001c9bdc94000, 0x000001c9bdc95000, 0x000001c9bdc97000,
0x000001c9bee64000, 0x000001c9bef55800, 0x000001c9bf37b000, 0x000001c9bf773800,
0x000001c9bf780000, 0x000001c9bfdc5800, 0x000001c9c0051800, 0x000001c9bf847000,
0x000001c9c0333000, 0x000001c9c04c7800, 0x000001c9c0502000, 0x000001c9c07ed000,
0x000001c9c07ed800, 0x000001c9bef49800, 0x000001c9c07ee800, 0x000001c9c07ef800
}

Java Threads: ( => current thread )
  0x000001c9a3bc1800 JavaThread "main" [_thread_blocked, id=6016, stack(0x0000003d7f400000,0x0000003d7f500000)]
  0x000001c9a3c90000 JavaThread "Reference Handler" daemon [_thread_blocked, id=1300, stack(0x0000003d7f700000,0x0000003d7f800000)]
  0x000001c9a3c99000 JavaThread "Finalizer" daemon [_thread_blocked, id=4860, stack(0x0000003d7f800000,0x0000003d7f900000)]
  0x000001c9bee42800 JavaThread "Signal Dispatcher" daemon [_thread_blocked, id=8552, stack(0x0000003d7f900000,0x0000003d7fa00000)]
  0x000001c9bdc91000 JavaThread "Attach Listener" daemon [_thread_blocked, id=10980, stack(0x0000003d7fa00000,0x0000003d7fb00000)]
  0x000001c9bdc94000 JavaThread "Service Thread" daemon [_thread_blocked, id=13940, stack(0x0000003d7fb00000,0x0000003d7fc00000)]
  0x000001c9bdc95000 JavaThread "C2 CompilerThread0" daemon [_thread_in_native, id=14300, stack(0x0000003d7fc00000,0x0000003d7fd00000)]
  0x000001c9bdc97000 JavaThread "C1 CompilerThread0" daemon [_thread_blocked, id=6268, stack(0x0000003d7fd00000,0x0000003d7fe00000)]
  0x000001c9bee64000 JavaThread "Sweeper thread" daemon [_thread_blocked, id=12212, stack(0x0000003d7fe00000,0x0000003d7ff00000)]
  0x000001c9bef55800 JavaThread "Common-Cleaner" daemon [_thread_blocked, id=2132, stack(0x0000003d7ff00000,0x0000003d80000000)]
  0x000001c9bf37b000 JavaThread "Active Thread: Equinox Container: 0d529581-1787-4d41-8862-763a62ad160d" [_thread_blocked, id=956, stack(0x0000003d00200000,0x0000003d00300000)]
  0x000001c9bf773800 JavaThread "Framework Event Dispatcher: Equinox Container: 0d529581-1787-4d41-8862-763a62ad160d" daemon [_thread_blocked, id=9512, stack(0x0000003d00100000,0x0000003d00200000)]
  0x000001c9bf780000 JavaThread "Start Level: Equinox Container: 0d529581-1787-4d41-8862-763a62ad160d" daemon [_thread_blocked, id=14808, stack(0x0000003d00300000,0x0000003d00400000)]
  0x000001c9bfdc5800 JavaThread "SCR Component Actor" daemon [_thread_blocked, id=10792, stack(0x0000003d00700000,0x0000003d00800000)]
  0x000001c9c0051800 JavaThread "Timer-0" daemon [_thread_blocked, id=3356, stack(0x0000003d00800000,0x0000003d00900000)]
  0x000001c9bf847000 JavaThread "Bundle File Closer" daemon [_thread_blocked, id=14308, stack(0x0000003d00900000,0x0000003d00a00000)]
  0x000001c9c0333000 JavaThread "Worker-JM" [_thread_blocked, id=7100, stack(0x0000003d00a00000,0x0000003d00b00000)]
  0x000001c9c04c7800 JavaThread "Worker-0" [_thread_blocked, id=8196, stack(0x0000003d00b00000,0x0000003d00c00000)]
  0x000001c9c0502000 JavaThread "Worker-1: Repository registry initialization" [_thread_in_vm, id=9860, stack(0x0000003d00c00000,0x0000003d00d00000)]
  0x000001c9c07ed000 JavaThread "Worker-2: Initialize Workspace" [_thread_in_Java, id=10128, stack(0x0000003d00d00000,0x0000003d00e00000)]
  0x000001c9c07ed800 JavaThread "Java indexing" daemon [_thread_blocked, id=15312, stack(0x0000003d00e00000,0x0000003d00f00000)]
=>0x000001c9bef49800 JavaThread "C2 CompilerThread1" daemon [_thread_in_native, id=15804, stack(0x0000003d00f00000,0x0000003d01000000)]
  0x000001c9c07ee800 JavaThread "logback configurator timer" daemon [_thread_blocked, id=9124, stack(0x0000003d01000000,0x0000003d01100000)]
  0x000001c9c07ef800 JavaThread "pool-2-thread-1" [_thread_blocked, id=15520, stack(0x0000003d01100000,0x0000003d01200000)]

Other Threads:
  0x000001c9bdc80800 VMThread "VM Thread" [stack: 0x0000003d7f600000,0x0000003d7f700000] [id=11820]
  0x000001c9bf0ec800 WatcherThread [stack: 0x0000003d00000000,0x0000003d00100000] [id=2280]
  0x000001c9a3bd8800 GCTaskThread "ParGC Thread#0" [stack: 0x0000003d7f500000,0x0000003d7f600000] [id=4148]
  0x000001c9bf77b000 GCTaskThread "ParGC Thread#1" [stack: 0x0000003d00400000,0x0000003d00500000] [id=9984]
  0x000001c9bf77c000 GCTaskThread "ParGC Thread#2" [stack: 0x0000003d00500000,0x0000003d00600000] [id=6388]
  0x000001c9bf77c800 GCTaskThread "ParGC Thread#3" [stack: 0x0000003d00600000,0x0000003d00700000] [id=10032]

Threads with active compile tasks:
C2 CompilerThread0   9203 3414       4       jdk.internal.jimage.BasicImageReader::getString (48 bytes)
C2 CompilerThread1   9203 3288   !   4       org.eclipse.osgi.internal.loader.classpath.ClasspathManager::findClassImpl (308 bytes)

VM state:not at safepoint (normal execution)

VM Mutex/Monitor currently owned by a thread: None

Heap address: 0x00000000c0000000, size: 1024 MB, Compressed Oops mode: 32-bit
Narrow klass base: 0x0000000000000000, Narrow klass shift: 3
Compressed class space size: 1073741824 Address: 0x0000000100000000

Heap:
 PSYoungGen      total 29696K, used 12373K [0x00000000eab00000, 0x00000000ece00000, 0x0000000100000000)
  eden space 25600K, 48% used [0x00000000eab00000,0x00000000eb715540,0x00000000ec400000)
  from space 4096K, 0% used [0x00000000ec400000,0x00000000ec400000,0x00000000ec800000)
  to   space 5120K, 0% used [0x00000000ec900000,0x00000000ec900000,0x00000000ece00000)
 ParOldGen       total 68608K, used 14015K [0x00000000c0000000, 0x00000000c4300000, 0x00000000eab00000)
  object space 68608K, 20% used [0x00000000c0000000,0x00000000c0dafd90,0x00000000c4300000)
 Metaspace       used 35538K, capacity 37726K, committed 38016K, reserved 1083392K
  class space    used 3563K, capacity 4394K, committed 4480K, reserved 1048576K

Card table byte_map: [0x000001c9a3580000,0x000001c9a3790000] _byte_map_base: 0x000001c9a2f80000

Marking Bits: (ParMarkBitMap*) 0x00007ffb02b9bcf0
 Begin Bits: [0x000001c9bb2e0000, 0x000001c9bc2e0000)
 End Bits:   [0x000001c9bc2e0000, 0x000001c9bd2e0000)

Polling page: 0x000001c9a1b90000

Metaspace:

Usage:
  Non-class:     32.55 MB capacity,    31.23 MB ( 96%) used,     1.25 MB (  4%) free+waste,    79.81 KB ( <1%) overhead. 
      Class:      4.29 MB capacity,     3.48 MB ( 81%) used,   790.70 KB ( 18%) free+waste,    40.13 KB ( <1%) overhead. 
       Both:     36.84 MB capacity,    34.71 MB ( 94%) used,     2.02 MB (  5%) free+waste,   119.94 KB ( <1%) overhead. 

Virtual space:
  Non-class space:       34.00 MB reserved,      32.75 MB ( 96%) committed 
      Class space:        1.00 GB reserved,       4.38 MB ( <1%) committed 
             Both:        1.03 GB reserved,      37.13 MB (  4%) committed 

Chunk freelists:
   Non-Class:  12.00 KB
       Class:  22.00 KB
        Both:  34.00 KB

MaxMetaspaceSize: 17179869184.00 GB
CompressedClassSpaceSize: 1.00 GB
Initial GC threshold: 20.80 MB
Current GC threshold: 57.50 MB
CDS: off

CodeHeap 'non-profiled nmethods': size=120064Kb used=1365Kb max_used=1365Kb free=118698Kb
 bounds [0x000001c9b3da0000, 0x000001c9b4010000, 0x000001c9bb2e0000]
CodeHeap 'profiled nmethods': size=120000Kb used=7590Kb max_used=7590Kb free=112409Kb
 bounds [0x000001c9ac870000, 0x000001c9acfe0000, 0x000001c9b3da0000]
CodeHeap 'non-nmethods': size=5696Kb used=1269Kb max_used=1289Kb free=4426Kb
 bounds [0x000001c9ac2e0000, 0x000001c9ac550000, 0x000001c9ac870000]
 total_blobs=3950 nmethods=3414 adapters=448
 compilation: enabled
              stopped_count=0, restarted_count=0
 full_count=0

Compilation events (20 events):
Event: 9.073 Thread 0x000001c9bdc97000 3402       3       jdk.internal.jimage.ImageLocation::getCompressedSize (7 bytes)
Event: 9.073 Thread 0x000001c9bdc97000 nmethod 3402 0x000001c9acfd1710 code [0x000001c9acfd18c0, 0x000001c9acfd19e8]
Event: 9.073 Thread 0x000001c9bdc97000 3388       3       jdk.internal.jimage.ImageReader$SharedImageReader$$Lambda$219/0x000000010043f040::visit (9 bytes)
Event: 9.073 Thread 0x000001c9bdc97000 nmethod 3388 0x000001c9acfd1a90 code [0x000001c9acfd1c60, 0x000001c9acfd1eb8]
Event: 9.073 Thread 0x000001c9bdc97000 3397       3       jdk.internal.jimage.ImageReader$SharedImageReader::lambda$handlePackages$0 (10 bytes)
Event: 9.073 Thread 0x000001c9bdc97000 nmethod 3397 0x000001c9acfd2010 code [0x000001c9acfd21e0, 0x000001c9acfd23b8]
Event: 9.073 Thread 0x000001c9bdc97000 3405       1       java.util.ArrayList$ArrayListSpliterator::characteristics (4 bytes)
Event: 9.073 Thread 0x000001c9bdc97000 nmethod 3405 0x000001c9b3ef1f10 code [0x000001c9b3ef20c0, 0x000001c9b3ef2178]
Event: 9.079 Thread 0x000001c9bdc97000 3406       3       java.lang.reflect.ProxyGenerator$ConstantPool::getString (21 bytes)
Event: 9.080 Thread 0x000001c9bdc97000 nmethod 3406 0x000001c9acfd2510 code [0x000001c9acfd2720, 0x000001c9acfd2b88]
Event: 9.080 Thread 0x000001c9bdc97000 3407       3       java.lang.reflect.ProxyGenerator::code_ldc (64 bytes)
Event: 9.081 Thread 0x000001c9bdc97000 nmethod 3407 0x000001c9acfd2d90 code [0x000001c9acfd2fe0, 0x000001c9acfd39a8]
Event: 9.093 Thread 0x000001c9bdc95000 nmethod 3404 0x000001c9b3ef2210 code [0x000001c9b3ef2420, 0x000001c9b3ef2e08]
Event: 9.093 Thread 0x000001c9bdc95000 3409       4       jdk.internal.jimage.BasicImageReader::getString (48 bytes)
Event: 9.093 Thread 0x000001c9bdc97000 3410   !   3       jdk.internal.jimage.BasicImageReader::readBuffer (232 bytes)
Event: 9.097 Thread 0x000001c9bdc97000 nmethod 3410 0x000001c9acfd3d10 code [0x000001c9acfd4080, 0x000001c9acfd54d8]
Event: 9.098 Thread 0x000001c9bdc97000 3411       3       java.nio.HeapByteBuffer::asIntBuffer (59 bytes)
Event: 9.098 Thread 0x000001c9bdc97000 nmethod 3411 0x000001c9acfd5c10 code [0x000001c9acfd5de0, 0x000001c9acfd60d8]
Event: 9.098 Thread 0x000001c9bdc97000 3412       3       java.nio.ByteBufferAsIntBufferL::<init> (48 bytes)
Event: 9.098 Thread 0x000001c9bdc97000 nmethod 3412 0x000001c9acfd6210 code [0x000001c9acfd63e0, 0x000001c9acfd6668]

GC Heap History (14 events):
Event: 3.091 GC heap before
{Heap before GC invocations=1 (full 0):
 PSYoungGen      total 29696K, used 25600K [0x00000000eab00000, 0x00000000ecc00000, 0x0000000100000000)
  eden space 25600K, 100% used [0x00000000eab00000,0x00000000ec400000,0x00000000ec400000)
  from space 4096K, 0% used [0x00000000ec800000,0x00000000ec800000,0x00000000ecc00000)
  to   space 4096K, 0% used [0x00000000ec400000,0x00000000ec400000,0x00000000ec800000)
 ParOldGen       total 68608K, used 0K [0x00000000c0000000, 0x00000000c4300000, 0x00000000eab00000)
  object space 68608K, 0% used [0x00000000c0000000,0x00000000c0000000,0x00000000c4300000)
 Metaspace       used 13256K, capacity 13501K, committed 13696K, reserved 1060864K
  class space    used 1216K, capacity 1287K, committed 1408K, reserved 1048576K
}
Event: 3.115 GC heap after
{Heap after GC invocations=1 (full 0):
 PSYoungGen      total 29696K, used 4084K [0x00000000eab00000, 0x00000000ecc00000, 0x0000000100000000)
  eden space 25600K, 0% used [0x00000000eab00000,0x00000000eab00000,0x00000000ec400000)
  from space 4096K, 99% used [0x00000000ec400000,0x00000000ec7fd270,0x00000000ec800000)
  to   space 4096K, 0% used [0x00000000ec800000,0x00000000ec800000,0x00000000ecc00000)
 ParOldGen       total 68608K, used 656K [0x00000000c0000000, 0x00000000c4300000, 0x00000000eab00000)
  object space 68608K, 0% used [0x00000000c0000000,0x00000000c00a4000,0x00000000c4300000)
 Metaspace       used 13256K, capacity 13501K, committed 13696K, reserved 1060864K
  class space    used 1216K, capacity 1287K, committed 1408K, reserved 1048576K
}
Event: 4.666 GC heap before
{Heap before GC invocations=2 (full 0):
 PSYoungGen      total 29696K, used 28076K [0x00000000eab00000, 0x00000000ecc00000, 0x0000000100000000)
  eden space 25600K, 93% used [0x00000000eab00000,0x00000000ec26ddc0,0x00000000ec400000)
  from space 4096K, 99% used [0x00000000ec400000,0x00000000ec7fd270,0x00000000ec800000)
  to   space 4096K, 0% used [0x00000000ec800000,0x00000000ec800000,0x00000000ecc00000)
 ParOldGen       total 68608K, used 656K [0x00000000c0000000, 0x00000000c4300000, 0x00000000eab00000)
  object space 68608K, 0% used [0x00000000c0000000,0x00000000c00a4000,0x00000000c4300000)
 Metaspace       used 20202K, capacity 21152K, committed 21248K, reserved 1069056K
  class space    used 1893K, capacity 2241K, committed 2304K, reserved 1048576K
}
Event: 4.679 GC heap after
{Heap after GC invocations=2 (full 0):
 PSYoungGen      total 29696K, used 4074K [0x00000000eab00000, 0x00000000ecc00000, 0x0000000100000000)
  eden space 25600K, 0% used [0x00000000eab00000,0x00000000eab00000,0x00000000ec400000)
  from space 4096K, 99% used [0x00000000ec800000,0x00000000ecbfa868,0x00000000ecc00000)
  to   space 4096K, 0% used [0x00000000ec400000,0x00000000ec400000,0x00000000ec800000)
 ParOldGen       total 68608K, used 5476K [0x00000000c0000000, 0x00000000c4300000, 0x00000000eab00000)
  object space 68608K, 7% used [0x00000000c0000000,0x00000000c0559398,0x00000000c4300000)
 Metaspace       used 20202K, capacity 21152K, committed 21248K, reserved 1069056K
  class space    used 1893K, capacity 2241K, committed 2304K, reserved 1048576K
}
Event: 4.679 GC heap before
{Heap before GC invocations=3 (full 1):
 PSYoungGen      total 29696K, used 4074K [0x00000000eab00000, 0x00000000ecc00000, 0x0000000100000000)
  eden space 25600K, 0% used [0x00000000eab00000,0x00000000eab00000,0x00000000ec400000)
  from space 4096K, 99% used [0x00000000ec800000,0x00000000ecbfa868,0x00000000ecc00000)
  to   space 4096K, 0% used [0x00000000ec400000,0x00000000ec400000,0x00000000ec800000)
 ParOldGen       total 68608K, used 5476K [0x00000000c0000000, 0x00000000c4300000, 0x00000000eab00000)
  object space 68608K, 7% used [0x00000000c0000000,0x00000000c0559398,0x00000000c4300000)
 Metaspace       used 20202K, capacity 21152K, committed 21248K, reserved 1069056K
  class space    used 1893K, capacity 2241K, committed 2304K, reserved 1048576K
}
Event: 4.772 GC heap after
{Heap after GC invocations=3 (full 1):
 PSYoungGen      total 29696K, used 0K [0x00000000eab00000, 0x00000000ecc00000, 0x0000000100000000)
  eden space 25600K, 0% used [0x00000000eab00000,0x00000000eab00000,0x00000000ec400000)
  from space 4096K, 0% used [0x00000000ec800000,0x00000000ec800000,0x00000000ecc00000)
  to   space 4096K, 0% used [0x00000000ec400000,0x00000000ec400000,0x00000000ec800000)
 ParOldGen       total 68608K, used 9342K [0x00000000c0000000, 0x00000000c4300000, 0x00000000eab00000)
  object space 68608K, 13% used [0x00000000c0000000,0x00000000c091f940,0x00000000c4300000)
 Metaspace       used 20202K, capacity 21152K, committed 21248K, reserved 1069056K
  class space    used 1893K, capacity 2241K, committed 2304K, reserved 1048576K
}
Event: 7.058 GC heap before
{Heap before GC invocations=4 (full 1):
 PSYoungGen      total 29696K, used 25600K [0x00000000eab00000, 0x00000000ecc00000, 0x0000000100000000)
  eden space 25600K, 100% used [0x00000000eab00000,0x00000000ec400000,0x00000000ec400000)
  from space 4096K, 0% used [0x00000000ec800000,0x00000000ec800000,0x00000000ecc00000)
  to   space 4096K, 0% used [0x00000000ec400000,0x00000000ec400000,0x00000000ec800000)
 ParOldGen       total 68608K, used 9342K [0x00000000c0000000, 0x00000000c4300000, 0x00000000eab00000)
  object space 68608K, 13% used [0x00000000c0000000,0x00000000c091f940,0x00000000c4300000)
 Metaspace       used 26007K, capacity 27716K, committed 27904K, reserved 1075200K
  class space    used 2414K, capacity 2997K, committed 3072K, reserved 1048576K
}
Event: 7.065 GC heap after
{Heap after GC invocations=4 (full 1):
 PSYoungGen      total 29696K, used 2501K [0x00000000eab00000, 0x00000000ecc00000, 0x0000000100000000)
  eden space 25600K, 0% used [0x00000000eab00000,0x00000000eab00000,0x00000000ec400000)
  from space 4096K, 61% used [0x00000000ec400000,0x00000000ec671568,0x00000000ec800000)
  to   space 4096K, 0% used [0x00000000ec800000,0x00000000ec800000,0x00000000ecc00000)
 ParOldGen       total 68608K, used 9358K [0x00000000c0000000, 0x00000000c4300000, 0x00000000eab00000)
  object space 68608K, 13% used [0x00000000c0000000,0x00000000c0923958,0x00000000c4300000)
 Metaspace       used 26007K, capacity 27716K, committed 27904K, reserved 1075200K
  class space    used 2414K, capacity 2997K, committed 3072K, reserved 1048576K
}
Event: 8.501 GC heap before
{Heap before GC invocations=5 (full 1):
 PSYoungGen      total 29696K, used 28101K [0x00000000eab00000, 0x00000000ecc00000, 0x0000000100000000)
  eden space 25600K, 100% used [0x00000000eab00000,0x00000000ec400000,0x00000000ec400000)
  from space 4096K, 61% used [0x00000000ec400000,0x00000000ec671568,0x00000000ec800000)
  to   space 4096K, 0% used [0x00000000ec800000,0x00000000ec800000,0x00000000ecc00000)
 ParOldGen       total 68608K, used 9358K [0x00000000c0000000, 0x00000000c4300000, 0x00000000eab00000)
  object space 68608K, 13% used [0x00000000c0000000,0x00000000c0923958,0x00000000c4300000)
 Metaspace       used 32673K, capacity 34932K, committed 35072K, reserved 1081344K
  class space    used 3231K, capacity 3999K, committed 4096K, reserved 1048576K
}
Event: 8.509 GC heap after
{Heap after GC invocations=5 (full 1):
 PSYoungGen      total 29696K, used 4069K [0x00000000eab00000, 0x00000000ecc00000, 0x0000000100000000)
  eden space 25600K, 0% used [0x00000000eab00000,0x00000000eab00000,0x00000000ec400000)
  from space 4096K, 99% used [0x00000000ec800000,0x00000000ecbf94c0,0x00000000ecc00000)
  to   space 4096K, 0% used [0x00000000ec400000,0x00000000ec400000,0x00000000ec800000)
 ParOldGen       total 68608K, used 10528K [0x00000000c0000000, 0x00000000c4300000, 0x00000000eab00000)
  object space 68608K, 15% used [0x00000000c0000000,0x00000000c0a48318,0x00000000c4300000)
 Metaspace       used 32673K, capacity 34932K, committed 35072K, reserved 1081344K
  class space    used 3231K, capacity 3999K, committed 4096K, reserved 1048576K
}
Event: 8.619 GC heap before
{Heap before GC invocations=6 (full 1):
 PSYoungGen      total 29696K, used 6223K [0x00000000eab00000, 0x00000000ecc00000, 0x0000000100000000)
  eden space 25600K, 8% used [0x00000000eab00000,0x00000000ead1a7f8,0x00000000ec400000)
  from space 4096K, 99% used [0x00000000ec800000,0x00000000ecbf94c0,0x00000000ecc00000)
  to   space 4096K, 0% used [0x00000000ec400000,0x00000000ec400000,0x00000000ec800000)
 ParOldGen       total 68608K, used 10528K [0x00000000c0000000, 0x00000000c4300000, 0x00000000eab00000)
  object space 68608K, 15% used [0x00000000c0000000,0x00000000c0a48318,0x00000000c4300000)
 Metaspace       used 33143K, capacity 35279K, committed 35328K, reserved 1081344K
  class space    used 3281K, capacity 4071K, committed 4096K, reserved 1048576K
}
Event: 8.625 GC heap after
{Heap after GC invocations=6 (full 1):
 PSYoungGen      total 29696K, used 4076K [0x00000000eab00000, 0x00000000ece00000, 0x0000000100000000)
  eden space 25600K, 0% used [0x00000000eab00000,0x00000000eab00000,0x00000000ec400000)
  from space 4096K, 99% used [0x00000000ec400000,0x00000000ec7fb2c8,0x00000000ec800000)
  to   space 5120K, 0% used [0x00000000ec900000,0x00000000ec900000,0x00000000ece00000)
 ParOldGen       total 68608K, used 11418K [0x00000000c0000000, 0x00000000c4300000, 0x00000000eab00000)
  object space 68608K, 16% used [0x00000000c0000000,0x00000000c0b26b28,0x00000000c4300000)
 Metaspace       used 33143K, capacity 35279K, committed 35328K, reserved 1081344K
  class space    used 3281K, capacity 4071K, committed 4096K, reserved 1048576K
}
Event: 8.625 GC heap before
{Heap before GC invocations=7 (full 2):
 PSYoungGen      total 29696K, used 4076K [0x00000000eab00000, 0x00000000ece00000, 0x0000000100000000)
  eden space 25600K, 0% used [0x00000000eab00000,0x00000000eab00000,0x00000000ec400000)
  from space 4096K, 99% used [0x00000000ec400000,0x00000000ec7fb2c8,0x00000000ec800000)
  to   space 5120K, 0% used [0x00000000ec900000,0x00000000ec900000,0x00000000ece00000)
 ParOldGen       total 68608K, used 11418K [0x00000000c0000000, 0x00000000c4300000, 0x00000000eab00000)
  object space 68608K, 16% used [0x00000000c0000000,0x00000000c0b26b28,0x00000000c4300000)
 Metaspace       used 33143K, capacity 35279K, committed 35328K, reserved 1081344K
  class space    used 3281K, capacity 4071K, committed 4096K, reserved 1048576K
}
Event: 8.765 GC heap after
{Heap after GC invocations=7 (full 2):
 PSYoungGen      total 29696K, used 0K [0x00000000eab00000, 0x00000000ece00000, 0x0000000100000000)
  eden space 25600K, 0% used [0x00000000eab00000,0x00000000eab00000,0x00000000ec400000)
  from space 4096K, 0% used [0x00000000ec400000,0x00000000ec400000,0x00000000ec800000)
  to   space 5120K, 0% used [0x00000000ec900000,0x00000000ec900000,0x00000000ece00000)
 ParOldGen       total 68608K, used 14015K [0x00000000c0000000, 0x00000000c4300000, 0x00000000eab00000)
  object space 68608K, 20% used [0x00000000c0000000,0x00000000c0dafd90,0x00000000c4300000)
 Metaspace       used 33143K, capacity 35279K, committed 35328K, reserved 1081344K
  class space    used 3281K, capacity 4071K, committed 4096K, reserved 1048576K
}

Deoptimization events (20 events):
Event: 7.970 Thread 0x000001c9a3bc1800 Uncommon trap: trap_request=0xffffffc6 fr.pc=0x000001c9b3e07a7c relative=0x000000000000075c
Event: 7.970 Thread 0x000001c9a3bc1800 Uncommon trap: reason=bimorphic_or_optimized_type_check action=maybe_recompile pc=0x000001c9b3e07a7c method=java.util.HashMap.putVal(ILjava/lang/Object;Ljava/lang/Object;ZZ)Ljava/lang/Object; @ 203 c2
Event: 7.970 Thread 0x000001c9a3bc1800 DEOPT PACKING pc=0x000001c9b3e07a7c sp=0x0000003d7f4fb830
Event: 7.970 Thread 0x000001c9a3bc1800 DEOPT UNPACKING pc=0x000001c9ac32a1af sp=0x0000003d7f4fb720 mode 2
Event: 8.590 Thread 0x000001c9c07ef800 DEOPT PACKING pc=0x000001c9aceea08b sp=0x0000003d011fda50
Event: 8.590 Thread 0x000001c9c07ef800 DEOPT UNPACKING pc=0x000001c9ac32a95e sp=0x0000003d011fcf48 mode 0
Event: 8.602 Thread 0x000001c9c07ef800 DEOPT PACKING pc=0x000001c9aceea08b sp=0x0000003d011fd6c0
Event: 8.602 Thread 0x000001c9c07ef800 DEOPT UNPACKING pc=0x000001c9ac32a95e sp=0x0000003d011fcbb8 mode 0
Event: 8.618 Thread 0x000001c9c07ef800 DEOPT PACKING pc=0x000001c9aceea08b sp=0x0000003d011fc320
Event: 8.618 Thread 0x000001c9c07ef800 DEOPT UNPACKING pc=0x000001c9ac32a95e sp=0x0000003d011fb818 mode 0
Event: 8.784 Thread 0x000001c9c07ef800 DEOPT PACKING pc=0x000001c9aceea08b sp=0x0000003d011fda60
Event: 8.785 Thread 0x000001c9c07ef800 DEOPT UNPACKING pc=0x000001c9ac32a95e sp=0x0000003d011fcf58 mode 0
Event: 8.812 Thread 0x000001c9c0502000 DEOPT PACKING pc=0x000001c9acc7659c sp=0x0000003d00cfdcf0
Event: 8.812 Thread 0x000001c9c0502000 DEOPT UNPACKING pc=0x000001c9ac32a95e sp=0x0000003d00cfd2d0 mode 0
Event: 8.849 Thread 0x000001c9c07ed000 DEOPT PACKING pc=0x000001c9ace82dce sp=0x0000003d00dfd4a0
Event: 8.849 Thread 0x000001c9c07ed000 DEOPT UNPACKING pc=0x000001c9ac32a95e sp=0x0000003d00dfc978 mode 0
Event: 8.890 Thread 0x000001c9c0502000 Uncommon trap: trap_request=0xffffff4d fr.pc=0x000001c9b3edf6dc relative=0x000000000000037c
Event: 8.890 Thread 0x000001c9c0502000 Uncommon trap: reason=unstable_if action=reinterpret pc=0x000001c9b3edf6dc method=java.lang.PublicMethods$Key.matches(Ljava/lang/reflect/Method;Ljava/lang/String;[Ljava/lang/Class;)Z @ 22 c2
Event: 8.890 Thread 0x000001c9c0502000 DEOPT PACKING pc=0x000001c9b3edf6dc sp=0x0000003d00cfde10
Event: 8.890 Thread 0x000001c9c0502000 DEOPT UNPACKING pc=0x000001c9ac32a1af sp=0x0000003d00cfdd40 mode 2

Classes redefined (0 events):
No events

Internal exceptions (20 events):
Event: 4.550 Thread 0x000001c9bf780000 Exception <a 'java/lang/NoSuchMethodError'{0x00000000ec0002e0}: 'void java.lang.invoke.DirectMethodHandle$Holder.invokeSpecial(java.lang.Object, java.lang.Object, java.lang.Object, java.lang.Object)'> (0x00000000ec0002e0) thrown at [./src/hotspot/share/interpreter/linkResolver.cpp, line 773]
Event: 4.559 Thread 0x000001c9bf780000 Exception <a 'java/io/FileNotFoundException'{0x00000000ec02a7b0}> (0x00000000ec02a7b0) thrown at [./src/hotspot/share/prims/jni.cpp, line 615]
Event: 4.855 Thread 0x000001c9bf780000 Exception <a 'java/lang/NoSuchMethodError'{0x00000000eac47d60}: 'int java.lang.invoke.DirectMethodHandle$Holder.invokeStaticInit(java.lang.Object, java.lang.Object, java.lang.Object)'> (0x00000000eac47d60) thrown at [./src/hotspot/share/interpreter/linkResolver.cpp, line 773]
Event: 4.875 Thread 0x000001c9bf780000 Exception <a 'java/lang/IncompatibleClassChangeError'{0x00000000eac8e140}: Found class java.lang.Object, but interface was expected> (0x00000000eac8e140) thrown at [./src/hotspot/share/interpreter/linkResolver.cpp, line 839]
Event: 5.476 Thread 0x000001c9bf780000 Exception <a 'java/lang/ClassNotFoundException'{0x00000000ebc14370}: com/sun/org/apache/xerces/internal/impl/msg/spi/DOMMessagesProvider> (0x00000000ebc14370) thrown at [./src/hotspot/share/classfile/systemDictionary.cpp, line 231]
Event: 5.482 Thread 0x000001c9bf780000 Exception <a 'java/lang/ClassNotFoundException'{0x00000000ebc33c80}: com/sun/org/apache/xerces/internal/impl/msg/spi/XMLSerializerMessagesProvider> (0x00000000ebc33c80) thrown at [./src/hotspot/share/classfile/systemDictionary.cpp, line 231]
Event: 5.486 Thread 0x000001c9bf780000 Exception <a 'java/lang/ClassNotFoundException'{0x00000000ebc48060}: com/sun/org/apache/xerces/internal/impl/msg/spi/XMLMessagesProvider> (0x00000000ebc48060) thrown at [./src/hotspot/share/classfile/systemDictionary.cpp, line 231]
Event: 6.113 Thread 0x000001c9bf780000 Exception <a 'java/lang/ClassNotFoundException'{0x00000000ebed68e8}: com/sun/org/apache/xml/internal/serializer/spi/XMLEntitiesProvider> (0x00000000ebed68e8) thrown at [./src/hotspot/share/classfile/systemDictionary.cpp, line 231]
Event: 7.304 Thread 0x000001c9bf780000 Exception <a 'java/lang/NoSuchMethodError'{0x00000000eaf09a40}: 'void java.lang.invoke.DirectMethodHandle$Holder.invokeSpecial(java.lang.Object, java.lang.Object, java.lang.Object, int)'> (0x00000000eaf09a40) thrown at [./src/hotspot/share/interpreter/linkResolver.cpp, line 773]
Event: 7.584 Thread 0x000001c9bf780000 Exception <a 'java/lang/NoSuchMethodError'{0x00000000eb0ba880}: <clinit>> (0x00000000eb0ba880) thrown at [./src/hotspot/share/prims/jni.cpp, line 1365]
Event: 7.590 Thread 0x000001c9bf780000 Exception <a 'java/lang/NoSuchMethodError'{0x00000000eb0e5540}: <clinit>> (0x00000000eb0e5540) thrown at [./src/hotspot/share/prims/jni.cpp, line 1365]
Event: 7.726 Thread 0x000001c9bf780000 Exception <a 'java/io/FileNotFoundException'{0x00000000eb3204e0}> (0x00000000eb3204e0) thrown at [./src/hotspot/share/prims/jni.cpp, line 615]
Event: 7.746 Thread 0x000001c9bf780000 Exception <a 'java/io/FileNotFoundException'{0x00000000eb34e440}> (0x00000000eb34e440) thrown at [./src/hotspot/share/prims/jni.cpp, line 615]
Event: 7.756 Thread 0x000001c9bf780000 Exception <a 'java/io/FileNotFoundException'{0x00000000eb380620}> (0x00000000eb380620) thrown at [./src/hotspot/share/prims/jni.cpp, line 615]
Event: 7.865 Thread 0x000001c9bf780000 Implicit null exception at 0x000001c9b3e85582 to 0x000001c9b3e8639c
Event: 8.269 Thread 0x000001c9c07ef800 Exception <a 'java/io/FileNotFoundException'{0x00000000ebe32ab0}> (0x00000000ebe32ab0) thrown at [./src/hotspot/share/prims/jni.cpp, line 615]
Event: 8.399 Thread 0x000001c9c07ef800 Exception <a 'java/lang/NoSuchMethodError'{0x00000000ec16efe0}: 'void java.lang.invoke.DirectMethodHandle$Holder.invokeStatic(java.lang.Object, java.lang.Object, java.lang.Object, java.lang.Object, java.lang.Object, java.lang.Object)'> (0x00000000ec16efe0) thrown at [./src/hotspot/share/interpreter/linkResolver.cpp, line 773]
Event: 8.491 Thread 0x000001c9c04c7800 Exception <a 'java/lang/NoSuchMethodError'{0x00000000ec350150}: 'org.slf4j.impl.StaticMDCBinder org.slf4j.impl.StaticMDCBinder.getSingleton()'> (0x00000000ec350150) thrown at [./src/hotspot/share/interpreter/linkResolver.cpp, line 773]
Event: 8.813 Thread 0x000001c9c07ed000 Exception <a 'java/lang/NoSuchMethodError'{0x00000000eabaa3b0}: 'int java.lang.invoke.DirectMethodHandle$Holder.invokeInterface(java.lang.Object, java.lang.Object)'> (0x00000000eabaa3b0) thrown at [./src/hotspot/share/interpreter/linkResolver.cpp, line 773]
Event: 8.813 Thread 0x000001c9c07ed000 Exception <a 'java/lang/IncompatibleClassChangeError'{0x00000000eabc3678}: Found class java.lang.Object, but interface was expected> (0x00000000eabc3678) thrown at [./src/hotspot/share/interpreter/linkResolver.cpp, line 839]

Events (20 events):
Event: 8.983 loading class java/util/stream/StreamSpliterators$AbstractWrappingSpliterator done
Event: 8.983 loading class java/util/stream/StreamSpliterators$WrappingSpliterator done
Event: 8.984 loading class java/util/function/BooleanSupplier
Event: 8.984 loading class java/util/function/BooleanSupplier done
Event: 8.985 loading class java/nio/file/FileVisitor
Event: 8.985 loading class java/nio/file/FileVisitor done
Event: 8.986 loading class java/nio/file/FileVisitOption
Event: 8.986 loading class java/nio/file/FileVisitOption done
Event: 8.987 loading class java/nio/file/FileTreeWalker
Event: 8.987 loading class java/nio/file/FileTreeWalker done
Event: 8.987 loading class java/util/RegularEnumSet$EnumSetIterator
Event: 8.987 loading class java/util/RegularEnumSet$EnumSetIterator done
Event: 8.990 loading class java/nio/ByteBufferAsIntBufferL
Event: 8.990 loading class java/nio/ByteBufferAsIntBufferL done
Event: 8.991 loading class jdk/internal/jimage/ImageReader$Directory
Event: 8.991 loading class jdk/internal/jimage/ImageReader$Directory done
Event: 9.009 loading class org/sonatype/guice/bean/locators/BeanLocator
Event: 9.009 loading class org/sonatype/guice/bean/locators/BeanLocator done
Event: 9.047 loading class java/lang/annotation/ElementType
Event: 9.047 loading class java/lang/annotation/ElementType done


Dynamic libraries:
0x00007ff734760000 - 0x00007ff73476d000 	C:\Program Files\Eclipse Foundation\jdk-11.0.12.7-hotspot\bin\java.exe
0x00007ffb52810000 - 0x00007ffb52a04000 	C:\WINDOWS\SYSTEM32\ntdll.dll
0x00007ffb51cc0000 - 0x00007ffb51d7d000 	C:\WINDOWS\System32\KERNEL32.DLL
0x00007ffb503a0000 - 0x00007ffb50667000 	C:\WINDOWS\System32\KERNELBASE.dll
0x00007ffb50770000 - 0x00007ffb50870000 	C:\WINDOWS\System32\ucrtbase.dll
0x00007ffb3d090000 - 0x00007ffb3d0a5000 	C:\Program Files\Eclipse Foundation\jdk-11.0.12.7-hotspot\bin\VCRUNTIME140.dll
0x00007ffb39b40000 - 0x00007ffb39b57000 	C:\Program Files\Eclipse Foundation\jdk-11.0.12.7-hotspot\bin\jli.dll
0x00007ffb50a30000 - 0x00007ffb50bd0000 	C:\WINDOWS\System32\USER32.dll
0x00007ffb50160000 - 0x00007ffb50182000 	C:\WINDOWS\System32\win32u.dll
0x00007ffb3f150000 - 0x00007ffb3f3ea000 	C:\WINDOWS\WinSxS\amd64_microsoft.windows.common-controls_6595b64144ccf1df_6.0.19041.1_none_b555e41d4684ddec\COMCTL32.dll
0x00007ffb517c0000 - 0x00007ffb517ea000 	C:\WINDOWS\System32\GDI32.dll
0x00007ffb50d30000 - 0x00007ffb50dce000 	C:\WINDOWS\System32\msvcrt.dll
0x00007ffb501e0000 - 0x00007ffb502ea000 	C:\WINDOWS\System32\gdi32full.dll
0x00007ffb50670000 - 0x00007ffb5070d000 	C:\WINDOWS\System32\msvcp_win.dll
0x00007ffb51ae0000 - 0x00007ffb51b10000 	C:\WINDOWS\System32\IMM32.DLL
0x00007ffb07b10000 - 0x00007ffb07bab000 	C:\Program Files\Eclipse Foundation\jdk-11.0.12.7-hotspot\bin\msvcp140.dll
0x00007ffb02100000 - 0x00007ffb02c59000 	C:\Program Files\Eclipse Foundation\jdk-11.0.12.7-hotspot\bin\server\jvm.dll
0x00007ffb51860000 - 0x00007ffb5190a000 	C:\WINDOWS\System32\ADVAPI32.dll
0x00007ffb51e10000 - 0x00007ffb51eab000 	C:\WINDOWS\System32\sechost.dll
0x00007ffb51b10000 - 0x00007ffb51c33000 	C:\WINDOWS\System32\RPCRT4.dll
0x00007ffb51eb0000 - 0x00007ffb51eb8000 	C:\WINDOWS\System32\PSAPI.DLL
0x00007ffb4ba10000 - 0x00007ffb4ba19000 	C:\WINDOWS\SYSTEM32\WSOCK32.dll
0x00007ffb40d60000 - 0x00007ffb40d87000 	C:\WINDOWS\SYSTEM32\WINMM.dll
0x00007ffb47770000 - 0x00007ffb4777a000 	C:\WINDOWS\SYSTEM32\VERSION.dll
0x00007ffb517f0000 - 0x00007ffb5185b000 	C:\WINDOWS\System32\WS2_32.dll
0x00007ffb4e850000 - 0x00007ffb4e863000 	C:\WINDOWS\SYSTEM32\kernel.appcore.dll
0x00007ffb4b930000 - 0x00007ffb4b940000 	C:\Program Files\Eclipse Foundation\jdk-11.0.12.7-hotspot\bin\verify.dll
0x00007ffb4e580000 - 0x00007ffb4e764000 	C:\WINDOWS\SYSTEM32\DBGHELP.DLL
0x00007ffb490f0000 - 0x00007ffb4911c000 	C:\WINDOWS\SYSTEM32\dbgcore.DLL
0x00007ffb500e0000 - 0x00007ffb5015f000 	C:\WINDOWS\System32\bcryptPrimitives.dll
0x00007ffb218e0000 - 0x00007ffb21908000 	C:\Program Files\Eclipse Foundation\jdk-11.0.12.7-hotspot\bin\java.dll
0x00007ffb4b690000 - 0x00007ffb4b69a000 	C:\Program Files\Eclipse Foundation\jdk-11.0.12.7-hotspot\bin\jimage.dll
0x00007ffb252f0000 - 0x00007ffb25307000 	C:\Program Files\Eclipse Foundation\jdk-11.0.12.7-hotspot\bin\zip.dll
0x00007ffb51ec0000 - 0x00007ffb525f1000 	C:\WINDOWS\System32\SHELL32.dll
0x00007ffb4dd30000 - 0x00007ffb4e4ba000 	C:\WINDOWS\SYSTEM32\windows.storage.dll
0x00007ffb51450000 - 0x00007ffb517a4000 	C:\WINDOWS\System32\combase.dll
0x00007ffb4f9d0000 - 0x00007ffb4f9fb000 	C:\WINDOWS\SYSTEM32\Wldp.dll
0x00007ffb52600000 - 0x00007ffb526ae000 	C:\WINDOWS\System32\SHCORE.dll
0x00007ffb51970000 - 0x00007ffb519c5000 	C:\WINDOWS\System32\shlwapi.dll
0x00007ffb4fe90000 - 0x00007ffb4feaf000 	C:\WINDOWS\SYSTEM32\profapi.dll
0x00007ffb23410000 - 0x00007ffb23429000 	C:\Program Files\Eclipse Foundation\jdk-11.0.12.7-hotspot\bin\net.dll
0x00007ffb3fe80000 - 0x00007ffb3ff82000 	C:\WINDOWS\SYSTEM32\WINHTTP.dll
0x00007ffb4f750000 - 0x00007ffb4f7ba000 	C:\WINDOWS\system32\mswsock.dll
0x00007ffb21180000 - 0x00007ffb21192000 	C:\Program Files\Eclipse Foundation\jdk-11.0.12.7-hotspot\bin\nio.dll
0x00007ffb4f920000 - 0x00007ffb4f938000 	C:\WINDOWS\SYSTEM32\CRYPTSP.dll
0x00007ffb4f070000 - 0x00007ffb4f0a4000 	C:\WINDOWS\system32\rsaenh.dll
0x00007ffb500b0000 - 0x00007ffb500d7000 	C:\WINDOWS\System32\bcrypt.dll
0x00007ffb4fe10000 - 0x00007ffb4fe3e000 	C:\WINDOWS\SYSTEM32\USERENV.dll
0x00007ffb4f940000 - 0x00007ffb4f94c000 	C:\WINDOWS\SYSTEM32\CRYPTBASE.dll
0x00007ffb4f3f0000 - 0x00007ffb4f42b000 	C:\WINDOWS\SYSTEM32\IPHLPAPI.DLL
0x00007ffb50bd0000 - 0x00007ffb50bd9000 	C:\WINDOWS\System32\NSI.dll
0x00007ffb41e00000 - 0x00007ffb41e17000 	C:\WINDOWS\SYSTEM32\dhcpcsvc6.DLL
0x00007ffb421d0000 - 0x00007ffb421ed000 	C:\WINDOWS\SYSTEM32\dhcpcsvc.DLL
0x00007ffb4f440000 - 0x00007ffb4f50a000 	C:\WINDOWS\SYSTEM32\DNSAPI.dll
0x00007ffb181c0000 - 0x00007ffb181fe000 	C:\Users\User\AppData\Roaming\Code\User\globalStorage\redhat.java\0.82.0\config_win\org.eclipse.equinox.launcher\org.eclipse.equinox.launcher.win32.win32.x86_64_1.2.300.v20210828-0802\eclipse_11506.dll
0x00007ffb50c00000 - 0x00007ffb50d2b000 	C:\WINDOWS\System32\ole32.dll
0x00007ffb1c3c0000 - 0x00007ffb1c3d1000 	C:\Users\User\AppData\Roaming\Code\User\globalStorage\redhat.java\0.82.0\config_win\org.eclipse.osgi\22\0\.cp\jWinHttp-1.0.0.dll

dbghelp: loaded successfully - version: 4.0.5 - missing functions: none
symbol engine: initialized successfully - sym options: 0x614 - pdb path: .;C:\Program Files\Eclipse Foundation\jdk-11.0.12.7-hotspot\bin;C:\WINDOWS\SYSTEM32;C:\WINDOWS\WinSxS\amd64_microsoft.windows.common-controls_6595b64144ccf1df_6.0.19041.1_none_b555e41d4684ddec;C:\Program Files\Eclipse Foundation\jdk-11.0.12.7-hotspot\bin\server;C:\Users\User\AppData\Roaming\Code\User\globalStorage\redhat.java\0.82.0\config_win\org.eclipse.equinox.launcher\org.eclipse.equinox.launcher.win32.win32.x86_64_1.2.300.v20210828-0802;C:\Users\User\AppData\Roaming\Code\User\globalStorage\redhat.java\0.82.0\config_win\org.eclipse.osgi\22\0\.cp

VM Arguments:
jvm_args: --add-modules=ALL-SYSTEM --add-opens=java.base/java.util=ALL-UNNAMED --add-opens=java.base/java.lang=ALL-UNNAMED -Declipse.application=org.eclipse.jdt.ls.core.id1 -Dosgi.bundles.defaultStartLevel=4 -Declipse.product=org.eclipse.jdt.ls.core.product -Dfile.encoding=utf8 -DwatchParentProcess=false -XX:+UseParallelGC -XX:GCTimeRatio=4 -XX:AdaptiveSizePolicyWeight=90 -Dsun.zip.disableMemoryMapping=true -Xmx1G -Xms100m -Xverify:none 
java_command: c:\Users\User\.vscode\extensions\redhat.java-0.82.0\server\plugins\org.eclipse.equinox.launcher_1.6.300.v20210813-1054.jar -configuration c:\Users\User\AppData\Roaming\Code\User\globalStorage\redhat.java\0.82.0\config_win -data c:\Users\User\AppData\Roaming\Code\User\workspaceStorage\c3096344b3a4e59383c1365647bf3051\redhat.java\jdt_ws
java_class_path (initial): c:\Users\User\.vscode\extensions\redhat.java-0.82.0\server\plugins\org.eclipse.equinox.launcher_1.6.300.v20210813-1054.jar
Launcher Type: SUN_STANDARD

[Global flags]
    uintx AdaptiveSizePolicyWeight                 = 90                                        {product} {command line}
     bool BytecodeVerificationLocal                = false                                     {product} {command line}
     bool BytecodeVerificationRemote               = false                                     {product} {command line}
     intx CICompilerCount                          = 3                                         {product} {ergonomic}
    uintx GCTimeRatio                              = 4                                         {product} {command line}
   size_t InitialHeapSize                          = 104857600                                 {product} {command line}
   size_t MaxHeapSize                              = 1073741824                                {product} {command line}
   size_t MaxNewSize                               = 357564416                                 {product} {ergonomic}
   size_t MinHeapDeltaBytes                        = 524288                                    {product} {ergonomic}
   size_t NewSize                                  = 34603008                                  {product} {ergonomic}
    uintx NonNMethodCodeHeapSize                   = 5830732                                {pd product} {ergonomic}
    uintx NonProfiledCodeHeapSize                  = 122913754                              {pd product} {ergonomic}
   size_t OldSize                                  = 70254592                                  {product} {ergonomic}
    uintx ProfiledCodeHeapSize                     = 122913754                              {pd product} {ergonomic}
    uintx ReservedCodeCacheSize                    = 251658240                              {pd product} {ergonomic}
     bool SegmentedCodeCache                       = true                                      {product} {ergonomic}
     bool UseCompressedClassPointers               = true                                 {lp64_product} {ergonomic}
     bool UseCompressedOops                        = true                                 {lp64_product} {ergonomic}
     bool UseLargePagesIndividualAllocation        = false                                  {pd product} {ergonomic}
     bool UseParallelGC                            = true                                      {product} {command line}

Logging:
Log output configuration:
 #0: stdout all=warning uptime,level,tags
 #1: stderr all=off uptime,level,tags

Environment Variables:
JAVA_HOME=C:\Program Files\Eclipse Foundation\jdk-11.0.12.7-hotspot
PATH=C:\Program Files\Eclipse Foundation\jdk-11.0.12.7-hotspot\bin;C:\ProgramData\Oracle\Java\javapath;C:\Program Files\Rockwell Software\RSCommon;C:\Program Files\ImageMagick-7.0.10-Q16-HDRI;C:\Program Files (x86)\Intel\TXE Components\TCS\;C:\Program Files\Intel\TXE Components\TCS\;C:\Windows\system32;C:\Windows;C:\Windows\System32\Wbem;C:\Windows\System32\WindowsPowerShell\v1.0\;C:\Program Files (x86)\NVIDIA Corporation\PhysX\Common;C:\Program Files\Microsoft SQL Server\130\Tools\Binn\;C:\Program Files\dotnet\;C:\Program Files\MiKTeX 2.9\miktex\bin\x64\;C:\WINDOWS\system32;C:\WINDOWS;C:\WINDOWS\System32\Wbem;C:\WINDOWS\System32\WindowsPowerShell\v1.0\;C:\WINDOWS\System32\OpenSSH\;C:\Program Files\MATLAB\R2018a\runtime\win64;C:\Program Files\MATLAB\R2018a\bin;C:\Program Files\nodejs\;C:\ProgramData\chocolatey\bin;C:\Program Files\Microsoft SQL Server\Client SDK\ODBC\130\Tools\Binn\;C:\Program Files (x86)\Microsoft SQL Server\140\Tools\Binn\;C:\Program Files\Microsoft SQL Server\140\Tools\Binn\;C:\Program Files\Microsoft SQL Server\140\DTS\Binn\;C:\Program Files (x86)\Microsoft SQL Server\150\DTS\Binn\;C:\Program Files\Git\cmd;C:\apache-maven-3.8.3\bin;C:\Program Files\Eclipse Foundation\jdk-11.0.12.7-hotspot\bin;C:\Program Files\MySQL\MySQL Shell 8.0\bin\;C:\Users\User\AppData\Local\Microsoft\WindowsApps;C:\Users\User\AppData\Local\atom\bin;C:\Users\User\AppData\Roaming\npm;C:\Users\User\AppData\Local\Microsoft\WindowsApps;C:\Users\User\AppData\Local\Programs\Microsoft VS Code\bin;C:\Program Files\Python36;C:\Program Files\Python36\Scripts;
USERNAME=User
OS=Windows_NT
PROCESSOR_IDENTIFIER=Intel64 Family 6 Model 142 Stepping 9, GenuineIntel



---------------  S Y S T E M  ---------------

OS: Windows 10 , 64 bit Build 19041 (10.0.19041.1)
OS uptime: 7 days 1:00 hours

CPU:total 4 (initial active 4) (2 cores per cpu, 2 threads per core) family 6 model 142 stepping 9 microcode 0xb4, cmov, cx8, fxsr, mmx, sse, sse2, sse3, ssse3, sse4.1, sse4.2, popcnt, avx, avx2, aes, clmul, erms, 3dnowpref, lzcnt, ht, tsc, tscinvbit, bmi1, bmi2, adx, fma

Memory: 4k page, system-wide physical 8073M (1457M free)
TotalPageFile size 8073M (AvailPageFile size 7M)
current process WorkingSet (physical memory assigned to process): 149M, peak: 149M
current process commit charge ("private bytes"): 244M, peak: 245M

vm_info: OpenJDK 64-Bit Server VM (11.0.12+7) for windows-amd64 JRE (11.0.12+7), built on Jul 21 2021 16:23:49 by "" with unknown MS VC++:1916

END.
