#
# There is insufficient memory for the Java Runtime Environment to continue.
# Native memory allocation (malloc) failed to allocate 32744 bytes for ChunkPool::allocate
# Possible reasons:
#   The system is out of physical RAM or swap space
#   The process is running with CompressedOops enabled, and the Java Heap may be blocking the growth of the native heap
# Possible solutions:
#   Reduce memory load on the system
#   Increase physical memory or swap space
#   Check if swap backing store is full
#   Decrease Java heap size (-Xmx/-Xms)
#   Decrease number of Java threads
#   Decrease Java thread stack sizes (-Xss)
#   Set larger code cache with -XX:ReservedCodeCacheSize=
#   JVM is running with Unscaled Compressed Oops mode in which the Java heap is
#     placed in the first 4GB address space. The Java Heap base address is the
#     maximum limit for the native heap growth. Please use -XX:HeapBaseMinAddress
#     to set the Java Heap base and to place the Java Heap above 4GB virtual address.
# This output file may be truncated or incomplete.
#
#  Out of Memory Error (./src/hotspot/share/memory/arena.cpp:81), pid=10748, tid=10488
#
# JRE version: OpenJDK Runtime Environment Temurin-11.0.12+7 (11.0.12+7) (build 11.0.12+7)
# Java VM: OpenJDK 64-Bit Server VM Temurin-11.0.12+7 (11.0.12+7, mixed mode, tiered, compressed oops, g1 gc, windows-amd64)
# No core dump will be written. Minidumps are not enabled by default on client versions of Windows
#

---------------  S U M M A R Y ------------

Command Line: -Dcom.sun.management.jmxremote -Dcom.sun.management.jmxremote.port=62881 -Dcom.sun.management.jmxremote.authenticate=false -Dcom.sun.management.jmxremote.ssl=false -Djava.rmi.server.hostname=localhost -Dspring.application.admin.enabled=true -Dspring.jmx.enabled=true -Dfile.encoding=UTF-8 co.usa.alquilercomputadores.alquilercomputadores.AlquilercomputadoresApplication

Host: Intel(R) Core(TM) i5-7200U CPU @ 2.50GHz, 4 cores, 7G,  Windows 10 , 64 bit Build 19041 (10.0.19041.1)
Time: Sat Oct 16 17:41:36 2021 Hora est. Pacífico, Sudamérica elapsed time: 58.437274 seconds (0d 0h 0m 58s)

---------------  T H R E A D  ---------------

Current thread (0x000002a77d1c1000):  JavaThread "C2 CompilerThread1" daemon [_thread_in_native, id=10488, stack(0x000000bdd7900000,0x000000bdd7a00000)]


Current CompileTask:
C2:  58437 4774       4       sun.invoke.util.BytecodeDescriptor::unparseSig (91 bytes)

Stack: [0x000000bdd7900000,0x000000bdd7a00000]
Native frames: (J=compiled Java code, j=interpreted, Vv=VM code, C=native code)
V  [jvm.dll+0x601d0a]
V  [jvm.dll+0x78ab6e]
V  [jvm.dll+0x78c23f]
V  [jvm.dll+0x78c903]
V  [jvm.dll+0x24be68]
V  [jvm.dll+0xc23fb]
V  [jvm.dll+0xc275c]
V  [jvm.dll+0xc22ab]
V  [jvm.dll+0x5dfbdf]
V  [jvm.dll+0x632aa3]
V  [jvm.dll+0x19ddcd]
V  [jvm.dll+0x205622]
V  [jvm.dll+0x2046fd]
V  [jvm.dll+0x1898fc]
V  [jvm.dll+0x213d67]
V  [jvm.dll+0x211f2b]
V  [jvm.dll+0x74ec19]
V  [jvm.dll+0x747c84]
V  [jvm.dll+0x600ba6]
C  [ucrtbase.dll+0x21542]
C  [KERNEL32.DLL+0x16fd4]
C  [ntdll.dll+0x4cf31]


---------------  P R O C E S S  ---------------

Threads class SMR info:
_java_thread_list=0x000002a77d2c0c20, length=23, elements={
0x000002a777acc000, 0x000002a777af7000, 0x000002a778492800, 0x000002a777b0b000,
0x000002a777b0d800, 0x000002a777b15000, 0x000002a777b1c000, 0x000002a777b1e000,
0x000002a75948a000, 0x000002a778d79000, 0x000002a778d89800, 0x000002a778acd000,
0x000002a77954f800, 0x000002a779ef1000, 0x000002a77b7c2000, 0x000002a77d061000,
0x000002a77cb03000, 0x000002a77cb02800, 0x000002a77cb00000, 0x000002a77cafd800,
0x000002a77cb04000, 0x000002a77cb00800, 0x000002a77d1c1000
}

Java Threads: ( => current thread )
  0x000002a777acc000 JavaThread "Reference Handler" daemon [_thread_blocked, id=10536, stack(0x000000bdd5c00000,0x000000bdd5d00000)]
  0x000002a777af7000 JavaThread "Finalizer" daemon [_thread_blocked, id=10316, stack(0x000000bdd5d00000,0x000000bdd5e00000)]
  0x000002a778492800 JavaThread "Signal Dispatcher" daemon [_thread_blocked, id=6252, stack(0x000000bdd5e00000,0x000000bdd5f00000)]
  0x000002a777b0b000 JavaThread "Attach Listener" daemon [_thread_blocked, id=6232, stack(0x000000bdd5f00000,0x000000bdd6000000)]
  0x000002a777b0d800 JavaThread "Service Thread" daemon [_thread_blocked, id=6244, stack(0x000000bdd6000000,0x000000bdd6100000)]
  0x000002a777b15000 JavaThread "C2 CompilerThread0" daemon [_thread_blocked, id=6240, stack(0x000000bdd6100000,0x000000bdd6200000)]
  0x000002a777b1c000 JavaThread "C1 CompilerThread0" daemon [_thread_blocked, id=6248, stack(0x000000bdd6200000,0x000000bdd6300000)]
  0x000002a777b1e000 JavaThread "Sweeper thread" daemon [_thread_blocked, id=6304, stack(0x000000bdd6300000,0x000000bdd6400000)]
  0x000002a75948a000 JavaThread "Common-Cleaner" daemon [_thread_blocked, id=6320, stack(0x000000bdd6400000,0x000000bdd6500000)]
  0x000002a778d79000 JavaThread "RMI TCP Accept-0" daemon [_thread_in_native, id=6312, stack(0x000000bdd6500000,0x000000bdd6600000)]
  0x000002a778d89800 JavaThread "RMI TCP Accept-62881" daemon [_thread_in_native, id=2320, stack(0x000000bdd6600000,0x000000bdd6700000)]
  0x000002a778acd000 JavaThread "RMI TCP Accept-0" daemon [_thread_in_native, id=2308, stack(0x000000bdd6700000,0x000000bdd6800000)]
  0x000002a77954f800 JavaThread "Catalina-utility-1" [_thread_blocked, id=11780, stack(0x000000bdd6d00000,0x000000bdd6e00000)]
  0x000002a779ef1000 JavaThread "Catalina-utility-2" [_thread_blocked, id=4648, stack(0x000000bdd6f00000,0x000000bdd7000000)]
  0x000002a77b7c2000 JavaThread "container-0" [_thread_blocked, id=8888, stack(0x000000bdd7000000,0x000000bdd7100000)]
  0x000002a77d061000 JavaThread "HikariPool-1 housekeeper" daemon [_thread_blocked, id=5448, stack(0x000000bdd7100000,0x000000bdd7200000)]
  0x000002a77cb03000 JavaThread "http-nio-8080-Poller" daemon [_thread_in_native, id=8904, stack(0x000000bdd7300000,0x000000bdd7400000)]
  0x000002a77cb02800 JavaThread "http-nio-8080-Acceptor" daemon [_thread_in_native, id=8244, stack(0x000000bdd7400000,0x000000bdd7500000)]
  0x000002a77cb00000 JavaThread "DestroyJavaVM" [_thread_blocked, id=9908, stack(0x000000bdd5500000,0x000000bdd5600000)]
  0x000002a77cafd800 JavaThread "RMI TCP Connection(1)-127.0.0.1" daemon [_thread_in_native, id=14640, stack(0x000000bdd7500000,0x000000bdd7600000)]
  0x000002a77cb04000 JavaThread "RMI Scheduler(0)" daemon [_thread_blocked, id=7240, stack(0x000000bdd7600000,0x000000bdd7700000)]
  0x000002a77cb00800 JavaThread "RMI TCP Connection(2)-127.0.0.1" daemon [_thread_in_native, id=2188, stack(0x000000bdd7700000,0x000000bdd7800000)]
=>0x000002a77d1c1000 JavaThread "C2 CompilerThread1" daemon [_thread_in_native, id=10488, stack(0x000000bdd7900000,0x000000bdd7a00000)]

Other Threads:
  0x000002a777ac9000 VMThread "VM Thread" [stack: 0x000000bdd5b00000,0x000000bdd5c00000] [id=13612]
  0x000002a778e49800 WatcherThread [stack: 0x000000bdd6800000,0x000000bdd6900000] [id=2636]
  0x000002a7593cf800 GCTaskThread "GC Thread#0" [stack: 0x000000bdd5600000,0x000000bdd5700000] [id=1824]
  0x000002a77904e800 GCTaskThread "GC Thread#1" [stack: 0x000000bdd6a00000,0x000000bdd6b00000] [id=6056]
  0x000002a7790c7800 GCTaskThread "GC Thread#2" [stack: 0x000000bdd6b00000,0x000000bdd6c00000] [id=3520]
  0x000002a779909800 GCTaskThread "GC Thread#3" [stack: 0x000000bdd6e00000,0x000000bdd6f00000] [id=3920]
  0x000002a759400800 ConcurrentGCThread "G1 Main Marker" [stack: 0x000000bdd5700000,0x000000bdd5800000] [id=5820]
  0x000002a759405000 ConcurrentGCThread "G1 Conc#0" [stack: 0x000000bdd5800000,0x000000bdd5900000] [id=6060]
  0x000002a759482800 ConcurrentGCThread "G1 Refine#0" [stack: 0x000000bdd5900000,0x000000bdd5a00000] [id=9880]
  0x000002a77873d800 ConcurrentGCThread "G1 Refine#1" [stack: 0x000000bdd6c00000,0x000000bdd6d00000] [id=3180]
  0x000002a777940800 ConcurrentGCThread "G1 Young RemSet Sampling" [stack: 0x000000bdd5a00000,0x000000bdd5b00000] [id=2616]

Threads with active compile tasks:
C2 CompilerThread1  58497 4774       4       sun.invoke.util.BytecodeDescriptor::unparseSig (91 bytes)

VM state:not at safepoint (normal execution)

VM Mutex/Monitor currently owned by a thread: None

Heap address: 0x0000000081c00000, size: 2020 MB, Compressed Oops mode: 32-bit
Narrow klass base: 0x0000000000000000, Narrow klass shift: 3
Compressed class space size: 1073741824 Address: 0x0000000100000000

Heap:
 garbage-first heap   total 189440K, used 26004K [0x0000000081c00000, 0x0000000100000000)
  region size 1024K, 6 young (6144K), 5 survivors (5120K)
 Metaspace       used 58584K, capacity 60278K, committed 60552K, reserved 1101824K
  class space    used 7187K, capacity 7833K, committed 7864K, reserved 1048576K
Heap Regions: E=young(eden), S=young(survivor), O=old, HS=humongous(starts), HC=humongous(continues), CS=collection set, F=free, A=archive, TAMS=top-at-mark-start (previous, next)
|   0|0x0000000081c00000, 0x0000000081d00000, 0x0000000081d00000|100%|HS|  |TAMS 0x0000000081d00000, 0x0000000081c00000| Complete 
|   1|0x0000000081d00000, 0x0000000081e00000, 0x0000000081e00000|100%| O|  |TAMS 0x0000000081e00000, 0x0000000081d00000| Updating 
|   2|0x0000000081e00000, 0x0000000081f00000, 0x0000000081f00000|100%| O|  |TAMS 0x0000000081f00000, 0x0000000081e00000| Updating 
|   3|0x0000000081f00000, 0x0000000082000000, 0x0000000082000000|100%| O|  |TAMS 0x0000000082000000, 0x0000000081f00000| Updating 
|   4|0x0000000082000000, 0x0000000082100000, 0x0000000082100000|100%| O|  |TAMS 0x0000000082100000, 0x0000000082000000| Updating 
|   5|0x0000000082100000, 0x0000000082200000, 0x0000000082200000|100%| O|  |TAMS 0x0000000082200000, 0x0000000082100000| Complete 
|   6|0x0000000082200000, 0x0000000082300000, 0x0000000082300000|100%| O|  |TAMS 0x0000000082300000, 0x0000000082200000| Untracked 
|   7|0x0000000082300000, 0x0000000082400000, 0x0000000082400000|100%| O|  |TAMS 0x0000000082400000, 0x0000000082300000| Untracked 
|   8|0x0000000082400000, 0x0000000082500000, 0x0000000082500000|100%| O|  |TAMS 0x0000000082500000, 0x0000000082400000| Untracked 
|   9|0x0000000082500000, 0x0000000082600000, 0x0000000082600000|100%| O|  |TAMS 0x0000000082600000, 0x0000000082500000| Untracked 
|  10|0x0000000082600000, 0x0000000082700000, 0x0000000082700000|100%| O|  |TAMS 0x0000000082700000, 0x0000000082600000| Untracked 
|  11|0x0000000082700000, 0x0000000082800000, 0x0000000082800000|100%| O|  |TAMS 0x0000000082800000, 0x0000000082700000| Untracked 
|  12|0x0000000082800000, 0x0000000082900000, 0x0000000082900000|100%| O|  |TAMS 0x0000000082900000, 0x0000000082800000| Untracked 
|  13|0x0000000082900000, 0x0000000082a00000, 0x0000000082a00000|100%| O|  |TAMS 0x0000000082a00000, 0x0000000082900000| Untracked 
|  14|0x0000000082a00000, 0x0000000082b00000, 0x0000000082b00000|100%| O|  |TAMS 0x0000000082b00000, 0x0000000082a00000| Untracked 
|  15|0x0000000082b00000, 0x0000000082c00000, 0x0000000082c00000|100%| O|  |TAMS 0x0000000082c00000, 0x0000000082b00000| Untracked 
|  16|0x0000000082c00000, 0x0000000082d00000, 0x0000000082d00000|100%| O|  |TAMS 0x0000000082d00000, 0x0000000082c00000| Untracked 
|  17|0x0000000082d00000, 0x0000000082e00000, 0x0000000082e00000|100%| O|  |TAMS 0x0000000082e00000, 0x0000000082d00000| Untracked 
|  18|0x0000000082e00000, 0x0000000082f00000, 0x0000000082f00000|100%| O|  |TAMS 0x0000000082f00000, 0x0000000082e00000| Untracked 
|  19|0x0000000082f00000, 0x0000000083000000, 0x0000000083000000|100%| O|  |TAMS 0x0000000083000000, 0x0000000082f00000| Untracked 
|  20|0x0000000083000000, 0x0000000083065000, 0x0000000083100000| 39%| O|  |TAMS 0x0000000083065000, 0x0000000083000000| Untracked 
|  21|0x0000000083100000, 0x0000000083100000, 0x0000000083200000|  0%| F|  |TAMS 0x0000000083100000, 0x0000000083100000| Untracked 
|  22|0x0000000083200000, 0x0000000083200000, 0x0000000083300000|  0%| F|  |TAMS 0x0000000083200000, 0x0000000083200000| Untracked 
|  23|0x0000000083300000, 0x0000000083300000, 0x0000000083400000|  0%| F|  |TAMS 0x0000000083300000, 0x0000000083300000| Untracked 
|  24|0x0000000083400000, 0x0000000083400000, 0x0000000083500000|  0%| F|  |TAMS 0x0000000083400000, 0x0000000083400000| Untracked 
|  25|0x0000000083500000, 0x0000000083500000, 0x0000000083600000|  0%| F|  |TAMS 0x0000000083500000, 0x0000000083500000| Untracked 
|  26|0x0000000083600000, 0x0000000083600000, 0x0000000083700000|  0%| F|  |TAMS 0x0000000083600000, 0x0000000083600000| Untracked 
|  27|0x0000000083700000, 0x0000000083700000, 0x0000000083800000|  0%| F|  |TAMS 0x0000000083700000, 0x0000000083700000| Untracked 
|  28|0x0000000083800000, 0x0000000083800000, 0x0000000083900000|  0%| F|  |TAMS 0x0000000083800000, 0x0000000083800000| Untracked 
|  29|0x0000000083900000, 0x0000000083900000, 0x0000000083a00000|  0%| F|  |TAMS 0x0000000083900000, 0x0000000083900000| Untracked 
|  30|0x0000000083a00000, 0x0000000083a00000, 0x0000000083b00000|  0%| F|  |TAMS 0x0000000083a00000, 0x0000000083a00000| Untracked 
|  31|0x0000000083b00000, 0x0000000083b00000, 0x0000000083c00000|  0%| F|  |TAMS 0x0000000083b00000, 0x0000000083b00000| Untracked 
|  32|0x0000000083c00000, 0x0000000083c00000, 0x0000000083d00000|  0%| F|  |TAMS 0x0000000083c00000, 0x0000000083c00000| Untracked 
|  33|0x0000000083d00000, 0x0000000083d00000, 0x0000000083e00000|  0%| F|  |TAMS 0x0000000083d00000, 0x0000000083d00000| Untracked 
|  34|0x0000000083e00000, 0x0000000083e00000, 0x0000000083f00000|  0%| F|  |TAMS 0x0000000083e00000, 0x0000000083e00000| Untracked 
|  35|0x0000000083f00000, 0x0000000083f00000, 0x0000000084000000|  0%| F|  |TAMS 0x0000000083f00000, 0x0000000083f00000| Untracked 
|  36|0x0000000084000000, 0x0000000084000000, 0x0000000084100000|  0%| F|  |TAMS 0x0000000084000000, 0x0000000084000000| Untracked 
|  37|0x0000000084100000, 0x0000000084100000, 0x0000000084200000|  0%| F|  |TAMS 0x0000000084100000, 0x0000000084100000| Untracked 
|  38|0x0000000084200000, 0x0000000084200000, 0x0000000084300000|  0%| F|  |TAMS 0x0000000084200000, 0x0000000084200000| Untracked 
|  39|0x0000000084300000, 0x0000000084300000, 0x0000000084400000|  0%| F|  |TAMS 0x0000000084300000, 0x0000000084300000| Untracked 
|  40|0x0000000084400000, 0x0000000084400000, 0x0000000084500000|  0%| F|  |TAMS 0x0000000084400000, 0x0000000084400000| Untracked 
|  41|0x0000000084500000, 0x0000000084500000, 0x0000000084600000|  0%| F|  |TAMS 0x0000000084500000, 0x0000000084500000| Untracked 
|  42|0x0000000084600000, 0x0000000084600000, 0x0000000084700000|  0%| F|  |TAMS 0x0000000084600000, 0x0000000084600000| Untracked 
|  43|0x0000000084700000, 0x0000000084700000, 0x0000000084800000|  0%| F|  |TAMS 0x0000000084700000, 0x0000000084700000| Untracked 
|  44|0x0000000084800000, 0x0000000084800000, 0x0000000084900000|  0%| F|  |TAMS 0x0000000084800000, 0x0000000084800000| Untracked 
|  45|0x0000000084900000, 0x0000000084900000, 0x0000000084a00000|  0%| F|  |TAMS 0x0000000084900000, 0x0000000084900000| Untracked 
|  46|0x0000000084a00000, 0x0000000084a00000, 0x0000000084b00000|  0%| F|  |TAMS 0x0000000084a00000, 0x0000000084a00000| Untracked 
|  47|0x0000000084b00000, 0x0000000084b00000, 0x0000000084c00000|  0%| F|  |TAMS 0x0000000084b00000, 0x0000000084b00000| Untracked 
|  48|0x0000000084c00000, 0x0000000084c00000, 0x0000000084d00000|  0%| F|  |TAMS 0x0000000084c00000, 0x0000000084c00000| Untracked 
|  49|0x0000000084d00000, 0x0000000084d00000, 0x0000000084e00000|  0%| F|  |TAMS 0x0000000084d00000, 0x0000000084d00000| Untracked 
|  50|0x0000000084e00000, 0x0000000084e00000, 0x0000000084f00000|  0%| F|  |TAMS 0x0000000084e00000, 0x0000000084e00000| Untracked 
|  51|0x0000000084f00000, 0x0000000084f00000, 0x0000000085000000|  0%| F|  |TAMS 0x0000000084f00000, 0x0000000084f00000| Untracked 
|  52|0x0000000085000000, 0x0000000085000000, 0x0000000085100000|  0%| F|  |TAMS 0x0000000085000000, 0x0000000085000000| Untracked 
|  53|0x0000000085100000, 0x0000000085100000, 0x0000000085200000|  0%| F|  |TAMS 0x0000000085100000, 0x0000000085100000| Untracked 
|  54|0x0000000085200000, 0x0000000085200000, 0x0000000085300000|  0%| F|  |TAMS 0x0000000085200000, 0x0000000085200000| Untracked 
|  55|0x0000000085300000, 0x0000000085300000, 0x0000000085400000|  0%| F|  |TAMS 0x0000000085300000, 0x0000000085300000| Untracked 
|  56|0x0000000085400000, 0x0000000085400000, 0x0000000085500000|  0%| F|  |TAMS 0x0000000085400000, 0x0000000085400000| Untracked 
|  57|0x0000000085500000, 0x0000000085500000, 0x0000000085600000|  0%| F|  |TAMS 0x0000000085500000, 0x0000000085500000| Untracked 
|  58|0x0000000085600000, 0x0000000085600000, 0x0000000085700000|  0%| F|  |TAMS 0x0000000085600000, 0x0000000085600000| Untracked 
|  59|0x0000000085700000, 0x0000000085700000, 0x0000000085800000|  0%| F|  |TAMS 0x0000000085700000, 0x0000000085700000| Untracked 
|  60|0x0000000085800000, 0x0000000085800000, 0x0000000085900000|  0%| F|  |TAMS 0x0000000085800000, 0x0000000085800000| Untracked 
|  61|0x0000000085900000, 0x0000000085900000, 0x0000000085a00000|  0%| F|  |TAMS 0x0000000085900000, 0x0000000085900000| Untracked 
|  62|0x0000000085a00000, 0x0000000085a00000, 0x0000000085b00000|  0%| F|  |TAMS 0x0000000085a00000, 0x0000000085a00000| Untracked 
|  63|0x0000000085b00000, 0x0000000085b00000, 0x0000000085c00000|  0%| F|  |TAMS 0x0000000085b00000, 0x0000000085b00000| Untracked 
|  64|0x0000000085c00000, 0x0000000085c00000, 0x0000000085d00000|  0%| F|  |TAMS 0x0000000085c00000, 0x0000000085c00000| Untracked 
|  65|0x0000000085d00000, 0x0000000085d00000, 0x0000000085e00000|  0%| F|  |TAMS 0x0000000085d00000, 0x0000000085d00000| Untracked 
|  66|0x0000000085e00000, 0x0000000085e00000, 0x0000000085f00000|  0%| F|  |TAMS 0x0000000085e00000, 0x0000000085e00000| Untracked 
|  67|0x0000000085f00000, 0x0000000085f00000, 0x0000000086000000|  0%| F|  |TAMS 0x0000000085f00000, 0x0000000085f00000| Untracked 
|  68|0x0000000086000000, 0x0000000086000000, 0x0000000086100000|  0%| F|  |TAMS 0x0000000086000000, 0x0000000086000000| Untracked 
|  69|0x0000000086100000, 0x0000000086100000, 0x0000000086200000|  0%| F|  |TAMS 0x0000000086100000, 0x0000000086100000| Untracked 
|  70|0x0000000086200000, 0x0000000086200000, 0x0000000086300000|  0%| F|  |TAMS 0x0000000086200000, 0x0000000086200000| Untracked 
|  71|0x0000000086300000, 0x0000000086300000, 0x0000000086400000|  0%| F|  |TAMS 0x0000000086300000, 0x0000000086300000| Untracked 
|  72|0x0000000086400000, 0x0000000086400000, 0x0000000086500000|  0%| F|  |TAMS 0x0000000086400000, 0x0000000086400000| Untracked 
|  73|0x0000000086500000, 0x0000000086500000, 0x0000000086600000|  0%| F|  |TAMS 0x0000000086500000, 0x0000000086500000| Untracked 
|  74|0x0000000086600000, 0x0000000086600000, 0x0000000086700000|  0%| F|  |TAMS 0x0000000086600000, 0x0000000086600000| Untracked 
|  75|0x0000000086700000, 0x0000000086700000, 0x0000000086800000|  0%| F|  |TAMS 0x0000000086700000, 0x0000000086700000| Untracked 
|  76|0x0000000086800000, 0x0000000086800000, 0x0000000086900000|  0%| F|  |TAMS 0x0000000086800000, 0x0000000086800000| Untracked 
|  77|0x0000000086900000, 0x0000000086900000, 0x0000000086a00000|  0%| F|  |TAMS 0x0000000086900000, 0x0000000086900000| Untracked 
|  78|0x0000000086a00000, 0x0000000086a00000, 0x0000000086b00000|  0%| F|  |TAMS 0x0000000086a00000, 0x0000000086a00000| Untracked 
|  79|0x0000000086b00000, 0x0000000086b00000, 0x0000000086c00000|  0%| F|  |TAMS 0x0000000086b00000, 0x0000000086b00000| Untracked 
|  80|0x0000000086c00000, 0x0000000086c00000, 0x0000000086d00000|  0%| F|  |TAMS 0x0000000086c00000, 0x0000000086c00000| Untracked 
|  81|0x0000000086d00000, 0x0000000086d00000, 0x0000000086e00000|  0%| F|  |TAMS 0x0000000086d00000, 0x0000000086d00000| Untracked 
|  82|0x0000000086e00000, 0x0000000086e00000, 0x0000000086f00000|  0%| F|  |TAMS 0x0000000086e00000, 0x0000000086e00000| Untracked 
|  83|0x0000000086f00000, 0x0000000086f00000, 0x0000000087000000|  0%| F|  |TAMS 0x0000000086f00000, 0x0000000086f00000| Untracked 
|  84|0x0000000087000000, 0x0000000087000000, 0x0000000087100000|  0%| F|  |TAMS 0x0000000087000000, 0x0000000087000000| Untracked 
|  85|0x0000000087100000, 0x0000000087100000, 0x0000000087200000|  0%| F|  |TAMS 0x0000000087100000, 0x0000000087100000| Untracked 
|  86|0x0000000087200000, 0x0000000087200000, 0x0000000087300000|  0%| F|  |TAMS 0x0000000087200000, 0x0000000087200000| Untracked 
|  87|0x0000000087300000, 0x0000000087300000, 0x0000000087400000|  0%| F|  |TAMS 0x0000000087300000, 0x0000000087300000| Untracked 
|  88|0x0000000087400000, 0x0000000087400000, 0x0000000087500000|  0%| F|  |TAMS 0x0000000087400000, 0x0000000087400000| Untracked 
|  89|0x0000000087500000, 0x0000000087500000, 0x0000000087600000|  0%| F|  |TAMS 0x0000000087500000, 0x0000000087500000| Untracked 
|  90|0x0000000087600000, 0x0000000087600000, 0x0000000087700000|  0%| F|  |TAMS 0x0000000087600000, 0x0000000087600000| Untracked 
|  91|0x0000000087700000, 0x0000000087700000, 0x0000000087800000|  0%| F|  |TAMS 0x0000000087700000, 0x0000000087700000| Untracked 
|  92|0x0000000087800000, 0x0000000087800000, 0x0000000087900000|  0%| F|  |TAMS 0x0000000087800000, 0x0000000087800000| Untracked 
|  93|0x0000000087900000, 0x0000000087900000, 0x0000000087a00000|  0%| F|  |TAMS 0x0000000087900000, 0x0000000087900000| Untracked 
|  94|0x0000000087a00000, 0x0000000087a00000, 0x0000000087b00000|  0%| F|  |TAMS 0x0000000087a00000, 0x0000000087a00000| Untracked 
|  95|0x0000000087b00000, 0x0000000087b00000, 0x0000000087c00000|  0%| F|  |TAMS 0x0000000087b00000, 0x0000000087b00000| Untracked 
|  96|0x0000000087c00000, 0x0000000087c00000, 0x0000000087d00000|  0%| F|  |TAMS 0x0000000087c00000, 0x0000000087c00000| Untracked 
|  97|0x0000000087d00000, 0x0000000087d00000, 0x0000000087e00000|  0%| F|  |TAMS 0x0000000087d00000, 0x0000000087d00000| Untracked 
|  98|0x0000000087e00000, 0x0000000087e00000, 0x0000000087f00000|  0%| F|  |TAMS 0x0000000087e00000, 0x0000000087e00000| Untracked 
|  99|0x0000000087f00000, 0x0000000087f00000, 0x0000000088000000|  0%| F|  |TAMS 0x0000000087f00000, 0x0000000087f00000| Untracked 
| 100|0x0000000088000000, 0x0000000088000000, 0x0000000088100000|  0%| F|  |TAMS 0x0000000088000000, 0x0000000088000000| Untracked 
| 101|0x0000000088100000, 0x0000000088100000, 0x0000000088200000|  0%| F|  |TAMS 0x0000000088100000, 0x0000000088100000| Untracked 
| 102|0x0000000088200000, 0x0000000088200000, 0x0000000088300000|  0%| F|  |TAMS 0x0000000088200000, 0x0000000088200000| Untracked 
| 103|0x0000000088300000, 0x0000000088300000, 0x0000000088400000|  0%| F|  |TAMS 0x0000000088300000, 0x0000000088300000| Untracked 
| 104|0x0000000088400000, 0x0000000088400000, 0x0000000088500000|  0%| F|  |TAMS 0x0000000088400000, 0x0000000088400000| Untracked 
| 105|0x0000000088500000, 0x0000000088500000, 0x0000000088600000|  0%| F|  |TAMS 0x0000000088500000, 0x0000000088500000| Untracked 
| 106|0x0000000088600000, 0x0000000088600000, 0x0000000088700000|  0%| F|  |TAMS 0x0000000088600000, 0x0000000088600000| Untracked 
| 107|0x0000000088700000, 0x0000000088700000, 0x0000000088800000|  0%| F|  |TAMS 0x0000000088700000, 0x0000000088700000| Untracked 
| 108|0x0000000088800000, 0x0000000088800000, 0x0000000088900000|  0%| F|  |TAMS 0x0000000088800000, 0x0000000088800000| Untracked 
| 109|0x0000000088900000, 0x0000000088900000, 0x0000000088a00000|  0%| F|  |TAMS 0x0000000088900000, 0x0000000088900000| Untracked 
| 110|0x0000000088a00000, 0x0000000088a00000, 0x0000000088b00000|  0%| F|  |TAMS 0x0000000088a00000, 0x0000000088a00000| Untracked 
| 111|0x0000000088b00000, 0x0000000088b00000, 0x0000000088c00000|  0%| F|  |TAMS 0x0000000088b00000, 0x0000000088b00000| Untracked 
| 112|0x0000000088c00000, 0x0000000088c00000, 0x0000000088d00000|  0%| F|  |TAMS 0x0000000088c00000, 0x0000000088c00000| Untracked 
| 113|0x0000000088d00000, 0x0000000088d00000, 0x0000000088e00000|  0%| F|  |TAMS 0x0000000088d00000, 0x0000000088d00000| Untracked 
| 114|0x0000000088e00000, 0x0000000088e00000, 0x0000000088f00000|  0%| F|  |TAMS 0x0000000088e00000, 0x0000000088e00000| Untracked 
| 115|0x0000000088f00000, 0x0000000088f00000, 0x0000000089000000|  0%| F|  |TAMS 0x0000000088f00000, 0x0000000088f00000| Untracked 
| 116|0x0000000089000000, 0x0000000089000000, 0x0000000089100000|  0%| F|  |TAMS 0x0000000089000000, 0x0000000089000000| Untracked 
| 117|0x0000000089100000, 0x0000000089100000, 0x0000000089200000|  0%| F|  |TAMS 0x0000000089100000, 0x0000000089100000| Untracked 
| 118|0x0000000089200000, 0x0000000089200000, 0x0000000089300000|  0%| F|  |TAMS 0x0000000089200000, 0x0000000089200000| Untracked 
| 119|0x0000000089300000, 0x0000000089300000, 0x0000000089400000|  0%| F|  |TAMS 0x0000000089300000, 0x0000000089300000| Untracked 
| 120|0x0000000089400000, 0x0000000089400000, 0x0000000089500000|  0%| F|  |TAMS 0x0000000089400000, 0x0000000089400000| Untracked 
| 121|0x0000000089500000, 0x0000000089500000, 0x0000000089600000|  0%| F|  |TAMS 0x0000000089500000, 0x0000000089500000| Untracked 
| 122|0x0000000089600000, 0x0000000089600000, 0x0000000089700000|  0%| F|  |TAMS 0x0000000089600000, 0x0000000089600000| Untracked 
| 123|0x0000000089700000, 0x0000000089700000, 0x0000000089800000|  0%| F|  |TAMS 0x0000000089700000, 0x0000000089700000| Untracked 
| 124|0x0000000089800000, 0x0000000089800000, 0x0000000089900000|  0%| F|  |TAMS 0x0000000089800000, 0x0000000089800000| Untracked 
| 125|0x0000000089900000, 0x0000000089900000, 0x0000000089a00000|  0%| F|  |TAMS 0x0000000089900000, 0x0000000089900000| Untracked 
| 126|0x0000000089a00000, 0x0000000089a00000, 0x0000000089b00000|  0%| F|  |TAMS 0x0000000089a00000, 0x0000000089a00000| Untracked 
| 127|0x0000000089b00000, 0x0000000089b00000, 0x0000000089c00000|  0%| F|  |TAMS 0x0000000089b00000, 0x0000000089b00000| Untracked 
| 128|0x0000000089c00000, 0x0000000089c00000, 0x0000000089d00000|  0%| F|  |TAMS 0x0000000089c00000, 0x0000000089c00000| Untracked 
| 129|0x0000000089d00000, 0x0000000089d00000, 0x0000000089e00000|  0%| F|  |TAMS 0x0000000089d00000, 0x0000000089d00000| Untracked 
| 130|0x0000000089e00000, 0x0000000089e00000, 0x0000000089f00000|  0%| F|  |TAMS 0x0000000089e00000, 0x0000000089e00000| Untracked 
| 131|0x0000000089f00000, 0x0000000089f00000, 0x000000008a000000|  0%| F|  |TAMS 0x0000000089f00000, 0x0000000089f00000| Untracked 
| 132|0x000000008a000000, 0x000000008a000000, 0x000000008a100000|  0%| F|  |TAMS 0x000000008a000000, 0x000000008a000000| Untracked 
| 133|0x000000008a100000, 0x000000008a100000, 0x000000008a200000|  0%| F|  |TAMS 0x000000008a100000, 0x000000008a100000| Untracked 
| 134|0x000000008a200000, 0x000000008a200000, 0x000000008a300000|  0%| F|  |TAMS 0x000000008a200000, 0x000000008a200000| Untracked 
| 135|0x000000008a300000, 0x000000008a300000, 0x000000008a400000|  0%| F|  |TAMS 0x000000008a300000, 0x000000008a300000| Untracked 
| 136|0x000000008a400000, 0x000000008a400000, 0x000000008a500000|  0%| F|  |TAMS 0x000000008a400000, 0x000000008a400000| Untracked 
| 137|0x000000008a500000, 0x000000008a500000, 0x000000008a600000|  0%| F|  |TAMS 0x000000008a500000, 0x000000008a500000| Untracked 
| 138|0x000000008a600000, 0x000000008a600000, 0x000000008a700000|  0%| F|  |TAMS 0x000000008a600000, 0x000000008a600000| Untracked 
| 139|0x000000008a700000, 0x000000008a700000, 0x000000008a800000|  0%| F|  |TAMS 0x000000008a700000, 0x000000008a700000| Untracked 
| 140|0x000000008a800000, 0x000000008a800000, 0x000000008a900000|  0%| F|  |TAMS 0x000000008a800000, 0x000000008a800000| Untracked 
| 141|0x000000008a900000, 0x000000008a900000, 0x000000008aa00000|  0%| F|  |TAMS 0x000000008a900000, 0x000000008a900000| Untracked 
| 142|0x000000008aa00000, 0x000000008aa00000, 0x000000008ab00000|  0%| F|  |TAMS 0x000000008aa00000, 0x000000008aa00000| Untracked 
| 143|0x000000008ab00000, 0x000000008ab00000, 0x000000008ac00000|  0%| F|  |TAMS 0x000000008ab00000, 0x000000008ab00000| Untracked 
| 144|0x000000008ac00000, 0x000000008ac00000, 0x000000008ad00000|  0%| F|  |TAMS 0x000000008ac00000, 0x000000008ac00000| Untracked 
| 145|0x000000008ad00000, 0x000000008ad00000, 0x000000008ae00000|  0%| F|  |TAMS 0x000000008ad00000, 0x000000008ad00000| Untracked 
| 146|0x000000008ae00000, 0x000000008ae00000, 0x000000008af00000|  0%| F|  |TAMS 0x000000008ae00000, 0x000000008ae00000| Untracked 
| 147|0x000000008af00000, 0x000000008af00000, 0x000000008b000000|  0%| F|  |TAMS 0x000000008af00000, 0x000000008af00000| Untracked 
| 148|0x000000008b000000, 0x000000008b000000, 0x000000008b100000|  0%| F|  |TAMS 0x000000008b000000, 0x000000008b000000| Untracked 
| 149|0x000000008b100000, 0x000000008b100000, 0x000000008b200000|  0%| F|  |TAMS 0x000000008b100000, 0x000000008b100000| Untracked 
| 150|0x000000008b200000, 0x000000008b200000, 0x000000008b300000|  0%| F|  |TAMS 0x000000008b200000, 0x000000008b200000| Untracked 
| 151|0x000000008b300000, 0x000000008b300000, 0x000000008b400000|  0%| F|  |TAMS 0x000000008b300000, 0x000000008b300000| Untracked 
| 152|0x000000008b400000, 0x000000008b400000, 0x000000008b500000|  0%| F|  |TAMS 0x000000008b400000, 0x000000008b400000| Untracked 
| 153|0x000000008b500000, 0x000000008b500000, 0x000000008b600000|  0%| F|  |TAMS 0x000000008b500000, 0x000000008b500000| Untracked 
| 154|0x000000008b600000, 0x000000008b600000, 0x000000008b700000|  0%| F|  |TAMS 0x000000008b600000, 0x000000008b600000| Untracked 
| 155|0x000000008b700000, 0x000000008b700000, 0x000000008b800000|  0%| F|  |TAMS 0x000000008b700000, 0x000000008b700000| Untracked 
| 156|0x000000008b800000, 0x000000008b800000, 0x000000008b900000|  0%| F|  |TAMS 0x000000008b800000, 0x000000008b800000| Untracked 
| 157|0x000000008b900000, 0x000000008b900000, 0x000000008ba00000|  0%| F|  |TAMS 0x000000008b900000, 0x000000008b900000| Untracked 
| 158|0x000000008ba00000, 0x000000008ba00000, 0x000000008bb00000|  0%| F|  |TAMS 0x000000008ba00000, 0x000000008ba00000| Untracked 
| 159|0x000000008bb00000, 0x000000008bb00000, 0x000000008bc00000|  0%| F|  |TAMS 0x000000008bb00000, 0x000000008bb00000| Untracked 
| 160|0x000000008bc00000, 0x000000008bc00000, 0x000000008bd00000|  0%| F|  |TAMS 0x000000008bc00000, 0x000000008bc00000| Untracked 
| 161|0x000000008bd00000, 0x000000008bd00000, 0x000000008be00000|  0%| F|  |TAMS 0x000000008bd00000, 0x000000008bd00000| Untracked 
| 162|0x000000008be00000, 0x000000008be00000, 0x000000008bf00000|  0%| F|  |TAMS 0x000000008be00000, 0x000000008be00000| Untracked 
| 163|0x000000008bf00000, 0x000000008bf00000, 0x000000008c000000|  0%| F|  |TAMS 0x000000008bf00000, 0x000000008bf00000| Untracked 
| 164|0x000000008c000000, 0x000000008c000000, 0x000000008c100000|  0%| F|  |TAMS 0x000000008c000000, 0x000000008c000000| Untracked 
| 165|0x000000008c100000, 0x000000008c100000, 0x000000008c200000|  0%| F|  |TAMS 0x000000008c100000, 0x000000008c100000| Untracked 
| 166|0x000000008c200000, 0x000000008c200000, 0x000000008c300000|  0%| F|  |TAMS 0x000000008c200000, 0x000000008c200000| Untracked 
| 167|0x000000008c300000, 0x000000008c300000, 0x000000008c400000|  0%| F|  |TAMS 0x000000008c300000, 0x000000008c300000| Untracked 
| 168|0x000000008c400000, 0x000000008c400000, 0x000000008c500000|  0%| F|  |TAMS 0x000000008c400000, 0x000000008c400000| Untracked 
| 169|0x000000008c500000, 0x000000008c500000, 0x000000008c600000|  0%| F|  |TAMS 0x000000008c500000, 0x000000008c500000| Untracked 
| 170|0x000000008c600000, 0x000000008c600000, 0x000000008c700000|  0%| F|  |TAMS 0x000000008c600000, 0x000000008c600000| Untracked 
| 171|0x000000008c700000, 0x000000008c700000, 0x000000008c800000|  0%| F|  |TAMS 0x000000008c700000, 0x000000008c700000| Untracked 
| 172|0x000000008c800000, 0x000000008c800000, 0x000000008c900000|  0%| F|  |TAMS 0x000000008c800000, 0x000000008c800000| Untracked 
| 173|0x000000008c900000, 0x000000008c900000, 0x000000008ca00000|  0%| F|  |TAMS 0x000000008c900000, 0x000000008c900000| Untracked 
| 174|0x000000008ca00000, 0x000000008ca00000, 0x000000008cb00000|  0%| F|  |TAMS 0x000000008ca00000, 0x000000008ca00000| Untracked 
| 175|0x000000008cb00000, 0x000000008cb00000, 0x000000008cc00000|  0%| F|  |TAMS 0x000000008cb00000, 0x000000008cb00000| Untracked 
| 176|0x000000008cc00000, 0x000000008cd00000, 0x000000008cd00000|100%| S|CS|TAMS 0x000000008cc00000, 0x000000008cc00000| Complete 
| 177|0x000000008cd00000, 0x000000008ce00000, 0x000000008ce00000|100%| S|CS|TAMS 0x000000008cd00000, 0x000000008cd00000| Complete 
| 178|0x000000008ce00000, 0x000000008cf00000, 0x000000008cf00000|100%| S|CS|TAMS 0x000000008ce00000, 0x000000008ce00000| Complete 
| 179|0x000000008cf00000, 0x000000008d000000, 0x000000008d000000|100%| S|CS|TAMS 0x000000008cf00000, 0x000000008cf00000| Complete 
| 180|0x000000008d000000, 0x000000008d100000, 0x000000008d100000|100%| S|CS|TAMS 0x000000008d000000, 0x000000008d000000| Complete 
| 181|0x000000008d100000, 0x000000008d100000, 0x000000008d200000|  0%| F|  |TAMS 0x000000008d100000, 0x000000008d100000| Untracked 
| 182|0x000000008d200000, 0x000000008d200000, 0x000000008d300000|  0%| F|  |TAMS 0x000000008d200000, 0x000000008d200000| Untracked 
| 183|0x000000008d300000, 0x000000008d300000, 0x000000008d400000|  0%| F|  |TAMS 0x000000008d300000, 0x000000008d300000| Untracked 
| 184|0x000000008d400000, 0x000000008d500000, 0x000000008d500000|100%| E|  |TAMS 0x000000008d400000, 0x000000008d400000| Complete 

Card table byte_map: [0x000002a770ed0000,0x000002a7712d0000] _byte_map_base: 0x000002a770ac2000

Marking Bits (Prev, Next): (CMBitMap*) 0x000002a7593f7e20, (CMBitMap*) 0x000002a7593f7de8
 Prev Bits: [0x000002a773660000, 0x000002a7755f0000)
 Next Bits: [0x000002a7716d0000, 0x000002a773660000)

Polling page: 0x000002a757530000

Metaspace:

Usage:
  Non-class:     51.22 MB capacity,    50.20 MB ( 98%) used,   839.55 KB (  2%) free+waste,   203.38 KB ( <1%) overhead. 
      Class:      7.68 MB capacity,     7.02 MB ( 91%) used,   579.42 KB (  7%) free+waste,    96.75 KB (  1%) overhead. 
       Both:     58.90 MB capacity,    57.22 MB ( 97%) used,     1.39 MB (  2%) free+waste,   300.13 KB ( <1%) overhead. 

Virtual space:
  Non-class space:       52.00 MB reserved,      51.45 MB ( 99%) committed 
      Class space:        1.00 GB reserved,       7.80 MB ( <1%) committed 
             Both:        1.05 GB reserved,      59.26 MB (  6%) committed 

Chunk freelists:
   Non-Class:  51.00 KB
       Class:  7.00 KB
        Both:  58.00 KB

MaxMetaspaceSize: 17179869184.00 GB
CompressedClassSpaceSize: 1.00 GB
Initial GC threshold: 20.80 MB
Current GC threshold: 98.55 MB
CDS: off

CodeHeap 'non-profiled nmethods': size=120064Kb used=2826Kb max_used=2826Kb free=117237Kb
 bounds [0x000002a769590000, 0x000002a769860000, 0x000002a770ad0000]
CodeHeap 'profiled nmethods': size=120000Kb used=10745Kb max_used=10745Kb free=109254Kb
 bounds [0x000002a762060000, 0x000002a762ae0000, 0x000002a769590000]
CodeHeap 'non-nmethods': size=5696Kb used=1294Kb max_used=1334Kb free=4402Kb
 bounds [0x000002a761ad0000, 0x000002a761d40000, 0x000002a762060000]
 total_blobs=5335 nmethods=4751 adapters=496
 compilation: enabled
              stopped_count=0, restarted_count=0
 full_count=0

Compilation events (20 events):
Event: 58.273 Thread 0x000002a777b1c000 nmethod 4790 0x000002a762ad8290 code [0x000002a762ad8480, 0x000002a762ad87a8]
Event: 58.273 Thread 0x000002a777b1c000 4791       3       sun.security.provider.SHA::implCompressCheck (15 bytes)
Event: 58.273 Thread 0x000002a777b1c000 nmethod 4791 0x000002a762ad8910 code [0x000002a762ad8ae0, 0x000002a762ad8d78]
Event: 58.273 Thread 0x000002a777b1c000 4792       3       java.lang.invoke.InvokerBytecodeGenerator::bogusMethod (74 bytes)
Event: 58.273 Thread 0x000002a77d1c1000 4787       4       java.io.DataOutputStream::writeUTF (435 bytes)
Event: 58.274 Thread 0x000002a777b1c000 nmethod 4792 0x000002a762ad8e90 code [0x000002a762ad9040, 0x000002a762ad9158]
Event: 58.275 Thread 0x000002a777b1c000 4793       3       java.lang.invoke.LambdaFormEditor$Transform::packedBytes (39 bytes)
Event: 58.275 Thread 0x000002a777b1c000 nmethod 4793 0x000002a762ad9210 code [0x000002a762ad93c0, 0x000002a762ad94b8]
Event: 58.297 Thread 0x000002a77d1c1000 nmethod 4787 0x000002a769849690 code [0x000002a769849860, 0x000002a76984a158]
Event: 58.297 Thread 0x000002a77d1c1000 4771       4       jdk.internal.reflect.ClassFileAssembler::cpi (22 bytes)
Event: 58.297 Thread 0x000002a77d1c1000 nmethod 4771 0x000002a76984a610 code [0x000002a76984a7a0, 0x000002a76984a818]
Event: 58.297 Thread 0x000002a77d1c1000 4772       4       jdk.internal.reflect.ReflectionFactory::langReflectAccess (15 bytes)
Event: 58.298 Thread 0x000002a77d1c1000 nmethod 4772 0x000002a76984a910 code [0x000002a76984aaa0, 0x000002a76984ab18]
Event: 58.298 Thread 0x000002a77d1c1000 4774       4       sun.invoke.util.BytecodeDescriptor::unparseSig (91 bytes)
Event: 58.299 Thread 0x000002a777b1c000 4796       3       jdk.internal.reflect.AccessorGenerator::getClassName (184 bytes)
Event: 58.301 Thread 0x000002a777b1c000 nmethod 4796 0x000002a762ad9590 code [0x000002a762ad99a0, 0x000002a762adb188]
Event: 58.314 Thread 0x000002a777b1c000 4798       3       java.lang.Class::searchMethods (104 bytes)
Event: 58.315 Thread 0x000002a777b1c000 nmethod 4798 0x000002a762adb890 code [0x000002a762adbb00, 0x000002a762adc538]
Event: 58.315 Thread 0x000002a777b1c000 4800       3       java.io.ObjectStreamClass::requireInitialized (18 bytes)
Event: 58.316 Thread 0x000002a777b1c000 nmethod 4800 0x000002a762adc990 code [0x000002a762adcb60, 0x000002a762adcd68]

GC Heap History (20 events):
Event: 1.453 GC heap before
{Heap before GC invocations=1 (full 0):
 garbage-first heap   total 131072K, used 15277K [0x0000000081c00000, 0x0000000100000000)
  region size 1024K, 11 young (11264K), 2 survivors (2048K)
 Metaspace       used 14993K, capacity 15400K, committed 15488K, reserved 1062912K
  class space    used 1515K, capacity 1655K, committed 1664K, reserved 1048576K
}
Event: 1.458 GC heap after
{Heap after GC invocations=2 (full 0):
 garbage-first heap   total 131072K, used 7176K [0x0000000081c00000, 0x0000000100000000)
  region size 1024K, 1 young (1024K), 1 survivors (1024K)
 Metaspace       used 14993K, capacity 15400K, committed 15488K, reserved 1062912K
  class space    used 1515K, capacity 1655K, committed 1664K, reserved 1048576K
}
Event: 2.041 GC heap before
{Heap before GC invocations=2 (full 0):
 garbage-first heap   total 131072K, used 30728K [0x0000000081c00000, 0x0000000100000000)
  region size 1024K, 24 young (24576K), 1 survivors (1024K)
 Metaspace       used 19343K, capacity 19931K, committed 19968K, reserved 1067008K
  class space    used 2091K, capacity 2304K, committed 2304K, reserved 1048576K
}
Event: 2.045 GC heap after
{Heap after GC invocations=3 (full 0):
 garbage-first heap   total 131072K, used 8412K [0x0000000081c00000, 0x0000000100000000)
  region size 1024K, 3 young (3072K), 3 survivors (3072K)
 Metaspace       used 19343K, capacity 19931K, committed 19968K, reserved 1067008K
  class space    used 2091K, capacity 2304K, committed 2304K, reserved 1048576K
}
Event: 2.166 GC heap before
{Heap before GC invocations=3 (full 0):
 garbage-first heap   total 131072K, used 14556K [0x0000000081c00000, 0x0000000100000000)
  region size 1024K, 11 young (11264K), 3 survivors (3072K)
 Metaspace       used 20626K, capacity 21250K, committed 21296K, reserved 1069056K
  class space    used 2279K, capacity 2555K, committed 2560K, reserved 1048576K
}
Event: 2.172 GC heap after
{Heap after GC invocations=4 (full 0):
 garbage-first heap   total 131072K, used 8821K [0x0000000081c00000, 0x0000000100000000)
  region size 1024K, 3 young (3072K), 3 survivors (3072K)
 Metaspace       used 20626K, capacity 21250K, committed 21296K, reserved 1069056K
  class space    used 2279K, capacity 2555K, committed 2560K, reserved 1048576K
}
Event: 2.648 GC heap before
{Heap before GC invocations=5 (full 0):
 garbage-first heap   total 131072K, used 49781K [0x0000000081c00000, 0x0000000100000000)
  region size 1024K, 44 young (45056K), 3 survivors (3072K)
 Metaspace       used 26801K, capacity 27538K, committed 27776K, reserved 1073152K
  class space    used 3040K, capacity 3356K, committed 3456K, reserved 1048576K
}
Event: 2.654 GC heap after
{Heap after GC invocations=6 (full 0):
 garbage-first heap   total 131072K, used 9987K [0x0000000081c00000, 0x0000000100000000)
  region size 1024K, 4 young (4096K), 4 survivors (4096K)
 Metaspace       used 26801K, capacity 27538K, committed 27776K, reserved 1073152K
  class space    used 3040K, capacity 3356K, committed 3456K, reserved 1048576K
}
Event: 3.400 GC heap before
{Heap before GC invocations=6 (full 0):
 garbage-first heap   total 131072K, used 69379K [0x0000000081c00000, 0x0000000100000000)
  region size 1024K, 63 young (64512K), 4 survivors (4096K)
 Metaspace       used 29139K, capacity 29974K, committed 30080K, reserved 1075200K
  class space    used 3293K, capacity 3608K, committed 3712K, reserved 1048576K
}
Event: 3.412 GC heap after
{Heap after GC invocations=7 (full 0):
 garbage-first heap   total 157696K, used 11215K [0x0000000081c00000, 0x0000000100000000)
  region size 1024K, 5 young (5120K), 5 survivors (5120K)
 Metaspace       used 29139K, capacity 29974K, committed 30080K, reserved 1075200K
  class space    used 3293K, capacity 3608K, committed 3712K, reserved 1048576K
}
Event: 4.815 GC heap before
{Heap before GC invocations=7 (full 0):
 garbage-first heap   total 157696K, used 58319K [0x0000000081c00000, 0x0000000100000000)
  region size 1024K, 52 young (53248K), 5 survivors (5120K)
 Metaspace       used 34886K, capacity 35900K, committed 35920K, reserved 1081344K
  class space    used 4052K, capacity 4460K, committed 4480K, reserved 1048576K
}
Event: 4.832 GC heap after
{Heap after GC invocations=8 (full 0):
 garbage-first heap   total 157696K, used 14259K [0x0000000081c00000, 0x0000000100000000)
  region size 1024K, 8 young (8192K), 8 survivors (8192K)
 Metaspace       used 34886K, capacity 35900K, committed 35920K, reserved 1081344K
  class space    used 4052K, capacity 4460K, committed 4480K, reserved 1048576K
}
Event: 6.019 GC heap before
{Heap before GC invocations=9 (full 0):
 garbage-first heap   total 157696K, used 99251K [0x0000000081c00000, 0x0000000100000000)
  region size 1024K, 92 young (94208K), 8 survivors (8192K)
 Metaspace       used 39335K, capacity 40567K, committed 40656K, reserved 1085440K
  class space    used 4621K, capacity 5117K, committed 5120K, reserved 1048576K
}
Event: 6.035 GC heap after
{Heap after GC invocations=10 (full 0):
 garbage-first heap   total 157696K, used 17363K [0x0000000081c00000, 0x0000000100000000)
  region size 1024K, 9 young (9216K), 9 survivors (9216K)
 Metaspace       used 39335K, capacity 40567K, committed 40656K, reserved 1085440K
  class space    used 4621K, capacity 5117K, committed 5120K, reserved 1048576K
}
Event: 8.093 GC heap before
{Heap before GC invocations=10 (full 0):
 garbage-first heap   total 157696K, used 101331K [0x0000000081c00000, 0x0000000100000000)
  region size 1024K, 92 young (94208K), 9 survivors (9216K)
 Metaspace       used 53527K, capacity 54909K, committed 55120K, reserved 1097728K
  class space    used 6489K, capacity 7040K, committed 7040K, reserved 1048576K
}
Event: 8.111 GC heap after
{Heap after GC invocations=11 (full 0):
 garbage-first heap   total 157696K, used 22996K [0x0000000081c00000, 0x0000000100000000)
  region size 1024K, 12 young (12288K), 12 survivors (12288K)
 Metaspace       used 53527K, capacity 54909K, committed 55120K, reserved 1097728K
  class space    used 6489K, capacity 7040K, committed 7040K, reserved 1048576K
}
Event: 12.181 GC heap before
{Heap before GC invocations=11 (full 0):
 garbage-first heap   total 157696K, used 104916K [0x0000000081c00000, 0x0000000100000000)
  region size 1024K, 92 young (94208K), 12 survivors (12288K)
 Metaspace       used 57983K, capacity 59589K, committed 59728K, reserved 1101824K
  class space    used 7096K, capacity 7735K, committed 7808K, reserved 1048576K
}
Event: 12.204 GC heap after
{Heap after GC invocations=12 (full 0):
 garbage-first heap   total 189440K, used 25884K [0x0000000081c00000, 0x0000000100000000)
  region size 1024K, 10 young (10240K), 10 survivors (10240K)
 Metaspace       used 57983K, capacity 59589K, committed 59728K, reserved 1101824K
  class space    used 7096K, capacity 7735K, committed 7808K, reserved 1048576K
}
Event: 58.334 GC heap before
{Heap before GC invocations=12 (full 0):
 garbage-first heap   total 189440K, used 28956K [0x0000000081c00000, 0x0000000100000000)
  region size 1024K, 14 young (14336K), 10 survivors (10240K)
 Metaspace       used 58561K, capacity 60208K, committed 60296K, reserved 1101824K
  class space    used 7184K, capacity 7831K, committed 7864K, reserved 1048576K
}
Event: 58.353 GC heap after
{Heap after GC invocations=13 (full 0):
 garbage-first heap   total 189440K, used 26004K [0x0000000081c00000, 0x0000000100000000)
  region size 1024K, 5 young (5120K), 5 survivors (5120K)
 Metaspace       used 58561K, capacity 60208K, committed 60296K, reserved 1101824K
  class space    used 7184K, capacity 7831K, committed 7864K, reserved 1048576K
}

Deoptimization events (20 events):
Event: 58.208 Thread 0x000002a77cb00800 Uncommon trap: trap_request=0xffffffc6 fr.pc=0x000002a769769790 relative=0x0000000000000a90
Event: 58.208 Thread 0x000002a77cb00800 Uncommon trap: reason=bimorphic_or_optimized_type_check action=maybe_recompile pc=0x000002a769769790 method=java.io.DataOutputStream.writeByte(I)V @ 5 c2
Event: 58.208 Thread 0x000002a77cb00800 DEOPT PACKING pc=0x000002a769769790 sp=0x000000bdd77fd460
Event: 58.208 Thread 0x000002a77cb00800 DEOPT UNPACKING pc=0x000002a761b1a1af sp=0x000000bdd77fd468 mode 2
Event: 58.208 Thread 0x000002a77cb00800 Uncommon trap: trap_request=0xffffffc6 fr.pc=0x000002a769656b64 relative=0x0000000000000f84
Event: 58.208 Thread 0x000002a77cb00800 Uncommon trap: reason=bimorphic_or_optimized_type_check action=maybe_recompile pc=0x000002a769656b64 method=java.io.DataOutputStream.write([BII)V @ 7 c2
Event: 58.208 Thread 0x000002a77cb00800 DEOPT PACKING pc=0x000002a769656b64 sp=0x000000bdd77fd410
Event: 58.208 Thread 0x000002a77cb00800 DEOPT UNPACKING pc=0x000002a761b1a1af sp=0x000000bdd77fd350 mode 2
Event: 58.226 Thread 0x000002a77cb00800 Uncommon trap: trap_request=0xffffffc6 fr.pc=0x000002a769769790 relative=0x0000000000000a90
Event: 58.226 Thread 0x000002a77cb00800 Uncommon trap: reason=bimorphic_or_optimized_type_check action=maybe_recompile pc=0x000002a769769790 method=java.io.DataOutputStream.writeByte(I)V @ 5 c2
Event: 58.226 Thread 0x000002a77cb00800 DEOPT PACKING pc=0x000002a769769790 sp=0x000000bdd77fb5c0
Event: 58.227 Thread 0x000002a77cb00800 DEOPT UNPACKING pc=0x000002a761b1a1af sp=0x000000bdd77fb5c8 mode 2
Event: 58.266 Thread 0x000002a77cb00800 Uncommon trap: trap_request=0xffffffc6 fr.pc=0x000002a769656b64 relative=0x0000000000000f84
Event: 58.266 Thread 0x000002a77cb00800 Uncommon trap: reason=bimorphic_or_optimized_type_check action=maybe_recompile pc=0x000002a769656b64 method=java.io.DataOutputStream.write([BII)V @ 7 c2
Event: 58.266 Thread 0x000002a77cb00800 DEOPT PACKING pc=0x000002a769656b64 sp=0x000000bdd77fa7b0
Event: 58.266 Thread 0x000002a77cb00800 DEOPT UNPACKING pc=0x000002a761b1a1af sp=0x000000bdd77fa6f0 mode 2
Event: 58.266 Thread 0x000002a77cb00800 Uncommon trap: trap_request=0xffffffc6 fr.pc=0x000002a769656b64 relative=0x0000000000000f84
Event: 58.267 Thread 0x000002a77cb00800 Uncommon trap: reason=bimorphic_or_optimized_type_check action=maybe_recompile pc=0x000002a769656b64 method=java.io.DataOutputStream.write([BII)V @ 7 c2
Event: 58.267 Thread 0x000002a77cb00800 DEOPT PACKING pc=0x000002a769656b64 sp=0x000000bdd77fa7b0
Event: 58.267 Thread 0x000002a77cb00800 DEOPT UNPACKING pc=0x000002a761b1a1af sp=0x000000bdd77fa6f0 mode 2

Classes redefined (0 events):
No events

Internal exceptions (20 events):
Event: 9.568 Thread 0x000002a7593b7000 Exception <a 'java/lang/ClassNotFoundException'{0x0000000086a09888}: java/lang/ObjectCustomizer> (0x0000000086a09888) thrown at [./src/hotspot/share/classfile/systemDictionary.cpp, line 231]
Event: 9.569 Thread 0x000002a7593b7000 Exception <a 'java/lang/ClassNotFoundException'{0x0000000086a1b7b0}: org/springframework/transaction/support/DefaultTransactionDefinitionCustomizer> (0x0000000086a1b7b0) thrown at [./src/hotspot/share/classfile/systemDictionary.cpp, line 231]
Event: 9.569 Thread 0x000002a7593b7000 Exception <a 'java/lang/ClassNotFoundException'{0x0000000086a35438}: org/springframework/transaction/support/TransactionTemplateCustomizer> (0x0000000086a35438) thrown at [./src/hotspot/share/classfile/systemDictionary.cpp, line 231]
Event: 9.570 Thread 0x000002a7593b7000 Exception <a 'java/lang/ClassNotFoundException'{0x0000000086a4d468}: org/springframework/transaction/support/TransactionOperationsCustomizer> (0x0000000086a4d468) thrown at [./src/hotspot/share/classfile/systemDictionary.cpp, line 231]
Event: 9.570 Thread 0x000002a7593b7000 Exception <a 'java/lang/ClassNotFoundException'{0x0000000086a5d3d0}: org/springframework/beans/factory/InitializingBeanCustomizer> (0x0000000086a5d3d0) thrown at [./src/hotspot/share/classfile/systemDictionary.cpp, line 231]
Event: 9.571 Thread 0x000002a7593b7000 Exception <a 'java/lang/ClassNotFoundException'{0x0000000086a6b058}: org/springframework/transaction/TransactionDefinitionCustomizer> (0x0000000086a6b058) thrown at [./src/hotspot/share/classfile/systemDictionary.cpp, line 231]
Event: 9.572 Thread 0x000002a7593b7000 Exception <a 'java/lang/ClassNotFoundException'{0x0000000086a80958}: java/lang/ObjectCustomizer> (0x0000000086a80958) thrown at [./src/hotspot/share/classfile/systemDictionary.cpp, line 231]
Event: 9.573 Thread 0x000002a7593b7000 Exception <a 'java/lang/ClassNotFoundException'{0x0000000086a937d0}: org/springframework/boot/autoconfigure/web/client/RestTemplateAutoConfigurationCustomizer> (0x0000000086a937d0) thrown at [./src/hotspot/share/classfile/systemDictionary.cpp, line 231]
Event: 9.575 Thread 0x000002a7593b7000 Exception <a 'java/lang/ClassNotFoundException'{0x0000000086aa7aa0}: java/lang/ObjectCustomizer> (0x0000000086aa7aa0) thrown at [./src/hotspot/share/classfile/systemDictionary.cpp, line 231]
Event: 9.577 Thread 0x000002a7593b7000 Exception <a 'java/lang/ClassNotFoundException'{0x0000000086abd1f8}: org/springframework/boot/autoconfigure/web/embedded/EmbeddedWebServerFactoryCustomizerAutoConfigurationCustomizer> (0x0000000086abd1f8) thrown at [./src/hotspot/share/classfile/systemDictionary.cpp, line 231]
Event: 9.581 Thread 0x000002a7593b7000 Exception <a 'java/lang/ClassNotFoundException'{0x0000000086ad0538}: java/lang/ObjectCustomizer> (0x0000000086ad0538) thrown at [./src/hotspot/share/classfile/systemDictionary.cpp, line 231]
Event: 9.581 Thread 0x000002a7593b7000 Exception <a 'java/lang/ClassNotFoundException'{0x0000000086ae2f20}: org/springframework/web/multipart/support/StandardServletMultipartResolverCustomizer> (0x0000000086ae2f20) thrown at [./src/hotspot/share/classfile/systemDictionary.cpp, line 231]
Event: 9.582 Thread 0x000002a7593b7000 Exception <a 'java/lang/ClassNotFoundException'{0x0000000086af57a8}: org/springframework/web/multipart/MultipartResolverCustomizer> (0x0000000086af57a8) thrown at [./src/hotspot/share/classfile/systemDictionary.cpp, line 231]
Event: 9.613 Thread 0x000002a7593b7000 Exception <a 'java/lang/NoSuchMethodError'{0x00000000869ff1f8}: 'java.lang.Object java.lang.invoke.DirectMethodHandle$Holder.invokeSpecial(java.lang.Object, java.lang.Object, int, java.lang.Object, int, java.lang.Object)'> (0x00000000869ff1f8) thrown at [./src/hotspot/share/interpreter/linkResolver.cpp, line 773]
Event: 9.614 Thread 0x000002a7593b7000 Exception <a 'java/lang/NoSuchMethodError'{0x0000000086806b98}: 'java.lang.Object java.lang.invoke.DirectMethodHandle$Holder.invokeStatic(java.lang.Object, java.lang.Object, int, java.lang.Object, int)'> (0x0000000086806b98) thrown at [./src/hotspot/share/interpreter/linkResolver.cpp, line 773]
Event: 9.614 Thread 0x000002a7593b7000 Exception <a 'java/lang/NoSuchMethodError'{0x000000008680a378}: 'java.lang.Object java.lang.invoke.DirectMethodHandle$Holder.invokeSpecial(java.lang.Object, java.lang.Object, java.lang.Object, int, java.lang.Object, int)'> (0x000000008680a378) thrown at [./src/hotspot/share/interpreter/linkResolver.cpp, line 773]
Event: 9.616 Thread 0x000002a7593b7000 Exception <a 'java/lang/NoSuchMethodError'{0x0000000086815c28}: 'void java.lang.invoke.DirectMethodHandle$Holder.invokeVirtual(java.lang.Object, java.lang.Object)'> (0x0000000086815c28) thrown at [./src/hotspot/share/interpreter/linkResolver.cpp, line 773]
Event: 58.230 Thread 0x000002a77cb00800 Exception <a 'java/lang/NoSuchMethodError'{0x000000008d2239a8}: <clinit>> (0x000000008d2239a8) thrown at [./src/hotspot/share/prims/jni.cpp, line 1365]
Event: 58.265 Thread 0x000002a77cb00800 Exception <a 'java/lang/ClassNotFoundException'{0x000000008d2667a0}: javax/management/remote/rmi/RMIConnectionImpl_Skel> (0x000000008d2667a0) thrown at [./src/hotspot/share/classfile/systemDictionary.cpp, line 231]
Event: 58.282 Thread 0x000002a77cafe000 Exception <a 'java/lang/NoSuchMethodError'{0x000000008d2a9bb0}: 'java.lang.Object java.lang.invoke.Invokers$Holder.linkToTargetMethod(java.lang.Object, long, java.lang.Object)'> (0x000000008d2a9bb0) thrown at [./src/hotspot/share/interpreter/linkResolver.cpp, line 773]

Events (20 events):
Event: 58.270 loading class javax/management/remote/JMXConnectionNotification done
Event: 58.274 Executing VM operation: RevokeBias
Event: 58.274 Executing VM operation: RevokeBias done
Event: 58.316 loading class javax/management/remote/rmi/RMIConnectionImpl$6
Event: 58.316 loading class javax/management/remote/rmi/RMIConnectionImpl$6 done
Event: 58.316 loading class javax/management/remote/rmi/RMIConnectionImpl$7
Event: 58.316 loading class javax/management/remote/rmi/RMIConnectionImpl$7 done
Event: 58.316 loading class com/sun/jmx/remote/util/OrderClassLoaders
Event: 58.316 loading class com/sun/jmx/remote/util/OrderClassLoaders done
Event: 58.317 loading class javax/management/remote/rmi/RMIConnectionImpl$SetCcl
Event: 58.317 loading class javax/management/remote/rmi/RMIConnectionImpl$SetCcl done
Event: 58.317 loading class java/rmi/MarshalledObject$MarshalledObjectInputStream
Event: 58.317 loading class java/rmi/MarshalledObject$MarshalledObjectInputStream done
Event: 58.317 loading class javax/management/remote/rmi/RMIConnectionImpl$PrivilegedOperation
Event: 58.317 loading class javax/management/remote/rmi/RMIConnectionImpl$PrivilegedOperation done
Event: 58.318 loading class sun/reflect/misc/MethodUtil
Event: 58.334 Executing VM operation: CollectForMetadataAllocation
Event: 58.353 Executing VM operation: CollectForMetadataAllocation done
Event: 58.355 loading class sun/reflect/misc/MethodUtil done
Event: 58.355 loading class sun/reflect/misc/MethodUtil$1


Dynamic libraries:
0x00007ff6390c0000 - 0x00007ff6390cd000 	C:\Program Files\Eclipse Foundation\jdk-11.0.12.7-hotspot\bin\java.exe
0x00007ffb52810000 - 0x00007ffb52a04000 	C:\WINDOWS\SYSTEM32\ntdll.dll
0x00007ffb51cc0000 - 0x00007ffb51d7d000 	C:\WINDOWS\System32\KERNEL32.DLL
0x00007ffb503a0000 - 0x00007ffb50667000 	C:\WINDOWS\System32\KERNELBASE.dll
0x00007ffb50770000 - 0x00007ffb50870000 	C:\WINDOWS\System32\ucrtbase.dll
0x00007ffb3d5c0000 - 0x00007ffb3d5d5000 	C:\Program Files\Eclipse Foundation\jdk-11.0.12.7-hotspot\bin\VCRUNTIME140.dll
0x00007ffb3d620000 - 0x00007ffb3d637000 	C:\Program Files\Eclipse Foundation\jdk-11.0.12.7-hotspot\bin\jli.dll
0x00007ffb50a30000 - 0x00007ffb50bd0000 	C:\WINDOWS\System32\USER32.dll
0x00007ffb50160000 - 0x00007ffb50182000 	C:\WINDOWS\System32\win32u.dll
0x00007ffb517c0000 - 0x00007ffb517ea000 	C:\WINDOWS\System32\GDI32.dll
0x00007ffb501e0000 - 0x00007ffb502ea000 	C:\WINDOWS\System32\gdi32full.dll
0x00007ffb50670000 - 0x00007ffb5070d000 	C:\WINDOWS\System32\msvcp_win.dll
0x00007ffb3f150000 - 0x00007ffb3f3ea000 	C:\WINDOWS\WinSxS\amd64_microsoft.windows.common-controls_6595b64144ccf1df_6.0.19041.1_none_b555e41d4684ddec\COMCTL32.dll
0x00007ffb50d30000 - 0x00007ffb50dce000 	C:\WINDOWS\System32\msvcrt.dll
0x00007ffb51ae0000 - 0x00007ffb51b10000 	C:\WINDOWS\System32\IMM32.DLL
0x00007ffb29bc0000 - 0x00007ffb29c5b000 	C:\Program Files\Eclipse Foundation\jdk-11.0.12.7-hotspot\bin\msvcp140.dll
0x00007ffb29030000 - 0x00007ffb29b89000 	C:\Program Files\Eclipse Foundation\jdk-11.0.12.7-hotspot\bin\server\jvm.dll
0x00007ffb51860000 - 0x00007ffb5190a000 	C:\WINDOWS\System32\ADVAPI32.dll
0x00007ffb51e10000 - 0x00007ffb51eab000 	C:\WINDOWS\System32\sechost.dll
0x00007ffb51b10000 - 0x00007ffb51c33000 	C:\WINDOWS\System32\RPCRT4.dll
0x00007ffb51eb0000 - 0x00007ffb51eb8000 	C:\WINDOWS\System32\PSAPI.DLL
0x00007ffb41420000 - 0x00007ffb41429000 	C:\WINDOWS\SYSTEM32\WSOCK32.dll
0x00007ffb517f0000 - 0x00007ffb5185b000 	C:\WINDOWS\System32\WS2_32.dll
0x00007ffb40d60000 - 0x00007ffb40d87000 	C:\WINDOWS\SYSTEM32\WINMM.dll
0x00007ffb47770000 - 0x00007ffb4777a000 	C:\WINDOWS\SYSTEM32\VERSION.dll
0x00007ffb4e850000 - 0x00007ffb4e863000 	C:\WINDOWS\SYSTEM32\kernel.appcore.dll
0x00007ffb3d610000 - 0x00007ffb3d620000 	C:\Program Files\Eclipse Foundation\jdk-11.0.12.7-hotspot\bin\verify.dll
0x00007ffb4e580000 - 0x00007ffb4e764000 	C:\WINDOWS\SYSTEM32\DBGHELP.DLL
0x00007ffb490f0000 - 0x00007ffb4911c000 	C:\WINDOWS\SYSTEM32\dbgcore.DLL
0x00007ffb500e0000 - 0x00007ffb5015f000 	C:\WINDOWS\System32\bcryptPrimitives.dll
0x00007ffb39b60000 - 0x00007ffb39b88000 	C:\Program Files\Eclipse Foundation\jdk-11.0.12.7-hotspot\bin\java.dll
0x00007ffb3d5b0000 - 0x00007ffb3d5ba000 	C:\Program Files\Eclipse Foundation\jdk-11.0.12.7-hotspot\bin\jimage.dll
0x00007ffb3d4c0000 - 0x00007ffb3d4d7000 	C:\Program Files\Eclipse Foundation\jdk-11.0.12.7-hotspot\bin\zip.dll
0x00007ffb51ec0000 - 0x00007ffb525f1000 	C:\WINDOWS\System32\SHELL32.dll
0x00007ffb4dd30000 - 0x00007ffb4e4ba000 	C:\WINDOWS\SYSTEM32\windows.storage.dll
0x00007ffb51450000 - 0x00007ffb517a4000 	C:\WINDOWS\System32\combase.dll
0x00007ffb4f9d0000 - 0x00007ffb4f9fb000 	C:\WINDOWS\SYSTEM32\Wldp.dll
0x00007ffb52600000 - 0x00007ffb526ae000 	C:\WINDOWS\System32\SHCORE.dll
0x00007ffb51970000 - 0x00007ffb519c5000 	C:\WINDOWS\System32\shlwapi.dll
0x00007ffb4fe90000 - 0x00007ffb4feaf000 	C:\WINDOWS\SYSTEM32\profapi.dll
0x00007ffb29df0000 - 0x00007ffb29e09000 	C:\Program Files\Eclipse Foundation\jdk-11.0.12.7-hotspot\bin\net.dll
0x00007ffb3fe80000 - 0x00007ffb3ff82000 	C:\WINDOWS\SYSTEM32\WINHTTP.dll
0x00007ffb4f750000 - 0x00007ffb4f7ba000 	C:\WINDOWS\system32\mswsock.dll
0x00007ffb29dd0000 - 0x00007ffb29de2000 	C:\Program Files\Eclipse Foundation\jdk-11.0.12.7-hotspot\bin\nio.dll
0x00007ffb4a380000 - 0x00007ffb4a389000 	C:\Program Files\Eclipse Foundation\jdk-11.0.12.7-hotspot\bin\management.dll
0x00007ffb3d510000 - 0x00007ffb3d51b000 	C:\Program Files\Eclipse Foundation\jdk-11.0.12.7-hotspot\bin\management_ext.dll
0x00007ffb38ab0000 - 0x00007ffb38ac7000 	C:\WINDOWS\system32\napinsp.dll
0x00007ffb38a90000 - 0x00007ffb38aab000 	C:\WINDOWS\system32\pnrpnsp.dll
0x00007ffb37bf0000 - 0x00007ffb37c05000 	C:\WINDOWS\system32\wshbth.dll
0x00007ffb4b8e0000 - 0x00007ffb4b8fd000 	C:\WINDOWS\system32\NLAapi.dll
0x00007ffb4f3f0000 - 0x00007ffb4f42b000 	C:\WINDOWS\SYSTEM32\IPHLPAPI.DLL
0x00007ffb4f440000 - 0x00007ffb4f50a000 	C:\WINDOWS\SYSTEM32\DNSAPI.dll
0x00007ffb50bd0000 - 0x00007ffb50bd9000 	C:\WINDOWS\System32\NSI.dll
0x00007ffb37bd0000 - 0x00007ffb37be2000 	C:\WINDOWS\System32\winrnr.dll
0x00007ffb3f120000 - 0x00007ffb3f12a000 	C:\Windows\System32\rasadhlp.dll
0x00007ffb40330000 - 0x00007ffb403af000 	C:\WINDOWS\System32\fwpuclnt.dll
0x00007ffb500b0000 - 0x00007ffb500d7000 	C:\WINDOWS\System32\bcrypt.dll
0x00007ffb4f920000 - 0x00007ffb4f938000 	C:\WINDOWS\SYSTEM32\CRYPTSP.dll
0x00007ffb4f070000 - 0x00007ffb4f0a4000 	C:\WINDOWS\system32\rsaenh.dll
0x00007ffb4fe10000 - 0x00007ffb4fe3e000 	C:\WINDOWS\SYSTEM32\USERENV.dll
0x00007ffb4f940000 - 0x00007ffb4f94c000 	C:\WINDOWS\SYSTEM32\CRYPTBASE.dll
0x00007ffb41e00000 - 0x00007ffb41e17000 	C:\WINDOWS\SYSTEM32\dhcpcsvc6.DLL
0x00007ffb421d0000 - 0x00007ffb421ed000 	C:\WINDOWS\SYSTEM32\dhcpcsvc.DLL

dbghelp: loaded successfully - version: 4.0.5 - missing functions: none
symbol engine: initialized successfully - sym options: 0x614 - pdb path: .;C:\Program Files\Eclipse Foundation\jdk-11.0.12.7-hotspot\bin;C:\WINDOWS\SYSTEM32;C:\WINDOWS\WinSxS\amd64_microsoft.windows.common-controls_6595b64144ccf1df_6.0.19041.1_none_b555e41d4684ddec;C:\Program Files\Eclipse Foundation\jdk-11.0.12.7-hotspot\bin\server

VM Arguments:
jvm_args: -Dcom.sun.management.jmxremote -Dcom.sun.management.jmxremote.port=62881 -Dcom.sun.management.jmxremote.authenticate=false -Dcom.sun.management.jmxremote.ssl=false -Djava.rmi.server.hostname=localhost -Dspring.application.admin.enabled=true -Dspring.jmx.enabled=true -Dfile.encoding=UTF-8 
java_command: co.usa.alquilercomputadores.alquilercomputadores.AlquilercomputadoresApplication
java_class_path (initial): C:\Users\User\Documents\sem2\Demo2\alquilercomputadores\target\classes;C:\Users\User\.m2\repository\org\springframework\boot\spring-boot-starter-data-jpa\2.5.6-SNAPSHOT\spring-boot-starter-data-jpa-2.5.6-SNAPSHOT.jar;C:\Users\User\.m2\repository\org\springframework\boot\spring-boot-starter-aop\2.5.6-SNAPSHOT\spring-boot-starter-aop-2.5.6-SNAPSHOT.jar;C:\Users\User\.m2\repository\org\springframework\spring-aop\5.3.11-SNAPSHOT\spring-aop-5.3.11-SNAPSHOT.jar;C:\Users\User\.m2\repository\org\aspectj\aspectjweaver\1.9.7\aspectjweaver-1.9.7.jar;C:\Users\User\.m2\repository\org\springframework\boot\spring-boot-starter-jdbc\2.5.6-SNAPSHOT\spring-boot-starter-jdbc-2.5.6-SNAPSHOT.jar;C:\Users\User\.m2\repository\com\zaxxer\HikariCP\4.0.3\HikariCP-4.0.3.jar;C:\Users\User\.m2\repository\org\springframework\spring-jdbc\5.3.11-SNAPSHOT\spring-jdbc-5.3.11-SNAPSHOT.jar;C:\Users\User\.m2\repository\jakarta\transaction\jakarta.transaction-api\1.3.3\jakarta.transaction-api-1.3.3.jar;C:\Users\User\.m2\repository\jakarta\persistence\jakarta.persistence-api\2.2.3\jakarta.persistence-api-2.2.3.jar;C:\Users\User\.m2\repository\org\hibernate\hibernate-core\5.4.32.Final\hibernate-core-5.4.32.Final.jar;C:\Users\User\.m2\repository\org\jboss\logging\jboss-logging\3.4.2.Final\jboss-logging-3.4.2.Final.jar;C:\Users\User\.m2\repository\org\javassist\javassist\3.27.0-GA\javassist-3.27.0-GA.jar;C:\Users\User\.m2\repository\net\bytebuddy\byte-buddy\1.10.22\byte-buddy-1.10.22.jar;C:\Users\User\.m2\repository\antlr\antlr\2.7.7\antlr-2.7.7.jar;C:\Users\User\.m2\repository\org\jboss\jandex\2.2.3.Final\jandex-2.2.3.Final.jar;C:\Users\User\.m2\repository\com\fasterxml\classmate\1.5.1\classmate-1.5.1.jar;C:\Users\User\.m2\repository\org\dom4j\dom4j\2.1.3\dom4j-2.1.3.jar;C:\Users\User\.m2\repository\org\hibernate\common\hibernate-commons-annotations\5.1.2.Final\hibernate-commons-annotations-5.1.2.Final.jar;C:\Users\User\.m2\repository\org\glassfish\jaxb\jaxb-runtime\2.3.5\jaxb-r
Launcher Type: SUN_STANDARD

[Global flags]
     intx CICompilerCount                          = 3                                         {product} {ergonomic}
     uint ConcGCThreads                            = 1                                         {product} {ergonomic}
     uint G1ConcRefinementThreads                  = 4                                         {product} {ergonomic}
   size_t G1HeapRegionSize                         = 1048576                                   {product} {ergonomic}
    uintx GCDrainStackTargetSize                   = 64                                        {product} {ergonomic}
   size_t InitialHeapSize                          = 134217728                                 {product} {ergonomic}
     bool ManagementServer                         = true                                      {product} {command line}
   size_t MarkStackSize                            = 4194304                                   {product} {ergonomic}
   size_t MaxHeapSize                              = 2118123520                                {product} {ergonomic}
   size_t MaxNewSize                               = 1270874112                                {product} {ergonomic}
   size_t MinHeapDeltaBytes                        = 1048576                                   {product} {ergonomic}
    uintx NonNMethodCodeHeapSize                   = 5830732                                {pd product} {ergonomic}
    uintx NonProfiledCodeHeapSize                  = 122913754                              {pd product} {ergonomic}
    uintx ProfiledCodeHeapSize                     = 122913754                              {pd product} {ergonomic}
    uintx ReservedCodeCacheSize                    = 251658240                              {pd product} {ergonomic}
     bool SegmentedCodeCache                       = true                                      {product} {ergonomic}
     bool UseCompressedClassPointers               = true                                 {lp64_product} {ergonomic}
     bool UseCompressedOops                        = true                                 {lp64_product} {ergonomic}
     bool UseG1GC                                  = true                                      {product} {ergonomic}
     bool UseLargePagesIndividualAllocation        = false                                  {pd product} {ergonomic}

Logging:
Log output configuration:
 #0: stdout all=warning uptime,level,tags
 #1: stderr all=off uptime,level,tags

Environment Variables:
JAVA_HOME=C:\Program Files\Eclipse Foundation\jdk-11.0.12.7-hotspot
PATH=C:\Program Files\Eclipse Foundation\jdk-11.0.12.7-hotspot\bin;C:\ProgramData\Oracle\Java\javapath;C:\Program Files\Rockwell Software\RSCommon;C:\Program Files\ImageMagick-7.0.10-Q16-HDRI;C:\Program Files (x86)\Intel\TXE Components\TCS\;C:\Program Files\Intel\TXE Components\TCS\;C:\Windows\system32;C:\Windows;C:\Windows\System32\Wbem;C:\Windows\System32\WindowsPowerShell\v1.0\;C:\Program Files (x86)\NVIDIA Corporation\PhysX\Common;C:\Program Files\Microsoft SQL Server\130\Tools\Binn\;C:\Program Files\dotnet\;C:\Program Files\MiKTeX 2.9\miktex\bin\x64\;C:\WINDOWS\system32;C:\WINDOWS;C:\WINDOWS\System32\Wbem;C:\WINDOWS\System32\WindowsPowerShell\v1.0\;C:\WINDOWS\System32\OpenSSH\;C:\Program Files\MATLAB\R2018a\runtime\win64;C:\Program Files\MATLAB\R2018a\bin;C:\Program Files\nodejs\;C:\ProgramData\chocolatey\bin;C:\Program Files\Microsoft SQL Server\Client SDK\ODBC\130\Tools\Binn\;C:\Program Files (x86)\Microsoft SQL Server\140\Tools\Binn\;C:\Program Files\Microsoft SQL Server\140\Tools\Binn\;C:\Program Files\Microsoft SQL Server\140\DTS\Binn\;C:\Program Files (x86)\Microsoft SQL Server\150\DTS\Binn\;C:\Program Files\Git\cmd;C:\apache-maven-3.8.3\bin;C:\Program Files\Eclipse Foundation\jdk-11.0.12.7-hotspot\bin;C:\Program Files\MySQL\MySQL Shell 8.0\bin\;C:\Users\User\AppData\Local\Microsoft\WindowsApps;C:\Users\User\AppData\Local\atom\bin;C:\Users\User\AppData\Roaming\npm;C:\Users\User\AppData\Local\Microsoft\WindowsApps;C:\Users\User\AppData\Local\Programs\Microsoft VS Code\bin;C:\Program Files\Python36;C:\Program Files\Python36\Scripts;
USERNAME=User
OS=Windows_NT
PROCESSOR_IDENTIFIER=Intel64 Family 6 Model 142 Stepping 9, GenuineIntel



---------------  S Y S T E M  ---------------

OS: Windows 10 , 64 bit Build 19041 (10.0.19041.1)
OS uptime: 7 days 2:15 hours

CPU:total 4 (initial active 4) (2 cores per cpu, 2 threads per core) family 6 model 142 stepping 9 microcode 0xb4, cmov, cx8, fxsr, mmx, sse, sse2, sse3, ssse3, sse4.1, sse4.2, popcnt, avx, avx2, aes, clmul, erms, 3dnowpref, lzcnt, ht, tsc, tscinvbit, bmi1, bmi2, adx, fma

Memory: 4k page, system-wide physical 8073M (1433M free)
TotalPageFile size 8073M (AvailPageFile size 264M)
current process WorkingSet (physical memory assigned to process): 273M, peak: 302M
current process commit charge ("private bytes"): 363M, peak: 376M

vm_info: OpenJDK 64-Bit Server VM (11.0.12+7) for windows-amd64 JRE (11.0.12+7), built on Jul 21 2021 16:23:49 by "" with unknown MS VC++:1916

END.
