#
# There is insufficient memory for the Java Runtime Environment to continue.
# Native memory allocation (malloc) failed to allocate 546896 bytes for Chunk::new
# Possible reasons:
#   The system is out of physical RAM or swap space
#   The process is running with CompressedOops enabled, and the Java Heap may be blocking the growth of the native heap
# Possible solutions:
#   Reduce memory load on the system
#   Increase physical memory or swap space
#   Check if swap backing store is full
#   Decrease Java heap size (-Xmx/-Xms)
#   Decrease number of Java threads
#   Decrease Java thread stack sizes (-Xss)
#   Set larger code cache with -XX:ReservedCodeCacheSize=
#   JVM is running with Unscaled Compressed Oops mode in which the Java heap is
#     placed in the first 4GB address space. The Java Heap base address is the
#     maximum limit for the native heap growth. Please use -XX:HeapBaseMinAddress
#     to set the Java Heap base and to place the Java Heap above 4GB virtual address.
# This output file may be truncated or incomplete.
#
#  Out of Memory Error (./src/hotspot/share/memory/arena.cpp:197), pid=11700, tid=6916
#
# JRE version: OpenJDK Runtime Environment Temurin-11.0.12+7 (11.0.12+7) (build 11.0.12+7)
# Java VM: OpenJDK 64-Bit Server VM Temurin-11.0.12+7 (11.0.12+7, mixed mode, tiered, compressed oops, g1 gc, windows-amd64)
# No core dump will be written. Minidumps are not enabled by default on client versions of Windows
#

---------------  S U M M A R Y ------------

Command Line: -Dcom.sun.management.jmxremote -Dcom.sun.management.jmxremote.port=57929 -Dcom.sun.management.jmxremote.authenticate=false -Dcom.sun.management.jmxremote.ssl=false -Djava.rmi.server.hostname=localhost -Dspring.application.admin.enabled=true -Dspring.jmx.enabled=true -Dfile.encoding=UTF-8 co.usa.alquilercomputadores.alquilercomputadores.AlquilercomputadoresApplication

Host: Intel(R) Core(TM) i5-7200U CPU @ 2.50GHz, 4 cores, 7G,  Windows 10 , 64 bit Build 19041 (10.0.19041.1)
Time: Sat Oct 16 21:54:30 2021 Hora est. Pacífico, Sudamérica elapsed time: 5.285928 seconds (0d 0h 0m 5s)

---------------  T H R E A D  ---------------

Current thread (0x000001a3a28d2000):  JavaThread "C2 CompilerThread1" daemon [_thread_in_native, id=6916, stack(0x0000007cb3900000,0x0000007cb3a00000)]


Current CompileTask:
C2:   5286 2327       4       jdk.internal.module.SystemModuleFinders$SystemModuleReader::findImageLocation (42 bytes)

Stack: [0x0000007cb3900000,0x0000007cb3a00000]
Native frames: (J=compiled Java code, j=interpreted, Vv=VM code, C=native code)
V  [jvm.dll+0x601d0a]
V  [jvm.dll+0x78ab6e]
V  [jvm.dll+0x78c23f]
V  [jvm.dll+0x78c903]
V  [jvm.dll+0x24be68]
V  [jvm.dll+0xc219c]
V  [jvm.dll+0xc275c]
V  [jvm.dll+0x354857]
V  [jvm.dll+0x321f63]
V  [jvm.dll+0x32129a]
V  [jvm.dll+0x205515]
V  [jvm.dll+0x2046fd]
V  [jvm.dll+0x1898fc]
V  [jvm.dll+0x213d67]
V  [jvm.dll+0x211f2b]
V  [jvm.dll+0x74ec19]
V  [jvm.dll+0x747c84]
V  [jvm.dll+0x600ba6]
C  [ucrtbase.dll+0x21542]
C  [KERNEL32.DLL+0x16fd4]
C  [ntdll.dll+0x4cf31]


---------------  P R O C E S S  ---------------

Threads class SMR info:
_java_thread_list=0x000001a3a3213340, length=14, elements={
0x000001a382af6000, 0x000001a3a1230800, 0x000001a3a1232000, 0x000001a3a1bd2800,
0x000001a3a124b000, 0x000001a3a124d000, 0x000001a3a1250800, 0x000001a3a126e800,
0x000001a3a1c1a800, 0x000001a3a1d2b800, 0x000001a3a239e800, 0x000001a3a2638800,
0x000001a3a28d5000, 0x000001a3a28d2000
}

Java Threads: ( => current thread )
  0x000001a382af6000 JavaThread "main" [_thread_in_vm, id=1044, stack(0x0000007cb2500000,0x0000007cb2600000)]
  0x000001a3a1230800 JavaThread "Reference Handler" daemon [_thread_blocked, id=6536, stack(0x0000007cb2c00000,0x0000007cb2d00000)]
  0x000001a3a1232000 JavaThread "Finalizer" daemon [_thread_blocked, id=6308, stack(0x0000007cb2d00000,0x0000007cb2e00000)]
  0x000001a3a1bd2800 JavaThread "Signal Dispatcher" daemon [_thread_blocked, id=14192, stack(0x0000007cb2e00000,0x0000007cb2f00000)]
  0x000001a3a124b000 JavaThread "Attach Listener" daemon [_thread_blocked, id=536, stack(0x0000007cb2f00000,0x0000007cb3000000)]
  0x000001a3a124d000 JavaThread "Service Thread" daemon [_thread_blocked, id=1332, stack(0x0000007cb3000000,0x0000007cb3100000)]
  0x000001a3a1250800 JavaThread "C2 CompilerThread0" daemon [_thread_in_native, id=7520, stack(0x0000007cb3100000,0x0000007cb3200000)]
  0x000001a3a126e800 JavaThread "C1 CompilerThread0" daemon [_thread_blocked, id=14256, stack(0x0000007cb3200000,0x0000007cb3300000)]
  0x000001a3a1c1a800 JavaThread "Sweeper thread" daemon [_thread_blocked, id=3784, stack(0x0000007cb3300000,0x0000007cb3400000)]
  0x000001a3a1d2b800 JavaThread "Common-Cleaner" daemon [_thread_blocked, id=256, stack(0x0000007cb3400000,0x0000007cb3500000)]
  0x000001a3a239e800 JavaThread "RMI TCP Accept-0" daemon [_thread_in_native, id=13912, stack(0x0000007cb3500000,0x0000007cb3600000)]
  0x000001a3a2638800 JavaThread "RMI TCP Accept-57929" daemon [_thread_in_native, id=5916, stack(0x0000007cb3600000,0x0000007cb3700000)]
  0x000001a3a28d5000 JavaThread "RMI TCP Accept-0" daemon [_thread_in_native, id=8604, stack(0x0000007cb3700000,0x0000007cb3800000)]
=>0x000001a3a28d2000 JavaThread "C2 CompilerThread1" daemon [_thread_in_native, id=6916, stack(0x0000007cb3900000,0x0000007cb3a00000)]

Other Threads:
  0x000001a3a122e800 VMThread "VM Thread" [stack: 0x0000007cb2b00000,0x0000007cb2c00000] [id=9160]
  0x000001a3a28c0000 WatcherThread [stack: 0x0000007cb3800000,0x0000007cb3900000] [id=9072]
  0x000001a382b10800 GCTaskThread "GC Thread#0" [stack: 0x0000007cb2600000,0x0000007cb2700000] [id=9224]
  0x000001a3a24e4800 GCTaskThread "GC Thread#1" [stack: 0x0000007cb3a00000,0x0000007cb3b00000] [id=9772]
  0x000001a3a24e5000 GCTaskThread "GC Thread#2" [stack: 0x0000007cb3b00000,0x0000007cb3c00000] [id=15196]
  0x000001a3a24e6800 GCTaskThread "GC Thread#3" [stack: 0x0000007cb3d00000,0x0000007cb3e00000] [id=372]
  0x000001a382b41800 ConcurrentGCThread "G1 Main Marker" [stack: 0x0000007cb2700000,0x0000007cb2800000] [id=15344]
  0x000001a382b45000 ConcurrentGCThread "G1 Conc#0" [stack: 0x0000007cb2800000,0x0000007cb2900000] [id=8696]
  0x000001a382bc2800 ConcurrentGCThread "G1 Refine#0" [stack: 0x0000007cb2900000,0x0000007cb2a00000] [id=5280]
  0x000001a382bc3800 ConcurrentGCThread "G1 Young RemSet Sampling" [stack: 0x0000007cb2a00000,0x0000007cb2b00000] [id=10972]

Threads with active compile tasks:
C2 CompilerThread0   5718 2328  s    4       jdk.internal.jimage.BasicImageReader::findLocation (115 bytes)
C2 CompilerThread1   5718 2327       4       jdk.internal.module.SystemModuleFinders$SystemModuleReader::findImageLocation (42 bytes)

VM state:not at safepoint (normal execution)

VM Mutex/Monitor currently owned by a thread: None

Heap address: 0x0000000081c00000, size: 2020 MB, Compressed Oops mode: 32-bit
Narrow klass base: 0x0000000000000000, Narrow klass shift: 3
Compressed class space size: 1073741824 Address: 0x0000000100000000

Heap:
 garbage-first heap   total 131072K, used 70384K [0x0000000081c00000, 0x0000000100000000)
  region size 1024K, 65 young (66560K), 4 survivors (4096K)
 Metaspace       used 29557K, capacity 30397K, committed 30592K, reserved 1077248K
  class space    used 3350K, capacity 3688K, committed 3712K, reserved 1048576K
Heap Regions: E=young(eden), S=young(survivor), O=old, HS=humongous(starts), HC=humongous(continues), CS=collection set, F=free, A=archive, TAMS=top-at-mark-start (previous, next)
|   0|0x0000000081c00000, 0x0000000081d00000, 0x0000000081d00000|100%|HS|  |TAMS 0x0000000081d00000, 0x0000000081c00000| Complete 
|   1|0x0000000081d00000, 0x0000000081e00000, 0x0000000081e00000|100%| O|  |TAMS 0x0000000081e00000, 0x0000000081d00000| Untracked 
|   2|0x0000000081e00000, 0x0000000081f00000, 0x0000000081f00000|100%| O|  |TAMS 0x0000000081f00000, 0x0000000081e00000| Untracked 
|   3|0x0000000081f00000, 0x0000000082000000, 0x0000000082000000|100%| O|  |TAMS 0x0000000082000000, 0x0000000081f00000| Untracked 
|   4|0x0000000082000000, 0x0000000082100000, 0x0000000082100000|100%| O|  |TAMS 0x0000000082100000, 0x0000000082000000| Untracked 
|   5|0x0000000082100000, 0x00000000821fcc00, 0x0000000082200000| 98%| O|  |TAMS 0x00000000821fcc00, 0x0000000082100000| Untracked 
|   6|0x0000000082200000, 0x0000000082200000, 0x0000000082300000|  0%| F|  |TAMS 0x0000000082200000, 0x0000000082200000| Untracked 
|   7|0x0000000082300000, 0x0000000082300000, 0x0000000082400000|  0%| F|  |TAMS 0x0000000082300000, 0x0000000082300000| Untracked 
|   8|0x0000000082400000, 0x0000000082400000, 0x0000000082500000|  0%| F|  |TAMS 0x0000000082400000, 0x0000000082400000| Untracked 
|   9|0x0000000082500000, 0x0000000082500000, 0x0000000082600000|  0%| F|  |TAMS 0x0000000082500000, 0x0000000082500000| Untracked 
|  10|0x0000000082600000, 0x0000000082600000, 0x0000000082700000|  0%| F|  |TAMS 0x0000000082600000, 0x0000000082600000| Untracked 
|  11|0x0000000082700000, 0x0000000082700000, 0x0000000082800000|  0%| F|  |TAMS 0x0000000082700000, 0x0000000082700000| Untracked 
|  12|0x0000000082800000, 0x0000000082800000, 0x0000000082900000|  0%| F|  |TAMS 0x0000000082800000, 0x0000000082800000| Untracked 
|  13|0x0000000082900000, 0x0000000082900000, 0x0000000082a00000|  0%| F|  |TAMS 0x0000000082900000, 0x0000000082900000| Untracked 
|  14|0x0000000082a00000, 0x0000000082a00000, 0x0000000082b00000|  0%| F|  |TAMS 0x0000000082a00000, 0x0000000082a00000| Untracked 
|  15|0x0000000082b00000, 0x0000000082b00000, 0x0000000082c00000|  0%| F|  |TAMS 0x0000000082b00000, 0x0000000082b00000| Untracked 
|  16|0x0000000082c00000, 0x0000000082c00000, 0x0000000082d00000|  0%| F|  |TAMS 0x0000000082c00000, 0x0000000082c00000| Untracked 
|  17|0x0000000082d00000, 0x0000000082d00000, 0x0000000082e00000|  0%| F|  |TAMS 0x0000000082d00000, 0x0000000082d00000| Untracked 
|  18|0x0000000082e00000, 0x0000000082e00000, 0x0000000082f00000|  0%| F|  |TAMS 0x0000000082e00000, 0x0000000082e00000| Untracked 
|  19|0x0000000082f00000, 0x0000000082f00000, 0x0000000083000000|  0%| F|  |TAMS 0x0000000082f00000, 0x0000000082f00000| Untracked 
|  20|0x0000000083000000, 0x0000000083000000, 0x0000000083100000|  0%| F|  |TAMS 0x0000000083000000, 0x0000000083000000| Untracked 
|  21|0x0000000083100000, 0x0000000083100000, 0x0000000083200000|  0%| F|  |TAMS 0x0000000083100000, 0x0000000083100000| Untracked 
|  22|0x0000000083200000, 0x0000000083200000, 0x0000000083300000|  0%| F|  |TAMS 0x0000000083200000, 0x0000000083200000| Untracked 
|  23|0x0000000083300000, 0x0000000083300000, 0x0000000083400000|  0%| F|  |TAMS 0x0000000083300000, 0x0000000083300000| Untracked 
|  24|0x0000000083400000, 0x0000000083400000, 0x0000000083500000|  0%| F|  |TAMS 0x0000000083400000, 0x0000000083400000| Untracked 
|  25|0x0000000083500000, 0x0000000083500000, 0x0000000083600000|  0%| F|  |TAMS 0x0000000083500000, 0x0000000083500000| Untracked 
|  26|0x0000000083600000, 0x0000000083600000, 0x0000000083700000|  0%| F|  |TAMS 0x0000000083600000, 0x0000000083600000| Untracked 
|  27|0x0000000083700000, 0x0000000083700000, 0x0000000083800000|  0%| F|  |TAMS 0x0000000083700000, 0x0000000083700000| Untracked 
|  28|0x0000000083800000, 0x0000000083800000, 0x0000000083900000|  0%| F|  |TAMS 0x0000000083800000, 0x0000000083800000| Untracked 
|  29|0x0000000083900000, 0x0000000083900000, 0x0000000083a00000|  0%| F|  |TAMS 0x0000000083900000, 0x0000000083900000| Untracked 
|  30|0x0000000083a00000, 0x0000000083a00000, 0x0000000083b00000|  0%| F|  |TAMS 0x0000000083a00000, 0x0000000083a00000| Untracked 
|  31|0x0000000083b00000, 0x0000000083b00000, 0x0000000083c00000|  0%| F|  |TAMS 0x0000000083b00000, 0x0000000083b00000| Untracked 
|  32|0x0000000083c00000, 0x0000000083c00000, 0x0000000083d00000|  0%| F|  |TAMS 0x0000000083c00000, 0x0000000083c00000| Untracked 
|  33|0x0000000083d00000, 0x0000000083d00000, 0x0000000083e00000|  0%| F|  |TAMS 0x0000000083d00000, 0x0000000083d00000| Untracked 
|  34|0x0000000083e00000, 0x0000000083e00000, 0x0000000083f00000|  0%| F|  |TAMS 0x0000000083e00000, 0x0000000083e00000| Untracked 
|  35|0x0000000083f00000, 0x0000000083f00000, 0x0000000084000000|  0%| F|  |TAMS 0x0000000083f00000, 0x0000000083f00000| Untracked 
|  36|0x0000000084000000, 0x0000000084000000, 0x0000000084100000|  0%| F|  |TAMS 0x0000000084000000, 0x0000000084000000| Untracked 
|  37|0x0000000084100000, 0x0000000084100000, 0x0000000084200000|  0%| F|  |TAMS 0x0000000084100000, 0x0000000084100000| Untracked 
|  38|0x0000000084200000, 0x0000000084200000, 0x0000000084300000|  0%| F|  |TAMS 0x0000000084200000, 0x0000000084200000| Untracked 
|  39|0x0000000084300000, 0x0000000084300000, 0x0000000084400000|  0%| F|  |TAMS 0x0000000084300000, 0x0000000084300000| Untracked 
|  40|0x0000000084400000, 0x0000000084400000, 0x0000000084500000|  0%| F|  |TAMS 0x0000000084400000, 0x0000000084400000| Untracked 
|  41|0x0000000084500000, 0x0000000084500000, 0x0000000084600000|  0%| F|  |TAMS 0x0000000084500000, 0x0000000084500000| Untracked 
|  42|0x0000000084600000, 0x0000000084600000, 0x0000000084700000|  0%| F|  |TAMS 0x0000000084600000, 0x0000000084600000| Untracked 
|  43|0x0000000084700000, 0x0000000084700000, 0x0000000084800000|  0%| F|  |TAMS 0x0000000084700000, 0x0000000084700000| Untracked 
|  44|0x0000000084800000, 0x0000000084800000, 0x0000000084900000|  0%| F|  |TAMS 0x0000000084800000, 0x0000000084800000| Untracked 
|  45|0x0000000084900000, 0x0000000084900000, 0x0000000084a00000|  0%| F|  |TAMS 0x0000000084900000, 0x0000000084900000| Untracked 
|  46|0x0000000084a00000, 0x0000000084a00000, 0x0000000084b00000|  0%| F|  |TAMS 0x0000000084a00000, 0x0000000084a00000| Untracked 
|  47|0x0000000084b00000, 0x0000000084b00000, 0x0000000084c00000|  0%| F|  |TAMS 0x0000000084b00000, 0x0000000084b00000| Untracked 
|  48|0x0000000084c00000, 0x0000000084c00000, 0x0000000084d00000|  0%| F|  |TAMS 0x0000000084c00000, 0x0000000084c00000| Untracked 
|  49|0x0000000084d00000, 0x0000000084d00000, 0x0000000084e00000|  0%| F|  |TAMS 0x0000000084d00000, 0x0000000084d00000| Untracked 
|  50|0x0000000084e00000, 0x0000000084e00000, 0x0000000084f00000|  0%| F|  |TAMS 0x0000000084e00000, 0x0000000084e00000| Untracked 
|  51|0x0000000084f00000, 0x0000000084f00000, 0x0000000085000000|  0%| F|  |TAMS 0x0000000084f00000, 0x0000000084f00000| Untracked 
|  52|0x0000000085000000, 0x0000000085000000, 0x0000000085100000|  0%| F|  |TAMS 0x0000000085000000, 0x0000000085000000| Untracked 
|  53|0x0000000085100000, 0x0000000085100000, 0x0000000085200000|  0%| F|  |TAMS 0x0000000085100000, 0x0000000085100000| Untracked 
|  54|0x0000000085200000, 0x0000000085200000, 0x0000000085300000|  0%| F|  |TAMS 0x0000000085200000, 0x0000000085200000| Untracked 
|  55|0x0000000085300000, 0x0000000085300000, 0x0000000085400000|  0%| F|  |TAMS 0x0000000085300000, 0x0000000085300000| Untracked 
|  56|0x0000000085400000, 0x0000000085400000, 0x0000000085500000|  0%| F|  |TAMS 0x0000000085400000, 0x0000000085400000| Untracked 
|  57|0x0000000085500000, 0x0000000085500000, 0x0000000085600000|  0%| F|  |TAMS 0x0000000085500000, 0x0000000085500000| Untracked 
|  58|0x0000000085600000, 0x0000000085600000, 0x0000000085700000|  0%| F|  |TAMS 0x0000000085600000, 0x0000000085600000| Untracked 
|  59|0x0000000085700000, 0x0000000085700000, 0x0000000085800000|  0%| F|  |TAMS 0x0000000085700000, 0x0000000085700000| Untracked 
|  60|0x0000000085800000, 0x0000000085800000, 0x0000000085900000|  0%| F|  |TAMS 0x0000000085800000, 0x0000000085800000| Untracked 
|  61|0x0000000085900000, 0x0000000085900000, 0x0000000085a00000|  0%| F|  |TAMS 0x0000000085900000, 0x0000000085900000| Untracked 
|  62|0x0000000085a00000, 0x0000000085a00000, 0x0000000085b00000|  0%| F|  |TAMS 0x0000000085a00000, 0x0000000085a00000| Untracked 
|  63|0x0000000085b00000, 0x0000000085b80800, 0x0000000085c00000| 50%| E|  |TAMS 0x0000000085b00000, 0x0000000085b00000| Complete 
|  64|0x0000000085c00000, 0x0000000085d00000, 0x0000000085d00000|100%| E|CS|TAMS 0x0000000085c00000, 0x0000000085c00000| Complete 
|  65|0x0000000085d00000, 0x0000000085e00000, 0x0000000085e00000|100%| E|CS|TAMS 0x0000000085d00000, 0x0000000085d00000| Complete 
|  66|0x0000000085e00000, 0x0000000085f00000, 0x0000000085f00000|100%| E|CS|TAMS 0x0000000085e00000, 0x0000000085e00000| Complete 
|  67|0x0000000085f00000, 0x0000000086000000, 0x0000000086000000|100%| E|CS|TAMS 0x0000000085f00000, 0x0000000085f00000| Complete 
|  68|0x0000000086000000, 0x0000000086100000, 0x0000000086100000|100%| E|CS|TAMS 0x0000000086000000, 0x0000000086000000| Complete 
|  69|0x0000000086100000, 0x0000000086200000, 0x0000000086200000|100%| E|CS|TAMS 0x0000000086100000, 0x0000000086100000| Complete 
|  70|0x0000000086200000, 0x0000000086300000, 0x0000000086300000|100%| E|CS|TAMS 0x0000000086200000, 0x0000000086200000| Complete 
|  71|0x0000000086300000, 0x0000000086400000, 0x0000000086400000|100%| E|CS|TAMS 0x0000000086300000, 0x0000000086300000| Complete 
|  72|0x0000000086400000, 0x0000000086500000, 0x0000000086500000|100%| E|CS|TAMS 0x0000000086400000, 0x0000000086400000| Complete 
|  73|0x0000000086500000, 0x0000000086600000, 0x0000000086600000|100%| E|CS|TAMS 0x0000000086500000, 0x0000000086500000| Complete 
|  74|0x0000000086600000, 0x0000000086700000, 0x0000000086700000|100%| E|CS|TAMS 0x0000000086600000, 0x0000000086600000| Complete 
|  75|0x0000000086700000, 0x0000000086800000, 0x0000000086800000|100%| E|CS|TAMS 0x0000000086700000, 0x0000000086700000| Complete 
|  76|0x0000000086800000, 0x0000000086900000, 0x0000000086900000|100%| E|CS|TAMS 0x0000000086800000, 0x0000000086800000| Complete 
|  77|0x0000000086900000, 0x00000000869bf418, 0x0000000086a00000| 74%| S|CS|TAMS 0x0000000086900000, 0x0000000086900000| Complete 
|  78|0x0000000086a00000, 0x0000000086b00000, 0x0000000086b00000|100%| S|CS|TAMS 0x0000000086a00000, 0x0000000086a00000| Complete 
|  79|0x0000000086b00000, 0x0000000086c00000, 0x0000000086c00000|100%| S|CS|TAMS 0x0000000086b00000, 0x0000000086b00000| Complete 
|  80|0x0000000086c00000, 0x0000000086d00000, 0x0000000086d00000|100%| S|CS|TAMS 0x0000000086c00000, 0x0000000086c00000| Complete 
|  81|0x0000000086d00000, 0x0000000086e00000, 0x0000000086e00000|100%| E|CS|TAMS 0x0000000086d00000, 0x0000000086d00000| Complete 
|  82|0x0000000086e00000, 0x0000000086f00000, 0x0000000086f00000|100%| E|CS|TAMS 0x0000000086e00000, 0x0000000086e00000| Complete 
|  83|0x0000000086f00000, 0x0000000087000000, 0x0000000087000000|100%| E|CS|TAMS 0x0000000086f00000, 0x0000000086f00000| Complete 
|  84|0x0000000087000000, 0x0000000087100000, 0x0000000087100000|100%| E|CS|TAMS 0x0000000087000000, 0x0000000087000000| Complete 
|  85|0x0000000087100000, 0x0000000087200000, 0x0000000087200000|100%| E|CS|TAMS 0x0000000087100000, 0x0000000087100000| Complete 
|  86|0x0000000087200000, 0x0000000087300000, 0x0000000087300000|100%| E|CS|TAMS 0x0000000087200000, 0x0000000087200000| Complete 
|  87|0x0000000087300000, 0x0000000087400000, 0x0000000087400000|100%| E|CS|TAMS 0x0000000087300000, 0x0000000087300000| Complete 
|  88|0x0000000087400000, 0x0000000087500000, 0x0000000087500000|100%| E|CS|TAMS 0x0000000087400000, 0x0000000087400000| Complete 
|  89|0x0000000087500000, 0x0000000087600000, 0x0000000087600000|100%| E|CS|TAMS 0x0000000087500000, 0x0000000087500000| Complete 
|  90|0x0000000087600000, 0x0000000087700000, 0x0000000087700000|100%| E|CS|TAMS 0x0000000087600000, 0x0000000087600000| Complete 
|  91|0x0000000087700000, 0x0000000087800000, 0x0000000087800000|100%| E|CS|TAMS 0x0000000087700000, 0x0000000087700000| Complete 
|  92|0x0000000087800000, 0x0000000087900000, 0x0000000087900000|100%| E|CS|TAMS 0x0000000087800000, 0x0000000087800000| Complete 
|  93|0x0000000087900000, 0x0000000087a00000, 0x0000000087a00000|100%| E|CS|TAMS 0x0000000087900000, 0x0000000087900000| Complete 
|  94|0x0000000087a00000, 0x0000000087b00000, 0x0000000087b00000|100%| E|CS|TAMS 0x0000000087a00000, 0x0000000087a00000| Complete 
|  95|0x0000000087b00000, 0x0000000087c00000, 0x0000000087c00000|100%| E|CS|TAMS 0x0000000087b00000, 0x0000000087b00000| Complete 
|  96|0x0000000087c00000, 0x0000000087d00000, 0x0000000087d00000|100%| E|CS|TAMS 0x0000000087c00000, 0x0000000087c00000| Complete 
|  97|0x0000000087d00000, 0x0000000087e00000, 0x0000000087e00000|100%| E|CS|TAMS 0x0000000087d00000, 0x0000000087d00000| Complete 
|  98|0x0000000087e00000, 0x0000000087f00000, 0x0000000087f00000|100%| E|CS|TAMS 0x0000000087e00000, 0x0000000087e00000| Complete 
|  99|0x0000000087f00000, 0x0000000088000000, 0x0000000088000000|100%| E|CS|TAMS 0x0000000087f00000, 0x0000000087f00000| Complete 
| 100|0x0000000088000000, 0x0000000088100000, 0x0000000088100000|100%| E|CS|TAMS 0x0000000088000000, 0x0000000088000000| Complete 
| 101|0x0000000088100000, 0x0000000088200000, 0x0000000088200000|100%| E|CS|TAMS 0x0000000088100000, 0x0000000088100000| Complete 
| 102|0x0000000088200000, 0x0000000088300000, 0x0000000088300000|100%| E|  |TAMS 0x0000000088200000, 0x0000000088200000| Complete 
| 103|0x0000000088300000, 0x0000000088400000, 0x0000000088400000|100%| E|CS|TAMS 0x0000000088300000, 0x0000000088300000| Complete 
| 104|0x0000000088400000, 0x0000000088500000, 0x0000000088500000|100%| E|CS|TAMS 0x0000000088400000, 0x0000000088400000| Complete 
| 105|0x0000000088500000, 0x0000000088600000, 0x0000000088600000|100%| E|CS|TAMS 0x0000000088500000, 0x0000000088500000| Complete 
| 106|0x0000000088600000, 0x0000000088700000, 0x0000000088700000|100%| E|CS|TAMS 0x0000000088600000, 0x0000000088600000| Complete 
| 107|0x0000000088700000, 0x0000000088800000, 0x0000000088800000|100%| E|CS|TAMS 0x0000000088700000, 0x0000000088700000| Complete 
| 108|0x0000000088800000, 0x0000000088900000, 0x0000000088900000|100%| E|CS|TAMS 0x0000000088800000, 0x0000000088800000| Complete 
| 109|0x0000000088900000, 0x0000000088a00000, 0x0000000088a00000|100%| E|CS|TAMS 0x0000000088900000, 0x0000000088900000| Complete 
| 110|0x0000000088a00000, 0x0000000088b00000, 0x0000000088b00000|100%| E|CS|TAMS 0x0000000088a00000, 0x0000000088a00000| Complete 
| 111|0x0000000088b00000, 0x0000000088c00000, 0x0000000088c00000|100%| E|CS|TAMS 0x0000000088b00000, 0x0000000088b00000| Complete 
| 112|0x0000000088c00000, 0x0000000088d00000, 0x0000000088d00000|100%| E|CS|TAMS 0x0000000088c00000, 0x0000000088c00000| Complete 
| 113|0x0000000088d00000, 0x0000000088e00000, 0x0000000088e00000|100%| E|CS|TAMS 0x0000000088d00000, 0x0000000088d00000| Complete 
| 114|0x0000000088e00000, 0x0000000088f00000, 0x0000000088f00000|100%| E|CS|TAMS 0x0000000088e00000, 0x0000000088e00000| Complete 
| 115|0x0000000088f00000, 0x0000000089000000, 0x0000000089000000|100%| E|CS|TAMS 0x0000000088f00000, 0x0000000088f00000| Complete 
| 116|0x0000000089000000, 0x0000000089100000, 0x0000000089100000|100%| E|CS|TAMS 0x0000000089000000, 0x0000000089000000| Complete 
| 117|0x0000000089100000, 0x0000000089200000, 0x0000000089200000|100%| E|CS|TAMS 0x0000000089100000, 0x0000000089100000| Complete 
| 118|0x0000000089200000, 0x0000000089300000, 0x0000000089300000|100%| E|CS|TAMS 0x0000000089200000, 0x0000000089200000| Complete 
| 119|0x0000000089300000, 0x0000000089400000, 0x0000000089400000|100%| E|CS|TAMS 0x0000000089300000, 0x0000000089300000| Complete 
| 120|0x0000000089400000, 0x0000000089500000, 0x0000000089500000|100%| E|CS|TAMS 0x0000000089400000, 0x0000000089400000| Complete 
| 121|0x0000000089500000, 0x0000000089600000, 0x0000000089600000|100%| E|CS|TAMS 0x0000000089500000, 0x0000000089500000| Complete 
| 122|0x0000000089600000, 0x0000000089700000, 0x0000000089700000|100%| E|CS|TAMS 0x0000000089600000, 0x0000000089600000| Complete 
| 123|0x0000000089700000, 0x0000000089800000, 0x0000000089800000|100%| E|CS|TAMS 0x0000000089700000, 0x0000000089700000| Complete 
| 124|0x0000000089800000, 0x0000000089900000, 0x0000000089900000|100%| E|CS|TAMS 0x0000000089800000, 0x0000000089800000| Complete 
| 125|0x0000000089900000, 0x0000000089a00000, 0x0000000089a00000|100%| E|CS|TAMS 0x0000000089900000, 0x0000000089900000| Complete 
| 126|0x0000000089a00000, 0x0000000089b00000, 0x0000000089b00000|100%| E|CS|TAMS 0x0000000089a00000, 0x0000000089a00000| Complete 
| 127|0x0000000089b00000, 0x0000000089c00000, 0x0000000089c00000|100%| E|CS|TAMS 0x0000000089b00000, 0x0000000089b00000| Complete 

Card table byte_map: [0x000001a39a610000,0x000001a39aa10000] _byte_map_base: 0x000001a39a202000

Marking Bits (Prev, Next): (CMBitMap*) 0x000001a382b38a00, (CMBitMap*) 0x000001a382b389c8
 Prev Bits: [0x000001a39cda0000, 0x000001a39ed30000)
 Next Bits: [0x000001a39ae10000, 0x000001a39cda0000)

Polling page: 0x000001a3822d0000

Metaspace:

Usage:
  Non-class:     26.08 MB capacity,    25.62 MB ( 98%) used,   381.50 KB (  1%) free+waste,    99.13 KB ( <1%) overhead. 
      Class:      3.60 MB capacity,     3.28 MB ( 91%) used,   285.06 KB (  8%) free+waste,    49.00 KB (  1%) overhead. 
       Both:     29.69 MB capacity,    28.89 MB ( 97%) used,   666.56 KB (  2%) free+waste,   148.13 KB ( <1%) overhead. 

Virtual space:
  Non-class space:       28.00 MB reserved,      26.25 MB ( 94%) committed 
      Class space:        1.00 GB reserved,       3.63 MB ( <1%) committed 
             Both:        1.03 GB reserved,      29.88 MB (  3%) committed 

Chunk freelists:
   Non-Class:  41.00 KB
       Class:  23.00 KB
        Both:  64.00 KB

MaxMetaspaceSize: 17179869184.00 GB
CompressedClassSpaceSize: 1.00 GB
Initial GC threshold: 20.80 MB
Current GC threshold: 35.08 MB
CDS: off

CodeHeap 'non-profiled nmethods': size=120064Kb used=1075Kb max_used=1075Kb free=118988Kb
 bounds [0x000001a392cd0000, 0x000001a392f40000, 0x000001a39a210000]
CodeHeap 'profiled nmethods': size=120000Kb used=5665Kb max_used=5665Kb free=114334Kb
 bounds [0x000001a38b7a0000, 0x000001a38bd30000, 0x000001a392cd0000]
CodeHeap 'non-nmethods': size=5696Kb used=1209Kb max_used=1245Kb free=4486Kb
 bounds [0x000001a38b210000, 0x000001a38b480000, 0x000001a38b7a0000]
 total_blobs=3183 nmethods=2710 adapters=384
 compilation: enabled
              stopped_count=0, restarted_count=0
 full_count=0

Compilation events (20 events):
Event: 5.221 Thread 0x000001a3a126e800 2516       3       org.springframework.boot.autoconfigure.AutoConfigurationMetadataLoader$PropertiesAutoConfigurationMetadata::getSet (8 bytes)
Event: 5.222 Thread 0x000001a3a126e800 nmethod 2516 0x000001a38bc95b10 code [0x000001a38bc95e00, 0x000001a38bc96b48]
Event: 5.222 Thread 0x000001a3a126e800 2517  s    3       sun.net.www.protocol.file.Handler::openConnection (7 bytes)
Event: 5.223 Thread 0x000001a3a126e800 nmethod 2517 0x000001a38bc97110 code [0x000001a38bc972e0, 0x000001a38bc975a8]
Event: 5.223 Thread 0x000001a3a126e800 2518  s!   3       sun.net.www.protocol.file.Handler::openConnection (273 bytes)
Event: 5.228 Thread 0x000001a3a126e800 nmethod 2518 0x000001a38bc97690 code [0x000001a38bc97c40, 0x000001a38bc9a628]
Event: 5.229 Thread 0x000001a3a126e800 2523       3       org.springframework.core.annotation.MergedAnnotation$Adapt::isIn (36 bytes)
Event: 5.229 Thread 0x000001a3a126e800 nmethod 2523 0x000001a38bc9b710 code [0x000001a38bc9b8c0, 0x000001a38bc9bad8]
Event: 5.229 Thread 0x000001a3a126e800 2519       3       sun.net.www.protocol.file.Handler::createFileURLConnection (10 bytes)
Event: 5.229 Thread 0x000001a3a126e800 nmethod 2519 0x000001a38bc9bc10 code [0x000001a38bc9bdc0, 0x000001a38bc9bf68]
Event: 5.229 Thread 0x000001a3a126e800 2520       3       sun.net.www.protocol.file.FileURLConnection::<init> (38 bytes)
Event: 5.230 Thread 0x000001a3a126e800 nmethod 2520 0x000001a38bc9c010 code [0x000001a38bc9c200, 0x000001a38bc9c5f8]
Event: 5.230 Thread 0x000001a3a126e800 2521       3       sun.net.www.URLConnection::<init> (22 bytes)
Event: 5.230 Thread 0x000001a3a126e800 nmethod 2521 0x000001a38bc9c790 code [0x000001a38bc9c960, 0x000001a38bc9cc58]
Event: 5.230 Thread 0x000001a3a126e800 2522       1       java.util.zip.ZipFile$ZipFileInputStream::size (5 bytes)
Event: 5.230 Thread 0x000001a3a126e800 nmethod 2522 0x000001a392dd9a10 code [0x000001a392dd9bc0, 0x000001a392dd9c78]
Event: 5.230 Thread 0x000001a3a126e800 2524       1       org.springframework.context.annotation.ConfigurationClassParser::access$1000 (5 bytes)
Event: 5.230 Thread 0x000001a3a126e800 nmethod 2524 0x000001a392dd9d10 code [0x000001a392dd9ec0, 0x000001a392dd9f58]
Event: 5.230 Thread 0x000001a3a126e800 2525       3       org.springframework.core.type.classreading.SimpleAnnotationMetadata::getInterfaceNames (11 bytes)
Event: 5.231 Thread 0x000001a3a126e800 nmethod 2525 0x000001a38bc9cd90 code [0x000001a38bc9cf60, 0x000001a38bc9d208]

GC Heap History (10 events):
Event: 1.939 GC heap before
{Heap before GC invocations=0 (full 0):
 garbage-first heap   total 131072K, used 14336K [0x0000000081c00000, 0x0000000100000000)
  region size 1024K, 14 young (14336K), 0 survivors (0K)
 Metaspace       used 12917K, capacity 13250K, committed 13440K, reserved 1060864K
  class space    used 1294K, capacity 1406K, committed 1408K, reserved 1048576K
}
Event: 1.951 GC heap after
{Heap after GC invocations=1 (full 0):
 garbage-first heap   total 131072K, used 6138K [0x0000000081c00000, 0x0000000100000000)
  region size 1024K, 2 young (2048K), 2 survivors (2048K)
 Metaspace       used 12917K, capacity 13250K, committed 13440K, reserved 1060864K
  class space    used 1294K, capacity 1406K, committed 1408K, reserved 1048576K
}
Event: 2.330 GC heap before
{Heap before GC invocations=1 (full 0):
 garbage-first heap   total 131072K, used 14330K [0x0000000081c00000, 0x0000000100000000)
  region size 1024K, 10 young (10240K), 2 survivors (2048K)
 Metaspace       used 14930K, capacity 15332K, committed 15488K, reserved 1062912K
  class space    used 1510K, capacity 1655K, committed 1664K, reserved 1048576K
}
Event: 2.336 GC heap after
{Heap after GC invocations=2 (full 0):
 garbage-first heap   total 131072K, used 7104K [0x0000000081c00000, 0x0000000100000000)
  region size 1024K, 1 young (1024K), 1 survivors (1024K)
 Metaspace       used 14930K, capacity 15332K, committed 15488K, reserved 1062912K
  class space    used 1510K, capacity 1655K, committed 1664K, reserved 1048576K
}
Event: 3.518 GC heap before
{Heap before GC invocations=2 (full 0):
 garbage-first heap   total 131072K, used 31680K [0x0000000081c00000, 0x0000000100000000)
  region size 1024K, 25 young (25600K), 1 survivors (1024K)
 Metaspace       used 19451K, capacity 20026K, committed 20352K, reserved 1067008K
  class space    used 2119K, capacity 2336K, committed 2432K, reserved 1048576K
}
Event: 3.523 GC heap after
{Heap after GC invocations=3 (full 0):
 garbage-first heap   total 131072K, used 8302K [0x0000000081c00000, 0x0000000100000000)
  region size 1024K, 3 young (3072K), 3 survivors (3072K)
 Metaspace       used 19451K, capacity 20026K, committed 20352K, reserved 1067008K
  class space    used 2119K, capacity 2336K, committed 2432K, reserved 1048576K
}
Event: 3.685 GC heap before
{Heap before GC invocations=3 (full 0):
 garbage-first heap   total 131072K, used 13422K [0x0000000081c00000, 0x0000000100000000)
  region size 1024K, 10 young (10240K), 3 survivors (3072K)
 Metaspace       used 20603K, capacity 21206K, committed 21296K, reserved 1069056K
  class space    used 2264K, capacity 2517K, committed 2560K, reserved 1048576K
}
Event: 3.690 GC heap after
{Heap after GC invocations=4 (full 0):
 garbage-first heap   total 131072K, used 8622K [0x0000000081c00000, 0x0000000100000000)
  region size 1024K, 3 young (3072K), 3 survivors (3072K)
 Metaspace       used 20603K, capacity 21206K, committed 21296K, reserved 1069056K
  class space    used 2264K, capacity 2517K, committed 2560K, reserved 1048576K
}
Event: 4.620 GC heap before
{Heap before GC invocations=5 (full 0):
 garbage-first heap   total 131072K, used 52654K [0x0000000081c00000, 0x0000000100000000)
  region size 1024K, 47 young (48128K), 3 survivors (3072K)
 Metaspace       used 26993K, capacity 27733K, committed 28032K, reserved 1073152K
  class space    used 3058K, capacity 3358K, committed 3456K, reserved 1048576K
}
Event: 4.633 GC heap after
{Heap after GC invocations=6 (full 0):
 garbage-first heap   total 131072K, used 9968K [0x0000000081c00000, 0x0000000100000000)
  region size 1024K, 4 young (4096K), 4 survivors (4096K)
 Metaspace       used 26993K, capacity 27733K, committed 28032K, reserved 1073152K
  class space    used 3058K, capacity 3358K, committed 3456K, reserved 1048576K
}

Deoptimization events (20 events):
Event: 4.915 Thread 0x000001a382af6000 Uncommon trap: trap_request=0xffffffc6 fr.pc=0x000001a392d7e618 relative=0x0000000000000a78
Event: 4.915 Thread 0x000001a382af6000 Uncommon trap: reason=bimorphic_or_optimized_type_check action=maybe_recompile pc=0x000001a392d7e618 method=java.util.HashMap.putVal(ILjava/lang/Object;Ljava/lang/Object;ZZ)Ljava/lang/Object; @ 203 c2
Event: 4.915 Thread 0x000001a382af6000 DEOPT PACKING pc=0x000001a392d7e618 sp=0x0000007cb25fe140
Event: 4.915 Thread 0x000001a382af6000 DEOPT UNPACKING pc=0x000001a38b25a1af sp=0x0000007cb25fe0e0 mode 2
Event: 4.955 Thread 0x000001a382af6000 Uncommon trap: trap_request=0xffffff4d fr.pc=0x000001a392d55430 relative=0x00000000000004b0
Event: 4.956 Thread 0x000001a382af6000 Uncommon trap: reason=unstable_if action=reinterpret pc=0x000001a392d55430 method=jdk.internal.org.objectweb.asm.MethodWriter.visitVarInsn(II)V @ 15 c2
Event: 4.956 Thread 0x000001a382af6000 DEOPT PACKING pc=0x000001a392d55430 sp=0x0000007cb25f7b50
Event: 4.956 Thread 0x000001a382af6000 DEOPT UNPACKING pc=0x000001a38b25a1af sp=0x0000007cb25f7b08 mode 2
Event: 4.968 Thread 0x000001a382af6000 Uncommon trap: trap_request=0xffffffde fr.pc=0x000001a392d264f0 relative=0x0000000000001090
Event: 4.968 Thread 0x000001a382af6000 Uncommon trap: reason=class_check action=maybe_recompile pc=0x000001a392d264f0 method=java.lang.invoke.LambdaForm$Name.replaceNames([Ljava/lang/invoke/LambdaForm$Name;[Ljava/lang/invoke/LambdaForm$Name;II)Ljava/lang/invoke/LambdaForm$Name; @ 33 c2
Event: 4.968 Thread 0x000001a382af6000 DEOPT PACKING pc=0x000001a392d264f0 sp=0x0000007cb25fc5d0
Event: 4.968 Thread 0x000001a382af6000 DEOPT UNPACKING pc=0x000001a38b25a1af sp=0x0000007cb25fc588 mode 2
Event: 4.968 Thread 0x000001a382af6000 Uncommon trap: trap_request=0xffffffde fr.pc=0x000001a392d264f0 relative=0x0000000000001090
Event: 4.968 Thread 0x000001a382af6000 Uncommon trap: reason=class_check action=maybe_recompile pc=0x000001a392d264f0 method=java.lang.invoke.LambdaForm$Name.replaceNames([Ljava/lang/invoke/LambdaForm$Name;[Ljava/lang/invoke/LambdaForm$Name;II)Ljava/lang/invoke/LambdaForm$Name; @ 33 c2
Event: 4.968 Thread 0x000001a382af6000 DEOPT PACKING pc=0x000001a392d264f0 sp=0x0000007cb25fc5d0
Event: 4.968 Thread 0x000001a382af6000 DEOPT UNPACKING pc=0x000001a38b25a1af sp=0x0000007cb25fc588 mode 2
Event: 4.981 Thread 0x000001a382af6000 Uncommon trap: trap_request=0xffffff4d fr.pc=0x000001a392d851ac relative=0x00000000000029cc
Event: 4.981 Thread 0x000001a382af6000 Uncommon trap: reason=unstable_if action=reinterpret pc=0x000001a392d851ac method=org.springframework.boot.context.properties.source.ConfigurationPropertyName$ElementsParser.add(IILorg/springframework/boot/context/properties/source/ConfigurationPropertyNa
Event: 4.981 Thread 0x000001a382af6000 DEOPT PACKING pc=0x000001a392d851ac sp=0x0000007cb25fddb0
Event: 4.982 Thread 0x000001a382af6000 DEOPT UNPACKING pc=0x000001a38b25a1af sp=0x0000007cb25fdd08 mode 2

Classes redefined (0 events):
No events

Internal exceptions (20 events):
Event: 4.214 Thread 0x000001a382af6000 Exception <a 'java/lang/ClassNotFoundException'{0x00000000882f88f8}: org/springframework/core/PriorityOrderedCustomizer> (0x00000000882f88f8) thrown at [./src/hotspot/share/classfile/systemDictionary.cpp, line 231]
Event: 4.214 Thread 0x000001a382af6000 Exception <a 'java/lang/ClassNotFoundException'{0x000000008814be70}: org/springframework/core/OrderedCustomizer> (0x000000008814be70) thrown at [./src/hotspot/share/classfile/systemDictionary.cpp, line 231]
Event: 4.231 Thread 0x000001a382af6000 Exception <a 'java/lang/ClassNotFoundException'{0x0000000088159450}: org/springframework/context/ResourceLoaderAwareCustomizer> (0x0000000088159450) thrown at [./src/hotspot/share/classfile/systemDictionary.cpp, line 231]
Event: 4.232 Thread 0x000001a382af6000 Exception <a 'java/lang/ClassNotFoundException'{0x0000000088165f38}: org/springframework/beans/factory/AwareCustomizer> (0x0000000088165f38) thrown at [./src/hotspot/share/classfile/systemDictionary.cpp, line 231]
Event: 4.233 Thread 0x000001a382af6000 Exception <a 'java/lang/ClassNotFoundException'{0x0000000088172ff8}: org/springframework/context/ApplicationStartupAwareCustomizer> (0x0000000088172ff8) thrown at [./src/hotspot/share/classfile/systemDictionary.cpp, line 231]
Event: 4.233 Thread 0x000001a382af6000 Exception <a 'java/lang/ClassNotFoundException'{0x000000008817fd58}: org/springframework/beans/factory/AwareCustomizer> (0x000000008817fd58) thrown at [./src/hotspot/share/classfile/systemDictionary.cpp, line 231]
Event: 4.234 Thread 0x000001a382af6000 Exception <a 'java/lang/ClassNotFoundException'{0x000000008818d080}: org/springframework/beans/factory/BeanClassLoaderAwareCustomizer> (0x000000008818d080) thrown at [./src/hotspot/share/classfile/systemDictionary.cpp, line 231]
Event: 4.235 Thread 0x000001a382af6000 Exception <a 'java/lang/ClassNotFoundException'{0x0000000088199b80}: org/springframework/beans/factory/AwareCustomizer> (0x0000000088199b80) thrown at [./src/hotspot/share/classfile/systemDictionary.cpp, line 231]
Event: 4.236 Thread 0x000001a382af6000 Exception <a 'java/lang/ClassNotFoundException'{0x00000000881a5ff8}: org/springframework/context/EnvironmentAwareCustomizer> (0x00000000881a5ff8) thrown at [./src/hotspot/share/classfile/systemDictionary.cpp, line 231]
Event: 4.238 Thread 0x000001a382af6000 Exception <a 'java/lang/ClassNotFoundException'{0x00000000881b2a70}: org/springframework/beans/factory/AwareCustomizer> (0x00000000881b2a70) thrown at [./src/hotspot/share/classfile/systemDictionary.cpp, line 231]
Event: 4.454 Thread 0x000001a3a29df000 Exception <a 'java/lang/NoSuchMethodError'{0x000000008790c618}: 'long java.lang.invoke.DirectMethodHandle$Holder.invokeSpecial(java.lang.Object, java.lang.Object)'> (0x000000008790c618) thrown at [./src/hotspot/share/interpreter/linkResolver.cpp, line 773]
Event: 4.468 Thread 0x000001a3a29df000 Exception <a 'java/lang/NoSuchMethodError'{0x0000000087916968}: 'long java.lang.invoke.DirectMethodHandle$Holder.invokeStatic(java.lang.Object, java.lang.Object)'> (0x0000000087916968) thrown at [./src/hotspot/share/interpreter/linkResolver.cpp, line 773]
Event: 4.468 Thread 0x000001a3a29df000 Exception <a 'java/lang/NoSuchMethodError'{0x0000000087919790}: 'long java.lang.invoke.DirectMethodHandle$Holder.invokeStaticInit(java.lang.Object, java.lang.Object)'> (0x0000000087919790) thrown at [./src/hotspot/share/interpreter/linkResolver.cpp, line 773]
Event: 4.472 Thread 0x000001a3a29df000 Exception <a 'java/lang/NoSuchMethodError'{0x0000000087925c50}: 'long java.lang.invoke.DirectMethodHandle$Holder.invokeInterface(java.lang.Object, java.lang.Object)'> (0x0000000087925c50) thrown at [./src/hotspot/share/interpreter/linkResolver.cpp, line 773]
Event: 4.472 Thread 0x000001a3a29df000 Exception <a 'java/lang/IncompatibleClassChangeError'{0x00000000879289e8}: Found class java.lang.Object, but interface was expected> (0x00000000879289e8) thrown at [./src/hotspot/share/interpreter/linkResolver.cpp, line 839]
Event: 4.498 Thread 0x000001a3a29df000 Exception <a 'java/lang/NoSuchMethodError'{0x0000000087845d80}: 'java.lang.Object java.lang.invoke.DirectMethodHandle$Holder.invokeVirtual(java.lang.Object, java.lang.Object, java.lang.Object, java.lang.Object)'> (0x0000000087845d80) thrown at [./src/hotspot/share/interpreter/linkResolver.cpp, line 773]
Event: 4.705 Thread 0x000001a382af6000 Exception <a 'java/lang/IncompatibleClassChangeError'{0x0000000087cf9970}: Found class java.lang.Object, but interface was expected> (0x0000000087cf9970) thrown at [./src/hotspot/share/interpreter/linkResolver.cpp, line 839]
Event: 4.787 Thread 0x000001a382af6000 Exception <a 'java/lang/NoSuchMethodError'{0x0000000087ae93b0}: 'void java.lang.invoke.DirectMethodHandle$Holder.invokeInterface(java.lang.Object, java.lang.Object, java.lang.Object, java.lang.Object)'> (0x0000000087ae93b0) thrown at [./src/hotspot/share/interpreter/linkResolver.cpp, line 773]
Event: 4.955 Thread 0x000001a382af6000 Implicit null exception at 0x000001a392d54fcf to 0x000001a392d55424
Event: 4.968 Thread 0x000001a382af6000 Exception <a 'java/lang/NoSuchMethodError'{0x00000000874cc680}: 'void java.lang.invoke.DelegatingMethodHandle$Holder.delegate(java.lang.Object, java.lang.Object, int, java.lang.Object)'> (0x00000000874cc680) thrown at [./src/hotspot/share/interpreter/linkResolver.cpp, line 773]

Events (20 events):
Event: 5.205 loading class org/springframework/boot/autoconfigure/cache/CacheCondition done
Event: 5.209 Loaded shared library C:\Program Files\Eclipse Foundation\jdk-11.0.12.7-hotspot\bin\java.dll
Event: 5.230 loading class org/springframework/boot/autoconfigure/data/jpa/JpaRepositoriesRegistrar
Event: 5.230 loading class org/springframework/boot/autoconfigure/data/jpa/JpaRepositoriesRegistrar done
Event: 5.231 loading class org/springframework/boot/autoconfigure/data/AbstractRepositoryConfigurationSourceSupport
Event: 5.231 loading class org/springframework/boot/autoconfigure/data/AbstractRepositoryConfigurationSourceSupport done
Event: 5.232 loading class org/springframework/data/repository/config/AnnotationRepositoryConfigurationSource
Event: 5.232 loading class org/springframework/data/repository/config/AnnotationRepositoryConfigurationSource done
Event: 5.232 Executing VM operation: RevokeBias
Event: 5.232 Executing VM operation: RevokeBias done
Event: 5.233 loading class org/springframework/data/repository/config/RepositoryConfigurationSourceSupport
Event: 5.233 loading class org/springframework/data/repository/config/RepositoryConfigurationSourceSupport done
Event: 5.233 loading class org/springframework/data/repository/config/RepositoryConfigurationSource
Event: 5.233 loading class org/springframework/data/repository/config/RepositoryConfigurationSource done
Event: 5.234 loading class org/springframework/boot/autoconfigure/data/AbstractRepositoryConfigurationSourceSupport$1
Event: 5.234 loading class org/springframework/boot/autoconfigure/data/AbstractRepositoryConfigurationSourceSupport$1 done
Event: 5.234 loading class org/springframework/boot/autoconfigure/data/AbstractRepositoryConfigurationSourceSupport$AutoConfiguredAnnotationRepositoryConfigurationSource
Event: 5.234 loading class org/springframework/boot/autoconfigure/data/AbstractRepositoryConfigurationSourceSupport$AutoConfiguredAnnotationRepositoryConfigurationSource done
Event: 5.234 loading class org/springframework/data/repository/config/RepositoryConfigurationExtension
Event: 5.234 loading class org/springframework/data/repository/config/RepositoryConfigurationExtension done


Dynamic libraries:
0x00007ff6390c0000 - 0x00007ff6390cd000 	C:\Program Files\Eclipse Foundation\jdk-11.0.12.7-hotspot\bin\java.exe
0x00007ffb52810000 - 0x00007ffb52a04000 	C:\WINDOWS\SYSTEM32\ntdll.dll
0x00007ffb51cc0000 - 0x00007ffb51d7d000 	C:\WINDOWS\System32\KERNEL32.DLL
0x00007ffb503a0000 - 0x00007ffb50667000 	C:\WINDOWS\System32\KERNELBASE.dll
0x00007ffb50770000 - 0x00007ffb50870000 	C:\WINDOWS\System32\ucrtbase.dll
0x00007ffb2e6a0000 - 0x00007ffb2e6b5000 	C:\Program Files\Eclipse Foundation\jdk-11.0.12.7-hotspot\bin\VCRUNTIME140.dll
0x00007ffb3d2b0000 - 0x00007ffb3d2c7000 	C:\Program Files\Eclipse Foundation\jdk-11.0.12.7-hotspot\bin\jli.dll
0x00007ffb3f150000 - 0x00007ffb3f3ea000 	C:\WINDOWS\WinSxS\amd64_microsoft.windows.common-controls_6595b64144ccf1df_6.0.19041.1_none_b555e41d4684ddec\COMCTL32.dll
0x00007ffb50d30000 - 0x00007ffb50dce000 	C:\WINDOWS\System32\msvcrt.dll
0x00007ffb517c0000 - 0x00007ffb517ea000 	C:\WINDOWS\System32\GDI32.dll
0x00007ffb50160000 - 0x00007ffb50182000 	C:\WINDOWS\System32\win32u.dll
0x00007ffb501e0000 - 0x00007ffb502ea000 	C:\WINDOWS\System32\gdi32full.dll
0x00007ffb50a30000 - 0x00007ffb50bd0000 	C:\WINDOWS\System32\USER32.dll
0x00007ffb50670000 - 0x00007ffb5070d000 	C:\WINDOWS\System32\msvcp_win.dll
0x00007ffb51ae0000 - 0x00007ffb51b10000 	C:\WINDOWS\System32\IMM32.DLL
0x00007ffb29500000 - 0x00007ffb2959b000 	C:\Program Files\Eclipse Foundation\jdk-11.0.12.7-hotspot\bin\msvcp140.dll
0x00007ffb04a70000 - 0x00007ffb055c9000 	C:\Program Files\Eclipse Foundation\jdk-11.0.12.7-hotspot\bin\server\jvm.dll
0x00007ffb51860000 - 0x00007ffb5190a000 	C:\WINDOWS\System32\ADVAPI32.dll
0x00007ffb51e10000 - 0x00007ffb51eab000 	C:\WINDOWS\System32\sechost.dll
0x00007ffb51b10000 - 0x00007ffb51c33000 	C:\WINDOWS\System32\RPCRT4.dll
0x00007ffb51eb0000 - 0x00007ffb51eb8000 	C:\WINDOWS\System32\PSAPI.DLL
0x00007ffb41420000 - 0x00007ffb41429000 	C:\WINDOWS\SYSTEM32\WSOCK32.dll
0x00007ffb517f0000 - 0x00007ffb5185b000 	C:\WINDOWS\System32\WS2_32.dll
0x00007ffb47770000 - 0x00007ffb4777a000 	C:\WINDOWS\SYSTEM32\VERSION.dll
0x00007ffb40d60000 - 0x00007ffb40d87000 	C:\WINDOWS\SYSTEM32\WINMM.dll
0x00007ffb4e850000 - 0x00007ffb4e863000 	C:\WINDOWS\SYSTEM32\kernel.appcore.dll
0x00007ffb3dd00000 - 0x00007ffb3dd10000 	C:\Program Files\Eclipse Foundation\jdk-11.0.12.7-hotspot\bin\verify.dll
0x00007ffb4e580000 - 0x00007ffb4e764000 	C:\WINDOWS\SYSTEM32\DBGHELP.DLL
0x00007ffb490f0000 - 0x00007ffb4911c000 	C:\WINDOWS\SYSTEM32\dbgcore.DLL
0x00007ffb500e0000 - 0x00007ffb5015f000 	C:\WINDOWS\System32\bcryptPrimitives.dll
0x00007ffb2afb0000 - 0x00007ffb2afd8000 	C:\Program Files\Eclipse Foundation\jdk-11.0.12.7-hotspot\bin\java.dll
0x00007ffb3d610000 - 0x00007ffb3d61a000 	C:\Program Files\Eclipse Foundation\jdk-11.0.12.7-hotspot\bin\jimage.dll
0x00007ffb2cd10000 - 0x00007ffb2cd27000 	C:\Program Files\Eclipse Foundation\jdk-11.0.12.7-hotspot\bin\zip.dll
0x00007ffb51ec0000 - 0x00007ffb525f1000 	C:\WINDOWS\System32\SHELL32.dll
0x00007ffb4dd30000 - 0x00007ffb4e4ba000 	C:\WINDOWS\SYSTEM32\windows.storage.dll
0x00007ffb51450000 - 0x00007ffb517a4000 	C:\WINDOWS\System32\combase.dll
0x00007ffb4f9d0000 - 0x00007ffb4f9fb000 	C:\WINDOWS\SYSTEM32\Wldp.dll
0x00007ffb52600000 - 0x00007ffb526ae000 	C:\WINDOWS\System32\SHCORE.dll
0x00007ffb51970000 - 0x00007ffb519c5000 	C:\WINDOWS\System32\shlwapi.dll
0x00007ffb4fe90000 - 0x00007ffb4feaf000 	C:\WINDOWS\SYSTEM32\profapi.dll
0x00007ffb2ac50000 - 0x00007ffb2ac69000 	C:\Program Files\Eclipse Foundation\jdk-11.0.12.7-hotspot\bin\net.dll
0x00007ffb3fe80000 - 0x00007ffb3ff82000 	C:\WINDOWS\SYSTEM32\WINHTTP.dll
0x00007ffb4f750000 - 0x00007ffb4f7ba000 	C:\WINDOWS\system32\mswsock.dll
0x00007ffb2a3b0000 - 0x00007ffb2a3c2000 	C:\Program Files\Eclipse Foundation\jdk-11.0.12.7-hotspot\bin\nio.dll
0x00007ffb3d510000 - 0x00007ffb3d519000 	C:\Program Files\Eclipse Foundation\jdk-11.0.12.7-hotspot\bin\management.dll
0x00007ffb3d400000 - 0x00007ffb3d40b000 	C:\Program Files\Eclipse Foundation\jdk-11.0.12.7-hotspot\bin\management_ext.dll
0x00007ffb38ab0000 - 0x00007ffb38ac7000 	C:\WINDOWS\system32\napinsp.dll
0x00007ffb38a90000 - 0x00007ffb38aab000 	C:\WINDOWS\system32\pnrpnsp.dll
0x00007ffb37bf0000 - 0x00007ffb37c05000 	C:\WINDOWS\system32\wshbth.dll
0x00007ffb4b8e0000 - 0x00007ffb4b8fd000 	C:\WINDOWS\system32\NLAapi.dll
0x00007ffb4f3f0000 - 0x00007ffb4f42b000 	C:\WINDOWS\SYSTEM32\IPHLPAPI.DLL
0x00007ffb4f440000 - 0x00007ffb4f50a000 	C:\WINDOWS\SYSTEM32\DNSAPI.dll
0x00007ffb50bd0000 - 0x00007ffb50bd9000 	C:\WINDOWS\System32\NSI.dll
0x00007ffb37bd0000 - 0x00007ffb37be2000 	C:\WINDOWS\System32\winrnr.dll
0x00007ffb3f120000 - 0x00007ffb3f12a000 	C:\Windows\System32\rasadhlp.dll
0x00007ffb40330000 - 0x00007ffb403af000 	C:\WINDOWS\System32\fwpuclnt.dll
0x00007ffb500b0000 - 0x00007ffb500d7000 	C:\WINDOWS\System32\bcrypt.dll
0x00007ffb4f920000 - 0x00007ffb4f938000 	C:\WINDOWS\SYSTEM32\CRYPTSP.dll
0x00007ffb4f070000 - 0x00007ffb4f0a4000 	C:\WINDOWS\system32\rsaenh.dll
0x00007ffb4fe10000 - 0x00007ffb4fe3e000 	C:\WINDOWS\SYSTEM32\USERENV.dll
0x00007ffb4f940000 - 0x00007ffb4f94c000 	C:\WINDOWS\SYSTEM32\CRYPTBASE.dll
0x00007ffb41e00000 - 0x00007ffb41e17000 	C:\WINDOWS\SYSTEM32\dhcpcsvc6.DLL
0x00007ffb421d0000 - 0x00007ffb421ed000 	C:\WINDOWS\SYSTEM32\dhcpcsvc.DLL

dbghelp: loaded successfully - version: 4.0.5 - missing functions: none
symbol engine: initialized successfully - sym options: 0x614 - pdb path: .;C:\Program Files\Eclipse Foundation\jdk-11.0.12.7-hotspot\bin;C:\WINDOWS\SYSTEM32;C:\WINDOWS\WinSxS\amd64_microsoft.windows.common-controls_6595b64144ccf1df_6.0.19041.1_none_b555e41d4684ddec;C:\Program Files\Eclipse Foundation\jdk-11.0.12.7-hotspot\bin\server

VM Arguments:
jvm_args: -Dcom.sun.management.jmxremote -Dcom.sun.management.jmxremote.port=57929 -Dcom.sun.management.jmxremote.authenticate=false -Dcom.sun.management.jmxremote.ssl=false -Djava.rmi.server.hostname=localhost -Dspring.application.admin.enabled=true -Dspring.jmx.enabled=true -Dfile.encoding=UTF-8 
java_command: co.usa.alquilercomputadores.alquilercomputadores.AlquilercomputadoresApplication
java_class_path (initial): C:\Users\User\Documents\sem2\Demo2\alquilercomputadores\target\classes;C:\Users\User\.m2\repository\org\springframework\boot\spring-boot-starter-data-jpa\2.5.6-SNAPSHOT\spring-boot-starter-data-jpa-2.5.6-SNAPSHOT.jar;C:\Users\User\.m2\repository\org\springframework\boot\spring-boot-starter-aop\2.5.6-SNAPSHOT\spring-boot-starter-aop-2.5.6-SNAPSHOT.jar;C:\Users\User\.m2\repository\org\springframework\spring-aop\5.3.11-SNAPSHOT\spring-aop-5.3.11-SNAPSHOT.jar;C:\Users\User\.m2\repository\org\aspectj\aspectjweaver\1.9.7\aspectjweaver-1.9.7.jar;C:\Users\User\.m2\repository\org\springframework\boot\spring-boot-starter-jdbc\2.5.6-SNAPSHOT\spring-boot-starter-jdbc-2.5.6-SNAPSHOT.jar;C:\Users\User\.m2\repository\com\zaxxer\HikariCP\4.0.3\HikariCP-4.0.3.jar;C:\Users\User\.m2\repository\org\springframework\spring-jdbc\5.3.11-SNAPSHOT\spring-jdbc-5.3.11-SNAPSHOT.jar;C:\Users\User\.m2\repository\jakarta\transaction\jakarta.transaction-api\1.3.3\jakarta.transaction-api-1.3.3.jar;C:\Users\User\.m2\repository\jakarta\persistence\jakarta.persistence-api\2.2.3\jakarta.persistence-api-2.2.3.jar;C:\Users\User\.m2\repository\org\hibernate\hibernate-core\5.4.32.Final\hibernate-core-5.4.32.Final.jar;C:\Users\User\.m2\repository\org\jboss\logging\jboss-logging\3.4.2.Final\jboss-logging-3.4.2.Final.jar;C:\Users\User\.m2\repository\org\javassist\javassist\3.27.0-GA\javassist-3.27.0-GA.jar;C:\Users\User\.m2\repository\net\bytebuddy\byte-buddy\1.10.22\byte-buddy-1.10.22.jar;C:\Users\User\.m2\repository\antlr\antlr\2.7.7\antlr-2.7.7.jar;C:\Users\User\.m2\repository\org\jboss\jandex\2.2.3.Final\jandex-2.2.3.Final.jar;C:\Users\User\.m2\repository\com\fasterxml\classmate\1.5.1\classmate-1.5.1.jar;C:\Users\User\.m2\repository\org\dom4j\dom4j\2.1.3\dom4j-2.1.3.jar;C:\Users\User\.m2\repository\org\hibernate\common\hibernate-commons-annotations\5.1.2.Final\hibernate-commons-annotations-5.1.2.Final.jar;C:\Users\User\.m2\repository\org\glassfish\jaxb\jaxb-runtime\2.3.5\jaxb-r
Launcher Type: SUN_STANDARD

[Global flags]
     intx CICompilerCount                          = 3                                         {product} {ergonomic}
     uint ConcGCThreads                            = 1                                         {product} {ergonomic}
     uint G1ConcRefinementThreads                  = 4                                         {product} {ergonomic}
   size_t G1HeapRegionSize                         = 1048576                                   {product} {ergonomic}
    uintx GCDrainStackTargetSize                   = 64                                        {product} {ergonomic}
   size_t InitialHeapSize                          = 134217728                                 {product} {ergonomic}
     bool ManagementServer                         = true                                      {product} {command line}
   size_t MarkStackSize                            = 4194304                                   {product} {ergonomic}
   size_t MaxHeapSize                              = 2118123520                                {product} {ergonomic}
   size_t MaxNewSize                               = 1270874112                                {product} {ergonomic}
   size_t MinHeapDeltaBytes                        = 1048576                                   {product} {ergonomic}
    uintx NonNMethodCodeHeapSize                   = 5830732                                {pd product} {ergonomic}
    uintx NonProfiledCodeHeapSize                  = 122913754                              {pd product} {ergonomic}
    uintx ProfiledCodeHeapSize                     = 122913754                              {pd product} {ergonomic}
    uintx ReservedCodeCacheSize                    = 251658240                              {pd product} {ergonomic}
     bool SegmentedCodeCache                       = true                                      {product} {ergonomic}
     bool UseCompressedClassPointers               = true                                 {lp64_product} {ergonomic}
     bool UseCompressedOops                        = true                                 {lp64_product} {ergonomic}
     bool UseG1GC                                  = true                                      {product} {ergonomic}
     bool UseLargePagesIndividualAllocation        = false                                  {pd product} {ergonomic}

Logging:
Log output configuration:
 #0: stdout all=warning uptime,level,tags
 #1: stderr all=off uptime,level,tags

Environment Variables:
JAVA_HOME=C:\Program Files\Eclipse Foundation\jdk-11.0.12.7-hotspot
PATH=C:\Program Files\Eclipse Foundation\jdk-11.0.12.7-hotspot\bin;C:\ProgramData\Oracle\Java\javapath;C:\Program Files\Rockwell Software\RSCommon;C:\Program Files\ImageMagick-7.0.10-Q16-HDRI;C:\Program Files (x86)\Intel\TXE Components\TCS\;C:\Program Files\Intel\TXE Components\TCS\;C:\Windows\system32;C:\Windows;C:\Windows\System32\Wbem;C:\Windows\System32\WindowsPowerShell\v1.0\;C:\Program Files (x86)\NVIDIA Corporation\PhysX\Common;C:\Program Files\Microsoft SQL Server\130\Tools\Binn\;C:\Program Files\dotnet\;C:\Program Files\MiKTeX 2.9\miktex\bin\x64\;C:\WINDOWS\system32;C:\WINDOWS;C:\WINDOWS\System32\Wbem;C:\WINDOWS\System32\WindowsPowerShell\v1.0\;C:\WINDOWS\System32\OpenSSH\;C:\Program Files\MATLAB\R2018a\runtime\win64;C:\Program Files\MATLAB\R2018a\bin;C:\Program Files\nodejs\;C:\ProgramData\chocolatey\bin;C:\Program Files\Microsoft SQL Server\Client SDK\ODBC\130\Tools\Binn\;C:\Program Files (x86)\Microsoft SQL Server\140\Tools\Binn\;C:\Program Files\Microsoft SQL Server\140\Tools\Binn\;C:\Program Files\Microsoft SQL Server\140\DTS\Binn\;C:\Program Files (x86)\Microsoft SQL Server\150\DTS\Binn\;C:\apache-maven-3.8.3\bin;C:\Program Files\Eclipse Foundation\jdk-11.0.12.7-hotspot\bin;C:\Program Files\Git\cmd;C:\Program Files\MySQL\MySQL Shell 8.0\bin\;C:\Users\User\AppData\Local\Microsoft\WindowsApps;C:\Users\User\AppData\Local\atom\bin;C:\Users\User\AppData\Roaming\npm;C:\Users\User\AppData\Local\Microsoft\WindowsApps;C:\Users\User\AppData\Local\Programs\Microsoft VS Code\bin;C:\Program Files\Python36;C:\Program Files\Python36\Scripts;
USERNAME=User
OS=Windows_NT
PROCESSOR_IDENTIFIER=Intel64 Family 6 Model 142 Stepping 9, GenuineIntel



---------------  S Y S T E M  ---------------

OS: Windows 10 , 64 bit Build 19041 (10.0.19041.1)
OS uptime: 7 days 6:28 hours

CPU:total 4 (initial active 4) (2 cores per cpu, 2 threads per core) family 6 model 142 stepping 9 microcode 0xb4, cmov, cx8, fxsr, mmx, sse, sse2, sse3, ssse3, sse4.1, sse4.2, popcnt, avx, avx2, aes, clmul, erms, 3dnowpref, lzcnt, ht, tsc, tscinvbit, bmi1, bmi2, adx, fma

Memory: 4k page, system-wide physical 8073M (1246M free)
TotalPageFile size 8073M (AvailPageFile size 15M)
current process WorkingSet (physical memory assigned to process): 160M, peak: 160M
current process commit charge ("private bytes"): 250M, peak: 250M

vm_info: OpenJDK 64-Bit Server VM (11.0.12+7) for windows-amd64 JRE (11.0.12+7), built on Jul 21 2021 16:23:49 by "" with unknown MS VC++:1916

END.
