#
# There is insufficient memory for the Java Runtime Environment to continue.
# Native memory allocation (malloc) failed to allocate 32744 bytes for ChunkPool::allocate
# Possible reasons:
#   The system is out of physical RAM or swap space
#   The process is running with CompressedOops enabled, and the Java Heap may be blocking the growth of the native heap
# Possible solutions:
#   Reduce memory load on the system
#   Increase physical memory or swap space
#   Check if swap backing store is full
#   Decrease Java heap size (-Xmx/-Xms)
#   Decrease number of Java threads
#   Decrease Java thread stack sizes (-Xss)
#   Set larger code cache with -XX:ReservedCodeCacheSize=
#   JVM is running with Unscaled Compressed Oops mode in which the Java heap is
#     placed in the first 4GB address space. The Java Heap base address is the
#     maximum limit for the native heap growth. Please use -XX:HeapBaseMinAddress
#     to set the Java Heap base and to place the Java Heap above 4GB virtual address.
# This output file may be truncated or incomplete.
#
#  Out of Memory Error (./src/hotspot/share/memory/arena.cpp:81), pid=7000, tid=11644
#
# JRE version: OpenJDK Runtime Environment Temurin-11.0.12+7 (11.0.12+7) (build 11.0.12+7)
# Java VM: OpenJDK 64-Bit Server VM Temurin-11.0.12+7 (11.0.12+7, mixed mode, tiered, compressed oops, parallel gc, windows-amd64)
# No core dump will be written. Minidumps are not enabled by default on client versions of Windows
#

---------------  S U M M A R Y ------------

Command Line: --add-modules=ALL-SYSTEM --add-opens=java.base/java.util=ALL-UNNAMED --add-opens=java.base/java.lang=ALL-UNNAMED -Declipse.application=org.eclipse.jdt.ls.core.id1 -Dosgi.bundles.defaultStartLevel=4 -Declipse.product=org.eclipse.jdt.ls.core.product -Dfile.encoding=utf8 -DwatchParentProcess=false -XX:+UseParallelGC -XX:GCTimeRatio=4 -XX:AdaptiveSizePolicyWeight=90 -Dsun.zip.disableMemoryMapping=true -Xmx1G -Xms100m -Xverify:none c:\Users\User\.vscode\extensions\redhat.java-0.82.0\server\plugins\org.eclipse.equinox.launcher_1.6.300.v20210813-1054.jar -configuration c:\Users\User\AppData\Roaming\Code\User\globalStorage\redhat.java\0.82.0\config_win -data c:\Users\User\AppData\Roaming\Code\User\workspaceStorage\c3096344b3a4e59383c1365647bf3051\redhat.java\jdt_ws

Host: Intel(R) Core(TM) i5-7200U CPU @ 2.50GHz, 4 cores, 7G,  Windows 10 , 64 bit Build 19041 (10.0.19041.1)
Time: Sat Oct 16 16:25:44 2021 Hora est. Pacífico, Sudamérica elapsed time: 6.681861 seconds (0d 0h 0m 6s)

---------------  T H R E A D  ---------------

Current thread (0x00000243119dd000):  JavaThread "Start Level: Equinox Container: ce15c83b-5d48-4ce9-9b51-263cacc11fe0" daemon [_thread_in_vm, id=11644, stack(0x0000006953100000,0x0000006953200000)]

Stack: [0x0000006953100000,0x0000006953200000]
Native frames: (J=compiled Java code, j=interpreted, Vv=VM code, C=native code)
V  [jvm.dll+0x601d0a]
V  [jvm.dll+0x78ab6e]
V  [jvm.dll+0x78c23f]
V  [jvm.dll+0x78c903]
V  [jvm.dll+0x24be68]
V  [jvm.dll+0xc23fb]
V  [jvm.dll+0xc275c]
V  [jvm.dll+0x65f5fd]
V  [jvm.dll+0x660884]
V  [jvm.dll+0x360402]
V  [jvm.dll+0x35f5ca]
V  [jvm.dll+0x35f568]
V  [jvm.dll+0x4f4e7c]
V  [jvm.dll+0x4f4f28]
V  [jvm.dll+0x3719ee]
V  [jvm.dll+0x3715d4]
C  0x000002430001c4ea

Java frames: (J=compiled Java code, j=interpreted, Vv=VM code)
j  org.eclipse.jdt.internal.core.JavaModelManager$8.optionsChanged(Lorg/eclipse/osgi/service/debug/DebugOptions;)V+497
j  org.eclipse.osgi.internal.debug.FrameworkDebugOptions.addingService(Lorg/osgi/framework/ServiceReference;)Lorg/eclipse/osgi/service/debug/DebugOptionsListener;+16
j  org.eclipse.osgi.internal.debug.FrameworkDebugOptions.addingService(Lorg/osgi/framework/ServiceReference;)Ljava/lang/Object;+5
j  org.osgi.util.tracker.ServiceTracker$Tracked.customizerAdding(Lorg/osgi/framework/ServiceReference;Lorg/osgi/framework/ServiceEvent;)Ljava/lang/Object;+8
j  org.osgi.util.tracker.ServiceTracker$Tracked.customizerAdding(Ljava/lang/Object;Ljava/lang/Object;)Ljava/lang/Object;+9
j  org.osgi.util.tracker.AbstractTracked.trackAdding(Ljava/lang/Object;Ljava/lang/Object;)V+8
j  org.osgi.util.tracker.AbstractTracked.track(Ljava/lang/Object;Ljava/lang/Object;)V+83
j  org.osgi.util.tracker.ServiceTracker$Tracked.serviceChanged(Lorg/osgi/framework/ServiceEvent;)V+67
J 1982 c1 org.eclipse.osgi.internal.serviceregistry.FilteredServiceListener.serviceChanged(Lorg/osgi/framework/ServiceEvent;)V (284 bytes) @ 0x00000243009a500c [0x00000243009a20e0+0x0000000000002f2c]
J 1990 c1 org.eclipse.osgi.internal.framework.BundleContextImpl.dispatchEvent(Ljava/lang/Object;Ljava/lang/Object;ILjava/lang/Object;)V (558 bytes) @ 0x00000243009ae244 [0x00000243009aa380+0x0000000000003ec4]
J 2064 c1 org.eclipse.osgi.framework.eventmgr.EventManager.dispatchEvent(Ljava/util/Set;Lorg/eclipse/osgi/framework/eventmgr/EventDispatcher;ILjava/lang/Object;)V (69 bytes) @ 0x00000243009e5494 [0x00000243009e4fc0+0x00000000000004d4]
j  org.eclipse.osgi.framework.eventmgr.ListenerQueue.dispatchEventSynchronous(ILjava/lang/Object;)V+67
j  org.eclipse.osgi.internal.serviceregistry.ServiceRegistry.publishServiceEventPrivileged(Lorg/osgi/framework/ServiceEvent;)V+320
j  org.eclipse.osgi.internal.serviceregistry.ServiceRegistry.publishServiceEvent(Lorg/osgi/framework/ServiceEvent;)V+8
j  org.eclipse.osgi.internal.serviceregistry.ServiceRegistrationImpl.register(Ljava/util/Dictionary;)V+128
j  org.eclipse.osgi.internal.serviceregistry.ServiceRegistry.registerService(Lorg/eclipse/osgi/internal/framework/BundleContextImpl;[Ljava/lang/String;Ljava/lang/Object;Ljava/util/Dictionary;)Lorg/eclipse/osgi/internal/serviceregistry/ServiceRegistrationImpl;+298
j  org.eclipse.osgi.internal.framework.BundleContextImpl.registerService([Ljava/lang/String;Ljava/lang/Object;Ljava/util/Dictionary;)Lorg/osgi/framework/ServiceRegistration;+15
j  org.eclipse.osgi.internal.framework.BundleContextImpl.registerService(Ljava/lang/String;Ljava/lang/Object;Ljava/util/Dictionary;)Lorg/osgi/framework/ServiceRegistration;+15
j  org.eclipse.osgi.internal.framework.BundleContextImpl.registerService(Ljava/lang/Class;Ljava/lang/Object;Ljava/util/Dictionary;)Lorg/osgi/framework/ServiceRegistration;+7
j  org.eclipse.jdt.internal.core.JavaModelManager.registerDebugOptionsListener(Lorg/osgi/framework/BundleContext;)V+32
j  org.eclipse.jdt.core.JavaCore.start(Lorg/osgi/framework/BundleContext;)V+6
j  org.eclipse.osgi.internal.framework.BundleContextImpl.lambda$2(Lorg/osgi/framework/BundleActivator;)Ljava/lang/Void;+11
j  org.eclipse.osgi.internal.framework.BundleContextImpl$$Lambda$73.run()Ljava/lang/Object;+8
v  ~StubRoutines::call_stub
j  java.security.AccessController.doPrivileged(Ljava/security/PrivilegedExceptionAction;)Ljava/lang/Object;+0 java.base@11.0.12
j  org.eclipse.osgi.internal.framework.BundleContextImpl.startActivator(Lorg/osgi/framework/BundleActivator;)V+7
j  org.eclipse.osgi.internal.framework.BundleContextImpl.start()V+134
j  org.eclipse.osgi.internal.framework.EquinoxBundle.startWorker0()V+35
j  org.eclipse.osgi.internal.framework.EquinoxBundle$EquinoxModule.startWorker()V+4
j  org.eclipse.osgi.container.Module.doStart([Lorg/eclipse/osgi/container/Module$StartOptions;)Lorg/eclipse/osgi/container/ModuleContainerAdaptor$ModuleEvent;+190
j  org.eclipse.osgi.container.Module.start([Lorg/eclipse/osgi/container/Module$StartOptions;)V+460
j  org.eclipse.osgi.framework.util.SecureAction.start(Lorg/eclipse/osgi/container/Module;[Lorg/eclipse/osgi/container/Module$StartOptions;)V+8
J 2166 c1 org.eclipse.osgi.internal.hooks.EclipseLazyStarter.postFindLocalClass(Ljava/lang/String;Ljava/lang/Class;Lorg/eclipse/osgi/internal/loader/classpath/ClasspathManager;)V (394 bytes) @ 0x0000024300a247a4 [0x0000024300a23780+0x0000000000001024]
J 2173 c1 org.eclipse.osgi.internal.loader.classpath.ClasspathManager.findLocalClass(Ljava/lang/String;)Ljava/lang/Class; (210 bytes) @ 0x0000024300a2b4d4 [0x0000024300a2a3e0+0x00000000000010f4]
J 1993 c1 org.eclipse.osgi.internal.loader.BundleLoader.findLocalClass(Ljava/lang/String;)Ljava/lang/Class; (152 bytes) @ 0x00000243009b4f0c [0x00000243009b43c0+0x0000000000000b4c]
J 2202 c1 org.eclipse.osgi.internal.loader.sources.SingleSourcePackage.loadClass(Ljava/lang/String;)Ljava/lang/Class; (9 bytes) @ 0x0000024300a4203c [0x0000024300a41f40+0x00000000000000fc]
J 1575 c1 org.eclipse.osgi.internal.loader.BundleLoader.findClass(Ljava/lang/String;)Ljava/lang/Class; (531 bytes) @ 0x0000024300865f24 [0x0000024300862940+0x00000000000035e4]
J 1970 c1 org.eclipse.osgi.internal.loader.ModuleClassLoader.loadClass(Ljava/lang/String;Z)Ljava/lang/Class; (119 bytes) @ 0x000002430099232c [0x0000024300991760+0x0000000000000bcc]
J 883 c1 java.lang.ClassLoader.loadClass(Ljava/lang/String;)Ljava/lang/Class; java.base@11.0.12 (7 bytes) @ 0x00000243006f063c [0x00000243006f0540+0x00000000000000fc]
v  ~StubRoutines::call_stub
j  org.eclipse.jdt.ls.core.internal.preferences.PreferenceManager.initializeJavaCoreOptions()V+0
j  org.eclipse.jdt.ls.core.internal.preferences.PreferenceManager.initialize()V+0
j  org.eclipse.jdt.ls.core.internal.preferences.PreferenceManager.<init>()V+40
j  org.eclipse.jdt.ls.core.internal.preferences.StandardPreferenceManager.<init>()V+1
j  org.eclipse.jdt.ls.core.internal.JavaLanguageServerPlugin.start(Lorg/osgi/framework/BundleContext;)V+131
j  org.eclipse.osgi.internal.framework.BundleContextImpl.lambda$2(Lorg/osgi/framework/BundleActivator;)Ljava/lang/Void;+11
j  org.eclipse.osgi.internal.framework.BundleContextImpl$$Lambda$73.run()Ljava/lang/Object;+8
v  ~StubRoutines::call_stub
j  java.security.AccessController.doPrivileged(Ljava/security/PrivilegedExceptionAction;)Ljava/lang/Object;+0 java.base@11.0.12
j  org.eclipse.osgi.internal.framework.BundleContextImpl.startActivator(Lorg/osgi/framework/BundleActivator;)V+7
j  org.eclipse.osgi.internal.framework.BundleContextImpl.start()V+134
j  org.eclipse.osgi.internal.framework.EquinoxBundle.startWorker0()V+35
j  org.eclipse.osgi.internal.framework.EquinoxBundle$EquinoxModule.startWorker()V+4
j  org.eclipse.osgi.container.Module.doStart([Lorg/eclipse/osgi/container/Module$StartOptions;)Lorg/eclipse/osgi/container/ModuleContainerAdaptor$ModuleEvent;+190
j  org.eclipse.osgi.container.Module.start([Lorg/eclipse/osgi/container/Module$StartOptions;)V+460
j  org.eclipse.osgi.container.ModuleContainer$ContainerStartLevel.lambda$1(Ljava/util/concurrent/CountDownLatch;Lorg/eclipse/osgi/container/Module;I)V+58
j  org.eclipse.osgi.container.ModuleContainer$ContainerStartLevel$$Lambda$84.run()V+16
j  org.eclipse.osgi.internal.framework.EquinoxContainerAdaptor$$Lambda$83.execute(Ljava/lang/Runnable;)V+1
j  org.eclipse.osgi.container.ModuleContainer$ContainerStartLevel.incStartLevel(ILjava/util/List;Z)V+187
j  org.eclipse.osgi.container.ModuleContainer$ContainerStartLevel.incStartLevel(ILjava/util/List;Ljava/util/List;Ljava/util/List;Ljava/util/List;)V+19
j  org.eclipse.osgi.container.ModuleContainer$ContainerStartLevel.doContainerStartLevel(Lorg/eclipse/osgi/container/Module;I[Lorg/osgi/framework/FrameworkListener;)V+349
j  org.eclipse.osgi.container.ModuleContainer$ContainerStartLevel.dispatchEvent(Lorg/eclipse/osgi/container/Module;[Lorg/osgi/framework/FrameworkListener;ILjava/lang/Integer;)V+32
j  org.eclipse.osgi.container.ModuleContainer$ContainerStartLevel.dispatchEvent(Ljava/lang/Object;Ljava/lang/Object;ILjava/lang/Object;)V+15
j  org.eclipse.osgi.framework.eventmgr.EventManager.dispatchEvent(Ljava/util/Set;Lorg/eclipse/osgi/framework/eventmgr/EventDispatcher;ILjava/lang/Object;)V+48
j  org.eclipse.osgi.framework.eventmgr.EventManager$EventThread.run()V+26
v  ~StubRoutines::call_stub

---------------  P R O C E S S  ---------------

Threads class SMR info:
_java_thread_list=0x000002431190a700, length=19, elements={
0x0000024375fbb000, 0x000002437f082800, 0x000002437f070800, 0x0000024311272800,
0x000002437f090000, 0x000002437f091800, 0x000002437f094800, 0x000002437f096000,
0x000002437f0dd000, 0x0000024311396800, 0x00000243123c2000, 0x00000243118be000,
0x00000243119dd000, 0x00000243121d6800, 0x0000024311c61800, 0x0000024312582800,
0x00000243127c6800, 0x0000024311978000, 0x0000024312706800
}

Java Threads: ( => current thread )
  0x0000024375fbb000 JavaThread "main" [_thread_blocked, id=9724, stack(0x0000006952100000,0x0000006952200000)]
  0x000002437f082800 JavaThread "Reference Handler" daemon [_thread_blocked, id=8300, stack(0x0000006952400000,0x0000006952500000)]
  0x000002437f070800 JavaThread "Finalizer" daemon [_thread_blocked, id=13328, stack(0x0000006952500000,0x0000006952600000)]
  0x0000024311272800 JavaThread "Signal Dispatcher" daemon [_thread_blocked, id=2696, stack(0x0000006952600000,0x0000006952700000)]
  0x000002437f090000 JavaThread "Attach Listener" daemon [_thread_blocked, id=3080, stack(0x0000006952700000,0x0000006952800000)]
  0x000002437f091800 JavaThread "Service Thread" daemon [_thread_blocked, id=7888, stack(0x0000006952800000,0x0000006952900000)]
  0x000002437f094800 JavaThread "C2 CompilerThread0" daemon [_thread_blocked, id=15592, stack(0x0000006952900000,0x0000006952a00000)]
  0x000002437f096000 JavaThread "C1 CompilerThread0" daemon [_thread_blocked, id=7760, stack(0x0000006952a00000,0x0000006952b00000)]
  0x000002437f0dd000 JavaThread "Sweeper thread" daemon [_thread_blocked, id=6124, stack(0x0000006952b00000,0x0000006952c00000)]
  0x0000024311396800 JavaThread "Common-Cleaner" daemon [_thread_blocked, id=6748, stack(0x0000006952c00000,0x0000006952d00000)]
  0x00000243123c2000 JavaThread "Active Thread: Equinox Container: ce15c83b-5d48-4ce9-9b51-263cacc11fe0" [_thread_blocked, id=5720, stack(0x0000006952f00000,0x0000006953000000)]
  0x00000243118be000 JavaThread "Framework Event Dispatcher: Equinox Container: ce15c83b-5d48-4ce9-9b51-263cacc11fe0" daemon [_thread_blocked, id=15892, stack(0x0000006953000000,0x0000006953100000)]
=>0x00000243119dd000 JavaThread "Start Level: Equinox Container: ce15c83b-5d48-4ce9-9b51-263cacc11fe0" daemon [_thread_in_vm, id=11644, stack(0x0000006953100000,0x0000006953200000)]
  0x00000243121d6800 JavaThread "SCR Component Actor" daemon [_thread_blocked, id=13060, stack(0x0000006953500000,0x0000006953600000)]
  0x0000024311c61800 JavaThread "Timer-0" daemon [_thread_blocked, id=9412, stack(0x0000006953600000,0x0000006953700000)]
  0x0000024312582800 JavaThread "Bundle File Closer" daemon [_thread_blocked, id=10192, stack(0x0000006952e00000,0x0000006952f00000)]
  0x00000243127c6800 JavaThread "Worker-JM" [_thread_blocked, id=8084, stack(0x0000006953800000,0x0000006953900000)]
  0x0000024311978000 JavaThread "Worker-0" [_thread_blocked, id=9940, stack(0x0000006953700000,0x0000006953800000)]
  0x0000024312706800 JavaThread "Worker-1" [_thread_blocked, id=2576, stack(0x0000006953900000,0x0000006953a00000)]

Other Threads:
  0x000002437efa7800 VMThread "VM Thread" [stack: 0x0000006952300000,0x0000006952400000] [id=13520]
  0x000002431149c000 WatcherThread [stack: 0x0000006952d00000,0x0000006952e00000] [id=8304]
  0x0000024375fd6000 GCTaskThread "ParGC Thread#0" [stack: 0x0000006952200000,0x0000006952300000] [id=4984]
  0x00000243118e0000 GCTaskThread "ParGC Thread#1" [stack: 0x0000006953200000,0x0000006953300000] [id=13716]
  0x00000243118e0800 GCTaskThread "ParGC Thread#2" [stack: 0x0000006953300000,0x0000006953400000] [id=15164]
  0x0000024312233000 GCTaskThread "ParGC Thread#3" [stack: 0x0000006953400000,0x0000006953500000] [id=16352]

Threads with active compile tasks:
C2 CompilerThread0   6943 2287 % !   4       java.util.jar.Attributes::read @ 5 (390 bytes)

VM state:synchronizing (normal execution)

VM Mutex/Monitor currently owned by a thread:  ([mutex/lock_event])
[0x0000024375fb9100] Threads_lock - owner thread: 0x000002437efa7800

Heap address: 0x00000000c0000000, size: 1024 MB, Compressed Oops mode: 32-bit
Narrow klass base: 0x0000000000000000, Narrow klass shift: 3
Compressed class space size: 1073741824 Address: 0x0000000100000000

Heap:
 PSYoungGen      total 29696K, used 6399K [0x00000000eab00000, 0x00000000ecc00000, 0x0000000100000000)
  eden space 25600K, 24% used [0x00000000eab00000,0x00000000eb13fff8,0x00000000ec400000)
  from space 4096K, 0% used [0x00000000ec800000,0x00000000ec800000,0x00000000ecc00000)
  to   space 4096K, 0% used [0x00000000ec400000,0x00000000ec400000,0x00000000ec800000)
 ParOldGen       total 68608K, used 9343K [0x00000000c0000000, 0x00000000c4300000, 0x00000000eab00000)
  object space 68608K, 13% used [0x00000000c0000000,0x00000000c091fd18,0x00000000c4300000)
 Metaspace       used 22688K, capacity 23872K, committed 24064K, reserved 1071104K
  class space    used 2085K, capacity 2533K, committed 2560K, reserved 1048576K

Card table byte_map: [0x0000024375980000,0x0000024375b90000] _byte_map_base: 0x0000024375380000

Marking Bits: (ParMarkBitMap*) 0x00007ffb0297bcf0
 Begin Bits: [0x000002430f000000, 0x0000024310000000)
 End Bits:   [0x0000024310000000, 0x0000024311000000)

Polling page: 0x0000024373e30000

Metaspace:

Usage:
  Non-class:     20.84 MB capacity,    20.12 MB ( 97%) used,   692.33 KB (  3%) free+waste,    44.25 KB ( <1%) overhead. 
      Class:      2.47 MB capacity,     2.04 MB ( 82%) used,   426.04 KB ( 17%) free+waste,    21.31 KB ( <1%) overhead. 
       Both:     23.31 MB capacity,    22.16 MB ( 95%) used,     1.09 MB (  5%) free+waste,    65.56 KB ( <1%) overhead. 

Virtual space:
  Non-class space:       22.00 MB reserved,      21.00 MB ( 95%) committed 
      Class space:        1.00 GB reserved,       2.50 MB ( <1%) committed 
             Both:        1.02 GB reserved,      23.50 MB (  2%) committed 

Chunk freelists:
   Non-Class:  37.00 KB
       Class:  27.00 KB
        Both:  64.00 KB

MaxMetaspaceSize: 17179869184.00 GB
CompressedClassSpaceSize: 1.00 GB
Initial GC threshold: 20.80 MB
Current GC threshold: 34.59 MB
CDS: off

CodeHeap 'non-profiled nmethods': size=120064Kb used=734Kb max_used=734Kb free=119329Kb
 bounds [0x0000024307ac0000, 0x0000024307d30000, 0x000002430f000000]
CodeHeap 'profiled nmethods': size=120000Kb used=5077Kb max_used=5077Kb free=114922Kb
 bounds [0x0000024300590000, 0x0000024300a90000, 0x0000024307ac0000]
CodeHeap 'non-nmethods': size=5696Kb used=1204Kb max_used=1204Kb free=4491Kb
 bounds [0x0000024300000000, 0x0000024300270000, 0x0000024300590000]
 total_blobs=2763 nmethods=2295 adapters=382
 compilation: enabled
              stopped_count=0, restarted_count=0
 full_count=0

Compilation events (20 events):
Event: 6.300 Thread 0x000002437f096000 nmethod 2285 0x0000024300a7f910 code [0x0000024300a7fae0, 0x0000024300a7fde8]
Event: 6.306 Thread 0x000002437f094800 2287 % !   4       java.util.jar.Attributes::read @ 5 (390 bytes)
Event: 6.322 Thread 0x000002437f096000 2288       3       org.eclipse.osgi.container.ModuleRevision::getModuleCapabilities (9 bytes)
Event: 6.323 Thread 0x000002437f096000 nmethod 2288 0x0000024300a7ff10 code [0x0000024300a80100, 0x0000024300a804e8]
Event: 6.329 Thread 0x000002437f096000 2289       3       java.util.HashSet::contains (9 bytes)
Event: 6.330 Thread 0x000002437f096000 nmethod 2289 0x0000024300a80610 code [0x0000024300a807c0, 0x0000024300a80988]
Event: 6.354 Thread 0x000002437f096000 2290       3       java.util.HashSet::add (20 bytes)
Event: 6.355 Thread 0x000002437f096000 nmethod 2290 0x0000024300a80a90 code [0x0000024300a80c60, 0x0000024300a80e88]
Event: 6.362 Thread 0x000002437f096000 2291       3       java.util.Arrays::copyOfRange (89 bytes)
Event: 6.363 Thread 0x000002437f096000 nmethod 2291 0x0000024300a80f90 code [0x0000024300a81260, 0x0000024300a820f8]
Event: 6.375 Thread 0x000002437f096000 2293       3       org.eclipse.core.runtime.Assert::isNotNull (29 bytes)
Event: 6.377 Thread 0x000002437f096000 nmethod 2293 0x0000024300a82610 code [0x0000024300a82880, 0x0000024300a83138]
Event: 6.377 Thread 0x000002437f096000 2294       3       org.eclipse.core.runtime.Assert::isNotNull (7 bytes)
Event: 6.377 Thread 0x000002437f096000 nmethod 2294 0x0000024300a83490 code [0x0000024300a836c0, 0x0000024300a83c48]
Event: 6.377 Thread 0x000002437f096000 2295       3       java.lang.String::indexOf (18 bytes)
Event: 6.378 Thread 0x000002437f096000 nmethod 2295 0x0000024300a83f10 code [0x0000024300a840e0, 0x0000024300a843a8]
Event: 6.381 Thread 0x000002437f096000 2296       3       org.eclipse.osgi.internal.log.EquinoxLogWriter::isLoggable (65 bytes)
Event: 6.381 Thread 0x000002437f096000 nmethod 2296 0x0000024300a84510 code [0x0000024300a84720, 0x0000024300a84bb8]
Event: 6.381 Thread 0x000002437f096000 2297       3       org.eclipse.osgi.internal.log.ExtendedLogReaderServiceFactory::getCount (29 bytes)
Event: 6.382 Thread 0x000002437f096000 nmethod 2297 0x0000024300a84d10 code [0x0000024300a84ee0, 0x0000024300a85338]

GC Heap History (6 events):
Event: 4.049 GC heap before
{Heap before GC invocations=1 (full 0):
 PSYoungGen      total 29696K, used 25600K [0x00000000eab00000, 0x00000000ecc00000, 0x0000000100000000)
  eden space 25600K, 100% used [0x00000000eab00000,0x00000000ec400000,0x00000000ec400000)
  from space 4096K, 0% used [0x00000000ec800000,0x00000000ec800000,0x00000000ecc00000)
  to   space 4096K, 0% used [0x00000000ec400000,0x00000000ec400000,0x00000000ec800000)
 ParOldGen       total 68608K, used 0K [0x00000000c0000000, 0x00000000c4300000, 0x00000000eab00000)
  object space 68608K, 0% used [0x00000000c0000000,0x00000000c0000000,0x00000000c4300000)
 Metaspace       used 13266K, capacity 13516K, committed 13696K, reserved 1060864K
  class space    used 1221K, capacity 1293K, committed 1408K, reserved 1048576K
}
Event: 4.070 GC heap after
{Heap after GC invocations=1 (full 0):
 PSYoungGen      total 29696K, used 4079K [0x00000000eab00000, 0x00000000ecc00000, 0x0000000100000000)
  eden space 25600K, 0% used [0x00000000eab00000,0x00000000eab00000,0x00000000ec400000)
  from space 4096K, 99% used [0x00000000ec400000,0x00000000ec7fbfa0,0x00000000ec800000)
  to   space 4096K, 0% used [0x00000000ec800000,0x00000000ec800000,0x00000000ecc00000)
 ParOldGen       total 68608K, used 659K [0x00000000c0000000, 0x00000000c4300000, 0x00000000eab00000)
  object space 68608K, 0% used [0x00000000c0000000,0x00000000c00a4db8,0x00000000c4300000)
 Metaspace       used 13266K, capacity 13516K, committed 13696K, reserved 1060864K
  class space    used 1221K, capacity 1293K, committed 1408K, reserved 1048576K
}
Event: 5.975 GC heap before
{Heap before GC invocations=2 (full 0):
 PSYoungGen      total 29696K, used 28130K [0x00000000eab00000, 0x00000000ecc00000, 0x0000000100000000)
  eden space 25600K, 93% used [0x00000000eab00000,0x00000000ec27cac0,0x00000000ec400000)
  from space 4096K, 99% used [0x00000000ec400000,0x00000000ec7fbfa0,0x00000000ec800000)
  to   space 4096K, 0% used [0x00000000ec800000,0x00000000ec800000,0x00000000ecc00000)
 ParOldGen       total 68608K, used 659K [0x00000000c0000000, 0x00000000c4300000, 0x00000000eab00000)
  object space 68608K, 0% used [0x00000000c0000000,0x00000000c00a4db8,0x00000000c4300000)
 Metaspace       used 20226K, capacity 21153K, committed 21248K, reserved 1069056K
  class space    used 1893K, capacity 2241K, committed 2304K, reserved 1048576K
}
Event: 5.989 GC heap after
{Heap after GC invocations=2 (full 0):
 PSYoungGen      total 29696K, used 4084K [0x00000000eab00000, 0x00000000ecc00000, 0x0000000100000000)
  eden space 25600K, 0% used [0x00000000eab00000,0x00000000eab00000,0x00000000ec400000)
  from space 4096K, 99% used [0x00000000ec800000,0x00000000ecbfd360,0x00000000ecc00000)
  to   space 4096K, 0% used [0x00000000ec400000,0x00000000ec400000,0x00000000ec800000)
 ParOldGen       total 68608K, used 5445K [0x00000000c0000000, 0x00000000c4300000, 0x00000000eab00000)
  object space 68608K, 7% used [0x00000000c0000000,0x00000000c0551640,0x00000000c4300000)
 Metaspace       used 20226K, capacity 21153K, committed 21248K, reserved 1069056K
  class space    used 1893K, capacity 2241K, committed 2304K, reserved 1048576K
}
Event: 5.989 GC heap before
{Heap before GC invocations=3 (full 1):
 PSYoungGen      total 29696K, used 4084K [0x00000000eab00000, 0x00000000ecc00000, 0x0000000100000000)
  eden space 25600K, 0% used [0x00000000eab00000,0x00000000eab00000,0x00000000ec400000)
  from space 4096K, 99% used [0x00000000ec800000,0x00000000ecbfd360,0x00000000ecc00000)
  to   space 4096K, 0% used [0x00000000ec400000,0x00000000ec400000,0x00000000ec800000)
 ParOldGen       total 68608K, used 5445K [0x00000000c0000000, 0x00000000c4300000, 0x00000000eab00000)
  object space 68608K, 7% used [0x00000000c0000000,0x00000000c0551640,0x00000000c4300000)
 Metaspace       used 20226K, capacity 21153K, committed 21248K, reserved 1069056K
  class space    used 1893K, capacity 2241K, committed 2304K, reserved 1048576K
}
Event: 6.167 GC heap after
{Heap after GC invocations=3 (full 1):
 PSYoungGen      total 29696K, used 0K [0x00000000eab00000, 0x00000000ecc00000, 0x0000000100000000)
  eden space 25600K, 0% used [0x00000000eab00000,0x00000000eab00000,0x00000000ec400000)
  from space 4096K, 0% used [0x00000000ec800000,0x00000000ec800000,0x00000000ecc00000)
  to   space 4096K, 0% used [0x00000000ec400000,0x00000000ec400000,0x00000000ec800000)
 ParOldGen       total 68608K, used 9343K [0x00000000c0000000, 0x00000000c4300000, 0x00000000eab00000)
  object space 68608K, 13% used [0x00000000c0000000,0x00000000c091fd18,0x00000000c4300000)
 Metaspace       used 20226K, capacity 21153K, committed 21248K, reserved 1069056K
  class space    used 1893K, capacity 2241K, committed 2304K, reserved 1048576K
}

Deoptimization events (20 events):
Event: 5.890 Thread 0x00000243119dd000 Uncommon trap: trap_request=0xffffffde fr.pc=0x0000024307b0c784 relative=0x0000000000000ac4
Event: 5.890 Thread 0x00000243119dd000 Uncommon trap: reason=class_check action=maybe_recompile pc=0x0000024307b0c784 method=java.io.DataInputStream.readFully([BII)V @ 34 c2
Event: 5.891 Thread 0x00000243119dd000 DEOPT PACKING pc=0x0000024307b0c784 sp=0x00000069531faaa0
Event: 5.891 Thread 0x00000243119dd000 DEOPT UNPACKING pc=0x000002430004a1af sp=0x00000069531fa9d8 mode 2
Event: 5.891 Thread 0x00000243119dd000 Uncommon trap: trap_request=0xffffffde fr.pc=0x0000024307b0c784 relative=0x0000000000000ac4
Event: 5.891 Thread 0x00000243119dd000 Uncommon trap: reason=class_check action=maybe_recompile pc=0x0000024307b0c784 method=java.io.DataInputStream.readFully([BII)V @ 34 c2
Event: 5.891 Thread 0x00000243119dd000 DEOPT PACKING pc=0x0000024307b0c784 sp=0x00000069531faaa0
Event: 5.891 Thread 0x00000243119dd000 DEOPT UNPACKING pc=0x000002430004a1af sp=0x00000069531fa9d8 mode 2
Event: 5.894 Thread 0x00000243119dd000 Uncommon trap: trap_request=0xffffffde fr.pc=0x0000024307b0c784 relative=0x0000000000000ac4
Event: 5.894 Thread 0x00000243119dd000 Uncommon trap: reason=class_check action=maybe_recompile pc=0x0000024307b0c784 method=java.io.DataInputStream.readFully([BII)V @ 34 c2
Event: 5.894 Thread 0x00000243119dd000 DEOPT PACKING pc=0x0000024307b0c784 sp=0x00000069531faaa0
Event: 5.894 Thread 0x00000243119dd000 DEOPT UNPACKING pc=0x000002430004a1af sp=0x00000069531fa9d8 mode 2
Event: 5.956 Thread 0x00000243119dd000 Uncommon trap: trap_request=0xffffffde fr.pc=0x0000024307b16920 relative=0x0000000000000600
Event: 5.956 Thread 0x00000243119dd000 Uncommon trap: reason=class_check action=maybe_recompile pc=0x0000024307b16920 method=java.util.HashMap.putVal(ILjava/lang/Object;Ljava/lang/Object;ZZ)Ljava/lang/Object; @ 253 c2
Event: 5.956 Thread 0x00000243119dd000 DEOPT PACKING pc=0x0000024307b16920 sp=0x00000069531f8ff0
Event: 5.956 Thread 0x00000243119dd000 DEOPT UNPACKING pc=0x000002430004a1af sp=0x00000069531f8e78 mode 2
Event: 6.271 Thread 0x00000243119dd000 Uncommon trap: trap_request=0xffffff4d fr.pc=0x0000024307b40518 relative=0x0000000000000478
Event: 6.271 Thread 0x00000243119dd000 Uncommon trap: reason=unstable_if action=reinterpret pc=0x0000024307b40518 method=jdk.internal.org.objectweb.asm.Type.getArgumentsAndReturnSizes(Ljava/lang/String;)I @ 47 c2
Event: 6.271 Thread 0x00000243119dd000 DEOPT PACKING pc=0x0000024307b40518 sp=0x00000069531f97e0
Event: 6.271 Thread 0x00000243119dd000 DEOPT UNPACKING pc=0x000002430004a1af sp=0x00000069531f9770 mode 2

Classes redefined (0 events):
No events

Internal exceptions (20 events):
Event: 3.099 Thread 0x0000024375fbb000 Exception <a 'java/lang/NoSuchMethodError'{0x00000000eb913728}: 'java.lang.Object java.lang.invoke.DirectMethodHandle$Holder.invokeStaticInit(java.lang.Object, java.lang.Object, int, int, int, int)'> (0x00000000eb913728) thrown at [./src/hotspot/share/interpreter/linkResolver.cpp, line 773]
Event: 3.231 Thread 0x0000024375fbb000 Exception <a 'java/lang/NoSuchMethodError'{0x00000000eba17d88}: 'void java.lang.invoke.DirectMethodHandle$Holder.invokeInterface(java.lang.Object, java.lang.Object)'> (0x00000000eba17d88) thrown at [./src/hotspot/share/interpreter/linkResolver.cpp, line 773]
Event: 3.265 Thread 0x0000024375fbb000 Exception <a 'java/lang/NoSuchMethodError'{0x00000000eba37220}: 'java.lang.Object java.lang.invoke.DirectMethodHandle$Holder.invokeStatic(java.lang.Object, int, java.lang.Object, java.lang.Object)'> (0x00000000eba37220) thrown at [./src/hotspot/share/interpreter/linkResolver.cpp, line 773]
Event: 3.278 Thread 0x0000024375fbb000 Exception <a 'java/lang/NoSuchMethodError'{0x00000000eba3e5e8}: 'java.lang.Object java.lang.invoke.DirectMethodHandle$Holder.invokeSpecial(java.lang.Object, java.lang.Object, int, java.lang.Object, java.lang.Object)'> (0x00000000eba3e5e8) thrown at [./src/hotspot/share/interpreter/linkResolver.cpp, line 773]
Event: 3.295 Thread 0x0000024375fbb000 Exception <a 'java/lang/NoSuchMethodError'{0x00000000eba64d98}: 'int java.lang.invoke.DirectMethodHandle$Holder.invokeSpecialIFC(java.lang.Object, java.lang.Object, int)'> (0x00000000eba64d98) thrown at [./src/hotspot/share/interpreter/linkResolver.cpp, line 773]
Event: 3.699 Thread 0x0000024375fbb000 Exception <a 'java/lang/NoSuchMethodError'{0x00000000ec05d8b0}: 'java.lang.Object java.lang.invoke.DirectMethodHandle$Holder.invokeStatic(java.lang.Object, int, java.lang.Object)'> (0x00000000ec05d8b0) thrown at [./src/hotspot/share/interpreter/linkResolver.cpp, line 773]
Event: 3.708 Thread 0x0000024375fbb000 Exception <a 'java/lang/NoSuchMethodError'{0x00000000ec079670}: 'java.lang.Object java.lang.invoke.Invokers$Holder.linkToTargetMethod(java.lang.Object, java.lang.Object, java.lang.Object, int, java.lang.Object, java.lang.Object)'> (0x00000000ec079670) thrown at [./src/hotspot/share/interpreter/linkResolver.cpp, line 773]
Event: 4.040 Thread 0x0000024375fbb000 Exception <a 'java/lang/UnsatisfiedLinkError'{0x00000000ec387c68}: 'void org.eclipse.equinox.launcher.JNIBridge._update_splash()'> (0x00000000ec387c68) thrown at [./src/hotspot/share/prims/nativeLookup.cpp, line 528]
Event: 4.048 Thread 0x00000243119dd000 Exception <a 'java/lang/NoSuchMethodError'{0x00000000ec3f3628}: 'java.lang.Object java.lang.invoke.Invokers$Holder.linkToTargetMethod(java.lang.Object, java.lang.Object, java.lang.Object, int, java.lang.Object)'> (0x00000000ec3f3628) thrown at [./src/hotspot/share/interpreter/linkResolver.cpp, line 773]
Event: 4.071 Thread 0x00000243119dd000 Implicit null exception at 0x0000024307af0b0b to 0x0000024307af0bd0
Event: 4.071 Thread 0x00000243118be000 Implicit null exception at 0x0000024307af0b0b to 0x0000024307af0bd0
Event: 4.250 Thread 0x00000243119dd000 Exception <a 'java/lang/NoSuchMethodError'{0x00000000eae53c10}: 'java.lang.Object java.lang.invoke.DirectMethodHandle$Holder.invokeStatic(java.lang.Object, java.lang.Object, java.lang.Object, java.lang.Object, java.lang.Object, java.lang.Object, java.lang.Object, java.lang.Object, java.lang.Object, java.lang.Object, java.lang.Object, java.lang.Object, java.lang.Object, java.lang.Object, java.lang.Object)'> (0x00000000eae53c10) thrown at [./src/hotspot/share/interpreter/linkResolver.cpp, line 773]
Event: 4.255 Thread 0x00000243119dd000 Exception <a 'java/lang/NoSuchMethodError'{0x00000000eae61c18}: 'java.lang.Object java.lang.invoke.DirectMethodHandle$Holder.invokeStatic(java.lang.Object, java.lang.Object, java.lang.Object, java.lang.Object, java.lang.Object, java.lang.Object, java.lang.Object, java.lang.Object, java.lang.Object, java.lang.Object, java.lang.Object, java.lang.Object, java.lang.Object, java.lang.Object, java.lang.Object, java.lang.Object)'> (0x00000000eae61c18) thrown at [./src/hotspot/share/interpreter/linkResolver.cpp, l
Event: 4.257 Thread 0x00000243119dd000 Exception <a 'java/lang/NoSuchMethodError'{0x00000000eae6fb30}: 'java.lang.Object java.lang.invoke.DirectMethodHandle$Holder.invokeSpecial(java.lang.Object, java.lang.Object, int, int, java.lang.Object, java.lang.Object, java.lang.Object)'> (0x00000000eae6fb30) thrown at [./src/hotspot/share/interpreter/linkResolver.cpp, line 773]
Event: 4.257 Thread 0x00000243119dd000 Exception <a 'java/lang/NoSuchMethodError'{0x00000000eae73388}: 'java.lang.Object java.lang.invoke.DelegatingMethodHandle$Holder.reinvoke_L(java.lang.Object, int, int, java.lang.Object, java.lang.Object, java.lang.Object)'> (0x00000000eae73388) thrown at [./src/hotspot/share/interpreter/linkResolver.cpp, line 773]
Event: 5.448 Thread 0x00000243119dd000 Exception <a 'java/io/FileNotFoundException'{0x00000000ebb966a0}> (0x00000000ebb966a0) thrown at [./src/hotspot/share/prims/jni.cpp, line 615]
Event: 5.800 Thread 0x00000243119dd000 Exception <a 'java/lang/NoSuchMethodError'{0x00000000ec030278}: 'void java.lang.invoke.DirectMethodHandle$Holder.invokeSpecial(java.lang.Object, java.lang.Object, java.lang.Object, java.lang.Object)'> (0x00000000ec030278) thrown at [./src/hotspot/share/interpreter/linkResolver.cpp, line 773]
Event: 5.829 Thread 0x00000243119dd000 Exception <a 'java/io/FileNotFoundException'{0x00000000ec05a748}> (0x00000000ec05a748) thrown at [./src/hotspot/share/prims/jni.cpp, line 615]
Event: 6.231 Thread 0x00000243119dd000 Exception <a 'java/lang/NoSuchMethodError'{0x00000000eac47030}: 'int java.lang.invoke.DirectMethodHandle$Holder.invokeStaticInit(java.lang.Object, java.lang.Object, java.lang.Object)'> (0x00000000eac47030) thrown at [./src/hotspot/share/interpreter/linkResolver.cpp, line 773]
Event: 6.257 Thread 0x00000243119dd000 Exception <a 'java/lang/IncompatibleClassChangeError'{0x00000000eac8db40}: Found class java.lang.Object, but interface was expected> (0x00000000eac8db40) thrown at [./src/hotspot/share/interpreter/linkResolver.cpp, line 839]

Events (20 events):
Event: 6.372 loading class org/eclipse/core/runtime/IProgressMonitor
Event: 6.372 loading class org/eclipse/core/runtime/IProgressMonitor done
Event: 6.373 loading class org/eclipse/core/runtime/IProgressMonitor
Event: 6.373 loading class org/eclipse/core/runtime/IProgressMonitor done
Event: 6.373 loading class org/eclipse/jdt/internal/core/search/indexing/IndexNamesRegistry
Event: 6.373 loading class org/eclipse/jdt/internal/core/search/indexing/IndexNamesRegistry done
Event: 6.375 Executing VM operation: RevokeBias
Event: 6.376 Executing VM operation: RevokeBias done
Event: 6.376 Executing VM operation: RevokeBias
Event: 6.376 Executing VM operation: RevokeBias done
Event: 6.383 Executing VM operation: RevokeBias
Event: 6.383 Executing VM operation: RevokeBias done
Event: 6.383 Executing VM operation: RevokeBias
Event: 6.383 Executing VM operation: RevokeBias done
Event: 6.383 Executing VM operation: RevokeBias
Event: 6.383 Executing VM operation: RevokeBias done
Event: 6.450 loading class org/eclipse/jdt/internal/compiler/lookup/ReferenceBinding
Event: 6.450 loading class org/eclipse/jdt/internal/compiler/lookup/ReferenceBinding done
Event: 6.450 loading class org/eclipse/jdt/internal/compiler/lookup/ReferenceBinding
Event: 6.450 loading class org/eclipse/jdt/internal/compiler/lookup/ReferenceBinding done


Dynamic libraries:
0x00007ff734760000 - 0x00007ff73476d000 	C:\Program Files\Eclipse Foundation\jdk-11.0.12.7-hotspot\bin\java.exe
0x00007ffb52810000 - 0x00007ffb52a04000 	C:\WINDOWS\SYSTEM32\ntdll.dll
0x00007ffb51cc0000 - 0x00007ffb51d7d000 	C:\WINDOWS\System32\KERNEL32.DLL
0x00007ffb503a0000 - 0x00007ffb50667000 	C:\WINDOWS\System32\KERNELBASE.dll
0x00007ffb50770000 - 0x00007ffb50870000 	C:\WINDOWS\System32\ucrtbase.dll
0x00007ffb39b40000 - 0x00007ffb39b57000 	C:\Program Files\Eclipse Foundation\jdk-11.0.12.7-hotspot\bin\jli.dll
0x00007ffb50a30000 - 0x00007ffb50bd0000 	C:\WINDOWS\System32\USER32.dll
0x00007ffb50160000 - 0x00007ffb50182000 	C:\WINDOWS\System32\win32u.dll
0x00007ffb517c0000 - 0x00007ffb517ea000 	C:\WINDOWS\System32\GDI32.dll
0x00007ffb501e0000 - 0x00007ffb502ea000 	C:\WINDOWS\System32\gdi32full.dll
0x00007ffb50670000 - 0x00007ffb5070d000 	C:\WINDOWS\System32\msvcp_win.dll
0x00007ffb3f150000 - 0x00007ffb3f3ea000 	C:\WINDOWS\WinSxS\amd64_microsoft.windows.common-controls_6595b64144ccf1df_6.0.19041.1_none_b555e41d4684ddec\COMCTL32.dll
0x00007ffb50d30000 - 0x00007ffb50dce000 	C:\WINDOWS\System32\msvcrt.dll
0x00007ffb252f0000 - 0x00007ffb25305000 	C:\Program Files\Eclipse Foundation\jdk-11.0.12.7-hotspot\bin\VCRUNTIME140.dll
0x00007ffb51ae0000 - 0x00007ffb51b10000 	C:\WINDOWS\System32\IMM32.DLL
0x00007ffb07b10000 - 0x00007ffb07bab000 	C:\Program Files\Eclipse Foundation\jdk-11.0.12.7-hotspot\bin\msvcp140.dll
0x00007ffb01ee0000 - 0x00007ffb02a39000 	C:\Program Files\Eclipse Foundation\jdk-11.0.12.7-hotspot\bin\server\jvm.dll
0x00007ffb51860000 - 0x00007ffb5190a000 	C:\WINDOWS\System32\ADVAPI32.dll
0x00007ffb51e10000 - 0x00007ffb51eab000 	C:\WINDOWS\System32\sechost.dll
0x00007ffb51b10000 - 0x00007ffb51c33000 	C:\WINDOWS\System32\RPCRT4.dll
0x00007ffb51eb0000 - 0x00007ffb51eb8000 	C:\WINDOWS\System32\PSAPI.DLL
0x00007ffb4b690000 - 0x00007ffb4b699000 	C:\WINDOWS\SYSTEM32\WSOCK32.dll
0x00007ffb517f0000 - 0x00007ffb5185b000 	C:\WINDOWS\System32\WS2_32.dll
0x00007ffb40d60000 - 0x00007ffb40d87000 	C:\WINDOWS\SYSTEM32\WINMM.dll
0x00007ffb47770000 - 0x00007ffb4777a000 	C:\WINDOWS\SYSTEM32\VERSION.dll
0x00007ffb4e850000 - 0x00007ffb4e863000 	C:\WINDOWS\SYSTEM32\kernel.appcore.dll
0x00007ffb48c50000 - 0x00007ffb48c60000 	C:\Program Files\Eclipse Foundation\jdk-11.0.12.7-hotspot\bin\verify.dll
0x00007ffb4e580000 - 0x00007ffb4e764000 	C:\WINDOWS\SYSTEM32\DBGHELP.DLL
0x00007ffb490f0000 - 0x00007ffb4911c000 	C:\WINDOWS\SYSTEM32\dbgcore.DLL
0x00007ffb500e0000 - 0x00007ffb5015f000 	C:\WINDOWS\System32\bcryptPrimitives.dll
0x00007ffb218e0000 - 0x00007ffb21908000 	C:\Program Files\Eclipse Foundation\jdk-11.0.12.7-hotspot\bin\java.dll
0x00007ffb40de0000 - 0x00007ffb40dea000 	C:\Program Files\Eclipse Foundation\jdk-11.0.12.7-hotspot\bin\jimage.dll
0x00007ffb23410000 - 0x00007ffb23427000 	C:\Program Files\Eclipse Foundation\jdk-11.0.12.7-hotspot\bin\zip.dll
0x00007ffb51ec0000 - 0x00007ffb525f1000 	C:\WINDOWS\System32\SHELL32.dll
0x00007ffb4dd30000 - 0x00007ffb4e4ba000 	C:\WINDOWS\SYSTEM32\windows.storage.dll
0x00007ffb51450000 - 0x00007ffb517a4000 	C:\WINDOWS\System32\combase.dll
0x00007ffb4f9d0000 - 0x00007ffb4f9fb000 	C:\WINDOWS\SYSTEM32\Wldp.dll
0x00007ffb52600000 - 0x00007ffb526ae000 	C:\WINDOWS\System32\SHCORE.dll
0x00007ffb51970000 - 0x00007ffb519c5000 	C:\WINDOWS\System32\shlwapi.dll
0x00007ffb4fe90000 - 0x00007ffb4feaf000 	C:\WINDOWS\SYSTEM32\profapi.dll
0x00007ffb21180000 - 0x00007ffb21199000 	C:\Program Files\Eclipse Foundation\jdk-11.0.12.7-hotspot\bin\net.dll
0x00007ffb3fe80000 - 0x00007ffb3ff82000 	C:\WINDOWS\SYSTEM32\WINHTTP.dll
0x00007ffb4f750000 - 0x00007ffb4f7ba000 	C:\WINDOWS\system32\mswsock.dll
0x00007ffb1eb60000 - 0x00007ffb1eb72000 	C:\Program Files\Eclipse Foundation\jdk-11.0.12.7-hotspot\bin\nio.dll
0x00007ffb4f920000 - 0x00007ffb4f938000 	C:\WINDOWS\SYSTEM32\CRYPTSP.dll
0x00007ffb4f070000 - 0x00007ffb4f0a4000 	C:\WINDOWS\system32\rsaenh.dll
0x00007ffb500b0000 - 0x00007ffb500d7000 	C:\WINDOWS\System32\bcrypt.dll
0x00007ffb4fe10000 - 0x00007ffb4fe3e000 	C:\WINDOWS\SYSTEM32\USERENV.dll
0x00007ffb4f940000 - 0x00007ffb4f94c000 	C:\WINDOWS\SYSTEM32\CRYPTBASE.dll
0x00007ffb4f3f0000 - 0x00007ffb4f42b000 	C:\WINDOWS\SYSTEM32\IPHLPAPI.DLL
0x00007ffb50bd0000 - 0x00007ffb50bd9000 	C:\WINDOWS\System32\NSI.dll
0x00007ffb41e00000 - 0x00007ffb41e17000 	C:\WINDOWS\SYSTEM32\dhcpcsvc6.DLL
0x00007ffb421d0000 - 0x00007ffb421ed000 	C:\WINDOWS\SYSTEM32\dhcpcsvc.DLL
0x00007ffb4f440000 - 0x00007ffb4f50a000 	C:\WINDOWS\SYSTEM32\DNSAPI.dll
0x00007ffb18080000 - 0x00007ffb180be000 	C:\Users\User\AppData\Roaming\Code\User\globalStorage\redhat.java\0.82.0\config_win\org.eclipse.equinox.launcher\org.eclipse.equinox.launcher.win32.win32.x86_64_1.2.300.v20210828-0802\eclipse_11506.dll
0x00007ffb50c00000 - 0x00007ffb50d2b000 	C:\WINDOWS\System32\ole32.dll

dbghelp: loaded successfully - version: 4.0.5 - missing functions: none
symbol engine: initialized successfully - sym options: 0x614 - pdb path: .;C:\Program Files\Eclipse Foundation\jdk-11.0.12.7-hotspot\bin;C:\WINDOWS\SYSTEM32;C:\WINDOWS\WinSxS\amd64_microsoft.windows.common-controls_6595b64144ccf1df_6.0.19041.1_none_b555e41d4684ddec;C:\Program Files\Eclipse Foundation\jdk-11.0.12.7-hotspot\bin\server;C:\Users\User\AppData\Roaming\Code\User\globalStorage\redhat.java\0.82.0\config_win\org.eclipse.equinox.launcher\org.eclipse.equinox.launcher.win32.win32.x86_64_1.2.300.v20210828-0802

VM Arguments:
jvm_args: --add-modules=ALL-SYSTEM --add-opens=java.base/java.util=ALL-UNNAMED --add-opens=java.base/java.lang=ALL-UNNAMED -Declipse.application=org.eclipse.jdt.ls.core.id1 -Dosgi.bundles.defaultStartLevel=4 -Declipse.product=org.eclipse.jdt.ls.core.product -Dfile.encoding=utf8 -DwatchParentProcess=false -XX:+UseParallelGC -XX:GCTimeRatio=4 -XX:AdaptiveSizePolicyWeight=90 -Dsun.zip.disableMemoryMapping=true -Xmx1G -Xms100m -Xverify:none 
java_command: c:\Users\User\.vscode\extensions\redhat.java-0.82.0\server\plugins\org.eclipse.equinox.launcher_1.6.300.v20210813-1054.jar -configuration c:\Users\User\AppData\Roaming\Code\User\globalStorage\redhat.java\0.82.0\config_win -data c:\Users\User\AppData\Roaming\Code\User\workspaceStorage\c3096344b3a4e59383c1365647bf3051\redhat.java\jdt_ws
java_class_path (initial): c:\Users\User\.vscode\extensions\redhat.java-0.82.0\server\plugins\org.eclipse.equinox.launcher_1.6.300.v20210813-1054.jar
Launcher Type: SUN_STANDARD

[Global flags]
    uintx AdaptiveSizePolicyWeight                 = 90                                        {product} {command line}
     bool BytecodeVerificationLocal                = false                                     {product} {command line}
     bool BytecodeVerificationRemote               = false                                     {product} {command line}
     intx CICompilerCount                          = 3                                         {product} {ergonomic}
    uintx GCTimeRatio                              = 4                                         {product} {command line}
   size_t InitialHeapSize                          = 104857600                                 {product} {command line}
   size_t MaxHeapSize                              = 1073741824                                {product} {command line}
   size_t MaxNewSize                               = 357564416                                 {product} {ergonomic}
   size_t MinHeapDeltaBytes                        = 524288                                    {product} {ergonomic}
   size_t NewSize                                  = 34603008                                  {product} {ergonomic}
    uintx NonNMethodCodeHeapSize                   = 5830732                                {pd product} {ergonomic}
    uintx NonProfiledCodeHeapSize                  = 122913754                              {pd product} {ergonomic}
   size_t OldSize                                  = 70254592                                  {product} {ergonomic}
    uintx ProfiledCodeHeapSize                     = 122913754                              {pd product} {ergonomic}
    uintx ReservedCodeCacheSize                    = 251658240                              {pd product} {ergonomic}
     bool SegmentedCodeCache                       = true                                      {product} {ergonomic}
     bool UseCompressedClassPointers               = true                                 {lp64_product} {ergonomic}
     bool UseCompressedOops                        = true                                 {lp64_product} {ergonomic}
     bool UseLargePagesIndividualAllocation        = false                                  {pd product} {ergonomic}
     bool UseParallelGC                            = true                                      {product} {command line}

Logging:
Log output configuration:
 #0: stdout all=warning uptime,level,tags
 #1: stderr all=off uptime,level,tags

Environment Variables:
JAVA_HOME=C:\Program Files\Eclipse Foundation\jdk-11.0.12.7-hotspot
PATH=C:\Program Files\Eclipse Foundation\jdk-11.0.12.7-hotspot\bin;C:\ProgramData\Oracle\Java\javapath;C:\Program Files\Rockwell Software\RSCommon;C:\Program Files\ImageMagick-7.0.10-Q16-HDRI;C:\Program Files (x86)\Intel\TXE Components\TCS\;C:\Program Files\Intel\TXE Components\TCS\;C:\Windows\system32;C:\Windows;C:\Windows\System32\Wbem;C:\Windows\System32\WindowsPowerShell\v1.0\;C:\Program Files (x86)\NVIDIA Corporation\PhysX\Common;C:\Program Files\Microsoft SQL Server\130\Tools\Binn\;C:\Program Files\dotnet\;C:\Program Files\MiKTeX 2.9\miktex\bin\x64\;C:\WINDOWS\system32;C:\WINDOWS;C:\WINDOWS\System32\Wbem;C:\WINDOWS\System32\WindowsPowerShell\v1.0\;C:\WINDOWS\System32\OpenSSH\;C:\Program Files\MATLAB\R2018a\runtime\win64;C:\Program Files\MATLAB\R2018a\bin;C:\Program Files\nodejs\;C:\ProgramData\chocolatey\bin;C:\Program Files\Microsoft SQL Server\Client SDK\ODBC\130\Tools\Binn\;C:\Program Files (x86)\Microsoft SQL Server\140\Tools\Binn\;C:\Program Files\Microsoft SQL Server\140\Tools\Binn\;C:\Program Files\Microsoft SQL Server\140\DTS\Binn\;C:\Program Files (x86)\Microsoft SQL Server\150\DTS\Binn\;C:\Program Files\Git\cmd;C:\apache-maven-3.8.3\bin;C:\Program Files\Eclipse Foundation\jdk-11.0.12.7-hotspot\bin;C:\Program Files\MySQL\MySQL Shell 8.0\bin\;C:\Users\User\AppData\Local\Microsoft\WindowsApps;C:\Users\User\AppData\Local\atom\bin;C:\Users\User\AppData\Roaming\npm;C:\Users\User\AppData\Local\Microsoft\WindowsApps;C:\Users\User\AppData\Local\Programs\Microsoft VS Code\bin;C:\Program Files\Python36;C:\Program Files\Python36\Scripts;
USERNAME=User
OS=Windows_NT
PROCESSOR_IDENTIFIER=Intel64 Family 6 Model 142 Stepping 9, GenuineIntel



---------------  S Y S T E M  ---------------

OS: Windows 10 , 64 bit Build 19041 (10.0.19041.1)
OS uptime: 7 days 0:59 hours

CPU:total 4 (initial active 4) (2 cores per cpu, 2 threads per core) family 6 model 142 stepping 9 microcode 0xb4, cmov, cx8, fxsr, mmx, sse, sse2, sse3, ssse3, sse4.1, sse4.2, popcnt, avx, avx2, aes, clmul, erms, 3dnowpref, lzcnt, ht, tsc, tscinvbit, bmi1, bmi2, adx, fma

Memory: 4k page, system-wide physical 8073M (1451M free)
TotalPageFile size 8073M (AvailPageFile size 8M)
current process WorkingSet (physical memory assigned to process): 112M, peak: 112M
current process commit charge ("private bytes"): 212M, peak: 212M

vm_info: OpenJDK 64-Bit Server VM (11.0.12+7) for windows-amd64 JRE (11.0.12+7), built on Jul 21 2021 16:23:49 by "" with unknown MS VC++:1916

END.
