#
# There is insufficient memory for the Java Runtime Environment to continue.
# Native memory allocation (malloc) failed to allocate 697136 bytes for Chunk::new
# Possible reasons:
#   The system is out of physical RAM or swap space
#   The process is running with CompressedOops enabled, and the Java Heap may be blocking the growth of the native heap
# Possible solutions:
#   Reduce memory load on the system
#   Increase physical memory or swap space
#   Check if swap backing store is full
#   Decrease Java heap size (-Xmx/-Xms)
#   Decrease number of Java threads
#   Decrease Java thread stack sizes (-Xss)
#   Set larger code cache with -XX:ReservedCodeCacheSize=
#   JVM is running with Unscaled Compressed Oops mode in which the Java heap is
#     placed in the first 4GB address space. The Java Heap base address is the
#     maximum limit for the native heap growth. Please use -XX:HeapBaseMinAddress
#     to set the Java Heap base and to place the Java Heap above 4GB virtual address.
# This output file may be truncated or incomplete.
#
#  Out of Memory Error (./src/hotspot/share/memory/arena.cpp:197), pid=7856, tid=10004
#
# JRE version: OpenJDK Runtime Environment Temurin-11.0.12+7 (11.0.12+7) (build 11.0.12+7)
# Java VM: OpenJDK 64-Bit Server VM Temurin-11.0.12+7 (11.0.12+7, mixed mode, tiered, compressed oops, parallel gc, windows-amd64)
# No core dump will be written. Minidumps are not enabled by default on client versions of Windows
#

---------------  S U M M A R Y ------------

Command Line: --add-modules=ALL-SYSTEM --add-opens=java.base/java.util=ALL-UNNAMED --add-opens=java.base/java.lang=ALL-UNNAMED -Declipse.application=org.eclipse.jdt.ls.core.id1 -Dosgi.bundles.defaultStartLevel=4 -Declipse.product=org.eclipse.jdt.ls.core.product -Dfile.encoding=utf8 -DwatchParentProcess=false -XX:+UseParallelGC -XX:GCTimeRatio=4 -XX:AdaptiveSizePolicyWeight=90 -Dsun.zip.disableMemoryMapping=true -Xmx1G -Xms100m -Xverify:none c:\Users\User\.vscode\extensions\redhat.java-0.82.0\server\plugins\org.eclipse.equinox.launcher_1.6.300.v20210813-1054.jar -configuration c:\Users\User\AppData\Roaming\Code\User\globalStorage\redhat.java\0.82.0\config_ss_win -data c:\Users\User\AppData\Roaming\Code\User\workspaceStorage\c3096344b3a4e59383c1365647bf3051\redhat.java\ss_ws

Host: Intel(R) Core(TM) i5-7200U CPU @ 2.50GHz, 4 cores, 7G,  Windows 10 , 64 bit Build 19041 (10.0.19041.1)
Time: Sat Oct 16 16:32:55 2021 Hora est. Pacífico, Sudamérica elapsed time: 4.753863 seconds (0d 0h 0m 4s)

---------------  T H R E A D  ---------------

Current thread (0x0000014d4f614000):  JavaThread "C2 CompilerThread0" daemon [_thread_in_native, id=10004, stack(0x000000370fe00000,0x000000370ff00000)]


Current CompileTask:
C2:   4754 2753       4       jdk.internal.jrtfs.JrtFileSystem::checkNode (40 bytes)

Stack: [0x000000370fe00000,0x000000370ff00000]
Native frames: (J=compiled Java code, j=interpreted, Vv=VM code, C=native code)
V  [jvm.dll+0x601d0a]
V  [jvm.dll+0x78ab6e]
V  [jvm.dll+0x78c23f]
V  [jvm.dll+0x78c903]
V  [jvm.dll+0x24be68]
V  [jvm.dll+0xc219c]
V  [jvm.dll+0xc275c]
V  [jvm.dll+0x354857]
V  [jvm.dll+0x321f63]
V  [jvm.dll+0x32129a]
V  [jvm.dll+0x205515]
V  [jvm.dll+0x2046fd]
V  [jvm.dll+0x1898fc]
V  [jvm.dll+0x213d67]
V  [jvm.dll+0x211f2b]
V  [jvm.dll+0x74ec19]
V  [jvm.dll+0x747c84]
V  [jvm.dll+0x600ba6]
C  [ucrtbase.dll+0x21542]
C  [KERNEL32.DLL+0x16fd4]
C  [ntdll.dll+0x4cf31]


---------------  P R O C E S S  ---------------

Threads class SMR info:
_java_thread_list=0x0000014d51e31420, length=21, elements={
0x0000014d3360b800, 0x0000014d4f5f0800, 0x0000014d4f5f1800, 0x0000014d507d2800,
0x0000014d4f611800, 0x0000014d4f613800, 0x0000014d4f614000, 0x0000014d4f654000,
0x0000014d4f655800, 0x0000014d508f2800, 0x0000014d50be1800, 0x0000014d5110c800,
0x0000014d51a72800, 0x0000014d51a73000, 0x0000014d50d8c000, 0x0000014d510e3800,
0x0000014d511d9000, 0x0000014d511f5000, 0x0000014d51b74800, 0x0000014d51d0e800,
0x0000014d51d14000
}

Java Threads: ( => current thread )
  0x0000014d3360b800 JavaThread "main" [_thread_blocked, id=2340, stack(0x000000370f600000,0x000000370f700000)]
  0x0000014d4f5f0800 JavaThread "Reference Handler" daemon [_thread_blocked, id=8708, stack(0x000000370f900000,0x000000370fa00000)]
  0x0000014d4f5f1800 JavaThread "Finalizer" daemon [_thread_blocked, id=8912, stack(0x000000370fa00000,0x000000370fb00000)]
  0x0000014d507d2800 JavaThread "Signal Dispatcher" daemon [_thread_blocked, id=504, stack(0x000000370fb00000,0x000000370fc00000)]
  0x0000014d4f611800 JavaThread "Attach Listener" daemon [_thread_blocked, id=13608, stack(0x000000370fc00000,0x000000370fd00000)]
  0x0000014d4f613800 JavaThread "Service Thread" daemon [_thread_blocked, id=15496, stack(0x000000370fd00000,0x000000370fe00000)]
=>0x0000014d4f614000 JavaThread "C2 CompilerThread0" daemon [_thread_in_native, id=10004, stack(0x000000370fe00000,0x000000370ff00000)]
  0x0000014d4f654000 JavaThread "C1 CompilerThread0" daemon [_thread_blocked, id=4452, stack(0x000000370ff00000,0x0000003710000000)]
  0x0000014d4f655800 JavaThread "Sweeper thread" daemon [_thread_blocked, id=9276, stack(0x0000003710000000,0x0000003710100000)]
  0x0000014d508f2800 JavaThread "Common-Cleaner" daemon [_thread_blocked, id=11648, stack(0x0000003710100000,0x0000003710200000)]
  0x0000014d50be1800 JavaThread "C2 CompilerThread1" daemon [_thread_in_native, id=11280, stack(0x0000003710300000,0x0000003710400000)]
  0x0000014d5110c800 JavaThread "Active Thread: Equinox Container: 136ddfb6-daf3-4040-a1d5-760ce343d152" [_thread_blocked, id=11952, stack(0x0000003710400000,0x0000003710500000)]
  0x0000014d51a72800 JavaThread "Framework Event Dispatcher: Equinox Container: 136ddfb6-daf3-4040-a1d5-760ce343d152" daemon [_thread_blocked, id=13340, stack(0x0000003710500000,0x0000003710600000)]
  0x0000014d51a73000 JavaThread "Start Level: Equinox Container: 136ddfb6-daf3-4040-a1d5-760ce343d152" daemon [_thread_blocked, id=10860, stack(0x0000003710600000,0x0000003710700000)]
  0x0000014d50d8c000 JavaThread "SCR Component Actor" daemon [_thread_blocked, id=14160, stack(0x0000003710700000,0x0000003710800000)]
  0x0000014d510e3800 JavaThread "Timer-0" daemon [_thread_blocked, id=1216, stack(0x0000003710b00000,0x0000003710c00000)]
  0x0000014d511d9000 JavaThread "Worker-JM" [_thread_blocked, id=2420, stack(0x0000003710c00000,0x0000003710d00000)]
  0x0000014d511f5000 JavaThread "Worker-0" [_thread_blocked, id=7848, stack(0x0000003710d00000,0x0000003710e00000)]
  0x0000014d51b74800 JavaThread "Worker-1: Initialize Workspace" [_thread_in_Java, id=3792, stack(0x0000003710e00000,0x0000003710f00000)]
  0x0000014d51d0e800 JavaThread "Worker-2" [_thread_blocked, id=12780, stack(0x0000003710f00000,0x0000003711000000)]
  0x0000014d51d14000 JavaThread "pool-1-thread-1" [_thread_in_native, id=11332, stack(0x0000003711000000,0x0000003711100000)]

Other Threads:
  0x0000014d4f527000 VMThread "VM Thread" [stack: 0x000000370f800000,0x000000370f900000] [id=13300]
  0x0000014d509b2800 WatcherThread [stack: 0x0000003710200000,0x0000003710300000] [id=14052]
  0x0000014d33625800 GCTaskThread "ParGC Thread#0" [stack: 0x000000370f700000,0x000000370f800000] [id=14920]
  0x0000014d51301000 GCTaskThread "ParGC Thread#1" [stack: 0x0000003710800000,0x0000003710900000] [id=72]
  0x0000014d51301800 GCTaskThread "ParGC Thread#2" [stack: 0x0000003710900000,0x0000003710a00000] [id=4140]
  0x0000014d51302800 GCTaskThread "ParGC Thread#3" [stack: 0x0000003710a00000,0x0000003710b00000] [id=15988]

Threads with active compile tasks:
C2 CompilerThread0   4792 2753       4       jdk.internal.jrtfs.JrtFileSystem::checkNode (40 bytes)
C2 CompilerThread1   4792 2777  s    4       jdk.internal.jimage.ImageReader$SharedImageReader::findNode (36 bytes)

VM state:not at safepoint (normal execution)

VM Mutex/Monitor currently owned by a thread: None

Heap address: 0x00000000c0000000, size: 1024 MB, Compressed Oops mode: 32-bit
Narrow klass base: 0x0000000000000000, Narrow klass shift: 3
Compressed class space size: 1073741824 Address: 0x0000000100000000

Heap:
 PSYoungGen      total 29696K, used 24499K [0x00000000eab00000, 0x00000000ecc00000, 0x0000000100000000)
  eden space 25600K, 85% used [0x00000000eab00000,0x00000000ec055140,0x00000000ec400000)
  from space 4096K, 64% used [0x00000000ec400000,0x00000000ec697db0,0x00000000ec800000)
  to   space 4096K, 0% used [0x00000000ec800000,0x00000000ec800000,0x00000000ecc00000)
 ParOldGen       total 68608K, used 5690K [0x00000000c0000000, 0x00000000c4300000, 0x00000000eab00000)
  object space 68608K, 8% used [0x00000000c0000000,0x00000000c058ea88,0x00000000c4300000)
 Metaspace       used 30133K, capacity 31957K, committed 32000K, reserved 1077248K
  class space    used 2906K, capacity 3557K, committed 3584K, reserved 1048576K

Card table byte_map: [0x0000014d4c6f0000,0x0000014d4c900000] _byte_map_base: 0x0000014d4c0f0000

Marking Bits: (ParMarkBitMap*) 0x00007ffb02b9bcf0
 Begin Bits: [0x0000014d4ca60000, 0x0000014d4da60000)
 End Bits:   [0x0000014d4da60000, 0x0000014d4ea60000)

Polling page: 0x0000014d33450000

Metaspace:

Usage:
  Non-class:     27.73 MB capacity,    26.59 MB ( 96%) used,     1.08 MB (  4%) free+waste,    66.13 KB ( <1%) overhead. 
      Class:      3.47 MB capacity,     2.84 MB ( 82%) used,   617.48 KB ( 17%) free+waste,    32.56 KB ( <1%) overhead. 
       Both:     31.21 MB capacity,    29.43 MB ( 94%) used,     1.68 MB (  5%) free+waste,    98.69 KB ( <1%) overhead. 

Virtual space:
  Non-class space:       28.00 MB reserved,      27.75 MB (>99%) committed 
      Class space:        1.00 GB reserved,       3.50 MB ( <1%) committed 
             Both:        1.03 GB reserved,      31.25 MB (  3%) committed 

Chunk freelists:
   Non-Class:  16.00 KB
       Class:  27.00 KB
        Both:  43.00 KB

MaxMetaspaceSize: 17179869184.00 GB
CompressedClassSpaceSize: 1.00 GB
Initial GC threshold: 20.80 MB
Current GC threshold: 34.59 MB
CDS: off

CodeHeap 'non-profiled nmethods': size=120064Kb used=1024Kb max_used=1024Kb free=119039Kb
 bounds [0x0000014d44fd0000, 0x0000014d45240000, 0x0000014d4c510000]
CodeHeap 'profiled nmethods': size=120000Kb used=5692Kb max_used=5692Kb free=114307Kb
 bounds [0x0000014d3daa0000, 0x0000014d3e030000, 0x0000014d44fd0000]
CodeHeap 'non-nmethods': size=5696Kb used=1248Kb max_used=1272Kb free=4448Kb
 bounds [0x0000014d3d510000, 0x0000014d3d780000, 0x0000014d3daa0000]
 total_blobs=3295 nmethods=2773 adapters=436
 compilation: enabled
              stopped_count=0, restarted_count=0
 full_count=0

Compilation events (20 events):
Event: 4.722 Thread 0x0000014d4f654000 nmethod 2760 0x0000014d3e01fe90 code [0x0000014d3e020040, 0x0000014d3e020158]
Event: 4.727 Thread 0x0000014d4f654000 2761       1       org.eclipse.core.internal.resources.Resource::getFullPath (5 bytes)
Event: 4.727 Thread 0x0000014d4f654000 nmethod 2761 0x0000014d450c7d10 code [0x0000014d450c7ec0, 0x0000014d450c7f78]
Event: 4.740 Thread 0x0000014d4f654000 2762       3       jdk.internal.jrtfs.JrtPath::getName (116 bytes)
Event: 4.742 Thread 0x0000014d4f654000 nmethod 2762 0x0000014d3e020210 code [0x0000014d3e020500, 0x0000014d3e0212a8]
Event: 4.742 Thread 0x0000014d4f654000 2763       3       org.eclipse.jdt.internal.core.util.HashtableOfArrayToObject::getKey (66 bytes)
Event: 4.743 Thread 0x0000014d4f654000 nmethod 2763 0x0000014d3e021890 code [0x0000014d3e021aa0, 0x0000014d3e0220b8]
Event: 4.743 Thread 0x0000014d4f654000 2765       3       org.eclipse.jdt.internal.core.util.HashtableOfArrayToObject::hashCode (8 bytes)
Event: 4.743 Thread 0x0000014d4f654000 nmethod 2765 0x0000014d3e022410 code [0x0000014d3e0225e0, 0x0000014d3e022988]
Event: 4.743 Thread 0x0000014d4f654000 2766       3       jdk.internal.jrtfs.JrtPath::subpath (7 bytes)
Event: 4.743 Thread 0x0000014d4f654000 nmethod 2766 0x0000014d3e022b90 code [0x0000014d3e022d40, 0x0000014d3e022e68]
Event: 4.743 Thread 0x0000014d4f654000 2767       3       jdk.internal.jrtfs.JrtPath::subpath (129 bytes)
Event: 4.745 Thread 0x0000014d4f654000 nmethod 2767 0x0000014d3e022f10 code [0x0000014d3e023240, 0x0000014d3e024168]
Event: 4.745 Thread 0x0000014d4f654000 2769       3       org.eclipse.jdt.internal.core.util.HashtableOfArrayToObject::get (69 bytes)
Event: 4.745 Thread 0x0000014d4f654000 nmethod 2769 0x0000014d3e024810 code [0x0000014d3e024a00, 0x0000014d3e024e38]
Event: 4.745 Thread 0x0000014d4f654000 2768       3       jdk.internal.jimage.ImageLocation::buildName (128 bytes)
Event: 4.747 Thread 0x0000014d4f654000 nmethod 2768 0x0000014d3e025090 code [0x0000014d3e025400, 0x0000014d3e0265b8]
Event: 4.747 Thread 0x0000014d4f654000 2770       3       org.eclipse.jdt.internal.compiler.util.Util::isClassFileName (82 bytes)
Event: 4.748 Thread 0x0000014d4f654000 nmethod 2770 0x0000014d3e026b90 code [0x0000014d3e026de0, 0x0000014d3e0276f8]
Event: 4.748 Thread 0x0000014d4f654000 2771       3       org.eclipse.jdt.internal.core.JarPackageFragmentRoot::initRawPackageInfo (349 bytes)

GC Heap History (8 events):
Event: 2.444 GC heap before
{Heap before GC invocations=1 (full 0):
 PSYoungGen      total 29696K, used 25600K [0x00000000eab00000, 0x00000000ecc00000, 0x0000000100000000)
  eden space 25600K, 100% used [0x00000000eab00000,0x00000000ec400000,0x00000000ec400000)
  from space 4096K, 0% used [0x00000000ec800000,0x00000000ec800000,0x00000000ecc00000)
  to   space 4096K, 0% used [0x00000000ec400000,0x00000000ec400000,0x00000000ec800000)
 ParOldGen       total 68608K, used 0K [0x00000000c0000000, 0x00000000c4300000, 0x00000000eab00000)
  object space 68608K, 0% used [0x00000000c0000000,0x00000000c0000000,0x00000000c4300000)
 Metaspace       used 13620K, capacity 13960K, committed 14208K, reserved 1062912K
  class space    used 1263K, capacity 1380K, committed 1408K, reserved 1048576K
}
Event: 2.451 GC heap after
{Heap after GC invocations=1 (full 0):
 PSYoungGen      total 29696K, used 3931K [0x00000000eab00000, 0x00000000ecc00000, 0x0000000100000000)
  eden space 25600K, 0% used [0x00000000eab00000,0x00000000eab00000,0x00000000ec400000)
  from space 4096K, 95% used [0x00000000ec400000,0x00000000ec7d6cd0,0x00000000ec800000)
  to   space 4096K, 0% used [0x00000000ec800000,0x00000000ec800000,0x00000000ecc00000)
 ParOldGen       total 68608K, used 16K [0x00000000c0000000, 0x00000000c4300000, 0x00000000eab00000)
  object space 68608K, 0% used [0x00000000c0000000,0x00000000c0004000,0x00000000c4300000)
 Metaspace       used 13620K, capacity 13960K, committed 14208K, reserved 1062912K
  class space    used 1263K, capacity 1380K, committed 1408K, reserved 1048576K
}
Event: 3.196 GC heap before
{Heap before GC invocations=2 (full 0):
 PSYoungGen      total 29696K, used 17348K [0x00000000eab00000, 0x00000000ecc00000, 0x0000000100000000)
  eden space 25600K, 52% used [0x00000000eab00000,0x00000000eb81a560,0x00000000ec400000)
  from space 4096K, 95% used [0x00000000ec400000,0x00000000ec7d6cd0,0x00000000ec800000)
  to   space 4096K, 0% used [0x00000000ec800000,0x00000000ec800000,0x00000000ecc00000)
 ParOldGen       total 68608K, used 16K [0x00000000c0000000, 0x00000000c4300000, 0x00000000eab00000)
  object space 68608K, 0% used [0x00000000c0000000,0x00000000c0004000,0x00000000c4300000)
 Metaspace       used 20075K, capacity 21127K, committed 21248K, reserved 1069056K
  class space    used 1908K, capacity 2243K, committed 2304K, reserved 1048576K
}
Event: 3.210 GC heap after
{Heap after GC invocations=2 (full 0):
 PSYoungGen      total 29696K, used 4087K [0x00000000eab00000, 0x00000000ecc00000, 0x0000000100000000)
  eden space 25600K, 0% used [0x00000000eab00000,0x00000000eab00000,0x00000000ec400000)
  from space 4096K, 99% used [0x00000000ec800000,0x00000000ecbfdc48,0x00000000ecc00000)
  to   space 4096K, 0% used [0x00000000ec400000,0x00000000ec400000,0x00000000ec800000)
 ParOldGen       total 68608K, used 1649K [0x00000000c0000000, 0x00000000c4300000, 0x00000000eab00000)
  object space 68608K, 2% used [0x00000000c0000000,0x00000000c019c518,0x00000000c4300000)
 Metaspace       used 20075K, capacity 21127K, committed 21248K, reserved 1069056K
  class space    used 1908K, capacity 2243K, committed 2304K, reserved 1048576K
}
Event: 3.210 GC heap before
{Heap before GC invocations=3 (full 1):
 PSYoungGen      total 29696K, used 4087K [0x00000000eab00000, 0x00000000ecc00000, 0x0000000100000000)
  eden space 25600K, 0% used [0x00000000eab00000,0x00000000eab00000,0x00000000ec400000)
  from space 4096K, 99% used [0x00000000ec800000,0x00000000ecbfdc48,0x00000000ecc00000)
  to   space 4096K, 0% used [0x00000000ec400000,0x00000000ec400000,0x00000000ec800000)
 ParOldGen       total 68608K, used 1649K [0x00000000c0000000, 0x00000000c4300000, 0x00000000eab00000)
  object space 68608K, 2% used [0x00000000c0000000,0x00000000c019c518,0x00000000c4300000)
 Metaspace       used 20075K, capacity 21127K, committed 21248K, reserved 1069056K
  class space    used 1908K, capacity 2243K, committed 2304K, reserved 1048576K
}
Event: 3.254 GC heap after
{Heap after GC invocations=3 (full 1):
 PSYoungGen      total 29696K, used 0K [0x00000000eab00000, 0x00000000ecc00000, 0x0000000100000000)
  eden space 25600K, 0% used [0x00000000eab00000,0x00000000eab00000,0x00000000ec400000)
  from space 4096K, 0% used [0x00000000ec800000,0x00000000ec800000,0x00000000ecc00000)
  to   space 4096K, 0% used [0x00000000ec400000,0x00000000ec400000,0x00000000ec800000)
 ParOldGen       total 68608K, used 5682K [0x00000000c0000000, 0x00000000c4300000, 0x00000000eab00000)
  object space 68608K, 8% used [0x00000000c0000000,0x00000000c058ca88,0x00000000c4300000)
 Metaspace       used 20075K, capacity 21127K, committed 21248K, reserved 1069056K
  class space    used 1908K, capacity 2243K, committed 2304K, reserved 1048576K
}
Event: 4.150 GC heap before
{Heap before GC invocations=4 (full 1):
 PSYoungGen      total 29696K, used 25600K [0x00000000eab00000, 0x00000000ecc00000, 0x0000000100000000)
  eden space 25600K, 100% used [0x00000000eab00000,0x00000000ec400000,0x00000000ec400000)
  from space 4096K, 0% used [0x00000000ec800000,0x00000000ec800000,0x00000000ecc00000)
  to   space 4096K, 0% used [0x00000000ec400000,0x00000000ec400000,0x00000000ec800000)
 ParOldGen       total 68608K, used 5682K [0x00000000c0000000, 0x00000000c4300000, 0x00000000eab00000)
  object space 68608K, 8% used [0x00000000c0000000,0x00000000c058ca88,0x00000000c4300000)
 Metaspace       used 27081K, capacity 28653K, committed 28800K, reserved 1075200K
  class space    used 2591K, capacity 3182K, committed 3200K, reserved 1048576K
}
Event: 4.155 GC heap after
{Heap after GC invocations=4 (full 1):
 PSYoungGen      total 29696K, used 2655K [0x00000000eab00000, 0x00000000ecc00000, 0x0000000100000000)
  eden space 25600K, 0% used [0x00000000eab00000,0x00000000eab00000,0x00000000ec400000)
  from space 4096K, 64% used [0x00000000ec400000,0x00000000ec697db0,0x00000000ec800000)
  to   space 4096K, 0% used [0x00000000ec800000,0x00000000ec800000,0x00000000ecc00000)
 ParOldGen       total 68608K, used 5690K [0x00000000c0000000, 0x00000000c4300000, 0x00000000eab00000)
  object space 68608K, 8% used [0x00000000c0000000,0x00000000c058ea88,0x00000000c4300000)
 Metaspace       used 27081K, capacity 28653K, committed 28800K, reserved 1075200K
  class space    used 2591K, capacity 3182K, committed 3200K, reserved 1048576K
}

Deoptimization events (20 events):
Event: 4.606 Thread 0x0000014d51b74800 Uncommon trap: trap_request=0xffffffbe fr.pc=0x0000014d450bf1f4 relative=0x0000000000000914
Event: 4.606 Thread 0x0000014d51b74800 Uncommon trap: reason=profile_predicate action=maybe_recompile pc=0x0000014d450bf1f4 method=jdk.internal.jimage.ImageStringsReader.charsFromByteBuffer([CLjava/nio/ByteBuffer;)V @ 6 c2
Event: 4.606 Thread 0x0000014d51b74800 DEOPT PACKING pc=0x0000014d450bf1f4 sp=0x0000003710efdcb0
Event: 4.606 Thread 0x0000014d51b74800 DEOPT UNPACKING pc=0x0000014d3d55a1af sp=0x0000003710efdb88 mode 2
Event: 4.606 Thread 0x0000014d51b74800 Uncommon trap: trap_request=0xffffffbe fr.pc=0x0000014d450bf1f4 relative=0x0000000000000914
Event: 4.606 Thread 0x0000014d51b74800 Uncommon trap: reason=profile_predicate action=maybe_recompile pc=0x0000014d450bf1f4 method=jdk.internal.jimage.ImageStringsReader.charsFromByteBuffer([CLjava/nio/ByteBuffer;)V @ 6 c2
Event: 4.606 Thread 0x0000014d51b74800 DEOPT PACKING pc=0x0000014d450bf1f4 sp=0x0000003710efdc40
Event: 4.606 Thread 0x0000014d51b74800 DEOPT UNPACKING pc=0x0000014d3d55a1af sp=0x0000003710efdb18 mode 2
Event: 4.606 Thread 0x0000014d51b74800 Uncommon trap: trap_request=0xffffffbe fr.pc=0x0000014d450bf1f4 relative=0x0000000000000914
Event: 4.606 Thread 0x0000014d51b74800 Uncommon trap: reason=profile_predicate action=maybe_recompile pc=0x0000014d450bf1f4 method=jdk.internal.jimage.ImageStringsReader.charsFromByteBuffer([CLjava/nio/ByteBuffer;)V @ 6 c2
Event: 4.606 Thread 0x0000014d51b74800 DEOPT PACKING pc=0x0000014d450bf1f4 sp=0x0000003710efdc40
Event: 4.606 Thread 0x0000014d51b74800 DEOPT UNPACKING pc=0x0000014d3d55a1af sp=0x0000003710efdb18 mode 2
Event: 4.606 Thread 0x0000014d51b74800 Uncommon trap: trap_request=0xffffffbe fr.pc=0x0000014d450bf1f4 relative=0x0000000000000914
Event: 4.606 Thread 0x0000014d51b74800 Uncommon trap: reason=profile_predicate action=maybe_recompile pc=0x0000014d450bf1f4 method=jdk.internal.jimage.ImageStringsReader.charsFromByteBuffer([CLjava/nio/ByteBuffer;)V @ 6 c2
Event: 4.606 Thread 0x0000014d51b74800 DEOPT PACKING pc=0x0000014d450bf1f4 sp=0x0000003710efdc40
Event: 4.606 Thread 0x0000014d51b74800 DEOPT UNPACKING pc=0x0000014d3d55a1af sp=0x0000003710efdb18 mode 2
Event: 4.613 Thread 0x0000014d51b74800 Uncommon trap: trap_request=0xffffff4d fr.pc=0x0000014d450c2be8 relative=0x0000000000000128
Event: 4.613 Thread 0x0000014d51b74800 Uncommon trap: reason=unstable_if action=reinterpret pc=0x0000014d450c2be8 method=jdk.internal.jrtfs.JrtPath.normalize(Ljava/lang/String;)Ljava/lang/String; @ 78 c2
Event: 4.613 Thread 0x0000014d51b74800 DEOPT PACKING pc=0x0000014d450c2be8 sp=0x0000003710efdc30
Event: 4.613 Thread 0x0000014d51b74800 DEOPT UNPACKING pc=0x0000014d3d55a1af sp=0x0000003710efdbb0 mode 2

Classes redefined (0 events):
No events

Internal exceptions (20 events):
Event: 2.368 Thread 0x0000014d3360b800 Exception <a 'java/lang/UnsatisfiedLinkError'{0x00000000ec1a89b8}: 'void org.eclipse.equinox.launcher.JNIBridge._update_splash()'> (0x00000000ec1a89b8) thrown at [./src/hotspot/share/prims/nativeLookup.cpp, line 528]
Event: 2.375 Thread 0x0000014d51a73000 Exception <a 'java/lang/NoSuchMethodError'{0x00000000ec26a410}: 'java.lang.Object java.lang.invoke.Invokers$Holder.linkToTargetMethod(java.lang.Object, java.lang.Object, java.lang.Object, int, java.lang.Object)'> (0x00000000ec26a410) thrown at [./src/hotspot/share/interpreter/linkResolver.cpp, line 773]
Event: 2.520 Thread 0x0000014d51a73000 Exception <a 'java/lang/NoSuchMethodError'{0x00000000eacd0f28}: 'java.lang.Object java.lang.invoke.DirectMethodHandle$Holder.invokeStatic(java.lang.Object, java.lang.Object, java.lang.Object, java.lang.Object, java.lang.Object, java.lang.Object, java.lang.Object, java.lang.Object, java.lang.Object, java.lang.Object, java.lang.Object, java.lang.Object, java.lang.Object, java.lang.Object, java.lang.Object)'> (0x00000000eacd0f28) thrown at [./src/hotspot/share/interpreter/linkResolver.cpp, line 773]
Event: 2.523 Thread 0x0000014d51a73000 Exception <a 'java/lang/NoSuchMethodError'{0x00000000eacdef30}: 'java.lang.Object java.lang.invoke.DirectMethodHandle$Holder.invokeStatic(java.lang.Object, java.lang.Object, java.lang.Object, java.lang.Object, java.lang.Object, java.lang.Object, java.lang.Object, java.lang.Object, java.lang.Object, java.lang.Object, java.lang.Object, java.lang.Object, java.lang.Object, java.lang.Object, java.lang.Object, java.lang.Object)'> (0x00000000eacdef30) thrown at [./src/hotspot/share/interpreter/linkResolver.cpp, l
Event: 2.525 Thread 0x0000014d51a73000 Exception <a 'java/lang/NoSuchMethodError'{0x00000000eacece48}: 'java.lang.Object java.lang.invoke.DirectMethodHandle$Holder.invokeSpecial(java.lang.Object, java.lang.Object, int, int, java.lang.Object, java.lang.Object, java.lang.Object)'> (0x00000000eacece48) thrown at [./src/hotspot/share/interpreter/linkResolver.cpp, line 773]
Event: 2.525 Thread 0x0000014d51a73000 Exception <a 'java/lang/NoSuchMethodError'{0x00000000eacf03d8}: 'java.lang.Object java.lang.invoke.DelegatingMethodHandle$Holder.reinvoke_L(java.lang.Object, int, int, java.lang.Object, java.lang.Object, java.lang.Object)'> (0x00000000eacf03d8) thrown at [./src/hotspot/share/interpreter/linkResolver.cpp, line 773]
Event: 2.716 Thread 0x0000014d51a73000 Exception <a 'java/io/FileNotFoundException'{0x00000000eafeffc0}> (0x00000000eafeffc0) thrown at [./src/hotspot/share/prims/jni.cpp, line 615]
Event: 2.973 Thread 0x0000014d51a73000 Exception <a 'java/lang/NoSuchMethodError'{0x00000000eb49db68}: 'void java.lang.invoke.DirectMethodHandle$Holder.invokeSpecial(java.lang.Object, java.lang.Object, java.lang.Object, java.lang.Object)'> (0x00000000eb49db68) thrown at [./src/hotspot/share/interpreter/linkResolver.cpp, line 773]
Event: 2.981 Thread 0x0000014d51a73000 Exception <a 'java/io/FileNotFoundException'{0x00000000eb4c7cc8}> (0x00000000eb4c7cc8) thrown at [./src/hotspot/share/prims/jni.cpp, line 615]
Event: 3.147 Thread 0x0000014d51a73000 Exception <a 'java/lang/NoSuchMethodError'{0x00000000eb79a998}: 'int java.lang.invoke.DirectMethodHandle$Holder.invokeStaticInit(java.lang.Object, java.lang.Object, java.lang.Object)'> (0x00000000eb79a998) thrown at [./src/hotspot/share/interpreter/linkResolver.cpp, line 773]
Event: 3.158 Thread 0x0000014d51a73000 Exception <a 'java/lang/IncompatibleClassChangeError'{0x00000000eb7cf8d0}: Found class java.lang.Object, but interface was expected> (0x00000000eb7cf8d0) thrown at [./src/hotspot/share/interpreter/linkResolver.cpp, line 839]
Event: 3.575 Thread 0x0000014d51a73000 Exception <a 'java/lang/ClassNotFoundException'{0x00000000eba460e0}: com/sun/org/apache/xerces/internal/impl/msg/spi/DOMMessagesProvider> (0x00000000eba460e0) thrown at [./src/hotspot/share/classfile/systemDictionary.cpp, line 231]
Event: 3.578 Thread 0x0000014d51a73000 Implicit null exception at 0x0000014d45076109 to 0x0000014d45076e78
Event: 3.582 Thread 0x0000014d51a73000 Exception <a 'java/lang/ClassNotFoundException'{0x00000000eba65a70}: com/sun/org/apache/xerces/internal/impl/msg/spi/XMLSerializerMessagesProvider> (0x00000000eba65a70) thrown at [./src/hotspot/share/classfile/systemDictionary.cpp, line 231]
Event: 3.584 Thread 0x0000014d51a73000 Exception <a 'java/lang/ClassNotFoundException'{0x00000000eba7b330}: com/sun/org/apache/xerces/internal/impl/msg/spi/XMLMessagesProvider> (0x00000000eba7b330) thrown at [./src/hotspot/share/classfile/systemDictionary.cpp, line 231]
Event: 3.744 Thread 0x0000014d51a73000 Exception <a 'java/lang/ClassNotFoundException'{0x00000000ebcda620}: com/sun/org/apache/xml/internal/serializer/spi/XMLEntitiesProvider> (0x00000000ebcda620) thrown at [./src/hotspot/share/classfile/systemDictionary.cpp, line 231]
Event: 3.883 Thread 0x0000014d51a73000 Exception <a 'java/io/FileNotFoundException'{0x00000000ebf4c138}> (0x00000000ebf4c138) thrown at [./src/hotspot/share/prims/jni.cpp, line 615]
Event: 3.898 Thread 0x0000014d51a73000 Exception <a 'java/io/FileNotFoundException'{0x00000000ebf79f40}> (0x00000000ebf79f40) thrown at [./src/hotspot/share/prims/jni.cpp, line 615]
Event: 3.909 Thread 0x0000014d51a73000 Exception <a 'java/io/FileNotFoundException'{0x00000000ebfae358}> (0x00000000ebfae358) thrown at [./src/hotspot/share/prims/jni.cpp, line 615]
Event: 4.256 Thread 0x0000014d51d14000 Exception <a 'java/io/FileNotFoundException'{0x00000000eacc12a0}> (0x00000000eacc12a0) thrown at [./src/hotspot/share/prims/jni.cpp, line 615]

Events (20 events):
Event: 4.614 loading class java/util/regex/Pattern$BackRef
Event: 4.614 loading class java/util/regex/Pattern$BackRef done
Event: 4.614 loading class java/util/regex/Pattern$Curly
Event: 4.614 loading class java/util/regex/Pattern$Curly done
Event: 4.614 loading class java/util/regex/Pattern$GroupCurly
Event: 4.614 loading class java/util/regex/Pattern$GroupCurly done
Event: 4.614 loading class java/util/regex/Pattern$Dollar
Event: 4.614 loading class java/util/regex/Pattern$Dollar done
Event: 4.721 Executing VM operation: RevokeBias
Event: 4.722 Executing VM operation: RevokeBias done
Event: 4.722 Executing VM operation: RevokeBias
Event: 4.722 Executing VM operation: RevokeBias done
Event: 4.730 loading class java/nio/channels/Channels
Event: 4.730 loading class java/nio/channels/Channels done
Event: 4.730 loading class java/nio/channels/Channels$ReadableByteChannelImpl
Event: 4.730 loading class java/nio/channels/Channels$ReadableByteChannelImpl done
Event: 4.731 loading class sun/nio/ch/ChannelInputStream
Event: 4.731 loading class sun/nio/ch/ChannelInputStream done
Event: 4.731 loading class java/nio/channels/SelectableChannel
Event: 4.731 loading class java/nio/channels/SelectableChannel done


Dynamic libraries:
0x00007ff734760000 - 0x00007ff73476d000 	C:\Program Files\Eclipse Foundation\jdk-11.0.12.7-hotspot\bin\java.exe
0x00007ffb52810000 - 0x00007ffb52a04000 	C:\WINDOWS\SYSTEM32\ntdll.dll
0x00007ffb51cc0000 - 0x00007ffb51d7d000 	C:\WINDOWS\System32\KERNEL32.DLL
0x00007ffb503a0000 - 0x00007ffb50667000 	C:\WINDOWS\System32\KERNELBASE.dll
0x00007ffb50770000 - 0x00007ffb50870000 	C:\WINDOWS\System32\ucrtbase.dll
0x00007ffb3d090000 - 0x00007ffb3d0a5000 	C:\Program Files\Eclipse Foundation\jdk-11.0.12.7-hotspot\bin\VCRUNTIME140.dll
0x00007ffb39b40000 - 0x00007ffb39b57000 	C:\Program Files\Eclipse Foundation\jdk-11.0.12.7-hotspot\bin\jli.dll
0x00007ffb50a30000 - 0x00007ffb50bd0000 	C:\WINDOWS\System32\USER32.dll
0x00007ffb50160000 - 0x00007ffb50182000 	C:\WINDOWS\System32\win32u.dll
0x00007ffb517c0000 - 0x00007ffb517ea000 	C:\WINDOWS\System32\GDI32.dll
0x00007ffb3f150000 - 0x00007ffb3f3ea000 	C:\WINDOWS\WinSxS\amd64_microsoft.windows.common-controls_6595b64144ccf1df_6.0.19041.1_none_b555e41d4684ddec\COMCTL32.dll
0x00007ffb501e0000 - 0x00007ffb502ea000 	C:\WINDOWS\System32\gdi32full.dll
0x00007ffb50670000 - 0x00007ffb5070d000 	C:\WINDOWS\System32\msvcp_win.dll
0x00007ffb50d30000 - 0x00007ffb50dce000 	C:\WINDOWS\System32\msvcrt.dll
0x00007ffb51ae0000 - 0x00007ffb51b10000 	C:\WINDOWS\System32\IMM32.DLL
0x00007ffb07b10000 - 0x00007ffb07bab000 	C:\Program Files\Eclipse Foundation\jdk-11.0.12.7-hotspot\bin\msvcp140.dll
0x00007ffb02100000 - 0x00007ffb02c59000 	C:\Program Files\Eclipse Foundation\jdk-11.0.12.7-hotspot\bin\server\jvm.dll
0x00007ffb51860000 - 0x00007ffb5190a000 	C:\WINDOWS\System32\ADVAPI32.dll
0x00007ffb51e10000 - 0x00007ffb51eab000 	C:\WINDOWS\System32\sechost.dll
0x00007ffb51b10000 - 0x00007ffb51c33000 	C:\WINDOWS\System32\RPCRT4.dll
0x00007ffb51eb0000 - 0x00007ffb51eb8000 	C:\WINDOWS\System32\PSAPI.DLL
0x00007ffb4ba10000 - 0x00007ffb4ba19000 	C:\WINDOWS\SYSTEM32\WSOCK32.dll
0x00007ffb517f0000 - 0x00007ffb5185b000 	C:\WINDOWS\System32\WS2_32.dll
0x00007ffb40d60000 - 0x00007ffb40d87000 	C:\WINDOWS\SYSTEM32\WINMM.dll
0x00007ffb47770000 - 0x00007ffb4777a000 	C:\WINDOWS\SYSTEM32\VERSION.dll
0x00007ffb4e850000 - 0x00007ffb4e863000 	C:\WINDOWS\SYSTEM32\kernel.appcore.dll
0x00007ffb4b930000 - 0x00007ffb4b940000 	C:\Program Files\Eclipse Foundation\jdk-11.0.12.7-hotspot\bin\verify.dll
0x00007ffb4e580000 - 0x00007ffb4e764000 	C:\WINDOWS\SYSTEM32\DBGHELP.DLL
0x00007ffb490f0000 - 0x00007ffb4911c000 	C:\WINDOWS\SYSTEM32\dbgcore.DLL
0x00007ffb500e0000 - 0x00007ffb5015f000 	C:\WINDOWS\System32\bcryptPrimitives.dll
0x00007ffb218e0000 - 0x00007ffb21908000 	C:\Program Files\Eclipse Foundation\jdk-11.0.12.7-hotspot\bin\java.dll
0x00007ffb4b690000 - 0x00007ffb4b69a000 	C:\Program Files\Eclipse Foundation\jdk-11.0.12.7-hotspot\bin\jimage.dll
0x00007ffb252f0000 - 0x00007ffb25307000 	C:\Program Files\Eclipse Foundation\jdk-11.0.12.7-hotspot\bin\zip.dll
0x00007ffb51ec0000 - 0x00007ffb525f1000 	C:\WINDOWS\System32\SHELL32.dll
0x00007ffb4dd30000 - 0x00007ffb4e4ba000 	C:\WINDOWS\SYSTEM32\windows.storage.dll
0x00007ffb51450000 - 0x00007ffb517a4000 	C:\WINDOWS\System32\combase.dll
0x00007ffb4f9d0000 - 0x00007ffb4f9fb000 	C:\WINDOWS\SYSTEM32\Wldp.dll
0x00007ffb52600000 - 0x00007ffb526ae000 	C:\WINDOWS\System32\SHCORE.dll
0x00007ffb51970000 - 0x00007ffb519c5000 	C:\WINDOWS\System32\shlwapi.dll
0x00007ffb4fe90000 - 0x00007ffb4feaf000 	C:\WINDOWS\SYSTEM32\profapi.dll
0x00007ffb23410000 - 0x00007ffb23429000 	C:\Program Files\Eclipse Foundation\jdk-11.0.12.7-hotspot\bin\net.dll
0x00007ffb3fe80000 - 0x00007ffb3ff82000 	C:\WINDOWS\SYSTEM32\WINHTTP.dll
0x00007ffb4f750000 - 0x00007ffb4f7ba000 	C:\WINDOWS\system32\mswsock.dll
0x00007ffb21180000 - 0x00007ffb21192000 	C:\Program Files\Eclipse Foundation\jdk-11.0.12.7-hotspot\bin\nio.dll
0x00007ffb4f920000 - 0x00007ffb4f938000 	C:\WINDOWS\SYSTEM32\CRYPTSP.dll
0x00007ffb4f070000 - 0x00007ffb4f0a4000 	C:\WINDOWS\system32\rsaenh.dll
0x00007ffb500b0000 - 0x00007ffb500d7000 	C:\WINDOWS\System32\bcrypt.dll
0x00007ffb4fe10000 - 0x00007ffb4fe3e000 	C:\WINDOWS\SYSTEM32\USERENV.dll
0x00007ffb4f940000 - 0x00007ffb4f94c000 	C:\WINDOWS\SYSTEM32\CRYPTBASE.dll
0x00007ffb4f3f0000 - 0x00007ffb4f42b000 	C:\WINDOWS\SYSTEM32\IPHLPAPI.DLL
0x00007ffb50bd0000 - 0x00007ffb50bd9000 	C:\WINDOWS\System32\NSI.dll
0x00007ffb41e00000 - 0x00007ffb41e17000 	C:\WINDOWS\SYSTEM32\dhcpcsvc6.DLL
0x00007ffb421d0000 - 0x00007ffb421ed000 	C:\WINDOWS\SYSTEM32\dhcpcsvc.DLL
0x00007ffb4f440000 - 0x00007ffb4f50a000 	C:\WINDOWS\SYSTEM32\DNSAPI.dll
0x00007ffb18dd0000 - 0x00007ffb18e0e000 	C:\Users\User\AppData\Roaming\Code\User\globalStorage\redhat.java\0.82.0\config_ss_win\org.eclipse.equinox.launcher\org.eclipse.equinox.launcher.win32.win32.x86_64_1.2.300.v20210828-0802\eclipse_11506.dll
0x00007ffb50c00000 - 0x00007ffb50d2b000 	C:\WINDOWS\System32\ole32.dll
0x00007ffb1eb60000 - 0x00007ffb1eb71000 	C:\Users\User\AppData\Roaming\Code\User\globalStorage\redhat.java\0.82.0\config_ss_win\org.eclipse.osgi\16\0\.cp\jWinHttp-1.0.0.dll

dbghelp: loaded successfully - version: 4.0.5 - missing functions: none
symbol engine: initialized successfully - sym options: 0x614 - pdb path: .;C:\Program Files\Eclipse Foundation\jdk-11.0.12.7-hotspot\bin;C:\WINDOWS\SYSTEM32;C:\WINDOWS\WinSxS\amd64_microsoft.windows.common-controls_6595b64144ccf1df_6.0.19041.1_none_b555e41d4684ddec;C:\Program Files\Eclipse Foundation\jdk-11.0.12.7-hotspot\bin\server;C:\Users\User\AppData\Roaming\Code\User\globalStorage\redhat.java\0.82.0\config_ss_win\org.eclipse.equinox.launcher\org.eclipse.equinox.launcher.win32.win32.x86_64_1.2.300.v20210828-0802;C:\Users\User\AppData\Roaming\Code\User\globalStorage\redhat.java\0.82.0\config_ss_win\org.eclipse.osgi\16\0\.cp

VM Arguments:
jvm_args: --add-modules=ALL-SYSTEM --add-opens=java.base/java.util=ALL-UNNAMED --add-opens=java.base/java.lang=ALL-UNNAMED -Declipse.application=org.eclipse.jdt.ls.core.id1 -Dosgi.bundles.defaultStartLevel=4 -Declipse.product=org.eclipse.jdt.ls.core.product -Dfile.encoding=utf8 -DwatchParentProcess=false -XX:+UseParallelGC -XX:GCTimeRatio=4 -XX:AdaptiveSizePolicyWeight=90 -Dsun.zip.disableMemoryMapping=true -Xmx1G -Xms100m -Xverify:none 
java_command: c:\Users\User\.vscode\extensions\redhat.java-0.82.0\server\plugins\org.eclipse.equinox.launcher_1.6.300.v20210813-1054.jar -configuration c:\Users\User\AppData\Roaming\Code\User\globalStorage\redhat.java\0.82.0\config_ss_win -data c:\Users\User\AppData\Roaming\Code\User\workspaceStorage\c3096344b3a4e59383c1365647bf3051\redhat.java\ss_ws
java_class_path (initial): c:\Users\User\.vscode\extensions\redhat.java-0.82.0\server\plugins\org.eclipse.equinox.launcher_1.6.300.v20210813-1054.jar
Launcher Type: SUN_STANDARD

[Global flags]
    uintx AdaptiveSizePolicyWeight                 = 90                                        {product} {command line}
     bool BytecodeVerificationLocal                = false                                     {product} {command line}
     bool BytecodeVerificationRemote               = false                                     {product} {command line}
     intx CICompilerCount                          = 3                                         {product} {ergonomic}
    uintx GCTimeRatio                              = 4                                         {product} {command line}
   size_t InitialHeapSize                          = 104857600                                 {product} {command line}
   size_t MaxHeapSize                              = 1073741824                                {product} {command line}
   size_t MaxNewSize                               = 357564416                                 {product} {ergonomic}
   size_t MinHeapDeltaBytes                        = 524288                                    {product} {ergonomic}
   size_t NewSize                                  = 34603008                                  {product} {ergonomic}
    uintx NonNMethodCodeHeapSize                   = 5830732                                {pd product} {ergonomic}
    uintx NonProfiledCodeHeapSize                  = 122913754                              {pd product} {ergonomic}
   size_t OldSize                                  = 70254592                                  {product} {ergonomic}
    uintx ProfiledCodeHeapSize                     = 122913754                              {pd product} {ergonomic}
    uintx ReservedCodeCacheSize                    = 251658240                              {pd product} {ergonomic}
     bool SegmentedCodeCache                       = true                                      {product} {ergonomic}
     bool UseCompressedClassPointers               = true                                 {lp64_product} {ergonomic}
     bool UseCompressedOops                        = true                                 {lp64_product} {ergonomic}
     bool UseLargePagesIndividualAllocation        = false                                  {pd product} {ergonomic}
     bool UseParallelGC                            = true                                      {product} {command line}

Logging:
Log output configuration:
 #0: stdout all=warning uptime,level,tags
 #1: stderr all=off uptime,level,tags

Environment Variables:
JAVA_HOME=C:\Program Files\Eclipse Foundation\jdk-11.0.12.7-hotspot
PATH=C:\Program Files\Eclipse Foundation\jdk-11.0.12.7-hotspot\bin;C:\ProgramData\Oracle\Java\javapath;C:\Program Files\Rockwell Software\RSCommon;C:\Program Files\ImageMagick-7.0.10-Q16-HDRI;C:\Program Files (x86)\Intel\TXE Components\TCS\;C:\Program Files\Intel\TXE Components\TCS\;C:\Windows\system32;C:\Windows;C:\Windows\System32\Wbem;C:\Windows\System32\WindowsPowerShell\v1.0\;C:\Program Files (x86)\NVIDIA Corporation\PhysX\Common;C:\Program Files\Microsoft SQL Server\130\Tools\Binn\;C:\Program Files\dotnet\;C:\Program Files\MiKTeX 2.9\miktex\bin\x64\;C:\WINDOWS\system32;C:\WINDOWS;C:\WINDOWS\System32\Wbem;C:\WINDOWS\System32\WindowsPowerShell\v1.0\;C:\WINDOWS\System32\OpenSSH\;C:\Program Files\MATLAB\R2018a\runtime\win64;C:\Program Files\MATLAB\R2018a\bin;C:\Program Files\nodejs\;C:\ProgramData\chocolatey\bin;C:\Program Files\Microsoft SQL Server\Client SDK\ODBC\130\Tools\Binn\;C:\Program Files (x86)\Microsoft SQL Server\140\Tools\Binn\;C:\Program Files\Microsoft SQL Server\140\Tools\Binn\;C:\Program Files\Microsoft SQL Server\140\DTS\Binn\;C:\Program Files (x86)\Microsoft SQL Server\150\DTS\Binn\;C:\Program Files\Git\cmd;C:\apache-maven-3.8.3\bin;C:\Program Files\Eclipse Foundation\jdk-11.0.12.7-hotspot\bin;C:\Program Files\MySQL\MySQL Shell 8.0\bin\;C:\Users\User\AppData\Local\Microsoft\WindowsApps;C:\Users\User\AppData\Local\atom\bin;C:\Users\User\AppData\Roaming\npm;C:\Users\User\AppData\Local\Microsoft\WindowsApps;C:\Users\User\AppData\Local\Programs\Microsoft VS Code\bin;C:\Program Files\Python36;C:\Program Files\Python36\Scripts;
USERNAME=User
OS=Windows_NT
PROCESSOR_IDENTIFIER=Intel64 Family 6 Model 142 Stepping 9, GenuineIntel



---------------  S Y S T E M  ---------------

OS: Windows 10 , 64 bit Build 19041 (10.0.19041.1)
OS uptime: 7 days 1:07 hours

CPU:total 4 (initial active 4) (2 cores per cpu, 2 threads per core) family 6 model 142 stepping 9 microcode 0xb4, cmov, cx8, fxsr, mmx, sse, sse2, sse3, ssse3, sse4.1, sse4.2, popcnt, avx, avx2, aes, clmul, erms, 3dnowpref, lzcnt, ht, tsc, tscinvbit, bmi1, bmi2, adx, fma

Memory: 4k page, system-wide physical 8073M (1547M free)
TotalPageFile size 8073M (AvailPageFile size 3M)
current process WorkingSet (physical memory assigned to process): 126M, peak: 126M
current process commit charge ("private bytes"): 228M, peak: 228M

vm_info: OpenJDK 64-Bit Server VM (11.0.12+7) for windows-amd64 JRE (11.0.12+7), built on Jul 21 2021 16:23:49 by "" with unknown MS VC++:1916

END.
