#
# There is insufficient memory for the Java Runtime Environment to continue.
# Native memory allocation (malloc) failed to allocate 185376 bytes for Chunk::new
# Possible reasons:
#   The system is out of physical RAM or swap space
#   The process is running with CompressedOops enabled, and the Java Heap may be blocking the growth of the native heap
# Possible solutions:
#   Reduce memory load on the system
#   Increase physical memory or swap space
#   Check if swap backing store is full
#   Decrease Java heap size (-Xmx/-Xms)
#   Decrease number of Java threads
#   Decrease Java thread stack sizes (-Xss)
#   Set larger code cache with -XX:ReservedCodeCacheSize=
#   JVM is running with Unscaled Compressed Oops mode in which the Java heap is
#     placed in the first 4GB address space. The Java Heap base address is the
#     maximum limit for the native heap growth. Please use -XX:HeapBaseMinAddress
#     to set the Java Heap base and to place the Java Heap above 4GB virtual address.
# This output file may be truncated or incomplete.
#
#  Out of Memory Error (./src/hotspot/share/memory/arena.cpp:197), pid=9764, tid=8292
#
# JRE version: OpenJDK Runtime Environment Temurin-11.0.12+7 (11.0.12+7) (build 11.0.12+7)
# Java VM: OpenJDK 64-Bit Server VM Temurin-11.0.12+7 (11.0.12+7, mixed mode, tiered, compressed oops, parallel gc, windows-amd64)
# No core dump will be written. Minidumps are not enabled by default on client versions of Windows
#

---------------  S U M M A R Y ------------

Command Line: --add-modules=ALL-SYSTEM --add-opens=java.base/java.util=ALL-UNNAMED --add-opens=java.base/java.lang=ALL-UNNAMED -Declipse.application=org.eclipse.jdt.ls.core.id1 -Dosgi.bundles.defaultStartLevel=4 -Declipse.product=org.eclipse.jdt.ls.core.product -Dfile.encoding=utf8 -DwatchParentProcess=false -XX:+UseParallelGC -XX:GCTimeRatio=4 -XX:AdaptiveSizePolicyWeight=90 -Dsun.zip.disableMemoryMapping=true -Xmx1G -Xms100m -Xverify:none c:\Users\User\.vscode\extensions\redhat.java-0.82.0\server\plugins\org.eclipse.equinox.launcher_1.6.300.v20210813-1054.jar -configuration c:\Users\User\AppData\Roaming\Code\User\globalStorage\redhat.java\0.82.0\config_ss_win -data c:\Users\User\AppData\Roaming\Code\User\workspaceStorage\c3096344b3a4e59383c1365647bf3051\redhat.java\ss_ws

Host: Intel(R) Core(TM) i5-7200U CPU @ 2.50GHz, 4 cores, 7G,  Windows 10 , 64 bit Build 19041 (10.0.19041.1)
Time: Sat Oct 16 16:25:37 2021 Hora est. Pacífico, Sudamérica elapsed time: 5.996949 seconds (0d 0h 0m 5s)

---------------  T H R E A D  ---------------

Current thread (0x00000280fcd87800):  JavaThread "C2 CompilerThread0" daemon [_thread_in_native, id=8292, stack(0x000000a961700000,0x000000a961800000)]


Current CompileTask:
C2:   5997 2593       4       jdk.internal.jimage.BasicImageReader::getString (48 bytes)

Stack: [0x000000a961700000,0x000000a961800000]
Native frames: (J=compiled Java code, j=interpreted, Vv=VM code, C=native code)
V  [jvm.dll+0x601d0a]
V  [jvm.dll+0x78ab6e]
V  [jvm.dll+0x78c23f]
V  [jvm.dll+0x78c903]
V  [jvm.dll+0x24be68]
V  [jvm.dll+0xc219c]
V  [jvm.dll+0xc275c]
V  [jvm.dll+0x2bde24]
V  [jvm.dll+0x512bd9]
V  [jvm.dll+0x207097]
V  [jvm.dll+0x2045da]
V  [jvm.dll+0x1898fc]
V  [jvm.dll+0x213d67]
V  [jvm.dll+0x211f2b]
V  [jvm.dll+0x74ec19]
V  [jvm.dll+0x747c84]
V  [jvm.dll+0x600ba6]
C  [ucrtbase.dll+0x21542]
C  [KERNEL32.DLL+0x16fd4]
C  [ntdll.dll+0x4cf31]


---------------  P R O C E S S  ---------------

Threads class SMR info:
_java_thread_list=0x00000280ff551c20, length=21, elements={
0x00000280f83f0000, 0x00000280fcd61800, 0x00000280fcd62800, 0x00000280fdf63800,
0x00000280fcd7f800, 0x00000280fcd82000, 0x00000280fcd87800, 0x00000280fcd8e000,
0x00000280fdf8e000, 0x00000280fe078000, 0x00000280fe7fb800, 0x00000280fe713000,
0x00000280fe720000, 0x00000280fe71e800, 0x00000280fe840000, 0x00000280ff1e2800,
0x00000280ff141800, 0x00000280ff1b5800, 0x00000280ff33b000, 0x00000280ff494800,
0x00000280ff578800
}

Java Threads: ( => current thread )
  0x00000280f83f0000 JavaThread "main" [_thread_blocked, id=12516, stack(0x000000a960f00000,0x000000a961000000)]
  0x00000280fcd61800 JavaThread "Reference Handler" daemon [_thread_blocked, id=3504, stack(0x000000a961200000,0x000000a961300000)]
  0x00000280fcd62800 JavaThread "Finalizer" daemon [_thread_blocked, id=6600, stack(0x000000a961300000,0x000000a961400000)]
  0x00000280fdf63800 JavaThread "Signal Dispatcher" daemon [_thread_blocked, id=15468, stack(0x000000a961400000,0x000000a961500000)]
  0x00000280fcd7f800 JavaThread "Attach Listener" daemon [_thread_blocked, id=14592, stack(0x000000a961500000,0x000000a961600000)]
  0x00000280fcd82000 JavaThread "Service Thread" daemon [_thread_blocked, id=14556, stack(0x000000a961600000,0x000000a961700000)]
=>0x00000280fcd87800 JavaThread "C2 CompilerThread0" daemon [_thread_in_native, id=8292, stack(0x000000a961700000,0x000000a961800000)]
  0x00000280fcd8e000 JavaThread "C1 CompilerThread0" daemon [_thread_in_vm, id=932, stack(0x000000a961800000,0x000000a961900000)]
  0x00000280fdf8e000 JavaThread "Sweeper thread" daemon [_thread_blocked, id=6828, stack(0x000000a961900000,0x000000a961a00000)]
  0x00000280fe078000 JavaThread "Common-Cleaner" daemon [_thread_blocked, id=7632, stack(0x000000a961a00000,0x000000a961b00000)]
  0x00000280fe7fb800 JavaThread "Active Thread: Equinox Container: 0f3333fd-4106-4432-a32c-01ef2279c1ec" [_thread_blocked, id=2168, stack(0x000000a961d00000,0x000000a961e00000)]
  0x00000280fe713000 JavaThread "Framework Event Dispatcher: Equinox Container: 0f3333fd-4106-4432-a32c-01ef2279c1ec" daemon [_thread_blocked, id=11164, stack(0x000000a961b00000,0x000000a961c00000)]
  0x00000280fe720000 JavaThread "Start Level: Equinox Container: 0f3333fd-4106-4432-a32c-01ef2279c1ec" daemon [_thread_blocked, id=16148, stack(0x000000a961e00000,0x000000a961f00000)]
  0x00000280fe71e800 JavaThread "SCR Component Actor" daemon [_thread_blocked, id=2212, stack(0x000000a961f00000,0x000000a962000000)]
  0x00000280fe840000 JavaThread "Timer-0" daemon [_thread_blocked, id=12024, stack(0x000000a962300000,0x000000a962400000)]
  0x00000280ff1e2800 JavaThread "Worker-JM" [_thread_blocked, id=13740, stack(0x000000a962400000,0x000000a962500000)]
  0x00000280ff141800 JavaThread "Worker-0" [_thread_blocked, id=9308, stack(0x000000a962500000,0x000000a962600000)]
  0x00000280ff1b5800 JavaThread "Worker-1: Initialize Workspace" [_thread_in_vm, id=6300, stack(0x000000a962600000,0x000000a962700000)]
  0x00000280ff33b000 JavaThread "Worker-2" [_thread_blocked, id=12160, stack(0x000000a962700000,0x000000a962800000)]
  0x00000280ff494800 JavaThread "C2 CompilerThread1" daemon [_thread_blocked, id=8332, stack(0x000000a962800000,0x000000a962900000)]
  0x00000280ff578800 JavaThread "pool-1-thread-1" [_thread_blocked, id=4080, stack(0x000000a962900000,0x000000a962a00000)]

Other Threads:
  0x00000280fcc98800 VMThread "VM Thread" [stack: 0x000000a961100000,0x000000a961200000] [id=11728]
  0x00000280fe1ad800 WatcherThread [stack: 0x000000a961c00000,0x000000a961d00000] [id=7504]
  0x00000280f8406000 GCTaskThread "ParGC Thread#0" [stack: 0x000000a961000000,0x000000a961100000] [id=14320]
  0x00000280fe71f800 GCTaskThread "ParGC Thread#1" [stack: 0x000000a962000000,0x000000a962100000] [id=368]
  0x00000280fe77d000 GCTaskThread "ParGC Thread#2" [stack: 0x000000a962100000,0x000000a962200000] [id=10688]
  0x00000280feed8800 GCTaskThread "ParGC Thread#3" [stack: 0x000000a962200000,0x000000a962300000] [id=7652]

Threads with active compile tasks:
C2 CompilerThread0   6043 2593       4       jdk.internal.jimage.BasicImageReader::getString (48 bytes)
C1 CompilerThread0   6043 2636       1       jdk.internal.jimage.ImageReader$Directory::isDirectory (2 bytes)

VM state:not at safepoint (normal execution)

VM Mutex/Monitor currently owned by a thread: None

Heap address: 0x00000000c0000000, size: 1024 MB, Compressed Oops mode: 32-bit
Narrow klass base: 0x0000000000000000, Narrow klass shift: 3
Compressed class space size: 1073741824 Address: 0x0000000100000000

Heap:
 PSYoungGen      total 29696K, used 13947K [0x00000000eab00000, 0x00000000ecc00000, 0x0000000100000000)
  eden space 25600K, 44% used [0x00000000eab00000,0x00000000eb605a50,0x00000000ec400000)
  from space 4096K, 64% used [0x00000000ec400000,0x00000000ec6994f0,0x00000000ec800000)
  to   space 4096K, 0% used [0x00000000ec800000,0x00000000ec800000,0x00000000ecc00000)
 ParOldGen       total 68608K, used 5700K [0x00000000c0000000, 0x00000000c4300000, 0x00000000eab00000)
  object space 68608K, 8% used [0x00000000c0000000,0x00000000c05913b0,0x00000000c4300000)
 Metaspace       used 29610K, capacity 31371K, committed 31488K, reserved 1077248K
  class space    used 2848K, capacity 3490K, committed 3584K, reserved 1048576K

Card table byte_map: [0x00000280f9e60000,0x00000280fa070000] _byte_map_base: 0x00000280f9860000

Marking Bits: (ParMarkBitMap*) 0x00007ffb0297bcf0
 Begin Bits: [0x00000280fa1d0000, 0x00000280fb1d0000)
 End Bits:   [0x00000280fb1d0000, 0x00000280fc1d0000)

Polling page: 0x00000280f81b0000

Metaspace:

Usage:
  Non-class:     27.23 MB capacity,    26.14 MB ( 96%) used,     1.03 MB (  4%) free+waste,    65.00 KB ( <1%) overhead. 
      Class:      3.41 MB capacity,     2.78 MB ( 82%) used,   609.09 KB ( 17%) free+waste,    32.25 KB ( <1%) overhead. 
       Both:     30.64 MB capacity,    28.92 MB ( 94%) used,     1.62 MB (  5%) free+waste,    97.25 KB ( <1%) overhead. 

Virtual space:
  Non-class space:       28.00 MB reserved,      27.25 MB ( 97%) committed 
      Class space:        1.00 GB reserved,       3.50 MB ( <1%) committed 
             Both:        1.03 GB reserved,      30.75 MB (  3%) committed 

Chunk freelists:
   Non-Class:  23.00 KB
       Class:  0 bytes
        Both:  23.00 KB

MaxMetaspaceSize: 17179869184.00 GB
CompressedClassSpaceSize: 1.00 GB
Initial GC threshold: 20.80 MB
Current GC threshold: 34.59 MB
CDS: off

CodeHeap 'non-profiled nmethods': size=120064Kb used=955Kb max_used=955Kb free=119108Kb
 bounds [0x0000028090100000, 0x0000028090370000, 0x0000028097640000]
CodeHeap 'profiled nmethods': size=120000Kb used=5456Kb max_used=5456Kb free=114544Kb
 bounds [0x0000028088bd0000, 0x0000028089130000, 0x0000028090100000]
CodeHeap 'non-nmethods': size=5696Kb used=1243Kb max_used=1268Kb free=4452Kb
 bounds [0x0000028088640000, 0x00000280888b0000, 0x0000028088bd0000]
 total_blobs=3153 nmethods=2635 adapters=432
 compilation: enabled
              stopped_count=0, restarted_count=0
 full_count=0

Compilation events (20 events):
Event: 5.987 Thread 0x00000280fcd8e000 nmethod 2587 0x000002808910ce90 code [0x000002808910d040, 0x000002808910d188]
Event: 5.987 Thread 0x00000280fcd8e000 2588       3       java.nio.IntBuffer::position (6 bytes)
Event: 5.987 Thread 0x00000280fcd8e000 nmethod 2588 0x000002808910d210 code [0x000002808910d3e0, 0x000002808910d588]
Event: 5.987 Thread 0x00000280fcd8e000 2589       3       java.nio.IntBuffer::position (8 bytes)
Event: 5.987 Thread 0x00000280ff494800 nmethod 2590 0x00000280901e8b10 code [0x00000280901e8cc0, 0x00000280901e8e48]
Event: 5.987 Thread 0x00000280fcd8e000 nmethod 2589 0x000002808910d690 code [0x000002808910d840, 0x000002808910d988]
Event: 5.987 Thread 0x00000280fcd8e000 2591       3       java.util.Arrays::sort (37 bytes)
Event: 5.988 Thread 0x00000280ff494800 2594       4       jdk.internal.jimage.ImageLocation::decompress (153 bytes)
Event: 5.988 Thread 0x00000280fcd8e000 nmethod 2591 0x000002808910da10 code [0x000002808910dbe0, 0x000002808910de58]
Event: 5.988 Thread 0x00000280fcd8e000 2592       3       jdk.internal.jimage.ImageStringsReader::hashCode (7 bytes)
Event: 5.988 Thread 0x00000280fcd8e000 nmethod 2592 0x000002808910df90 code [0x000002808910e140, 0x000002808910e2a8]
Event: 5.989 Thread 0x00000280fcd8e000 2595   !   3       jdk.internal.jimage.BasicImageReader::getResourceBuffer (201 bytes)
Event: 5.992 Thread 0x00000280fcd8e000 nmethod 2595 0x000002808910e390 code [0x000002808910e800, 0x00000280891104f8]
Event: 5.992 Thread 0x00000280fcd8e000 2596       3       jdk.internal.jimage.ImageBufferCache::releaseBuffer (75 bytes)
Event: 5.993 Thread 0x00000280fcd8e000 nmethod 2596 0x0000028089111210 code [0x0000028089111460, 0x0000028089111f88]
Event: 5.993 Thread 0x00000280fcd8e000 2598  s    3       jdk.internal.jimage.BasicImageReader::findLocation (99 bytes)
Event: 5.994 Thread 0x00000280ff494800 nmethod 2594 0x00000280901e9010 code [0x00000280901e91c0, 0x00000280901e9438]
Event: 5.994 Thread 0x00000280ff494800 2597       4       java.nio.MappedByteBuffer::rewind (5 bytes)
Event: 5.994 Thread 0x00000280fcd8e000 nmethod 2598 0x0000028089112310 code [0x00000280891125c0, 0x00000280891133e8]
Event: 5.994 Thread 0x00000280fcd8e000 2599       3       jdk.internal.jimage.ImageLocation::verify (102 bytes)

GC Heap History (8 events):
Event: 2.973 GC heap before
{Heap before GC invocations=1 (full 0):
 PSYoungGen      total 29696K, used 25600K [0x00000000eab00000, 0x00000000ecc00000, 0x0000000100000000)
  eden space 25600K, 100% used [0x00000000eab00000,0x00000000ec400000,0x00000000ec400000)
  from space 4096K, 0% used [0x00000000ec800000,0x00000000ec800000,0x00000000ecc00000)
  to   space 4096K, 0% used [0x00000000ec400000,0x00000000ec400000,0x00000000ec800000)
 ParOldGen       total 68608K, used 0K [0x00000000c0000000, 0x00000000c4300000, 0x00000000eab00000)
  object space 68608K, 0% used [0x00000000c0000000,0x00000000c0000000,0x00000000c4300000)
 Metaspace       used 13599K, capacity 14012K, committed 14208K, reserved 1062912K
  class space    used 1258K, capacity 1373K, committed 1408K, reserved 1048576K
}
Event: 2.979 GC heap after
{Heap after GC invocations=1 (full 0):
 PSYoungGen      total 29696K, used 3921K [0x00000000eab00000, 0x00000000ecc00000, 0x0000000100000000)
  eden space 25600K, 0% used [0x00000000eab00000,0x00000000eab00000,0x00000000ec400000)
  from space 4096K, 95% used [0x00000000ec400000,0x00000000ec7d4548,0x00000000ec800000)
  to   space 4096K, 0% used [0x00000000ec800000,0x00000000ec800000,0x00000000ecc00000)
 ParOldGen       total 68608K, used 16K [0x00000000c0000000, 0x00000000c4300000, 0x00000000eab00000)
  object space 68608K, 0% used [0x00000000c0000000,0x00000000c0004000,0x00000000c4300000)
 Metaspace       used 13599K, capacity 14012K, committed 14208K, reserved 1062912K
  class space    used 1258K, capacity 1373K, committed 1408K, reserved 1048576K
}
Event: 3.920 GC heap before
{Heap before GC invocations=2 (full 0):
 PSYoungGen      total 29696K, used 17614K [0x00000000eab00000, 0x00000000ecc00000, 0x0000000100000000)
  eden space 25600K, 53% used [0x00000000eab00000,0x00000000eb85f3d8,0x00000000ec400000)
  from space 4096K, 95% used [0x00000000ec400000,0x00000000ec7d4548,0x00000000ec800000)
  to   space 4096K, 0% used [0x00000000ec800000,0x00000000ec800000,0x00000000ecc00000)
 ParOldGen       total 68608K, used 16K [0x00000000c0000000, 0x00000000c4300000, 0x00000000eab00000)
  object space 68608K, 0% used [0x00000000c0000000,0x00000000c0004000,0x00000000c4300000)
 Metaspace       used 20123K, capacity 21134K, committed 21248K, reserved 1069056K
  class space    used 1911K, capacity 2244K, committed 2304K, reserved 1048576K
}
Event: 3.928 GC heap after
{Heap after GC invocations=2 (full 0):
 PSYoungGen      total 29696K, used 4092K [0x00000000eab00000, 0x00000000ecc00000, 0x0000000100000000)
  eden space 25600K, 0% used [0x00000000eab00000,0x00000000eab00000,0x00000000ec400000)
  from space 4096K, 99% used [0x00000000ec800000,0x00000000ecbff088,0x00000000ecc00000)
  to   space 4096K, 0% used [0x00000000ec400000,0x00000000ec400000,0x00000000ec800000)
 ParOldGen       total 68608K, used 1645K [0x00000000c0000000, 0x00000000c4300000, 0x00000000eab00000)
  object space 68608K, 2% used [0x00000000c0000000,0x00000000c019b540,0x00000000c4300000)
 Metaspace       used 20123K, capacity 21134K, committed 21248K, reserved 1069056K
  class space    used 1911K, capacity 2244K, committed 2304K, reserved 1048576K
}
Event: 3.928 GC heap before
{Heap before GC invocations=3 (full 1):
 PSYoungGen      total 29696K, used 4092K [0x00000000eab00000, 0x00000000ecc00000, 0x0000000100000000)
  eden space 25600K, 0% used [0x00000000eab00000,0x00000000eab00000,0x00000000ec400000)
  from space 4096K, 99% used [0x00000000ec800000,0x00000000ecbff088,0x00000000ecc00000)
  to   space 4096K, 0% used [0x00000000ec400000,0x00000000ec400000,0x00000000ec800000)
 ParOldGen       total 68608K, used 1645K [0x00000000c0000000, 0x00000000c4300000, 0x00000000eab00000)
  object space 68608K, 2% used [0x00000000c0000000,0x00000000c019b540,0x00000000c4300000)
 Metaspace       used 20123K, capacity 21134K, committed 21248K, reserved 1069056K
  class space    used 1911K, capacity 2244K, committed 2304K, reserved 1048576K
}
Event: 3.972 GC heap after
{Heap after GC invocations=3 (full 1):
 PSYoungGen      total 29696K, used 0K [0x00000000eab00000, 0x00000000ecc00000, 0x0000000100000000)
  eden space 25600K, 0% used [0x00000000eab00000,0x00000000eab00000,0x00000000ec400000)
  from space 4096K, 0% used [0x00000000ec800000,0x00000000ec800000,0x00000000ecc00000)
  to   space 4096K, 0% used [0x00000000ec400000,0x00000000ec400000,0x00000000ec800000)
 ParOldGen       total 68608K, used 5684K [0x00000000c0000000, 0x00000000c4300000, 0x00000000eab00000)
  object space 68608K, 8% used [0x00000000c0000000,0x00000000c058d398,0x00000000c4300000)
 Metaspace       used 20123K, capacity 21134K, committed 21248K, reserved 1069056K
  class space    used 1911K, capacity 2244K, committed 2304K, reserved 1048576K
}
Event: 5.494 GC heap before
{Heap before GC invocations=4 (full 1):
 PSYoungGen      total 29696K, used 25600K [0x00000000eab00000, 0x00000000ecc00000, 0x0000000100000000)
  eden space 25600K, 100% used [0x00000000eab00000,0x00000000ec400000,0x00000000ec400000)
  from space 4096K, 0% used [0x00000000ec800000,0x00000000ec800000,0x00000000ecc00000)
  to   space 4096K, 0% used [0x00000000ec400000,0x00000000ec400000,0x00000000ec800000)
 ParOldGen       total 68608K, used 5684K [0x00000000c0000000, 0x00000000c4300000, 0x00000000eab00000)
  object space 68608K, 8% used [0x00000000c0000000,0x00000000c058d398,0x00000000c4300000)
 Metaspace       used 27026K, capacity 28590K, committed 28800K, reserved 1075200K
  class space    used 2581K, capacity 3182K, committed 3200K, reserved 1048576K
}
Event: 5.504 GC heap after
{Heap after GC invocations=4 (full 1):
 PSYoungGen      total 29696K, used 2661K [0x00000000eab00000, 0x00000000ecc00000, 0x0000000100000000)
  eden space 25600K, 0% used [0x00000000eab00000,0x00000000eab00000,0x00000000ec400000)
  from space 4096K, 64% used [0x00000000ec400000,0x00000000ec6994f0,0x00000000ec800000)
  to   space 4096K, 0% used [0x00000000ec800000,0x00000000ec800000,0x00000000ecc00000)
 ParOldGen       total 68608K, used 5700K [0x00000000c0000000, 0x00000000c4300000, 0x00000000eab00000)
  object space 68608K, 8% used [0x00000000c0000000,0x00000000c05913b0,0x00000000c4300000)
 Metaspace       used 27026K, capacity 28590K, committed 28800K, reserved 1075200K
  class space    used 2581K, capacity 3182K, committed 3200K, reserved 1048576K
}

Deoptimization events (20 events):
Event: 5.240 Thread 0x00000280f83f0000 DEOPT PACKING pc=0x00000280901b3880 sp=0x000000a960ffe230
Event: 5.240 Thread 0x00000280f83f0000 DEOPT UNPACKING pc=0x000002808868a1af sp=0x000000a960ffe1e0 mode 2
Event: 5.268 Thread 0x00000280f83f0000 Uncommon trap: trap_request=0xffffff4d fr.pc=0x000002809016572c relative=0x00000000000001ec
Event: 5.268 Thread 0x00000280f83f0000 Uncommon trap: reason=unstable_if action=reinterpret pc=0x000002809016572c method=java.util.HashMap.getNode(ILjava/lang/Object;)Ljava/util/HashMap$Node; @ 129 c2
Event: 5.268 Thread 0x00000280f83f0000 DEOPT PACKING pc=0x000002809016572c sp=0x000000a960ffba00
Event: 5.268 Thread 0x00000280f83f0000 DEOPT UNPACKING pc=0x000002808868a1af sp=0x000000a960ffb900 mode 2
Event: 5.276 Thread 0x00000280f83f0000 Uncommon trap: trap_request=0xffffff4d fr.pc=0x000002809012a82c relative=0x000000000000016c
Event: 5.276 Thread 0x00000280f83f0000 Uncommon trap: reason=unstable_if action=reinterpret pc=0x000002809012a82c method=java.util.HashMap.getNode(ILjava/lang/Object;)Ljava/util/HashMap$Node; @ 129 c2
Event: 5.276 Thread 0x00000280f83f0000 DEOPT PACKING pc=0x000002809012a82c sp=0x000000a960ffb990
Event: 5.276 Thread 0x00000280f83f0000 DEOPT UNPACKING pc=0x000002808868a1af sp=0x000000a960ffb900 mode 2
Event: 5.722 Thread 0x00000280ff1b5800 DEOPT PACKING pc=0x0000028088fa94ce sp=0x000000a9626fb600
Event: 5.722 Thread 0x00000280ff1b5800 DEOPT UNPACKING pc=0x000002808868a95e sp=0x000000a9626faae0 mode 0
Event: 5.745 Thread 0x00000280ff578800 DEOPT PACKING pc=0x000002808905098b sp=0x000000a9629fda60
Event: 5.745 Thread 0x00000280ff578800 DEOPT UNPACKING pc=0x000002808868a95e sp=0x000000a9629fcf58 mode 0
Event: 5.757 Thread 0x00000280ff578800 DEOPT PACKING pc=0x000002808905098b sp=0x000000a9629fd380
Event: 5.757 Thread 0x00000280ff578800 DEOPT UNPACKING pc=0x000002808868a95e sp=0x000000a9629fc878 mode 0
Event: 5.792 Thread 0x00000280ff1b5800 DEOPT PACKING pc=0x0000028088fa94ce sp=0x000000a9626fd790
Event: 5.792 Thread 0x00000280ff1b5800 DEOPT UNPACKING pc=0x000002808868a95e sp=0x000000a9626fcc70 mode 0
Event: 5.793 Thread 0x00000280ff1b5800 DEOPT PACKING pc=0x0000028088fa94ce sp=0x000000a9626fd790
Event: 5.793 Thread 0x00000280ff1b5800 DEOPT UNPACKING pc=0x000002808868a95e sp=0x000000a9626fcc70 mode 0

Classes redefined (0 events):
No events

Internal exceptions (20 events):
Event: 2.890 Thread 0x00000280f83f0000 Exception <a 'java/lang/UnsatisfiedLinkError'{0x00000000ec2332f0}: 'void org.eclipse.equinox.launcher.JNIBridge._update_splash()'> (0x00000000ec2332f0) thrown at [./src/hotspot/share/prims/nativeLookup.cpp, line 528]
Event: 2.896 Thread 0x00000280fe720000 Exception <a 'java/lang/NoSuchMethodError'{0x00000000ec2ac208}: 'java.lang.Object java.lang.invoke.Invokers$Holder.linkToTargetMethod(java.lang.Object, java.lang.Object, java.lang.Object, int, java.lang.Object)'> (0x00000000ec2ac208) thrown at [./src/hotspot/share/interpreter/linkResolver.cpp, line 773]
Event: 3.062 Thread 0x00000280fe720000 Exception <a 'java/lang/NoSuchMethodError'{0x00000000eacf5bb0}: 'java.lang.Object java.lang.invoke.DirectMethodHandle$Holder.invokeStatic(java.lang.Object, java.lang.Object, java.lang.Object, java.lang.Object, java.lang.Object, java.lang.Object, java.lang.Object, java.lang.Object, java.lang.Object, java.lang.Object, java.lang.Object, java.lang.Object, java.lang.Object, java.lang.Object, java.lang.Object)'> (0x00000000eacf5bb0) thrown at [./src/hotspot/share/interpreter/linkResolver.cpp, line 773]
Event: 3.064 Thread 0x00000280fe720000 Exception <a 'java/lang/NoSuchMethodError'{0x00000000ead03e00}: 'java.lang.Object java.lang.invoke.DirectMethodHandle$Holder.invokeStatic(java.lang.Object, java.lang.Object, java.lang.Object, java.lang.Object, java.lang.Object, java.lang.Object, java.lang.Object, java.lang.Object, java.lang.Object, java.lang.Object, java.lang.Object, java.lang.Object, java.lang.Object, java.lang.Object, java.lang.Object, java.lang.Object)'> (0x00000000ead03e00) thrown at [./src/hotspot/share/interpreter/linkResolver.cpp, l
Event: 3.069 Thread 0x00000280fe720000 Exception <a 'java/lang/NoSuchMethodError'{0x00000000ead11d18}: 'java.lang.Object java.lang.invoke.DirectMethodHandle$Holder.invokeSpecial(java.lang.Object, java.lang.Object, int, int, java.lang.Object, java.lang.Object, java.lang.Object)'> (0x00000000ead11d18) thrown at [./src/hotspot/share/interpreter/linkResolver.cpp, line 773]
Event: 3.070 Thread 0x00000280fe720000 Exception <a 'java/lang/NoSuchMethodError'{0x00000000ead152a8}: 'java.lang.Object java.lang.invoke.DelegatingMethodHandle$Holder.reinvoke_L(java.lang.Object, int, int, java.lang.Object, java.lang.Object, java.lang.Object)'> (0x00000000ead152a8) thrown at [./src/hotspot/share/interpreter/linkResolver.cpp, line 773]
Event: 3.276 Thread 0x00000280fe720000 Exception <a 'java/io/FileNotFoundException'{0x00000000eb014608}> (0x00000000eb014608) thrown at [./src/hotspot/share/prims/jni.cpp, line 615]
Event: 3.645 Thread 0x00000280fe720000 Exception <a 'java/lang/NoSuchMethodError'{0x00000000eb4c3870}: 'void java.lang.invoke.DirectMethodHandle$Holder.invokeSpecial(java.lang.Object, java.lang.Object, java.lang.Object, java.lang.Object)'> (0x00000000eb4c3870) thrown at [./src/hotspot/share/interpreter/linkResolver.cpp, line 773]
Event: 3.689 Thread 0x00000280fe720000 Exception <a 'java/io/FileNotFoundException'{0x00000000eb4ed9d0}> (0x00000000eb4ed9d0) thrown at [./src/hotspot/share/prims/jni.cpp, line 615]
Event: 3.880 Thread 0x00000280fe720000 Exception <a 'java/lang/NoSuchMethodError'{0x00000000eb7bf458}: 'int java.lang.invoke.DirectMethodHandle$Holder.invokeStaticInit(java.lang.Object, java.lang.Object, java.lang.Object)'> (0x00000000eb7bf458) thrown at [./src/hotspot/share/interpreter/linkResolver.cpp, line 773]
Event: 3.890 Thread 0x00000280fe720000 Exception <a 'java/lang/IncompatibleClassChangeError'{0x00000000eb7f4390}: Found class java.lang.Object, but interface was expected> (0x00000000eb7f4390) thrown at [./src/hotspot/share/interpreter/linkResolver.cpp, line 839]
Event: 4.277 Thread 0x00000280fe720000 Exception <a 'java/lang/ClassNotFoundException'{0x00000000eba20bc8}: com/sun/org/apache/xerces/internal/impl/msg/spi/DOMMessagesProvider> (0x00000000eba20bc8) thrown at [./src/hotspot/share/classfile/systemDictionary.cpp, line 231]
Event: 4.287 Thread 0x00000280fe720000 Exception <a 'java/lang/ClassNotFoundException'{0x00000000eba40558}: com/sun/org/apache/xerces/internal/impl/msg/spi/XMLSerializerMessagesProvider> (0x00000000eba40558) thrown at [./src/hotspot/share/classfile/systemDictionary.cpp, line 231]
Event: 4.289 Thread 0x00000280fe720000 Exception <a 'java/lang/ClassNotFoundException'{0x00000000eba55bd0}: com/sun/org/apache/xerces/internal/impl/msg/spi/XMLMessagesProvider> (0x00000000eba55bd0) thrown at [./src/hotspot/share/classfile/systemDictionary.cpp, line 231]
Event: 4.293 Thread 0x00000280fe720000 Implicit null exception at 0x000002809019e189 to 0x000002809019eef8
Event: 5.003 Thread 0x00000280fe720000 Exception <a 'java/lang/ClassNotFoundException'{0x00000000ebcc5020}: com/sun/org/apache/xml/internal/serializer/spi/XMLEntitiesProvider> (0x00000000ebcc5020) thrown at [./src/hotspot/share/classfile/systemDictionary.cpp, line 231]
Event: 5.183 Thread 0x00000280fe720000 Exception <a 'java/io/FileNotFoundException'{0x00000000ebf36c00}> (0x00000000ebf36c00) thrown at [./src/hotspot/share/prims/jni.cpp, line 615]
Event: 5.205 Thread 0x00000280fe720000 Exception <a 'java/io/FileNotFoundException'{0x00000000ebf64c50}> (0x00000000ebf64c50) thrown at [./src/hotspot/share/prims/jni.cpp, line 615]
Event: 5.217 Thread 0x00000280fe720000 Exception <a 'java/io/FileNotFoundException'{0x00000000ebf97e88}> (0x00000000ebf97e88) thrown at [./src/hotspot/share/prims/jni.cpp, line 615]
Event: 5.674 Thread 0x00000280ff578800 Exception <a 'java/io/FileNotFoundException'{0x00000000eace6ad8}> (0x00000000eace6ad8) thrown at [./src/hotspot/share/prims/jni.cpp, line 615]

Events (20 events):
Event: 5.910 loading class jdk/internal/jrtfs/JrtFileSystem
Event: 5.910 loading class jdk/internal/jrtfs/JrtFileSystem done
Event: 5.912 loading class java/util/stream/StreamSpliterators$WrappingSpliterator
Event: 5.912 loading class java/util/stream/StreamSpliterators$AbstractWrappingSpliterator
Event: 5.912 loading class java/util/stream/StreamSpliterators$AbstractWrappingSpliterator done
Event: 5.912 loading class java/util/stream/StreamSpliterators$WrappingSpliterator done
Event: 5.913 loading class java/util/function/BooleanSupplier
Event: 5.913 loading class java/util/function/BooleanSupplier done
Event: 5.914 loading class java/nio/file/FileVisitor
Event: 5.914 loading class java/nio/file/FileVisitor done
Event: 5.914 loading class java/nio/file/FileVisitOption
Event: 5.914 loading class java/nio/file/FileVisitOption done
Event: 5.915 loading class java/nio/file/FileTreeWalker
Event: 5.915 loading class java/nio/file/FileTreeWalker done
Event: 5.915 loading class java/util/RegularEnumSet$EnumSetIterator
Event: 5.915 loading class java/util/RegularEnumSet$EnumSetIterator done
Event: 5.921 loading class java/nio/ByteBufferAsIntBufferL
Event: 5.921 loading class java/nio/ByteBufferAsIntBufferL done
Event: 5.922 loading class jdk/internal/jimage/ImageReader$Directory
Event: 5.922 loading class jdk/internal/jimage/ImageReader$Directory done


Dynamic libraries:
0x00007ff734760000 - 0x00007ff73476d000 	C:\Program Files\Eclipse Foundation\jdk-11.0.12.7-hotspot\bin\java.exe
0x00007ffb52810000 - 0x00007ffb52a04000 	C:\WINDOWS\SYSTEM32\ntdll.dll
0x00007ffb51cc0000 - 0x00007ffb51d7d000 	C:\WINDOWS\System32\KERNEL32.DLL
0x00007ffb503a0000 - 0x00007ffb50667000 	C:\WINDOWS\System32\KERNELBASE.dll
0x00007ffb50770000 - 0x00007ffb50870000 	C:\WINDOWS\System32\ucrtbase.dll
0x00007ffb39b40000 - 0x00007ffb39b57000 	C:\Program Files\Eclipse Foundation\jdk-11.0.12.7-hotspot\bin\jli.dll
0x00007ffb252f0000 - 0x00007ffb25305000 	C:\Program Files\Eclipse Foundation\jdk-11.0.12.7-hotspot\bin\VCRUNTIME140.dll
0x00007ffb50a30000 - 0x00007ffb50bd0000 	C:\WINDOWS\System32\USER32.dll
0x00007ffb50160000 - 0x00007ffb50182000 	C:\WINDOWS\System32\win32u.dll
0x00007ffb3f150000 - 0x00007ffb3f3ea000 	C:\WINDOWS\WinSxS\amd64_microsoft.windows.common-controls_6595b64144ccf1df_6.0.19041.1_none_b555e41d4684ddec\COMCTL32.dll
0x00007ffb517c0000 - 0x00007ffb517ea000 	C:\WINDOWS\System32\GDI32.dll
0x00007ffb501e0000 - 0x00007ffb502ea000 	C:\WINDOWS\System32\gdi32full.dll
0x00007ffb50670000 - 0x00007ffb5070d000 	C:\WINDOWS\System32\msvcp_win.dll
0x00007ffb50d30000 - 0x00007ffb50dce000 	C:\WINDOWS\System32\msvcrt.dll
0x00007ffb51ae0000 - 0x00007ffb51b10000 	C:\WINDOWS\System32\IMM32.DLL
0x00007ffb07b10000 - 0x00007ffb07bab000 	C:\Program Files\Eclipse Foundation\jdk-11.0.12.7-hotspot\bin\msvcp140.dll
0x00007ffb01ee0000 - 0x00007ffb02a39000 	C:\Program Files\Eclipse Foundation\jdk-11.0.12.7-hotspot\bin\server\jvm.dll
0x00007ffb51860000 - 0x00007ffb5190a000 	C:\WINDOWS\System32\ADVAPI32.dll
0x00007ffb51e10000 - 0x00007ffb51eab000 	C:\WINDOWS\System32\sechost.dll
0x00007ffb51b10000 - 0x00007ffb51c33000 	C:\WINDOWS\System32\RPCRT4.dll
0x00007ffb51eb0000 - 0x00007ffb51eb8000 	C:\WINDOWS\System32\PSAPI.DLL
0x00007ffb40d60000 - 0x00007ffb40d87000 	C:\WINDOWS\SYSTEM32\WINMM.dll
0x00007ffb4b690000 - 0x00007ffb4b699000 	C:\WINDOWS\SYSTEM32\WSOCK32.dll
0x00007ffb517f0000 - 0x00007ffb5185b000 	C:\WINDOWS\System32\WS2_32.dll
0x00007ffb47770000 - 0x00007ffb4777a000 	C:\WINDOWS\SYSTEM32\VERSION.dll
0x00007ffb4e850000 - 0x00007ffb4e863000 	C:\WINDOWS\SYSTEM32\kernel.appcore.dll
0x00007ffb48c50000 - 0x00007ffb48c60000 	C:\Program Files\Eclipse Foundation\jdk-11.0.12.7-hotspot\bin\verify.dll
0x00007ffb4e580000 - 0x00007ffb4e764000 	C:\WINDOWS\SYSTEM32\DBGHELP.DLL
0x00007ffb490f0000 - 0x00007ffb4911c000 	C:\WINDOWS\SYSTEM32\dbgcore.DLL
0x00007ffb500e0000 - 0x00007ffb5015f000 	C:\WINDOWS\System32\bcryptPrimitives.dll
0x00007ffb218e0000 - 0x00007ffb21908000 	C:\Program Files\Eclipse Foundation\jdk-11.0.12.7-hotspot\bin\java.dll
0x00007ffb40de0000 - 0x00007ffb40dea000 	C:\Program Files\Eclipse Foundation\jdk-11.0.12.7-hotspot\bin\jimage.dll
0x00007ffb23410000 - 0x00007ffb23427000 	C:\Program Files\Eclipse Foundation\jdk-11.0.12.7-hotspot\bin\zip.dll
0x00007ffb51ec0000 - 0x00007ffb525f1000 	C:\WINDOWS\System32\SHELL32.dll
0x00007ffb4dd30000 - 0x00007ffb4e4ba000 	C:\WINDOWS\SYSTEM32\windows.storage.dll
0x00007ffb51450000 - 0x00007ffb517a4000 	C:\WINDOWS\System32\combase.dll
0x00007ffb4f9d0000 - 0x00007ffb4f9fb000 	C:\WINDOWS\SYSTEM32\Wldp.dll
0x00007ffb52600000 - 0x00007ffb526ae000 	C:\WINDOWS\System32\SHCORE.dll
0x00007ffb51970000 - 0x00007ffb519c5000 	C:\WINDOWS\System32\shlwapi.dll
0x00007ffb4fe90000 - 0x00007ffb4feaf000 	C:\WINDOWS\SYSTEM32\profapi.dll
0x00007ffb21180000 - 0x00007ffb21199000 	C:\Program Files\Eclipse Foundation\jdk-11.0.12.7-hotspot\bin\net.dll
0x00007ffb3fe80000 - 0x00007ffb3ff82000 	C:\WINDOWS\SYSTEM32\WINHTTP.dll
0x00007ffb4f750000 - 0x00007ffb4f7ba000 	C:\WINDOWS\system32\mswsock.dll
0x00007ffb1eb60000 - 0x00007ffb1eb72000 	C:\Program Files\Eclipse Foundation\jdk-11.0.12.7-hotspot\bin\nio.dll
0x00007ffb4f920000 - 0x00007ffb4f938000 	C:\WINDOWS\SYSTEM32\CRYPTSP.dll
0x00007ffb4f070000 - 0x00007ffb4f0a4000 	C:\WINDOWS\system32\rsaenh.dll
0x00007ffb500b0000 - 0x00007ffb500d7000 	C:\WINDOWS\System32\bcrypt.dll
0x00007ffb4fe10000 - 0x00007ffb4fe3e000 	C:\WINDOWS\SYSTEM32\USERENV.dll
0x00007ffb4f940000 - 0x00007ffb4f94c000 	C:\WINDOWS\SYSTEM32\CRYPTBASE.dll
0x00007ffb4f3f0000 - 0x00007ffb4f42b000 	C:\WINDOWS\SYSTEM32\IPHLPAPI.DLL
0x00007ffb50bd0000 - 0x00007ffb50bd9000 	C:\WINDOWS\System32\NSI.dll
0x00007ffb41e00000 - 0x00007ffb41e17000 	C:\WINDOWS\SYSTEM32\dhcpcsvc6.DLL
0x00007ffb421d0000 - 0x00007ffb421ed000 	C:\WINDOWS\SYSTEM32\dhcpcsvc.DLL
0x00007ffb4f440000 - 0x00007ffb4f50a000 	C:\WINDOWS\SYSTEM32\DNSAPI.dll
0x00007ffb181c0000 - 0x00007ffb181fe000 	C:\Users\User\AppData\Roaming\Code\User\globalStorage\redhat.java\0.82.0\config_ss_win\org.eclipse.equinox.launcher\org.eclipse.equinox.launcher.win32.win32.x86_64_1.2.300.v20210828-0802\eclipse_11506.dll
0x00007ffb50c00000 - 0x00007ffb50d2b000 	C:\WINDOWS\System32\ole32.dll
0x00007ffb1dec0000 - 0x00007ffb1ded1000 	C:\Users\User\AppData\Roaming\Code\User\globalStorage\redhat.java\0.82.0\config_ss_win\org.eclipse.osgi\16\0\.cp\jWinHttp-1.0.0.dll

dbghelp: loaded successfully - version: 4.0.5 - missing functions: none
symbol engine: initialized successfully - sym options: 0x614 - pdb path: .;C:\Program Files\Eclipse Foundation\jdk-11.0.12.7-hotspot\bin;C:\WINDOWS\SYSTEM32;C:\WINDOWS\WinSxS\amd64_microsoft.windows.common-controls_6595b64144ccf1df_6.0.19041.1_none_b555e41d4684ddec;C:\Program Files\Eclipse Foundation\jdk-11.0.12.7-hotspot\bin\server;C:\Users\User\AppData\Roaming\Code\User\globalStorage\redhat.java\0.82.0\config_ss_win\org.eclipse.equinox.launcher\org.eclipse.equinox.launcher.win32.win32.x86_64_1.2.300.v20210828-0802;C:\Users\User\AppData\Roaming\Code\User\globalStorage\redhat.java\0.82.0\config_ss_win\org.eclipse.osgi\16\0\.cp

VM Arguments:
jvm_args: --add-modules=ALL-SYSTEM --add-opens=java.base/java.util=ALL-UNNAMED --add-opens=java.base/java.lang=ALL-UNNAMED -Declipse.application=org.eclipse.jdt.ls.core.id1 -Dosgi.bundles.defaultStartLevel=4 -Declipse.product=org.eclipse.jdt.ls.core.product -Dfile.encoding=utf8 -DwatchParentProcess=false -XX:+UseParallelGC -XX:GCTimeRatio=4 -XX:AdaptiveSizePolicyWeight=90 -Dsun.zip.disableMemoryMapping=true -Xmx1G -Xms100m -Xverify:none 
java_command: c:\Users\User\.vscode\extensions\redhat.java-0.82.0\server\plugins\org.eclipse.equinox.launcher_1.6.300.v20210813-1054.jar -configuration c:\Users\User\AppData\Roaming\Code\User\globalStorage\redhat.java\0.82.0\config_ss_win -data c:\Users\User\AppData\Roaming\Code\User\workspaceStorage\c3096344b3a4e59383c1365647bf3051\redhat.java\ss_ws
java_class_path (initial): c:\Users\User\.vscode\extensions\redhat.java-0.82.0\server\plugins\org.eclipse.equinox.launcher_1.6.300.v20210813-1054.jar
Launcher Type: SUN_STANDARD

[Global flags]
    uintx AdaptiveSizePolicyWeight                 = 90                                        {product} {command line}
     bool BytecodeVerificationLocal                = false                                     {product} {command line}
     bool BytecodeVerificationRemote               = false                                     {product} {command line}
     intx CICompilerCount                          = 3                                         {product} {ergonomic}
    uintx GCTimeRatio                              = 4                                         {product} {command line}
   size_t InitialHeapSize                          = 104857600                                 {product} {command line}
   size_t MaxHeapSize                              = 1073741824                                {product} {command line}
   size_t MaxNewSize                               = 357564416                                 {product} {ergonomic}
   size_t MinHeapDeltaBytes                        = 524288                                    {product} {ergonomic}
   size_t NewSize                                  = 34603008                                  {product} {ergonomic}
    uintx NonNMethodCodeHeapSize                   = 5830732                                {pd product} {ergonomic}
    uintx NonProfiledCodeHeapSize                  = 122913754                              {pd product} {ergonomic}
   size_t OldSize                                  = 70254592                                  {product} {ergonomic}
    uintx ProfiledCodeHeapSize                     = 122913754                              {pd product} {ergonomic}
    uintx ReservedCodeCacheSize                    = 251658240                              {pd product} {ergonomic}
     bool SegmentedCodeCache                       = true                                      {product} {ergonomic}
     bool UseCompressedClassPointers               = true                                 {lp64_product} {ergonomic}
     bool UseCompressedOops                        = true                                 {lp64_product} {ergonomic}
     bool UseLargePagesIndividualAllocation        = false                                  {pd product} {ergonomic}
     bool UseParallelGC                            = true                                      {product} {command line}

Logging:
Log output configuration:
 #0: stdout all=warning uptime,level,tags
 #1: stderr all=off uptime,level,tags

Environment Variables:
JAVA_HOME=C:\Program Files\Eclipse Foundation\jdk-11.0.12.7-hotspot
PATH=C:\Program Files\Eclipse Foundation\jdk-11.0.12.7-hotspot\bin;C:\ProgramData\Oracle\Java\javapath;C:\Program Files\Rockwell Software\RSCommon;C:\Program Files\ImageMagick-7.0.10-Q16-HDRI;C:\Program Files (x86)\Intel\TXE Components\TCS\;C:\Program Files\Intel\TXE Components\TCS\;C:\Windows\system32;C:\Windows;C:\Windows\System32\Wbem;C:\Windows\System32\WindowsPowerShell\v1.0\;C:\Program Files (x86)\NVIDIA Corporation\PhysX\Common;C:\Program Files\Microsoft SQL Server\130\Tools\Binn\;C:\Program Files\dotnet\;C:\Program Files\MiKTeX 2.9\miktex\bin\x64\;C:\WINDOWS\system32;C:\WINDOWS;C:\WINDOWS\System32\Wbem;C:\WINDOWS\System32\WindowsPowerShell\v1.0\;C:\WINDOWS\System32\OpenSSH\;C:\Program Files\MATLAB\R2018a\runtime\win64;C:\Program Files\MATLAB\R2018a\bin;C:\Program Files\nodejs\;C:\ProgramData\chocolatey\bin;C:\Program Files\Microsoft SQL Server\Client SDK\ODBC\130\Tools\Binn\;C:\Program Files (x86)\Microsoft SQL Server\140\Tools\Binn\;C:\Program Files\Microsoft SQL Server\140\Tools\Binn\;C:\Program Files\Microsoft SQL Server\140\DTS\Binn\;C:\Program Files (x86)\Microsoft SQL Server\150\DTS\Binn\;C:\Program Files\Git\cmd;C:\apache-maven-3.8.3\bin;C:\Program Files\Eclipse Foundation\jdk-11.0.12.7-hotspot\bin;C:\Program Files\MySQL\MySQL Shell 8.0\bin\;C:\Users\User\AppData\Local\Microsoft\WindowsApps;C:\Users\User\AppData\Local\atom\bin;C:\Users\User\AppData\Roaming\npm;C:\Users\User\AppData\Local\Microsoft\WindowsApps;C:\Users\User\AppData\Local\Programs\Microsoft VS Code\bin;C:\Program Files\Python36;C:\Program Files\Python36\Scripts;
USERNAME=User
OS=Windows_NT
PROCESSOR_IDENTIFIER=Intel64 Family 6 Model 142 Stepping 9, GenuineIntel



---------------  S Y S T E M  ---------------

OS: Windows 10 , 64 bit Build 19041 (10.0.19041.1)
OS uptime: 7 days 0:59 hours

CPU:total 4 (initial active 4) (2 cores per cpu, 2 threads per core) family 6 model 142 stepping 9 microcode 0xb4, cmov, cx8, fxsr, mmx, sse, sse2, sse3, ssse3, sse4.1, sse4.2, popcnt, avx, avx2, aes, clmul, erms, 3dnowpref, lzcnt, ht, tsc, tscinvbit, bmi1, bmi2, adx, fma

Memory: 4k page, system-wide physical 8073M (1477M free)
TotalPageFile size 8073M (AvailPageFile size 0M)
current process WorkingSet (physical memory assigned to process): 116M, peak: 116M
current process commit charge ("private bytes"): 219M, peak: 219M

vm_info: OpenJDK 64-Bit Server VM (11.0.12+7) for windows-amd64 JRE (11.0.12+7), built on Jul 21 2021 16:23:49 by "" with unknown MS VC++:1916

END.
