#
# There is insufficient memory for the Java Runtime Environment to continue.
# Native memory allocation (malloc) failed to allocate 32744 bytes for ChunkPool::allocate
# Possible reasons:
#   The system is out of physical RAM or swap space
#   The process is running with CompressedOops enabled, and the Java Heap may be blocking the growth of the native heap
# Possible solutions:
#   Reduce memory load on the system
#   Increase physical memory or swap space
#   Check if swap backing store is full
#   Decrease Java heap size (-Xmx/-Xms)
#   Decrease number of Java threads
#   Decrease Java thread stack sizes (-Xss)
#   Set larger code cache with -XX:ReservedCodeCacheSize=
#   JVM is running with Unscaled Compressed Oops mode in which the Java heap is
#     placed in the first 4GB address space. The Java Heap base address is the
#     maximum limit for the native heap growth. Please use -XX:HeapBaseMinAddress
#     to set the Java Heap base and to place the Java Heap above 4GB virtual address.
# This output file may be truncated or incomplete.
#
#  Out of Memory Error (./src/hotspot/share/memory/arena.cpp:81), pid=5916, tid=10896
#
# JRE version: OpenJDK Runtime Environment Temurin-11.0.12+7 (11.0.12+7) (build 11.0.12+7)
# Java VM: OpenJDK 64-Bit Server VM Temurin-11.0.12+7 (11.0.12+7, mixed mode, tiered, compressed oops, parallel gc, windows-amd64)
# No core dump will be written. Minidumps are not enabled by default on client versions of Windows
#

---------------  S U M M A R Y ------------

Command Line: --add-modules=ALL-SYSTEM --add-opens=java.base/java.util=ALL-UNNAMED --add-opens=java.base/java.lang=ALL-UNNAMED -Declipse.application=org.eclipse.jdt.ls.core.id1 -Dosgi.bundles.defaultStartLevel=4 -Declipse.product=org.eclipse.jdt.ls.core.product -Dfile.encoding=utf8 -DwatchParentProcess=false -XX:+UseParallelGC -XX:GCTimeRatio=4 -XX:AdaptiveSizePolicyWeight=90 -Dsun.zip.disableMemoryMapping=true -Xmx1G -Xms100m -Xverify:none c:\Users\User\.vscode\extensions\redhat.java-0.82.0\server\plugins\org.eclipse.equinox.launcher_1.6.300.v20210813-1054.jar -configuration c:\Users\User\AppData\Roaming\Code\User\globalStorage\redhat.java\0.82.0\config_win -data c:\Users\User\AppData\Roaming\Code\User\workspaceStorage\c3096344b3a4e59383c1365647bf3051\redhat.java\jdt_ws

Host: Intel(R) Core(TM) i5-7200U CPU @ 2.50GHz, 4 cores, 7G,  Windows 10 , 64 bit Build 19041 (10.0.19041.1)
Time: Sat Oct 16 16:25:01 2021 Hora est. Pacífico, Sudamérica elapsed time: 69.364011 seconds (0d 0h 1m 9s)

---------------  T H R E A D  ---------------

Current thread (0x0000026b417a5800):  JavaThread "C2 CompilerThread0" daemon [_thread_in_native, id=10896, stack(0x00000085f2300000,0x00000085f2400000)]


Current CompileTask:
C2:  69364 7414       4       org.eclipse.jdt.internal.compiler.parser.Parser::consumeToken (2275 bytes)

Stack: [0x00000085f2300000,0x00000085f2400000]
Native frames: (J=compiled Java code, j=interpreted, Vv=VM code, C=native code)
V  [jvm.dll+0x601d0a]
V  [jvm.dll+0x78ab6e]
V  [jvm.dll+0x78c23f]
V  [jvm.dll+0x78c903]
V  [jvm.dll+0x24be68]
V  [jvm.dll+0xc23fb]
V  [jvm.dll+0xc275c]
V  [jvm.dll+0xc22ab]
V  [jvm.dll+0x5dfbdf]
V  [jvm.dll+0x322d3e]
V  [jvm.dll+0x4dd645]
V  [jvm.dll+0x321e0a]
V  [jvm.dll+0x32129a]
V  [jvm.dll+0x205515]
V  [jvm.dll+0x2046fd]
V  [jvm.dll+0x1898fc]
V  [jvm.dll+0x213d67]
V  [jvm.dll+0x211f2b]
V  [jvm.dll+0x74ec19]
V  [jvm.dll+0x747c84]
V  [jvm.dll+0x600ba6]
C  [ucrtbase.dll+0x21542]
C  [KERNEL32.DLL+0x16fd4]
C  [ntdll.dll+0x4cf31]


---------------  P R O C E S S  ---------------

Threads class SMR info:
_java_thread_list=0x0000026b519dc3f0, length=25, elements={
0x0000026b276cb800, 0x0000026b4177e800, 0x0000026b41788000, 0x0000026b42942800,
0x0000026b417a0000, 0x0000026b417a4800, 0x0000026b417a5800, 0x0000026b417aa800,
0x0000026b417b0000, 0x0000026b417b1000, 0x0000026b417b1800, 0x0000026b417ae800,
0x0000026b417af000, 0x0000026b417b2800, 0x0000026b417b3000, 0x0000026b417b5000,
0x0000026b43fd9800, 0x0000026b43fd8800, 0x0000026b43fda000, 0x0000026b43fd7800,
0x0000026b43fdc000, 0x0000026b43fd7000, 0x0000026b42bd5800, 0x0000026b43fdf000,
0x0000026b43fe0800
}

Java Threads: ( => current thread )
  0x0000026b276cb800 JavaThread "main" [_thread_blocked, id=4676, stack(0x00000085f1b00000,0x00000085f1c00000)]
  0x0000026b4177e800 JavaThread "Reference Handler" daemon [_thread_blocked, id=14688, stack(0x00000085f1e00000,0x00000085f1f00000)]
  0x0000026b41788000 JavaThread "Finalizer" daemon [_thread_blocked, id=11228, stack(0x00000085f1f00000,0x00000085f2000000)]
  0x0000026b42942800 JavaThread "Signal Dispatcher" daemon [_thread_blocked, id=5720, stack(0x00000085f2000000,0x00000085f2100000)]
  0x0000026b417a0000 JavaThread "Attach Listener" daemon [_thread_blocked, id=8360, stack(0x00000085f2100000,0x00000085f2200000)]
  0x0000026b417a4800 JavaThread "Service Thread" daemon [_thread_blocked, id=14480, stack(0x00000085f2200000,0x00000085f2300000)]
=>0x0000026b417a5800 JavaThread "C2 CompilerThread0" daemon [_thread_in_native, id=10896, stack(0x00000085f2300000,0x00000085f2400000)]
  0x0000026b417aa800 JavaThread "C1 CompilerThread0" daemon [_thread_blocked, id=15892, stack(0x00000085f2400000,0x00000085f2500000)]
  0x0000026b417b0000 JavaThread "Sweeper thread" daemon [_thread_blocked, id=11644, stack(0x00000085f2500000,0x00000085f2600000)]
  0x0000026b417b1000 JavaThread "Common-Cleaner" daemon [_thread_blocked, id=13716, stack(0x00000085f2600000,0x00000085f2700000)]
  0x0000026b417b1800 JavaThread "Active Thread: Equinox Container: 487ea675-6ed1-451e-8135-986e29aa1c81" [_thread_blocked, id=16352, stack(0x00000085f2900000,0x00000085f2a00000)]
  0x0000026b417ae800 JavaThread "Framework Event Dispatcher: Equinox Container: 487ea675-6ed1-451e-8135-986e29aa1c81" daemon [_thread_blocked, id=9200, stack(0x00000085f2a00000,0x00000085f2b00000)]
  0x0000026b417af000 JavaThread "Start Level: Equinox Container: 487ea675-6ed1-451e-8135-986e29aa1c81" daemon [_thread_blocked, id=11468, stack(0x00000085f2b00000,0x00000085f2c00000)]
  0x0000026b417b2800 JavaThread "SCR Component Actor" daemon [_thread_blocked, id=9284, stack(0x00000085f2f00000,0x00000085f3000000)]
  0x0000026b417b3000 JavaThread "Bundle File Closer" daemon [_thread_blocked, id=10068, stack(0x00000085f3100000,0x00000085f3200000)]
  0x0000026b417b5000 JavaThread "Worker-JM" [_thread_blocked, id=10192, stack(0x00000085f3200000,0x00000085f3300000)]
  0x0000026b43fd9800 JavaThread "Worker-0" [_thread_blocked, id=1624, stack(0x00000085f3300000,0x00000085f3400000)]
  0x0000026b43fd8800 JavaThread "Worker-1" [_thread_blocked, id=4808, stack(0x00000085f3400000,0x00000085f3500000)]
  0x0000026b43fda000 JavaThread "Java indexing" daemon [_thread_blocked, id=8084, stack(0x00000085f3500000,0x00000085f3600000)]
  0x0000026b43fd7800 JavaThread "logback configurator timer" daemon [_thread_blocked, id=864, stack(0x00000085f3600000,0x00000085f3700000)]
  0x0000026b43fdc000 JavaThread "pool-2-thread-1" [_thread_in_native, id=7256, stack(0x00000085f3700000,0x00000085f3800000)]
  0x0000026b43fd7000 JavaThread "ForkJoinPool.commonPool-worker-3" daemon [_thread_in_native, id=15080, stack(0x00000085f1800000,0x00000085f1900000)]
  0x0000026b42bd5800 JavaThread "C2 CompilerThread1" daemon [_thread_in_native, id=9472, stack(0x00000085f1a00000,0x00000085f1b00000)]
  0x0000026b43fdf000 JavaThread "ForkJoinPool.commonPool-worker-5" daemon [_thread_blocked, id=2576, stack(0x00000085f3000000,0x00000085f3100000)]
  0x0000026b43fe0800 JavaThread "ForkJoinPool.commonPool-worker-7" daemon [_thread_blocked, id=8376, stack(0x00000085f3a00000,0x00000085f3b00000)]

Other Threads:
  0x0000026b416b8000 VMThread "VM Thread" [stack: 0x00000085f1d00000,0x00000085f1e00000] [id=6096]
  0x0000026b42b85000 WatcherThread [stack: 0x00000085f2800000,0x00000085f2900000] [id=15164]
  0x0000026b276e5800 GCTaskThread "ParGC Thread#0" [stack: 0x00000085f1c00000,0x00000085f1d00000] [id=4644]
  0x0000026b42f12800 GCTaskThread "ParGC Thread#1" [stack: 0x00000085f2c00000,0x00000085f2d00000] [id=13060]
  0x0000026b42f13000 GCTaskThread "ParGC Thread#2" [stack: 0x00000085f2d00000,0x00000085f2e00000] [id=15500]
  0x0000026b42f14000 GCTaskThread "ParGC Thread#3" [stack: 0x00000085f2e00000,0x00000085f2f00000] [id=9412]

Threads with active compile tasks:
C2 CompilerThread0  69643 7414       4       org.eclipse.jdt.internal.compiler.parser.Parser::consumeToken (2275 bytes)
C2 CompilerThread1  69643 7797       4       org.eclipse.jdt.internal.compiler.lookup.BinaryTypeBinding::createMethod (1689 bytes)

VM state:not at safepoint (normal execution)

VM Mutex/Monitor currently owned by a thread: None

Heap address: 0x00000000c0000000, size: 1024 MB, Compressed Oops mode: 32-bit
Narrow klass base: 0x0000000000000000, Narrow klass shift: 3
Compressed class space size: 1073741824 Address: 0x0000000100000000

Heap:
 PSYoungGen      total 12800K, used 4957K [0x00000000eab00000, 0x00000000ebf00000, 0x0000000100000000)
  eden space 10240K, 23% used [0x00000000eab00000,0x00000000ead63130,0x00000000eb500000)
  from space 2560K, 98% used [0x00000000eb500000,0x00000000eb774398,0x00000000eb780000)
  to   space 5120K, 0% used [0x00000000eba00000,0x00000000eba00000,0x00000000ebf00000)
 ParOldGen       total 85504K, used 78020K [0x00000000c0000000, 0x00000000c5380000, 0x00000000eab00000)
  object space 85504K, 91% used [0x00000000c0000000,0x00000000c4c310e8,0x00000000c5380000)
 Metaspace       used 57225K, capacity 60056K, committed 60288K, reserved 1103872K
  class space    used 5656K, capacity 6679K, committed 6784K, reserved 1048576K

Card table byte_map: [0x0000026b270c0000,0x0000026b272d0000] _byte_map_base: 0x0000026b26ac0000

Marking Bits: (ParMarkBitMap*) 0x00007ffb02b9bcf0
 Begin Bits: [0x0000026b3edf0000, 0x0000026b3fdf0000)
 End Bits:   [0x0000026b3fdf0000, 0x0000026b40df0000)

Polling page: 0x0000026b26eb0000

Metaspace:

Usage:
  Non-class:     52.13 MB capacity,    50.36 MB ( 97%) used,     1.65 MB (  3%) free+waste,   121.19 KB ( <1%) overhead. 
      Class:      6.52 MB capacity,     5.52 MB ( 85%) used,   965.49 KB ( 14%) free+waste,    56.56 KB ( <1%) overhead. 
       Both:     58.65 MB capacity,    55.88 MB ( 95%) used,     2.59 MB (  4%) free+waste,   177.75 KB ( <1%) overhead. 

Virtual space:
  Non-class space:       54.00 MB reserved,      52.25 MB ( 97%) committed 
      Class space:        1.00 GB reserved,       6.63 MB ( <1%) committed 
             Both:        1.05 GB reserved,      58.88 MB (  5%) committed 

Chunk freelists:
   Non-Class:  63.00 KB
       Class:  9.00 KB
        Both:  72.00 KB

MaxMetaspaceSize: 17179869184.00 GB
CompressedClassSpaceSize: 1.00 GB
Initial GC threshold: 20.80 MB
Current GC threshold: 93.96 MB
CDS: off

CodeHeap 'non-profiled nmethods': size=120064Kb used=4295Kb max_used=4295Kb free=115768Kb
 bounds [0x0000026b378b0000, 0x0000026b37cf0000, 0x0000026b3edf0000]
CodeHeap 'profiled nmethods': size=120000Kb used=18997Kb max_used=18997Kb free=101002Kb
 bounds [0x0000026b30380000, 0x0000026b31610000, 0x0000026b378b0000]
CodeHeap 'non-nmethods': size=5696Kb used=1313Kb max_used=1369Kb free=4382Kb
 bounds [0x0000026b2fdf0000, 0x0000026b30060000, 0x0000026b30380000]
 total_blobs=8382 nmethods=7771 adapters=525
 compilation: enabled
              stopped_count=0, restarted_count=0
 full_count=0

Compilation events (20 events):
Event: 69.290 Thread 0x0000026b42bd5800 nmethod 7452 0x0000026b37cd9390 code [0x0000026b37cd9780, 0x0000026b37cdc6b8]
Event: 69.290 Thread 0x0000026b42bd5800 7797       4       org.eclipse.jdt.internal.compiler.lookup.BinaryTypeBinding::createMethod (1689 bytes)
Event: 69.300 Thread 0x0000026b417aa800 7804       2       org.eclipse.jdt.internal.core.search.matching.JavaSearchNameEnvironment::findType (34 bytes)
Event: 69.301 Thread 0x0000026b417aa800 nmethod 7804 0x0000026b315e8690 code [0x0000026b315e88a0, 0x0000026b315e8c48]
Event: 69.317 Thread 0x0000026b417aa800 7805       2       org.eclipse.jdt.internal.compiler.lookup.LookupEnvironment::askForTypeFromModules (229 bytes)
Event: 69.318 Thread 0x0000026b417aa800 nmethod 7805 0x0000026b315e8f10 code [0x0000026b315e9160, 0x0000026b315e9a68]
Event: 69.318 Thread 0x0000026b417aa800 7806       2       org.eclipse.jdt.internal.compiler.lookup.LookupEnvironment$$Lambda$268/0x00000001005b8040::apply (20 bytes)
Event: 69.318 Thread 0x0000026b417aa800 nmethod 7806 0x0000026b315e9f90 code [0x0000026b315ea140, 0x0000026b315ea288]
Event: 69.325 Thread 0x0000026b417aa800 7807       2       org.eclipse.jdt.internal.compiler.lookup.ModuleBinding::isPackageExportedTo (126 bytes)
Event: 69.326 Thread 0x0000026b417aa800 nmethod 7807 0x0000026b315ea390 code [0x0000026b315ea5a0, 0x0000026b315ea978]
Event: 69.326 Thread 0x0000026b417aa800 7808       2       org.eclipse.jdt.internal.compiler.lookup.CompilationUnitScope::recordReference (21 bytes)
Event: 69.327 Thread 0x0000026b417aa800 nmethod 7808 0x0000026b315eac10 code [0x0000026b315eade0, 0x0000026b315eafa8]
Event: 69.337 Thread 0x0000026b417aa800 7810       2       org.eclipse.jdt.core.compiler.CharOperation::toString (16 bytes)
Event: 69.337 Thread 0x0000026b417aa800 nmethod 7810 0x0000026b315eb110 code [0x0000026b315eb2e0, 0x0000026b315eb478]
Event: 69.338 Thread 0x0000026b417aa800 7811       2       org.eclipse.jdt.internal.compiler.classfmt.MethodInfo::decodeMethodAnnotations (177 bytes)
Event: 69.338 Thread 0x0000026b417aa800 nmethod 7811 0x0000026b315eb590 code [0x0000026b315eb780, 0x0000026b315ebca8]
Event: 69.338 Thread 0x0000026b417aa800 7812       2       org.eclipse.jdt.internal.compiler.classfmt.MethodInfoWithAnnotations::<init> (90 bytes)
Event: 69.339 Thread 0x0000026b417aa800 nmethod 7812 0x0000026b315ec010 code [0x0000026b315ec1c0, 0x0000026b315ec3b8]
Event: 69.356 Thread 0x0000026b417aa800 7813       1       org.eclipse.jdt.internal.compiler.lookup.TypeBinding::isTypeVariable (2 bytes)
Event: 69.356 Thread 0x0000026b417aa800 nmethod 7813 0x0000026b37cde190 code [0x0000026b37cde340, 0x0000026b37cde3f8]

GC Heap History (20 events):
Event: 65.924 GC heap before
{Heap before GC invocations=25 (full 2):
 PSYoungGen      total 23040K, used 23040K [0x00000000eab00000, 0x00000000ec680000, 0x0000000100000000)
  eden space 22016K, 100% used [0x00000000eab00000,0x00000000ec080000,0x00000000ec080000)
  from space 1024K, 100% used [0x00000000ec380000,0x00000000ec480000,0x00000000ec480000)
  to   space 3072K, 0% used [0x00000000ec080000,0x00000000ec080000,0x00000000ec380000)
 ParOldGen       total 68608K, used 45939K [0x00000000c0000000, 0x00000000c4300000, 0x00000000eab00000)
  object space 68608K, 66% used [0x00000000c0000000,0x00000000c2cdcde0,0x00000000c4300000)
 Metaspace       used 54286K, capacity 57137K, committed 57472K, reserved 1099776K
  class space    used 5406K, capacity 6411K, committed 6528K, reserved 1048576K
}
Event: 65.933 GC heap after
{Heap after GC invocations=25 (full 2):
 PSYoungGen      total 25088K, used 3058K [0x00000000eab00000, 0x00000000ecf80000, 0x0000000100000000)
  eden space 22016K, 0% used [0x00000000eab00000,0x00000000eab00000,0x00000000ec080000)
  from space 3072K, 99% used [0x00000000ec080000,0x00000000ec37c998,0x00000000ec380000)
  to   space 7680K, 0% used [0x00000000ec800000,0x00000000ec800000,0x00000000ecf80000)
 ParOldGen       total 68608K, used 49349K [0x00000000c0000000, 0x00000000c4300000, 0x00000000eab00000)
  object space 68608K, 71% used [0x00000000c0000000,0x00000000c3031450,0x00000000c4300000)
 Metaspace       used 54286K, capacity 57137K, committed 57472K, reserved 1099776K
  class space    used 5406K, capacity 6411K, committed 6528K, reserved 1048576K
}
Event: 66.091 GC heap before
{Heap before GC invocations=26 (full 2):
 PSYoungGen      total 25088K, used 25074K [0x00000000eab00000, 0x00000000ecf80000, 0x0000000100000000)
  eden space 22016K, 100% used [0x00000000eab00000,0x00000000ec080000,0x00000000ec080000)
  from space 3072K, 99% used [0x00000000ec080000,0x00000000ec37c998,0x00000000ec380000)
  to   space 7680K, 0% used [0x00000000ec800000,0x00000000ec800000,0x00000000ecf80000)
 ParOldGen       total 68608K, used 49349K [0x00000000c0000000, 0x00000000c4300000, 0x00000000eab00000)
  object space 68608K, 71% used [0x00000000c0000000,0x00000000c3031450,0x00000000c4300000)
 Metaspace       used 54560K, capacity 57425K, committed 57728K, reserved 1099776K
  class space    used 5428K, capacity 6443K, committed 6528K, reserved 1048576K
}
Event: 66.117 GC heap after
{Heap after GC invocations=26 (full 2):
 PSYoungGen      total 20992K, used 7658K [0x00000000eab00000, 0x00000000ee080000, 0x0000000100000000)
  eden space 13312K, 0% used [0x00000000eab00000,0x00000000eab00000,0x00000000eb800000)
  from space 7680K, 99% used [0x00000000ec800000,0x00000000ecf7a818,0x00000000ecf80000)
  to   space 16384K, 0% used [0x00000000eb800000,0x00000000eb800000,0x00000000ec800000)
 ParOldGen       total 68608K, used 56327K [0x00000000c0000000, 0x00000000c4300000, 0x00000000eab00000)
  object space 68608K, 82% used [0x00000000c0000000,0x00000000c3701dc8,0x00000000c4300000)
 Metaspace       used 54560K, capacity 57425K, committed 57728K, reserved 1099776K
  class space    used 5428K, capacity 6443K, committed 6528K, reserved 1048576K
}
Event: 66.206 GC heap before
{Heap before GC invocations=27 (full 2):
 PSYoungGen      total 20992K, used 20970K [0x00000000eab00000, 0x00000000ee080000, 0x0000000100000000)
  eden space 13312K, 100% used [0x00000000eab00000,0x00000000eb800000,0x00000000eb800000)
  from space 7680K, 99% used [0x00000000ec800000,0x00000000ecf7a818,0x00000000ecf80000)
  to   space 16384K, 0% used [0x00000000eb800000,0x00000000eb800000,0x00000000ec800000)
 ParOldGen       total 68608K, used 56327K [0x00000000c0000000, 0x00000000c4300000, 0x00000000eab00000)
  object space 68608K, 82% used [0x00000000c0000000,0x00000000c3701dc8,0x00000000c4300000)
 Metaspace       used 54586K, capacity 57425K, committed 57728K, reserved 1099776K
  class space    used 5428K, capacity 6443K, committed 6528K, reserved 1048576K
}
Event: 66.219 GC heap after
{Heap after GC invocations=27 (full 2):
 PSYoungGen      total 15360K, used 1790K [0x00000000eab00000, 0x00000000ec880000, 0x0000000100000000)
  eden space 13312K, 0% used [0x00000000eab00000,0x00000000eab00000,0x00000000eb800000)
  from space 2048K, 87% used [0x00000000eb800000,0x00000000eb9bf840,0x00000000eba00000)
  to   space 6656K, 0% used [0x00000000ec200000,0x00000000ec200000,0x00000000ec880000)
 ParOldGen       total 68608K, used 64010K [0x00000000c0000000, 0x00000000c4300000, 0x00000000eab00000)
  object space 68608K, 93% used [0x00000000c0000000,0x00000000c3e82938,0x00000000c4300000)
 Metaspace       used 54586K, capacity 57425K, committed 57728K, reserved 1099776K
  class space    used 5428K, capacity 6443K, committed 6528K, reserved 1048576K
}
Event: 66.219 GC heap before
{Heap before GC invocations=28 (full 3):
 PSYoungGen      total 15360K, used 1790K [0x00000000eab00000, 0x00000000ec880000, 0x0000000100000000)
  eden space 13312K, 0% used [0x00000000eab00000,0x00000000eab00000,0x00000000eb800000)
  from space 2048K, 87% used [0x00000000eb800000,0x00000000eb9bf840,0x00000000eba00000)
  to   space 6656K, 0% used [0x00000000ec200000,0x00000000ec200000,0x00000000ec880000)
 ParOldGen       total 68608K, used 64010K [0x00000000c0000000, 0x00000000c4300000, 0x00000000eab00000)
  object space 68608K, 93% used [0x00000000c0000000,0x00000000c3e82938,0x00000000c4300000)
 Metaspace       used 54586K, capacity 57425K, committed 57728K, reserved 1099776K
  class space    used 5428K, capacity 6443K, committed 6528K, reserved 1048576K
}
Event: 66.588 GC heap after
{Heap after GC invocations=28 (full 3):
 PSYoungGen      total 16384K, used 0K [0x00000000eab00000, 0x00000000ec500000, 0x0000000100000000)
  eden space 13312K, 0% used [0x00000000eab00000,0x00000000eab00000,0x00000000eb800000)
  from space 3072K, 0% used [0x00000000ec200000,0x00000000ec200000,0x00000000ec500000)
  to   space 6656K, 0% used [0x00000000eb800000,0x00000000eb800000,0x00000000ebe80000)
 ParOldGen       total 85504K, used 51935K [0x00000000c0000000, 0x00000000c5380000, 0x00000000eab00000)
  object space 85504K, 60% used [0x00000000c0000000,0x00000000c32b7cb0,0x00000000c5380000)
 Metaspace       used 54586K, capacity 57425K, committed 57728K, reserved 1099776K
  class space    used 5428K, capacity 6443K, committed 6528K, reserved 1048576K
}
Event: 66.701 GC heap before
{Heap before GC invocations=29 (full 3):
 PSYoungGen      total 16384K, used 13312K [0x00000000eab00000, 0x00000000ec500000, 0x0000000100000000)
  eden space 13312K, 100% used [0x00000000eab00000,0x00000000eb800000,0x00000000eb800000)
  from space 3072K, 0% used [0x00000000ec200000,0x00000000ec200000,0x00000000ec500000)
  to   space 6656K, 0% used [0x00000000eb800000,0x00000000eb800000,0x00000000ebe80000)
 ParOldGen       total 85504K, used 51935K [0x00000000c0000000, 0x00000000c5380000, 0x00000000eab00000)
  object space 85504K, 60% used [0x00000000c0000000,0x00000000c32b7cb0,0x00000000c5380000)
 Metaspace       used 54594K, capacity 57489K, committed 57728K, reserved 1099776K
  class space    used 5430K, capacity 6443K, committed 6528K, reserved 1048576K
}
Event: 66.706 GC heap after
{Heap after GC invocations=29 (full 3):
 PSYoungGen      total 17920K, used 4276K [0x00000000eab00000, 0x00000000ec280000, 0x0000000100000000)
  eden space 13312K, 0% used [0x00000000eab00000,0x00000000eab00000,0x00000000eb800000)
  from space 4608K, 92% used [0x00000000eb800000,0x00000000ebc2d1e0,0x00000000ebc80000)
  to   space 5120K, 0% used [0x00000000ebd80000,0x00000000ebd80000,0x00000000ec280000)
 ParOldGen       total 85504K, used 51935K [0x00000000c0000000, 0x00000000c5380000, 0x00000000eab00000)
  object space 85504K, 60% used [0x00000000c0000000,0x00000000c32b7cb0,0x00000000c5380000)
 Metaspace       used 54594K, capacity 57489K, committed 57728K, reserved 1099776K
  class space    used 5430K, capacity 6443K, committed 6528K, reserved 1048576K
}
Event: 66.823 GC heap before
{Heap before GC invocations=30 (full 3):
 PSYoungGen      total 17920K, used 17588K [0x00000000eab00000, 0x00000000ec280000, 0x0000000100000000)
  eden space 13312K, 100% used [0x00000000eab00000,0x00000000eb800000,0x00000000eb800000)
  from space 4608K, 92% used [0x00000000eb800000,0x00000000ebc2d1e0,0x00000000ebc80000)
  to   space 5120K, 0% used [0x00000000ebd80000,0x00000000ebd80000,0x00000000ec280000)
 ParOldGen       total 85504K, used 51935K [0x00000000c0000000, 0x00000000c5380000, 0x00000000eab00000)
  object space 85504K, 60% used [0x00000000c0000000,0x00000000c32b7cb0,0x00000000c5380000)
 Metaspace       used 54640K, capacity 57489K, committed 57728K, reserved 1099776K
  class space    used 5432K, capacity 6443K, committed 6528K, reserved 1048576K
}
Event: 66.828 GC heap after
{Heap after GC invocations=30 (full 3):
 PSYoungGen      total 15360K, used 1988K [0x00000000eab00000, 0x00000000ebf80000, 0x0000000100000000)
  eden space 13312K, 0% used [0x00000000eab00000,0x00000000eab00000,0x00000000eb800000)
  from space 2048K, 97% used [0x00000000ebd80000,0x00000000ebf711e8,0x00000000ebf80000)
  to   space 3072K, 0% used [0x00000000eb980000,0x00000000eb980000,0x00000000ebc80000)
 ParOldGen       total 85504K, used 56132K [0x00000000c0000000, 0x00000000c5380000, 0x00000000eab00000)
  object space 85504K, 65% used [0x00000000c0000000,0x00000000c36d10c8,0x00000000c5380000)
 Metaspace       used 54640K, capacity 57489K, committed 57728K, reserved 1099776K
  class space    used 5432K, capacity 6443K, committed 6528K, reserved 1048576K
}
Event: 67.003 GC heap before
{Heap before GC invocations=31 (full 3):
 PSYoungGen      total 15360K, used 15300K [0x00000000eab00000, 0x00000000ebf80000, 0x0000000100000000)
  eden space 13312K, 100% used [0x00000000eab00000,0x00000000eb800000,0x00000000eb800000)
  from space 2048K, 97% used [0x00000000ebd80000,0x00000000ebf711e8,0x00000000ebf80000)
  to   space 3072K, 0% used [0x00000000eb980000,0x00000000eb980000,0x00000000ebc80000)
 ParOldGen       total 85504K, used 56132K [0x00000000c0000000, 0x00000000c5380000, 0x00000000eab00000)
  object space 85504K, 65% used [0x00000000c0000000,0x00000000c36d10c8,0x00000000c5380000)
 Metaspace       used 54933K, capacity 57792K, committed 57984K, reserved 1101824K
  class space    used 5451K, capacity 6480K, committed 6528K, reserved 1048576K
}
Event: 67.008 GC heap after
{Heap after GC invocations=31 (full 3):
 PSYoungGen      total 16384K, used 3052K [0x00000000eab00000, 0x00000000ec500000, 0x0000000100000000)
  eden space 13312K, 0% used [0x00000000eab00000,0x00000000eab00000,0x00000000eb800000)
  from space 3072K, 99% used [0x00000000eb980000,0x00000000ebc7b098,0x00000000ebc80000)
  to   space 6656K, 0% used [0x00000000ebe80000,0x00000000ebe80000,0x00000000ec500000)
 ParOldGen       total 85504K, used 58787K [0x00000000c0000000, 0x00000000c5380000, 0x00000000eab00000)
  object space 85504K, 68% used [0x00000000c0000000,0x00000000c3968f80,0x00000000c5380000)
 Metaspace       used 54933K, capacity 57792K, committed 57984K, reserved 1101824K
  class space    used 5451K, capacity 6480K, committed 6528K, reserved 1048576K
}
Event: 67.137 GC heap before
{Heap before GC invocations=32 (full 3):
 PSYoungGen      total 16384K, used 16364K [0x00000000eab00000, 0x00000000ec500000, 0x0000000100000000)
  eden space 13312K, 100% used [0x00000000eab00000,0x00000000eb800000,0x00000000eb800000)
  from space 3072K, 99% used [0x00000000eb980000,0x00000000ebc7b098,0x00000000ebc80000)
  to   space 6656K, 0% used [0x00000000ebe80000,0x00000000ebe80000,0x00000000ec500000)
 ParOldGen       total 85504K, used 58787K [0x00000000c0000000, 0x00000000c5380000, 0x00000000eab00000)
  object space 85504K, 68% used [0x00000000c0000000,0x00000000c3968f80,0x00000000c5380000)
 Metaspace       used 55063K, capacity 57924K, committed 57984K, reserved 1101824K
  class space    used 5466K, capacity 6482K, committed 6528K, reserved 1048576K
}
Event: 67.144 GC heap after
{Heap after GC invocations=32 (full 3):
 PSYoungGen      total 15360K, used 1872K [0x00000000eab00000, 0x00000000ec080000, 0x0000000100000000)
  eden space 13312K, 0% used [0x00000000eab00000,0x00000000eab00000,0x00000000eb800000)
  from space 2048K, 91% used [0x00000000ebe80000,0x00000000ec054010,0x00000000ec080000)
  to   space 3584K, 0% used [0x00000000eb980000,0x00000000eb980000,0x00000000ebd00000)
 ParOldGen       total 85504K, used 61803K [0x00000000c0000000, 0x00000000c5380000, 0x00000000eab00000)
  object space 85504K, 72% used [0x00000000c0000000,0x00000000c3c5af78,0x00000000c5380000)
 Metaspace       used 55063K, capacity 57924K, committed 57984K, reserved 1101824K
  class space    used 5466K, capacity 6482K, committed 6528K, reserved 1048576K
}
Event: 67.996 GC heap before
{Heap before GC invocations=33 (full 3):
 PSYoungGen      total 15360K, used 15184K [0x00000000eab00000, 0x00000000ec080000, 0x0000000100000000)
  eden space 13312K, 100% used [0x00000000eab00000,0x00000000eb800000,0x00000000eb800000)
  from space 2048K, 91% used [0x00000000ebe80000,0x00000000ec054010,0x00000000ec080000)
  to   space 3584K, 0% used [0x00000000eb980000,0x00000000eb980000,0x00000000ebd00000)
 ParOldGen       total 85504K, used 61803K [0x00000000c0000000, 0x00000000c5380000, 0x00000000eab00000)
  object space 85504K, 72% used [0x00000000c0000000,0x00000000c3c5af78,0x00000000c5380000)
 Metaspace       used 56499K, capacity 59410K, committed 59648K, reserved 1101824K
  class space    used 5571K, capacity 6615K, committed 6656K, reserved 1048576K
}
Event: 68.011 GC heap after
{Heap after GC invocations=33 (full 3):
 PSYoungGen      total 16896K, used 3578K [0x00000000eab00000, 0x00000000ec080000, 0x0000000100000000)
  eden space 13312K, 0% used [0x00000000eab00000,0x00000000eab00000,0x00000000eb800000)
  from space 3584K, 99% used [0x00000000eb980000,0x00000000ebcfeb80,0x00000000ebd00000)
  to   space 2048K, 0% used [0x00000000ebe80000,0x00000000ebe80000,0x00000000ec080000)
 ParOldGen       total 85504K, used 68553K [0x00000000c0000000, 0x00000000c5380000, 0x00000000eab00000)
  object space 85504K, 80% used [0x00000000c0000000,0x00000000c42f25d8,0x00000000c5380000)
 Metaspace       used 56499K, capacity 59410K, committed 59648K, reserved 1101824K
  class space    used 5571K, capacity 6615K, committed 6656K, reserved 1048576K
}
Event: 68.532 GC heap before
{Heap before GC invocations=34 (full 3):
 PSYoungGen      total 16896K, used 16890K [0x00000000eab00000, 0x00000000ec080000, 0x0000000100000000)
  eden space 13312K, 100% used [0x00000000eab00000,0x00000000eb800000,0x00000000eb800000)
  from space 3584K, 99% used [0x00000000eb980000,0x00000000ebcfeb80,0x00000000ebd00000)
  to   space 2048K, 0% used [0x00000000ebe80000,0x00000000ebe80000,0x00000000ec080000)
 ParOldGen       total 85504K, used 68553K [0x00000000c0000000, 0x00000000c5380000, 0x00000000eab00000)
  object space 85504K, 80% used [0x00000000c0000000,0x00000000c42f25d8,0x00000000c5380000)
 Metaspace       used 56559K, capacity 59410K, committed 59648K, reserved 1101824K
  class space    used 5572K, capacity 6615K, committed 6656K, reserved 1048576K
}
Event: 68.544 GC heap after
{Heap after GC invocations=34 (full 3):
 PSYoungGen      total 12288K, used 2035K [0x00000000eab00000, 0x00000000ecb00000, 0x0000000100000000)
  eden space 10240K, 0% used [0x00000000eab00000,0x00000000eab00000,0x00000000eb500000)
  from space 2048K, 99% used [0x00000000ebe80000,0x00000000ec07cd98,0x00000000ec080000)
  to   space 9728K, 0% used [0x00000000eb500000,0x00000000eb500000,0x00000000ebe80000)
 ParOldGen       total 85504K, used 75962K [0x00000000c0000000, 0x00000000c5380000, 0x00000000eab00000)
  object space 85504K, 88% used [0x00000000c0000000,0x00000000c4a2eb50,0x00000000c5380000)
 Metaspace       used 56559K, capacity 59410K, committed 59648K, reserved 1101824K
  class space    used 5572K, capacity 6615K, committed 6656K, reserved 1048576K
}

Deoptimization events (20 events):
Event: 68.435 Thread 0x0000026b43fd7000 DEOPT PACKING pc=0x0000026b314ffbe5 sp=0x00000085f18fdc90
Event: 68.435 Thread 0x0000026b43fd7000 DEOPT UNPACKING pc=0x0000026b2fe3a95e sp=0x00000085f18fd188 mode 0
Event: 68.436 Thread 0x0000026b43fd7000 DEOPT PACKING pc=0x0000026b314ffbe5 sp=0x00000085f18fdc90
Event: 68.436 Thread 0x0000026b43fd7000 DEOPT UNPACKING pc=0x0000026b2fe3a95e sp=0x00000085f18fd188 mode 0
Event: 68.473 Thread 0x0000026b43fd7000 DEOPT PACKING pc=0x0000026b314ffbe5 sp=0x00000085f18fdc90
Event: 68.473 Thread 0x0000026b43fd7000 DEOPT UNPACKING pc=0x0000026b2fe3a95e sp=0x00000085f18fd188 mode 0
Event: 68.491 Thread 0x0000026b43fd7000 DEOPT PACKING pc=0x0000026b314ffbe5 sp=0x00000085f18fdc90
Event: 68.491 Thread 0x0000026b43fd7000 DEOPT UNPACKING pc=0x0000026b2fe3a95e sp=0x00000085f18fd188 mode 0
Event: 68.856 Thread 0x0000026b43fd7000 DEOPT PACKING pc=0x0000026b31343e6d sp=0x00000085f18fcee0
Event: 68.856 Thread 0x0000026b43fd7000 DEOPT UNPACKING pc=0x0000026b2fe3a95e sp=0x00000085f18fc488 mode 0
Event: 69.099 Thread 0x0000026b43fd7000 DEOPT PACKING pc=0x0000026b315b29f5 sp=0x00000085f18fcfb0
Event: 69.099 Thread 0x0000026b43fd7000 DEOPT UNPACKING pc=0x0000026b2fe3a95e sp=0x00000085f18fc3f0 mode 0
Event: 69.130 Thread 0x0000026b43fd7000 DEOPT PACKING pc=0x0000026b30e14a6a sp=0x00000085f18fcd80
Event: 69.130 Thread 0x0000026b43fd7000 DEOPT UNPACKING pc=0x0000026b2fe3a95e sp=0x00000085f18fc1f8 mode 0
Event: 69.193 Thread 0x0000026b43fd7000 DEOPT PACKING pc=0x0000026b31343e6d sp=0x00000085f18fcfd0
Event: 69.193 Thread 0x0000026b43fd7000 DEOPT UNPACKING pc=0x0000026b2fe3a95e sp=0x00000085f18fc578 mode 0
Event: 69.337 Thread 0x0000026b43fd7000 DEOPT PACKING pc=0x0000026b31343e6d sp=0x00000085f18fcef0
Event: 69.337 Thread 0x0000026b43fd7000 DEOPT UNPACKING pc=0x0000026b2fe3a95e sp=0x00000085f18fc498 mode 0
Event: 69.345 Thread 0x0000026b43fd7000 DEOPT PACKING pc=0x0000026b30e14a6a sp=0x00000085f18fd160
Event: 69.345 Thread 0x0000026b43fd7000 DEOPT UNPACKING pc=0x0000026b2fe3a95e sp=0x00000085f18fc5d8 mode 0

Classes redefined (0 events):
No events

Internal exceptions (20 events):
Event: 68.037 Thread 0x0000026b43fd7000 Exception <a 'java/lang/ArrayIndexOutOfBoundsException'{0x00000000eaba35f0}> (0x00000000eaba35f0) thrown at [./src/hotspot/share/runtime/sharedRuntime.cpp, line 606]
Event: 68.044 Thread 0x0000026b43fd7000 Exception <a 'java/lang/ArrayIndexOutOfBoundsException'{0x00000000eabd15f8}> (0x00000000eabd15f8) thrown at [./src/hotspot/share/runtime/sharedRuntime.cpp, line 606]
Event: 68.050 Thread 0x0000026b43fd7000 Exception <a 'java/lang/ArrayIndexOutOfBoundsException'{0x00000000eabe6a38}> (0x00000000eabe6a38) thrown at [./src/hotspot/share/runtime/sharedRuntime.cpp, line 606]
Event: 68.056 Thread 0x0000026b43fd7000 Exception <a 'java/lang/ArrayIndexOutOfBoundsException'{0x00000000eac45cf8}> (0x00000000eac45cf8) thrown at [./src/hotspot/share/runtime/sharedRuntime.cpp, line 606]
Event: 68.067 Thread 0x0000026b43fd7000 Exception <a 'java/lang/ArrayIndexOutOfBoundsException'{0x00000000eacd67f8}> (0x00000000eacd67f8) thrown at [./src/hotspot/share/runtime/sharedRuntime.cpp, line 606]
Event: 68.091 Thread 0x0000026b43fd7000 Exception <a 'java/lang/ArrayIndexOutOfBoundsException'{0x00000000ead477a0}: Index 13331 out of bounds for length 13331> (0x00000000ead477a0) thrown at [./src/hotspot/share/interpreter/interpreterRuntime.cpp, line 444]
Event: 68.111 Thread 0x0000026b43fd7000 Exception <a 'java/lang/ArrayIndexOutOfBoundsException'{0x00000000ead8bf98}: Index 16021 out of bounds for length 16021> (0x00000000ead8bf98) thrown at [./src/hotspot/share/interpreter/interpreterRuntime.cpp, line 444]
Event: 68.124 Thread 0x0000026b43fd7000 Exception <a 'java/lang/ArrayIndexOutOfBoundsException'{0x00000000eadb2ba0}> (0x00000000eadb2ba0) thrown at [./src/hotspot/share/runtime/sharedRuntime.cpp, line 606]
Event: 68.128 Thread 0x0000026b43fd7000 Exception <a 'java/lang/ArrayIndexOutOfBoundsException'{0x00000000eade41a8}> (0x00000000eade41a8) thrown at [./src/hotspot/share/runtime/sharedRuntime.cpp, line 606]
Event: 68.140 Thread 0x0000026b43fd7000 Exception <a 'java/lang/ArrayIndexOutOfBoundsException'{0x00000000eae325e0}> (0x00000000eae325e0) thrown at [./src/hotspot/share/runtime/sharedRuntime.cpp, line 606]
Event: 68.147 Thread 0x0000026b43fd7000 Exception <a 'java/lang/ArrayIndexOutOfBoundsException'{0x00000000eae521c8}> (0x00000000eae521c8) thrown at [./src/hotspot/share/runtime/sharedRuntime.cpp, line 606]
Event: 68.150 Thread 0x0000026b43fd7000 Exception <a 'java/lang/ArrayIndexOutOfBoundsException'{0x00000000eae68648}> (0x00000000eae68648) thrown at [./src/hotspot/share/runtime/sharedRuntime.cpp, line 606]
Event: 68.161 Thread 0x0000026b43fd7000 Exception <a 'java/lang/ArrayIndexOutOfBoundsException'{0x00000000eaf11d40}> (0x00000000eaf11d40) thrown at [./src/hotspot/share/runtime/sharedRuntime.cpp, line 606]
Event: 68.238 Thread 0x0000026b43fd7000 Exception <a 'java/lang/ArrayIndexOutOfBoundsException'{0x00000000eb012b48}> (0x00000000eb012b48) thrown at [./src/hotspot/share/runtime/sharedRuntime.cpp, line 606]
Event: 68.306 Thread 0x0000026b43fd7000 Exception <a 'java/lang/ArrayIndexOutOfBoundsException'{0x00000000eb0cda38}> (0x00000000eb0cda38) thrown at [./src/hotspot/share/runtime/sharedRuntime.cpp, line 606]
Event: 68.310 Thread 0x0000026b43fd7000 Exception <a 'java/lang/ArrayIndexOutOfBoundsException'{0x00000000eb0df030}> (0x00000000eb0df030) thrown at [./src/hotspot/share/runtime/sharedRuntime.cpp, line 606]
Event: 68.320 Thread 0x0000026b43fd7000 Exception <a 'java/lang/ArrayIndexOutOfBoundsException'{0x00000000eb0efd88}> (0x00000000eb0efd88) thrown at [./src/hotspot/share/runtime/sharedRuntime.cpp, line 606]
Event: 68.325 Thread 0x0000026b43fd7000 Exception <a 'java/lang/ArrayIndexOutOfBoundsException'{0x00000000eb10a360}> (0x00000000eb10a360) thrown at [./src/hotspot/share/runtime/sharedRuntime.cpp, line 606]
Event: 68.335 Thread 0x0000026b43fd7000 Exception <a 'java/lang/ArrayIndexOutOfBoundsException'{0x00000000eb143030}> (0x00000000eb143030) thrown at [./src/hotspot/share/runtime/sharedRuntime.cpp, line 606]
Event: 68.374 Thread 0x0000026b43fd7000 Exception <a 'java/lang/ArrayIndexOutOfBoundsException'{0x00000000eb2087b0}> (0x00000000eb2087b0) thrown at [./src/hotspot/share/runtime/sharedRuntime.cpp, line 606]

Events (20 events):
Event: 67.183 loading class java/util/function/IntConsumer done
Event: 67.183 loading class java/util/stream/Sink$OfInt done
Event: 67.183 loading class java/util/stream/Node$Builder$OfInt done
Event: 67.183 loading class java/util/stream/Nodes$IntArrayNode
Event: 67.183 loading class java/util/stream/Nodes$IntArrayNode done
Event: 67.184 loading class java/util/stream/Nodes$IntFixedNodeBuilder done
Event: 67.184 loading class java/util/stream/ReferencePipeline$4$1
Event: 67.184 loading class java/util/stream/ReferencePipeline$4$1 done
Event: 67.255 Executing VM operation: Deoptimize
Event: 67.256 Executing VM operation: Deoptimize done
Event: 67.259 Executing VM operation: Deoptimize
Event: 67.260 Executing VM operation: Deoptimize done
Event: 67.397 Executing VM operation: Deoptimize
Event: 67.398 Executing VM operation: Deoptimize done
Event: 67.926 Thread 0x0000026b43fdb000 Thread exited: 0x0000026b43fdb000
Event: 67.995 Executing VM operation: ParallelGCFailedAllocation
Event: 68.011 Executing VM operation: ParallelGCFailedAllocation done
Event: 68.532 Executing VM operation: ParallelGCFailedAllocation
Event: 68.544 Executing VM operation: ParallelGCFailedAllocation done
Event: 68.565 Thread 0x0000026b43fd6000 Thread exited: 0x0000026b43fd6000


Dynamic libraries:
0x00007ff734760000 - 0x00007ff73476d000 	C:\Program Files\Eclipse Foundation\jdk-11.0.12.7-hotspot\bin\java.exe
0x00007ffb52810000 - 0x00007ffb52a04000 	C:\WINDOWS\SYSTEM32\ntdll.dll
0x00007ffb51cc0000 - 0x00007ffb51d7d000 	C:\WINDOWS\System32\KERNEL32.DLL
0x00007ffb503a0000 - 0x00007ffb50667000 	C:\WINDOWS\System32\KERNELBASE.dll
0x00007ffb50770000 - 0x00007ffb50870000 	C:\WINDOWS\System32\ucrtbase.dll
0x00007ffb39b40000 - 0x00007ffb39b57000 	C:\Program Files\Eclipse Foundation\jdk-11.0.12.7-hotspot\bin\jli.dll
0x00007ffb3d090000 - 0x00007ffb3d0a5000 	C:\Program Files\Eclipse Foundation\jdk-11.0.12.7-hotspot\bin\VCRUNTIME140.dll
0x00007ffb50a30000 - 0x00007ffb50bd0000 	C:\WINDOWS\System32\USER32.dll
0x00007ffb3f150000 - 0x00007ffb3f3ea000 	C:\WINDOWS\WinSxS\amd64_microsoft.windows.common-controls_6595b64144ccf1df_6.0.19041.1_none_b555e41d4684ddec\COMCTL32.dll
0x00007ffb50160000 - 0x00007ffb50182000 	C:\WINDOWS\System32\win32u.dll
0x00007ffb50d30000 - 0x00007ffb50dce000 	C:\WINDOWS\System32\msvcrt.dll
0x00007ffb517c0000 - 0x00007ffb517ea000 	C:\WINDOWS\System32\GDI32.dll
0x00007ffb501e0000 - 0x00007ffb502ea000 	C:\WINDOWS\System32\gdi32full.dll
0x00007ffb50670000 - 0x00007ffb5070d000 	C:\WINDOWS\System32\msvcp_win.dll
0x00007ffb51ae0000 - 0x00007ffb51b10000 	C:\WINDOWS\System32\IMM32.DLL
0x00007ffb11fd0000 - 0x00007ffb1206b000 	C:\Program Files\Eclipse Foundation\jdk-11.0.12.7-hotspot\bin\msvcp140.dll
0x00007ffb02100000 - 0x00007ffb02c59000 	C:\Program Files\Eclipse Foundation\jdk-11.0.12.7-hotspot\bin\server\jvm.dll
0x00007ffb51860000 - 0x00007ffb5190a000 	C:\WINDOWS\System32\ADVAPI32.dll
0x00007ffb51e10000 - 0x00007ffb51eab000 	C:\WINDOWS\System32\sechost.dll
0x00007ffb51b10000 - 0x00007ffb51c33000 	C:\WINDOWS\System32\RPCRT4.dll
0x00007ffb51eb0000 - 0x00007ffb51eb8000 	C:\WINDOWS\System32\PSAPI.DLL
0x00007ffb4ba10000 - 0x00007ffb4ba19000 	C:\WINDOWS\SYSTEM32\WSOCK32.dll
0x00007ffb40d60000 - 0x00007ffb40d87000 	C:\WINDOWS\SYSTEM32\WINMM.dll
0x00007ffb517f0000 - 0x00007ffb5185b000 	C:\WINDOWS\System32\WS2_32.dll
0x00007ffb47770000 - 0x00007ffb4777a000 	C:\WINDOWS\SYSTEM32\VERSION.dll
0x00007ffb4e850000 - 0x00007ffb4e863000 	C:\WINDOWS\SYSTEM32\kernel.appcore.dll
0x00007ffb4b930000 - 0x00007ffb4b940000 	C:\Program Files\Eclipse Foundation\jdk-11.0.12.7-hotspot\bin\verify.dll
0x00007ffb4e580000 - 0x00007ffb4e764000 	C:\WINDOWS\SYSTEM32\DBGHELP.DLL
0x00007ffb490f0000 - 0x00007ffb4911c000 	C:\WINDOWS\SYSTEM32\dbgcore.DLL
0x00007ffb500e0000 - 0x00007ffb5015f000 	C:\WINDOWS\System32\bcryptPrimitives.dll
0x00007ffb218e0000 - 0x00007ffb21908000 	C:\Program Files\Eclipse Foundation\jdk-11.0.12.7-hotspot\bin\java.dll
0x00007ffb4b690000 - 0x00007ffb4b69a000 	C:\Program Files\Eclipse Foundation\jdk-11.0.12.7-hotspot\bin\jimage.dll
0x00007ffb252f0000 - 0x00007ffb25307000 	C:\Program Files\Eclipse Foundation\jdk-11.0.12.7-hotspot\bin\zip.dll
0x00007ffb51ec0000 - 0x00007ffb525f1000 	C:\WINDOWS\System32\SHELL32.dll
0x00007ffb4dd30000 - 0x00007ffb4e4ba000 	C:\WINDOWS\SYSTEM32\windows.storage.dll
0x00007ffb51450000 - 0x00007ffb517a4000 	C:\WINDOWS\System32\combase.dll
0x00007ffb4f9d0000 - 0x00007ffb4f9fb000 	C:\WINDOWS\SYSTEM32\Wldp.dll
0x00007ffb52600000 - 0x00007ffb526ae000 	C:\WINDOWS\System32\SHCORE.dll
0x00007ffb51970000 - 0x00007ffb519c5000 	C:\WINDOWS\System32\shlwapi.dll
0x00007ffb4fe90000 - 0x00007ffb4feaf000 	C:\WINDOWS\SYSTEM32\profapi.dll
0x00007ffb23410000 - 0x00007ffb23429000 	C:\Program Files\Eclipse Foundation\jdk-11.0.12.7-hotspot\bin\net.dll
0x00007ffb3fe80000 - 0x00007ffb3ff82000 	C:\WINDOWS\SYSTEM32\WINHTTP.dll
0x00007ffb4f750000 - 0x00007ffb4f7ba000 	C:\WINDOWS\system32\mswsock.dll
0x00007ffb21180000 - 0x00007ffb21192000 	C:\Program Files\Eclipse Foundation\jdk-11.0.12.7-hotspot\bin\nio.dll
0x00007ffb4f920000 - 0x00007ffb4f938000 	C:\WINDOWS\SYSTEM32\CRYPTSP.dll
0x00007ffb4f070000 - 0x00007ffb4f0a4000 	C:\WINDOWS\system32\rsaenh.dll
0x00007ffb500b0000 - 0x00007ffb500d7000 	C:\WINDOWS\System32\bcrypt.dll
0x00007ffb4fe10000 - 0x00007ffb4fe3e000 	C:\WINDOWS\SYSTEM32\USERENV.dll
0x00007ffb4f940000 - 0x00007ffb4f94c000 	C:\WINDOWS\SYSTEM32\CRYPTBASE.dll
0x00007ffb4f3f0000 - 0x00007ffb4f42b000 	C:\WINDOWS\SYSTEM32\IPHLPAPI.DLL
0x00007ffb50bd0000 - 0x00007ffb50bd9000 	C:\WINDOWS\System32\NSI.dll
0x00007ffb41e00000 - 0x00007ffb41e17000 	C:\WINDOWS\SYSTEM32\dhcpcsvc6.DLL
0x00007ffb421d0000 - 0x00007ffb421ed000 	C:\WINDOWS\SYSTEM32\dhcpcsvc.DLL
0x00007ffb4f440000 - 0x00007ffb4f50a000 	C:\WINDOWS\SYSTEM32\DNSAPI.dll
0x00007ffb1c580000 - 0x00007ffb1c5be000 	C:\Users\User\AppData\Roaming\Code\User\globalStorage\redhat.java\0.82.0\config_win\org.eclipse.equinox.launcher\org.eclipse.equinox.launcher.win32.win32.x86_64_1.2.300.v20210828-0802\eclipse_11506.dll
0x00007ffb50c00000 - 0x00007ffb50d2b000 	C:\WINDOWS\System32\ole32.dll
0x00007ffb1eb60000 - 0x00007ffb1eb71000 	C:\Users\User\AppData\Roaming\Code\User\globalStorage\redhat.java\0.82.0\config_win\org.eclipse.osgi\22\0\.cp\jWinHttp-1.0.0.dll

dbghelp: loaded successfully - version: 4.0.5 - missing functions: none
symbol engine: initialized successfully - sym options: 0x614 - pdb path: .;C:\Program Files\Eclipse Foundation\jdk-11.0.12.7-hotspot\bin;C:\WINDOWS\SYSTEM32;C:\WINDOWS\WinSxS\amd64_microsoft.windows.common-controls_6595b64144ccf1df_6.0.19041.1_none_b555e41d4684ddec;C:\Program Files\Eclipse Foundation\jdk-11.0.12.7-hotspot\bin\server;C:\Users\User\AppData\Roaming\Code\User\globalStorage\redhat.java\0.82.0\config_win\org.eclipse.equinox.launcher\org.eclipse.equinox.launcher.win32.win32.x86_64_1.2.300.v20210828-0802;C:\Users\User\AppData\Roaming\Code\User\globalStorage\redhat.java\0.82.0\config_win\org.eclipse.osgi\22\0\.cp

VM Arguments:
jvm_args: --add-modules=ALL-SYSTEM --add-opens=java.base/java.util=ALL-UNNAMED --add-opens=java.base/java.lang=ALL-UNNAMED -Declipse.application=org.eclipse.jdt.ls.core.id1 -Dosgi.bundles.defaultStartLevel=4 -Declipse.product=org.eclipse.jdt.ls.core.product -Dfile.encoding=utf8 -DwatchParentProcess=false -XX:+UseParallelGC -XX:GCTimeRatio=4 -XX:AdaptiveSizePolicyWeight=90 -Dsun.zip.disableMemoryMapping=true -Xmx1G -Xms100m -Xverify:none 
java_command: c:\Users\User\.vscode\extensions\redhat.java-0.82.0\server\plugins\org.eclipse.equinox.launcher_1.6.300.v20210813-1054.jar -configuration c:\Users\User\AppData\Roaming\Code\User\globalStorage\redhat.java\0.82.0\config_win -data c:\Users\User\AppData\Roaming\Code\User\workspaceStorage\c3096344b3a4e59383c1365647bf3051\redhat.java\jdt_ws
java_class_path (initial): c:\Users\User\.vscode\extensions\redhat.java-0.82.0\server\plugins\org.eclipse.equinox.launcher_1.6.300.v20210813-1054.jar
Launcher Type: SUN_STANDARD

[Global flags]
    uintx AdaptiveSizePolicyWeight                 = 90                                        {product} {command line}
     bool BytecodeVerificationLocal                = false                                     {product} {command line}
     bool BytecodeVerificationRemote               = false                                     {product} {command line}
     intx CICompilerCount                          = 3                                         {product} {ergonomic}
    uintx GCTimeRatio                              = 4                                         {product} {command line}
   size_t InitialHeapSize                          = 104857600                                 {product} {command line}
   size_t MaxHeapSize                              = 1073741824                                {product} {command line}
   size_t MaxNewSize                               = 357564416                                 {product} {ergonomic}
   size_t MinHeapDeltaBytes                        = 524288                                    {product} {ergonomic}
   size_t NewSize                                  = 34603008                                  {product} {ergonomic}
    uintx NonNMethodCodeHeapSize                   = 5830732                                {pd product} {ergonomic}
    uintx NonProfiledCodeHeapSize                  = 122913754                              {pd product} {ergonomic}
   size_t OldSize                                  = 70254592                                  {product} {ergonomic}
    uintx ProfiledCodeHeapSize                     = 122913754                              {pd product} {ergonomic}
    uintx ReservedCodeCacheSize                    = 251658240                              {pd product} {ergonomic}
     bool SegmentedCodeCache                       = true                                      {product} {ergonomic}
     bool UseCompressedClassPointers               = true                                 {lp64_product} {ergonomic}
     bool UseCompressedOops                        = true                                 {lp64_product} {ergonomic}
     bool UseLargePagesIndividualAllocation        = false                                  {pd product} {ergonomic}
     bool UseParallelGC                            = true                                      {product} {command line}

Logging:
Log output configuration:
 #0: stdout all=warning uptime,level,tags
 #1: stderr all=off uptime,level,tags

Environment Variables:
JAVA_HOME=C:\Program Files\Eclipse Foundation\jdk-11.0.12.7-hotspot
PATH=C:\Program Files\Eclipse Foundation\jdk-11.0.12.7-hotspot\bin;C:\ProgramData\Oracle\Java\javapath;C:\Program Files\Rockwell Software\RSCommon;C:\Program Files\ImageMagick-7.0.10-Q16-HDRI;C:\Program Files (x86)\Intel\TXE Components\TCS\;C:\Program Files\Intel\TXE Components\TCS\;C:\Windows\system32;C:\Windows;C:\Windows\System32\Wbem;C:\Windows\System32\WindowsPowerShell\v1.0\;C:\Program Files (x86)\NVIDIA Corporation\PhysX\Common;C:\Program Files\Microsoft SQL Server\130\Tools\Binn\;C:\Program Files\dotnet\;C:\Program Files\MiKTeX 2.9\miktex\bin\x64\;C:\WINDOWS\system32;C:\WINDOWS;C:\WINDOWS\System32\Wbem;C:\WINDOWS\System32\WindowsPowerShell\v1.0\;C:\WINDOWS\System32\OpenSSH\;C:\Program Files\MATLAB\R2018a\runtime\win64;C:\Program Files\MATLAB\R2018a\bin;C:\Program Files\nodejs\;C:\ProgramData\chocolatey\bin;C:\Program Files\Microsoft SQL Server\Client SDK\ODBC\130\Tools\Binn\;C:\Program Files (x86)\Microsoft SQL Server\140\Tools\Binn\;C:\Program Files\Microsoft SQL Server\140\Tools\Binn\;C:\Program Files\Microsoft SQL Server\140\DTS\Binn\;C:\Program Files (x86)\Microsoft SQL Server\150\DTS\Binn\;C:\Program Files\Git\cmd;C:\apache-maven-3.8.3\bin;C:\Program Files\Eclipse Foundation\jdk-11.0.12.7-hotspot\bin;C:\Program Files\MySQL\MySQL Shell 8.0\bin\;C:\Users\User\AppData\Local\Microsoft\WindowsApps;C:\Users\User\AppData\Local\atom\bin;C:\Users\User\AppData\Roaming\npm;C:\Users\User\AppData\Local\Microsoft\WindowsApps;C:\Users\User\AppData\Local\Programs\Microsoft VS Code\bin;C:\Program Files\Python36;C:\Program Files\Python36\Scripts;
USERNAME=User
OS=Windows_NT
PROCESSOR_IDENTIFIER=Intel64 Family 6 Model 142 Stepping 9, GenuineIntel



---------------  S Y S T E M  ---------------

OS: Windows 10 , 64 bit Build 19041 (10.0.19041.1)
OS uptime: 7 days 0:59 hours

CPU:total 4 (initial active 4) (2 cores per cpu, 2 threads per core) family 6 model 142 stepping 9 microcode 0xb4, cmov, cx8, fxsr, mmx, sse, sse2, sse3, ssse3, sse4.1, sse4.2, popcnt, avx, avx2, aes, clmul, erms, 3dnowpref, lzcnt, ht, tsc, tscinvbit, bmi1, bmi2, adx, fma

Memory: 4k page, system-wide physical 8073M (1440M free)
TotalPageFile size 8073M (AvailPageFile size 9M)
current process WorkingSet (physical memory assigned to process): 304M, peak: 304M
current process commit charge ("private bytes"): 345M, peak: 355M

vm_info: OpenJDK 64-Bit Server VM (11.0.12+7) for windows-amd64 JRE (11.0.12+7), built on Jul 21 2021 16:23:49 by "" with unknown MS VC++:1916

END.
