#
# There is insufficient memory for the Java Runtime Environment to continue.
# Native memory allocation (malloc) failed to allocate 1126016 bytes for Chunk::new
# Possible reasons:
#   The system is out of physical RAM or swap space
#   The process is running with CompressedOops enabled, and the Java Heap may be blocking the growth of the native heap
# Possible solutions:
#   Reduce memory load on the system
#   Increase physical memory or swap space
#   Check if swap backing store is full
#   Decrease Java heap size (-Xmx/-Xms)
#   Decrease number of Java threads
#   Decrease Java thread stack sizes (-Xss)
#   Set larger code cache with -XX:ReservedCodeCacheSize=
#   JVM is running with Unscaled Compressed Oops mode in which the Java heap is
#     placed in the first 4GB address space. The Java Heap base address is the
#     maximum limit for the native heap growth. Please use -XX:HeapBaseMinAddress
#     to set the Java Heap base and to place the Java Heap above 4GB virtual address.
# This output file may be truncated or incomplete.
#
#  Out of Memory Error (./src/hotspot/share/memory/arena.cpp:197), pid=9724, tid=6200
#
# JRE version: OpenJDK Runtime Environment Temurin-11.0.12+7 (11.0.12+7) (build 11.0.12+7)
# Java VM: OpenJDK 64-Bit Server VM Temurin-11.0.12+7 (11.0.12+7, mixed mode, tiered, compressed oops, g1 gc, windows-amd64)
# No core dump will be written. Minidumps are not enabled by default on client versions of Windows
#

---------------  S U M M A R Y ------------

Command Line: -Dcom.sun.management.jmxremote -Dcom.sun.management.jmxremote.port=58171 -Dcom.sun.management.jmxremote.authenticate=false -Dcom.sun.management.jmxremote.ssl=false -Djava.rmi.server.hostname=localhost -Dspring.application.admin.enabled=true -Dspring.jmx.enabled=true -Dfile.encoding=UTF-8 co.usa.alquilercomputadores.alquilercomputadores.AlquilercomputadoresApplication

Host: Intel(R) Core(TM) i5-7200U CPU @ 2.50GHz, 4 cores, 7G,  Windows 10 , 64 bit Build 19041 (10.0.19041.1)
Time: Mon Oct 25 15:38:41 2021 Hora est. Pacífico, Sudamérica elapsed time: 11.085494 seconds (0d 0h 0m 11s)

---------------  T H R E A D  ---------------

Current thread (0x000002281f86b000):  JavaThread "C2 CompilerThread0" daemon [_thread_in_native, id=6200, stack(0x000000dd96b00000,0x000000dd96c00000)]


Current CompileTask:
C2:  11085 4635       4       org.springframework.core.annotation.TypeMappedAnnotations$MergedAnnotationFinder::doWithAnnotations (75 bytes)

Stack: [0x000000dd96b00000,0x000000dd96c00000]
Native frames: (J=compiled Java code, j=interpreted, Vv=VM code, C=native code)
V  [jvm.dll+0x601d0a]
V  [jvm.dll+0x78ab6e]
V  [jvm.dll+0x78c23f]
V  [jvm.dll+0x78c903]
V  [jvm.dll+0x24be68]
V  [jvm.dll+0xc219c]
V  [jvm.dll+0xc275c]
V  [jvm.dll+0x2bde24]
V  [jvm.dll+0x512bd9]
V  [jvm.dll+0x20d6ed]
V  [jvm.dll+0x207634]
V  [jvm.dll+0x2045da]
V  [jvm.dll+0x1898fc]
V  [jvm.dll+0x213d67]
V  [jvm.dll+0x211f2b]
V  [jvm.dll+0x74ec19]
V  [jvm.dll+0x747c84]
V  [jvm.dll+0x600ba6]
C  [ucrtbase.dll+0x21542]
C  [KERNEL32.DLL+0x16fd4]
C  [ntdll.dll+0x4cf31]


---------------  P R O C E S S  ---------------

Threads class SMR info:
_java_thread_list=0x0000022826530440, length=19, elements={
0x000002287fcf7800, 0x000002281f845000, 0x000002281f84d800, 0x00000228201e2800,
0x00000228201e3800, 0x000002281f85e000, 0x000002281f86b000, 0x000002281f876000,
0x000002281f877000, 0x000002281f7db800, 0x0000022820361000, 0x0000022820d70000,
0x0000022820d84800, 0x0000022821c94000, 0x00000228212e7000, 0x0000022821f66800,
0x0000022824861800, 0x0000022824a59800, 0x00000228265eb800
}

Java Threads: ( => current thread )
  0x000002287fcf7800 JavaThread "main" [_thread_in_native, id=7776, stack(0x000000dd95f00000,0x000000dd96000000)]
  0x000002281f845000 JavaThread "Reference Handler" daemon [_thread_blocked, id=13520, stack(0x000000dd96600000,0x000000dd96700000)]
  0x000002281f84d800 JavaThread "Finalizer" daemon [_thread_blocked, id=9240, stack(0x000000dd96700000,0x000000dd96800000)]
  0x00000228201e2800 JavaThread "Signal Dispatcher" daemon [_thread_blocked, id=3420, stack(0x000000dd96800000,0x000000dd96900000)]
  0x00000228201e3800 JavaThread "Attach Listener" daemon [_thread_blocked, id=4444, stack(0x000000dd96900000,0x000000dd96a00000)]
  0x000002281f85e000 JavaThread "Service Thread" daemon [_thread_blocked, id=8720, stack(0x000000dd96a00000,0x000000dd96b00000)]
=>0x000002281f86b000 JavaThread "C2 CompilerThread0" daemon [_thread_in_native, id=6200, stack(0x000000dd96b00000,0x000000dd96c00000)]
  0x000002281f876000 JavaThread "C1 CompilerThread0" daemon [_thread_blocked, id=10012, stack(0x000000dd96c00000,0x000000dd96d00000)]
  0x000002281f877000 JavaThread "Sweeper thread" daemon [_thread_blocked, id=13300, stack(0x000000dd96d00000,0x000000dd96e00000)]
  0x000002281f7db800 JavaThread "Common-Cleaner" daemon [_thread_blocked, id=13208, stack(0x000000dd96e00000,0x000000dd96f00000)]
  0x0000022820361000 JavaThread "RMI TCP Accept-0" daemon [_thread_in_native, id=5820, stack(0x000000dd96f00000,0x000000dd97000000)]
  0x0000022820d70000 JavaThread "RMI TCP Accept-58171" daemon [_thread_in_native, id=15016, stack(0x000000dd97000000,0x000000dd97100000)]
  0x0000022820d84800 JavaThread "RMI TCP Accept-0" daemon [_thread_in_native, id=13892, stack(0x000000dd97200000,0x000000dd97300000)]
  0x0000022821c94000 JavaThread "Catalina-utility-1" [_thread_blocked, id=14012, stack(0x000000dd97700000,0x000000dd97800000)]
  0x00000228212e7000 JavaThread "Catalina-utility-2" [_thread_blocked, id=4360, stack(0x000000dd97900000,0x000000dd97a00000)]
  0x0000022821f66800 JavaThread "container-0" [_thread_blocked, id=4224, stack(0x000000dd97a00000,0x000000dd97b00000)]
  0x0000022824861800 JavaThread "HikariPool-1 housekeeper" daemon [_thread_blocked, id=12520, stack(0x000000dd97b00000,0x000000dd97c00000)]
  0x0000022824a59800 JavaThread "HikariPool-1 connection adder" daemon [_thread_blocked, id=13788, stack(0x000000dd97c00000,0x000000dd97d00000)]
  0x00000228265eb800 JavaThread "C2 CompilerThread1" daemon [_thread_in_native, id=11984, stack(0x000000dd97100000,0x000000dd97200000)]

Other Threads:
  0x000002281f822800 VMThread "VM Thread" [stack: 0x000000dd96500000,0x000000dd96600000] [id=9784]
  0x0000022820bf7800 WatcherThread [stack: 0x000000dd97300000,0x000000dd97400000] [id=6940]
  0x000002287fd12000 GCTaskThread "GC Thread#0" [stack: 0x000000dd96000000,0x000000dd96100000] [id=5796]
  0x0000022820bb9800 GCTaskThread "GC Thread#1" [stack: 0x000000dd97400000,0x000000dd97500000] [id=12628]
  0x0000022820a67000 GCTaskThread "GC Thread#2" [stack: 0x000000dd97500000,0x000000dd97600000] [id=5664]
  0x0000022821752800 GCTaskThread "GC Thread#3" [stack: 0x000000dd97800000,0x000000dd97900000] [id=12084]
  0x000002287fd47000 ConcurrentGCThread "G1 Main Marker" [stack: 0x000000dd96100000,0x000000dd96200000] [id=13464]
  0x000002287fd4a800 ConcurrentGCThread "G1 Conc#0" [stack: 0x000000dd96200000,0x000000dd96300000] [id=5296]
  0x000002281f690800 ConcurrentGCThread "G1 Refine#0" [stack: 0x000000dd96300000,0x000000dd96400000] [id=6852]
  0x000002282057f800 ConcurrentGCThread "G1 Refine#1" [stack: 0x000000dd97600000,0x000000dd97700000] [id=14696]
  0x000002281f691800 ConcurrentGCThread "G1 Young RemSet Sampling" [stack: 0x000000dd96400000,0x000000dd96500000] [id=11140]

Threads with active compile tasks:
C2 CompilerThread0  11230 4635       4       org.springframework.core.annotation.TypeMappedAnnotations$MergedAnnotationFinder::doWithAnnotations (75 bytes)
C2 CompilerThread1  11230 4549   !   4       jdk.internal.loader.BuiltinClassLoader::findClassOnClassPathOrNull (64 bytes)

VM state:not at safepoint (normal execution)

VM Mutex/Monitor currently owned by a thread: None

Heap address: 0x0000000081c00000, size: 2020 MB, Compressed Oops mode: 32-bit
Narrow klass base: 0x0000000000000000, Narrow klass shift: 3
Compressed class space size: 1073741824 Address: 0x0000000100000000

Heap:
 garbage-first heap   total 189440K, used 25600K [0x0000000081c00000, 0x0000000100000000)
  region size 1024K, 10 young (10240K), 6 survivors (6144K)
 Metaspace       used 59418K, capacity 60774K, committed 60956K, reserved 1101824K
  class space    used 7391K, capacity 7923K, committed 8012K, reserved 1048576K
Heap Regions: E=young(eden), S=young(survivor), O=old, HS=humongous(starts), HC=humongous(continues), CS=collection set, F=free, A=archive, TAMS=top-at-mark-start (previous, next)
|   0|0x0000000081c00000, 0x0000000081d00000, 0x0000000081d00000|100%|HS|  |TAMS 0x0000000081d00000, 0x0000000081c00000| Complete 
|   1|0x0000000081d00000, 0x0000000081e00000, 0x0000000081e00000|100%| O|  |TAMS 0x0000000081e00000, 0x0000000081d00000| Untracked 
|   2|0x0000000081e00000, 0x0000000081f00000, 0x0000000081f00000|100%| O|  |TAMS 0x0000000081f00000, 0x0000000081e00000| Untracked 
|   3|0x0000000081f00000, 0x0000000082000000, 0x0000000082000000|100%| O|  |TAMS 0x0000000082000000, 0x0000000081f00000| Untracked 
|   4|0x0000000082000000, 0x0000000082100000, 0x0000000082100000|100%| O|  |TAMS 0x0000000082100000, 0x0000000082000000| Untracked 
|   5|0x0000000082100000, 0x0000000082200000, 0x0000000082200000|100%| O|  |TAMS 0x0000000082200000, 0x0000000082100000| Untracked 
|   6|0x0000000082200000, 0x0000000082300000, 0x0000000082300000|100%| O|  |TAMS 0x0000000082300000, 0x0000000082200000| Untracked 
|   7|0x0000000082300000, 0x0000000082400000, 0x0000000082400000|100%| O|  |TAMS 0x0000000082400000, 0x0000000082300000| Untracked 
|   8|0x0000000082400000, 0x0000000082500000, 0x0000000082500000|100%| O|  |TAMS 0x0000000082500000, 0x0000000082400000| Untracked 
|   9|0x0000000082500000, 0x0000000082600000, 0x0000000082600000|100%| O|  |TAMS 0x0000000082600000, 0x0000000082500000| Untracked 
|  10|0x0000000082600000, 0x0000000082700000, 0x0000000082700000|100%| O|  |TAMS 0x0000000082700000, 0x0000000082600000| Untracked 
|  11|0x0000000082700000, 0x0000000082800000, 0x0000000082800000|100%| O|  |TAMS 0x0000000082800000, 0x0000000082700000| Untracked 
|  12|0x0000000082800000, 0x0000000082900000, 0x0000000082900000|100%| O|  |TAMS 0x0000000082900000, 0x0000000082800000| Untracked 
|  13|0x0000000082900000, 0x0000000082a00000, 0x0000000082a00000|100%| O|  |TAMS 0x0000000082a00000, 0x0000000082900000| Untracked 
|  14|0x0000000082a00000, 0x0000000082b00000, 0x0000000082b00000|100%| O|  |TAMS 0x0000000082b00000, 0x0000000082a00000| Untracked 
|  15|0x0000000082b00000, 0x0000000082c00000, 0x0000000082c00000|100%| O|  |TAMS 0x0000000082c00000, 0x0000000082b00000| Untracked 
|  16|0x0000000082c00000, 0x0000000082c00000, 0x0000000082d00000|  0%| F|  |TAMS 0x0000000082c00000, 0x0000000082c00000| Untracked 
|  17|0x0000000082d00000, 0x0000000082d00000, 0x0000000082e00000|  0%| F|  |TAMS 0x0000000082d00000, 0x0000000082d00000| Untracked 
|  18|0x0000000082e00000, 0x0000000082e00000, 0x0000000082f00000|  0%| F|  |TAMS 0x0000000082e00000, 0x0000000082e00000| Untracked 
|  19|0x0000000082f00000, 0x0000000082f00000, 0x0000000083000000|  0%| F|  |TAMS 0x0000000082f00000, 0x0000000082f00000| Untracked 
|  20|0x0000000083000000, 0x0000000083000000, 0x0000000083100000|  0%| F|  |TAMS 0x0000000083000000, 0x0000000083000000| Untracked 
|  21|0x0000000083100000, 0x0000000083100000, 0x0000000083200000|  0%| F|  |TAMS 0x0000000083100000, 0x0000000083100000| Untracked 
|  22|0x0000000083200000, 0x0000000083200000, 0x0000000083300000|  0%| F|  |TAMS 0x0000000083200000, 0x0000000083200000| Untracked 
|  23|0x0000000083300000, 0x0000000083300000, 0x0000000083400000|  0%| F|  |TAMS 0x0000000083300000, 0x0000000083300000| Untracked 
|  24|0x0000000083400000, 0x0000000083400000, 0x0000000083500000|  0%| F|  |TAMS 0x0000000083400000, 0x0000000083400000| Untracked 
|  25|0x0000000083500000, 0x0000000083500000, 0x0000000083600000|  0%| F|  |TAMS 0x0000000083500000, 0x0000000083500000| Untracked 
|  26|0x0000000083600000, 0x0000000083600000, 0x0000000083700000|  0%| F|  |TAMS 0x0000000083600000, 0x0000000083600000| Untracked 
|  27|0x0000000083700000, 0x0000000083700000, 0x0000000083800000|  0%| F|  |TAMS 0x0000000083700000, 0x0000000083700000| Untracked 
|  28|0x0000000083800000, 0x0000000083800000, 0x0000000083900000|  0%| F|  |TAMS 0x0000000083800000, 0x0000000083800000| Untracked 
|  29|0x0000000083900000, 0x0000000083900000, 0x0000000083a00000|  0%| F|  |TAMS 0x0000000083900000, 0x0000000083900000| Untracked 
|  30|0x0000000083a00000, 0x0000000083a00000, 0x0000000083b00000|  0%| F|  |TAMS 0x0000000083a00000, 0x0000000083a00000| Untracked 
|  31|0x0000000083b00000, 0x0000000083b00000, 0x0000000083c00000|  0%| F|  |TAMS 0x0000000083b00000, 0x0000000083b00000| Untracked 
|  32|0x0000000083c00000, 0x0000000083c00000, 0x0000000083d00000|  0%| F|  |TAMS 0x0000000083c00000, 0x0000000083c00000| Untracked 
|  33|0x0000000083d00000, 0x0000000083d00000, 0x0000000083e00000|  0%| F|  |TAMS 0x0000000083d00000, 0x0000000083d00000| Untracked 
|  34|0x0000000083e00000, 0x0000000083e00000, 0x0000000083f00000|  0%| F|  |TAMS 0x0000000083e00000, 0x0000000083e00000| Untracked 
|  35|0x0000000083f00000, 0x0000000083f00000, 0x0000000084000000|  0%| F|  |TAMS 0x0000000083f00000, 0x0000000083f00000| Untracked 
|  36|0x0000000084000000, 0x0000000084000000, 0x0000000084100000|  0%| F|  |TAMS 0x0000000084000000, 0x0000000084000000| Untracked 
|  37|0x0000000084100000, 0x0000000084100000, 0x0000000084200000|  0%| F|  |TAMS 0x0000000084100000, 0x0000000084100000| Untracked 
|  38|0x0000000084200000, 0x0000000084200000, 0x0000000084300000|  0%| F|  |TAMS 0x0000000084200000, 0x0000000084200000| Untracked 
|  39|0x0000000084300000, 0x0000000084300000, 0x0000000084400000|  0%| F|  |TAMS 0x0000000084300000, 0x0000000084300000| Untracked 
|  40|0x0000000084400000, 0x0000000084400000, 0x0000000084500000|  0%| F|  |TAMS 0x0000000084400000, 0x0000000084400000| Untracked 
|  41|0x0000000084500000, 0x0000000084500000, 0x0000000084600000|  0%| F|  |TAMS 0x0000000084500000, 0x0000000084500000| Untracked 
|  42|0x0000000084600000, 0x0000000084600000, 0x0000000084700000|  0%| F|  |TAMS 0x0000000084600000, 0x0000000084600000| Untracked 
|  43|0x0000000084700000, 0x0000000084700000, 0x0000000084800000|  0%| F|  |TAMS 0x0000000084700000, 0x0000000084700000| Untracked 
|  44|0x0000000084800000, 0x0000000084800000, 0x0000000084900000|  0%| F|  |TAMS 0x0000000084800000, 0x0000000084800000| Untracked 
|  45|0x0000000084900000, 0x0000000084900000, 0x0000000084a00000|  0%| F|  |TAMS 0x0000000084900000, 0x0000000084900000| Untracked 
|  46|0x0000000084a00000, 0x0000000084a00000, 0x0000000084b00000|  0%| F|  |TAMS 0x0000000084a00000, 0x0000000084a00000| Untracked 
|  47|0x0000000084b00000, 0x0000000084b00000, 0x0000000084c00000|  0%| F|  |TAMS 0x0000000084b00000, 0x0000000084b00000| Untracked 
|  48|0x0000000084c00000, 0x0000000084c00000, 0x0000000084d00000|  0%| F|  |TAMS 0x0000000084c00000, 0x0000000084c00000| Untracked 
|  49|0x0000000084d00000, 0x0000000084d00000, 0x0000000084e00000|  0%| F|  |TAMS 0x0000000084d00000, 0x0000000084d00000| Untracked 
|  50|0x0000000084e00000, 0x0000000084e00000, 0x0000000084f00000|  0%| F|  |TAMS 0x0000000084e00000, 0x0000000084e00000| Untracked 
|  51|0x0000000084f00000, 0x0000000084f00000, 0x0000000085000000|  0%| F|  |TAMS 0x0000000084f00000, 0x0000000084f00000| Untracked 
|  52|0x0000000085000000, 0x0000000085000000, 0x0000000085100000|  0%| F|  |TAMS 0x0000000085000000, 0x0000000085000000| Untracked 
|  53|0x0000000085100000, 0x0000000085100000, 0x0000000085200000|  0%| F|  |TAMS 0x0000000085100000, 0x0000000085100000| Untracked 
|  54|0x0000000085200000, 0x0000000085200000, 0x0000000085300000|  0%| F|  |TAMS 0x0000000085200000, 0x0000000085200000| Untracked 
|  55|0x0000000085300000, 0x0000000085300000, 0x0000000085400000|  0%| F|  |TAMS 0x0000000085300000, 0x0000000085300000| Untracked 
|  56|0x0000000085400000, 0x0000000085400000, 0x0000000085500000|  0%| F|  |TAMS 0x0000000085400000, 0x0000000085400000| Untracked 
|  57|0x0000000085500000, 0x0000000085500000, 0x0000000085600000|  0%| F|  |TAMS 0x0000000085500000, 0x0000000085500000| Untracked 
|  58|0x0000000085600000, 0x0000000085600000, 0x0000000085700000|  0%| F|  |TAMS 0x0000000085600000, 0x0000000085600000| Untracked 
|  59|0x0000000085700000, 0x0000000085700000, 0x0000000085800000|  0%| F|  |TAMS 0x0000000085700000, 0x0000000085700000| Untracked 
|  60|0x0000000085800000, 0x0000000085800000, 0x0000000085900000|  0%| F|  |TAMS 0x0000000085800000, 0x0000000085800000| Untracked 
|  61|0x0000000085900000, 0x0000000085900000, 0x0000000085a00000|  0%| F|  |TAMS 0x0000000085900000, 0x0000000085900000| Untracked 
|  62|0x0000000085a00000, 0x0000000085a00000, 0x0000000085b00000|  0%| F|  |TAMS 0x0000000085a00000, 0x0000000085a00000| Untracked 
|  63|0x0000000085b00000, 0x0000000085b00000, 0x0000000085c00000|  0%| F|  |TAMS 0x0000000085b00000, 0x0000000085b00000| Untracked 
|  64|0x0000000085c00000, 0x0000000085c00000, 0x0000000085d00000|  0%| F|  |TAMS 0x0000000085c00000, 0x0000000085c00000| Untracked 
|  65|0x0000000085d00000, 0x0000000085d00000, 0x0000000085e00000|  0%| F|  |TAMS 0x0000000085d00000, 0x0000000085d00000| Untracked 
|  66|0x0000000085e00000, 0x0000000085e00000, 0x0000000085f00000|  0%| F|  |TAMS 0x0000000085e00000, 0x0000000085e00000| Untracked 
|  67|0x0000000085f00000, 0x0000000085f00000, 0x0000000086000000|  0%| F|  |TAMS 0x0000000085f00000, 0x0000000085f00000| Untracked 
|  68|0x0000000086000000, 0x0000000086000000, 0x0000000086100000|  0%| F|  |TAMS 0x0000000086000000, 0x0000000086000000| Untracked 
|  69|0x0000000086100000, 0x0000000086100000, 0x0000000086200000|  0%| F|  |TAMS 0x0000000086100000, 0x0000000086100000| Untracked 
|  70|0x0000000086200000, 0x0000000086200000, 0x0000000086300000|  0%| F|  |TAMS 0x0000000086200000, 0x0000000086200000| Untracked 
|  71|0x0000000086300000, 0x0000000086300000, 0x0000000086400000|  0%| F|  |TAMS 0x0000000086300000, 0x0000000086300000| Untracked 
|  72|0x0000000086400000, 0x0000000086400000, 0x0000000086500000|  0%| F|  |TAMS 0x0000000086400000, 0x0000000086400000| Untracked 
|  73|0x0000000086500000, 0x0000000086500000, 0x0000000086600000|  0%| F|  |TAMS 0x0000000086500000, 0x0000000086500000| Untracked 
|  74|0x0000000086600000, 0x0000000086600000, 0x0000000086700000|  0%| F|  |TAMS 0x0000000086600000, 0x0000000086600000| Untracked 
|  75|0x0000000086700000, 0x0000000086700000, 0x0000000086800000|  0%| F|  |TAMS 0x0000000086700000, 0x0000000086700000| Untracked 
|  76|0x0000000086800000, 0x0000000086800000, 0x0000000086900000|  0%| F|  |TAMS 0x0000000086800000, 0x0000000086800000| Untracked 
|  77|0x0000000086900000, 0x0000000086900000, 0x0000000086a00000|  0%| F|  |TAMS 0x0000000086900000, 0x0000000086900000| Untracked 
|  78|0x0000000086a00000, 0x0000000086a00000, 0x0000000086b00000|  0%| F|  |TAMS 0x0000000086a00000, 0x0000000086a00000| Untracked 
|  79|0x0000000086b00000, 0x0000000086b00000, 0x0000000086c00000|  0%| F|  |TAMS 0x0000000086b00000, 0x0000000086b00000| Untracked 
|  80|0x0000000086c00000, 0x0000000086c00000, 0x0000000086d00000|  0%| F|  |TAMS 0x0000000086c00000, 0x0000000086c00000| Untracked 
|  81|0x0000000086d00000, 0x0000000086d00000, 0x0000000086e00000|  0%| F|  |TAMS 0x0000000086d00000, 0x0000000086d00000| Untracked 
|  82|0x0000000086e00000, 0x0000000086e00000, 0x0000000086f00000|  0%| F|  |TAMS 0x0000000086e00000, 0x0000000086e00000| Untracked 
|  83|0x0000000086f00000, 0x0000000086f00000, 0x0000000087000000|  0%| F|  |TAMS 0x0000000086f00000, 0x0000000086f00000| Untracked 
|  84|0x0000000087000000, 0x0000000087000000, 0x0000000087100000|  0%| F|  |TAMS 0x0000000087000000, 0x0000000087000000| Untracked 
|  85|0x0000000087100000, 0x0000000087100000, 0x0000000087200000|  0%| F|  |TAMS 0x0000000087100000, 0x0000000087100000| Untracked 
|  86|0x0000000087200000, 0x0000000087200000, 0x0000000087300000|  0%| F|  |TAMS 0x0000000087200000, 0x0000000087200000| Untracked 
|  87|0x0000000087300000, 0x0000000087300000, 0x0000000087400000|  0%| F|  |TAMS 0x0000000087300000, 0x0000000087300000| Untracked 
|  88|0x0000000087400000, 0x0000000087400000, 0x0000000087500000|  0%| F|  |TAMS 0x0000000087400000, 0x0000000087400000| Untracked 
|  89|0x0000000087500000, 0x0000000087500000, 0x0000000087600000|  0%| F|  |TAMS 0x0000000087500000, 0x0000000087500000| Untracked 
|  90|0x0000000087600000, 0x0000000087600000, 0x0000000087700000|  0%| F|  |TAMS 0x0000000087600000, 0x0000000087600000| Untracked 
|  91|0x0000000087700000, 0x0000000087700000, 0x0000000087800000|  0%| F|  |TAMS 0x0000000087700000, 0x0000000087700000| Untracked 
|  92|0x0000000087800000, 0x0000000087800000, 0x0000000087900000|  0%| F|  |TAMS 0x0000000087800000, 0x0000000087800000| Untracked 
|  93|0x0000000087900000, 0x0000000087900000, 0x0000000087a00000|  0%| F|  |TAMS 0x0000000087900000, 0x0000000087900000| Untracked 
|  94|0x0000000087a00000, 0x0000000087a00000, 0x0000000087b00000|  0%| F|  |TAMS 0x0000000087a00000, 0x0000000087a00000| Untracked 
|  95|0x0000000087b00000, 0x0000000087b00000, 0x0000000087c00000|  0%| F|  |TAMS 0x0000000087b00000, 0x0000000087b00000| Untracked 
|  96|0x0000000087c00000, 0x0000000087c00000, 0x0000000087d00000|  0%| F|  |TAMS 0x0000000087c00000, 0x0000000087c00000| Untracked 
|  97|0x0000000087d00000, 0x0000000087d00000, 0x0000000087e00000|  0%| F|  |TAMS 0x0000000087d00000, 0x0000000087d00000| Untracked 
|  98|0x0000000087e00000, 0x0000000087e00000, 0x0000000087f00000|  0%| F|  |TAMS 0x0000000087e00000, 0x0000000087e00000| Untracked 
|  99|0x0000000087f00000, 0x0000000087f00000, 0x0000000088000000|  0%| F|  |TAMS 0x0000000087f00000, 0x0000000087f00000| Untracked 
| 100|0x0000000088000000, 0x0000000088000000, 0x0000000088100000|  0%| F|  |TAMS 0x0000000088000000, 0x0000000088000000| Untracked 
| 101|0x0000000088100000, 0x0000000088100000, 0x0000000088200000|  0%| F|  |TAMS 0x0000000088100000, 0x0000000088100000| Untracked 
| 102|0x0000000088200000, 0x0000000088200000, 0x0000000088300000|  0%| F|  |TAMS 0x0000000088200000, 0x0000000088200000| Untracked 
| 103|0x0000000088300000, 0x0000000088300000, 0x0000000088400000|  0%| F|  |TAMS 0x0000000088300000, 0x0000000088300000| Untracked 
| 104|0x0000000088400000, 0x0000000088400000, 0x0000000088500000|  0%| F|  |TAMS 0x0000000088400000, 0x0000000088400000| Untracked 
| 105|0x0000000088500000, 0x0000000088500000, 0x0000000088600000|  0%| F|  |TAMS 0x0000000088500000, 0x0000000088500000| Untracked 
| 106|0x0000000088600000, 0x0000000088600000, 0x0000000088700000|  0%| F|  |TAMS 0x0000000088600000, 0x0000000088600000| Untracked 
| 107|0x0000000088700000, 0x0000000088700000, 0x0000000088800000|  0%| F|  |TAMS 0x0000000088700000, 0x0000000088700000| Untracked 
| 108|0x0000000088800000, 0x0000000088800000, 0x0000000088900000|  0%| F|  |TAMS 0x0000000088800000, 0x0000000088800000| Untracked 
| 109|0x0000000088900000, 0x0000000088900000, 0x0000000088a00000|  0%| F|  |TAMS 0x0000000088900000, 0x0000000088900000| Untracked 
| 110|0x0000000088a00000, 0x0000000088a00000, 0x0000000088b00000|  0%| F|  |TAMS 0x0000000088a00000, 0x0000000088a00000| Untracked 
| 111|0x0000000088b00000, 0x0000000088b00000, 0x0000000088c00000|  0%| F|  |TAMS 0x0000000088b00000, 0x0000000088b00000| Untracked 
| 112|0x0000000088c00000, 0x0000000088c00000, 0x0000000088d00000|  0%| F|  |TAMS 0x0000000088c00000, 0x0000000088c00000| Untracked 
| 113|0x0000000088d00000, 0x0000000088d00000, 0x0000000088e00000|  0%| F|  |TAMS 0x0000000088d00000, 0x0000000088d00000| Untracked 
| 114|0x0000000088e00000, 0x0000000088e00000, 0x0000000088f00000|  0%| F|  |TAMS 0x0000000088e00000, 0x0000000088e00000| Untracked 
| 115|0x0000000088f00000, 0x0000000088f00000, 0x0000000089000000|  0%| F|  |TAMS 0x0000000088f00000, 0x0000000088f00000| Untracked 
| 116|0x0000000089000000, 0x0000000089000000, 0x0000000089100000|  0%| F|  |TAMS 0x0000000089000000, 0x0000000089000000| Untracked 
| 117|0x0000000089100000, 0x0000000089100000, 0x0000000089200000|  0%| F|  |TAMS 0x0000000089100000, 0x0000000089100000| Untracked 
| 118|0x0000000089200000, 0x0000000089200000, 0x0000000089300000|  0%| F|  |TAMS 0x0000000089200000, 0x0000000089200000| Untracked 
| 119|0x0000000089300000, 0x0000000089300000, 0x0000000089400000|  0%| F|  |TAMS 0x0000000089300000, 0x0000000089300000| Untracked 
| 120|0x0000000089400000, 0x0000000089500000, 0x0000000089500000|100%| S|CS|TAMS 0x0000000089400000, 0x0000000089400000| Complete 
| 121|0x0000000089500000, 0x0000000089600000, 0x0000000089600000|100%| S|CS|TAMS 0x0000000089500000, 0x0000000089500000| Complete 
| 122|0x0000000089600000, 0x0000000089700000, 0x0000000089700000|100%| S|CS|TAMS 0x0000000089600000, 0x0000000089600000| Complete 
| 123|0x0000000089700000, 0x0000000089800000, 0x0000000089800000|100%| S|CS|TAMS 0x0000000089700000, 0x0000000089700000| Complete 
| 124|0x0000000089800000, 0x0000000089900000, 0x0000000089900000|100%| S|CS|TAMS 0x0000000089800000, 0x0000000089800000| Complete 
| 125|0x0000000089900000, 0x0000000089a00000, 0x0000000089a00000|100%| S|CS|TAMS 0x0000000089900000, 0x0000000089900000| Complete 
| 126|0x0000000089a00000, 0x0000000089a00000, 0x0000000089b00000|  0%| F|  |TAMS 0x0000000089a00000, 0x0000000089a00000| Untracked 
| 127|0x0000000089b00000, 0x0000000089b00000, 0x0000000089c00000|  0%| F|  |TAMS 0x0000000089b00000, 0x0000000089b00000| Untracked 
| 128|0x0000000089c00000, 0x0000000089c00000, 0x0000000089d00000|  0%| F|  |TAMS 0x0000000089c00000, 0x0000000089c00000| Untracked 
| 129|0x0000000089d00000, 0x0000000089d00000, 0x0000000089e00000|  0%| F|  |TAMS 0x0000000089d00000, 0x0000000089d00000| Untracked 
| 130|0x0000000089e00000, 0x0000000089e00000, 0x0000000089f00000|  0%| F|  |TAMS 0x0000000089e00000, 0x0000000089e00000| Untracked 
| 131|0x0000000089f00000, 0x0000000089f00000, 0x000000008a000000|  0%| F|  |TAMS 0x0000000089f00000, 0x0000000089f00000| Untracked 
| 132|0x000000008a000000, 0x000000008a000000, 0x000000008a100000|  0%| F|  |TAMS 0x000000008a000000, 0x000000008a000000| Untracked 
| 133|0x000000008a100000, 0x000000008a100000, 0x000000008a200000|  0%| F|  |TAMS 0x000000008a100000, 0x000000008a100000| Untracked 
| 134|0x000000008a200000, 0x000000008a200000, 0x000000008a300000|  0%| F|  |TAMS 0x000000008a200000, 0x000000008a200000| Untracked 
| 135|0x000000008a300000, 0x000000008a300000, 0x000000008a400000|  0%| F|  |TAMS 0x000000008a300000, 0x000000008a300000| Untracked 
| 136|0x000000008a400000, 0x000000008a400000, 0x000000008a500000|  0%| F|  |TAMS 0x000000008a400000, 0x000000008a400000| Untracked 
| 137|0x000000008a500000, 0x000000008a500000, 0x000000008a600000|  0%| F|  |TAMS 0x000000008a500000, 0x000000008a500000| Untracked 
| 138|0x000000008a600000, 0x000000008a600000, 0x000000008a700000|  0%| F|  |TAMS 0x000000008a600000, 0x000000008a600000| Untracked 
| 139|0x000000008a700000, 0x000000008a700000, 0x000000008a800000|  0%| F|  |TAMS 0x000000008a700000, 0x000000008a700000| Untracked 
| 140|0x000000008a800000, 0x000000008a800000, 0x000000008a900000|  0%| F|  |TAMS 0x000000008a800000, 0x000000008a800000| Untracked 
| 141|0x000000008a900000, 0x000000008a900000, 0x000000008aa00000|  0%| F|  |TAMS 0x000000008a900000, 0x000000008a900000| Untracked 
| 142|0x000000008aa00000, 0x000000008aa00000, 0x000000008ab00000|  0%| F|  |TAMS 0x000000008aa00000, 0x000000008aa00000| Untracked 
| 143|0x000000008ab00000, 0x000000008ab00000, 0x000000008ac00000|  0%| F|  |TAMS 0x000000008ab00000, 0x000000008ab00000| Untracked 
| 144|0x000000008ac00000, 0x000000008ac00000, 0x000000008ad00000|  0%| F|  |TAMS 0x000000008ac00000, 0x000000008ac00000| Untracked 
| 145|0x000000008ad00000, 0x000000008ad00000, 0x000000008ae00000|  0%| F|  |TAMS 0x000000008ad00000, 0x000000008ad00000| Untracked 
| 146|0x000000008ae00000, 0x000000008ae00000, 0x000000008af00000|  0%| F|  |TAMS 0x000000008ae00000, 0x000000008ae00000| Untracked 
| 147|0x000000008af00000, 0x000000008af00000, 0x000000008b000000|  0%| F|  |TAMS 0x000000008af00000, 0x000000008af00000| Untracked 
| 148|0x000000008b000000, 0x000000008b000000, 0x000000008b100000|  0%| F|  |TAMS 0x000000008b000000, 0x000000008b000000| Untracked 
| 149|0x000000008b100000, 0x000000008b100000, 0x000000008b200000|  0%| F|  |TAMS 0x000000008b100000, 0x000000008b100000| Untracked 
| 150|0x000000008b200000, 0x000000008b200000, 0x000000008b300000|  0%| F|  |TAMS 0x000000008b200000, 0x000000008b200000| Untracked 
| 151|0x000000008b300000, 0x000000008b300000, 0x000000008b400000|  0%| F|  |TAMS 0x000000008b300000, 0x000000008b300000| Untracked 
| 152|0x000000008b400000, 0x000000008b400000, 0x000000008b500000|  0%| F|  |TAMS 0x000000008b400000, 0x000000008b400000| Untracked 
| 153|0x000000008b500000, 0x000000008b500000, 0x000000008b600000|  0%| F|  |TAMS 0x000000008b500000, 0x000000008b500000| Untracked 
| 154|0x000000008b600000, 0x000000008b600000, 0x000000008b700000|  0%| F|  |TAMS 0x000000008b600000, 0x000000008b600000| Untracked 
| 155|0x000000008b700000, 0x000000008b700000, 0x000000008b800000|  0%| F|  |TAMS 0x000000008b700000, 0x000000008b700000| Untracked 
| 156|0x000000008b800000, 0x000000008b800000, 0x000000008b900000|  0%| F|  |TAMS 0x000000008b800000, 0x000000008b800000| Untracked 
| 157|0x000000008b900000, 0x000000008b900000, 0x000000008ba00000|  0%| F|  |TAMS 0x000000008b900000, 0x000000008b900000| Untracked 
| 158|0x000000008ba00000, 0x000000008ba00000, 0x000000008bb00000|  0%| F|  |TAMS 0x000000008ba00000, 0x000000008ba00000| Untracked 
| 159|0x000000008bb00000, 0x000000008bb00000, 0x000000008bc00000|  0%| F|  |TAMS 0x000000008bb00000, 0x000000008bb00000| Untracked 
| 160|0x000000008bc00000, 0x000000008bc00000, 0x000000008bd00000|  0%| F|  |TAMS 0x000000008bc00000, 0x000000008bc00000| Untracked 
| 161|0x000000008bd00000, 0x000000008bd00000, 0x000000008be00000|  0%| F|  |TAMS 0x000000008bd00000, 0x000000008bd00000| Untracked 
| 162|0x000000008be00000, 0x000000008be00000, 0x000000008bf00000|  0%| F|  |TAMS 0x000000008be00000, 0x000000008be00000| Untracked 
| 163|0x000000008bf00000, 0x000000008bf00000, 0x000000008c000000|  0%| F|  |TAMS 0x000000008bf00000, 0x000000008bf00000| Untracked 
| 164|0x000000008c000000, 0x000000008c000000, 0x000000008c100000|  0%| F|  |TAMS 0x000000008c000000, 0x000000008c000000| Untracked 
| 165|0x000000008c100000, 0x000000008c100000, 0x000000008c200000|  0%| F|  |TAMS 0x000000008c100000, 0x000000008c100000| Untracked 
| 166|0x000000008c200000, 0x000000008c200000, 0x000000008c300000|  0%| F|  |TAMS 0x000000008c200000, 0x000000008c200000| Untracked 
| 167|0x000000008c300000, 0x000000008c300000, 0x000000008c400000|  0%| F|  |TAMS 0x000000008c300000, 0x000000008c300000| Untracked 
| 168|0x000000008c400000, 0x000000008c400000, 0x000000008c500000|  0%| F|  |TAMS 0x000000008c400000, 0x000000008c400000| Untracked 
| 169|0x000000008c500000, 0x000000008c500000, 0x000000008c600000|  0%| F|  |TAMS 0x000000008c500000, 0x000000008c500000| Untracked 
| 170|0x000000008c600000, 0x000000008c600000, 0x000000008c700000|  0%| F|  |TAMS 0x000000008c600000, 0x000000008c600000| Untracked 
| 171|0x000000008c700000, 0x000000008c700000, 0x000000008c800000|  0%| F|  |TAMS 0x000000008c700000, 0x000000008c700000| Untracked 
| 172|0x000000008c800000, 0x000000008c800000, 0x000000008c900000|  0%| F|  |TAMS 0x000000008c800000, 0x000000008c800000| Untracked 
| 173|0x000000008c900000, 0x000000008c900000, 0x000000008ca00000|  0%| F|  |TAMS 0x000000008c900000, 0x000000008c900000| Untracked 
| 174|0x000000008ca00000, 0x000000008ca00000, 0x000000008cb00000|  0%| F|  |TAMS 0x000000008ca00000, 0x000000008ca00000| Untracked 
| 175|0x000000008cb00000, 0x000000008cb00000, 0x000000008cc00000|  0%| F|  |TAMS 0x000000008cb00000, 0x000000008cb00000| Untracked 
| 176|0x000000008cc00000, 0x000000008cc00000, 0x000000008cd00000|  0%| F|  |TAMS 0x000000008cc00000, 0x000000008cc00000| Untracked 
| 177|0x000000008cd00000, 0x000000008cd00000, 0x000000008ce00000|  0%| F|  |TAMS 0x000000008cd00000, 0x000000008cd00000| Untracked 
| 178|0x000000008ce00000, 0x000000008ce00000, 0x000000008cf00000|  0%| F|  |TAMS 0x000000008ce00000, 0x000000008ce00000| Untracked 
| 179|0x000000008cf00000, 0x000000008cf00000, 0x000000008d000000|  0%| F|  |TAMS 0x000000008cf00000, 0x000000008cf00000| Untracked 
| 180|0x000000008d000000, 0x000000008d000000, 0x000000008d100000|  0%| F|  |TAMS 0x000000008d000000, 0x000000008d000000| Untracked 
| 181|0x000000008d100000, 0x000000008d180800, 0x000000008d200000| 50%| E|  |TAMS 0x000000008d100000, 0x000000008d100000| Complete 
| 182|0x000000008d200000, 0x000000008d300000, 0x000000008d300000|100%| E|CS|TAMS 0x000000008d200000, 0x000000008d200000| Complete 
| 183|0x000000008d300000, 0x000000008d400000, 0x000000008d400000|100%| E|CS|TAMS 0x000000008d300000, 0x000000008d300000| Complete 
| 184|0x000000008d400000, 0x000000008d500000, 0x000000008d500000|100%| E|CS|TAMS 0x000000008d400000, 0x000000008d400000| Complete 

Card table byte_map: [0x0000022818e50000,0x0000022819250000] _byte_map_base: 0x0000022818a42000

Marking Bits (Prev, Next): (CMBitMap*) 0x000002287fd3e8b0, (CMBitMap*) 0x000002287fd3e878
 Prev Bits: [0x000002281b5e0000, 0x000002281d570000)
 Next Bits: [0x0000022819650000, 0x000002281b5e0000)

Polling page: 0x000002287ee80000

Metaspace:

Usage:
  Non-class:     51.67 MB capacity,    50.84 MB ( 98%) used,   679.96 KB (  1%) free+waste,   173.13 KB ( <1%) overhead. 
      Class:      7.74 MB capacity,     7.22 MB ( 93%) used,   443.91 KB (  6%) free+waste,    81.06 KB (  1%) overhead. 
       Both:     59.41 MB capacity,    58.07 MB ( 98%) used,     1.10 MB (  2%) free+waste,   254.19 KB ( <1%) overhead. 

Virtual space:
  Non-class space:       52.00 MB reserved,      51.70 MB (>99%) committed 
      Class space:        1.00 GB reserved,       7.82 MB ( <1%) committed 
             Both:        1.05 GB reserved,      59.53 MB (  6%) committed 

Chunk freelists:
   Non-Class:  29.00 KB
       Class:  13.00 KB
        Both:  42.00 KB

MaxMetaspaceSize: 17179869184.00 GB
CompressedClassSpaceSize: 1.00 GB
Initial GC threshold: 20.80 MB
Current GC threshold: 98.59 MB
CDS: off

CodeHeap 'non-profiled nmethods': size=120064Kb used=2739Kb max_used=2739Kb free=117324Kb
 bounds [0x0000022811510000, 0x00000228117c0000, 0x0000022818a50000]
CodeHeap 'profiled nmethods': size=120000Kb used=10253Kb max_used=10253Kb free=109746Kb
 bounds [0x0000022809fe0000, 0x000002280a9f0000, 0x0000022811510000]
CodeHeap 'non-nmethods': size=5696Kb used=1303Kb max_used=1367Kb free=4392Kb
 bounds [0x0000022809a50000, 0x0000022809cc0000, 0x0000022809fe0000]
 total_blobs=5257 nmethods=4662 adapters=507
 compilation: enabled
              stopped_count=0, restarted_count=0
 full_count=0

Compilation events (20 events):
Event: 10.992 Thread 0x000002281f876000 4697       2       org.springframework.beans.factory.support.AbstractAutowireCapableBeanFactory::isExcludedFromDependencyCheck (40 bytes)
Event: 10.992 Thread 0x000002281f876000 nmethod 4697 0x000002280a9da710 code [0x000002280a9da8e0, 0x000002280a9daab8]
Event: 10.992 Thread 0x000002281f876000 4698       2       org.springframework.beans.factory.support.AutowireUtils::isExcludedFromDependencyCheck (50 bytes)
Event: 10.993 Thread 0x000002281f876000 nmethod 4698 0x000002280a9dab90 code [0x000002280a9dad80, 0x000002280a9dafa8]
Event: 10.993 Thread 0x000002281f876000 4699       2       org.springframework.core.MethodClassKey::equals (55 bytes)
Event: 10.993 Thread 0x000002281f876000 nmethod 4699 0x000002280a9db190 code [0x000002280a9db360, 0x000002280a9db598]
Event: 10.994 Thread 0x000002281f876000 4701       2       org.springframework.aop.support.AopUtils::canApply (206 bytes)
Event: 10.998 Thread 0x000002281f876000 nmethod 4701 0x000002280a9db710 code [0x000002280a9dbaa0, 0x000002280a9dc768]
Event: 11.002 Thread 0x000002281f876000 4703       2       org.springframework.util.ReflectionUtils::findConcreteMethodsOnInterfaces (100 bytes)
Event: 11.003 Thread 0x000002281f876000 nmethod 4703 0x000002280a9dcf90 code [0x000002280a9dd1a0, 0x000002280a9dd5f8]
Event: 11.004 Thread 0x000002281f876000 4704   !   2       java.util.concurrent.ConcurrentHashMap::putVal (432 bytes)
Event: 11.007 Thread 0x000002281f876000 nmethod 4704 0x000002280a9dd910 code [0x000002280a9ddbc0, 0x000002280a9dec78]
Event: 11.007 Thread 0x000002281f876000 4705       2       java.lang.Class::getEnclosingMethodInfo (20 bytes)
Event: 11.007 Thread 0x000002281f876000 nmethod 4705 0x000002280a9df410 code [0x000002280a9df5e0, 0x000002280a9df7b8]
Event: 11.007 Thread 0x000002281f876000 4706       2       java.lang.Class::getEnclosingClass (69 bytes)
Event: 11.008 Thread 0x000002281f876000 nmethod 4706 0x000002280a9df910 code [0x000002280a9dfb20, 0x000002280a9dfee8]
Event: 11.032 Thread 0x000002281f876000 4707       2       org.springframework.beans.factory.support.AbstractBeanFactory::isFactoryBean (65 bytes)
Event: 11.033 Thread 0x000002281f876000 nmethod 4707 0x000002280a9e0190 code [0x000002280a9e03c0, 0x000002280a9e0848]
Event: 11.054 Thread 0x000002281f876000 4709       2       org.springframework.beans.factory.support.DefaultListableBeanFactory::containsBeanDefinition (17 bytes)
Event: 11.054 Thread 0x000002281f876000 nmethod 4709 0x000002280a9e0a90 code [0x000002280a9e0c60, 0x000002280a9e0e58]

GC Heap History (20 events):
Event: 1.278 GC heap before
{Heap before GC invocations=0 (full 0):
 garbage-first heap   total 131072K, used 14336K [0x0000000081c00000, 0x0000000100000000)
  region size 1024K, 14 young (14336K), 0 survivors (0K)
 Metaspace       used 12915K, capacity 13254K, committed 13440K, reserved 1060864K
  class space    used 1293K, capacity 1406K, committed 1408K, reserved 1048576K
}
Event: 1.286 GC heap after
{Heap after GC invocations=1 (full 0):
 garbage-first heap   total 131072K, used 6299K [0x0000000081c00000, 0x0000000100000000)
  region size 1024K, 2 young (2048K), 2 survivors (2048K)
 Metaspace       used 12915K, capacity 13254K, committed 13440K, reserved 1060864K
  class space    used 1293K, capacity 1406K, committed 1408K, reserved 1048576K
}
Event: 1.521 GC heap before
{Heap before GC invocations=1 (full 0):
 garbage-first heap   total 131072K, used 13467K [0x0000000081c00000, 0x0000000100000000)
  region size 1024K, 9 young (9216K), 2 survivors (2048K)
 Metaspace       used 14700K, capacity 15098K, committed 15232K, reserved 1062912K
  class space    used 1477K, capacity 1617K, committed 1664K, reserved 1048576K
}
Event: 1.526 GC heap after
{Heap after GC invocations=2 (full 0):
 garbage-first heap   total 131072K, used 7131K [0x0000000081c00000, 0x0000000100000000)
  region size 1024K, 1 young (1024K), 1 survivors (1024K)
 Metaspace       used 14700K, capacity 15098K, committed 15232K, reserved 1062912K
  class space    used 1477K, capacity 1617K, committed 1664K, reserved 1048576K
}
Event: 2.177 GC heap before
{Heap before GC invocations=2 (full 0):
 garbage-first heap   total 131072K, used 31707K [0x0000000081c00000, 0x0000000100000000)
  region size 1024K, 25 young (25600K), 1 survivors (1024K)
 Metaspace       used 19163K, capacity 19796K, committed 19968K, reserved 1067008K
  class space    used 2060K, capacity 2302K, committed 2304K, reserved 1048576K
}
Event: 2.183 GC heap after
{Heap after GC invocations=3 (full 0):
 garbage-first heap   total 131072K, used 8394K [0x0000000081c00000, 0x0000000100000000)
  region size 1024K, 3 young (3072K), 3 survivors (3072K)
 Metaspace       used 19163K, capacity 19796K, committed 19968K, reserved 1067008K
  class space    used 2060K, capacity 2302K, committed 2304K, reserved 1048576K
}
Event: 2.391 GC heap before
{Heap before GC invocations=3 (full 0):
 garbage-first heap   total 131072K, used 16586K [0x0000000081c00000, 0x0000000100000000)
  region size 1024K, 12 young (12288K), 3 survivors (3072K)
 Metaspace       used 20610K, capacity 21248K, committed 21296K, reserved 1069056K
  class space    used 2277K, capacity 2555K, committed 2560K, reserved 1048576K
}
Event: 2.396 GC heap after
{Heap after GC invocations=4 (full 0):
 garbage-first heap   total 131072K, used 8937K [0x0000000081c00000, 0x0000000100000000)
  region size 1024K, 3 young (3072K), 3 survivors (3072K)
 Metaspace       used 20610K, capacity 21248K, committed 21296K, reserved 1069056K
  class space    used 2277K, capacity 2555K, committed 2560K, reserved 1048576K
}
Event: 3.061 GC heap before
{Heap before GC invocations=5 (full 0):
 garbage-first heap   total 131072K, used 51945K [0x0000000081c00000, 0x0000000100000000)
  region size 1024K, 46 young (47104K), 3 survivors (3072K)
 Metaspace       used 27048K, capacity 27773K, committed 28032K, reserved 1073152K
  class space    used 3067K, capacity 3365K, committed 3456K, reserved 1048576K
}
Event: 3.069 GC heap after
{Heap after GC invocations=6 (full 0):
 garbage-first heap   total 131072K, used 10365K [0x0000000081c00000, 0x0000000100000000)
  region size 1024K, 4 young (4096K), 4 survivors (4096K)
 Metaspace       used 27048K, capacity 27773K, committed 28032K, reserved 1073152K
  class space    used 3067K, capacity 3365K, committed 3456K, reserved 1048576K
}
Event: 3.867 GC heap before
{Heap before GC invocations=6 (full 0):
 garbage-first heap   total 131072K, used 72829K [0x0000000081c00000, 0x0000000100000000)
  region size 1024K, 66 young (67584K), 4 survivors (4096K)
 Metaspace       used 29714K, capacity 30571K, committed 30720K, reserved 1077248K
  class space    used 3371K, capacity 3722K, committed 3840K, reserved 1048576K
}
Event: 3.877 GC heap after
{Heap after GC invocations=7 (full 0):
 garbage-first heap   total 157696K, used 11415K [0x0000000081c00000, 0x0000000100000000)
  region size 1024K, 5 young (5120K), 5 survivors (5120K)
 Metaspace       used 29714K, capacity 30571K, committed 30720K, reserved 1077248K
  class space    used 3371K, capacity 3722K, committed 3840K, reserved 1048576K
}
Event: 5.325 GC heap before
{Heap before GC invocations=7 (full 0):
 garbage-first heap   total 157696K, used 53399K [0x0000000081c00000, 0x0000000100000000)
  region size 1024K, 47 young (48128K), 5 survivors (5120K)
 Metaspace       used 34874K, capacity 35870K, committed 35920K, reserved 1081344K
  class space    used 4075K, capacity 4470K, committed 4480K, reserved 1048576K
}
Event: 5.344 GC heap after
{Heap after GC invocations=8 (full 0):
 garbage-first heap   total 157696K, used 14136K [0x0000000081c00000, 0x0000000100000000)
  region size 1024K, 8 young (8192K), 8 survivors (8192K)
 Metaspace       used 34874K, capacity 35870K, committed 35920K, reserved 1081344K
  class space    used 4075K, capacity 4470K, committed 4480K, reserved 1048576K
}
Event: 6.645 GC heap before
{Heap before GC invocations=9 (full 0):
 garbage-first heap   total 157696K, used 89912K [0x0000000081c00000, 0x0000000100000000)
  region size 1024K, 83 young (84992K), 8 survivors (8192K)
 Metaspace       used 38640K, capacity 39784K, committed 40092K, reserved 1085440K
  class space    used 4524K, capacity 5006K, committed 5068K, reserved 1048576K
}
Event: 6.661 GC heap after
{Heap after GC invocations=10 (full 0):
 garbage-first heap   total 157696K, used 16699K [0x0000000081c00000, 0x0000000100000000)
  region size 1024K, 9 young (9216K), 9 survivors (9216K)
 Metaspace       used 38640K, capacity 39784K, committed 40092K, reserved 1085440K
  class space    used 4524K, capacity 5006K, committed 5068K, reserved 1048576K
}
Event: 9.807 GC heap before
{Heap before GC invocations=10 (full 0):
 garbage-first heap   total 157696K, used 100667K [0x0000000081c00000, 0x0000000100000000)
  region size 1024K, 91 young (93184K), 9 survivors (9216K)
 Metaspace       used 55532K, capacity 56835K, committed 57116K, reserved 1099776K
  class space    used 6858K, capacity 7377K, committed 7500K, reserved 1048576K
}
Event: 9.827 GC heap after
{Heap after GC invocations=11 (full 0):
 garbage-first heap   total 157696K, used 20754K [0x0000000081c00000, 0x0000000100000000)
  region size 1024K, 10 young (10240K), 10 survivors (10240K)
 Metaspace       used 55532K, capacity 56835K, committed 57116K, reserved 1099776K
  class space    used 6858K, capacity 7377K, committed 7500K, reserved 1048576K
}
Event: 11.057 GC heap before
{Heap before GC invocations=11 (full 0):
 garbage-first heap   total 157696K, used 48402K [0x0000000081c00000, 0x0000000100000000)
  region size 1024K, 38 young (38912K), 10 survivors (10240K)
 Metaspace       used 58897K, capacity 60210K, committed 60316K, reserved 1101824K
  class space    used 7305K, capacity 7820K, committed 7884K, reserved 1048576K
}
Event: 11.080 GC heap after
{Heap after GC invocations=12 (full 0):
 garbage-first heap   total 189440K, used 22528K [0x0000000081c00000, 0x0000000100000000)
  region size 1024K, 6 young (6144K), 6 survivors (6144K)
 Metaspace       used 58897K, capacity 60210K, committed 60316K, reserved 1101824K
  class space    used 7305K, capacity 7820K, committed 7884K, reserved 1048576K
}

Deoptimization events (20 events):
Event: 10.750 Thread 0x000002287fcf7800 Uncommon trap: trap_request=0xffffffdc fr.pc=0x00000228117b5980 relative=0x0000000000000240
Event: 10.750 Thread 0x000002287fcf7800 Uncommon trap: reason=class_check action=make_not_entrant pc=0x00000228117b5980 method=java.util.ArrayList.toArray([Ljava/lang/Object;)[Ljava/lang/Object; @ 21 c2
Event: 10.750 Thread 0x000002287fcf7800 DEOPT PACKING pc=0x00000228117b5980 sp=0x000000dd95ffd710
Event: 10.750 Thread 0x000002287fcf7800 DEOPT UNPACKING pc=0x0000022809a9a1af sp=0x000000dd95ffd6e0 mode 2
Event: 10.792 Thread 0x000002287fcf7800 Uncommon trap: trap_request=0xffffff4d fr.pc=0x000002281179e898 relative=0x0000000000000798
Event: 10.792 Thread 0x000002287fcf7800 Uncommon trap: reason=unstable_if action=reinterpret pc=0x000002281179e898 method=java.lang.PublicMethods$MethodList.merge(Ljava/lang/PublicMethods$MethodList;Ljava/lang/reflect/Method;)Ljava/lang/PublicMethods$MethodList; @ 62 c2
Event: 10.792 Thread 0x000002287fcf7800 DEOPT PACKING pc=0x000002281179e898 sp=0x000000dd95ffe350
Event: 10.792 Thread 0x000002287fcf7800 DEOPT UNPACKING pc=0x0000022809a9a1af sp=0x000000dd95ffe298 mode 2
Event: 10.859 Thread 0x000002287fcf7800 Uncommon trap: trap_request=0xffffff4d fr.pc=0x0000022811694f74 relative=0x00000000000001b4
Event: 10.859 Thread 0x000002287fcf7800 Uncommon trap: reason=unstable_if action=reinterpret pc=0x0000022811694f74 method=org.springframework.beans.factory.support.AbstractAutowireCapableBeanFactory.determineTargetType(Ljava/lang/String;Lorg/springframework/beans/factory/support/RootBeanDefinit
Event: 10.859 Thread 0x000002287fcf7800 DEOPT PACKING pc=0x0000022811694f74 sp=0x000000dd95ffdd10
Event: 10.859 Thread 0x000002287fcf7800 DEOPT UNPACKING pc=0x0000022809a9a1af sp=0x000000dd95ffdcc8 mode 2
Event: 10.903 Thread 0x000002287fcf7800 Uncommon trap: trap_request=0xffffff4d fr.pc=0x0000022811740e70 relative=0x00000000000001d0
Event: 10.903 Thread 0x000002287fcf7800 Uncommon trap: reason=unstable_if action=reinterpret pc=0x0000022811740e70 method=java.util.ArrayDeque.addLast(Ljava/lang/Object;)V @ 42 c2
Event: 10.903 Thread 0x000002287fcf7800 DEOPT PACKING pc=0x0000022811740e70 sp=0x000000dd95ffda60
Event: 10.903 Thread 0x000002287fcf7800 DEOPT UNPACKING pc=0x0000022809a9a1af sp=0x000000dd95ffd9b8 mode 2
Event: 10.999 Thread 0x000002287fcf7800 Uncommon trap: trap_request=0xffffff4d fr.pc=0x00000228116d3120 relative=0x00000000000014c0
Event: 10.999 Thread 0x000002287fcf7800 Uncommon trap: reason=unstable_if action=reinterpret pc=0x00000228116d3120 method=java.util.concurrent.ConcurrentHashMap.putVal(Ljava/lang/Object;Ljava/lang/Object;Z)Ljava/lang/Object; @ 401 c2
Event: 10.999 Thread 0x000002287fcf7800 DEOPT PACKING pc=0x00000228116d3120 sp=0x000000dd95ffd5a0
Event: 10.999 Thread 0x000002287fcf7800 DEOPT UNPACKING pc=0x0000022809a9a1af sp=0x000000dd95ffd540 mode 2

Classes redefined (0 events):
No events

Internal exceptions (20 events):
Event: 10.975 Thread 0x000002287fcf7800 Exception <a 'java/lang/ClassNotFoundException'{0x0000000089d12f98}: org/hibernate/SharedSessionContractCustomizer> (0x0000000089d12f98) thrown at [./src/hotspot/share/classfile/systemDictionary.cpp, line 231]
Event: 10.976 Thread 0x000002287fcf7800 Exception <a 'java/lang/ClassNotFoundException'{0x0000000089d2def8}: org/hibernate/query/QueryProducerCustomizer> (0x0000000089d2def8) thrown at [./src/hotspot/share/classfile/systemDictionary.cpp, line 231]
Event: 10.978 Thread 0x000002287fcf7800 Exception <a 'java/lang/ClassNotFoundException'{0x0000000089d46278}: javax/persistence/EntityManagerCustomizer> (0x0000000089d46278) thrown at [./src/hotspot/share/classfile/systemDictionary.cpp, line 231]
Event: 10.986 Thread 0x000002287fcf7800 Exception <a 'java/lang/ClassNotFoundException'{0x0000000089d7d6a0}: org/hibernate/jpa/HibernateEntityManagerCustomizer> (0x0000000089d7d6a0) thrown at [./src/hotspot/share/classfile/systemDictionary.cpp, line 231]
Event: 10.988 Thread 0x000002287fcf7800 Exception <a 'java/lang/ClassNotFoundException'{0x0000000089d8e700}: javax/persistence/EntityManagerCustomizer> (0x0000000089d8e700) thrown at [./src/hotspot/share/classfile/systemDictionary.cpp, line 231]
Event: 10.989 Thread 0x000002287fcf7800 Exception <a 'java/lang/ClassNotFoundException'{0x0000000089db5f50}: org/hibernate/query/QueryProducerCustomizer> (0x0000000089db5f50) thrown at [./src/hotspot/share/classfile/systemDictionary.cpp, line 231]
Event: 10.990 Thread 0x000002287fcf7800 Exception <a 'java/lang/ClassNotFoundException'{0x0000000089dcc1e0}: org/springframework/orm/jpa/EntityManagerProxyCustomizer> (0x0000000089dcc1e0) thrown at [./src/hotspot/share/classfile/systemDictionary.cpp, line 231]
Event: 10.991 Thread 0x000002287fcf7800 Exception <a 'java/lang/ClassNotFoundException'{0x0000000089ddc9d8}: javax/persistence/EntityManagerCustomizer> (0x0000000089ddc9d8) thrown at [./src/hotspot/share/classfile/systemDictionary.cpp, line 231]
Event: 11.005 Thread 0x000002287fcf7800 Exception <a 'java/lang/ClassNotFoundException'{0x0000000089c73c98}: java/lang/ObjectCustomizer> (0x0000000089c73c98) thrown at [./src/hotspot/share/classfile/systemDictionary.cpp, line 231]
Event: 11.006 Thread 0x000002287fcf7800 Exception <a 'java/lang/ClassNotFoundException'{0x0000000089c87ae8}: org/springframework/beans/factory/config/AbstractFactoryBeanCustomizer> (0x0000000089c87ae8) thrown at [./src/hotspot/share/classfile/systemDictionary.cpp, line 231]
Event: 11.008 Thread 0x000002287fcf7800 Exception <a 'java/lang/ClassNotFoundException'{0x0000000089ca2b40}: org/springframework/data/jpa/repository/config/JpaMetamodelMappingContextFactoryBeanCustomizer> (0x0000000089ca2b40) thrown at [./src/hotspot/share/classfile/systemDictionary.cpp, line 231]
Event: 11.010 Thread 0x000002287fcf7800 Exception <a 'java/lang/ClassNotFoundException'{0x0000000089cbd380}: org/springframework/context/ApplicationContextAwareCustomizer> (0x0000000089cbd380) thrown at [./src/hotspot/share/classfile/systemDictionary.cpp, line 231]
Event: 11.010 Thread 0x000002287fcf7800 Exception <a 'java/lang/ClassNotFoundException'{0x0000000089ccc4f8}: org/springframework/beans/factory/AwareCustomizer> (0x0000000089ccc4f8) thrown at [./src/hotspot/share/classfile/systemDictionary.cpp, line 231]
Event: 11.011 Thread 0x000002287fcf7800 Exception <a 'java/lang/ClassNotFoundException'{0x0000000089cdb2b0}: org/springframework/beans/factory/FactoryBeanCustomizer> (0x0000000089cdb2b0) thrown at [./src/hotspot/share/classfile/systemDictionary.cpp, line 231]
Event: 11.013 Thread 0x000002287fcf7800 Exception <a 'java/lang/ClassNotFoundException'{0x0000000089ced698}: org/springframework/beans/factory/BeanClassLoaderAwareCustomizer> (0x0000000089ced698) thrown at [./src/hotspot/share/classfile/systemDictionary.cpp, line 231]
Event: 11.016 Thread 0x000002287fcf7800 Exception <a 'java/lang/ClassNotFoundException'{0x0000000089cfc310}: org/springframework/beans/factory/AwareCustomizer> (0x0000000089cfc310) thrown at [./src/hotspot/share/classfile/systemDictionary.cpp, line 231]
Event: 11.017 Thread 0x000002287fcf7800 Exception <a 'java/lang/ClassNotFoundException'{0x0000000089b0be70}: org/springframework/beans/factory/BeanFactoryAwareCustomizer> (0x0000000089b0be70) thrown at [./src/hotspot/share/classfile/systemDictionary.cpp, line 231]
Event: 11.018 Thread 0x000002287fcf7800 Exception <a 'java/lang/ClassNotFoundException'{0x0000000089b1afe8}: org/springframework/beans/factory/AwareCustomizer> (0x0000000089b1afe8) thrown at [./src/hotspot/share/classfile/systemDictionary.cpp, line 231]
Event: 11.020 Thread 0x000002287fcf7800 Exception <a 'java/lang/ClassNotFoundException'{0x0000000089b2a6c0}: org/springframework/beans/factory/InitializingBeanCustomizer> (0x0000000089b2a6c0) thrown at [./src/hotspot/share/classfile/systemDictionary.cpp, line 231]
Event: 11.021 Thread 0x000002287fcf7800 Exception <a 'java/lang/ClassNotFoundException'{0x0000000089b3a068}: org/springframework/beans/factory/DisposableBeanCustomizer> (0x0000000089b3a068) thrown at [./src/hotspot/share/classfile/systemDictionary.cpp, line 231]

Events (20 events):
Event: 11.051 loading class org/springframework/data/jpa/provider/PersistenceProvider$3
Event: 11.051 loading class org/springframework/data/jpa/provider/PersistenceProvider$3 done
Event: 11.052 loading class org/springframework/data/util/CloseableIterator
Event: 11.052 loading class org/springframework/data/util/CloseableIterator done
Event: 11.053 loading class org/springframework/data/jpa/provider/JpaClassUtils
Event: 11.053 loading class org/springframework/data/jpa/provider/JpaClassUtils done
Event: 11.053 loading class org/springframework/data/mapping/context/AbstractMappingContext
Event: 11.053 loading class org/springframework/data/mapping/context/AbstractMappingContext done
Event: 11.055 loading class org/springframework/data/jpa/mapping/JpaPersistentEntityImpl
Event: 11.055 loading class org/springframework/data/jpa/mapping/JpaPersistentEntityImpl done
Event: 11.055 loading class org/springframework/data/jpa/mapping/JpaPersistentEntity
Event: 11.055 loading class org/springframework/data/jpa/mapping/JpaPersistentEntity done
Event: 11.056 loading class org/springframework/data/mapping/model/BasicPersistentEntity
Event: 11.056 loading class org/springframework/data/mapping/model/BasicPersistentEntity done
Event: 11.057 Executing VM operation: CollectForMetadataAllocation
Event: 11.080 Executing VM operation: CollectForMetadataAllocation done
Event: 11.081 loading class org/springframework/data/mapping/PersistentPropertyPaths
Event: 11.081 loading class org/springframework/data/mapping/PersistentPropertyPaths done
Event: 11.081 loading class org/springframework/data/mapping/model/Property
Event: 11.081 loading class org/springframework/data/mapping/model/Property done


Dynamic libraries:
0x00007ff7200d0000 - 0x00007ff7200dd000 	C:\Program Files\Eclipse Foundation\jdk-11.0.12.7-hotspot\bin\java.exe
0x00007ff9f1230000 - 0x00007ff9f1424000 	C:\WINDOWS\SYSTEM32\ntdll.dll
0x00007ff9f08f0000 - 0x00007ff9f09ad000 	C:\WINDOWS\System32\KERNEL32.DLL
0x00007ff9eebd0000 - 0x00007ff9eee97000 	C:\WINDOWS\System32\KERNELBASE.dll
0x00007ff9ee970000 - 0x00007ff9eea70000 	C:\WINDOWS\System32\ucrtbase.dll
0x00007ff9df450000 - 0x00007ff9df465000 	C:\Program Files\Eclipse Foundation\jdk-11.0.12.7-hotspot\bin\VCRUNTIME140.dll
0x00007ff9df470000 - 0x00007ff9df487000 	C:\Program Files\Eclipse Foundation\jdk-11.0.12.7-hotspot\bin\jli.dll
0x00007ff9f0620000 - 0x00007ff9f07c0000 	C:\WINDOWS\System32\USER32.dll
0x00007ff9db7d0000 - 0x00007ff9dba6a000 	C:\WINDOWS\WinSxS\amd64_microsoft.windows.common-controls_6595b64144ccf1df_6.0.19041.1_none_b555e41d4684ddec\COMCTL32.dll
0x00007ff9eea70000 - 0x00007ff9eea92000 	C:\WINDOWS\System32\win32u.dll
0x00007ff9f0f40000 - 0x00007ff9f0fde000 	C:\WINDOWS\System32\msvcrt.dll
0x00007ff9ef350000 - 0x00007ff9ef37a000 	C:\WINDOWS\System32\GDI32.dll
0x00007ff9eef50000 - 0x00007ff9ef05a000 	C:\WINDOWS\System32\gdi32full.dll
0x00007ff9eeb30000 - 0x00007ff9eebcd000 	C:\WINDOWS\System32\msvcp_win.dll
0x00007ff9f0f10000 - 0x00007ff9f0f40000 	C:\WINDOWS\System32\IMM32.DLL
0x00007ff9b7250000 - 0x00007ff9b72eb000 	C:\Program Files\Eclipse Foundation\jdk-11.0.12.7-hotspot\bin\msvcp140.dll
0x00007ff993280000 - 0x00007ff993dd9000 	C:\Program Files\Eclipse Foundation\jdk-11.0.12.7-hotspot\bin\server\jvm.dll
0x00007ff9f0fe0000 - 0x00007ff9f108a000 	C:\WINDOWS\System32\ADVAPI32.dll
0x00007ff9f0e10000 - 0x00007ff9f0eab000 	C:\WINDOWS\System32\sechost.dll
0x00007ff9f07c0000 - 0x00007ff9f08e3000 	C:\WINDOWS\System32\RPCRT4.dll
0x00007ff9ef530000 - 0x00007ff9ef538000 	C:\WINDOWS\System32\PSAPI.DLL
0x00007ff9e6ff0000 - 0x00007ff9e6ff9000 	C:\WINDOWS\SYSTEM32\WSOCK32.dll
0x00007ff9de060000 - 0x00007ff9de087000 	C:\WINDOWS\SYSTEM32\WINMM.dll
0x00007ff9e0910000 - 0x00007ff9e091a000 	C:\WINDOWS\SYSTEM32\VERSION.dll
0x00007ff9f0da0000 - 0x00007ff9f0e0b000 	C:\WINDOWS\System32\WS2_32.dll
0x00007ff9ed280000 - 0x00007ff9ed293000 	C:\WINDOWS\SYSTEM32\kernel.appcore.dll
0x00007ff9df5b0000 - 0x00007ff9df5c0000 	C:\Program Files\Eclipse Foundation\jdk-11.0.12.7-hotspot\bin\verify.dll
0x00007ff9ec810000 - 0x00007ff9ec9f4000 	C:\WINDOWS\SYSTEM32\DBGHELP.DLL
0x00007ff9d7570000 - 0x00007ff9d759c000 	C:\WINDOWS\SYSTEM32\dbgcore.DLL
0x00007ff9ef060000 - 0x00007ff9ef0df000 	C:\WINDOWS\System32\bcryptPrimitives.dll
0x00007ff9dc190000 - 0x00007ff9dc1b8000 	C:\Program Files\Eclipse Foundation\jdk-11.0.12.7-hotspot\bin\java.dll
0x00007ff9df3d0000 - 0x00007ff9df3da000 	C:\Program Files\Eclipse Foundation\jdk-11.0.12.7-hotspot\bin\jimage.dll
0x00007ff9dc610000 - 0x00007ff9dc627000 	C:\Program Files\Eclipse Foundation\jdk-11.0.12.7-hotspot\bin\zip.dll
0x00007ff9efee0000 - 0x00007ff9f0611000 	C:\WINDOWS\System32\SHELL32.dll
0x00007ff9eca00000 - 0x00007ff9ed18a000 	C:\WINDOWS\SYSTEM32\windows.storage.dll
0x00007ff9f09b0000 - 0x00007ff9f0d04000 	C:\WINDOWS\System32\combase.dll
0x00007ff9ee3f0000 - 0x00007ff9ee41b000 	C:\WINDOWS\SYSTEM32\Wldp.dll
0x00007ff9ef290000 - 0x00007ff9ef33e000 	C:\WINDOWS\System32\SHCORE.dll
0x00007ff9efe80000 - 0x00007ff9efed5000 	C:\WINDOWS\System32\shlwapi.dll
0x00007ff9ee8b0000 - 0x00007ff9ee8cf000 	C:\WINDOWS\SYSTEM32\profapi.dll
0x00007ff9dc360000 - 0x00007ff9dc379000 	C:\Program Files\Eclipse Foundation\jdk-11.0.12.7-hotspot\bin\net.dll
0x00007ff9dc900000 - 0x00007ff9dca02000 	C:\WINDOWS\SYSTEM32\WINHTTP.dll
0x00007ff9ee170000 - 0x00007ff9ee1da000 	C:\WINDOWS\system32\mswsock.dll
0x00007ff9dc090000 - 0x00007ff9dc0a2000 	C:\Program Files\Eclipse Foundation\jdk-11.0.12.7-hotspot\bin\nio.dll
0x00007ff9e99e0000 - 0x00007ff9e99e9000 	C:\Program Files\Eclipse Foundation\jdk-11.0.12.7-hotspot\bin\management.dll
0x00007ff9e74b0000 - 0x00007ff9e74bb000 	C:\Program Files\Eclipse Foundation\jdk-11.0.12.7-hotspot\bin\management_ext.dll
0x00007ff9ea200000 - 0x00007ff9ea217000 	C:\WINDOWS\system32\napinsp.dll
0x00007ff9ea090000 - 0x00007ff9ea0ab000 	C:\WINDOWS\system32\pnrpnsp.dll
0x00007ff9ea070000 - 0x00007ff9ea085000 	C:\WINDOWS\system32\wshbth.dll
0x00007ff9ea1d0000 - 0x00007ff9ea1ed000 	C:\WINDOWS\system32\NLAapi.dll
0x00007ff9ede10000 - 0x00007ff9ede4b000 	C:\WINDOWS\SYSTEM32\IPHLPAPI.DLL
0x00007ff9edea0000 - 0x00007ff9edf6a000 	C:\WINDOWS\SYSTEM32\DNSAPI.dll
0x00007ff9ef340000 - 0x00007ff9ef349000 	C:\WINDOWS\System32\NSI.dll
0x00007ff9ea040000 - 0x00007ff9ea052000 	C:\WINDOWS\System32\winrnr.dll
0x00007ff9db7a0000 - 0x00007ff9db7aa000 	C:\Windows\System32\rasadhlp.dll
0x00007ff9dc880000 - 0x00007ff9dc8ff000 	C:\WINDOWS\System32\fwpuclnt.dll
0x00007ff9eeaa0000 - 0x00007ff9eeac7000 	C:\WINDOWS\System32\bcrypt.dll
0x00007ff9ee350000 - 0x00007ff9ee368000 	C:\WINDOWS\SYSTEM32\CRYPTSP.dll
0x00007ff9eda90000 - 0x00007ff9edac4000 	C:\WINDOWS\system32\rsaenh.dll
0x00007ff9ee830000 - 0x00007ff9ee85e000 	C:\WINDOWS\SYSTEM32\USERENV.dll
0x00007ff9ee340000 - 0x00007ff9ee34c000 	C:\WINDOWS\SYSTEM32\CRYPTBASE.dll
0x00007ff9e0850000 - 0x00007ff9e0867000 	C:\WINDOWS\SYSTEM32\dhcpcsvc6.DLL
0x00007ff9e55a0000 - 0x00007ff9e55bd000 	C:\WINDOWS\SYSTEM32\dhcpcsvc.DLL

dbghelp: loaded successfully - version: 4.0.5 - missing functions: none
symbol engine: initialized successfully - sym options: 0x614 - pdb path: .;C:\Program Files\Eclipse Foundation\jdk-11.0.12.7-hotspot\bin;C:\WINDOWS\SYSTEM32;C:\WINDOWS\WinSxS\amd64_microsoft.windows.common-controls_6595b64144ccf1df_6.0.19041.1_none_b555e41d4684ddec;C:\Program Files\Eclipse Foundation\jdk-11.0.12.7-hotspot\bin\server

VM Arguments:
jvm_args: -Dcom.sun.management.jmxremote -Dcom.sun.management.jmxremote.port=58171 -Dcom.sun.management.jmxremote.authenticate=false -Dcom.sun.management.jmxremote.ssl=false -Djava.rmi.server.hostname=localhost -Dspring.application.admin.enabled=true -Dspring.jmx.enabled=true -Dfile.encoding=UTF-8 
java_command: co.usa.alquilercomputadores.alquilercomputadores.AlquilercomputadoresApplication
java_class_path (initial): C:\Users\User\Documents\sem2\Demo2\alquilercomputadores\target\classes;C:\Users\User\.m2\repository\org\springframework\boot\spring-boot-starter-data-jpa\2.5.6-SNAPSHOT\spring-boot-starter-data-jpa-2.5.6-SNAPSHOT.jar;C:\Users\User\.m2\repository\org\springframework\boot\spring-boot-starter-aop\2.5.6-SNAPSHOT\spring-boot-starter-aop-2.5.6-SNAPSHOT.jar;C:\Users\User\.m2\repository\org\springframework\spring-aop\5.3.11-SNAPSHOT\spring-aop-5.3.11-SNAPSHOT.jar;C:\Users\User\.m2\repository\org\aspectj\aspectjweaver\1.9.7\aspectjweaver-1.9.7.jar;C:\Users\User\.m2\repository\org\springframework\boot\spring-boot-starter-jdbc\2.5.6-SNAPSHOT\spring-boot-starter-jdbc-2.5.6-SNAPSHOT.jar;C:\Users\User\.m2\repository\com\zaxxer\HikariCP\4.0.3\HikariCP-4.0.3.jar;C:\Users\User\.m2\repository\org\springframework\spring-jdbc\5.3.11-SNAPSHOT\spring-jdbc-5.3.11-SNAPSHOT.jar;C:\Users\User\.m2\repository\jakarta\transaction\jakarta.transaction-api\1.3.3\jakarta.transaction-api-1.3.3.jar;C:\Users\User\.m2\repository\jakarta\persistence\jakarta.persistence-api\2.2.3\jakarta.persistence-api-2.2.3.jar;C:\Users\User\.m2\repository\org\hibernate\hibernate-core\5.4.32.Final\hibernate-core-5.4.32.Final.jar;C:\Users\User\.m2\repository\org\jboss\logging\jboss-logging\3.4.2.Final\jboss-logging-3.4.2.Final.jar;C:\Users\User\.m2\repository\org\javassist\javassist\3.27.0-GA\javassist-3.27.0-GA.jar;C:\Users\User\.m2\repository\net\bytebuddy\byte-buddy\1.10.22\byte-buddy-1.10.22.jar;C:\Users\User\.m2\repository\antlr\antlr\2.7.7\antlr-2.7.7.jar;C:\Users\User\.m2\repository\org\jboss\jandex\2.2.3.Final\jandex-2.2.3.Final.jar;C:\Users\User\.m2\repository\com\fasterxml\classmate\1.5.1\classmate-1.5.1.jar;C:\Users\User\.m2\repository\org\dom4j\dom4j\2.1.3\dom4j-2.1.3.jar;C:\Users\User\.m2\repository\org\hibernate\common\hibernate-commons-annotations\5.1.2.Final\hibernate-commons-annotations-5.1.2.Final.jar;C:\Users\User\.m2\repository\org\glassfish\jaxb\jaxb-runtime\2.3.5\jaxb-r
Launcher Type: SUN_STANDARD

[Global flags]
     intx CICompilerCount                          = 3                                         {product} {ergonomic}
     uint ConcGCThreads                            = 1                                         {product} {ergonomic}
     uint G1ConcRefinementThreads                  = 4                                         {product} {ergonomic}
   size_t G1HeapRegionSize                         = 1048576                                   {product} {ergonomic}
    uintx GCDrainStackTargetSize                   = 64                                        {product} {ergonomic}
   size_t InitialHeapSize                          = 134217728                                 {product} {ergonomic}
     bool ManagementServer                         = true                                      {product} {command line}
   size_t MarkStackSize                            = 4194304                                   {product} {ergonomic}
   size_t MaxHeapSize                              = 2118123520                                {product} {ergonomic}
   size_t MaxNewSize                               = 1270874112                                {product} {ergonomic}
   size_t MinHeapDeltaBytes                        = 1048576                                   {product} {ergonomic}
    uintx NonNMethodCodeHeapSize                   = 5830732                                {pd product} {ergonomic}
    uintx NonProfiledCodeHeapSize                  = 122913754                              {pd product} {ergonomic}
    uintx ProfiledCodeHeapSize                     = 122913754                              {pd product} {ergonomic}
    uintx ReservedCodeCacheSize                    = 251658240                              {pd product} {ergonomic}
     bool SegmentedCodeCache                       = true                                      {product} {ergonomic}
     bool UseCompressedClassPointers               = true                                 {lp64_product} {ergonomic}
     bool UseCompressedOops                        = true                                 {lp64_product} {ergonomic}
     bool UseG1GC                                  = true                                      {product} {ergonomic}
     bool UseLargePagesIndividualAllocation        = false                                  {pd product} {ergonomic}

Logging:
Log output configuration:
 #0: stdout all=warning uptime,level,tags
 #1: stderr all=off uptime,level,tags

Environment Variables:
JAVA_HOME=C:\Program Files\Eclipse Foundation\jdk-11.0.12.7-hotspot
PATH=C:\Program Files\Eclipse Foundation\jdk-11.0.12.7-hotspot\bin;C:\ProgramData\Oracle\Java\javapath;C:\Program Files\Rockwell Software\RSCommon;C:\Program Files\ImageMagick-7.0.10-Q16-HDRI;C:\Program Files (x86)\Intel\TXE Components\TCS\;C:\Program Files\Intel\TXE Components\TCS\;C:\Windows\system32;C:\Windows;C:\Windows\System32\Wbem;C:\Windows\System32\WindowsPowerShell\v1.0\;C:\Program Files (x86)\NVIDIA Corporation\PhysX\Common;C:\Program Files\Microsoft SQL Server\130\Tools\Binn\;C:\Program Files\dotnet\;C:\Program Files\MiKTeX 2.9\miktex\bin\x64\;C:\WINDOWS\system32;C:\WINDOWS;C:\WINDOWS\System32\Wbem;C:\WINDOWS\System32\WindowsPowerShell\v1.0\;C:\WINDOWS\System32\OpenSSH\;C:\Program Files\MATLAB\R2018a\runtime\win64;C:\Program Files\MATLAB\R2018a\bin;C:\Program Files\nodejs\;C:\ProgramData\chocolatey\bin;C:\Program Files\Microsoft SQL Server\Client SDK\ODBC\130\Tools\Binn\;C:\Program Files (x86)\Microsoft SQL Server\140\Tools\Binn\;C:\Program Files\Microsoft SQL Server\140\Tools\Binn\;C:\Program Files\Microsoft SQL Server\140\DTS\Binn\;C:\Program Files (x86)\Microsoft SQL Server\150\DTS\Binn\;C:\apache-maven-3.8.3\bin;C:\Program Files\Eclipse Foundation\jdk-11.0.12.7-hotspot\bin;C:\Program Files\Git\cmd;C:\Program Files\MySQL\MySQL Shell 8.0\bin\;C:\Users\User\AppData\Local\Microsoft\WindowsApps;C:\Users\User\AppData\Local\atom\bin;C:\Users\User\AppData\Roaming\npm;C:\Users\User\AppData\Local\Microsoft\WindowsApps;C:\Users\User\AppData\Local\Programs\Microsoft VS Code\bin;C:\Program Files\Python36;C:\Program Files\Python36\Scripts;
USERNAME=User
OS=Windows_NT
PROCESSOR_IDENTIFIER=Intel64 Family 6 Model 142 Stepping 9, GenuineIntel



---------------  S Y S T E M  ---------------

OS: Windows 10 , 64 bit Build 19041 (10.0.19041.1)
OS uptime: 3 days 0:43 hours

CPU:total 4 (initial active 4) (2 cores per cpu, 2 threads per core) family 6 model 142 stepping 9 microcode 0xb4, cmov, cx8, fxsr, mmx, sse, sse2, sse3, ssse3, sse4.1, sse4.2, popcnt, avx, avx2, aes, clmul, erms, 3dnowpref, lzcnt, ht, tsc, tscinvbit, bmi1, bmi2, adx, fma

Memory: 4k page, system-wide physical 8073M (1158M free)
TotalPageFile size 8073M (AvailPageFile size 9M)
current process WorkingSet (physical memory assigned to process): 304M, peak: 304M
current process commit charge ("private bytes"): 404M, peak: 406M

vm_info: OpenJDK 64-Bit Server VM (11.0.12+7) for windows-amd64 JRE (11.0.12+7), built on Jul 21 2021 16:23:49 by "" with unknown MS VC++:1916

END.
