#
# There is insufficient memory for the Java Runtime Environment to continue.
# Native memory allocation (malloc) failed to allocate 287536 bytes for Chunk::new
# Possible reasons:
#   The system is out of physical RAM or swap space
#   The process is running with CompressedOops enabled, and the Java Heap may be blocking the growth of the native heap
# Possible solutions:
#   Reduce memory load on the system
#   Increase physical memory or swap space
#   Check if swap backing store is full
#   Decrease Java heap size (-Xmx/-Xms)
#   Decrease number of Java threads
#   Decrease Java thread stack sizes (-Xss)
#   Set larger code cache with -XX:ReservedCodeCacheSize=
#   JVM is running with Unscaled Compressed Oops mode in which the Java heap is
#     placed in the first 4GB address space. The Java Heap base address is the
#     maximum limit for the native heap growth. Please use -XX:HeapBaseMinAddress
#     to set the Java Heap base and to place the Java Heap above 4GB virtual address.
# This output file may be truncated or incomplete.
#
#  Out of Memory Error (./src/hotspot/share/memory/arena.cpp:197), pid=1864, tid=7056
#
# JRE version: OpenJDK Runtime Environment Temurin-11.0.12+7 (11.0.12+7) (build 11.0.12+7)
# Java VM: OpenJDK 64-Bit Server VM Temurin-11.0.12+7 (11.0.12+7, mixed mode, tiered, compressed oops, parallel gc, windows-amd64)
# No core dump will be written. Minidumps are not enabled by default on client versions of Windows
#

---------------  S U M M A R Y ------------

Command Line: --add-modules=ALL-SYSTEM --add-opens=java.base/java.util=ALL-UNNAMED --add-opens=java.base/java.lang=ALL-UNNAMED -Declipse.application=org.eclipse.jdt.ls.core.id1 -Dosgi.bundles.defaultStartLevel=4 -Declipse.product=org.eclipse.jdt.ls.core.product -Dfile.encoding=utf8 -DwatchParentProcess=false -XX:+UseParallelGC -XX:GCTimeRatio=4 -XX:AdaptiveSizePolicyWeight=90 -Dsun.zip.disableMemoryMapping=true -Xmx1G -Xms100m -Xverify:none c:\Users\User\.vscode\extensions\redhat.java-0.82.0\server\plugins\org.eclipse.equinox.launcher_1.6.300.v20210813-1054.jar -configuration c:\Users\User\AppData\Roaming\Code\User\globalStorage\redhat.java\0.82.0\config_win -data c:\Users\User\AppData\Roaming\Code\User\workspaceStorage\c3096344b3a4e59383c1365647bf3051\redhat.java\jdt_ws

Host: Intel(R) Core(TM) i5-7200U CPU @ 2.50GHz, 4 cores, 7G,  Windows 10 , 64 bit Build 19041 (10.0.19041.1)
Time: Sat Oct 16 16:48:25 2021 Hora est. Pacífico, Sudamérica elapsed time: 4.476730 seconds (0d 0h 0m 4s)

---------------  T H R E A D  ---------------

Current thread (0x000002c1f05e5000):  JavaThread "C2 CompilerThread0" daemon [_thread_in_native, id=7056, stack(0x000000de62c00000,0x000000de62d00000)]


Current CompileTask:
C2:   4476 1752 %     4       java.util.Properties$LineReader::readLine @ 53 (635 bytes)

Stack: [0x000000de62c00000,0x000000de62d00000]
Native frames: (J=compiled Java code, j=interpreted, Vv=VM code, C=native code)
V  [jvm.dll+0x601d0a]
V  [jvm.dll+0x78ab6e]
V  [jvm.dll+0x78c23f]
V  [jvm.dll+0x78c903]
V  [jvm.dll+0x24be68]
V  [jvm.dll+0xc219c]
V  [jvm.dll+0xc275c]
V  [jvm.dll+0x354857]
V  [jvm.dll+0x321f63]
V  [jvm.dll+0x32129a]
V  [jvm.dll+0x205515]
V  [jvm.dll+0x2046fd]
V  [jvm.dll+0x1898fc]
V  [jvm.dll+0x213d67]
V  [jvm.dll+0x211f2b]
V  [jvm.dll+0x74ec19]
V  [jvm.dll+0x747c84]
V  [jvm.dll+0x600ba6]
C  [ucrtbase.dll+0x21542]
C  [KERNEL32.DLL+0x16fd4]
C  [ntdll.dll+0x4cf31]


---------------  P R O C E S S  ---------------

Threads class SMR info:
_java_thread_list=0x000002c1f22266a0, length=16, elements={
0x000002c1d650d800, 0x000002c1d65e0000, 0x000002c1d65e1000, 0x000002c1f17a2800,
0x000002c1f05e0000, 0x000002c1f05e2000, 0x000002c1f05e5000, 0x000002c1f05e6000,
0x000002c1f05e7000, 0x000002c1f1828000, 0x000002c1f1f68800, 0x000002c1f2072800,
0x000002c1f2073000, 0x000002c1f1ea0000, 0x000002c1f21be000, 0x000002c1f2a7d800
}

Java Threads: ( => current thread )
  0x000002c1d650d800 JavaThread "main" [_thread_blocked, id=1624, stack(0x000000de62400000,0x000000de62500000)]
  0x000002c1d65e0000 JavaThread "Reference Handler" daemon [_thread_blocked, id=14452, stack(0x000000de62700000,0x000000de62800000)]
  0x000002c1d65e1000 JavaThread "Finalizer" daemon [_thread_blocked, id=14588, stack(0x000000de62800000,0x000000de62900000)]
  0x000002c1f17a2800 JavaThread "Signal Dispatcher" daemon [_thread_blocked, id=14788, stack(0x000000de62900000,0x000000de62a00000)]
  0x000002c1f05e0000 JavaThread "Attach Listener" daemon [_thread_blocked, id=6656, stack(0x000000de62a00000,0x000000de62b00000)]
  0x000002c1f05e2000 JavaThread "Service Thread" daemon [_thread_blocked, id=14776, stack(0x000000de62b00000,0x000000de62c00000)]
=>0x000002c1f05e5000 JavaThread "C2 CompilerThread0" daemon [_thread_in_native, id=7056, stack(0x000000de62c00000,0x000000de62d00000)]
  0x000002c1f05e6000 JavaThread "C1 CompilerThread0" daemon [_thread_in_vm, id=5728, stack(0x000000de62d00000,0x000000de62e00000)]
  0x000002c1f05e7000 JavaThread "Sweeper thread" daemon [_thread_blocked, id=5304, stack(0x000000de62e00000,0x000000de62f00000)]
  0x000002c1f1828000 JavaThread "Common-Cleaner" daemon [_thread_blocked, id=13200, stack(0x000000de62f00000,0x000000de63000000)]
  0x000002c1f1f68800 JavaThread "Active Thread: Equinox Container: deae0a7d-72bd-42e5-ac26-ed362ab3e068" [_thread_blocked, id=13740, stack(0x000000de63200000,0x000000de63300000)]
  0x000002c1f2072800 JavaThread "Framework Event Dispatcher: Equinox Container: deae0a7d-72bd-42e5-ac26-ed362ab3e068" daemon [_thread_blocked, id=15704, stack(0x000000de63100000,0x000000de63200000)]
  0x000002c1f2073000 JavaThread "Start Level: Equinox Container: deae0a7d-72bd-42e5-ac26-ed362ab3e068" daemon [_thread_in_Java, id=1120, stack(0x000000de63300000,0x000000de63400000)]
  0x000002c1f1ea0000 JavaThread "SCR Component Actor" daemon [_thread_blocked, id=3744, stack(0x000000de63700000,0x000000de63800000)]
  0x000002c1f21be000 JavaThread "Timer-0" daemon [_thread_blocked, id=3616, stack(0x000000de63800000,0x000000de63900000)]
  0x000002c1f2a7d800 JavaThread "C2 CompilerThread1" daemon [_thread_blocked, id=8108, stack(0x000000de63900000,0x000000de63a00000)]

Other Threads:
  0x000002c1f05d0000 VMThread "VM Thread" [stack: 0x000000de62600000,0x000000de62700000] [id=8296]
  0x000002c1f19e4800 WatcherThread [stack: 0x000000de63000000,0x000000de63100000] [id=11872]
  0x000002c1d6527800 GCTaskThread "ParGC Thread#0" [stack: 0x000000de62500000,0x000000de62600000] [id=4984]
  0x000002c1f1e3b800 GCTaskThread "ParGC Thread#1" [stack: 0x000000de63400000,0x000000de63500000] [id=10584]
  0x000002c1f1e3c000 GCTaskThread "ParGC Thread#2" [stack: 0x000000de63500000,0x000000de63600000] [id=13736]
  0x000002c1f1e3d000 GCTaskThread "ParGC Thread#3" [stack: 0x000000de63600000,0x000000de63700000] [id=4408]

Threads with active compile tasks:
C2 CompilerThread0   4512 1752 %     4       java.util.Properties$LineReader::readLine @ 53 (635 bytes)
C1 CompilerThread0   4512 1836       3       com.sun.org.apache.xerces.internal.util.XMLAttributesImpl::addAttributeNS (169 bytes)

VM state:not at safepoint (normal execution)

VM Mutex/Monitor currently owned by a thread: None

OutOfMemory and StackOverflow Exception counts:
OutOfMemoryError java_heap_errors=2
LinkageErrors=22

Heap address: 0x00000000c0000000, size: 1024 MB, Compressed Oops mode: 32-bit
Narrow klass base: 0x0000000000000000, Narrow klass shift: 3
Compressed class space size: 1073741824 Address: 0x0000000100000000

Heap:
 PSYoungGen      total 29696K, used 15046K [0x00000000eab00000, 0x00000000ecc00000, 0x0000000100000000)
  eden space 25600K, 42% used [0x00000000eab00000,0x00000000eb5b5bb8,0x00000000ec400000)
  from space 4096K, 99% used [0x00000000ec400000,0x00000000ec7fbfa0,0x00000000ec800000)
  to   space 4096K, 0% used [0x00000000ec800000,0x00000000ec800000,0x00000000ecc00000)
 ParOldGen       total 68608K, used 651K [0x00000000c0000000, 0x00000000c4300000, 0x00000000eab00000)
  object space 68608K, 0% used [0x00000000c0000000,0x00000000c00a2db8,0x00000000c4300000)
 Metaspace       used 17180K, capacity 17878K, committed 18048K, reserved 1071104K
  class space    used 1629K, capacity 1810K, committed 1920K, reserved 1048576K

Card table byte_map: [0x000002c1d5ed0000,0x000002c1d60e0000] _byte_map_base: 0x000002c1d58d0000

Marking Bits: (ParMarkBitMap*) 0x00007ffafe76bcf0
 Begin Bits: [0x000002c1edc30000, 0x000002c1eec30000)
 End Bits:   [0x000002c1eec30000, 0x000002c1efc30000)

Polling page: 0x000002c1d4280000

Metaspace:

Usage:
  Non-class:     15.70 MB capacity,    15.19 MB ( 97%) used,   485.82 KB (  3%) free+waste,    33.44 KB ( <1%) overhead. 
      Class:      1.77 MB capacity,     1.59 MB ( 90%) used,   167.13 KB (  9%) free+waste,    15.56 KB ( <1%) overhead. 
       Both:     17.46 MB capacity,    16.78 MB ( 96%) used,   652.95 KB (  4%) free+waste,    49.00 KB ( <1%) overhead. 

Virtual space:
  Non-class space:       22.00 MB reserved,      15.75 MB ( 72%) committed 
      Class space:        1.00 GB reserved,       1.88 MB ( <1%) committed 
             Both:        1.02 GB reserved,      17.63 MB (  2%) committed 

Chunk freelists:
   Non-Class:  56.00 KB
       Class:  12.00 KB
        Both:  68.00 KB

MaxMetaspaceSize: 17179869184.00 GB
CompressedClassSpaceSize: 1.00 GB
Initial GC threshold: 20.80 MB
Current GC threshold: 20.80 MB
CDS: off

CodeHeap 'non-profiled nmethods': size=120064Kb used=594Kb max_used=594Kb free=119469Kb
 bounds [0x000002c1e66f0000, 0x000002c1e6960000, 0x000002c1edc30000]
CodeHeap 'profiled nmethods': size=120000Kb used=3618Kb max_used=3618Kb free=116382Kb
 bounds [0x000002c1df1c0000, 0x000002c1df550000, 0x000002c1e66f0000]
CodeHeap 'non-nmethods': size=5696Kb used=1169Kb max_used=1182Kb free=4526Kb
 bounds [0x000002c1dec30000, 0x000002c1deea0000, 0x000002c1df1c0000]
 total_blobs=2254 nmethods=1832 adapters=336
 compilation: enabled
              stopped_count=0, restarted_count=0
 full_count=0

Compilation events (20 events):
Event: 4.401 Thread 0x000002c1f05e6000 1754       3       jdk.internal.misc.Unsafe::ensureClassInitialized (18 bytes)
Event: 4.401 Thread 0x000002c1f05e6000 nmethod 1754 0x000002c1df50e210 code [0x000002c1df50e3e0, 0x000002c1df50e5f8]
Event: 4.401 Thread 0x000002c1f05e6000 1753   !   3       jdk.internal.reflect.ReflectionFactory::checkInitted (94 bytes)
Event: 4.403 Thread 0x000002c1f05e6000 nmethod 1753 0x000002c1df50e710 code [0x000002c1df50ea00, 0x000002c1df50f828]
Event: 4.403 Thread 0x000002c1f05e6000 1750       1       java.lang.reflect.Field::getDeclaringClass (5 bytes)
Event: 4.403 Thread 0x000002c1f05e6000 nmethod 1750 0x000002c1e6780210 code [0x000002c1e67803c0, 0x000002c1e6780478]
Event: 4.407 Thread 0x000002c1f05e6000 1755       3       java.lang.invoke.MethodHandles$Lookup::in (168 bytes)
Event: 4.410 Thread 0x000002c1f05e6000 nmethod 1755 0x000002c1df50fc10 code [0x000002c1df50ff80, 0x000002c1df5114c8]
Event: 4.411 Thread 0x000002c1f05e6000 1756       3       jdk.internal.misc.VM::isModuleSystemInited (13 bytes)
Event: 4.411 Thread 0x000002c1f05e6000 nmethod 1756 0x000002c1df511b90 code [0x000002c1df511d40, 0x000002c1df511ed8]
Event: 4.421 Thread 0x000002c1f05e6000 1758       3       java.io.DataInputStream::readShort (40 bytes)
Event: 4.421 Thread 0x000002c1f05e6000 nmethod 1758 0x000002c1df511f90 code [0x000002c1df512180, 0x000002c1df512528]
Event: 4.421 Thread 0x000002c1f05e6000 1759       3       java.io.DataInputStream::readFully (9 bytes)
Event: 4.422 Thread 0x000002c1f05e6000 nmethod 1759 0x000002c1df512690 code [0x000002c1df512840, 0x000002c1df512988]
Event: 4.425 Thread 0x000002c1f05e6000 1760       3       sun.util.locale.LocaleUtils::isUpper (18 bytes)
Event: 4.426 Thread 0x000002c1f05e6000 nmethod 1760 0x000002c1df512a90 code [0x000002c1df512c40, 0x000002c1df512db8]
Event: 4.427 Thread 0x000002c1f05e6000 1761       3       java.util.ImmutableCollections$List12::get (32 bytes)
Event: 4.427 Thread 0x000002c1f05e6000 nmethod 1761 0x000002c1df512e90 code [0x000002c1df513060, 0x000002c1df5132e8]
Event: 4.429 Thread 0x000002c1f05e6000 1762       3       java.lang.ref.SoftReference::<init> (14 bytes)
Event: 4.429 Thread 0x000002c1f05e6000 nmethod 1762 0x000002c1df513390 code [0x000002c1df513560, 0x000002c1df5137b8]

GC Heap History (2 events):
Event: 3.744 GC heap before
{Heap before GC invocations=1 (full 0):
 PSYoungGen      total 29696K, used 25600K [0x00000000eab00000, 0x00000000ecc00000, 0x0000000100000000)
  eden space 25600K, 100% used [0x00000000eab00000,0x00000000ec400000,0x00000000ec400000)
  from space 4096K, 0% used [0x00000000ec800000,0x00000000ec800000,0x00000000ecc00000)
  to   space 4096K, 0% used [0x00000000ec400000,0x00000000ec400000,0x00000000ec800000)
 ParOldGen       total 68608K, used 0K [0x00000000c0000000, 0x00000000c4300000, 0x00000000eab00000)
  object space 68608K, 0% used [0x00000000c0000000,0x00000000c0000000,0x00000000c4300000)
 Metaspace       used 13256K, capacity 13501K, committed 13696K, reserved 1060864K
  class space    used 1216K, capacity 1287K, committed 1408K, reserved 1048576K
}
Event: 3.775 GC heap after
{Heap after GC invocations=1 (full 0):
 PSYoungGen      total 29696K, used 4079K [0x00000000eab00000, 0x00000000ecc00000, 0x0000000100000000)
  eden space 25600K, 0% used [0x00000000eab00000,0x00000000eab00000,0x00000000ec400000)
  from space 4096K, 99% used [0x00000000ec400000,0x00000000ec7fbfa0,0x00000000ec800000)
  to   space 4096K, 0% used [0x00000000ec800000,0x00000000ec800000,0x00000000ecc00000)
 ParOldGen       total 68608K, used 651K [0x00000000c0000000, 0x00000000c4300000, 0x00000000eab00000)
  object space 68608K, 0% used [0x00000000c0000000,0x00000000c00a2db8,0x00000000c4300000)
 Metaspace       used 13256K, capacity 13501K, committed 13696K, reserved 1060864K
  class space    used 1216K, capacity 1287K, committed 1408K, reserved 1048576K
}

Deoptimization events (20 events):
Event: 4.162 Thread 0x000002c1f2073000 Uncommon trap: trap_request=0xffffff4d fr.pc=0x000002c1e675b0d0 relative=0x00000000000011d0
Event: 4.162 Thread 0x000002c1f2073000 Uncommon trap: reason=unstable_if action=reinterpret pc=0x000002c1e675b0d0 method=java.io.WinNTFileSystem.normalize(Ljava/lang/String;II)Ljava/lang/String; @ 100 c2
Event: 4.162 Thread 0x000002c1f2073000 DEOPT PACKING pc=0x000002c1e675b0d0 sp=0x000000de633fa310
Event: 4.162 Thread 0x000002c1f2073000 DEOPT UNPACKING pc=0x000002c1dec7a1af sp=0x000000de633fa250 mode 2
Event: 4.423 Thread 0x000002c1f2073000 Uncommon trap: trap_request=0xffffffde fr.pc=0x000002c1e673ceb4 relative=0x0000000000000514
Event: 4.423 Thread 0x000002c1f2073000 Uncommon trap: reason=class_check action=maybe_recompile pc=0x000002c1e673ceb4 method=java.io.DataInputStream.readInt()I @ 4 c2
Event: 4.423 Thread 0x000002c1f2073000 DEOPT PACKING pc=0x000002c1e673ceb4 sp=0x000000de633fb6a0
Event: 4.423 Thread 0x000002c1f2073000 DEOPT UNPACKING pc=0x000002c1dec7a1af sp=0x000000de633fb660 mode 2
Event: 4.423 Thread 0x000002c1f2073000 Uncommon trap: trap_request=0xffffffde fr.pc=0x000002c1e673ceb4 relative=0x0000000000000514
Event: 4.423 Thread 0x000002c1f2073000 Uncommon trap: reason=class_check action=maybe_recompile pc=0x000002c1e673ceb4 method=java.io.DataInputStream.readInt()I @ 4 c2
Event: 4.423 Thread 0x000002c1f2073000 DEOPT PACKING pc=0x000002c1e673ceb4 sp=0x000000de633fb620
Event: 4.423 Thread 0x000002c1f2073000 DEOPT UNPACKING pc=0x000002c1dec7a1af sp=0x000000de633fb5e0 mode 2
Event: 4.423 Thread 0x000002c1f2073000 Uncommon trap: trap_request=0xffffffde fr.pc=0x000002c1e673ceb4 relative=0x0000000000000514
Event: 4.423 Thread 0x000002c1f2073000 Uncommon trap: reason=class_check action=maybe_recompile pc=0x000002c1e673ceb4 method=java.io.DataInputStream.readInt()I @ 4 c2
Event: 4.423 Thread 0x000002c1f2073000 DEOPT PACKING pc=0x000002c1e673ceb4 sp=0x000000de633fb6a0
Event: 4.423 Thread 0x000002c1f2073000 DEOPT UNPACKING pc=0x000002c1dec7a1af sp=0x000000de633fb660 mode 2
Event: 4.423 Thread 0x000002c1f2073000 Uncommon trap: trap_request=0xffffffde fr.pc=0x000002c1e673ceb4 relative=0x0000000000000514
Event: 4.423 Thread 0x000002c1f2073000 Uncommon trap: reason=class_check action=maybe_recompile pc=0x000002c1e673ceb4 method=java.io.DataInputStream.readInt()I @ 4 c2
Event: 4.423 Thread 0x000002c1f2073000 DEOPT PACKING pc=0x000002c1e673ceb4 sp=0x000000de633fb620
Event: 4.423 Thread 0x000002c1f2073000 DEOPT UNPACKING pc=0x000002c1dec7a1af sp=0x000000de633fb5e0 mode 2

Classes redefined (0 events):
No events

Internal exceptions (20 events):
Event: 1.091 Thread 0x000002c1d650d800 Exception <a 'java/lang/IncompatibleClassChangeError'{0x00000000eb84cc98}: Found class java.lang.Object, but interface was expected> (0x00000000eb84cc98) thrown at [./src/hotspot/share/interpreter/linkResolver.cpp, line 839]
Event: 1.092 Thread 0x000002c1d650d800 Exception <a 'java/lang/NoSuchMethodError'{0x00000000eb84fd58}: 'void java.lang.invoke.DirectMethodHandle$Holder.invokeStaticInit(java.lang.Object, java.lang.Object)'> (0x00000000eb84fd58) thrown at [./src/hotspot/share/interpreter/linkResolver.cpp, line 773]
Event: 1.094 Thread 0x000002c1d650d800 Exception <a 'java/lang/NoSuchMethodError'{0x00000000eb855040}: 'int java.lang.invoke.DirectMethodHandle$Holder.invokeStaticInit(java.lang.Object, java.lang.Object)'> (0x00000000eb855040) thrown at [./src/hotspot/share/interpreter/linkResolver.cpp, line 773]
Event: 1.132 Thread 0x000002c1d650d800 Exception <a 'java/lang/NoSuchMethodError'{0x00000000eb8a29c8}: 'java.lang.Object java.lang.invoke.DirectMethodHandle$Holder.invokeStaticInit(java.lang.Object, int, int, int, int)'> (0x00000000eb8a29c8) thrown at [./src/hotspot/share/interpreter/linkResolver.cpp, line 773]
Event: 2.861 Thread 0x000002c1d650d800 Exception <a 'java/lang/NoSuchMethodError'{0x00000000eb910740}: 'java.lang.Object java.lang.invoke.DirectMethodHandle$Holder.invokeStaticInit(java.lang.Object, java.lang.Object, int, int, int, int)'> (0x00000000eb910740) thrown at [./src/hotspot/share/interpreter/linkResolver.cpp, line 773]
Event: 2.916 Thread 0x000002c1d650d800 Exception <a 'java/lang/NoSuchMethodError'{0x00000000eba14b00}: 'void java.lang.invoke.DirectMethodHandle$Holder.invokeInterface(java.lang.Object, java.lang.Object)'> (0x00000000eba14b00) thrown at [./src/hotspot/share/interpreter/linkResolver.cpp, line 773]
Event: 2.925 Thread 0x000002c1d650d800 Exception <a 'java/lang/NoSuchMethodError'{0x00000000eba341e8}: 'java.lang.Object java.lang.invoke.DirectMethodHandle$Holder.invokeStatic(java.lang.Object, int, java.lang.Object, java.lang.Object)'> (0x00000000eba341e8) thrown at [./src/hotspot/share/interpreter/linkResolver.cpp, line 773]
Event: 2.927 Thread 0x000002c1d650d800 Exception <a 'java/lang/NoSuchMethodError'{0x00000000eba3b5b0}: 'java.lang.Object java.lang.invoke.DirectMethodHandle$Holder.invokeSpecial(java.lang.Object, java.lang.Object, int, java.lang.Object, java.lang.Object)'> (0x00000000eba3b5b0) thrown at [./src/hotspot/share/interpreter/linkResolver.cpp, line 773]
Event: 2.933 Thread 0x000002c1d650d800 Exception <a 'java/lang/NoSuchMethodError'{0x00000000eba61b90}: 'int java.lang.invoke.DirectMethodHandle$Holder.invokeSpecialIFC(java.lang.Object, java.lang.Object, int)'> (0x00000000eba61b90) thrown at [./src/hotspot/share/interpreter/linkResolver.cpp, line 773]
Event: 3.285 Thread 0x000002c1d650d800 Exception <a 'java/lang/NoSuchMethodError'{0x00000000ec05c6d0}: 'java.lang.Object java.lang.invoke.DirectMethodHandle$Holder.invokeStatic(java.lang.Object, int, java.lang.Object)'> (0x00000000ec05c6d0) thrown at [./src/hotspot/share/interpreter/linkResolver.cpp, line 773]
Event: 3.294 Thread 0x000002c1d650d800 Exception <a 'java/lang/NoSuchMethodError'{0x00000000ec0781d0}: 'java.lang.Object java.lang.invoke.Invokers$Holder.linkToTargetMethod(java.lang.Object, java.lang.Object, java.lang.Object, int, java.lang.Object, java.lang.Object)'> (0x00000000ec0781d0) thrown at [./src/hotspot/share/interpreter/linkResolver.cpp, line 773]
Event: 3.733 Thread 0x000002c1d650d800 Exception <a 'java/lang/UnsatisfiedLinkError'{0x00000000ec3850e8}: 'void org.eclipse.equinox.launcher.JNIBridge._update_splash()'> (0x00000000ec3850e8) thrown at [./src/hotspot/share/prims/nativeLookup.cpp, line 528]
Event: 3.744 Thread 0x000002c1f2072800 Implicit null exception at 0x000002c1e671c10b to 0x000002c1e671c1d0
Event: 3.780 Thread 0x000002c1f2073000 Exception <a 'java/lang/NoSuchMethodError'{0x00000000eab115a0}: 'java.lang.Object java.lang.invoke.Invokers$Holder.linkToTargetMethod(java.lang.Object, java.lang.Object, java.lang.Object, int, java.lang.Object)'> (0x00000000eab115a0) thrown at [./src/hotspot/share/interpreter/linkResolver.cpp, line 773]
Event: 3.969 Thread 0x000002c1f2073000 Exception <a 'java/lang/NoSuchMethodError'{0x00000000eae28490}: 'java.lang.Object java.lang.invoke.DirectMethodHandle$Holder.invokeStatic(java.lang.Object, java.lang.Object, java.lang.Object, java.lang.Object, java.lang.Object, java.lang.Object, java.lang.Object, java.lang.Object, java.lang.Object, java.lang.Object, java.lang.Object, java.lang.Object, java.lang.Object, java.lang.Object, java.lang.Object)'> (0x00000000eae28490) thrown at [./src/hotspot/share/interpreter/linkResolver.cpp, line 773]
Event: 3.971 Thread 0x000002c1f2073000 Exception <a 'java/lang/NoSuchMethodError'{0x00000000eae367a0}: 'java.lang.Object java.lang.invoke.DirectMethodHandle$Holder.invokeStatic(java.lang.Object, java.lang.Object, java.lang.Object, java.lang.Object, java.lang.Object, java.lang.Object, java.lang.Object, java.lang.Object, java.lang.Object, java.lang.Object, java.lang.Object, java.lang.Object, java.lang.Object, java.lang.Object, java.lang.Object, java.lang.Object)'> (0x00000000eae367a0) thrown at [./src/hotspot/share/interpreter/linkResolver.cpp, l
Event: 3.975 Thread 0x000002c1f2073000 Exception <a 'java/lang/NoSuchMethodError'{0x00000000eae446b8}: 'java.lang.Object java.lang.invoke.DirectMethodHandle$Holder.invokeSpecial(java.lang.Object, java.lang.Object, int, int, java.lang.Object, java.lang.Object, java.lang.Object)'> (0x00000000eae446b8) thrown at [./src/hotspot/share/interpreter/linkResolver.cpp, line 773]
Event: 3.976 Thread 0x000002c1f2073000 Exception <a 'java/lang/NoSuchMethodError'{0x00000000eae47c48}: 'java.lang.Object java.lang.invoke.DelegatingMethodHandle$Holder.reinvoke_L(java.lang.Object, int, int, java.lang.Object, java.lang.Object, java.lang.Object)'> (0x00000000eae47c48) thrown at [./src/hotspot/share/interpreter/linkResolver.cpp, line 773]
Event: 4.393 Thread 0x000002c1f2073000 Exception <a 'java/lang/OutOfMemoryError'{0x00000000eb3b64b8}> (0x00000000eb3b64b8) thrown at [./src/hotspot/share/prims/jni.cpp, line 636]
Event: 4.394 Thread 0x000002c1f2073000 Exception <a 'java/lang/OutOfMemoryError'{0x00000000eb3b64b8}> (0x00000000eb3b64b8) thrown at [./src/hotspot/share/prims/jvm.cpp, line 1310]

Events (20 events):
Event: 4.428 loading class sun/util/locale/provider/LocaleDataMetaInfo done
Event: 4.428 loading class sun/util/cldr/CLDRBaseLocaleDataMetaInfo done
Event: 4.428 loading class sun/util/locale/ParseStatus
Event: 4.428 loading class sun/util/locale/ParseStatus done
Event: 4.428 loading class sun/util/locale/StringTokenIterator
Event: 4.428 loading class sun/util/locale/StringTokenIterator done
Event: 4.429 loading class sun/util/cldr/CLDRLocaleProviderAdapter$1
Event: 4.429 loading class sun/util/cldr/CLDRLocaleProviderAdapter$1 done
Event: 4.429 loading class java/util/concurrent/CopyOnWriteArrayList$COWIterator
Event: 4.430 loading class java/util/concurrent/CopyOnWriteArrayList$COWIterator done
Event: 4.430 loading class jdk/internal/module/ModulePatcher$PatchedModuleReader
Event: 4.430 loading class jdk/internal/module/ModulePatcher$PatchedModuleReader done
Event: 4.430 Executing VM operation: RevokeBias
Event: 4.430 Executing VM operation: RevokeBias done
Event: 4.431 loading class java/util/ServiceLoader$1
Event: 4.431 loading class java/util/ServiceLoader$1 done
Event: 4.431 loading class java/util/ServiceLoader$ProviderImpl
Event: 4.431 loading class java/util/ServiceLoader$Provider
Event: 4.431 loading class java/util/ServiceLoader$Provider done
Event: 4.431 loading class java/util/ServiceLoader$ProviderImpl done


Dynamic libraries:
0x00007ff734760000 - 0x00007ff73476d000 	C:\Program Files\Eclipse Foundation\jdk-11.0.12.7-hotspot\bin\java.exe
0x00007ffb52810000 - 0x00007ffb52a04000 	C:\WINDOWS\SYSTEM32\ntdll.dll
0x00007ffb51cc0000 - 0x00007ffb51d7d000 	C:\WINDOWS\System32\KERNEL32.DLL
0x00007ffb503a0000 - 0x00007ffb50667000 	C:\WINDOWS\System32\KERNELBASE.dll
0x00007ffb50770000 - 0x00007ffb50870000 	C:\WINDOWS\System32\ucrtbase.dll
0x00007ffb252f0000 - 0x00007ffb25307000 	C:\Program Files\Eclipse Foundation\jdk-11.0.12.7-hotspot\bin\jli.dll
0x00007ffb50a30000 - 0x00007ffb50bd0000 	C:\WINDOWS\System32\USER32.dll
0x00007ffb50160000 - 0x00007ffb50182000 	C:\WINDOWS\System32\win32u.dll
0x00007ffb517c0000 - 0x00007ffb517ea000 	C:\WINDOWS\System32\GDI32.dll
0x00007ffb3f150000 - 0x00007ffb3f3ea000 	C:\WINDOWS\WinSxS\amd64_microsoft.windows.common-controls_6595b64144ccf1df_6.0.19041.1_none_b555e41d4684ddec\COMCTL32.dll
0x00007ffb501e0000 - 0x00007ffb502ea000 	C:\WINDOWS\System32\gdi32full.dll
0x00007ffb50d30000 - 0x00007ffb50dce000 	C:\WINDOWS\System32\msvcrt.dll
0x00007ffb50670000 - 0x00007ffb5070d000 	C:\WINDOWS\System32\msvcp_win.dll
0x00007ffb23410000 - 0x00007ffb23425000 	C:\Program Files\Eclipse Foundation\jdk-11.0.12.7-hotspot\bin\VCRUNTIME140.dll
0x00007ffb51ae0000 - 0x00007ffb51b10000 	C:\WINDOWS\System32\IMM32.DLL
0x00007ffb09a60000 - 0x00007ffb09afb000 	C:\Program Files\Eclipse Foundation\jdk-11.0.12.7-hotspot\bin\msvcp140.dll
0x00007ffafdcd0000 - 0x00007ffafe829000 	C:\Program Files\Eclipse Foundation\jdk-11.0.12.7-hotspot\bin\server\jvm.dll
0x00007ffb51860000 - 0x00007ffb5190a000 	C:\WINDOWS\System32\ADVAPI32.dll
0x00007ffb51e10000 - 0x00007ffb51eab000 	C:\WINDOWS\System32\sechost.dll
0x00007ffb51b10000 - 0x00007ffb51c33000 	C:\WINDOWS\System32\RPCRT4.dll
0x00007ffb51eb0000 - 0x00007ffb51eb8000 	C:\WINDOWS\System32\PSAPI.DLL
0x00007ffb48c50000 - 0x00007ffb48c59000 	C:\WINDOWS\SYSTEM32\WSOCK32.dll
0x00007ffb517f0000 - 0x00007ffb5185b000 	C:\WINDOWS\System32\WS2_32.dll
0x00007ffb40d60000 - 0x00007ffb40d87000 	C:\WINDOWS\SYSTEM32\WINMM.dll
0x00007ffb47770000 - 0x00007ffb4777a000 	C:\WINDOWS\SYSTEM32\VERSION.dll
0x00007ffb4e850000 - 0x00007ffb4e863000 	C:\WINDOWS\SYSTEM32\kernel.appcore.dll
0x00007ffb40de0000 - 0x00007ffb40df0000 	C:\Program Files\Eclipse Foundation\jdk-11.0.12.7-hotspot\bin\verify.dll
0x00007ffb4e580000 - 0x00007ffb4e764000 	C:\WINDOWS\SYSTEM32\DBGHELP.DLL
0x00007ffb490f0000 - 0x00007ffb4911c000 	C:\WINDOWS\SYSTEM32\dbgcore.DLL
0x00007ffb500e0000 - 0x00007ffb5015f000 	C:\WINDOWS\System32\bcryptPrimitives.dll
0x00007ffb1b8f0000 - 0x00007ffb1b918000 	C:\Program Files\Eclipse Foundation\jdk-11.0.12.7-hotspot\bin\java.dll
0x00007ffb3f3f0000 - 0x00007ffb3f3fa000 	C:\Program Files\Eclipse Foundation\jdk-11.0.12.7-hotspot\bin\jimage.dll
0x00007ffb1eb60000 - 0x00007ffb1eb77000 	C:\Program Files\Eclipse Foundation\jdk-11.0.12.7-hotspot\bin\zip.dll
0x00007ffb51ec0000 - 0x00007ffb525f1000 	C:\WINDOWS\System32\SHELL32.dll
0x00007ffb4dd30000 - 0x00007ffb4e4ba000 	C:\WINDOWS\SYSTEM32\windows.storage.dll
0x00007ffb51450000 - 0x00007ffb517a4000 	C:\WINDOWS\System32\combase.dll
0x00007ffb4f9d0000 - 0x00007ffb4f9fb000 	C:\WINDOWS\SYSTEM32\Wldp.dll
0x00007ffb52600000 - 0x00007ffb526ae000 	C:\WINDOWS\System32\SHCORE.dll
0x00007ffb51970000 - 0x00007ffb519c5000 	C:\WINDOWS\System32\shlwapi.dll
0x00007ffb4fe90000 - 0x00007ffb4feaf000 	C:\WINDOWS\SYSTEM32\profapi.dll
0x00007ffb218f0000 - 0x00007ffb21909000 	C:\Program Files\Eclipse Foundation\jdk-11.0.12.7-hotspot\bin\net.dll
0x00007ffb3fe80000 - 0x00007ffb3ff82000 	C:\WINDOWS\SYSTEM32\WINHTTP.dll
0x00007ffb4f750000 - 0x00007ffb4f7ba000 	C:\WINDOWS\system32\mswsock.dll
0x00007ffb218d0000 - 0x00007ffb218e2000 	C:\Program Files\Eclipse Foundation\jdk-11.0.12.7-hotspot\bin\nio.dll
0x00007ffb4f920000 - 0x00007ffb4f938000 	C:\WINDOWS\SYSTEM32\CRYPTSP.dll
0x00007ffb4f070000 - 0x00007ffb4f0a4000 	C:\WINDOWS\system32\rsaenh.dll
0x00007ffb500b0000 - 0x00007ffb500d7000 	C:\WINDOWS\System32\bcrypt.dll
0x00007ffb4fe10000 - 0x00007ffb4fe3e000 	C:\WINDOWS\SYSTEM32\USERENV.dll
0x00007ffb4f940000 - 0x00007ffb4f94c000 	C:\WINDOWS\SYSTEM32\CRYPTBASE.dll
0x00007ffb4f3f0000 - 0x00007ffb4f42b000 	C:\WINDOWS\SYSTEM32\IPHLPAPI.DLL
0x00007ffb50bd0000 - 0x00007ffb50bd9000 	C:\WINDOWS\System32\NSI.dll
0x00007ffb41e00000 - 0x00007ffb41e17000 	C:\WINDOWS\SYSTEM32\dhcpcsvc6.DLL
0x00007ffb421d0000 - 0x00007ffb421ed000 	C:\WINDOWS\SYSTEM32\dhcpcsvc.DLL
0x00007ffb4f440000 - 0x00007ffb4f50a000 	C:\WINDOWS\SYSTEM32\DNSAPI.dll
0x00007ffb15d30000 - 0x00007ffb15d6e000 	C:\Users\User\AppData\Roaming\Code\User\globalStorage\redhat.java\0.82.0\config_win\org.eclipse.equinox.launcher\org.eclipse.equinox.launcher.win32.win32.x86_64_1.2.300.v20210828-0802\eclipse_11506.dll
0x00007ffb50c00000 - 0x00007ffb50d2b000 	C:\WINDOWS\System32\ole32.dll

dbghelp: loaded successfully - version: 4.0.5 - missing functions: none
symbol engine: initialized successfully - sym options: 0x614 - pdb path: .;C:\Program Files\Eclipse Foundation\jdk-11.0.12.7-hotspot\bin;C:\WINDOWS\SYSTEM32;C:\WINDOWS\WinSxS\amd64_microsoft.windows.common-controls_6595b64144ccf1df_6.0.19041.1_none_b555e41d4684ddec;C:\Program Files\Eclipse Foundation\jdk-11.0.12.7-hotspot\bin\server;C:\Users\User\AppData\Roaming\Code\User\globalStorage\redhat.java\0.82.0\config_win\org.eclipse.equinox.launcher\org.eclipse.equinox.launcher.win32.win32.x86_64_1.2.300.v20210828-0802

VM Arguments:
jvm_args: --add-modules=ALL-SYSTEM --add-opens=java.base/java.util=ALL-UNNAMED --add-opens=java.base/java.lang=ALL-UNNAMED -Declipse.application=org.eclipse.jdt.ls.core.id1 -Dosgi.bundles.defaultStartLevel=4 -Declipse.product=org.eclipse.jdt.ls.core.product -Dfile.encoding=utf8 -DwatchParentProcess=false -XX:+UseParallelGC -XX:GCTimeRatio=4 -XX:AdaptiveSizePolicyWeight=90 -Dsun.zip.disableMemoryMapping=true -Xmx1G -Xms100m -Xverify:none 
java_command: c:\Users\User\.vscode\extensions\redhat.java-0.82.0\server\plugins\org.eclipse.equinox.launcher_1.6.300.v20210813-1054.jar -configuration c:\Users\User\AppData\Roaming\Code\User\globalStorage\redhat.java\0.82.0\config_win -data c:\Users\User\AppData\Roaming\Code\User\workspaceStorage\c3096344b3a4e59383c1365647bf3051\redhat.java\jdt_ws
java_class_path (initial): c:\Users\User\.vscode\extensions\redhat.java-0.82.0\server\plugins\org.eclipse.equinox.launcher_1.6.300.v20210813-1054.jar
Launcher Type: SUN_STANDARD

[Global flags]
    uintx AdaptiveSizePolicyWeight                 = 90                                        {product} {command line}
     bool BytecodeVerificationLocal                = false                                     {product} {command line}
     bool BytecodeVerificationRemote               = false                                     {product} {command line}
     intx CICompilerCount                          = 3                                         {product} {ergonomic}
    uintx GCTimeRatio                              = 4                                         {product} {command line}
   size_t InitialHeapSize                          = 104857600                                 {product} {command line}
   size_t MaxHeapSize                              = 1073741824                                {product} {command line}
   size_t MaxNewSize                               = 357564416                                 {product} {ergonomic}
   size_t MinHeapDeltaBytes                        = 524288                                    {product} {ergonomic}
   size_t NewSize                                  = 34603008                                  {product} {ergonomic}
    uintx NonNMethodCodeHeapSize                   = 5830732                                {pd product} {ergonomic}
    uintx NonProfiledCodeHeapSize                  = 122913754                              {pd product} {ergonomic}
   size_t OldSize                                  = 70254592                                  {product} {ergonomic}
    uintx ProfiledCodeHeapSize                     = 122913754                              {pd product} {ergonomic}
    uintx ReservedCodeCacheSize                    = 251658240                              {pd product} {ergonomic}
     bool SegmentedCodeCache                       = true                                      {product} {ergonomic}
     bool UseCompressedClassPointers               = true                                 {lp64_product} {ergonomic}
     bool UseCompressedOops                        = true                                 {lp64_product} {ergonomic}
     bool UseLargePagesIndividualAllocation        = false                                  {pd product} {ergonomic}
     bool UseParallelGC                            = true                                      {product} {command line}

Logging:
Log output configuration:
 #0: stdout all=warning uptime,level,tags
 #1: stderr all=off uptime,level,tags

Environment Variables:
JAVA_HOME=C:\Program Files\Eclipse Foundation\jdk-11.0.12.7-hotspot
PATH=C:\Program Files\Eclipse Foundation\jdk-11.0.12.7-hotspot\bin;C:\ProgramData\Oracle\Java\javapath;C:\Program Files\Rockwell Software\RSCommon;C:\Program Files\ImageMagick-7.0.10-Q16-HDRI;C:\Program Files (x86)\Intel\TXE Components\TCS\;C:\Program Files\Intel\TXE Components\TCS\;C:\Windows\system32;C:\Windows;C:\Windows\System32\Wbem;C:\Windows\System32\WindowsPowerShell\v1.0\;C:\Program Files (x86)\NVIDIA Corporation\PhysX\Common;C:\Program Files\Microsoft SQL Server\130\Tools\Binn\;C:\Program Files\dotnet\;C:\Program Files\MiKTeX 2.9\miktex\bin\x64\;C:\WINDOWS\system32;C:\WINDOWS;C:\WINDOWS\System32\Wbem;C:\WINDOWS\System32\WindowsPowerShell\v1.0\;C:\WINDOWS\System32\OpenSSH\;C:\Program Files\MATLAB\R2018a\runtime\win64;C:\Program Files\MATLAB\R2018a\bin;C:\Program Files\nodejs\;C:\ProgramData\chocolatey\bin;C:\Program Files\Microsoft SQL Server\Client SDK\ODBC\130\Tools\Binn\;C:\Program Files (x86)\Microsoft SQL Server\140\Tools\Binn\;C:\Program Files\Microsoft SQL Server\140\Tools\Binn\;C:\Program Files\Microsoft SQL Server\140\DTS\Binn\;C:\Program Files (x86)\Microsoft SQL Server\150\DTS\Binn\;C:\Program Files\Git\cmd;C:\apache-maven-3.8.3\bin;C:\Program Files\Eclipse Foundation\jdk-11.0.12.7-hotspot\bin;C:\Program Files\MySQL\MySQL Shell 8.0\bin\;C:\Users\User\AppData\Local\Microsoft\WindowsApps;C:\Users\User\AppData\Local\atom\bin;C:\Users\User\AppData\Roaming\npm;C:\Users\User\AppData\Local\Microsoft\WindowsApps;C:\Users\User\AppData\Local\Programs\Microsoft VS Code\bin;C:\Program Files\Python36;C:\Program Files\Python36\Scripts;
USERNAME=User
OS=Windows_NT
PROCESSOR_IDENTIFIER=Intel64 Family 6 Model 142 Stepping 9, GenuineIntel



---------------  S Y S T E M  ---------------

OS: Windows 10 , 64 bit Build 19041 (10.0.19041.1)
OS uptime: 7 days 1:22 hours

CPU:total 4 (initial active 4) (2 cores per cpu, 2 threads per core) family 6 model 142 stepping 9 microcode 0xb4, cmov, cx8, fxsr, mmx, sse, sse2, sse3, ssse3, sse4.1, sse4.2, popcnt, avx, avx2, aes, clmul, erms, 3dnowpref, lzcnt, ht, tsc, tscinvbit, bmi1, bmi2, adx, fma

Memory: 4k page, system-wide physical 8073M (1470M free)
TotalPageFile size 8073M (AvailPageFile size 2M)
current process WorkingSet (physical memory assigned to process): 87M, peak: 87M
current process commit charge ("private bytes"): 200M, peak: 200M

vm_info: OpenJDK 64-Bit Server VM (11.0.12+7) for windows-amd64 JRE (11.0.12+7), built on Jul 21 2021 16:23:49 by "" with unknown MS VC++:1916

END.
